822, 40960, 0, 0, 0
922, 266240, 0, 0, 0
922, 102400, 1, 0, 0
1022, 266240, 0, 0, 0
1022, 61440, 1, 0, 0
1122, 266240, 0, 0, 0
1122, 102400, 1, 0, 0
1222, 266240, 0, 0, 0
1222, 81920, 1, 0, 0
1322, 20480, 0, 0, 0
1423, 122880, 0, 0, 0
1423, 71680, 1, 0, 0
1523, 184320, 0, 0, 0
1523, 40960, 1, 0, 0
1722, 20480, 0, 0, 0
1822, 20480, 0, 0, 0
1822, 10240, 1, 0, 0
2022, 61440, 0, 0, 0
2422, 20480, 0, 0, 0
2422, 10240, 1, 0, 0
2522, 20480, 0, 0, 0
2722, 20480, 0, 0, 0
2822, 20480, 0, 0, 0
2822, 10240, 1, 0, 0
3022, 20480, 0, 0, 0
3122, 61440, 0, 0, 0
3222, 20480, 0, 0, 0
3322, 40960, 0, 0, 0
3422, 61440, 0, 0, 0
3522, 81920, 0, 0, 0
3522, 10240, 1, 0, 0
3622, 41373, 0, 0, 0
3722, 20480, 0, 0, 0
3922, 20480, 0, 0, 0
3922, 10240, 1, 0, 0
4122, 20480, 0, 0, 0
4222, 61440, 0, 0, 0
4322, 20480, 0, 0, 0
4322, 10240, 1, 0, 0
4522, 20480, 0, 0, 0
4622, 20480, 0, 0, 0
4622, 20480, 1, 0, 0
4823, 20480, 0, 0, 0
4923, 20480, 0, 0, 0
4923, 20480, 1, 0, 0
5122, 62060, 0, 0, 0
5122, 31030, 1, 0, 0
5222, 40960, 0, 0, 0
5322, 20480, 0, 0, 0
5422, 20480, 0, 0, 0
6122, 20686, 0, 0, 0
6322, 20480, 0, 0, 0
6322, 20480, 1, 0, 0
6422, 20480, 0, 0, 0
6722, 20480, 0, 0, 0
6722, 10240, 1, 0, 0
6822, 40960, 0, 0, 0
6822, 10240, 1, 0, 0
6922, 20480, 0, 0, 0
7222, 40960, 0, 0, 0
7222, 40960, 1, 0, 0
7322, 20480, 0, 0, 0
7922, 20480, 0, 0, 0
8022, 61440, 0, 0, 0
8022, 10240, 1, 0, 0
8122, 20686, 0, 0, 0
8222, 40960, 0, 0, 0
8222, 30720, 1, 0, 0
8322, 20480, 0, 0, 0
8322, 20480, 1, 0, 0
8722, 40960, 0, 0, 0
8722, 10240, 1, 0, 0
8822, 20480, 0, 0, 0
8822, 30720, 1, 0, 0
8923, 40960, 0, 0, 0
8923, 20480, 1, 0, 0
9023, 20480, 0, 0, 0
9023, 10240, 1, 0, 0
9122, 62060, 0, 0, 0
9422, 40960, 0, 0, 0
9422, 20480, 1, 0, 0
9522, 20480, 0, 0, 0
9722, 143360, 0, 0, 0
9722, 92160, 1, 0, 0
9822, 163840, 0, 0, 0
9822, 20480, 1, 0, 0
9922, 40960, 0, 0, 0
10022, 20480, 0, 0, 0
10222, 20480, 0, 0, 0
10222, 20480, 1, 0, 0
10422, 20480, 0, 0, 0
10422, 10240, 1, 0, 0
10522, 20480, 0, 0, 0
11222, 20480, 0, 0, 0
11222, 10240, 1, 0, 0
11322, 61440, 0, 0, 0
11322, 10240, 1, 0, 0
11422, 20480, 0, 0, 0
11422, 30720, 1, 0, 0
11522, 40960, 0, 0, 0
11622, 20480, 0, 0, 0
11922, 143360, 0, 0, 0
11922, 20480, 1, 0, 0
12022, 266240, 0, 0, 0
12022, 102400, 1, 0, 0
12122, 245760, 0, 0, 0
12122, 51200, 1, 0, 0
12222, 204800, 0, 0, 0
12222, 10240, 1, 0, 0
12323, 61440, 0, 0, 0
12423, 40960, 0, 0, 0
12423, 10240, 1, 0, 0
12622, 62060, 0, 0, 0
12622, 10343, 1, 0, 0
12722, 61440, 0, 0, 0
12722, 20480, 1, 0, 0
12822, 20480, 0, 0, 0
12822, 20480, 1, 0, 0
12922, 81920, 0, 0, 0
12922, 10240, 1, 0, 0
13022, 40960, 0, 0, 0
13022, 30720, 1, 0, 0
13222, 20480, 0, 0, 0
13422, 20480, 0, 0, 0
13422, 20480, 1, 0, 0
13523, 40960, 0, 0, 0
13523, 30720, 1, 0, 0
13622, 41373, 0, 0, 0
13622, 20686, 1, 0, 0
13722, 133120, 0, 0, 0
13722, 40960, 1, 0, 0
13822, 256000, 0, 0, 0
13822, 92160, 1, 0, 0
13922, 266240, 0, 0, 0
13922, 40960, 1, 0, 0
14022, 266240, 0, 0, 0
14022, 102400, 1, 0, 0
14122, 245760, 0, 0, 0
14122, 61440, 1, 0, 0
14222, 266240, 0, 0, 0
14222, 112640, 1, 0, 0
14322, 266240, 0, 0, 0
14322, 71680, 1, 0, 0
14422, 266240, 0, 0, 0
14422, 122880, 1, 0, 0
14522, 245760, 0, 0, 0
14522, 40960, 1, 0, 0
14622, 268929, 0, 0, 0
14622, 72404, 1, 0, 0
14722, 204800, 0, 0, 0
14722, 10240, 1, 0, 0
14822, 81920, 0, 0, 0
14822, 51200, 1, 0, 0
15022, 20480, 0, 0, 0
15322, 20480, 0, 0, 0
16522, 20480, 0, 0, 0
16622, 61440, 0, 0, 0
16622, 10240, 1, 0, 0
16922, 20480, 0, 0, 0
17023, 40960, 0, 0, 0
17023, 10240, 1, 0, 0
17122, 41373, 0, 0, 0
17122, 31030, 1, 0, 0
17222, 225280, 0, 0, 0
17222, 30720, 1, 0, 0
17322, 102400, 0, 0, 0
17322, 20480, 1, 0, 0
17722, 20480, 0, 0, 0
17722, 20480, 1, 0, 0
17922, 102400, 0, 0, 0
17922, 10240, 1, 0, 0
18122, 102400, 0, 0, 0
18122, 20480, 1, 0, 0
18223, 163840, 0, 0, 0
18223, 71680, 1, 0, 0
18323, 266240, 0, 0, 0
18323, 61440, 1, 0, 0
18423, 122880, 0, 0, 0
18423, 30720, 1, 0, 0
18622, 62060, 0, 0, 0
18622, 20686, 1, 0, 0
18722, 61440, 0, 0, 0
18722, 30720, 1, 0, 0
18822, 20480, 0, 0, 0
19022, 40960, 0, 0, 0
19122, 20480, 0, 0, 0
19222, 40960, 0, 0, 0
19222, 20480, 1, 0, 0
19322, 20480, 0, 0, 0
19423, 40960, 0, 0, 0
19523, 20480, 0, 0, 0
20022, 40960, 0, 0, 0
20022, 10240, 1, 0, 0
20122, 20480, 0, 0, 0
20423, 40960, 0, 0, 0
20423, 10240, 1, 0, 0
20523, 20480, 0, 0, 0
21523, 40960, 0, 0, 0
21523, 10240, 1, 0, 0
21622, 20686, 0, 0, 0
22022, 81920, 0, 0, 0
22022, 30720, 1, 0, 0
22222, 20480, 0, 0, 0
22222, 10240, 1, 0, 0
22422, 61440, 0, 0, 0
22522, 20480, 0, 0, 0
22522, 10240, 1, 0, 0
22722, 20480, 0, 0, 0
22922, 20480, 0, 0, 0
23022, 61440, 0, 0, 0
23022, 20480, 1, 0, 0
23622, 40960, 0, 0, 0
23723, 20480, 0, 0, 0
23823, 40960, 0, 0, 0
23823, 10240, 1, 0, 0
23923, 81920, 0, 0, 0
23923, 30720, 1, 0, 0
24023, 266240, 0, 0, 0
24023, 30720, 1, 0, 0
24122, 258585, 0, 0, 0
24122, 41373, 1, 0, 0
24222, 10240, 0, 0, 0
25822, 20480, 0, 0, 0
25822, 10240, 1, 0, 0
25923, 40960, 0, 0, 0
25923, 10240, 1, 0, 0
26122, 10343, 0, 0, 0
26122, 10343, 1, 0, 0
26422, 10240, 0, 0, 0
26522, 61440, 0, 0, 0
26522, 10240, 1, 0, 0
26622, 20480, 0, 0, 0
27023, 61440, 0, 0, 0
27122, 20686, 0, 0, 0
27222, 40960, 0, 0, 0
27322, 61440, 0, 0, 0
27322, 20480, 1, 0, 0
27522, 20480, 0, 0, 0
27722, 20480, 0, 0, 0
27922, 20480, 0, 0, 0
28022, 30720, 0, 0, 0
28122, 30720, 0, 0, 0
28122, 10240, 1, 0, 0
28223, 20480, 0, 0, 0
28223, 51200, 1, 0, 0
28323, 40960, 0, 0, 0
28323, 10240, 1, 0, 0
29022, 40960, 0, 0, 0
29122, 2846720, 0, 0, 0
29122, 624640, 1, 0, 0
29222, 245760, 0, 0, 0
29222, 81920, 1, 0, 0
32322, 10240, 0, 0, 0
34622, 10240, 0, 0, 0
34622, 10240, 1, 0, 0
35922, 10240, 0, 0, 0
36422, 30720, 0, 0, 0
36422, 30720, 1, 0, 0
36822, 20480, 0, 0, 0
36922, 20480, 0, 0, 0
36922, 10240, 1, 0, 0
37422, 40960, 0, 0, 0
37422, 20480, 1, 0, 0
37522, 40960, 0, 0, 0
37622, 40960, 0, 0, 0
37622, 30720, 1, 0, 0
37722, 61440, 0, 0, 0
37922, 61440, 0, 0, 0
38022, 20480, 0, 0, 0
38022, 10240, 1, 0, 0
38122, 40960, 0, 0, 0
38222, 61440, 0, 0, 0
38423, 61440, 0, 0, 0
38423, 40960, 1, 0, 0
38622, 62060, 0, 0, 0
38622, 10343, 1, 0, 0
38822, 20480, 0, 0, 0
39122, 20480, 0, 0, 0
39122, 10240, 1, 0, 0
39222, 61440, 0, 0, 0
39222, 51200, 1, 0, 0
39322, 40960, 0, 0, 0
39322, 20480, 1, 0, 0
39523, 20480, 0, 0, 0
39622, 82747, 0, 0, 0
39622, 10343, 1, 0, 0
39722, 40960, 0, 0, 0
39722, 20480, 1, 0, 0
39922, 20480, 0, 0, 0
39922, 10240, 1, 0, 0
40122, 20480, 0, 0, 0
40122, 10240, 1, 0, 0
40222, 20480, 0, 0, 0
40222, 10240, 1, 0, 0
40322, 20480, 0, 0, 0
40523, 20480, 0, 0, 0
40523, 10240, 1, 0, 0
40622, 62060, 0, 0, 0
40722, 20480, 0, 0, 0
40822, 40960, 0, 0, 0
40922, 20480, 0, 0, 0
41022, 81920, 0, 0, 0
41022, 40960, 1, 0, 0
41622, 20686, 0, 0, 0
41722, 61440, 0, 0, 0
41722, 20480, 1, 0, 0
41822, 143360, 0, 0, 0
41822, 51200, 1, 0, 0
41922, 286720, 0, 0, 0
41922, 71680, 1, 0, 0
42022, 245760, 0, 0, 0
42022, 51200, 1, 0, 0
42122, 20480, 0, 0, 0
42222, 81920, 0, 0, 0
42322, 81920, 0, 0, 0
42322, 30720, 1, 0, 0
42422, 204800, 0, 0, 0
42422, 51200, 1, 0, 0
42522, 20480, 0, 0, 0
42622, 20686, 0, 0, 0
42622, 10343, 1, 0, 0
42722, 20480, 0, 0, 0
42822, 40960, 0, 0, 0
42822, 10240, 1, 0, 0
42922, 20480, 0, 0, 0
43122, 20480, 0, 0, 0
44222, 20480, 0, 0, 0
45822, 40960, 0, 0, 0
46023, 20480, 0, 0, 0
46023, 20480, 1, 0, 0
46122, 82747, 0, 0, 0
46122, 20686, 1, 0, 0
46322, 20480, 0, 0, 0
46422, 40960, 0, 0, 0
46422, 10240, 1, 0, 0
46522, 81920, 0, 0, 0
46522, 51200, 1, 0, 0
46622, 20480, 0, 0, 0
46722, 20480, 0, 0, 0
46722, 20480, 1, 0, 0
46923, 20480, 0, 0, 0
46923, 20480, 1, 0, 0
47023, 61440, 0, 0, 0
47023, 20480, 1, 0, 0
47222, 20480, 0, 0, 0
47222, 10240, 1, 0, 0
47522, 102400, 0, 0, 0
47522, 10240, 1, 0, 0
47622, 225280, 0, 0, 0
47622, 30720, 1, 0, 0
47722, 266240, 0, 0, 0
47722, 30720, 1, 0, 0
47822, 122880, 0, 0, 0
47822, 20480, 1, 0, 0
47922, 102400, 0, 0, 0
47922, 10240, 1, 0, 0
48022, 40960, 0, 0, 0
48022, 10240, 1, 0, 0
48122, 41373, 0, 0, 0
48222, 81920, 0, 0, 0
48222, 30720, 1, 0, 0
48322, 245760, 0, 0, 0
48322, 102400, 1, 0, 0
48422, 40960, 0, 0, 0
48422, 10240, 1, 0, 0
48622, 20480, 0, 0, 0
48622, 10240, 1, 0, 0
48822, 20480, 0, 0, 0
48922, 20480, 0, 0, 0
49122, 40960, 0, 0, 0
49223, 20480, 0, 0, 0
49323, 61440, 0, 0, 0
49323, 30720, 1, 0, 0
49423, 20480, 0, 0, 0
49423, 20480, 1, 0, 0
49622, 20686, 0, 0, 0
49622, 20686, 1, 0, 0
49722, 20480, 0, 0, 0
49722, 20480, 1, 0, 0
49822, 40960, 0, 0, 0
49822, 10240, 1, 0, 0
49922, 20480, 0, 0, 0
49922, 20480, 1, 0, 0
50122, 20480, 0, 0, 0
50222, 20480, 0, 0, 0
50222, 10240, 1, 0, 0
50423, 20480, 0, 0, 0
50523, 61440, 0, 0, 0
50523, 10240, 1, 0, 0
50722, 20480, 0, 0, 0
50922, 20480, 0, 0, 0
51022, 20480, 0, 0, 0
52222, 20480, 0, 0, 0
52322, 40960, 0, 0, 0
52422, 40960, 0, 0, 0
52422, 10240, 1, 0, 0
52522, 20480, 0, 0, 0
52522, 10240, 1, 0, 0
52722, 40960, 0, 0, 0
52822, 40960, 0, 0, 0
52922, 20480, 0, 0, 0
53122, 10240, 0, 0, 0
53122, 20480, 1, 0, 0
53222, 30720, 0, 0, 0
53222, 10240, 1, 0, 0
53322, 20480, 0, 0, 0
53422, 61440, 0, 0, 0
53422, 10240, 1, 0, 0
53522, 40960, 0, 0, 0
53522, 10240, 1, 0, 0
53722, 20480, 0, 0, 0
53722, 10240, 1, 0, 0
53823, 20480, 0, 0, 0
53823, 30720, 1, 0, 0
53923, 20480, 0, 0, 0
54023, 61440, 0, 0, 0
54023, 10240, 1, 0, 0
54122, 62060, 0, 0, 0
54122, 20686, 1, 0, 0
54322, 20480, 0, 0, 0
54322, 10240, 1, 0, 0
54422, 20480, 0, 0, 0
54522, 20480, 0, 0, 0
54722, 20480, 0, 0, 0
54923, 20480, 0, 0, 0
54923, 10240, 1, 0, 0
55023, 20480, 0, 0, 0
55122, 41373, 0, 0, 0
55122, 10343, 1, 0, 0
55222, 61440, 0, 0, 0
55222, 10240, 1, 0, 0
55322, 20480, 0, 0, 0
55522, 20480, 0, 0, 0
55622, 40960, 0, 0, 0
55722, 61440, 0, 0, 0
55722, 10240, 1, 0, 0
55822, 266240, 0, 0, 0
55822, 61440, 1, 0, 0
55922, 204800, 0, 0, 0
55922, 81920, 1, 0, 0
56023, 102400, 0, 0, 0
56122, 82747, 0, 0, 0
56122, 20686, 1, 0, 0
56222, 163840, 0, 0, 0
56222, 61440, 1, 0, 0
56322, 81920, 0, 0, 0
56322, 30720, 1, 0, 0
56422, 20480, 0, 0, 0
57523, 20480, 0, 0, 0
57722, 20480, 0, 0, 0
58122, 40960, 0, 0, 0
58423, 40960, 0, 0, 0
58622, 20686, 0, 0, 0
58722, 20480, 0, 0, 0
58722, 10240, 1, 0, 0
58822, 20480, 0, 0, 0
58822, 10240, 1, 0, 0
59022, 20480, 0, 0, 0
59122, 40960, 0, 0, 0
59122, 20480, 1, 0, 0
59222, 61440, 0, 0, 0
59722, 10240, 0, 0, 0
59722, 10240, 1, 0, 0
59822, 71680, 0, 0, 0
59822, 20480, 1, 0, 0
59922, 225280, 0, 0, 0
59922, 51200, 1, 0, 0
60022, 61440, 0, 0, 0
60022, 20480, 1, 0, 0
60222, 20480, 0, 0, 0
60322, 40960, 0, 0, 0
60322, 10240, 1, 0, 0
60422, 102400, 0, 0, 0
60422, 30720, 1, 0, 0
60522, 40960, 0, 0, 0
60622, 20686, 0, 0, 0
60622, 10343, 1, 0, 0
61522, 20480, 0, 0, 0
61823, 20480, 0, 0, 0
61923, 20480, 0, 0, 0
61923, 10240, 1, 0, 0
63023, 40960, 0, 0, 0
63023, 20480, 1, 0, 0
63122, 20686, 0, 0, 0
63322, 81920, 0, 0, 0
63322, 40960, 1, 0, 0
63422, 61440, 0, 0, 0
63422, 10240, 1, 0, 0
63522, 266240, 0, 0, 0
63522, 51200, 1, 0, 0
63623, 184320, 0, 0, 0
63623, 92160, 1, 0, 0
63723, 40960, 0, 0, 0
63723, 20480, 1, 0, 0
64023, 20480, 0, 0, 0
64023, 30720, 1, 0, 0
64222, 20480, 0, 0, 0
64222, 10240, 1, 0, 0
64322, 61440, 0, 0, 0
64322, 30720, 1, 0, 0
64422, 81920, 0, 0, 0
64422, 10240, 1, 0, 0
64622, 20480, 0, 0, 0
65023, 20480, 0, 0, 0
65222, 40960, 0, 0, 0
65222, 10240, 1, 0, 0
65322, 20480, 0, 0, 0
65322, 20480, 1, 0, 0
65422, 40960, 0, 0, 0
67722, 20480, 0, 0, 0
67822, 20480, 0, 0, 0
68022, 20480, 0, 0, 0
68322, 61440, 0, 0, 0
68522, 20480, 0, 0, 0
68722, 20480, 0, 0, 0
68722, 30720, 1, 0, 0
68822, 40960, 0, 0, 0
68822, 10240, 1, 0, 0
68922, 61440, 0, 0, 0
69022, 40960, 0, 0, 0
69122, 81920, 0, 0, 0
69122, 30720, 1, 0, 0
69322, 20480, 0, 0, 0
69522, 20480, 0, 0, 0
69522, 20480, 1, 0, 0
69622, 20480, 0, 0, 0
69723, 20480, 0, 0, 0
69723, 10240, 1, 0, 0
69823, 40960, 0, 0, 0
69823, 30720, 1, 0, 0
69923, 20480, 0, 0, 0
70023, 20480, 0, 0, 0
70122, 62060, 0, 0, 0
70122, 20686, 1, 0, 0
70222, 20480, 0, 0, 0
70422, 20480, 0, 0, 0
70522, 81920, 0, 0, 0
70522, 30720, 1, 0, 0
70722, 20480, 0, 0, 0
70722, 10240, 1, 0, 0
70823, 20480, 0, 0, 0
71023, 40960, 0, 0, 0
71222, 40960, 0, 0, 0
72322, 61440, 0, 0, 0
72322, 10240, 1, 0, 0
72422, 102400, 0, 0, 0
72422, 30720, 1, 0, 0
72523, 20480, 0, 0, 0
72523, 10240, 1, 0, 0
72622, 62060, 0, 0, 0
72722, 20480, 0, 0, 0
72822, 40960, 0, 0, 0
72822, 10240, 1, 0, 0
72922, 20480, 0, 0, 0
72922, 10240, 1, 0, 0
73222, 40960, 0, 0, 0
73422, 20480, 0, 0, 0
73522, 81920, 0, 0, 0
73522, 92160, 1, 0, 0
73622, 20480, 0, 0, 0
73822, 102400, 0, 0, 0
73822, 40960, 1, 0, 0
73923, 40960, 0, 0, 0
74023, 61440, 0, 0, 0
74023, 30720, 1, 0, 0
74122, 20686, 0, 0, 0
74222, 40960, 0, 0, 0
74322, 20480, 0, 0, 0
74322, 10240, 1, 0, 0
74522, 20480, 0, 0, 0
74722, 20480, 0, 0, 0
74722, 10240, 1, 0, 0
74822, 61440, 0, 0, 0
74923, 40960, 0, 0, 0
75023, 40960, 0, 0, 0
75522, 20480, 0, 0, 0
75522, 10240, 1, 0, 0
75622, 20480, 0, 0, 0
75722, 20480, 0, 0, 0
75722, 10240, 1, 0, 0
76622, 41373, 0, 0, 0
76822, 40960, 0, 0, 0
77022, 40960, 0, 0, 0
77022, 51200, 1, 0, 0
77222, 40960, 0, 0, 0
77523, 20480, 0, 0, 0
77523, 20480, 1, 0, 0
77622, 41373, 0, 0, 0
77622, 20686, 1, 0, 0
77722, 61440, 0, 0, 0
77822, 40960, 0, 0, 0
77822, 10240, 1, 0, 0
78022, 81920, 0, 0, 0
78022, 20480, 1, 0, 0
78222, 81920, 0, 0, 0
78222, 10240, 1, 0, 0
78422, 20480, 0, 0, 0
78422, 10240, 1, 0, 0
78522, 20480, 0, 0, 0
78522, 10240, 1, 0, 0
78622, 82747, 0, 0, 0
78722, 266240, 0, 0, 0
78722, 51200, 1, 0, 0
78822, 266240, 0, 0, 0
78822, 30720, 1, 0, 0
78922, 245760, 0, 0, 0
78922, 40960, 1, 0, 0
79022, 81920, 0, 0, 0
79022, 10240, 1, 0, 0
79222, 20480, 0, 0, 0
79422, 40960, 0, 0, 0
79522, 20480, 0, 0, 0
79522, 10240, 1, 0, 0
79722, 40960, 0, 0, 0
79922, 20480, 0, 0, 0
80022, 20480, 0, 0, 0
80122, 20480, 0, 0, 0
80122, 10240, 1, 0, 0
80322, 20480, 0, 0, 0
80422, 1904640, 0, 0, 0
80422, 542720, 1, 0, 0
80622, 20686, 0, 0, 0
80722, 81920, 0, 0, 0
80722, 40960, 1, 0, 0
80822, 81920, 0, 0, 0
80822, 40960, 1, 0, 0
80922, 20480, 0, 0, 0
81022, 102400, 0, 0, 0
81022, 40960, 1, 0, 0
81122, 245760, 0, 0, 0
81122, 81920, 1, 0, 0
81222, 102400, 0, 0, 0
81222, 71680, 1, 0, 0
81322, 20480, 0, 0, 0
81322, 10240, 1, 0, 0
81422, 20480, 0, 0, 0
81422, 10240, 1, 0, 0
81622, 20480, 0, 0, 0
81822, 20480, 0, 0, 0
81822, 10240, 1, 0, 0
81923, 20480, 0, 0, 0
82122, 20686, 0, 0, 0
82222, 20480, 0, 0, 0
82322, 40960, 0, 0, 0
82422, 20480, 0, 0, 0
82622, 61440, 0, 0, 0
82622, 30720, 1, 0, 0
82722, 40960, 0, 0, 0
82822, 61440, 0, 0, 0
82822, 10240, 1, 0, 0
82922, 20480, 0, 0, 0
83022, 40960, 0, 0, 0
83022, 10240, 1, 0, 0
83122, 62060, 0, 0, 0
83122, 20686, 1, 0, 0
83322, 61440, 0, 0, 0
83422, 20480, 0, 0, 0
83422, 20480, 1, 0, 0
83822, 20480, 0, 0, 0
83922, 40960, 0, 0, 0
84022, 20480, 0, 0, 0
84223, 20480, 0, 0, 0
84223, 10240, 1, 0, 0
84323, 20480, 0, 0, 0
84323, 20480, 1, 0, 0
84423, 40960, 0, 0, 0
84423, 10240, 1, 0, 0
84622, 41373, 0, 0, 0
84722, 40960, 0, 0, 0
84822, 20480, 0, 0, 0
85423, 20480, 0, 0, 0
85523, 20480, 0, 0, 0
85622, 62060, 0, 0, 0
85622, 31030, 1, 0, 0
85722, 20480, 0, 0, 0
85822, 40960, 0, 0, 0
85822, 10240, 1, 0, 0
86422, 40960, 0, 0, 0
86422, 40960, 1, 0, 0
86522, 20480, 0, 0, 0
86622, 41373, 0, 0, 0
86622, 41373, 1, 0, 0
86722, 20480, 0, 0, 0
87522, 61440, 0, 0, 0
87622, 122880, 0, 0, 0
87622, 20480, 1, 0, 0
87723, 40960, 0, 0, 0
87823, 40960, 0, 0, 0
87823, 10240, 1, 0, 0
88023, 40960, 0, 0, 0
88122, 41373, 0, 0, 0
88322, 81920, 0, 0, 0
88322, 20480, 1, 0, 0
88422, 40960, 0, 0, 0
88422, 20480, 1, 0, 0
88522, 40960, 0, 0, 0
88522, 10240, 1, 0, 0
88622, 40960, 0, 0, 0
88722, 102400, 0, 0, 0
88722, 51200, 1, 0, 0
88822, 245760, 0, 0, 0
88822, 51200, 1, 0, 0
88923, 204800, 0, 0, 0
88923, 51200, 1, 0, 0
89023, 81920, 0, 0, 0
89222, 40960, 0, 0, 0
89222, 10240, 1, 0, 0
89322, 40960, 0, 0, 0
89322, 20480, 1, 0, 0
89422, 20480, 0, 0, 0
89522, 40960, 0, 0, 0
89522, 10240, 1, 0, 0
89622, 20480, 0, 0, 0
89722, 102400, 0, 0, 0
89722, 10240, 1, 0, 0
89922, 20480, 0, 0, 0
89922, 30720, 1, 0, 0
90122, 20686, 0, 0, 0
91922, 61440, 0, 0, 0
92022, 10240, 0, 0, 0
92022, 10240, 1, 0, 0
92422, 10240, 0, 0, 0
92523, 61440, 0, 0, 0
92523, 20480, 1, 0, 0
92622, 20686, 0, 0, 0
92622, 10343, 1, 0, 0
92722, 40960, 0, 0, 0
92722, 20480, 1, 0, 0
93022, 20480, 0, 0, 0
93022, 10240, 1, 0, 0
93122, 163840, 0, 0, 0
93122, 51200, 1, 0, 0
93222, 122880, 0, 0, 0
93222, 10240, 1, 0, 0
93322, 266240, 0, 0, 0
93322, 133120, 1, 0, 0
93422, 143360, 0, 0, 0
93422, 30720, 1, 0, 0
93523, 81920, 0, 0, 0
93622, 20686, 0, 0, 0
93822, 143360, 0, 0, 0
93822, 20480, 1, 0, 0
93922, 245760, 0, 0, 0
93922, 61440, 1, 0, 0
94022, 61440, 0, 0, 0
94022, 30720, 1, 0, 0
94222, 61440, 0, 0, 0
94222, 10240, 1, 0, 0
94622, 20686, 0, 0, 0
94622, 10343, 1, 0, 0
94922, 20480, 0, 0, 0
94922, 51200, 1, 0, 0
95122, 40960, 0, 0, 0
95122, 10240, 1, 0, 0
95222, 40960, 0, 0, 0
95222, 10240, 1, 0, 0
95322, 81920, 0, 0, 0
95322, 81920, 1, 0, 0
95422, 20480, 0, 0, 0
95422, 10240, 1, 0, 0
95722, 20480, 0, 0, 0
95822, 81920, 0, 0, 0
95822, 30720, 1, 0, 0
95923, 61440, 0, 0, 0
95923, 20480, 1, 0, 0
96023, 20480, 0, 0, 0
96023, 20480, 1, 0, 0
96222, 20480, 0, 0, 0
96222, 20480, 1, 0, 0
96322, 40960, 0, 0, 0
97023, 40960, 0, 0, 0
97023, 10240, 1, 0, 0
97122, 20686, 0, 0, 0
97222, 40960, 0, 0, 0
97222, 30720, 1, 0, 0
97322, 20480, 0, 0, 0
97322, 10240, 1, 0, 0
97422, 20480, 0, 0, 0
97622, 225280, 0, 0, 0
97622, 102400, 1, 0, 0
97722, 266240, 0, 0, 0
97722, 30720, 1, 0, 0
97822, 266240, 0, 0, 0
97822, 112640, 1, 0, 0
97922, 266240, 0, 0, 0
97922, 92160, 1, 0, 0
98023, 245760, 0, 0, 0
98023, 40960, 1, 0, 0
98122, 268929, 0, 0, 0
98122, 72404, 1, 0, 0
98222, 266240, 0, 0, 0
98222, 51200, 1, 0, 0
98322, 245760, 0, 0, 0
98322, 112640, 1, 0, 0
98422, 266240, 0, 0, 0
98422, 51200, 1, 0, 0
98522, 266240, 0, 0, 0
98522, 71680, 1, 0, 0
98622, 81920, 0, 0, 0
98622, 10240, 1, 0, 0
98922, 81920, 0, 0, 0
98922, 20480, 1, 0, 0
99022, 40960, 0, 0, 0
99223, 20480, 0, 0, 0
99423, 20480, 0, 0, 0
100223, 20480, 0, 0, 0
100922, 20480, 0, 0, 0
101922, 20480, 0, 0, 0
101922, 10240, 1, 0, 0
102022, 20480, 0, 0, 0
102722, 40960, 0, 0, 0
102722, 10240, 1, 0, 0
102922, 40960, 0, 0, 0
102922, 10240, 1, 0, 0
103822, 20480, 0, 0, 0
103822, 10240, 1, 0, 0
104022, 61440, 0, 0, 0
104022, 20480, 1, 0, 0
104122, 81920, 0, 0, 0
104122, 71680, 1, 0, 0
104322, 20480, 0, 0, 0
104322, 10240, 1, 0, 0
104423, 40960, 0, 0, 0
104523, 20480, 0, 0, 0
104622, 41373, 0, 0, 0
104622, 10343, 1, 0, 0
104822, 61440, 0, 0, 0
104822, 30720, 1, 0, 0
104922, 20480, 0, 0, 0
104922, 10240, 1, 0, 0
105222, 20480, 0, 0, 0
105322, 20480, 0, 0, 0
105523, 20480, 0, 0, 0
105622, 20686, 0, 0, 0
105722, 20480, 0, 0, 0
105922, 20480, 0, 0, 0
105922, 10240, 1, 0, 0
106022, 20480, 0, 0, 0
106222, 20480, 0, 0, 0
106422, 61440, 0, 0, 0
106422, 20480, 1, 0, 0
106522, 20480, 0, 0, 0
106822, 40960, 0, 0, 0
106922, 20480, 0, 0, 0
107022, 40960, 0, 0, 0
107022, 10240, 1, 0, 0
107122, 20480, 0, 0, 0
107322, 40960, 0, 0, 0
107322, 10240, 1, 0, 0
107522, 20480, 0, 0, 0
107622, 82747, 0, 0, 0
107622, 31030, 1, 0, 0
107722, 40960, 0, 0, 0
107722, 10240, 1, 0, 0
108022, 40960, 0, 0, 0
108022, 40960, 1, 0, 0
108122, 20480, 0, 0, 0
108322, 20480, 0, 0, 0
108322, 10240, 1, 0, 0
108422, 20480, 0, 0, 0
108422, 10240, 1, 0, 0
108522, 20480, 0, 0, 0
108622, 40960, 0, 0, 0
108622, 20480, 1, 0, 0
108722, 61440, 0, 0, 0
108722, 40960, 1, 0, 0
108923, 225280, 0, 0, 0
108923, 81920, 1, 0, 0
109023, 266240, 0, 0, 0
109023, 71680, 1, 0, 0
109122, 248242, 0, 0, 0
109122, 93090, 1, 0, 0
109222, 1331200, 0, 0, 0
109222, 235520, 1, 0, 0
110522, 10240, 1, 0, 0
110822, 61440, 0, 0, 0
110822, 10240, 1, 0, 0
111422, 10240, 0, 0, 0
111422, 10240, 1, 0, 0
111622, 10240, 0, 0, 0
111722, 20480, 0, 0, 0
111722, 10240, 1, 0, 0
112423, 40960, 0, 0, 0
112622, 20686, 0, 0, 0
112722, 40960, 0, 0, 0
112722, 20480, 1, 0, 0
112822, 40960, 0, 0, 0
112822, 10240, 1, 0, 0
112922, 40960, 0, 0, 0
112922, 30720, 1, 0, 0
113022, 20480, 0, 0, 0
113722, 40960, 0, 0, 0
113722, 20480, 1, 0, 0
113822, 20480, 0, 0, 0
114122, 40960, 0, 0, 0
114523, 81920, 0, 0, 0
114523, 30720, 1, 0, 0
114622, 20686, 0, 0, 0
114922, 40960, 0, 0, 0
115022, 204800, 0, 0, 0
115022, 30720, 1, 0, 0
115122, 81920, 0, 0, 0
115122, 20480, 1, 0, 0
115222, 20480, 0, 0, 0
115322, 40960, 0, 0, 0
115322, 10240, 1, 0, 0
115423, 20480, 0, 0, 0
115523, 20480, 0, 0, 0
115523, 20480, 1, 0, 0
116322, 20480, 0, 0, 0
117522, 40960, 0, 0, 0
118322, 20480, 0, 0, 0
118322, 20480, 1, 0, 0
118422, 40960, 0, 0, 0
118522, 20480, 0, 0, 0
118522, 30720, 1, 0, 0
118722, 40960, 0, 0, 0
118722, 10240, 1, 0, 0
118923, 20480, 0, 0, 0
119023, 40960, 0, 0, 0
119023, 20480, 1, 0, 0
119422, 40960, 0, 0, 0
119422, 30720, 1, 0, 0
119522, 40960, 0, 0, 0
119522, 20480, 1, 0, 0
119622, 20480, 0, 0, 0
119622, 20480, 1, 0, 0
120122, 41373, 0, 0, 0
120222, 61440, 0, 0, 0
120222, 30720, 1, 0, 0
120322, 20480, 0, 0, 0
120522, 20480, 0, 0, 0
120622, 20480, 0, 0, 0
120822, 61440, 0, 0, 0
120822, 10240, 1, 0, 0
120922, 20480, 0, 0, 0
120922, 10240, 1, 0, 0
121022, 40960, 0, 0, 0
121022, 10240, 1, 0, 0
121223, 20480, 0, 0, 0
121323, 20480, 0, 0, 0
121323, 10240, 1, 0, 0
121523, 20480, 0, 0, 0
121523, 10240, 1, 0, 0
121722, 20480, 0, 0, 0
121922, 20480, 0, 0, 0
124222, 450560, 0, 0, 0
124222, 153600, 1, 0, 0
125322, 20480, 0, 0, 0
125422, 20480, 0, 0, 0
125422, 30720, 1, 0, 0
125622, 808960, 0, 0, 0
125622, 194560, 1, 0, 0
128722, 10240, 0, 0, 0
130622, 175838, 0, 0, 0
130622, 72404, 1, 0, 0
130722, 266240, 0, 0, 0
130722, 71680, 1, 0, 0
130822, 266240, 0, 0, 0
130822, 81920, 1, 0, 0
130922, 245760, 0, 0, 0
130922, 40960, 1, 0, 0
131022, 184320, 0, 0, 0
131022, 10240, 1, 0, 0
131122, 81920, 0, 0, 0
131122, 20480, 1, 0, 0
131322, 30720, 0, 0, 0
131322, 20480, 1, 0, 0
131522, 71680, 0, 0, 0
131522, 20480, 1, 0, 0
131622, 41373, 0, 0, 0
131722, 30720, 0, 0, 0
131722, 10240, 1, 0, 0
131822, 92160, 0, 0, 0
131922, 20480, 0, 0, 0
131922, 10240, 1, 0, 0
132122, 10240, 0, 0, 0
132222, 51200, 0, 0, 0
132422, 30720, 0, 0, 0
132522, 30720, 0, 0, 0
132522, 10240, 1, 0, 0
132622, 40960, 0, 0, 0
132823, 30720, 0, 0, 0
133122, 31030, 0, 0, 0
133122, 10343, 1, 0, 0
133222, 81920, 0, 0, 0
133222, 10240, 1, 0, 0
133322, 20480, 0, 0, 0
133422, 10240, 0, 0, 0
133522, 20480, 0, 0, 0
133722, 30720, 0, 0, 0
133722, 20480, 1, 0, 0
133923, 10240, 0, 0, 0
134023, 10240, 0, 0, 0
134322, 10240, 0, 0, 0
134322, 10240, 1, 0, 0
134822, 10240, 0, 0, 0
134922, 10240, 0, 0, 0
135023, 71680, 0, 0, 0
135122, 10343, 0, 0, 0
135322, 71680, 0, 0, 0
135322, 20480, 1, 0, 0
135522, 10240, 0, 0, 0
135622, 10240, 0, 0, 0
136323, 10240, 0, 0, 0
137622, 10343, 0, 0, 0
138422, 10240, 0, 0, 0
138622, 10343, 0, 0, 0
138822, 10240, 0, 0, 0
138922, 71680, 0, 0, 0
138922, 10240, 1, 0, 0
139022, 61440, 0, 0, 0
139823, 122880, 0, 0, 0
139823, 20480, 1, 0, 0
139923, 40960, 0, 0, 0
140122, 10343, 0, 0, 0
140722, 10240, 0, 0, 0
140722, 20480, 1, 0, 0
141122, 186181, 0, 0, 0
141122, 20686, 1, 0, 0
141222, 266240, 0, 0, 0
141222, 61440, 1, 0, 0
141322, 266240, 0, 0, 0
141322, 40960, 1, 0, 0
141422, 245760, 0, 0, 0
141422, 61440, 1, 0, 0
141522, 204800, 0, 0, 0
141522, 71680, 1, 0, 0
141622, 266240, 0, 0, 0
141622, 61440, 1, 0, 0
141722, 245760, 0, 0, 0
141722, 40960, 1, 0, 0
141822, 266240, 0, 0, 0
141822, 40960, 1, 0, 0
141923, 266240, 0, 0, 0
141923, 61440, 1, 0, 0
142023, 245760, 0, 0, 0
142023, 51200, 1, 0, 0
142122, 248242, 0, 0, 0
142122, 82747, 1, 0, 0
142222, 266240, 0, 0, 0
142222, 112640, 1, 0, 0
142322, 266240, 0, 0, 0
142322, 61440, 1, 0, 0
142422, 245760, 0, 0, 0
142422, 20480, 1, 0, 0
142522, 266240, 0, 0, 0
142522, 61440, 1, 0, 0
142622, 266240, 0, 0, 0
142622, 10240, 1, 0, 0
142722, 245760, 0, 0, 0
142722, 102400, 1, 0, 0
142822, 266240, 0, 0, 0
142822, 40960, 1, 0, 0
142923, 266240, 0, 0, 0
142923, 61440, 1, 0, 0
143023, 266240, 0, 0, 0
143023, 71680, 1, 0, 0
143122, 103434, 0, 0, 0
143122, 20686, 1, 0, 0
143322, 30720, 0, 0, 0
143422, 30720, 0, 0, 0
143422, 10240, 1, 0, 0
143522, 81920, 0, 0, 0
143522, 30720, 1, 0, 0
143722, 10240, 0, 0, 0
143722, 10240, 1, 0, 0
143923, 20480, 0, 0, 0
143923, 10240, 1, 0, 0
144122, 31030, 0, 0, 0
144122, 10343, 1, 0, 0
144222, 40960, 0, 0, 0
144222, 20480, 1, 0, 0
144322, 61440, 0, 0, 0
144322, 30720, 1, 0, 0
144422, 30720, 0, 0, 0
144422, 20480, 1, 0, 0
144522, 30720, 0, 0, 0
144622, 40960, 0, 0, 0
144622, 30720, 1, 0, 0
145023, 61440, 0, 0, 0
145023, 30720, 1, 0, 0
145122, 268929, 0, 0, 0
145122, 113777, 1, 0, 0
145222, 266240, 0, 0, 0
145222, 51200, 1, 0, 0
145322, 40960, 0, 0, 0
145322, 10240, 1, 0, 0
145522, 20480, 0, 0, 0
145522, 20480, 1, 0, 0
145622, 10240, 0, 0, 0
145722, 30720, 0, 0, 0
145722, 61440, 1, 0, 0
145822, 40960, 0, 0, 0
145822, 30720, 1, 0, 0
145922, 30720, 0, 0, 0
146022, 30720, 0, 0, 0
146122, 41373, 0, 0, 0
146122, 31030, 1, 0, 0
146322, 10240, 0, 0, 0
146322, 20480, 1, 0, 0
146422, 71680, 0, 0, 0
146422, 20480, 1, 0, 0
146522, 143360, 0, 0, 0
146522, 40960, 1, 0, 0
146622, 40960, 0, 0, 0
146722, 10240, 0, 0, 0
146922, 194560, 0, 0, 0
146922, 51200, 1, 0, 0
147022, 40960, 0, 0, 0
147622, 10343, 0, 0, 0
147722, 10240, 0, 0, 0
147822, 10240, 0, 0, 0
147922, 30720, 0, 0, 0
148122, 10240, 0, 0, 0
148222, 10240, 0, 0, 0
148423, 133120, 0, 0, 0
148423, 10240, 1, 0, 0
150422, 61440, 0, 0, 0
150422, 20480, 1, 0, 0
150522, 102400, 0, 0, 0
150522, 40960, 1, 0, 0
150822, 20480, 0, 0, 0
150922, 40960, 0, 0, 0
151022, 20480, 0, 0, 0
151022, 20480, 1, 0, 0
151122, 206868, 0, 0, 0
151122, 31030, 1, 0, 0
151222, 225280, 0, 0, 0
151222, 30720, 1, 0, 0
151322, 2334720, 0, 0, 0
151322, 829440, 1, 0, 0
151422, 1484800, 0, 0, 0
151422, 358400, 1, 0, 0
151622, 20480, 0, 0, 0
151722, 40960, 0, 0, 0
151822, 30720, 0, 0, 0
151922, 112640, 0, 0, 0
151922, 10240, 1, 0, 0
152122, 10343, 0, 0, 0
152222, 10240, 0, 0, 0
152422, 122880, 0, 0, 0
152422, 30720, 1, 0, 0
152622, 10240, 0, 0, 0
152822, 10240, 0, 0, 0
152922, 30720, 0, 0, 0
152922, 20480, 1, 0, 0
153022, 71680, 0, 0, 0
153022, 20480, 1, 0, 0
153122, 10240, 0, 0, 0
153323, 215040, 0, 0, 0
153323, 61440, 1, 0, 0
153423, 204800, 0, 0, 0
153423, 40960, 1, 0, 0
153523, 61440, 0, 0, 0
153523, 20480, 1, 0, 0
153622, 20686, 0, 0, 0
153722, 10240, 0, 0, 0
153722, 10240, 1, 0, 0
154822, 30720, 0, 0, 0
154822, 30720, 1, 0, 0
155022, 10240, 0, 0, 0
155322, 20480, 0, 0, 0
155322, 10240, 1, 0, 0
155422, 30720, 0, 0, 0
155522, 40960, 0, 0, 0
155723, 10240, 0, 0, 0
156023, 10240, 0, 0, 0
156023, 10240, 1, 0, 0
156222, 10240, 0, 0, 0
156422, 10240, 0, 0, 0
156422, 10240, 1, 0, 0
156522, 20480, 0, 0, 0
157023, 40960, 0, 0, 0
157222, 61440, 0, 0, 0
157322, 40960, 0, 0, 0
157622, 30720, 0, 0, 0
158622, 30720, 0, 0, 0
158622, 10240, 1, 0, 0
158822, 10240, 0, 0, 0
158922, 10240, 0, 0, 0
159023, 10240, 0, 0, 0
159122, 31030, 0, 0, 0
159222, 20480, 0, 0, 0
159322, 40960, 0, 0, 0
159422, 10240, 0, 0, 0
159522, 51200, 0, 0, 0
159522, 10240, 1, 0, 0
159622, 30720, 0, 0, 0
159822, 10240, 0, 0, 0
159922, 10240, 0, 0, 0
160023, 30720, 0, 0, 0
160122, 41373, 0, 0, 0
160322, 81920, 0, 0, 0
160322, 30720, 1, 0, 0
160522, 10240, 0, 0, 0
160622, 51200, 0, 0, 0
160722, 143360, 0, 0, 0
160722, 40960, 1, 0, 0
160822, 40960, 0, 0, 0
160822, 10240, 1, 0, 0
160922, 20480, 0, 0, 0
160922, 10240, 1, 0, 0
161023, 40960, 0, 0, 0
161122, 41373, 0, 0, 0
161122, 10343, 1, 0, 0
161322, 10240, 0, 0, 0
161422, 10240, 0, 0, 0
161422, 10240, 1, 0, 0
161522, 10240, 0, 0, 0
161622, 30720, 0, 0, 0
161722, 40960, 0, 0, 0
161722, 20480, 1, 0, 0
162222, 10240, 0, 0, 0
163023, 10240, 0, 0, 0
163222, 40960, 0, 0, 0
163422, 10240, 0, 0, 0
163422, 10240, 1, 0, 0
163522, 71680, 0, 0, 0
163522, 20480, 1, 0, 0
163622, 143360, 0, 0, 0
163622, 71680, 1, 0, 0
163722, 40960, 0, 0, 0
163722, 10240, 1, 0, 0
163922, 81920, 0, 0, 0
163922, 51200, 1, 0, 0
164122, 10343, 0, 0, 0
164222, 30720, 0, 0, 0
164322, 81920, 0, 0, 0
164322, 10240, 1, 0, 0
165222, 10240, 0, 0, 0
165222, 10240, 1, 0, 0
165722, 20480, 0, 0, 0
165822, 30720, 0, 0, 0
166022, 40960, 0, 0, 0
166122, 10240, 0, 0, 0
166322, 71680, 0, 0, 0
166322, 10240, 1, 0, 0
166423, 20480, 0, 0, 0
166423, 10240, 1, 0, 0
166622, 10343, 0, 0, 0
166722, 51200, 0, 0, 0
166722, 10240, 1, 0, 0
166822, 40960, 0, 0, 0
166822, 10240, 1, 0, 0
166922, 10240, 0, 0, 0
167122, 71680, 0, 0, 0
167122, 30720, 1, 0, 0
167222, 40960, 0, 0, 0
167322, 10240, 0, 0, 0
167322, 10240, 1, 0, 0
167622, 10343, 0, 0, 0
167822, 10240, 0, 0, 0
167922, 10240, 0, 0, 0
168022, 40960, 0, 0, 0
168222, 10240, 0, 0, 0
168322, 71680, 0, 0, 0
168322, 20480, 1, 0, 0
168422, 143360, 0, 0, 0
168422, 81920, 1, 0, 0
168522, 61440, 0, 0, 0
168623, 10240, 0, 0, 0
168823, 51200, 0, 0, 0
168823, 10240, 1, 0, 0
169023, 40960, 0, 0, 0
169023, 30720, 1, 0, 0
169122, 10343, 0, 0, 0
169322, 10240, 0, 0, 0
169422, 102400, 0, 0, 0
169422, 102400, 1, 0, 0
169522, 143360, 0, 0, 0
169522, 92160, 1, 0, 0
169622, 40960, 0, 0, 0
169822, 10240, 0, 0, 0
169923, 20480, 0, 0, 0
169923, 10240, 1, 0, 0
170023, 30720, 0, 0, 0
170023, 10240, 1, 0, 0
170322, 30720, 0, 0, 0
170522, 51200, 0, 0, 0
170522, 20480, 1, 0, 0
170722, 40960, 0, 0, 0
170822, 61440, 0, 0, 0
170922, 122880, 0, 0, 0
170922, 51200, 1, 0, 0
171023, 20480, 0, 0, 0
171122, 31030, 0, 0, 0
171122, 20686, 1, 0, 0
171422, 30720, 0, 0, 0
171422, 20480, 1, 0, 0
171522, 20480, 0, 0, 0
171622, 10240, 0, 0, 0
171822, 153600, 0, 0, 0
171922, 40960, 0, 0, 0
171922, 10240, 1, 0, 0
172423, 10240, 0, 0, 0
172523, 10240, 0, 0, 0
172622, 20686, 0, 0, 0
172722, 61440, 0, 0, 0
172722, 10240, 1, 0, 0
172822, 40960, 0, 0, 0
172922, 10240, 0, 0, 0
173222, 10240, 0, 0, 0
173323, 20480, 0, 0, 0
173423, 10240, 0, 0, 0
173523, 30720, 0, 0, 0
173622, 41373, 0, 0, 0
173622, 20686, 1, 0, 0
173722, 10240, 0, 0, 0
173822, 10240, 0, 0, 0
175922, 81920, 0, 0, 0
176122, 10240, 0, 0, 0
176322, 10240, 0, 0, 0
176422, 81920, 0, 0, 0
176422, 10240, 1, 0, 0
176622, 10240, 0, 0, 0
176622, 20480, 1, 0, 0
176823, 10240, 0, 0, 0
176823, 10240, 1, 0, 0
177622, 40960, 0, 0, 0
178422, 40960, 0, 0, 0
178522, 20480, 0, 0, 0
178522, 10240, 1, 0, 0
178622, 10240, 0, 0, 0
178622, 10240, 1, 0, 0
178722, 30720, 0, 0, 0
178822, 40960, 0, 0, 0
178822, 20480, 1, 0, 0
178923, 20480, 0, 0, 0
179023, 10240, 0, 0, 0
179122, 72404, 0, 0, 0
179122, 10343, 1, 0, 0
179222, 20480, 0, 0, 0
179322, 10240, 0, 0, 0
179522, 71680, 0, 0, 0
179622, 10240, 0, 0, 0
179622, 20480, 1, 0, 0
