822, 40, 0, 0, 0
922, 260, 0, 0, 0
922, 100, 1, 0, 0
1022, 260, 0, 0, 0
1022, 60, 1, 0, 0
1122, 260, 0, 0, 0
1122, 100, 1, 0, 0
1222, 260, 0, 0, 0
1222, 80, 1, 0, 0
1322, 20, 0, 0, 0
1423, 120, 0, 0, 0
1423, 70, 1, 0, 0
1523, 180, 0, 0, 0
1523, 40, 1, 0, 0
1722, 20, 0, 0, 0
1822, 20, 0, 0, 0
1822, 10, 1, 0, 0
2022, 60, 0, 0, 0
2422, 20, 0, 0, 0
2422, 10, 1, 0, 0
2522, 20, 0, 0, 0
2722, 20, 0, 0, 0
2822, 20, 0, 0, 0
2822, 10, 1, 0, 0
3022, 20, 0, 0, 0
3122, 60, 0, 0, 0
3222, 20, 0, 0, 0
3322, 40, 0, 0, 0
3422, 60, 0, 0, 0
3522, 80, 0, 0, 0
3522, 10, 1, 0, 0
3622, 40, 0, 0, 0
3722, 20, 0, 0, 0
3922, 20, 0, 0, 0
3922, 10, 1, 0, 0
4122, 20, 0, 0, 0
4222, 60, 0, 0, 0
4322, 20, 0, 0, 0
4322, 10, 1, 0, 0
4522, 20, 0, 0, 0
4622, 20, 0, 0, 0
4622, 20, 1, 0, 0
4823, 20, 0, 0, 0
4923, 20, 0, 0, 0
4923, 20, 1, 0, 0
5122, 60, 0, 0, 0
5122, 30, 1, 0, 0
5222, 40, 0, 0, 0
5322, 20, 0, 0, 0
5422, 20, 0, 0, 0
6122, 20, 0, 0, 0
6322, 20, 0, 0, 0
6322, 20, 1, 0, 0
6422, 20, 0, 0, 0
6722, 20, 0, 0, 0
6722, 10, 1, 0, 0
6822, 40, 0, 0, 0
6822, 10, 1, 0, 0
6922, 20, 0, 0, 0
7222, 40, 0, 0, 0
7222, 40, 1, 0, 0
7322, 20, 0, 0, 0
7922, 20, 0, 0, 0
8022, 60, 0, 0, 0
8022, 10, 1, 0, 0
8122, 20, 0, 0, 0
8222, 40, 0, 0, 0
8222, 30, 1, 0, 0
8322, 20, 0, 0, 0
8322, 20, 1, 0, 0
8722, 40, 0, 0, 0
8722, 10, 1, 0, 0
8822, 20, 0, 0, 0
8822, 30, 1, 0, 0
8923, 40, 0, 0, 0
8923, 20, 1, 0, 0
9023, 20, 0, 0, 0
9023, 10, 1, 0, 0
9122, 60, 0, 0, 0
9422, 40, 0, 0, 0
9422, 20, 1, 0, 0
9522, 20, 0, 0, 0
9722, 140, 0, 0, 0
9722, 90, 1, 0, 0
9822, 160, 0, 0, 0
9822, 20, 1, 0, 0
9922, 40, 0, 0, 0
10022, 20, 0, 0, 0
10222, 20, 0, 0, 0
10222, 20, 1, 0, 0
10422, 20, 0, 0, 0
10422, 10, 1, 0, 0
10522, 20, 0, 0, 0
11222, 20, 0, 0, 0
11222, 10, 1, 0, 0
11322, 60, 0, 0, 0
11322, 10, 1, 0, 0
11422, 20, 0, 0, 0
11422, 30, 1, 0, 0
11522, 40, 0, 0, 0
11622, 20, 0, 0, 0
11922, 140, 0, 0, 0
11922, 20, 1, 0, 0
12022, 260, 0, 0, 0
12022, 100, 1, 0, 0
12122, 240, 0, 0, 0
12122, 50, 1, 0, 0
12222, 200, 0, 0, 0
12222, 10, 1, 0, 0
12323, 60, 0, 0, 0
12423, 40, 0, 0, 0
12423, 10, 1, 0, 0
12622, 60, 0, 0, 0
12622, 10, 1, 0, 0
12722, 60, 0, 0, 0
12722, 20, 1, 0, 0
12822, 20, 0, 0, 0
12822, 20, 1, 0, 0
12922, 80, 0, 0, 0
12922, 10, 1, 0, 0
13022, 40, 0, 0, 0
13022, 30, 1, 0, 0
13222, 20, 0, 0, 0
13422, 20, 0, 0, 0
13422, 20, 1, 0, 0
13523, 40, 0, 0, 0
13523, 30, 1, 0, 0
13622, 40, 0, 0, 0
13622, 20, 1, 0, 0
13722, 130, 0, 0, 0
13722, 40, 1, 0, 0
13822, 250, 0, 0, 0
13822, 90, 1, 0, 0
13922, 260, 0, 0, 0
13922, 40, 1, 0, 0
14022, 260, 0, 0, 0
14022, 100, 1, 0, 0
14122, 240, 0, 0, 0
14122, 60, 1, 0, 0
14222, 260, 0, 0, 0
14222, 110, 1, 0, 0
14322, 260, 0, 0, 0
14322, 70, 1, 0, 0
14422, 260, 0, 0, 0
14422, 120, 1, 0, 0
14522, 240, 0, 0, 0
14522, 40, 1, 0, 0
14622, 262, 0, 0, 0
14622, 70, 1, 0, 0
14722, 200, 0, 0, 0
14722, 10, 1, 0, 0
14822, 80, 0, 0, 0
14822, 50, 1, 0, 0
15022, 20, 0, 0, 0
15322, 20, 0, 0, 0
16522, 20, 0, 0, 0
16622, 60, 0, 0, 0
16622, 10, 1, 0, 0
16922, 20, 0, 0, 0
17023, 40, 0, 0, 0
17023, 10, 1, 0, 0
17122, 40, 0, 0, 0
17122, 30, 1, 0, 0
17222, 220, 0, 0, 0
17222, 30, 1, 0, 0
17322, 100, 0, 0, 0
17322, 20, 1, 0, 0
17722, 20, 0, 0, 0
17722, 20, 1, 0, 0
17922, 100, 0, 0, 0
17922, 10, 1, 0, 0
18122, 100, 0, 0, 0
18122, 20, 1, 0, 0
18223, 160, 0, 0, 0
18223, 70, 1, 0, 0
18323, 260, 0, 0, 0
18323, 60, 1, 0, 0
18423, 120, 0, 0, 0
18423, 30, 1, 0, 0
18622, 60, 0, 0, 0
18622, 20, 1, 0, 0
18722, 60, 0, 0, 0
18722, 30, 1, 0, 0
18822, 20, 0, 0, 0
19022, 40, 0, 0, 0
19122, 20, 0, 0, 0
19222, 40, 0, 0, 0
19222, 20, 1, 0, 0
19322, 20, 0, 0, 0
19423, 40, 0, 0, 0
19523, 20, 0, 0, 0
20022, 40, 0, 0, 0
20022, 10, 1, 0, 0
20122, 20, 0, 0, 0
20423, 40, 0, 0, 0
20423, 10, 1, 0, 0
20523, 20, 0, 0, 0
21523, 40, 0, 0, 0
21523, 10, 1, 0, 0
21622, 20, 0, 0, 0
22022, 80, 0, 0, 0
22022, 30, 1, 0, 0
22222, 20, 0, 0, 0
22222, 10, 1, 0, 0
22422, 60, 0, 0, 0
22522, 20, 0, 0, 0
22522, 10, 1, 0, 0
22722, 20, 0, 0, 0
22922, 20, 0, 0, 0
23022, 60, 0, 0, 0
23022, 20, 1, 0, 0
23622, 40, 0, 0, 0
23723, 20, 0, 0, 0
23823, 40, 0, 0, 0
23823, 10, 1, 0, 0
23923, 80, 0, 0, 0
23923, 30, 1, 0, 0
24023, 260, 0, 0, 0
24023, 30, 1, 0, 0
24122, 252, 0, 0, 0
24122, 40, 1, 0, 0
24222, 10, 0, 0, 0
25822, 20, 0, 0, 0
25822, 10, 1, 0, 0
25923, 40, 0, 0, 0
25923, 10, 1, 0, 0
26122, 10, 0, 0, 0
26122, 10, 1, 0, 0
26422, 10, 0, 0, 0
26522, 60, 0, 0, 0
26522, 10, 1, 0, 0
26622, 20, 0, 0, 0
27023, 60, 0, 0, 0
27122, 20, 0, 0, 0
27222, 40, 0, 0, 0
27322, 60, 0, 0, 0
27322, 20, 1, 0, 0
27522, 20, 0, 0, 0
27722, 20, 0, 0, 0
27922, 20, 0, 0, 0
28022, 30, 0, 0, 0
28122, 30, 0, 0, 0
28122, 10, 1, 0, 0
28223, 20, 0, 0, 0
28223, 50, 1, 0, 0
28323, 40, 0, 0, 0
28323, 10, 1, 0, 0
29022, 40, 0, 0, 0
29122, 2780, 0, 0, 0
29122, 610, 1, 0, 0
29222, 240, 0, 0, 0
29222, 80, 1, 0, 0
32322, 10, 0, 0, 0
34622, 10, 0, 0, 0
34622, 10, 1, 0, 0
35922, 10, 0, 0, 0
36422, 30, 0, 0, 0
36422, 30, 1, 0, 0
36822, 20, 0, 0, 0
36922, 20, 0, 0, 0
36922, 10, 1, 0, 0
37422, 40, 0, 0, 0
37422, 20, 1, 0, 0
37522, 40, 0, 0, 0
37622, 40, 0, 0, 0
37622, 30, 1, 0, 0
37722, 60, 0, 0, 0
37922, 60, 0, 0, 0
38022, 20, 0, 0, 0
38022, 10, 1, 0, 0
38122, 40, 0, 0, 0
38222, 60, 0, 0, 0
38423, 60, 0, 0, 0
38423, 40, 1, 0, 0
38622, 60, 0, 0, 0
38622, 10, 1, 0, 0
38822, 20, 0, 0, 0
39122, 20, 0, 0, 0
39122, 10, 1, 0, 0
39222, 60, 0, 0, 0
39222, 50, 1, 0, 0
39322, 40, 0, 0, 0
39322, 20, 1, 0, 0
39523, 20, 0, 0, 0
39622, 80, 0, 0, 0
39622, 10, 1, 0, 0
39722, 40, 0, 0, 0
39722, 20, 1, 0, 0
39922, 20, 0, 0, 0
39922, 10, 1, 0, 0
40122, 20, 0, 0, 0
40122, 10, 1, 0, 0
40222, 20, 0, 0, 0
40222, 10, 1, 0, 0
40322, 20, 0, 0, 0
40523, 20, 0, 0, 0
40523, 10, 1, 0, 0
40622, 60, 0, 0, 0
40722, 20, 0, 0, 0
40822, 40, 0, 0, 0
40922, 20, 0, 0, 0
41022, 80, 0, 0, 0
41022, 40, 1, 0, 0
41622, 20, 0, 0, 0
41722, 60, 0, 0, 0
41722, 20, 1, 0, 0
41822, 140, 0, 0, 0
41822, 50, 1, 0, 0
41922, 280, 0, 0, 0
41922, 70, 1, 0, 0
42022, 240, 0, 0, 0
42022, 50, 1, 0, 0
42122, 20, 0, 0, 0
42222, 80, 0, 0, 0
42322, 80, 0, 0, 0
42322, 30, 1, 0, 0
42422, 200, 0, 0, 0
42422, 50, 1, 0, 0
42522, 20, 0, 0, 0
42622, 20, 0, 0, 0
42622, 10, 1, 0, 0
42722, 20, 0, 0, 0
42822, 40, 0, 0, 0
42822, 10, 1, 0, 0
42922, 20, 0, 0, 0
43122, 20, 0, 0, 0
44222, 20, 0, 0, 0
45822, 40, 0, 0, 0
46023, 20, 0, 0, 0
46023, 20, 1, 0, 0
46122, 80, 0, 0, 0
46122, 20, 1, 0, 0
46322, 20, 0, 0, 0
46422, 40, 0, 0, 0
46422, 10, 1, 0, 0
46522, 80, 0, 0, 0
46522, 50, 1, 0, 0
46622, 20, 0, 0, 0
46722, 20, 0, 0, 0
46722, 20, 1, 0, 0
46923, 20, 0, 0, 0
46923, 20, 1, 0, 0
47023, 60, 0, 0, 0
47023, 20, 1, 0, 0
47222, 20, 0, 0, 0
47222, 10, 1, 0, 0
47522, 100, 0, 0, 0
47522, 10, 1, 0, 0
47622, 220, 0, 0, 0
47622, 30, 1, 0, 0
47722, 260, 0, 0, 0
47722, 30, 1, 0, 0
47822, 120, 0, 0, 0
47822, 20, 1, 0, 0
47922, 100, 0, 0, 0
47922, 10, 1, 0, 0
48022, 40, 0, 0, 0
48022, 10, 1, 0, 0
48122, 40, 0, 0, 0
48222, 80, 0, 0, 0
48222, 30, 1, 0, 0
48322, 240, 0, 0, 0
48322, 100, 1, 0, 0
48422, 40, 0, 0, 0
48422, 10, 1, 0, 0
48622, 20, 0, 0, 0
48622, 10, 1, 0, 0
48822, 20, 0, 0, 0
48922, 20, 0, 0, 0
49122, 40, 0, 0, 0
49223, 20, 0, 0, 0
49323, 60, 0, 0, 0
49323, 30, 1, 0, 0
49423, 20, 0, 0, 0
49423, 20, 1, 0, 0
49622, 20, 0, 0, 0
49622, 20, 1, 0, 0
49722, 20, 0, 0, 0
49722, 20, 1, 0, 0
49822, 40, 0, 0, 0
49822, 10, 1, 0, 0
49922, 20, 0, 0, 0
49922, 20, 1, 0, 0
50122, 20, 0, 0, 0
50222, 20, 0, 0, 0
50222, 10, 1, 0, 0
50423, 20, 0, 0, 0
50523, 60, 0, 0, 0
50523, 10, 1, 0, 0
50722, 20, 0, 0, 0
50922, 20, 0, 0, 0
51022, 20, 0, 0, 0
52222, 20, 0, 0, 0
52322, 40, 0, 0, 0
52422, 40, 0, 0, 0
52422, 10, 1, 0, 0
52522, 20, 0, 0, 0
52522, 10, 1, 0, 0
52722, 40, 0, 0, 0
52822, 40, 0, 0, 0
52922, 20, 0, 0, 0
53122, 10, 0, 0, 0
53122, 20, 1, 0, 0
53222, 30, 0, 0, 0
53222, 10, 1, 0, 0
53322, 20, 0, 0, 0
53422, 60, 0, 0, 0
53422, 10, 1, 0, 0
53522, 40, 0, 0, 0
53522, 10, 1, 0, 0
53722, 20, 0, 0, 0
53722, 10, 1, 0, 0
53823, 20, 0, 0, 0
53823, 30, 1, 0, 0
53923, 20, 0, 0, 0
54023, 60, 0, 0, 0
54023, 10, 1, 0, 0
54122, 60, 0, 0, 0
54122, 20, 1, 0, 0
54322, 20, 0, 0, 0
54322, 10, 1, 0, 0
54422, 20, 0, 0, 0
54522, 20, 0, 0, 0
54722, 20, 0, 0, 0
54923, 20, 0, 0, 0
54923, 10, 1, 0, 0
55023, 20, 0, 0, 0
55122, 40, 0, 0, 0
55122, 10, 1, 0, 0
55222, 60, 0, 0, 0
55222, 10, 1, 0, 0
55322, 20, 0, 0, 0
55522, 20, 0, 0, 0
55622, 40, 0, 0, 0
55722, 60, 0, 0, 0
55722, 10, 1, 0, 0
55822, 260, 0, 0, 0
55822, 60, 1, 0, 0
55922, 200, 0, 0, 0
55922, 80, 1, 0, 0
56023, 100, 0, 0, 0
56122, 80, 0, 0, 0
56122, 20, 1, 0, 0
56222, 160, 0, 0, 0
56222, 60, 1, 0, 0
56322, 80, 0, 0, 0
56322, 30, 1, 0, 0
56422, 20, 0, 0, 0
57523, 20, 0, 0, 0
57722, 20, 0, 0, 0
58122, 40, 0, 0, 0
58423, 40, 0, 0, 0
58622, 20, 0, 0, 0
58722, 20, 0, 0, 0
58722, 10, 1, 0, 0
58822, 20, 0, 0, 0
58822, 10, 1, 0, 0
59022, 20, 0, 0, 0
59122, 40, 0, 0, 0
59122, 20, 1, 0, 0
59222, 60, 0, 0, 0
59722, 10, 0, 0, 0
59722, 10, 1, 0, 0
59822, 70, 0, 0, 0
59822, 20, 1, 0, 0
59922, 220, 0, 0, 0
59922, 50, 1, 0, 0
60022, 60, 0, 0, 0
60022, 20, 1, 0, 0
60222, 20, 0, 0, 0
60322, 40, 0, 0, 0
60322, 10, 1, 0, 0
60422, 100, 0, 0, 0
60422, 30, 1, 0, 0
60522, 40, 0, 0, 0
60622, 20, 0, 0, 0
60622, 10, 1, 0, 0
61522, 20, 0, 0, 0
61823, 20, 0, 0, 0
61923, 20, 0, 0, 0
61923, 10, 1, 0, 0
63023, 40, 0, 0, 0
63023, 20, 1, 0, 0
63122, 20, 0, 0, 0
63322, 80, 0, 0, 0
63322, 40, 1, 0, 0
63422, 60, 0, 0, 0
63422, 10, 1, 0, 0
63522, 260, 0, 0, 0
63522, 50, 1, 0, 0
63623, 180, 0, 0, 0
63623, 90, 1, 0, 0
63723, 40, 0, 0, 0
63723, 20, 1, 0, 0
64023, 20, 0, 0, 0
64023, 30, 1, 0, 0
64222, 20, 0, 0, 0
64222, 10, 1, 0, 0
64322, 60, 0, 0, 0
64322, 30, 1, 0, 0
64422, 80, 0, 0, 0
64422, 10, 1, 0, 0
64622, 20, 0, 0, 0
65023, 20, 0, 0, 0
65222, 40, 0, 0, 0
65222, 10, 1, 0, 0
65322, 20, 0, 0, 0
65322, 20, 1, 0, 0
65422, 40, 0, 0, 0
67722, 20, 0, 0, 0
67822, 20, 0, 0, 0
68022, 20, 0, 0, 0
68322, 60, 0, 0, 0
68522, 20, 0, 0, 0
68722, 20, 0, 0, 0
68722, 30, 1, 0, 0
68822, 40, 0, 0, 0
68822, 10, 1, 0, 0
68922, 60, 0, 0, 0
69022, 40, 0, 0, 0
69122, 80, 0, 0, 0
69122, 30, 1, 0, 0
69322, 20, 0, 0, 0
69522, 20, 0, 0, 0
69522, 20, 1, 0, 0
69622, 20, 0, 0, 0
69723, 20, 0, 0, 0
69723, 10, 1, 0, 0
69823, 40, 0, 0, 0
69823, 30, 1, 0, 0
69923, 20, 0, 0, 0
70023, 20, 0, 0, 0
70122, 60, 0, 0, 0
70122, 20, 1, 0, 0
70222, 20, 0, 0, 0
70422, 20, 0, 0, 0
70522, 80, 0, 0, 0
70522, 30, 1, 0, 0
70722, 20, 0, 0, 0
70722, 10, 1, 0, 0
70823, 20, 0, 0, 0
71023, 40, 0, 0, 0
71222, 40, 0, 0, 0
72322, 60, 0, 0, 0
72322, 10, 1, 0, 0
72422, 100, 0, 0, 0
72422, 30, 1, 0, 0
72523, 20, 0, 0, 0
72523, 10, 1, 0, 0
72622, 60, 0, 0, 0
72722, 20, 0, 0, 0
72822, 40, 0, 0, 0
72822, 10, 1, 0, 0
72922, 20, 0, 0, 0
72922, 10, 1, 0, 0
73222, 40, 0, 0, 0
73422, 20, 0, 0, 0
73522, 80, 0, 0, 0
73522, 90, 1, 0, 0
73622, 20, 0, 0, 0
73822, 100, 0, 0, 0
73822, 40, 1, 0, 0
73923, 40, 0, 0, 0
74023, 60, 0, 0, 0
74023, 30, 1, 0, 0
74122, 20, 0, 0, 0
74222, 40, 0, 0, 0
74322, 20, 0, 0, 0
74322, 10, 1, 0, 0
74522, 20, 0, 0, 0
74722, 20, 0, 0, 0
74722, 10, 1, 0, 0
74822, 60, 0, 0, 0
74923, 40, 0, 0, 0
75023, 40, 0, 0, 0
75522, 20, 0, 0, 0
75522, 10, 1, 0, 0
75622, 20, 0, 0, 0
75722, 20, 0, 0, 0
75722, 10, 1, 0, 0
76622, 40, 0, 0, 0
76822, 40, 0, 0, 0
77022, 40, 0, 0, 0
77022, 50, 1, 0, 0
77222, 40, 0, 0, 0
77523, 20, 0, 0, 0
77523, 20, 1, 0, 0
77622, 40, 0, 0, 0
77622, 20, 1, 0, 0
77722, 60, 0, 0, 0
77822, 40, 0, 0, 0
77822, 10, 1, 0, 0
78022, 80, 0, 0, 0
78022, 20, 1, 0, 0
78222, 80, 0, 0, 0
78222, 10, 1, 0, 0
78422, 20, 0, 0, 0
78422, 10, 1, 0, 0
78522, 20, 0, 0, 0
78522, 10, 1, 0, 0
78622, 80, 0, 0, 0
78722, 260, 0, 0, 0
78722, 50, 1, 0, 0
78822, 260, 0, 0, 0
78822, 30, 1, 0, 0
78922, 240, 0, 0, 0
78922, 40, 1, 0, 0
79022, 80, 0, 0, 0
79022, 10, 1, 0, 0
79222, 20, 0, 0, 0
79422, 40, 0, 0, 0
79522, 20, 0, 0, 0
79522, 10, 1, 0, 0
79722, 40, 0, 0, 0
79922, 20, 0, 0, 0
80022, 20, 0, 0, 0
80122, 20, 0, 0, 0
80122, 10, 1, 0, 0
80322, 20, 0, 0, 0
80422, 1860, 0, 0, 0
80422, 530, 1, 0, 0
80622, 20, 0, 0, 0
80722, 80, 0, 0, 0
80722, 40, 1, 0, 0
80822, 80, 0, 0, 0
80822, 40, 1, 0, 0
80922, 20, 0, 0, 0
81022, 100, 0, 0, 0
81022, 40, 1, 0, 0
81122, 240, 0, 0, 0
81122, 80, 1, 0, 0
81222, 100, 0, 0, 0
81222, 70, 1, 0, 0
81322, 20, 0, 0, 0
81322, 10, 1, 0, 0
81422, 20, 0, 0, 0
81422, 10, 1, 0, 0
81622, 20, 0, 0, 0
81822, 20, 0, 0, 0
81822, 10, 1, 0, 0
81923, 20, 0, 0, 0
82122, 20, 0, 0, 0
82222, 20, 0, 0, 0
82322, 40, 0, 0, 0
82422, 20, 0, 0, 0
82622, 60, 0, 0, 0
82622, 30, 1, 0, 0
82722, 40, 0, 0, 0
82822, 60, 0, 0, 0
82822, 10, 1, 0, 0
82922, 20, 0, 0, 0
83022, 40, 0, 0, 0
83022, 10, 1, 0, 0
83122, 60, 0, 0, 0
83122, 20, 1, 0, 0
83322, 60, 0, 0, 0
83422, 20, 0, 0, 0
83422, 20, 1, 0, 0
83822, 20, 0, 0, 0
83922, 40, 0, 0, 0
84022, 20, 0, 0, 0
84223, 20, 0, 0, 0
84223, 10, 1, 0, 0
84323, 20, 0, 0, 0
84323, 20, 1, 0, 0
84423, 40, 0, 0, 0
84423, 10, 1, 0, 0
84622, 40, 0, 0, 0
84722, 40, 0, 0, 0
84822, 20, 0, 0, 0
85423, 20, 0, 0, 0
85523, 20, 0, 0, 0
85622, 60, 0, 0, 0
85622, 30, 1, 0, 0
85722, 20, 0, 0, 0
85822, 40, 0, 0, 0
85822, 10, 1, 0, 0
86422, 40, 0, 0, 0
86422, 40, 1, 0, 0
86522, 20, 0, 0, 0
86622, 40, 0, 0, 0
86622, 40, 1, 0, 0
86722, 20, 0, 0, 0
87522, 60, 0, 0, 0
87622, 120, 0, 0, 0
87622, 20, 1, 0, 0
87723, 40, 0, 0, 0
87823, 40, 0, 0, 0
87823, 10, 1, 0, 0
88023, 40, 0, 0, 0
88122, 40, 0, 0, 0
88322, 80, 0, 0, 0
88322, 20, 1, 0, 0
88422, 40, 0, 0, 0
88422, 20, 1, 0, 0
88522, 40, 0, 0, 0
88522, 10, 1, 0, 0
88622, 40, 0, 0, 0
88722, 100, 0, 0, 0
88722, 50, 1, 0, 0
88822, 240, 0, 0, 0
88822, 50, 1, 0, 0
88923, 200, 0, 0, 0
88923, 50, 1, 0, 0
89023, 80, 0, 0, 0
89222, 40, 0, 0, 0
89222, 10, 1, 0, 0
89322, 40, 0, 0, 0
89322, 20, 1, 0, 0
89422, 20, 0, 0, 0
89522, 40, 0, 0, 0
89522, 10, 1, 0, 0
89622, 20, 0, 0, 0
89722, 100, 0, 0, 0
89722, 10, 1, 0, 0
89922, 20, 0, 0, 0
89922, 30, 1, 0, 0
90122, 20, 0, 0, 0
91922, 60, 0, 0, 0
92022, 10, 0, 0, 0
92022, 10, 1, 0, 0
92422, 10, 0, 0, 0
92523, 60, 0, 0, 0
92523, 20, 1, 0, 0
92622, 20, 0, 0, 0
92622, 10, 1, 0, 0
92722, 40, 0, 0, 0
92722, 20, 1, 0, 0
93022, 20, 0, 0, 0
93022, 10, 1, 0, 0
93122, 160, 0, 0, 0
93122, 50, 1, 0, 0
93222, 120, 0, 0, 0
93222, 10, 1, 0, 0
93322, 260, 0, 0, 0
93322, 130, 1, 0, 0
93422, 140, 0, 0, 0
93422, 30, 1, 0, 0
93523, 80, 0, 0, 0
93622, 20, 0, 0, 0
93822, 140, 0, 0, 0
93822, 20, 1, 0, 0
93922, 240, 0, 0, 0
93922, 60, 1, 0, 0
94022, 60, 0, 0, 0
94022, 30, 1, 0, 0
94222, 60, 0, 0, 0
94222, 10, 1, 0, 0
94622, 20, 0, 0, 0
94622, 10, 1, 0, 0
94922, 20, 0, 0, 0
94922, 50, 1, 0, 0
95122, 40, 0, 0, 0
95122, 10, 1, 0, 0
95222, 40, 0, 0, 0
95222, 10, 1, 0, 0
95322, 80, 0, 0, 0
95322, 80, 1, 0, 0
95422, 20, 0, 0, 0
95422, 10, 1, 0, 0
95722, 20, 0, 0, 0
95822, 80, 0, 0, 0
95822, 30, 1, 0, 0
95923, 60, 0, 0, 0
95923, 20, 1, 0, 0
96023, 20, 0, 0, 0
96023, 20, 1, 0, 0
96222, 20, 0, 0, 0
96222, 20, 1, 0, 0
96322, 40, 0, 0, 0
97023, 40, 0, 0, 0
97023, 10, 1, 0, 0
97122, 20, 0, 0, 0
97222, 40, 0, 0, 0
97222, 30, 1, 0, 0
97322, 20, 0, 0, 0
97322, 10, 1, 0, 0
97422, 20, 0, 0, 0
97622, 220, 0, 0, 0
97622, 100, 1, 0, 0
97722, 260, 0, 0, 0
97722, 30, 1, 0, 0
97822, 260, 0, 0, 0
97822, 110, 1, 0, 0
97922, 260, 0, 0, 0
97922, 90, 1, 0, 0
98023, 240, 0, 0, 0
98023, 40, 1, 0, 0
98122, 262, 0, 0, 0
98122, 70, 1, 0, 0
98222, 260, 0, 0, 0
98222, 50, 1, 0, 0
98322, 240, 0, 0, 0
98322, 110, 1, 0, 0
98422, 260, 0, 0, 0
98422, 50, 1, 0, 0
98522, 260, 0, 0, 0
98522, 70, 1, 0, 0
98622, 80, 0, 0, 0
98622, 10, 1, 0, 0
98922, 80, 0, 0, 0
98922, 20, 1, 0, 0
99022, 40, 0, 0, 0
99223, 20, 0, 0, 0
99423, 20, 0, 0, 0
100223, 20, 0, 0, 0
100922, 20, 0, 0, 0
101922, 20, 0, 0, 0
101922, 10, 1, 0, 0
102022, 20, 0, 0, 0
102722, 40, 0, 0, 0
102722, 10, 1, 0, 0
102922, 40, 0, 0, 0
102922, 10, 1, 0, 0
103822, 20, 0, 0, 0
103822, 10, 1, 0, 0
104022, 60, 0, 0, 0
104022, 20, 1, 0, 0
104122, 80, 0, 0, 0
104122, 70, 1, 0, 0
104322, 20, 0, 0, 0
104322, 10, 1, 0, 0
104423, 40, 0, 0, 0
104523, 20, 0, 0, 0
104622, 40, 0, 0, 0
104622, 10, 1, 0, 0
104822, 60, 0, 0, 0
104822, 30, 1, 0, 0
104922, 20, 0, 0, 0
104922, 10, 1, 0, 0
105222, 20, 0, 0, 0
105322, 20, 0, 0, 0
105523, 20, 0, 0, 0
105622, 20, 0, 0, 0
105722, 20, 0, 0, 0
105922, 20, 0, 0, 0
105922, 10, 1, 0, 0
106022, 20, 0, 0, 0
106222, 20, 0, 0, 0
106422, 60, 0, 0, 0
106422, 20, 1, 0, 0
106522, 20, 0, 0, 0
106822, 40, 0, 0, 0
106922, 20, 0, 0, 0
107022, 40, 0, 0, 0
107022, 10, 1, 0, 0
107122, 20, 0, 0, 0
107322, 40, 0, 0, 0
107322, 10, 1, 0, 0
107522, 20, 0, 0, 0
107622, 80, 0, 0, 0
107622, 30, 1, 0, 0
107722, 40, 0, 0, 0
107722, 10, 1, 0, 0
108022, 40, 0, 0, 0
108022, 40, 1, 0, 0
108122, 20, 0, 0, 0
108322, 20, 0, 0, 0
108322, 10, 1, 0, 0
108422, 20, 0, 0, 0
108422, 10, 1, 0, 0
108522, 20, 0, 0, 0
108622, 40, 0, 0, 0
108622, 20, 1, 0, 0
108722, 60, 0, 0, 0
108722, 40, 1, 0, 0
108923, 220, 0, 0, 0
108923, 80, 1, 0, 0
109023, 260, 0, 0, 0
109023, 70, 1, 0, 0
109122, 242, 0, 0, 0
109122, 90, 1, 0, 0
109222, 1300, 0, 0, 0
109222, 230, 1, 0, 0
110522, 10, 1, 0, 0
110822, 60, 0, 0, 0
110822, 10, 1, 0, 0
111422, 10, 0, 0, 0
111422, 10, 1, 0, 0
111622, 10, 0, 0, 0
111722, 20, 0, 0, 0
111722, 10, 1, 0, 0
112423, 40, 0, 0, 0
112622, 20, 0, 0, 0
112722, 40, 0, 0, 0
112722, 20, 1, 0, 0
112822, 40, 0, 0, 0
112822, 10, 1, 0, 0
112922, 40, 0, 0, 0
112922, 30, 1, 0, 0
113022, 20, 0, 0, 0
113722, 40, 0, 0, 0
113722, 20, 1, 0, 0
113822, 20, 0, 0, 0
114122, 40, 0, 0, 0
114523, 80, 0, 0, 0
114523, 30, 1, 0, 0
114622, 20, 0, 0, 0
114922, 40, 0, 0, 0
115022, 200, 0, 0, 0
115022, 30, 1, 0, 0
115122, 80, 0, 0, 0
115122, 20, 1, 0, 0
115222, 20, 0, 0, 0
115322, 40, 0, 0, 0
115322, 10, 1, 0, 0
115423, 20, 0, 0, 0
115523, 20, 0, 0, 0
115523, 20, 1, 0, 0
116322, 20, 0, 0, 0
117522, 40, 0, 0, 0
118322, 20, 0, 0, 0
118322, 20, 1, 0, 0
118422, 40, 0, 0, 0
118522, 20, 0, 0, 0
118522, 30, 1, 0, 0
118722, 40, 0, 0, 0
118722, 10, 1, 0, 0
118923, 20, 0, 0, 0
119023, 40, 0, 0, 0
119023, 20, 1, 0, 0
119422, 40, 0, 0, 0
119422, 30, 1, 0, 0
119522, 40, 0, 0, 0
119522, 20, 1, 0, 0
119622, 20, 0, 0, 0
119622, 20, 1, 0, 0
120122, 40, 0, 0, 0
120222, 60, 0, 0, 0
120222, 30, 1, 0, 0
120322, 20, 0, 0, 0
120522, 20, 0, 0, 0
120622, 20, 0, 0, 0
120822, 60, 0, 0, 0
120822, 10, 1, 0, 0
120922, 20, 0, 0, 0
120922, 10, 1, 0, 0
121022, 40, 0, 0, 0
121022, 10, 1, 0, 0
121223, 20, 0, 0, 0
121323, 20, 0, 0, 0
121323, 10, 1, 0, 0
121523, 20, 0, 0, 0
121523, 10, 1, 0, 0
121722, 20, 0, 0, 0
121922, 20, 0, 0, 0
124222, 440, 0, 0, 0
124222, 150, 1, 0, 0
125322, 20, 0, 0, 0
125422, 20, 0, 0, 0
125422, 30, 1, 0, 0
125622, 790, 0, 0, 0
125622, 190, 1, 0, 0
128722, 10, 0, 0, 0
130622, 171, 0, 0, 0
130622, 70, 1, 0, 0
130722, 260, 0, 0, 0
130722, 70, 1, 0, 0
130822, 260, 0, 0, 0
130822, 80, 1, 0, 0
130922, 240, 0, 0, 0
130922, 40, 1, 0, 0
131022, 180, 0, 0, 0
131022, 10, 1, 0, 0
131122, 80, 0, 0, 0
131122, 20, 1, 0, 0
131322, 30, 0, 0, 0
131322, 20, 1, 0, 0
131522, 70, 0, 0, 0
131522, 20, 1, 0, 0
131622, 40, 0, 0, 0
131722, 30, 0, 0, 0
131722, 10, 1, 0, 0
131822, 90, 0, 0, 0
131922, 20, 0, 0, 0
131922, 10, 1, 0, 0
132122, 10, 0, 0, 0
132222, 50, 0, 0, 0
132422, 30, 0, 0, 0
132522, 30, 0, 0, 0
132522, 10, 1, 0, 0
132622, 40, 0, 0, 0
132823, 30, 0, 0, 0
133122, 30, 0, 0, 0
133122, 10, 1, 0, 0
133222, 80, 0, 0, 0
133222, 10, 1, 0, 0
133322, 20, 0, 0, 0
133422, 10, 0, 0, 0
133522, 20, 0, 0, 0
133722, 30, 0, 0, 0
133722, 20, 1, 0, 0
133923, 10, 0, 0, 0
134023, 10, 0, 0, 0
134322, 10, 0, 0, 0
134322, 10, 1, 0, 0
134822, 10, 0, 0, 0
134922, 10, 0, 0, 0
135023, 70, 0, 0, 0
135122, 10, 0, 0, 0
135322, 70, 0, 0, 0
135322, 20, 1, 0, 0
135522, 10, 0, 0, 0
135622, 10, 0, 0, 0
136323, 10, 0, 0, 0
137622, 10, 0, 0, 0
138422, 10, 0, 0, 0
138622, 10, 0, 0, 0
138822, 10, 0, 0, 0
138922, 70, 0, 0, 0
138922, 10, 1, 0, 0
139022, 60, 0, 0, 0
139823, 120, 0, 0, 0
139823, 20, 1, 0, 0
139923, 40, 0, 0, 0
140122, 10, 0, 0, 0
140722, 10, 0, 0, 0
140722, 20, 1, 0, 0
141122, 181, 0, 0, 0
141122, 20, 1, 0, 0
141222, 260, 0, 0, 0
141222, 60, 1, 0, 0
141322, 260, 0, 0, 0
141322, 40, 1, 0, 0
141422, 240, 0, 0, 0
141422, 60, 1, 0, 0
141522, 200, 0, 0, 0
141522, 70, 1, 0, 0
141622, 260, 0, 0, 0
141622, 60, 1, 0, 0
141722, 240, 0, 0, 0
141722, 40, 1, 0, 0
141822, 260, 0, 0, 0
141822, 40, 1, 0, 0
141923, 260, 0, 0, 0
141923, 60, 1, 0, 0
142023, 240, 0, 0, 0
142023, 50, 1, 0, 0
142122, 242, 0, 0, 0
142122, 80, 1, 0, 0
142222, 260, 0, 0, 0
142222, 110, 1, 0, 0
142322, 260, 0, 0, 0
142322, 60, 1, 0, 0
142422, 240, 0, 0, 0
142422, 20, 1, 0, 0
142522, 260, 0, 0, 0
142522, 60, 1, 0, 0
142622, 260, 0, 0, 0
142622, 10, 1, 0, 0
142722, 240, 0, 0, 0
142722, 100, 1, 0, 0
142822, 260, 0, 0, 0
142822, 40, 1, 0, 0
142923, 260, 0, 0, 0
142923, 60, 1, 0, 0
143023, 260, 0, 0, 0
143023, 70, 1, 0, 0
143122, 101, 0, 0, 0
143122, 20, 1, 0, 0
143322, 30, 0, 0, 0
143422, 30, 0, 0, 0
143422, 10, 1, 0, 0
143522, 80, 0, 0, 0
143522, 30, 1, 0, 0
143722, 10, 0, 0, 0
143722, 10, 1, 0, 0
143923, 20, 0, 0, 0
143923, 10, 1, 0, 0
144122, 30, 0, 0, 0
144122, 10, 1, 0, 0
144222, 40, 0, 0, 0
144222, 20, 1, 0, 0
144322, 60, 0, 0, 0
144322, 30, 1, 0, 0
144422, 30, 0, 0, 0
144422, 20, 1, 0, 0
144522, 30, 0, 0, 0
144622, 40, 0, 0, 0
144622, 30, 1, 0, 0
145023, 60, 0, 0, 0
145023, 30, 1, 0, 0
145122, 262, 0, 0, 0
145122, 111, 1, 0, 0
145222, 260, 0, 0, 0
145222, 50, 1, 0, 0
145322, 40, 0, 0, 0
145322, 10, 1, 0, 0
145522, 20, 0, 0, 0
145522, 20, 1, 0, 0
145622, 10, 0, 0, 0
145722, 30, 0, 0, 0
145722, 60, 1, 0, 0
145822, 40, 0, 0, 0
145822, 30, 1, 0, 0
145922, 30, 0, 0, 0
146022, 30, 0, 0, 0
146122, 40, 0, 0, 0
146122, 30, 1, 0, 0
146322, 10, 0, 0, 0
146322, 20, 1, 0, 0
146422, 70, 0, 0, 0
146422, 20, 1, 0, 0
146522, 140, 0, 0, 0
146522, 40, 1, 0, 0
146622, 40, 0, 0, 0
146722, 10, 0, 0, 0
146922, 190, 0, 0, 0
146922, 50, 1, 0, 0
147022, 40, 0, 0, 0
147622, 10, 0, 0, 0
147722, 10, 0, 0, 0
147822, 10, 0, 0, 0
147922, 30, 0, 0, 0
148122, 10, 0, 0, 0
148222, 10, 0, 0, 0
148423, 130, 0, 0, 0
148423, 10, 1, 0, 0
150422, 60, 0, 0, 0
150422, 20, 1, 0, 0
150522, 100, 0, 0, 0
150522, 40, 1, 0, 0
150822, 20, 0, 0, 0
150922, 40, 0, 0, 0
151022, 20, 0, 0, 0
151022, 20, 1, 0, 0
151122, 202, 0, 0, 0
151122, 30, 1, 0, 0
151222, 220, 0, 0, 0
151222, 30, 1, 0, 0
151322, 2280, 0, 0, 0
151322, 810, 1, 0, 0
151422, 1450, 0, 0, 0
151422, 350, 1, 0, 0
151622, 20, 0, 0, 0
151722, 40, 0, 0, 0
151822, 30, 0, 0, 0
151922, 110, 0, 0, 0
151922, 10, 1, 0, 0
152122, 10, 0, 0, 0
152222, 10, 0, 0, 0
152422, 120, 0, 0, 0
152422, 30, 1, 0, 0
152622, 10, 0, 0, 0
152822, 10, 0, 0, 0
152922, 30, 0, 0, 0
152922, 20, 1, 0, 0
153022, 70, 0, 0, 0
153022, 20, 1, 0, 0
153122, 10, 0, 0, 0
153323, 210, 0, 0, 0
153323, 60, 1, 0, 0
153423, 200, 0, 0, 0
153423, 40, 1, 0, 0
153523, 60, 0, 0, 0
153523, 20, 1, 0, 0
153622, 20, 0, 0, 0
153722, 10, 0, 0, 0
153722, 10, 1, 0, 0
154822, 30, 0, 0, 0
154822, 30, 1, 0, 0
155022, 10, 0, 0, 0
155322, 20, 0, 0, 0
155322, 10, 1, 0, 0
155422, 30, 0, 0, 0
155522, 40, 0, 0, 0
155723, 10, 0, 0, 0
156023, 10, 0, 0, 0
156023, 10, 1, 0, 0
156222, 10, 0, 0, 0
156422, 10, 0, 0, 0
156422, 10, 1, 0, 0
156522, 20, 0, 0, 0
157023, 40, 0, 0, 0
157222, 60, 0, 0, 0
157322, 40, 0, 0, 0
157622, 30, 0, 0, 0
158622, 30, 0, 0, 0
158622, 10, 1, 0, 0
158822, 10, 0, 0, 0
158922, 10, 0, 0, 0
159023, 10, 0, 0, 0
159122, 30, 0, 0, 0
159222, 20, 0, 0, 0
159322, 40, 0, 0, 0
159422, 10, 0, 0, 0
159522, 50, 0, 0, 0
159522, 10, 1, 0, 0
159622, 30, 0, 0, 0
159822, 10, 0, 0, 0
159922, 10, 0, 0, 0
160023, 30, 0, 0, 0
160122, 40, 0, 0, 0
160322, 80, 0, 0, 0
160322, 30, 1, 0, 0
160522, 10, 0, 0, 0
160622, 50, 0, 0, 0
160722, 140, 0, 0, 0
160722, 40, 1, 0, 0
160822, 40, 0, 0, 0
160822, 10, 1, 0, 0
160922, 20, 0, 0, 0
160922, 10, 1, 0, 0
161023, 40, 0, 0, 0
161122, 40, 0, 0, 0
161122, 10, 1, 0, 0
161322, 10, 0, 0, 0
161422, 10, 0, 0, 0
161422, 10, 1, 0, 0
161522, 10, 0, 0, 0
161622, 30, 0, 0, 0
161722, 40, 0, 0, 0
161722, 20, 1, 0, 0
162222, 10, 0, 0, 0
163023, 10, 0, 0, 0
163222, 40, 0, 0, 0
163422, 10, 0, 0, 0
163422, 10, 1, 0, 0
163522, 70, 0, 0, 0
163522, 20, 1, 0, 0
163622, 140, 0, 0, 0
163622, 70, 1, 0, 0
163722, 40, 0, 0, 0
163722, 10, 1, 0, 0
163922, 80, 0, 0, 0
163922, 50, 1, 0, 0
164122, 10, 0, 0, 0
164222, 30, 0, 0, 0
164322, 80, 0, 0, 0
164322, 10, 1, 0, 0
165222, 10, 0, 0, 0
165222, 10, 1, 0, 0
165722, 20, 0, 0, 0
165822, 30, 0, 0, 0
166022, 40, 0, 0, 0
166122, 10, 0, 0, 0
166322, 70, 0, 0, 0
166322, 10, 1, 0, 0
166423, 20, 0, 0, 0
166423, 10, 1, 0, 0
166622, 10, 0, 0, 0
166722, 50, 0, 0, 0
166722, 10, 1, 0, 0
166822, 40, 0, 0, 0
166822, 10, 1, 0, 0
166922, 10, 0, 0, 0
167122, 70, 0, 0, 0
167122, 30, 1, 0, 0
167222, 40, 0, 0, 0
167322, 10, 0, 0, 0
167322, 10, 1, 0, 0
167622, 10, 0, 0, 0
167822, 10, 0, 0, 0
167922, 10, 0, 0, 0
168022, 40, 0, 0, 0
168222, 10, 0, 0, 0
168322, 70, 0, 0, 0
168322, 20, 1, 0, 0
168422, 140, 0, 0, 0
168422, 80, 1, 0, 0
168522, 60, 0, 0, 0
168623, 10, 0, 0, 0
168823, 50, 0, 0, 0
168823, 10, 1, 0, 0
169023, 40, 0, 0, 0
169023, 30, 1, 0, 0
169122, 10, 0, 0, 0
169322, 10, 0, 0, 0
169422, 100, 0, 0, 0
169422, 100, 1, 0, 0
169522, 140, 0, 0, 0
169522, 90, 1, 0, 0
169622, 40, 0, 0, 0
169822, 10, 0, 0, 0
169923, 20, 0, 0, 0
169923, 10, 1, 0, 0
170023, 30, 0, 0, 0
170023, 10, 1, 0, 0
170322, 30, 0, 0, 0
170522, 50, 0, 0, 0
170522, 20, 1, 0, 0
170722, 40, 0, 0, 0
170822, 60, 0, 0, 0
170922, 120, 0, 0, 0
170922, 50, 1, 0, 0
171023, 20, 0, 0, 0
171122, 30, 0, 0, 0
171122, 20, 1, 0, 0
171422, 30, 0, 0, 0
171422, 20, 1, 0, 0
171522, 20, 0, 0, 0
171622, 10, 0, 0, 0
171822, 150, 0, 0, 0
171922, 40, 0, 0, 0
171922, 10, 1, 0, 0
172423, 10, 0, 0, 0
172523, 10, 0, 0, 0
172622, 20, 0, 0, 0
172722, 60, 0, 0, 0
172722, 10, 1, 0, 0
172822, 40, 0, 0, 0
172922, 10, 0, 0, 0
173222, 10, 0, 0, 0
173323, 20, 0, 0, 0
173423, 10, 0, 0, 0
173523, 30, 0, 0, 0
173622, 40, 0, 0, 0
173622, 20, 1, 0, 0
173722, 10, 0, 0, 0
173822, 10, 0, 0, 0
175922, 80, 0, 0, 0
176122, 10, 0, 0, 0
176322, 10, 0, 0, 0
176422, 80, 0, 0, 0
176422, 10, 1, 0, 0
176622, 10, 0, 0, 0
176622, 20, 1, 0, 0
176823, 10, 0, 0, 0
176823, 10, 1, 0, 0
177622, 40, 0, 0, 0
178422, 40, 0, 0, 0
178522, 20, 0, 0, 0
178522, 10, 1, 0, 0
178622, 10, 0, 0, 0
178622, 10, 1, 0, 0
178722, 30, 0, 0, 0
178822, 40, 0, 0, 0
178822, 20, 1, 0, 0
178923, 20, 0, 0, 0
179023, 10, 0, 0, 0
179122, 70, 0, 0, 0
179122, 10, 1, 0, 0
179222, 20, 0, 0, 0
179322, 10, 0, 0, 0
179522, 70, 0, 0, 0
179622, 10, 0, 0, 0
179622, 20, 1, 0, 0
