795, 711408871, 0, 0, 0
818, 23099616, 0, 0, 0
828, 292541, 1, 0, 0
904, 3669324, 0, 0, 0
904, 220732, 1, 0, 0
1003, 3719936, 0, 0, 0
1011, 262970, 1, 0, 0
1102, 3691151, 0, 0, 0
1117, 277702, 1, 0, 0
1201, 3713506, 0, 0, 0
1209, 279480, 1, 0, 0
1386, 23117834, 0, 0, 0
1387, 335803, 1, 0, 0
1404, 2777553, 0, 0, 0
1404, 303014, 1, 0, 0
1504, 4458519, 0, 0, 0
1638, 67061468, 0, 0, 0
1811, 86494923, 0, 0, 0
1811, 280132, 1, 0, 0
1943, 65663688, 0, 0, 0
2368, 70953576, 0, 0, 0
2369, 314910, 1, 0, 0
2516, 73411653, 0, 0, 0
2693, 88543377, 0, 0, 0
2806, 56636623, 0, 0, 0
2806, 308169, 1, 0, 0
2950, 71839233, 0, 0, 0
3065, 57338608, 0, 0, 0
3107, 10585295, 0, 0, 0
3210, 51781851, 0, 0, 0
3358, 24559841, 0, 0, 0
3417, 14729951, 0, 0, 0
3488, 288794, 1, 0, 0
3562, 14532872, 0, 0, 0
3701, 34764260, 0, 0, 0
3900, 99246776, 0, 0, 0
3900, 284459, 1, 0, 0
4071, 85402695, 0, 0, 0
4158, 43519346, 0, 0, 0
4220, 30712142, 0, 0, 0
4298, 310535, 1, 0, 0
4489, 44822142, 0, 0, 0
4596, 53473954, 0, 0, 0
4596, 299020, 1, 0, 0
4754, 79035846, 0, 0, 0
4871, 58391581, 0, 0, 0
4872, 288478, 1, 0, 0
5045, 86638473, 0, 0, 0
5045, 287924, 1, 0, 0
5126, 13302037, 0, 0, 0
5248, 30671477, 0, 0, 0
5401, 76268957, 0, 0, 0
6066, 332717007, 0, 0, 0
6315, 124316337, 0, 0, 0
6316, 290567, 1, 0, 0
6417, 50855306, 0, 0, 0
6642, 112226309, 0, 0, 0
6642, 282262, 1, 0, 0
6746, 52001950, 0, 0, 0
6748, 282825, 1, 0, 0
6826, 19976931, 0, 0, 0
7152, 162871174, 0, 0, 0
7153, 311861, 1, 0, 0
7273, 29940536, 0, 0, 0
7886, 306306559, 0, 0, 0
7954, 33992634, 0, 0, 0
7954, 278914, 1, 0, 0
8016, 30886505, 0, 0, 0
8169, 25467810, 0, 0, 0
8169, 282170, 1, 0, 0
8278, 27176419, 0, 0, 0
8278, 285365, 1, 0, 0
8698, 209534652, 0, 0, 0
8698, 355096, 1, 0, 0
8700, 708431, 0, 0, 0
8778, 329380, 1, 0, 0
8910, 52392479, 0, 0, 0
8910, 290348, 1, 0, 0
9036, 20874313, 0, 0, 0
9118, 20511714, 0, 0, 0
9386, 133714141, 0, 0, 0
9387, 286401, 1, 0, 0
9462, 18997902, 0, 0, 0
9658, 97947743, 0, 0, 0
9658, 297349, 1, 0, 0
9705, 5692495, 0, 0, 0
9713, 277580, 1, 0, 0
9856, 6772539, 0, 0, 0
9987, 32860148, 0, 0, 0
10123, 67733914, 0, 0, 0
10123, 288984, 1, 0, 0
10342, 109194925, 0, 0, 0
10342, 305900, 1, 0, 0
10468, 62982249, 0, 0, 0
11172, 351851942, 0, 0, 0
11172, 291310, 1, 0, 0
11255, 41398226, 0, 0, 0
11281, 302109, 1, 0, 0
11308, 13144697, 0, 0, 0
11388, 323033, 1, 0, 0
11457, 37007171, 0, 0, 0
11558, 25387432, 0, 0, 0
11881, 161297328, 0, 0, 0
11904, 2844976, 0, 0, 0
11904, 308741, 1, 0, 0
12006, 3826682, 0, 0, 0
12006, 288880, 1, 0, 0
12100, 3837522, 0, 0, 0
12179, 280057, 1, 0, 0
12223, 4718011, 0, 0, 0
12303, 19991167, 0, 0, 0
12362, 297509, 1, 0, 0
12529, 37651260, 0, 0, 0
12550, 285962, 1, 0, 0
12662, 22070149, 0, 0, 0
12692, 292219, 1, 0, 0
12706, 10833333, 0, 0, 0
12819, 56626027, 0, 0, 0
12820, 291720, 1, 0, 0
13012, 19153593, 0, 0, 0
13012, 280157, 1, 0, 0
13143, 32586964, 0, 0, 0
13410, 133620880, 0, 0, 0
13411, 292620, 1, 0, 0
13508, 48619021, 0, 0, 0
13508, 287009, 1, 0, 0
13655, 18142741, 0, 0, 0
13682, 274367, 1, 0, 0
13706, 6358647, 0, 0, 0
13714, 289345, 1, 0, 0
13800, 3817937, 0, 0, 0
13808, 273663, 1, 0, 0
13902, 3867599, 0, 0, 0
13934, 276015, 1, 0, 0
14004, 3834442, 0, 0, 0
14005, 268503, 1, 0, 0
14107, 3866824, 0, 0, 0
14115, 280240, 1, 0, 0
14201, 3792330, 0, 0, 0
14201, 271812, 1, 0, 0
14303, 3887614, 0, 0, 0
14304, 281767, 1, 0, 0
14405, 3791518, 0, 0, 0
14405, 270778, 1, 0, 0
14500, 3698377, 0, 0, 0
14508, 279993, 1, 0, 0
14602, 4031409, 0, 0, 0
14602, 276971, 1, 0, 0
14705, 4637316, 0, 0, 0
14722, 278108, 1, 0, 0
14930, 18618852, 0, 0, 0
15243, 156733628, 0, 0, 0
16479, 617892295, 0, 0, 0
16549, 35195948, 0, 0, 0
16587, 278791, 1, 0, 0
16897, 57859047, 0, 0, 0
16933, 18195121, 0, 0, 0
16934, 306989, 1, 0, 0
17118, 46063342, 0, 0, 0
17118, 297531, 1, 0, 0
17202, 4094860, 0, 0, 0
17241, 281589, 1, 0, 0
17304, 8535123, 0, 0, 0
17305, 286431, 1, 0, 0
17689, 96063622, 0, 0, 0
17689, 280741, 1, 0, 0
17831, 70629704, 0, 0, 0
17900, 11560640, 0, 0, 0
17920, 279561, 1, 0, 0
18037, 34307358, 0, 0, 0
18088, 305935, 1, 0, 0
18160, 12221473, 0, 0, 0
18161, 275010, 1, 0, 0
18200, 3881782, 0, 0, 0
18200, 273906, 1, 0, 0
18300, 3777617, 0, 0, 0
18301, 278573, 1, 0, 0
18411, 7835438, 0, 0, 0
18419, 284874, 1, 0, 0
18545, 33466501, 0, 0, 0
18546, 301396, 1, 0, 0
18683, 22858077, 0, 0, 0
18684, 287919, 1, 0, 0
18711, 13799906, 0, 0, 0
18719, 277459, 1, 0, 0
18821, 27433873, 0, 0, 0
18985, 81577599, 0, 0, 0
19006, 10902413, 0, 0, 0
19193, 46709707, 0, 0, 0
19194, 285131, 1, 0, 0
19253, 14737425, 0, 0, 0
19395, 70965557, 0, 0, 0
19476, 20345232, 0, 0, 0
19972, 248036310, 0, 0, 0
19973, 304254, 1, 0, 0
20036, 15791374, 0, 0, 0
20401, 182888262, 0, 0, 0
20402, 327053, 1, 0, 0
20521, 29910610, 0, 0, 0
21455, 466727264, 0, 0, 0
21456, 302555, 1, 0, 0
21528, 18229303, 0, 0, 0
21972, 221791167, 0, 0, 0
21973, 329419, 1, 0, 0
22000, 4478294, 0, 0, 0
22199, 99714853, 0, 0, 0
22199, 286368, 1, 0, 0
22332, 66212742, 0, 0, 0
22479, 24587558, 0, 0, 0
22480, 305248, 1, 0, 0
22705, 112754587, 0, 0, 0
22829, 61882490, 0, 0, 0
22935, 53082626, 0, 0, 0
22935, 285001, 1, 0, 0
23014, 19554897, 0, 0, 0
23615, 300378813, 0, 0, 0
23793, 29753437, 0, 0, 0
23801, 3894471, 0, 0, 0
23801, 283609, 1, 0, 0
23904, 25665327, 0, 0, 0
23905, 295263, 1, 0, 0
24006, 3883130, 0, 0, 0
24014, 279874, 1, 0, 0
24107, 3820779, 0, 0, 0
24107, 280585, 1, 0, 0
25740, 9019000, 0, 0, 0
25740, 442283, 1, 0, 0
25871, 65380657, 0, 0, 0
25872, 415447, 1, 0, 0
26091, 55001691, 0, 0, 0
26092, 457445, 1, 0, 0
26399, 307511782, 0, 0, 0
26435, 35322488, 0, 0, 0
26435, 412506, 1, 0, 0
26584, 24811981, 0, 0, 0
26954, 185064332, 0, 0, 0
27114, 26691973, 0, 0, 0
27286, 28631392, 0, 0, 0
27287, 476577, 1, 0, 0
27302, 7594534, 0, 0, 0
27302, 401421, 1, 0, 0
27509, 51683829, 0, 0, 0
27711, 101127528, 0, 0, 0
27866, 77370666, 0, 0, 0
28004, 69067471, 0, 0, 0
28040, 436072, 1, 0, 0
28163, 26376976, 0, 0, 0
28163, 510461, 1, 0, 0
28287, 60852011, 0, 0, 0
28287, 469935, 1, 0, 0
28930, 160792349, 0, 0, 0
29056, 31411782, 0, 0, 0
29057, 620857, 1, 0, 0
29100, 136804, 0, 0, 0
29100, 437509, 1, 0, 0
32239, 28679355, 0, 0, 0
34602, 2362313608, 0, 0, 0
34602, 437431, 1, 0, 0
35858, 1255821337, 0, 0, 0
36392, 533778322, 0, 0, 0
36392, 400976, 1, 0, 0
36758, 121764690, 0, 0, 0
36903, 72664437, 0, 0, 0
36904, 305015, 1, 0, 0
37355, 225772226, 0, 0, 0
37356, 393430, 1, 0, 0
37479, 30701747, 0, 0, 0
37559, 20176051, 0, 0, 0
37560, 327452, 1, 0, 0
37675, 28690366, 0, 0, 0
37700, 8127628, 0, 0, 0
37847, 49018136, 0, 0, 0
37903, 14120567, 0, 0, 0
38007, 52087271, 0, 0, 0
38008, 308096, 1, 0, 0
38168, 26684068, 0, 0, 0
38200, 8081314, 0, 0, 0
38326, 62759904, 0, 0, 0
38326, 299299, 1, 0, 0
38530, 33952203, 0, 0, 0
38531, 285579, 1, 0, 0
38752, 36911613, 0, 0, 0
39063, 155377438, 0, 0, 0
39063, 360171, 1, 0, 0
39168, 52186016, 0, 0, 0
39168, 309906, 1, 0, 0
39257, 14593892, 0, 0, 0
39257, 291167, 1, 0, 0
39495, 59419024, 0, 0, 0
39580, 42308062, 0, 0, 0
39601, 10655021, 0, 0, 0
39619, 284208, 1, 0, 0
39826, 22419021, 0, 0, 0
39826, 289383, 1, 0, 0
40031, 102416431, 0, 0, 0
40032, 322681, 1, 0, 0
40165, 66861714, 0, 0, 0
40166, 280714, 1, 0, 0
40305, 69801613, 0, 0, 0
40439, 66876646, 0, 0, 0
40439, 294603, 1, 0, 0
40578, 69282416, 0, 0, 0
40604, 12968497, 0, 0, 0
40716, 28074332, 0, 0, 0
40815, 49280269, 0, 0, 0
40909, 23550155, 0, 0, 0
40935, 280460, 1, 0, 0
41584, 67453662, 0, 0, 0
41688, 51577741, 0, 0, 0
41696, 276768, 1, 0, 0
41714, 6610948, 0, 0, 0
41715, 291573, 1, 0, 0
41800, 7612000, 0, 0, 0
41815, 284357, 1, 0, 0
41906, 3876503, 0, 0, 0
41906, 281469, 1, 0, 0
42000, 3822856, 0, 0, 0
42191, 23880337, 0, 0, 0
42205, 3652141, 0, 0, 0
42306, 25128663, 0, 0, 0
42308, 277606, 1, 0, 0
42415, 4103141, 0, 0, 0
42555, 35091110, 0, 0, 0
42556, 284166, 1, 0, 0
42696, 70269135, 0, 0, 0
42728, 16108021, 0, 0, 0
42729, 279171, 1, 0, 0
42869, 35220658, 0, 0, 0
43091, 110718408, 0, 0, 0
44131, 519967048, 0, 0, 0
45795, 832163082, 0, 0, 0
45930, 33771240, 0, 0, 0
45931, 365985, 1, 0, 0
46067, 68188036, 0, 0, 0
46068, 307452, 1, 0, 0
46108, 10057248, 0, 0, 0
46236, 31966389, 0, 0, 0
46383, 73482570, 0, 0, 0
46388, 310710, 1, 0, 0
46425, 10395279, 0, 0, 0
46425, 293949, 1, 0, 0
46513, 14380486, 0, 0, 0
46624, 27865006, 0, 0, 0
46625, 301430, 1, 0, 0
46861, 118002397, 0, 0, 0
46861, 370411, 1, 0, 0
46966, 52072925, 0, 0, 0
46966, 344758, 1, 0, 0
47021, 13584233, 0, 0, 0
47217, 98298327, 0, 0, 0
47218, 277187, 1, 0, 0
47451, 116790818, 0, 0, 0
47482, 281202, 1, 0, 0
47525, 7308180, 0, 0, 0
47556, 282470, 1, 0, 0
47603, 4858903, 0, 0, 0
47611, 276374, 1, 0, 0
47705, 3890469, 0, 0, 0
47705, 278398, 1, 0, 0
47807, 6304629, 0, 0, 0
47884, 290977, 1, 0, 0
47948, 11734766, 0, 0, 0
47954, 310913, 1, 0, 0
48096, 36930840, 0, 0, 0
48105, 4758885, 0, 0, 0
48192, 312379, 1, 0, 0
48200, 273229, 1, 0, 0
48200, 18757594, 0, 0, 0
48306, 4166220, 0, 0, 0
48307, 274757, 1, 0, 0
48616, 38608721, 0, 0, 0
48616, 292374, 1, 0, 0
48761, 72412745, 0, 0, 0
48870, 54292683, 0, 0, 0
49042, 86194489, 0, 0, 0
49135, 23270915, 0, 0, 0
49232, 48206997, 0, 0, 0
49232, 349099, 1, 0, 0
49398, 27582143, 0, 0, 0
49399, 295651, 1, 0, 0
49531, 65958494, 0, 0, 0
49531, 290993, 1, 0, 0
49691, 79785631, 0, 0, 0
49691, 284073, 1, 0, 0
49726, 17097273, 0, 0, 0
49729, 275363, 1, 0, 0
49855, 32239488, 0, 0, 0
49855, 292390, 1, 0, 0
50064, 104271813, 0, 0, 0
50194, 64765465, 0, 0, 0
50194, 278649, 1, 0, 0
50373, 89364299, 0, 0, 0
50467, 47349066, 0, 0, 0
50503, 8951001, 0, 0, 0
50503, 299817, 1, 0, 0
50624, 60234432, 0, 0, 0
50836, 105934153, 0, 0, 0
50940, 52115461, 0, 0, 0
52164, 611755016, 0, 0, 0
52247, 41557702, 0, 0, 0
52380, 33335366, 0, 0, 0
52381, 414627, 1, 0, 0
52450, 17415941, 0, 0, 0
52450, 357482, 1, 0, 0
52714, 131557301, 0, 0, 0
52873, 19944655, 0, 0, 0
53121, 124095941, 0, 0, 0
53122, 314627, 1, 0, 0
53213, 45607842, 0, 0, 0
53214, 326715, 1, 0, 0
53354, 35025483, 0, 0, 0
53386, 422942, 1, 0, 0
53444, 14903760, 0, 0, 0
53452, 283028, 1, 0, 0
53625, 45305695, 0, 0, 0
53625, 312465, 1, 0, 0
53792, 83531294, 0, 0, 0
53793, 339802, 1, 0, 0
53922, 64171073, 0, 0, 0
53923, 315512, 1, 0, 0
54081, 19820452, 0, 0, 0
54081, 296693, 1, 0, 0
54106, 12317709, 0, 0, 0
54106, 291887, 1, 0, 0
54228, 30414624, 0, 0, 0
54228, 307653, 1, 0, 0
54403, 87386908, 0, 0, 0
54510, 53504890, 0, 0, 0
54651, 70527458, 0, 0, 0
54878, 113674676, 0, 0, 0
54878, 327149, 1, 0, 0
54999, 60263511, 0, 0, 0
55095, 47862963, 0, 0, 0
55098, 291099, 1, 0, 0
55140, 11250149, 0, 0, 0
55184, 300342, 1, 0, 0
55296, 25880299, 0, 0, 0
55507, 105943450, 0, 0, 0
55601, 23425342, 0, 0, 0
55632, 288812, 1, 0, 0
55723, 15222619, 0, 0, 0
55739, 299702, 1, 0, 0
55800, 3751939, 0, 0, 0
55824, 276201, 1, 0, 0
55901, 4483919, 0, 0, 0
55901, 276723, 1, 0, 0
56001, 12520177, 0, 0, 0
56088, 315261, 1, 0, 0
56103, 10161792, 0, 0, 0
56115, 277610, 1, 0, 0
56252, 7345148, 0, 0, 0
56252, 284866, 1, 0, 0
56402, 18638370, 0, 0, 0
57491, 544330745, 0, 0, 0
57685, 96971073, 0, 0, 0
58056, 185954335, 0, 0, 0
58117, 30488771, 0, 0, 0
58379, 130750789, 0, 0, 0
58591, 52967233, 0, 0, 0
58673, 41224733, 0, 0, 0
58674, 301929, 1, 0, 0
58752, 38950029, 0, 0, 0
58752, 378384, 1, 0, 0
58985, 116285624, 0, 0, 0
59064, 39895685, 0, 0, 0
59065, 307665, 1, 0, 0
59165, 22083523, 0, 0, 0
59204, 9792961, 0, 0, 0
59662, 228839112, 0, 0, 0
59662, 392813, 1, 0, 0
59796, 134013455, 0, 0, 0
59797, 433370, 1, 0, 0
59801, 4244060, 0, 0, 0
59810, 418650, 1, 0, 0
59902, 4103119, 0, 0, 0
59992, 424509, 1, 0, 0
60000, 12246281, 0, 0, 0
60001, 430861, 1, 0, 0
60139, 69173811, 0, 0, 0
60278, 69573856, 0, 0, 0
60321, 21422161, 0, 0, 0
60322, 422042, 1, 0, 0
60425, 8516324, 0, 0, 0
60567, 35433358, 0, 0, 0
60567, 416563, 1, 0, 0
61453, 443162281, 0, 0, 0
61793, 169720461, 0, 0, 0
61850, 28723274, 0, 0, 0
61851, 484456, 1, 0, 0
63018, 583585406, 0, 0, 0
63018, 441729, 1, 0, 0
63279, 43291457, 0, 0, 0
63279, 421865, 1, 0, 0
63354, 9196523, 0, 0, 0
63354, 398281, 1, 0, 0
63424, 11564528, 0, 0, 0
63437, 387204, 1, 0, 0
63502, 3867773, 0, 0, 0
63518, 401984, 1, 0, 0
63664, 6567321, 0, 0, 0
63665, 381496, 1, 0, 0
63947, 70450021, 0, 0, 0
63947, 394832, 1, 0, 0
64171, 111339893, 0, 0, 0
64171, 435621, 1, 0, 0
64312, 70430854, 0, 0, 0
64313, 480797, 1, 0, 0
64539, 16090724, 0, 0, 0
65021, 241165837, 0, 0, 0
65171, 74726186, 0, 0, 0
65179, 422324, 1, 0, 0
65314, 35568590, 0, 0, 0
65314, 434815, 1, 0, 0
67684, 394932371, 0, 0, 0
67816, 66132456, 0, 0, 0
68016, 99621370, 0, 0, 0
68281, 132895308, 0, 0, 0
68311, 7341234, 0, 0, 0
68505, 96927409, 0, 0, 0
68646, 70609132, 0, 0, 0
68646, 481373, 1, 0, 0
68745, 49164982, 0, 0, 0
68746, 420059, 1, 0, 0
68884, 34559928, 0, 0, 0
68900, 4028647, 0, 0, 0
69091, 31862536, 0, 0, 0
69092, 526007, 1, 0, 0
69114, 5279620, 0, 0, 0
69122, 402795, 1, 0, 0
69245, 32778971, 0, 0, 0
69462, 108409567, 0, 0, 0
69462, 466370, 1, 0, 0
69612, 74746320, 0, 0, 0
69707, 47370403, 0, 0, 0
69708, 399669, 1, 0, 0
69866, 26199303, 0, 0, 0
70006, 70205372, 0, 0, 0
70071, 395122, 1, 0, 0
70192, 23115115, 0, 0, 0
70374, 90895894, 0, 0, 0
70470, 48244934, 0, 0, 0
70471, 401300, 1, 0, 0
70506, 8737858, 0, 0, 0
70514, 425281, 1, 0, 0
70659, 38213153, 0, 0, 0
70660, 413016, 1, 0, 0
70806, 73242682, 0, 0, 0
70938, 66070778, 0, 0, 0
71203, 66118626, 0, 0, 0
72226, 255820951, 0, 0, 0
72316, 44791917, 0, 0, 0
72316, 422323, 1, 0, 0
72408, 7578034, 0, 0, 0
72423, 402267, 1, 0, 0
72551, 35499860, 0, 0, 0
72614, 31872139, 0, 0, 0
72711, 24024876, 0, 0, 0
72784, 624104, 1, 0, 0
72875, 27372047, 0, 0, 0
72876, 508921, 1, 0, 0
73129, 126318377, 0, 0, 0
73364, 58731663, 0, 0, 0
73446, 41005550, 0, 0, 0
73446, 446936, 1, 0, 0
73601, 18876812, 0, 0, 0
73734, 66490178, 0, 0, 0
73734, 470557, 1, 0, 0
73812, 9599643, 0, 0, 0
73964, 25230345, 0, 0, 0
73964, 402130, 1, 0, 0
74018, 26861346, 0, 0, 0
74019, 631811, 1, 0, 0
74113, 23542062, 0, 0, 0
74276, 27194044, 0, 0, 0
74277, 528164, 1, 0, 0
74500, 111773701, 0, 0, 0
74625, 62432308, 0, 0, 0
74626, 394786, 1, 0, 0
74775, 74751214, 0, 0, 0
74823, 7993074, 0, 0, 0
74978, 38802412, 0, 0, 0
75005, 13195782, 0, 0, 0
75491, 243202848, 0, 0, 0
75492, 452603, 1, 0, 0
75607, 57849215, 0, 0, 0
75637, 393814, 1, 0, 0
76568, 240083502, 0, 0, 0
76741, 43164274, 0, 0, 0
76954, 53190825, 0, 0, 0
76954, 672822, 1, 0, 0
77010, 27383108, 0, 0, 0
77010, 479708, 1, 0, 0
77165, 77212011, 0, 0, 0
77499, 83378821, 0, 0, 0
77499, 465046, 1, 0, 0
77500, 512126, 1, 0, 0
77592, 46025597, 0, 0, 0
77627, 8541135, 0, 0, 0
77707, 19843248, 0, 0, 0
77797, 550550, 1, 0, 0
77804, 24229493, 0, 0, 0
77950, 73084286, 0, 0, 0
77978, 424653, 1, 0, 0
78147, 24512076, 0, 0, 0
78149, 388706, 1, 0, 0
78203, 13917305, 0, 0, 0
78351, 36907838, 0, 0, 0
78351, 443679, 1, 0, 0
78517, 82765843, 0, 0, 0
78517, 435373, 1, 0, 0
78614, 16126451, 0, 0, 0
78644, 382320, 1, 0, 0
78703, 3644608, 0, 0, 0
78765, 386667, 1, 0, 0
78803, 3769209, 0, 0, 0
78827, 379648, 1, 0, 0
78905, 3882330, 0, 0, 0
78905, 396098, 1, 0, 0
79000, 11776482, 0, 0, 0
79157, 39246321, 0, 0, 0
79324, 83705043, 0, 0, 0
79456, 32874388, 0, 0, 0
79456, 404210, 1, 0, 0
79644, 93919752, 0, 0, 0
79916, 68016648, 0, 0, 0
80049, 33324506, 0, 0, 0
80050, 418236, 1, 0, 0
80261, 105465367, 0, 0, 0
80365, 52017923, 0, 0, 0
80366, 431285, 1, 0, 0
80400, 149730, 0, 0, 0
80401, 407712, 1, 0, 0
80580, 3269491, 0, 0, 0
80640, 29939169, 0, 0, 0
80640, 407593, 1, 0, 0
80756, 14400907, 0, 0, 0
80805, 8211844, 0, 0, 0
80806, 298756, 1, 0, 0
80906, 49543445, 0, 0, 0
80932, 344256, 1, 0, 0
81003, 15980371, 0, 0, 0
81003, 280215, 1, 0, 0
81100, 3983369, 0, 0, 0
81100, 272986, 1, 0, 0
81215, 8017684, 0, 0, 0
81215, 292004, 1, 0, 0
81373, 39448313, 0, 0, 0
81374, 312786, 1, 0, 0
81529, 77794367, 0, 0, 0
81728, 99251919, 0, 0, 0
81728, 307981, 1, 0, 0
81886, 78866594, 0, 0, 0
82118, 115847778, 0, 0, 0
82219, 50546878, 0, 0, 0
82386, 27858245, 0, 0, 0
82530, 71860029, 0, 0, 0
82530, 476464, 1, 0, 0
82604, 18360356, 0, 0, 0
82604, 339414, 1, 0, 0
82754, 25014043, 0, 0, 0
82755, 303357, 1, 0, 0
82805, 12620367, 0, 0, 0
82916, 55540617, 0, 0, 0
82946, 310677, 1, 0, 0
83078, 26900324, 0, 0, 0
83078, 293713, 1, 0, 0
83102, 5966929, 0, 0, 0
83102, 284931, 1, 0, 0
83231, 64264760, 0, 0, 0
83406, 29223113, 0, 0, 0
83407, 301071, 1, 0, 0
83775, 183944980, 0, 0, 0
83833, 28907359, 0, 0, 0
83931, 24735037, 0, 0, 0
84174, 121008133, 0, 0, 0
84174, 303657, 1, 0, 0
84304, 65155499, 0, 0, 0
84304, 321762, 1, 0, 0
84401, 48249029, 0, 0, 0
84402, 280151, 1, 0, 0
84531, 32401959, 0, 0, 0
84605, 36811107, 0, 0, 0
84761, 26110305, 0, 0, 0
85385, 312022385, 0, 0, 0
85459, 36748947, 0, 0, 0
85525, 33241329, 0, 0, 0
85526, 293757, 1, 0, 0
85614, 22085670, 0, 0, 0
85615, 283130, 1, 0, 0
85714, 49812346, 0, 0, 0
85723, 298883, 1, 0, 0
86387, 112035000, 0, 0, 0
86387, 314906, 1, 0, 0
86426, 9515349, 0, 0, 0
86534, 54176474, 0, 0, 0
86535, 284934, 1, 0, 0
86625, 22356466, 0, 0, 0
87435, 404980488, 0, 0, 0
87527, 15364586, 0, 0, 0
87538, 279354, 1, 0, 0
87611, 13824408, 0, 0, 0
87729, 11824331, 0, 0, 0
87735, 280704, 1, 0, 0
87940, 52704753, 0, 0, 0
88011, 35258018, 0, 0, 0
88270, 43301542, 0, 0, 0
88271, 312183, 1, 0, 0
88310, 6606849, 0, 0, 0
88311, 281720, 1, 0, 0
88488, 29475104, 0, 0, 0
88518, 14870110, 0, 0, 0
88518, 308264, 1, 0, 0
88644, 21036055, 0, 0, 0
88645, 395578, 1, 0, 0
88722, 9444131, 0, 0, 0
88738, 278925, 1, 0, 0
88801, 3905266, 0, 0, 0
88809, 282463, 1, 0, 0
88931, 4948847, 0, 0, 0
89122, 23823699, 0, 0, 0
89220, 49117351, 0, 0, 0
89221, 309208, 1, 0, 0
89377, 25902260, 0, 0, 0
89443, 33362190, 0, 0, 0
89473, 374462, 1, 0, 0
89576, 32991670, 0, 0, 0
89678, 50913898, 0, 0, 0
89707, 4860324, 0, 0, 0
89707, 297234, 1, 0, 0
89869, 40530934, 0, 0, 0
89870, 311783, 1, 0, 0
90116, 122932416, 0, 0, 0
91826, 53447793, 0, 0, 0
92001, 29133668, 0, 0, 0
92001, 321618, 1, 0, 0
92330, 329260955, 0, 0, 0
92434, 103451866, 0, 0, 0
92452, 428311, 1, 0, 0
92545, 18329311, 0, 0, 0
92545, 415596, 1, 0, 0
92624, 39727518, 0, 0, 0
92625, 429673, 1, 0, 0
92948, 80714156, 0, 0, 0
92949, 437837, 1, 0, 0
93055, 53371050, 0, 0, 0
93056, 426537, 1, 0, 0
93102, 4446727, 0, 0, 0
93205, 8602724, 0, 0, 0
93222, 415221, 1, 0, 0
93305, 3643410, 0, 0, 0
93313, 390897, 1, 0, 0
93424, 5845765, 0, 0, 0
93587, 20440519, 0, 0, 0
93778, 95562810, 0, 0, 0
93803, 3045263, 0, 0, 0
93803, 396116, 1, 0, 0
93905, 3822402, 0, 0, 0
93922, 388851, 1, 0, 0
94003, 12099100, 0, 0, 0
94003, 406991, 1, 0, 0
94134, 65637007, 0, 0, 0
94159, 386828, 1, 0, 0
94613, 79712374, 0, 0, 0
94614, 624904, 1, 0, 0
94853, 119683402, 0, 0, 0
94854, 677695, 1, 0, 0
95107, 125420394, 0, 0, 0
95114, 614469, 1, 0, 0
95238, 16172102, 0, 0, 0
95238, 514716, 1, 0, 0
95384, 17854745, 0, 0, 0
95385, 460441, 1, 0, 0
95670, 142643926, 0, 0, 0
95750, 39795870, 0, 0, 0
95750, 393361, 1, 0, 0
95828, 9614875, 0, 0, 0
95828, 394601, 1, 0, 0
95969, 23449488, 0, 0, 0
95970, 409317, 1, 0, 0
96200, 114785140, 0, 0, 0
96200, 406945, 1, 0, 0
96319, 29562059, 0, 0, 0
96983, 332378871, 0, 0, 0
96985, 395330, 1, 0, 0
97071, 21764774, 0, 0, 0
97139, 34165029, 0, 0, 0
97140, 400762, 1, 0, 0
97254, 28480591, 0, 0, 0
97255, 389888, 1, 0, 0
97388, 66451569, 0, 0, 0
97537, 74511258, 0, 0, 0
97545, 402665, 1, 0, 0
97600, 3693518, 0, 0, 0
97647, 387243, 1, 0, 0
97702, 3903426, 0, 0, 0
97702, 394880, 1, 0, 0
97804, 3793662, 0, 0, 0
97804, 399896, 1, 0, 0
97906, 3751854, 0, 0, 0
97915, 391860, 1, 0, 0
98001, 3864936, 0, 0, 0
98017, 392054, 1, 0, 0
98102, 3797704, 0, 0, 0
98127, 385506, 1, 0, 0
98205, 3855529, 0, 0, 0
98245, 390538, 1, 0, 0
98300, 391550, 1, 0, 0
98307, 3809749, 0, 0, 0
98401, 3800451, 0, 0, 0
98425, 390412, 1, 0, 0
98503, 3812914, 0, 0, 0
98535, 389685, 1, 0, 0
98835, 23668130, 0, 0, 0
98849, 412070, 1, 0, 0
98923, 10861901, 0, 0, 0
99214, 72757328, 0, 0, 0
99379, 82545061, 0, 0, 0
100206, 413574664, 0, 0, 0
100866, 330228077, 0, 0, 0
101907, 520428627, 0, 0, 0
101908, 423747, 1, 0, 0
102706, 199667232, 0, 0, 0
102707, 482268, 1, 0, 0
102830, 30792548, 0, 0, 0
102831, 408248, 1, 0, 0
103815, 246044239, 0, 0, 0
103815, 396177, 1, 0, 0
103934, 59262166, 0, 0, 0
104004, 34946475, 0, 0, 0
104004, 428283, 1, 0, 0
104108, 12850738, 0, 0, 0
104109, 406546, 1, 0, 0
104245, 33575407, 0, 0, 0
104245, 446853, 1, 0, 0
104417, 85825741, 0, 0, 0
104510, 23423428, 0, 0, 0
104596, 453808, 1, 0, 0
104620, 27239013, 0, 0, 0
104751, 65478508, 0, 0, 0
104751, 393490, 1, 0, 0
104910, 26271577, 0, 0, 0
104910, 398756, 1, 0, 0
105160, 124789627, 0, 0, 0
105248, 44274874, 0, 0, 0
105424, 88094607, 0, 0, 0
105547, 61315574, 0, 0, 0
105707, 79953477, 0, 0, 0
105847, 69943784, 0, 0, 0
105847, 399819, 1, 0, 0
106005, 78803434, 0, 0, 0
106180, 87871372, 0, 0, 0
106328, 73815607, 0, 0, 0
106329, 461331, 1, 0, 0
106421, 45982452, 0, 0, 0
106421, 401908, 1, 0, 0
106502, 20194352, 0, 0, 0
106748, 123329483, 0, 0, 0
106839, 22558697, 0, 0, 0
106989, 75404800, 0, 0, 0
106990, 445931, 1, 0, 0
107056, 16505640, 0, 0, 0
107224, 83977712, 0, 0, 0
107226, 396002, 1, 0, 0
107487, 65720672, 0, 0, 0
107532, 22466088, 0, 0, 0
107541, 413143, 1, 0, 0
107605, 18023724, 0, 0, 0
107678, 427886, 1, 0, 0
107945, 42402770, 0, 0, 0
107947, 408499, 1, 0, 0
108087, 35046573, 0, 0, 0
108260, 86375722, 0, 0, 0
108260, 412456, 1, 0, 0
108361, 50627429, 0, 0, 0
108362, 392550, 1, 0, 0
108511, 74338348, 0, 0, 0
108527, 425510, 1, 0, 0
108680, 28134476, 0, 0, 0
108700, 9905185, 0, 0, 0
108700, 402771, 1, 0, 0
108843, 35311958, 0, 0, 0
108855, 382628, 1, 0, 0
108900, 3896154, 0, 0, 0
108915, 383849, 1, 0, 0
109006, 3736936, 0, 0, 0
109007, 393146, 1, 0, 0
109100, 3708038, 0, 0, 0
109140, 390292, 1, 0, 0
110487, 393440, 1, 0, 0
110760, 2523387, 0, 0, 0
110761, 635766, 1, 0, 0
111397, 106012407, 0, 0, 0
111397, 421788, 1, 0, 0
111582, 185095174, 0, 0, 0
111685, 102959150, 0, 0, 0
111686, 431294, 1, 0, 0
112349, 331745265, 0, 0, 0
112609, 64919599, 0, 0, 0
112680, 410516, 1, 0, 0
112768, 26407973, 0, 0, 0
112769, 392826, 1, 0, 0
112807, 19190075, 0, 0, 0
112883, 429100, 1, 0, 0
112980, 28637912, 0, 0, 0
113718, 368943972, 0, 0, 0
113719, 431149, 1, 0, 0
114064, 57524860, 0, 0, 0
114438, 93416071, 0, 0, 0
114438, 446855, 1, 0, 0
114591, 19003623, 0, 0, 0
114822, 115544464, 0, 0, 0
114907, 42127567, 0, 0, 0
114961, 440534, 1, 0, 0
115002, 5914088, 0, 0, 0
115010, 409468, 1, 0, 0
115169, 11859895, 0, 0, 0
115280, 55540916, 0, 0, 0
115306, 12782466, 0, 0, 0
115306, 423227, 1, 0, 0
115434, 31785209, 0, 0, 0
115434, 411091, 1, 0, 0
116306, 435992558, 0, 0, 0
117511, 602129907, 0, 0, 0
118253, 185646161, 0, 0, 0
118254, 418502, 1, 0, 0
118392, 68801787, 0, 0, 0
118488, 23960006, 0, 0, 0
118488, 454061, 1, 0, 0
118668, 89575580, 0, 0, 0
118676, 387144, 1, 0, 0
118878, 52333651, 0, 0, 0
118931, 26597942, 0, 0, 0
118947, 425420, 1, 0, 0
119405, 118413478, 0, 0, 0
119406, 408927, 1, 0, 0
119554, 18260792, 0, 0, 0
119554, 409650, 1, 0, 0
120066, 256000335, 0, 0, 0
120137, 17543494, 0, 0, 0
120185, 404146, 1, 0, 0
120304, 27725104, 0, 0, 0
120462, 78963023, 0, 0, 0
120583, 60456821, 0, 0, 0
120734, 75659265, 0, 0, 0
120735, 396161, 1, 0, 0
120917, 30399331, 0, 0, 0
120918, 397665, 1, 0, 0
121004, 43441315, 0, 0, 0
121013, 408770, 1, 0, 0
121145, 35035712, 0, 0, 0
121294, 74549782, 0, 0, 0
121295, 404007, 1, 0, 0
121464, 84654742, 0, 0, 0
121464, 430620, 1, 0, 0
121636, 85968250, 0, 0, 0
121850, 107147769, 0, 0, 0
124141, 1145040681, 0, 0, 0
124141, 471043, 1, 0, 0
125227, 10749898, 0, 0, 0
125356, 64624952, 0, 0, 0
125357, 396213, 1, 0, 0
125574, 108259929, 0, 0, 0
125584, 430005, 1, 0, 0
125604, 2880997, 0, 0, 0
125605, 411963, 1, 0, 0
128716, 44988168, 0, 0, 0
130555, 1839404633, 0, 0, 0
130555, 444154, 1, 0, 0
130601, 4051030, 0, 0, 0
130617, 220790, 1, 0, 0
130703, 3890832, 0, 0, 0
130712, 233421, 1, 0, 0
130806, 3842463, 0, 0, 0
130814, 294102, 1, 0, 0
130900, 3873618, 0, 0, 0
130908, 283632, 1, 0, 0
131020, 5404167, 0, 0, 0
131029, 286748, 1, 0, 0
131102, 10252262, 0, 0, 0
131103, 284985, 1, 0, 0
131248, 72731995, 0, 0, 0
131295, 274743, 1, 0, 0
131313, 32564776, 0, 0, 0
131314, 289122, 1, 0, 0
131453, 139311097, 0, 0, 0
131453, 310102, 1, 0, 0
131532, 11167233, 0, 0, 0
131643, 27777883, 0, 0, 0
131694, 314693, 1, 0, 0
131743, 33115206, 0, 0, 0
131902, 17664806, 0, 0, 0
131902, 401541, 1, 0, 0
132045, 71751283, 0, 0, 0
132187, 141072169, 0, 0, 0
132210, 11703007, 0, 0, 0
132357, 49106860, 0, 0, 0
132517, 53169757, 0, 0, 0
132518, 285891, 1, 0, 0
132731, 30574602, 0, 0, 0
132822, 45654599, 0, 0, 0
133065, 242624739, 0, 0, 0
133066, 305628, 1, 0, 0
133170, 34897153, 0, 0, 0
133172, 297509, 1, 0, 0
133212, 6967425, 0, 0, 0
133344, 32890384, 0, 0, 0
133486, 142046307, 0, 0, 0
133515, 29629037, 0, 0, 0
133670, 154806661, 0, 0, 0
133671, 312876, 1, 0, 0
133841, 56726376, 0, 0, 0
134004, 162817711, 0, 0, 0
134222, 218263900, 0, 0, 0
134222, 298929, 1, 0, 0
134795, 572166219, 0, 0, 0
134830, 35426072, 0, 0, 0
134952, 122217577, 0, 0, 0
135103, 21594003, 0, 0, 0
135245, 141201149, 0, 0, 0
135272, 287604, 1, 0, 0
135309, 21217634, 0, 0, 0
135434, 31391303, 0, 0, 0
135603, 168310696, 0, 0, 0
136317, 713924052, 0, 0, 0
137530, 1213280077, 0, 0, 0
138325, 795083970, 0, 0, 0
138532, 206959813, 0, 0, 0
138776, 243591953, 0, 0, 0
138835, 59335352, 0, 0, 0
138895, 284732, 1, 0, 0
138902, 13364531, 0, 0, 0
139739, 104663070, 0, 0, 0
139766, 308840, 1, 0, 0
139800, 6057780, 0, 0, 0
139801, 279455, 1, 0, 0
140034, 38845391, 0, 0, 0
140684, 650140691, 0, 0, 0
140684, 337277, 1, 0, 0
141026, 341265257, 0, 0, 0
141026, 297180, 1, 0, 0
141102, 6281576, 0, 0, 0
141141, 282135, 1, 0, 0
141204, 3861859, 0, 0, 0
141212, 280050, 1, 0, 0
141306, 3887635, 0, 0, 0
141306, 279724, 1, 0, 0
141400, 3872506, 0, 0, 0
141401, 279244, 1, 0, 0
141504, 5122417, 0, 0, 0
141504, 283318, 1, 0, 0
141606, 3826376, 0, 0, 0
141607, 273030, 1, 0, 0
141701, 3896769, 0, 0, 0
141701, 279830, 1, 0, 0
141802, 3875655, 0, 0, 0
141811, 277733, 1, 0, 0
141905, 3857794, 0, 0, 0
141913, 279042, 1, 0, 0
142007, 3876995, 0, 0, 0
142015, 277598, 1, 0, 0
142102, 4208002, 0, 0, 0
142118, 270362, 1, 0, 0
142204, 3852865, 0, 0, 0
142204, 279517, 1, 0, 0
142306, 3815428, 0, 0, 0
142306, 272360, 1, 0, 0
142400, 3908028, 0, 0, 0
142409, 276449, 1, 0, 0
142503, 3855661, 0, 0, 0
142582, 279036, 1, 0, 0
142604, 3908371, 0, 0, 0
142629, 295069, 1, 0, 0
142700, 277304, 1, 0, 0
142707, 3835620, 0, 0, 0
142801, 3885042, 0, 0, 0
142801, 279003, 1, 0, 0
142903, 3889227, 0, 0, 0
142920, 283392, 1, 0, 0
143006, 3836703, 0, 0, 0
143021, 273048, 1, 0, 0
143103, 8035347, 0, 0, 0
143103, 276887, 1, 0, 0
143226, 30686804, 0, 0, 0
143413, 62350172, 0, 0, 0
143414, 287400, 1, 0, 0
143688, 24956820, 0, 0, 0
143689, 289868, 1, 0, 0
143829, 140239859, 0, 0, 0
143878, 299390, 1, 0, 0
144051, 110592992, 0, 0, 0
144052, 280146, 1, 0, 0
144198, 49031365, 0, 0, 0
144198, 293714, 1, 0, 0
144203, 2463812, 0, 0, 0
144254, 275583, 1, 0, 0
144394, 23726320, 0, 0, 0
144397, 267974, 1, 0, 0
144408, 6612071, 0, 0, 0
144408, 295151, 1, 0, 0
144576, 41988995, 0, 0, 0
144576, 280975, 1, 0, 0
144933, 89119066, 0, 0, 0
144943, 276521, 1, 0, 0
145007, 24566101, 0, 0, 0
145008, 288473, 1, 0, 0
145103, 4018337, 0, 0, 0
145111, 275399, 1, 0, 0
145205, 3869695, 0, 0, 0
145213, 284564, 1, 0, 0
145304, 12275867, 0, 0, 0
145446, 70864097, 0, 0, 0
145446, 288547, 1, 0, 0
145524, 38934694, 0, 0, 0
145670, 146082048, 0, 0, 0
145670, 325557, 1, 0, 0
145743, 23824829, 0, 0, 0
145744, 298966, 1, 0, 0
145898, 38429250, 0, 0, 0
145900, 2257853, 0, 0, 0
146000, 33085792, 0, 0, 0
146090, 278719, 1, 0, 0
146235, 39083781, 0, 0, 0
146235, 300547, 1, 0, 0
146364, 128040076, 0, 0, 0
146370, 301621, 1, 0, 0
146412, 16072805, 0, 0, 0
146420, 280648, 1, 0, 0
146531, 6511013, 0, 0, 0
146693, 40533484, 0, 0, 0
146846, 153249548, 0, 0, 0
146851, 280599, 1, 0, 0
146900, 4109169, 0, 0, 0
146901, 281093, 1, 0, 0
147621, 72032761, 0, 0, 0
147700, 78775793, 0, 0, 0
147879, 89381872, 0, 0, 0
148033, 51523980, 0, 0, 0
148212, 178896053, 0, 0, 0
148345, 132887403, 0, 0, 0
148401, 6968611, 0, 0, 0
148409, 285472, 1, 0, 0
150383, 7941124, 0, 0, 0
150384, 471076, 1, 0, 0
150404, 10149735, 0, 0, 0
150412, 431093, 1, 0, 0
150509, 10389047, 0, 0, 0
150509, 393780, 1, 0, 0
150808, 74592496, 0, 0, 0
150969, 26829226, 0, 0, 0
150970, 443760, 1, 0, 0
151046, 37949922, 0, 0, 0
151062, 444110, 1, 0, 0
151100, 423489, 1, 0, 0
151100, 3509482, 0, 0, 0
151207, 4215440, 0, 0, 0
151253, 430374, 1, 0, 0
151300, 450883, 0, 0, 0
151300, 448731, 1, 0, 0
151545, 979786, 0, 0, 0
151661, 58117878, 0, 0, 0
151814, 38334438, 0, 0, 0
151877, 431138, 1, 0, 0
152054, 17091423, 0, 0, 0
152199, 145390794, 0, 0, 0
152330, 131050587, 0, 0, 0
152389, 297539, 1, 0, 0
152403, 7223154, 0, 0, 0
152532, 64304164, 0, 0, 0
152737, 204455168, 0, 0, 0
152866, 129798920, 0, 0, 0
152867, 295499, 1, 0, 0
152938, 23792222, 0, 0, 0
152939, 282469, 1, 0, 0
153011, 14376512, 0, 0, 0
153011, 286610, 1, 0, 0
153226, 71805515, 0, 0, 0
153236, 293826, 1, 0, 0
153305, 5161906, 0, 0, 0
153305, 285832, 1, 0, 0
153400, 4267246, 0, 0, 0
153498, 283083, 1, 0, 0
153569, 16753258, 0, 0, 0
153656, 43494614, 0, 0, 0
153656, 296647, 1, 0, 0
154790, 1133681903, 0, 0, 0
154790, 304831, 1, 0, 0
154928, 45717314, 0, 0, 0
155243, 315462020, 0, 0, 0
155289, 294694, 1, 0, 0
155400, 78124592, 0, 0, 0
155511, 37233009, 0, 0, 0
155678, 41736679, 0, 0, 0
155971, 293113764, 0, 0, 0
155972, 312505, 1, 0, 0
156141, 169365591, 0, 0, 0
156360, 218694641, 0, 0, 0
156360, 345758, 1, 0, 0
156426, 65582537, 0, 0, 0
156973, 273448506, 0, 0, 0
157001, 28001774, 0, 0, 0
157127, 42224157, 0, 0, 0
157248, 20125459, 0, 0, 0
157557, 77334564, 0, 0, 0
158607, 349990855, 0, 0, 0
158608, 332105, 1, 0, 0
158759, 50252126, 0, 0, 0
158847, 88406400, 0, 0, 0
158941, 94151190, 0, 0, 0
159071, 130324455, 0, 0, 0
159221, 49943030, 0, 0, 0
159300, 15794607, 0, 0, 0
159454, 76938957, 0, 0, 0
159521, 22435514, 0, 0, 0
159522, 283775, 1, 0, 0
159622, 24999072, 0, 0, 0
159765, 143729882, 0, 0, 0
159822, 56967517, 0, 0, 0
159925, 102303161, 0, 0, 0
160073, 49374468, 0, 0, 0
160270, 49226478, 0, 0, 0
160270, 286952, 1, 0, 0
160432, 20207518, 0, 0, 0
160572, 139654838, 0, 0, 0
160616, 22247948, 0, 0, 0
160663, 297983, 1, 0, 0
160760, 8395947, 0, 0, 0
160761, 277377, 1, 0, 0
160914, 38209833, 0, 0, 0
160914, 300952, 1, 0, 0
161082, 28076675, 0, 0, 0
161090, 305488, 1, 0, 0
161236, 38280648, 0, 0, 0
161393, 157622770, 0, 0, 0
161394, 305550, 1, 0, 0
161482, 88678296, 0, 0, 0
161590, 107810299, 0, 0, 0
161627, 12250118, 0, 0, 0
161641, 319962, 1, 0, 0
162218, 147580650, 0, 0, 0
162985, 766680139, 0, 0, 0
163122, 137339150, 0, 0, 0
163204, 82458193, 0, 0, 0
163322, 39192793, 0, 0, 0
163322, 331552, 1, 0, 0
163491, 168918182, 0, 0, 0
163507, 5278314, 0, 0, 0
163507, 287583, 1, 0, 0
163627, 6500438, 0, 0, 0
163633, 277202, 1, 0, 0
163836, 52237575, 0, 0, 0
163840, 290020, 1, 0, 0
163917, 19877543, 0, 0, 0
163918, 279783, 1, 0, 0
164026, 27293021, 0, 0, 0
164180, 154448055, 0, 0, 0
164203, 11175931, 0, 0, 0
164224, 292766, 1, 0, 0
165212, 112119812, 0, 0, 0
165213, 335517, 1, 0, 0
165624, 411604102, 0, 0, 0
165799, 87604727, 0, 0, 0
165800, 854733, 0, 0, 0
165939, 69340136, 0, 0, 0
166107, 42138025, 0, 0, 0
166246, 138981854, 0, 0, 0
166247, 347719, 1, 0, 0
166317, 13941240, 0, 0, 0
166324, 293084, 1, 0, 0
166546, 57395434, 0, 0, 0
166681, 134327946, 0, 0, 0
166681, 321762, 1, 0, 0
166708, 13631612, 0, 0, 0
166775, 376842, 1, 0, 0
166916, 29591659, 0, 0, 0
167060, 144038364, 0, 0, 0
167073, 324901, 1, 0, 0
167150, 12790261, 0, 0, 0
167306, 38796592, 0, 0, 0
167306, 291102, 1, 0, 0
167600, 294165473, 0, 0, 0
167804, 203892561, 0, 0, 0
167934, 64880435, 0, 0, 0
168212, 69586656, 0, 0, 0
168285, 315750, 1, 0, 0
168300, 14627445, 0, 0, 0
168351, 280295, 1, 0, 0
168430, 7955994, 0, 0, 0
168608, 29736456, 0, 0, 0
168751, 142312954, 0, 0, 0
168803, 26132330, 0, 0, 0
168804, 277026, 1, 0, 0
168943, 46644720, 0, 0, 0
168944, 273482, 1, 0, 0
169114, 42420320, 0, 0, 0
169242, 128621140, 0, 0, 0
169376, 133319220, 0, 0, 0
169376, 298264, 1, 0, 0
169408, 5028635, 0, 0, 0
169408, 271277, 1, 0, 0
169549, 7656060, 0, 0, 0
169761, 53000246, 0, 0, 0
169898, 137135814, 0, 0, 0
169899, 279047, 1, 0, 0
169910, 11816050, 0, 0, 0
169935, 290148, 1, 0, 0
170238, 81859498, 0, 0, 0
170308, 34992465, 0, 0, 0
170494, 185696621, 0, 0, 0
170495, 298422, 1, 0, 0
170508, 4564103, 0, 0, 0
170508, 294189, 1, 0, 0
170641, 66528619, 0, 0, 0
170764, 30792654, 0, 0, 0
170810, 23085116, 0, 0, 0
170846, 279524, 1, 0, 0
170921, 7818901, 0, 0, 0
170921, 297462, 1, 0, 0
171063, 35474702, 0, 0, 0
171064, 305364, 1, 0, 0
171332, 89236208, 0, 0, 0
171332, 281037, 1, 0, 0
171431, 32935158, 0, 0, 0
171595, 82186833, 0, 0, 0
171724, 128730022, 0, 0, 0
171852, 8530968, 0, 0, 0
171860, 283059, 1, 0, 0
172336, 120801033, 0, 0, 0
172502, 165947536, 0, 0, 0
172605, 102921336, 0, 0, 0
172648, 286273, 1, 0, 0
172701, 15973134, 0, 0, 0
172852, 25195524, 0, 0, 0
173140, 287784063, 0, 0, 0
173253, 113052087, 0, 0, 0
173414, 80769072, 0, 0, 0
173606, 47833979, 0, 0, 0
173607, 444438, 1, 0, 0
173747, 28121223, 0, 0, 0
175839, 2091474459, 0, 0, 0
176096, 32155900, 0, 0, 0
176290, 194672547, 0, 0, 0
176340, 49991334, 0, 0, 0
176406, 16418320, 0, 0, 0
176408, 379096, 1, 0, 0
176590, 45927862, 0, 0, 0
176591, 457081, 1, 0, 0
176775, 184365033, 0, 0, 0
176776, 365809, 1, 0, 0
177563, 787031514, 0, 0, 0
177605, 20856499, 0, 0, 0
178388, 391814999, 0, 0, 0
178493, 26149012, 0, 0, 0
178496, 292615, 1, 0, 0
178574, 40586807, 0, 0, 0
178575, 285901, 1, 0, 0
178673, 97941399, 0, 0, 0
178740, 22355655, 0, 0, 0
178740, 321079, 1, 0, 0
178844, 25840562, 0, 0, 0
178926, 41349174, 0, 0, 0
179026, 99956674, 0, 0, 0
179070, 288056, 1, 0, 0
179196, 24158369, 0, 0, 0
179200, 3955589, 0, 0, 0
179433, 116454907, 0, 0, 0
179593, 22912249, 0, 0, 0
179593, 337184, 1, 0, 0
180248, 654588420, 0, 0, 0
180248, 291533, 1, 0, 0
