700, 245760, 1, 0, 0
800, 327680, 1, 0, 0
900, 40960, 1, 0, 0
1000, 286720, 1, 0, 0
1100, 245760, 1, 0, 0
1200, 122880, 1, 0, 0
1300, 163840, 1, 0, 0
1400, 204800, 1, 0, 0
1500, 245760, 1, 0, 0
1600, 40960, 1, 0, 0
1700, 40960, 1, 0, 0
1800, 245760, 1, 0, 0
1900, 286720, 1, 0, 0
2000, 81920, 1, 0, 0
2100, 245760, 1, 0, 0
2200, 245760, 1, 0, 0
2300, 163840, 1, 0, 0
2400, 40960, 1, 0, 0
2500, 163840, 1, 0, 0
2600, 206868, 1, 0, 0
2700, 245760, 1, 0, 0
2900, 286720, 1, 0, 0
3000, 245760, 1, 0, 0
3100, 122880, 1, 0, 0
3200, 204800, 1, 0, 0
3300, 245760, 1, 0, 0
3400, 204800, 1, 0, 0
3600, 286720, 1, 0, 0
3700, 245760, 1, 0, 0
3800, 122880, 1, 0, 0
3900, 81920, 1, 0, 0
4000, 204800, 1, 0, 0
4100, 286720, 1, 0, 0
4200, 81920, 1, 0, 0
4300, 40960, 1, 0, 0
4400, 40960, 1, 0, 0
4700, 286720, 1, 0, 0
4800, 245760, 1, 0, 0
4900, 40960, 1, 0, 0
5100, 122880, 1, 0, 0
5200, 286720, 1, 0, 0
5300, 245760, 1, 0, 0
5500, 245760, 1, 0, 0
5600, 286720, 1, 0, 0
5700, 122880, 1, 0, 0
5800, 163840, 1, 0, 0
5900, 286720, 1, 0, 0
6000, 204800, 1, 0, 0
6100, 40960, 1, 0, 0
6200, 286720, 1, 0, 0
6300, 245760, 1, 0, 0
6400, 81920, 1, 0, 0
6500, 204800, 1, 0, 0
6600, 289616, 1, 0, 0
6700, 163840, 1, 0, 0
6800, 40960, 1, 0, 0
6900, 204800, 1, 0, 0
7000, 245760, 1, 0, 0
7100, 163840, 1, 0, 0
7200, 81920, 1, 0, 0
7300, 286720, 1, 0, 0
7400, 204800, 1, 0, 0
7500, 81920, 1, 0, 0
7600, 40960, 1, 0, 0
7700, 286720, 1, 0, 0
7800, 204800, 1, 0, 0
7900, 122880, 1, 0, 0
8000, 81920, 1, 0, 0
8100, 245760, 1, 0, 0
8200, 81920, 1, 0, 0
8300, 245760, 1, 0, 0
8500, 163840, 1, 0, 0
8600, 245760, 1, 0, 0
8700, 245760, 1, 0, 0
8900, 122880, 1, 0, 0
9000, 327680, 1, 0, 0
9100, 206868, 1, 0, 0
9300, 204800, 1, 0, 0
9400, 163840, 1, 0, 0
9500, 286720, 1, 0, 0
9700, 81920, 1, 0, 0
9900, 40960, 1, 0, 0
10000, 122880, 1, 0, 0
10100, 245760, 1, 0, 0
10200, 163840, 1, 0, 0
10400, 40960, 1, 0, 0
10500, 122880, 1, 0, 0
10600, 245760, 1, 0, 0
10700, 245760, 1, 0, 0
10800, 122880, 1, 0, 0
10900, 286720, 1, 0, 0
11000, 245760, 1, 0, 0
11200, 163840, 1, 0, 0
11300, 81920, 1, 0, 0
11400, 245760, 1, 0, 0
11500, 163840, 1, 0, 0
11600, 206868, 1, 0, 0
11700, 286720, 1, 0, 0
11800, 163840, 1, 0, 0
11900, 122880, 1, 0, 0
12000, 245760, 1, 0, 0
12100, 245760, 1, 0, 0
12200, 40960, 1, 0, 0
12300, 245760, 1, 0, 0
12400, 163840, 1, 0, 0
12800, 40960, 1, 0, 0
12900, 204800, 1, 0, 0
13000, 122880, 1, 0, 0
13100, 245760, 1, 0, 0
13200, 245760, 1, 0, 0
13300, 40960, 1, 0, 0
13400, 286720, 1, 0, 0
13500, 286720, 1, 0, 0
13600, 82747, 1, 0, 0
13700, 81920, 1, 0, 0
13800, 245760, 1, 0, 0
13900, 245760, 1, 0, 0
14000, 81920, 1, 0, 0
14200, 204800, 1, 0, 0
14300, 204800, 1, 0, 0
14400, 245760, 1, 0, 0
14600, 163840, 1, 0, 0
14700, 245760, 1, 0, 0
14800, 245760, 1, 0, 0
15000, 163840, 1, 0, 0
15100, 245760, 1, 0, 0
15200, 163840, 1, 0, 0
15300, 81920, 1, 0, 0
15400, 81920, 1, 0, 0
15501, 204800, 1, 0, 0
15600, 248242, 1, 0, 0
15700, 122880, 1, 0, 0
15800, 81920, 1, 0, 0
15900, 245760, 1, 0, 0
16000, 286720, 1, 0, 0
16100, 40960, 1, 0, 0
16200, 204800, 1, 0, 0
16300, 245760, 1, 0, 0
16400, 204800, 1, 0, 0
16500, 40960, 1, 0, 0
16600, 163840, 1, 0, 0
16700, 286720, 1, 0, 0
16800, 163840, 1, 0, 0
16900, 40960, 1, 0, 0
17000, 245760, 1, 0, 0
17100, 245760, 1, 0, 0
17200, 122880, 1, 0, 0
17301, 81920, 1, 0, 0
17400, 248242, 1, 0, 0
17500, 245760, 1, 0, 0
17600, 122880, 1, 0, 0
17700, 204800, 1, 0, 0
17800, 122880, 1, 0, 0
17900, 204800, 1, 0, 0
18000, 81920, 1, 0, 0
18500, 204800, 1, 0, 0
18600, 286720, 1, 0, 0
18700, 122880, 1, 0, 0
18800, 122880, 1, 0, 0
18900, 245760, 1, 0, 0
19000, 245760, 1, 0, 0
19101, 81920, 1, 0, 0
19200, 124121, 1, 0, 0
19300, 286720, 1, 0, 0
19400, 204800, 1, 0, 0
19500, 40960, 1, 0, 0
19600, 122880, 1, 0, 0
19700, 286720, 1, 0, 0
19800, 245760, 1, 0, 0
20000, 40960, 1, 0, 0
20100, 204800, 1, 0, 0
20200, 122880, 1, 0, 0
20300, 245760, 1, 0, 0
20400, 40960, 1, 0, 0
20600, 204800, 1, 0, 0
20700, 204800, 1, 0, 0
20800, 245760, 1, 0, 0
21000, 245760, 1, 0, 0
21100, 286720, 1, 0, 0
21201, 122880, 1, 0, 0
21300, 124121, 1, 0, 0
21400, 286720, 1, 0, 0
21500, 245760, 1, 0, 0
21700, 286720, 1, 0, 0
21800, 286720, 1, 0, 0
21900, 81920, 1, 0, 0
22000, 163840, 1, 0, 0
22100, 286720, 1, 0, 0
22200, 204800, 1, 0, 0
22300, 40960, 1, 0, 0
22400, 204800, 1, 0, 0
22500, 286720, 1, 0, 0
22600, 122880, 1, 0, 0
22700, 81920, 1, 0, 0
22800, 286720, 1, 0, 0
22900, 286720, 1, 0, 0
23100, 204800, 1, 0, 0
23200, 286720, 1, 0, 0
23301, 163840, 1, 0, 0
23400, 82747, 1, 0, 0
23500, 163840, 1, 0, 0
23600, 327680, 1, 0, 0
23700, 81920, 1, 0, 0
23900, 327680, 1, 0, 0
24000, 286720, 1, 0, 0
24100, 40960, 1, 0, 0
24200, 245760, 1, 0, 0
24300, 245760, 1, 0, 0
24400, 163840, 1, 0, 0
24500, 81920, 1, 0, 0
24600, 204800, 1, 0, 0
24700, 204800, 1, 0, 0
24800, 163840, 1, 0, 0
25000, 163840, 1, 0, 0
25100, 248242, 1, 0, 0
25200, 245760, 1, 0, 0
25400, 81920, 1, 0, 0
25500, 245760, 1, 0, 0
25600, 286720, 1, 0, 0
25700, 40960, 1, 0, 0
25800, 81920, 1, 0, 0
25900, 122880, 1, 0, 0
26000, 286720, 1, 0, 0
26100, 163840, 1, 0, 0
26200, 163840, 1, 0, 0
26300, 163840, 1, 0, 0
26400, 245760, 1, 0, 0
26500, 81920, 1, 0, 0
26900, 122880, 1, 0, 0
27000, 245760, 1, 0, 0
27100, 206868, 1, 0, 0
27200, 81920, 1, 0, 0
27300, 163840, 1, 0, 0
27400, 163840, 1, 0, 0
27500, 245760, 1, 0, 0
27600, 81920, 1, 0, 0
27800, 204800, 1, 0, 0
27900, 245760, 1, 0, 0
28000, 163840, 1, 0, 0
28100, 40960, 1, 0, 0
28200, 40960, 1, 0, 0
28300, 40960, 1, 0, 0
28400, 204800, 1, 0, 0
28500, 122880, 1, 0, 0
28600, 204800, 1, 0, 0
28700, 40960, 1, 0, 0
28800, 40960, 1, 0, 0
28900, 204800, 1, 0, 0
29001, 245760, 1, 0, 0
29100, 165494, 1, 0, 0
29200, 122880, 1, 0, 0
29300, 204800, 1, 0, 0
29400, 204800, 1, 0, 0
29500, 122880, 1, 0, 0
29600, 163840, 1, 0, 0
29700, 204800, 1, 0, 0
29800, 286720, 1, 0, 0
30000, 81920, 1, 0, 0
30100, 204800, 1, 0, 0
30200, 245760, 1, 0, 0
30300, 122880, 1, 0, 0
30400, 81920, 1, 0, 0
30500, 286720, 1, 0, 0
30600, 163840, 1, 0, 0
30700, 40960, 1, 0, 0
30801, 40960, 1, 0, 0
30900, 41373, 1, 0, 0
31000, 122880, 1, 0, 0
31100, 245760, 1, 0, 0
31200, 163840, 1, 0, 0
31300, 122880, 1, 0, 0
31400, 40960, 1, 0, 0
31500, 122880, 1, 0, 0
31600, 245760, 1, 0, 0
31700, 204800, 1, 0, 0
31800, 40960, 1, 0, 0
31900, 245760, 1, 0, 0
32000, 204800, 1, 0, 0
32100, 163840, 1, 0, 0
32200, 81920, 1, 0, 0
32300, 40960, 1, 0, 0
32400, 286720, 1, 0, 0
32500, 204800, 1, 0, 0
32600, 81920, 1, 0, 0
32700, 81920, 1, 0, 0
32800, 327680, 1, 0, 0
32901, 245760, 1, 0, 0
33000, 41373, 1, 0, 0
33100, 245760, 1, 0, 0
33200, 245760, 1, 0, 0
33300, 122880, 1, 0, 0
33400, 40960, 1, 0, 0
33500, 286720, 1, 0, 0
33600, 245760, 1, 0, 0
33700, 81920, 1, 0, 0
33800, 245760, 1, 0, 0
33900, 286720, 1, 0, 0
34000, 122880, 1, 0, 0
34100, 204800, 1, 0, 0
34200, 245760, 1, 0, 0
34300, 204800, 1, 0, 0
34400, 40960, 1, 0, 0
34500, 204800, 1, 0, 0
34600, 286720, 1, 0, 0
34700, 122880, 1, 0, 0
34801, 163840, 1, 0, 0
34900, 372363, 1, 0, 0
35000, 122880, 1, 0, 0
35200, 286720, 1, 0, 0
35300, 286720, 1, 0, 0
35400, 81920, 1, 0, 0
35600, 204800, 1, 0, 0
35700, 286720, 1, 0, 0
35800, 163840, 1, 0, 0
36000, 245760, 1, 0, 0
36100, 286720, 1, 0, 0
36200, 122880, 1, 0, 0
36300, 40960, 1, 0, 0
36400, 286720, 1, 0, 0
36500, 286720, 1, 0, 0
36600, 40960, 1, 0, 0
36701, 122880, 1, 0, 0
36800, 248242, 1, 0, 0
36900, 286720, 1, 0, 0
37100, 163840, 1, 0, 0
37200, 286720, 1, 0, 0
37300, 204800, 1, 0, 0
37600, 122880, 1, 0, 0
37700, 245760, 1, 0, 0
37800, 286720, 1, 0, 0
37900, 40960, 1, 0, 0
38000, 286720, 1, 0, 0
38100, 286720, 1, 0, 0
38200, 40960, 1, 0, 0
38300, 245760, 1, 0, 0
38400, 327680, 1, 0, 0
38500, 81920, 1, 0, 0
38600, 122880, 1, 0, 0
38700, 286720, 1, 0, 0
38801, 245760, 1, 0, 0
38900, 41373, 1, 0, 0
39000, 286720, 1, 0, 0
39100, 245760, 1, 0, 0
39200, 81920, 1, 0, 0
39300, 163840, 1, 0, 0
39400, 122880, 1, 0, 0
39500, 286720, 1, 0, 0
39600, 81920, 1, 0, 0
39700, 245760, 1, 0, 0
39800, 245760, 1, 0, 0
39900, 163840, 1, 0, 0
40100, 40960, 1, 0, 0
40200, 81920, 1, 0, 0
40300, 286720, 1, 0, 0
40400, 245760, 1, 0, 0
40600, 40960, 1, 0, 0
40701, 286720, 1, 0, 0
40800, 289616, 1, 0, 0
40900, 40960, 1, 0, 0
41000, 163840, 1, 0, 0
41100, 286720, 1, 0, 0
41200, 204800, 1, 0, 0
41300, 40960, 1, 0, 0
41400, 245760, 1, 0, 0
41500, 245760, 1, 0, 0
41600, 122880, 1, 0, 0
42000, 163840, 1, 0, 0
42100, 245760, 1, 0, 0
42200, 245760, 1, 0, 0
42400, 245760, 1, 0, 0
42500, 245760, 1, 0, 0
42600, 163840, 1, 0, 0
42700, 204800, 1, 0, 0
42800, 245760, 1, 0, 0
42900, 204800, 1, 0, 0
43000, 204800, 1, 0, 0
43100, 245760, 1, 0, 0
43200, 204800, 1, 0, 0
43401, 163840, 1, 0, 0
43500, 206868, 1, 0, 0
43600, 245760, 1, 0, 0
43900, 40960, 1, 0, 0
44000, 163840, 1, 0, 0
44100, 163840, 1, 0, 0
44200, 245760, 1, 0, 0
44300, 81920, 1, 0, 0
44400, 245760, 1, 0, 0
44500, 204800, 1, 0, 0
44600, 204800, 1, 0, 0
44700, 40960, 1, 0, 0
44800, 286720, 1, 0, 0
44900, 204800, 1, 0, 0
45000, 122880, 1, 0, 0
45100, 40960, 1, 0, 0
45200, 286720, 1, 0, 0
45300, 286720, 1, 0, 0
45400, 40960, 1, 0, 0
45500, 245760, 1, 0, 0
45600, 286720, 1, 0, 0
45700, 122880, 1, 0, 0
45801, 81920, 1, 0, 0
45900, 248242, 1, 0, 0
46000, 245760, 1, 0, 0
46100, 81920, 1, 0, 0
46200, 163840, 1, 0, 0
46300, 286720, 1, 0, 0
46400, 204800, 1, 0, 0
46600, 163840, 1, 0, 0
46700, 286720, 1, 0, 0
46800, 204800, 1, 0, 0
46900, 81920, 1, 0, 0
47000, 245760, 1, 0, 0
47100, 286720, 1, 0, 0
47200, 40960, 1, 0, 0
47300, 81920, 1, 0, 0
47400, 204800, 1, 0, 0
47500, 122880, 1, 0, 0
47600, 245760, 1, 0, 0
47800, 122880, 1, 0, 0
47900, 245760, 1, 0, 0
48000, 245760, 1, 0, 0
48100, 40960, 1, 0, 0
48200, 163840, 1, 0, 0
48300, 286720, 1, 0, 0
48400, 204800, 1, 0, 0
48600, 248242, 1, 0, 0
48700, 245760, 1, 0, 0
48800, 163840, 1, 0, 0
48900, 40960, 1, 0, 0
49000, 204800, 1, 0, 0
49100, 245760, 1, 0, 0
49200, 163840, 1, 0, 0
49300, 40960, 1, 0, 0
49400, 245760, 1, 0, 0
49500, 286720, 1, 0, 0
49600, 81920, 1, 0, 0
50000, 204800, 1, 0, 0
50100, 204800, 1, 0, 0
50200, 204800, 1, 0, 0
50300, 122880, 1, 0, 0
50400, 286720, 1, 0, 0
50500, 245760, 1, 0, 0
50600, 40960, 1, 0, 0
50700, 204800, 1, 0, 0
50900, 204800, 1, 0, 0
51000, 245760, 1, 0, 0
51200, 81920, 1, 0, 0
51300, 163840, 1, 0, 0
51400, 327680, 1, 0, 0
51500, 81920, 1, 0, 0
51600, 122880, 1, 0, 0
51700, 204800, 1, 0, 0
51800, 286720, 1, 0, 0
51900, 40960, 1, 0, 0
52000, 245760, 1, 0, 0
52100, 245760, 1, 0, 0
52200, 163840, 1, 0, 0
52300, 122880, 1, 0, 0
52400, 245760, 1, 0, 0
52500, 245760, 1, 0, 0
52600, 81920, 1, 0, 0
52700, 245760, 1, 0, 0
52800, 245760, 1, 0, 0
52900, 122880, 1, 0, 0
53000, 204800, 1, 0, 0
53100, 286720, 1, 0, 0
53200, 122880, 1, 0, 0
53300, 40960, 1, 0, 0
53400, 40960, 1, 0, 0
53500, 327680, 1, 0, 0
53600, 248242, 1, 0, 0
53700, 40960, 1, 0, 0
53800, 204800, 1, 0, 0
53900, 286720, 1, 0, 0
54000, 163840, 1, 0, 0
54200, 204800, 1, 0, 0
54300, 245760, 1, 0, 0
54400, 204800, 1, 0, 0
54600, 286720, 1, 0, 0
54700, 245760, 1, 0, 0
54800, 122880, 1, 0, 0
54900, 40960, 1, 0, 0
55000, 204800, 1, 0, 0
55100, 122880, 1, 0, 0
55200, 286720, 1, 0, 0
55400, 204800, 1, 0, 0
55500, 245760, 1, 0, 0
55600, 204800, 1, 0, 0
55700, 81920, 1, 0, 0
55800, 122880, 1, 0, 0
55900, 245760, 1, 0, 0
56000, 204800, 1, 0, 0
56100, 40960, 1, 0, 0
56201, 204800, 1, 0, 0
56300, 289616, 1, 0, 0
56400, 122880, 1, 0, 0
56500, 40960, 1, 0, 0
56600, 327680, 1, 0, 0
56700, 245760, 1, 0, 0
56800, 40960, 1, 0, 0
56900, 245760, 1, 0, 0
57000, 204800, 1, 0, 0
57100, 163840, 1, 0, 0
57200, 40960, 1, 0, 0
57300, 122880, 1, 0, 0
57400, 245760, 1, 0, 0
57500, 245760, 1, 0, 0
57600, 40960, 1, 0, 0
58000, 163840, 1, 0, 0
58100, 286720, 1, 0, 0
58200, 204800, 1, 0, 0
58300, 40960, 1, 0, 0
58400, 245760, 1, 0, 0
58500, 286720, 1, 0, 0
58600, 82747, 1, 0, 0
58700, 122880, 1, 0, 0
58800, 204800, 1, 0, 0
58900, 245760, 1, 0, 0
59000, 81920, 1, 0, 0
59100, 122880, 1, 0, 0
59200, 245760, 1, 0, 0
59300, 245760, 1, 0, 0
59400, 40960, 1, 0, 0
59500, 245760, 1, 0, 0
59600, 163840, 1, 0, 0
59700, 245760, 1, 0, 0
59900, 245760, 1, 0, 0
60000, 286720, 1, 0, 0
60100, 122880, 1, 0, 0
60500, 122880, 1, 0, 0
60600, 245760, 1, 0, 0
60700, 245760, 1, 0, 0
60800, 40960, 1, 0, 0
60900, 81920, 1, 0, 0
61000, 245760, 1, 0, 0
61101, 245760, 1, 0, 0
61200, 82747, 1, 0, 0
61300, 81920, 1, 0, 0
61400, 286720, 1, 0, 0
61500, 245760, 1, 0, 0
61600, 40960, 1, 0, 0
61800, 163840, 1, 0, 0
61900, 163840, 1, 0, 0
62000, 327680, 1, 0, 0
62200, 81920, 1, 0, 0
62300, 245760, 1, 0, 0
62400, 286720, 1, 0, 0
62500, 40960, 1, 0, 0
62700, 81920, 1, 0, 0
62800, 286720, 1, 0, 0
62900, 286720, 1, 0, 0
63100, 122880, 1, 0, 0
63200, 245760, 1, 0, 0
63300, 122880, 1, 0, 0
63400, 163840, 1, 0, 0
63600, 163840, 1, 0, 0
63700, 286720, 1, 0, 0
63801, 163840, 1, 0, 0
63900, 41373, 1, 0, 0
64000, 122880, 1, 0, 0
64100, 204800, 1, 0, 0
64200, 245760, 1, 0, 0
64300, 81920, 1, 0, 0
64400, 40960, 1, 0, 0
64500, 204800, 1, 0, 0
64600, 286720, 1, 0, 0
64700, 122880, 1, 0, 0
64800, 40960, 1, 0, 0
64900, 245760, 1, 0, 0
65000, 245760, 1, 0, 0
65100, 122880, 1, 0, 0
65200, 40960, 1, 0, 0
65300, 163840, 1, 0, 0
65400, 245760, 1, 0, 0
65500, 204800, 1, 0, 0
65700, 245760, 1, 0, 0
65800, 204800, 1, 0, 0
65900, 40960, 1, 0, 0
66000, 163840, 1, 0, 0
66100, 82747, 1, 0, 0
66200, 286720, 1, 0, 0
66300, 245760, 1, 0, 0
66400, 40960, 1, 0, 0
66500, 204800, 1, 0, 0
66600, 245760, 1, 0, 0
66700, 204800, 1, 0, 0
66900, 204800, 1, 0, 0
67000, 286720, 1, 0, 0
67100, 163840, 1, 0, 0
67200, 122880, 1, 0, 0
67300, 245760, 1, 0, 0
67400, 286720, 1, 0, 0
67600, 204800, 1, 0, 0
67700, 245760, 1, 0, 0
67800, 204800, 1, 0, 0
67900, 81920, 1, 0, 0
68001, 40960, 1, 0, 0
68100, 248242, 1, 0, 0
68200, 245760, 1, 0, 0
68300, 40960, 1, 0, 0
68400, 81920, 1, 0, 0
68500, 81920, 1, 0, 0
68600, 286720, 1, 0, 0
68700, 204800, 1, 0, 0
68900, 245760, 1, 0, 0
69000, 245760, 1, 0, 0
69100, 163840, 1, 0, 0
69200, 40960, 1, 0, 0
69300, 245760, 1, 0, 0
69400, 286720, 1, 0, 0
69500, 81920, 1, 0, 0
69600, 204800, 1, 0, 0
69700, 245760, 1, 0, 0
69800, 204800, 1, 0, 0
69900, 81920, 1, 0, 0
70000, 245760, 1, 0, 0
70100, 289616, 1, 0, 0
70200, 40960, 1, 0, 0
70600, 245760, 1, 0, 0
70700, 286720, 1, 0, 0
70800, 122880, 1, 0, 0
71300, 122880, 1, 0, 0
71400, 245760, 1, 0, 0
71500, 286720, 1, 0, 0
71700, 81920, 1, 0, 0
71800, 286720, 1, 0, 0
71900, 286720, 1, 0, 0
72100, 122880, 1, 0, 0
72201, 286720, 1, 0, 0
72300, 248242, 1, 0, 0
72500, 81920, 1, 0, 0
72600, 286720, 1, 0, 0
72700, 286720, 1, 0, 0
72900, 245760, 1, 0, 0
73000, 286720, 1, 0, 0
73100, 122880, 1, 0, 0
73200, 81920, 1, 0, 0
73300, 245760, 1, 0, 0
73400, 245760, 1, 0, 0
73500, 81920, 1, 0, 0
73600, 245760, 1, 0, 0
73700, 204800, 1, 0, 0
73800, 204800, 1, 0, 0
74000, 204800, 1, 0, 0
74100, 204800, 1, 0, 0
74200, 245760, 1, 0, 0
74400, 81920, 1, 0, 0
74501, 286720, 1, 0, 0
74600, 248242, 1, 0, 0
74700, 40960, 1, 0, 0
74800, 40960, 1, 0, 0
74900, 163840, 1, 0, 0
75100, 286720, 1, 0, 0
75200, 81920, 1, 0, 0
75300, 40960, 1, 0, 0
75600, 40960, 1, 0, 0
75800, 163840, 1, 0, 0
75900, 245760, 1, 0, 0
76000, 245760, 1, 0, 0
76200, 204800, 1, 0, 0
76300, 245760, 1, 0, 0
76400, 204800, 1, 0, 0
76600, 124121, 1, 0, 0
76700, 245760, 1, 0, 0
76800, 245760, 1, 0, 0
76900, 40960, 1, 0, 0
77000, 40960, 1, 0, 0
77100, 122880, 1, 0, 0
77200, 204800, 1, 0, 0
77300, 286720, 1, 0, 0
77500, 163840, 1, 0, 0
77600, 327680, 1, 0, 0
77700, 163840, 1, 0, 0
77800, 122880, 1, 0, 0
77900, 204800, 1, 0, 0
78000, 163840, 1, 0, 0
78100, 163840, 1, 0, 0
78200, 81920, 1, 0, 0
78300, 286720, 1, 0, 0
78400, 163840, 1, 0, 0
78500, 122880, 1, 0, 0
78700, 245760, 1, 0, 0
78800, 286720, 1, 0, 0
78900, 122880, 1, 0, 0
79000, 163840, 1, 0, 0
79100, 286720, 1, 0, 0
79200, 204800, 1, 0, 0
79300, 40960, 1, 0, 0
79400, 286720, 1, 0, 0
79500, 286720, 1, 0, 0
79600, 40960, 1, 0, 0
79700, 245760, 1, 0, 0
79800, 245760, 1, 0, 0
79900, 163840, 1, 0, 0
80000, 163840, 1, 0, 0
80100, 245760, 1, 0, 0
80200, 245760, 1, 0, 0
80400, 81920, 1, 0, 0
80500, 286720, 1, 0, 0
80600, 248242, 1, 0, 0
80700, 40960, 1, 0, 0
80800, 163840, 1, 0, 0
80900, 245760, 1, 0, 0
81000, 245760, 1, 0, 0
81200, 122880, 1, 0, 0
81300, 286720, 1, 0, 0
81400, 245760, 1, 0, 0
81500, 81920, 1, 0, 0
81600, 204800, 1, 0, 0
81700, 286720, 1, 0, 0
81800, 81920, 1, 0, 0
82000, 245760, 1, 0, 0
82100, 286720, 1, 0, 0
82200, 122880, 1, 0, 0
82300, 81920, 1, 0, 0
82400, 327680, 1, 0, 0
82500, 245760, 1, 0, 0
82700, 245760, 1, 0, 0
82801, 245760, 1, 0, 0
82900, 165494, 1, 0, 0
83000, 163840, 1, 0, 0
83100, 245760, 1, 0, 0
83200, 163840, 1, 0, 0
83300, 81920, 1, 0, 0
83400, 163840, 1, 0, 0
83500, 286720, 1, 0, 0
83600, 81920, 1, 0, 0
83700, 122880, 1, 0, 0
83800, 40960, 1, 0, 0
83900, 245760, 1, 0, 0
84000, 245760, 1, 0, 0
84100, 122880, 1, 0, 0
84200, 40960, 1, 0, 0
84300, 245760, 1, 0, 0
84400, 245760, 1, 0, 0
84500, 81920, 1, 0, 0
84600, 40960, 1, 0, 0
84700, 204800, 1, 0, 0
84800, 286720, 1, 0, 0
84901, 163840, 1, 0, 0
85100, 286720, 1, 0, 0
85200, 245760, 1, 0, 0
85300, 122880, 1, 0, 0
85400, 40960, 1, 0, 0
85500, 204800, 1, 0, 0
85600, 204800, 1, 0, 0
85700, 204800, 1, 0, 0
85900, 286720, 1, 0, 0
86000, 245760, 1, 0, 0
86100, 122880, 1, 0, 0
86300, 204800, 1, 0, 0
86400, 245760, 1, 0, 0
86500, 204800, 1, 0, 0
86600, 81920, 1, 0, 0
86700, 204800, 1, 0, 0
86800, 245760, 1, 0, 0
86900, 122880, 1, 0, 0
87100, 165494, 1, 0, 0
87200, 245760, 1, 0, 0
87300, 81920, 1, 0, 0
87400, 122880, 1, 0, 0
87500, 81920, 1, 0, 0
87600, 245760, 1, 0, 0
87700, 245760, 1, 0, 0
87800, 122880, 1, 0, 0
87900, 81920, 1, 0, 0
88000, 327680, 1, 0, 0
88100, 245760, 1, 0, 0
88300, 81920, 1, 0, 0
88400, 245760, 1, 0, 0
88500, 245760, 1, 0, 0
88600, 81920, 1, 0, 0
88800, 327680, 1, 0, 0
88900, 245760, 1, 0, 0
89000, 81920, 1, 0, 0
89100, 163840, 1, 0, 0
89200, 245760, 1, 0, 0
89300, 245760, 1, 0, 0
89700, 81920, 1, 0, 0
89800, 204800, 1, 0, 0
89900, 204800, 1, 0, 0
90000, 163840, 1, 0, 0
90100, 40960, 1, 0, 0
90200, 245760, 1, 0, 0
90300, 327680, 1, 0, 0
90400, 40960, 1, 0, 0
90500, 204800, 1, 0, 0
90600, 245760, 1, 0, 0
90700, 204800, 1, 0, 0
90800, 81920, 1, 0, 0
90900, 245760, 1, 0, 0
91000, 286720, 1, 0, 0
91100, 40960, 1, 0, 0
91200, 286720, 1, 0, 0
91300, 286720, 1, 0, 0
91400, 81920, 1, 0, 0
91500, 40960, 1, 0, 0
91600, 248242, 1, 0, 0
91700, 286720, 1, 0, 0
91800, 81920, 1, 0, 0
91900, 40960, 1, 0, 0
92000, 286720, 1, 0, 0
92100, 327680, 1, 0, 0
92200, 40960, 1, 0, 0
92300, 40960, 1, 0, 0
92400, 40960, 1, 0, 0
92500, 327680, 1, 0, 0
92600, 204800, 1, 0, 0
92800, 204800, 1, 0, 0
92900, 286720, 1, 0, 0
93000, 163840, 1, 0, 0
93100, 81920, 1, 0, 0
93200, 245760, 1, 0, 0
93300, 327680, 1, 0, 0
93500, 286720, 1, 0, 0
93600, 327680, 1, 0, 0
93700, 40960, 1, 0, 0
93801, 245760, 1, 0, 0
93900, 248242, 1, 0, 0
94000, 163840, 1, 0, 0
94200, 204800, 1, 0, 0
94300, 245760, 1, 0, 0
94400, 204800, 1, 0, 0
94500, 122880, 1, 0, 0
94600, 245760, 1, 0, 0
94700, 245760, 1, 0, 0
94800, 81920, 1, 0, 0
94900, 245760, 1, 0, 0
95000, 286720, 1, 0, 0
95100, 81920, 1, 0, 0
95200, 81920, 1, 0, 0
95300, 286720, 1, 0, 0
95400, 245760, 1, 0, 0
95500, 40960, 1, 0, 0
95600, 163840, 1, 0, 0
95700, 327680, 1, 0, 0
95800, 81920, 1, 0, 0
95900, 81920, 1, 0, 0
96100, 248242, 1, 0, 0
96200, 204800, 1, 0, 0
96300, 204800, 1, 0, 0
96400, 40960, 1, 0, 0
96500, 204800, 1, 0, 0
96600, 245760, 1, 0, 0
96700, 163840, 1, 0, 0
96800, 40960, 1, 0, 0
96900, 163840, 1, 0, 0
97000, 286720, 1, 0, 0
97100, 163840, 1, 0, 0
97300, 286720, 1, 0, 0
97400, 245760, 1, 0, 0
97500, 122880, 1, 0, 0
97700, 245760, 1, 0, 0
97800, 286720, 1, 0, 0
97900, 122880, 1, 0, 0
98000, 122880, 1, 0, 0
98100, 286720, 1, 0, 0
98200, 245760, 1, 0, 0
98400, 248242, 1, 0, 0
98500, 245760, 1, 0, 0
98600, 163840, 1, 0, 0
98700, 81920, 1, 0, 0
98800, 327680, 1, 0, 0
98900, 204800, 1, 0, 0
99000, 40960, 1, 0, 0
99300, 81920, 1, 0, 0
99400, 245760, 1, 0, 0
99500, 245760, 1, 0, 0
99600, 81920, 1, 0, 0
99700, 204800, 1, 0, 0
99800, 286720, 1, 0, 0
99900, 163840, 1, 0, 0
100000, 81920, 1, 0, 0
100100, 245760, 1, 0, 0
100200, 204800, 1, 0, 0
100300, 122880, 1, 0, 0
100400, 163840, 1, 0, 0
100501, 245760, 1, 0, 0
100600, 248242, 1, 0, 0
100700, 40960, 1, 0, 0
100800, 81920, 1, 0, 0
100900, 286720, 1, 0, 0
101000, 245760, 1, 0, 0
101400, 204800, 1, 0, 0
101500, 245760, 1, 0, 0
101600, 204800, 1, 0, 0
101800, 204800, 1, 0, 0
101900, 204800, 1, 0, 0
102000, 245760, 1, 0, 0
102100, 81920, 1, 0, 0
102200, 286720, 1, 0, 0
102300, 286720, 1, 0, 0
102500, 245760, 1, 0, 0
102600, 204800, 1, 0, 0
102700, 40960, 1, 0, 0
102801, 163840, 1, 0, 0
102900, 165494, 1, 0, 0
103000, 327680, 1, 0, 0
103100, 163840, 1, 0, 0
103300, 81920, 1, 0, 0
103400, 286720, 1, 0, 0
103500, 286720, 1, 0, 0
103700, 286720, 1, 0, 0
103800, 245760, 1, 0, 0
103900, 122880, 1, 0, 0
104000, 40960, 1, 0, 0
104100, 245760, 1, 0, 0
104200, 245760, 1, 0, 0
104300, 122880, 1, 0, 0
104500, 163840, 1, 0, 0
104600, 81920, 1, 0, 0
105000, 163840, 1, 0, 0
105100, 206868, 1, 0, 0
105200, 40960, 1, 0, 0
105300, 81920, 1, 0, 0
105400, 286720, 1, 0, 0
105500, 204800, 1, 0, 0
105600, 81920, 1, 0, 0
105700, 81920, 1, 0, 0
105800, 286720, 1, 0, 0
105900, 286720, 1, 0, 0
106100, 204800, 1, 0, 0
106200, 286720, 1, 0, 0
106300, 163840, 1, 0, 0
106500, 204800, 1, 0, 0
106600, 286720, 1, 0, 0
106700, 122880, 1, 0, 0
106800, 40960, 1, 0, 0
107000, 286720, 1, 0, 0
107101, 245760, 1, 0, 0
107200, 124121, 1, 0, 0
107300, 81920, 1, 0, 0
107400, 286720, 1, 0, 0
107500, 204800, 1, 0, 0
107600, 122880, 1, 0, 0
107700, 122880, 1, 0, 0
107800, 245760, 1, 0, 0
107900, 245760, 1, 0, 0
108100, 286720, 1, 0, 0
108200, 245760, 1, 0, 0
108300, 122880, 1, 0, 0
108400, 163840, 1, 0, 0
108500, 245760, 1, 0, 0
108600, 204800, 1, 0, 0
108700, 40960, 1, 0, 0
108800, 40960, 1, 0, 0
109200, 122880, 1, 0, 0
109301, 286720, 1, 0, 0
109400, 206868, 1, 0, 0
109600, 245760, 1, 0, 0
109700, 245760, 1, 0, 0
109800, 163840, 1, 0, 0
109900, 81920, 1, 0, 0
110000, 245760, 1, 0, 0
110100, 327680, 1, 0, 0
110300, 40960, 1, 0, 0
110400, 122880, 1, 0, 0
110500, 122880, 1, 0, 0
110600, 204800, 1, 0, 0
110700, 163840, 1, 0, 0
110800, 122880, 1, 0, 0
110900, 245760, 1, 0, 0
111000, 245760, 1, 0, 0
111100, 81920, 1, 0, 0
111200, 163840, 1, 0, 0
111301, 245760, 1, 0, 0
111400, 206868, 1, 0, 0
111600, 245760, 1, 0, 0
111700, 245760, 1, 0, 0
111800, 163840, 1, 0, 0
111900, 122880, 1, 0, 0
112000, 245760, 1, 0, 0
112100, 204800, 1, 0, 0
112200, 81920, 1, 0, 0
112300, 163840, 1, 0, 0
112400, 245760, 1, 0, 0
112500, 245760, 1, 0, 0
112700, 286720, 1, 0, 0
112800, 245760, 1, 0, 0
112900, 122880, 1, 0, 0
113000, 122880, 1, 0, 0
113100, 245760, 1, 0, 0
113200, 286720, 1, 0, 0
113400, 163840, 1, 0, 0
113500, 204800, 1, 0, 0
113600, 286720, 1, 0, 0
113700, 40960, 1, 0, 0
113801, 286720, 1, 0, 0
113900, 248242, 1, 0, 0
114000, 81920, 1, 0, 0
114100, 204800, 1, 0, 0
114200, 286720, 1, 0, 0
114300, 163840, 1, 0, 0
114500, 122880, 1, 0, 0
114600, 286720, 1, 0, 0
114700, 245760, 1, 0, 0
114800, 40960, 1, 0, 0
114900, 245760, 1, 0, 0
115000, 286720, 1, 0, 0
115100, 81920, 1, 0, 0
115200, 81920, 1, 0, 0
115300, 286720, 1, 0, 0
115400, 286720, 1, 0, 0
115600, 245760, 1, 0, 0
115700, 327680, 1, 0, 0
115801, 81920, 1, 0, 0
115900, 206868, 1, 0, 0
116000, 286720, 1, 0, 0
116100, 163840, 1, 0, 0
116200, 40960, 1, 0, 0
116300, 286720, 1, 0, 0
116400, 245760, 1, 0, 0
116500, 81920, 1, 0, 0
116600, 122880, 1, 0, 0
116700, 286720, 1, 0, 0
116800, 245760, 1, 0, 0
117000, 286720, 1, 0, 0
117100, 245760, 1, 0, 0
117200, 122880, 1, 0, 0
117300, 122880, 1, 0, 0
117400, 286720, 1, 0, 0
117500, 245760, 1, 0, 0
117700, 286720, 1, 0, 0
117800, 245760, 1, 0, 0
117900, 122880, 1, 0, 0
118000, 81920, 1, 0, 0
118100, 289616, 1, 0, 0
118200, 286720, 1, 0, 0
118400, 245760, 1, 0, 0
118500, 245760, 1, 0, 0
118600, 163840, 1, 0, 0
118700, 81920, 1, 0, 0
118800, 245760, 1, 0, 0
118900, 286720, 1, 0, 0
119000, 40960, 1, 0, 0
119100, 163840, 1, 0, 0
119200, 245760, 1, 0, 0
119300, 163840, 1, 0, 0
119400, 81920, 1, 0, 0
119500, 245760, 1, 0, 0
119600, 204800, 1, 0, 0
119700, 204800, 1, 0, 0
119800, 40960, 1, 0, 0
119900, 286720, 1, 0, 0
120000, 163840, 1, 0, 0
120100, 163840, 1, 0, 0
120300, 163840, 1, 0, 0
120400, 245760, 1, 0, 0
120500, 204800, 1, 0, 0
120600, 41373, 1, 0, 0
121000, 163840, 1, 0, 0
121100, 245760, 1, 0, 0
121200, 204800, 1, 0, 0
121300, 40960, 1, 0, 0
121400, 204800, 1, 0, 0
121500, 204800, 1, 0, 0
121600, 245760, 1, 0, 0
121800, 81920, 1, 0, 0
121900, 204800, 1, 0, 0
122000, 286720, 1, 0, 0
122100, 122880, 1, 0, 0
122200, 163840, 1, 0, 0
122300, 245760, 1, 0, 0
122400, 204800, 1, 0, 0
122600, 163840, 1, 0, 0
122700, 204800, 1, 0, 0
122800, 204800, 1, 0, 0
122900, 81920, 1, 0, 0
123000, 204800, 1, 0, 0
123100, 165494, 1, 0, 0
123200, 245760, 1, 0, 0
123300, 40960, 1, 0, 0
123400, 122880, 1, 0, 0
123500, 245760, 1, 0, 0
123600, 204800, 1, 0, 0
123700, 81920, 1, 0, 0
123900, 122880, 1, 0, 0
124000, 286720, 1, 0, 0
124100, 245760, 1, 0, 0
124200, 40960, 1, 0, 0
124300, 122880, 1, 0, 0
124400, 204800, 1, 0, 0
124500, 204800, 1, 0, 0
124600, 81920, 1, 0, 0
124700, 204800, 1, 0, 0
124800, 204800, 1, 0, 0
124900, 245760, 1, 0, 0
125100, 163840, 1, 0, 0
125200, 327680, 1, 0, 0
125300, 163840, 1, 0, 0
125400, 40960, 1, 0, 0
125500, 40960, 1, 0, 0
125800, 122880, 1, 0, 0
125900, 245760, 1, 0, 0
126000, 204800, 1, 0, 0
126100, 81920, 1, 0, 0
126200, 286720, 1, 0, 0
126300, 245760, 1, 0, 0
126400, 81920, 1, 0, 0
126500, 204800, 1, 0, 0
126600, 245760, 1, 0, 0
126700, 122880, 1, 0, 0
126800, 40960, 1, 0, 0
126900, 40960, 1, 0, 0
127000, 286720, 1, 0, 0
127100, 245760, 1, 0, 0
127200, 81920, 1, 0, 0
127300, 204800, 1, 0, 0
127400, 245760, 1, 0, 0
127500, 204800, 1, 0, 0
127600, 204800, 1, 0, 0
127700, 204800, 1, 0, 0
127801, 245760, 1, 0, 0
128000, 286720, 1, 0, 0
128100, 245760, 1, 0, 0
128200, 122880, 1, 0, 0
128300, 163840, 1, 0, 0
128400, 286720, 1, 0, 0
128500, 204800, 1, 0, 0
128600, 40960, 1, 0, 0
128700, 81920, 1, 0, 0
128800, 286720, 1, 0, 0
128900, 245760, 1, 0, 0
129100, 245760, 1, 0, 0
129200, 286720, 1, 0, 0
129300, 122880, 1, 0, 0
129500, 81920, 1, 0, 0
129600, 286720, 1, 0, 0
129700, 204800, 1, 0, 0
129800, 81920, 1, 0, 0
130000, 122880, 1, 0, 0
130100, 245760, 1, 0, 0
130201, 286720, 1, 0, 0
130600, 81920, 1, 0, 0
130700, 245760, 1, 0, 0
130800, 286720, 1, 0, 0
130900, 40960, 1, 0, 0
131200, 245760, 1, 0, 0
131300, 204800, 1, 0, 0
131400, 204800, 1, 0, 0
131500, 40960, 1, 0, 0
131600, 245760, 1, 0, 0
131700, 245760, 1, 0, 0
131800, 122880, 1, 0, 0
131900, 81920, 1, 0, 0
132000, 204800, 1, 0, 0
132100, 245760, 1, 0, 0
132200, 122880, 1, 0, 0
132400, 206868, 1, 0, 0
132500, 286720, 1, 0, 0
132600, 163840, 1, 0, 0
132700, 40960, 1, 0, 0
132800, 327680, 1, 0, 0
132900, 286720, 1, 0, 0
133100, 204800, 1, 0, 0
133200, 245760, 1, 0, 0
133300, 204800, 1, 0, 0
133400, 122880, 1, 0, 0
133500, 245760, 1, 0, 0
133600, 286720, 1, 0, 0
133800, 163840, 1, 0, 0
133900, 245760, 1, 0, 0
134000, 245760, 1, 0, 0
134100, 40960, 1, 0, 0
134200, 286720, 1, 0, 0
134300, 245760, 1, 0, 0
134400, 81920, 1, 0, 0
134601, 81920, 1, 0, 0
134700, 330989, 1, 0, 0
134800, 245760, 1, 0, 0
135000, 122880, 1, 0, 0
135100, 81920, 1, 0, 0
135500, 286720, 1, 0, 0
135600, 163840, 1, 0, 0
135700, 40960, 1, 0, 0
135800, 245760, 1, 0, 0
135900, 286720, 1, 0, 0
136000, 81920, 1, 0, 0
136100, 122880, 1, 0, 0
136200, 327680, 1, 0, 0
136300, 204800, 1, 0, 0
136500, 204800, 1, 0, 0
136601, 245760, 1, 0, 0
136700, 206868, 1, 0, 0
136800, 40960, 1, 0, 0
136900, 204800, 1, 0, 0
137000, 286720, 1, 0, 0
137100, 122880, 1, 0, 0
137200, 122880, 1, 0, 0
137300, 245760, 1, 0, 0
137400, 245760, 1, 0, 0
137500, 40960, 1, 0, 0
137600, 40960, 1, 0, 0
137700, 245760, 1, 0, 0
137800, 245760, 1, 0, 0
137900, 122880, 1, 0, 0
138000, 163840, 1, 0, 0
138100, 286720, 1, 0, 0
138200, 204800, 1, 0, 0
138400, 163840, 1, 0, 0
138500, 286720, 1, 0, 0
138600, 204800, 1, 0, 0
138800, 204800, 1, 0, 0
138900, 286720, 1, 0, 0
139000, 163840, 1, 0, 0
139101, 81920, 1, 0, 0
139200, 124121, 1, 0, 0
139300, 122880, 1, 0, 0
139400, 204800, 1, 0, 0
139500, 122880, 1, 0, 0
139700, 40960, 1, 0, 0
139800, 122880, 1, 0, 0
139900, 286720, 1, 0, 0
140000, 204800, 1, 0, 0
140100, 40960, 1, 0, 0
140200, 163840, 1, 0, 0
140300, 286720, 1, 0, 0
140400, 163840, 1, 0, 0
140500, 81920, 1, 0, 0
140600, 204800, 1, 0, 0
140700, 81920, 1, 0, 0
140800, 204800, 1, 0, 0
140900, 81920, 1, 0, 0
141100, 163840, 1, 0, 0
141200, 245760, 1, 0, 0
141301, 245760, 1, 0, 0
141500, 286720, 1, 0, 0
141600, 245760, 1, 0, 0
141700, 122880, 1, 0, 0
141800, 40960, 1, 0, 0
141900, 163840, 1, 0, 0
142000, 245760, 1, 0, 0
142100, 204800, 1, 0, 0
142600, 245760, 1, 0, 0
142700, 81920, 1, 0, 0
142800, 286720, 1, 0, 0
142900, 40960, 1, 0, 0
143000, 204800, 1, 0, 0
143100, 286720, 1, 0, 0
143200, 163840, 1, 0, 0
143300, 163840, 1, 0, 0
143400, 286720, 1, 0, 0
143500, 204800, 1, 0, 0
143600, 40960, 1, 0, 0
143700, 286720, 1, 0, 0
143800, 286720, 1, 0, 0
143901, 40960, 1, 0, 0
144000, 124121, 1, 0, 0
144100, 204800, 1, 0, 0
144200, 286720, 1, 0, 0
144300, 122880, 1, 0, 0
144400, 286720, 1, 0, 0
144500, 286720, 1, 0, 0
144700, 204800, 1, 0, 0
144800, 286720, 1, 0, 0
144900, 163840, 1, 0, 0
145000, 122880, 1, 0, 0
145100, 286720, 1, 0, 0
145200, 245760, 1, 0, 0
145300, 40960, 1, 0, 0
145400, 81920, 1, 0, 0
145500, 245760, 1, 0, 0
145600, 245760, 1, 0, 0
145700, 40960, 1, 0, 0
145800, 40960, 1, 0, 0
145901, 286720, 1, 0, 0
146000, 289616, 1, 0, 0
146100, 40960, 1, 0, 0
146200, 122880, 1, 0, 0
146300, 286720, 1, 0, 0
146400, 245760, 1, 0, 0
146600, 204800, 1, 0, 0
146700, 245760, 1, 0, 0
146800, 204800, 1, 0, 0
147200, 40960, 1, 0, 0
147300, 163840, 1, 0, 0
147400, 286720, 1, 0, 0
147500, 163840, 1, 0, 0
147700, 245760, 1, 0, 0
147800, 286720, 1, 0, 0
147900, 122880, 1, 0, 0
148000, 122880, 1, 0, 0
148100, 289616, 1, 0, 0
148200, 245760, 1, 0, 0
148400, 122880, 1, 0, 0
148500, 245760, 1, 0, 0
148600, 286720, 1, 0, 0
148800, 286720, 1, 0, 0
148900, 122880, 1, 0, 0
149000, 122880, 1, 0, 0
149100, 122880, 1, 0, 0
149200, 81920, 1, 0, 0
149300, 204800, 1, 0, 0
149400, 286720, 1, 0, 0
149500, 81920, 1, 0, 0
149600, 122880, 1, 0, 0
149700, 286720, 1, 0, 0
149800, 245760, 1, 0, 0
150000, 163840, 1, 0, 0
150100, 163840, 1, 0, 0
150201, 245760, 1, 0, 0
150300, 82747, 1, 0, 0
150500, 286720, 1, 0, 0
150600, 245760, 1, 0, 0
150700, 122880, 1, 0, 0
150800, 81920, 1, 0, 0
150900, 286720, 1, 0, 0
151000, 286720, 1, 0, 0
151200, 204800, 1, 0, 0
151300, 204800, 1, 0, 0
151400, 245760, 1, 0, 0
151600, 163840, 1, 0, 0
151700, 245760, 1, 0, 0
151800, 245760, 1, 0, 0
151900, 40960, 1, 0, 0
152000, 81920, 1, 0, 0
152100, 122880, 1, 0, 0
152200, 245760, 1, 0, 0
152301, 163840, 1, 0, 0
152400, 41373, 1, 0, 0
152500, 245760, 1, 0, 0
152600, 286720, 1, 0, 0
152700, 81920, 1, 0, 0
152800, 163840, 1, 0, 0
152900, 245760, 1, 0, 0
153000, 245760, 1, 0, 0
153100, 40960, 1, 0, 0
153200, 327680, 1, 0, 0
153300, 245760, 1, 0, 0
153400, 40960, 1, 0, 0
153500, 163840, 1, 0, 0
153600, 245760, 1, 0, 0
153700, 245760, 1, 0, 0
153900, 163840, 1, 0, 0
154000, 40960, 1, 0, 0
154100, 204800, 1, 0, 0
154200, 245760, 1, 0, 0
154300, 40960, 1, 0, 0
154400, 245760, 1, 0, 0
154500, 286720, 1, 0, 0
154600, 82747, 1, 0, 0
154700, 163840, 1, 0, 0
154800, 245760, 1, 0, 0
154900, 245760, 1, 0, 0
155100, 245760, 1, 0, 0
155200, 204800, 1, 0, 0
155300, 204800, 1, 0, 0
155500, 122880, 1, 0, 0
155600, 204800, 1, 0, 0
155700, 286720, 1, 0, 0
155800, 40960, 1, 0, 0
155900, 40960, 1, 0, 0
156000, 81920, 1, 0, 0
156100, 245760, 1, 0, 0
156200, 245760, 1, 0, 0
156300, 40960, 1, 0, 0
156400, 40960, 1, 0, 0
156500, 163840, 1, 0, 0
156600, 289616, 1, 0, 0
156700, 163840, 1, 0, 0
156900, 122880, 1, 0, 0
157000, 286720, 1, 0, 0
157100, 245760, 1, 0, 0
157200, 40960, 1, 0, 0
157300, 286720, 1, 0, 0
157400, 245760, 1, 0, 0
157500, 81920, 1, 0, 0
157600, 245760, 1, 0, 0
157700, 245760, 1, 0, 0
157800, 163840, 1, 0, 0
157900, 163840, 1, 0, 0
158000, 245760, 1, 0, 0
158100, 245760, 1, 0, 0
158200, 81920, 1, 0, 0
158300, 286720, 1, 0, 0
158400, 245760, 1, 0, 0
158500, 40960, 1, 0, 0
158600, 40960, 1, 0, 0
158900, 40960, 1, 0, 0
159000, 81920, 1, 0, 0
159100, 289616, 1, 0, 0
159200, 204800, 1, 0, 0
159300, 81920, 1, 0, 0
159400, 286720, 1, 0, 0
159500, 286720, 1, 0, 0
159600, 40960, 1, 0, 0
159700, 286720, 1, 0, 0
159800, 245760, 1, 0, 0
159900, 81920, 1, 0, 0
160000, 163840, 1, 0, 0
160100, 245760, 1, 0, 0
160200, 245760, 1, 0, 0
160400, 204800, 1, 0, 0
160500, 286720, 1, 0, 0
160600, 163840, 1, 0, 0
160900, 122880, 1, 0, 0
161000, 81920, 1, 0, 0
161100, 327680, 1, 0, 0
161200, 122880, 1, 0, 0
161700, 204800, 1, 0, 0
161800, 204800, 1, 0, 0
161900, 245760, 1, 0, 0
162100, 40960, 1, 0, 0
162200, 40960, 1, 0, 0
162300, 122880, 1, 0, 0
162400, 122880, 1, 0, 0
162500, 286720, 1, 0, 0
162600, 40960, 1, 0, 0
162700, 163840, 1, 0, 0
162800, 286720, 1, 0, 0
162900, 204800, 1, 0, 0
163100, 245760, 1, 0, 0
163200, 286720, 1, 0, 0
163300, 122880, 1, 0, 0
163400, 163840, 1, 0, 0
163500, 286720, 1, 0, 0
163600, 204800, 1, 0, 0
163700, 40960, 1, 0, 0
163800, 286720, 1, 0, 0
163901, 286720, 1, 0, 0
164000, 41373, 1, 0, 0
164100, 40960, 1, 0, 0
164200, 245760, 1, 0, 0
164300, 286720, 1, 0, 0
164400, 81920, 1, 0, 0
164500, 40960, 1, 0, 0
164600, 327680, 1, 0, 0
164700, 245760, 1, 0, 0
164800, 40960, 1, 0, 0
165000, 245760, 1, 0, 0
165100, 245760, 1, 0, 0
165200, 163840, 1, 0, 0
165300, 81920, 1, 0, 0
165400, 204800, 1, 0, 0
165500, 245760, 1, 0, 0
165600, 122880, 1, 0, 0
165700, 122880, 1, 0, 0
165800, 286720, 1, 0, 0
165900, 245760, 1, 0, 0
166301, 122880, 1, 0, 0
166400, 248242, 1, 0, 0
166500, 245760, 1, 0, 0
166600, 40960, 1, 0, 0
166700, 204800, 1, 0, 0
166800, 204800, 1, 0, 0
166900, 245760, 1, 0, 0
167100, 81920, 1, 0, 0
167200, 286720, 1, 0, 0
167300, 286720, 1, 0, 0
167600, 81920, 1, 0, 0
167700, 245760, 1, 0, 0
167800, 286720, 1, 0, 0
167900, 40960, 1, 0, 0
168000, 204800, 1, 0, 0
168100, 245760, 1, 0, 0
168200, 204800, 1, 0, 0
168400, 327680, 1, 0, 0
168500, 204800, 1, 0, 0
168600, 122880, 1, 0, 0
168700, 81920, 1, 0, 0
168800, 245760, 1, 0, 0
168901, 245760, 1, 0, 0
169000, 82747, 1, 0, 0
169100, 163840, 1, 0, 0
169200, 245760, 1, 0, 0
169300, 245760, 1, 0, 0
169500, 122880, 1, 0, 0
169600, 286720, 1, 0, 0
169700, 245760, 1, 0, 0
169900, 245760, 1, 0, 0
170000, 245760, 1, 0, 0
170100, 163840, 1, 0, 0
170200, 81920, 1, 0, 0
170300, 163840, 1, 0, 0
170400, 204800, 1, 0, 0
170500, 204800, 1, 0, 0
170700, 81920, 1, 0, 0
170900, 245760, 1, 0, 0
171000, 122880, 1, 0, 0
171100, 81920, 1, 0, 0
171300, 124121, 1, 0, 0
171500, 122880, 1, 0, 0
171600, 245760, 1, 0, 0
171700, 286720, 1, 0, 0
171800, 40960, 1, 0, 0
171900, 327680, 1, 0, 0
172000, 204800, 1, 0, 0
172100, 81920, 1, 0, 0
172200, 163840, 1, 0, 0
172300, 245760, 1, 0, 0
172400, 163840, 1, 0, 0
172500, 40960, 1, 0, 0
172600, 122880, 1, 0, 0
172700, 204800, 1, 0, 0
172800, 245760, 1, 0, 0
172900, 122880, 1, 0, 0
173000, 40960, 1, 0, 0
173100, 245760, 1, 0, 0
173200, 286720, 1, 0, 0
173301, 81920, 1, 0, 0
173400, 124121, 1, 0, 0
173500, 204800, 1, 0, 0
173600, 122880, 1, 0, 0
173700, 204800, 1, 0, 0
173900, 40960, 1, 0, 0
174000, 286720, 1, 0, 0
174100, 245760, 1, 0, 0
174200, 81920, 1, 0, 0
174300, 81920, 1, 0, 0
174400, 327680, 1, 0, 0
174500, 245760, 1, 0, 0
174700, 245760, 1, 0, 0
174800, 245760, 1, 0, 0
174900, 163840, 1, 0, 0
175200, 286720, 1, 0, 0
175300, 245760, 1, 0, 0
175400, 122880, 1, 0, 0
175501, 122880, 1, 0, 0
175600, 248242, 1, 0, 0
175700, 245760, 1, 0, 0
175800, 40960, 1, 0, 0
176000, 327680, 1, 0, 0
176100, 286720, 1, 0, 0
176200, 40960, 1, 0, 0
176600, 163840, 1, 0, 0
176700, 286720, 1, 0, 0
176800, 204800, 1, 0, 0
176900, 40960, 1, 0, 0
177000, 245760, 1, 0, 0
177100, 286720, 1, 0, 0
177200, 81920, 1, 0, 0
177300, 204800, 1, 0, 0
177400, 245760, 1, 0, 0
177500, 204800, 1, 0, 0
177700, 124121, 1, 0, 0
177800, 327680, 1, 0, 0
177900, 204800, 1, 0, 0
178000, 81920, 1, 0, 0
178100, 327680, 1, 0, 0
178200, 245760, 1, 0, 0
178400, 204800, 1, 0, 0
178500, 286720, 1, 0, 0
178600, 163840, 1, 0, 0
178800, 122880, 1, 0, 0
178900, 286720, 1, 0, 0
179000, 163840, 1, 0, 0
179100, 81920, 1, 0, 0
179300, 163840, 1, 0, 0
179400, 204800, 1, 0, 0
179500, 245760, 1, 0, 0
179600, 40960, 1, 0, 0
179700, 122880, 1, 0, 0
179800, 286720, 1, 0, 0
179900, 245760, 1, 0, 0
180000, 40960, 1, 0, 0
