618, 618639488, 1, 0, 0
703, 13986732, 1, 0, 0
822, 14746631, 1, 0, 0
936, 114088748, 1, 0, 0
1023, 12392032, 1, 0, 0
1100, 15165683, 1, 0, 0
1242, 35445905, 1, 0, 0
1320, 19346328, 1, 0, 0
1418, 19528311, 1, 0, 0
1509, 15075126, 1, 0, 0
1668, 158665520, 1, 0, 0
1702, 34584775, 1, 0, 0
1807, 17325358, 1, 0, 0
1916, 15584831, 1, 0, 0
2028, 55818347, 1, 0, 0
2117, 14786443, 1, 0, 0
2209, 15127421, 1, 0, 0
2398, 47093125, 1, 0, 0
2413, 15143728, 1, 0, 0
2501, 21898935, 1, 0, 0
2603, 20353050, 1, 0, 0
2811, 34627703, 1, 0, 0
2906, 13422365, 1, 0, 0
3003, 16038929, 1, 0, 0
3144, 46925821, 1, 0, 0
3206, 12225097, 1, 0, 0
3301, 15784859, 1, 0, 0
3507, 41101195, 1, 0, 0
3617, 15594556, 1, 0, 0
3714, 16141089, 1, 0, 0
3864, 49811697, 1, 0, 0
3936, 35717396, 1, 0, 0
4018, 16337382, 1, 0, 0
4123, 15014482, 1, 0, 0
4296, 86299868, 1, 0, 0
4307, 10507132, 1, 0, 0
4608, 300994786, 1, 0, 0
4716, 15302697, 1, 0, 0
4819, 17051977, 1, 0, 0
5019, 200653058, 1, 0, 0
5101, 27044648, 1, 0, 0
5201, 14261350, 1, 0, 0
5419, 36138463, 1, 0, 0
5509, 15000055, 1, 0, 0
5619, 15557856, 1, 0, 0
5751, 43890174, 1, 0, 0
5805, 13449504, 1, 0, 0
5922, 16633728, 1, 0, 0
6063, 28088134, 1, 0, 0
6104, 40945590, 1, 0, 0
6204, 14127757, 1, 0, 0
6303, 16362177, 1, 0, 0
6422, 59763121, 1, 0, 0
6504, 16188243, 1, 0, 0
6607, 14700394, 1, 0, 0
6772, 41015215, 1, 0, 0
6807, 34714120, 1, 0, 0
6917, 21982676, 1, 0, 0
7017, 16599903, 1, 0, 0
7183, 41287566, 1, 0, 0
7203, 10224516, 1, 0, 0
7310, 15085643, 1, 0, 0
7404, 18771666, 1, 0, 0
7583, 89447121, 1, 0, 0
7609, 25896670, 1, 0, 0
7711, 14509957, 1, 0, 0
7820, 21730077, 1, 0, 0
7966, 48542219, 1, 0, 0
8007, 20052866, 1, 0, 0
8157, 25020072, 1, 0, 0
8203, 22796557, 1, 0, 0
8458, 42392912, 1, 0, 0
8519, 15286435, 1, 0, 0
8608, 14597867, 1, 0, 0
8700, 18463913, 1, 0, 0
8802, 101345703, 1, 0, 0
8908, 35242882, 1, 0, 0
9024, 14440819, 1, 0, 0
9247, 44293648, 1, 0, 0
9321, 14848750, 1, 0, 0
9409, 21877755, 1, 0, 0
9604, 27704515, 1, 0, 0
9877, 136241272, 1, 0, 0
9978, 100990402, 1, 0, 0
10007, 9463150, 1, 0, 0
10108, 16790620, 1, 0, 0
10358, 62432016, 1, 0, 0
10402, 43852221, 1, 0, 0
10502, 33258168, 1, 0, 0
10604, 16913007, 1, 0, 0
10746, 23562492, 1, 0, 0
10808, 20563528, 1, 0, 0
10908, 14169850, 1, 0, 0
11118, 34840077, 1, 0, 0
11275, 39323060, 1, 0, 0
11302, 13299916, 1, 0, 0
11403, 16681899, 1, 0, 0
11528, 31156568, 1, 0, 0
11602, 14711981, 1, 0, 0
11701, 14022231, 1, 0, 0
11881, 44918130, 1, 0, 0
11921, 13462989, 1, 0, 0
12022, 16733600, 1, 0, 0
12125, 16973152, 1, 0, 0
12227, 101662001, 1, 0, 0
12306, 13147312, 1, 0, 0
12785, 119686524, 1, 0, 0
12804, 18862788, 1, 0, 0
12976, 34274714, 1, 0, 0
13020, 14315457, 1, 0, 0
13122, 16919702, 1, 0, 0
13232, 18254449, 1, 0, 0
13304, 72291523, 1, 0, 0
13401, 13726127, 1, 0, 0
13500, 16424490, 1, 0, 0
13640, 46526402, 1, 0, 0
13734, 47287749, 1, 0, 0
13828, 15476937, 1, 0, 0
13927, 16404384, 1, 0, 0
14111, 91923960, 1, 0, 0
14235, 24853004, 1, 0, 0
14326, 18003073, 1, 0, 0
14511, 30739872, 1, 0, 0
14605, 23323856, 1, 0, 0
14703, 16283254, 1, 0, 0
14924, 36732720, 1, 0, 0
15021, 24103640, 1, 0, 0
15117, 15879136, 1, 0, 0
15207, 22293040, 1, 0, 0
15311, 52022917, 1, 0, 0
15409, 49055218, 1, 0, 0
15523, 22555678, 1, 0, 0
15622, 16430582, 1, 0, 0
15753, 43507712, 1, 0, 0
15811, 28856131, 1, 0, 0
15908, 16097412, 1, 0, 0
16007, 14135570, 1, 0, 0
16101, 93744155, 1, 0, 0
16209, 21475699, 1, 0, 0
16306, 15982020, 1, 0, 0
16474, 33692150, 1, 0, 0
16517, 42388900, 1, 0, 0
16602, 21200082, 1, 0, 0
16713, 15741326, 1, 0, 0
16885, 43026129, 1, 0, 0
16911, 25231400, 1, 0, 0
17001, 14946695, 1, 0, 0
17105, 17332818, 1, 0, 0
17271, 55019087, 1, 0, 0
17303, 16162949, 1, 0, 0
17404, 16716941, 1, 0, 0
17500, 15847399, 1, 0, 0
17628, 42595286, 1, 0, 0
17709, 16185714, 1, 0, 0
17816, 35700919, 1, 0, 0
17903, 17133433, 1, 0, 0
18439, 268108705, 1, 0, 0
18502, 12464996, 1, 0, 0
18611, 15412108, 1, 0, 0
18703, 30746189, 1, 0, 0
18808, 34674163, 1, 0, 0
18905, 16086794, 1, 0, 0
19008, 17046597, 1, 0, 0
19131, 61707316, 1, 0, 0
19210, 26218851, 1, 0, 0
19304, 13257483, 1, 0, 0
19405, 20189344, 1, 0, 0
19537, 132347627, 1, 0, 0
19606, 22590740, 1, 0, 0
19704, 13923488, 1, 0, 0
19964, 43281365, 1, 0, 0
20002, 37859231, 1, 0, 0
20158, 31183300, 1, 0, 0
20213, 18271236, 1, 0, 0
20305, 15195954, 1, 0, 0
20514, 208360806, 1, 0, 0
20622, 21635190, 1, 0, 0
20706, 16624538, 1, 0, 0
20914, 34622317, 1, 0, 0
21011, 16082458, 1, 0, 0
21111, 14086037, 1, 0, 0
21259, 49314707, 1, 0, 0
21312, 17508975, 1, 0, 0
21418, 15129342, 1, 0, 0
21603, 30715912, 1, 0, 0
21702, 13991982, 1, 0, 0
21823, 17140831, 1, 0, 0
21961, 69149058, 1, 0, 0
22005, 11012485, 1, 0, 0
22113, 15229379, 1, 0, 0
22282, 33828378, 1, 0, 0
22329, 46606944, 1, 0, 0
22401, 14275962, 1, 0, 0
22514, 16143375, 1, 0, 0
22679, 54786454, 1, 0, 0
22707, 13950949, 1, 0, 0
22801, 13348330, 1, 0, 0
23043, 34477785, 1, 0, 0
23119, 15015424, 1, 0, 0
23214, 13583826, 1, 0, 0
23389, 43640291, 1, 0, 0
23409, 9684724, 1, 0, 0
23505, 24002308, 1, 0, 0
23616, 13797785, 1, 0, 0
23805, 94415354, 1, 0, 0
23916, 13741665, 1, 0, 0
24008, 13055959, 1, 0, 0
24125, 116623554, 1, 0, 0
24228, 17141709, 1, 0, 0
24306, 12914145, 1, 0, 0
24468, 40368556, 1, 0, 0
24525, 28347029, 1, 0, 0
24606, 16045155, 1, 0, 0
24700, 18734604, 1, 0, 0
24928, 56831512, 1, 0, 0
25001, 18232378, 1, 0, 0
25106, 17411065, 1, 0, 0
25341, 39091102, 1, 0, 0
25427, 42715531, 1, 0, 0
25507, 13207211, 1, 0, 0
25616, 15435535, 1, 0, 0
25757, 140883787, 1, 0, 0
25839, 41058402, 1, 0, 0
25918, 26200248, 1, 0, 0
26018, 14223045, 1, 0, 0
26166, 36899407, 1, 0, 0
26227, 15050995, 1, 0, 0
26303, 18968264, 1, 0, 0
26403, 16568068, 1, 0, 0
26841, 218802979, 1, 0, 0
26905, 21427545, 1, 0, 0
27021, 19251760, 1, 0, 0
27107, 16990738, 1, 0, 0
27257, 74841111, 1, 0, 0
27330, 18236959, 1, 0, 0
27407, 19116863, 1, 0, 0
27522, 18964055, 1, 0, 0
27735, 106444429, 1, 0, 0
27814, 15707523, 1, 0, 0
27929, 19064853, 1, 0, 0
28005, 19112220, 1, 0, 0
28195, 189099421, 1, 0, 0
28263, 68281788, 1, 0, 0
28309, 45972370, 1, 0, 0
28404, 18812240, 1, 0, 0
28502, 32785250, 1, 0, 0
28615, 22478993, 1, 0, 0
28788, 173065657, 1, 0, 0
28824, 35869778, 1, 0, 0
28904, 15715797, 1, 0, 0
29019, 19043418, 1, 0, 0
29174, 38796070, 1, 0, 0
29214, 13372285, 1, 0, 0
29310, 18940841, 1, 0, 0
29405, 19077331, 1, 0, 0
29547, 47046928, 1, 0, 0
29600, 13234815, 1, 0, 0
29707, 21195570, 1, 0, 0
29959, 35928218, 1, 0, 0
30009, 25007136, 1, 0, 0
30101, 18358870, 1, 0, 0
30201, 16481419, 1, 0, 0
30364, 54318499, 1, 0, 0
30405, 20533550, 1, 0, 0
30514, 15394715, 1, 0, 0
30607, 23242643, 1, 0, 0
30741, 133228998, 1, 0, 0
30867, 126628277, 1, 0, 0
30956, 88513897, 1, 0, 0
31007, 16882497, 1, 0, 0
31125, 19513324, 1, 0, 0
31201, 18941069, 1, 0, 0
31370, 56195971, 1, 0, 0
31451, 81029306, 1, 0, 0
31510, 19514535, 1, 0, 0
31624, 18971288, 1, 0, 0
31712, 17415346, 1, 0, 0
31823, 111136483, 1, 0, 0
31908, 14117497, 1, 0, 0
32004, 19083577, 1, 0, 0
32113, 27259155, 1, 0, 0
32281, 83837393, 1, 0, 0
32300, 19036644, 1, 0, 0
32411, 15673108, 1, 0, 0
32524, 22678138, 1, 0, 0
32672, 73634146, 1, 0, 0
32703, 15602331, 1, 0, 0
32805, 12581161, 1, 0, 0
32976, 28425696, 1, 0, 0
33019, 42872110, 1, 0, 0
33101, 13525282, 1, 0, 0
33209, 18027178, 1, 0, 0
33396, 62090700, 1, 0, 0
33408, 11825692, 1, 0, 0
33506, 13943192, 1, 0, 0
33604, 16218873, 1, 0, 0
33718, 57099582, 1, 0, 0
33801, 13634544, 1, 0, 0
33909, 15413215, 1, 0, 0
34034, 41559311, 1, 0, 0
34116, 16177825, 1, 0, 0
34202, 14269442, 1, 0, 0
34377, 34983558, 1, 0, 0
34413, 35591836, 1, 0, 0
34503, 17989619, 1, 0, 0
34602, 13940661, 1, 0, 0
34737, 45088498, 1, 0, 0
34802, 16209583, 1, 0, 0
34929, 13941161, 1, 0, 0
35113, 61296104, 1, 0, 0
35205, 13080897, 1, 0, 0
35310, 14925917, 1, 0, 0
35536, 112685106, 1, 0, 0
35607, 14248204, 1, 0, 0
35702, 13339072, 1, 0, 0
35928, 56589669, 1, 0, 0
36000, 11844658, 1, 0, 0
36112, 15919857, 1, 0, 0
36290, 59028994, 1, 0, 0
36314, 23786177, 1, 0, 0
36412, 13946140, 1, 0, 0
36510, 13921136, 1, 0, 0
36624, 113577750, 1, 0, 0
36708, 28150735, 1, 0, 0
36808, 16478343, 1, 0, 0
37041, 33264564, 1, 0, 0
37106, 16095923, 1, 0, 0
37200, 13335502, 1, 0, 0
37565, 72853628, 1, 0, 0
37609, 14625704, 1, 0, 0
37701, 15195552, 1, 0, 0
37883, 26013917, 1, 0, 0
37904, 20246454, 1, 0, 0
38005, 14393527, 1, 0, 0
38113, 15379967, 1, 0, 0
38211, 97620368, 1, 0, 0
38305, 15601329, 1, 0, 0
38411, 13095226, 1, 0, 0
38567, 78228301, 1, 0, 0
38601, 11058621, 1, 0, 0
38714, 16061882, 1, 0, 0
38897, 30342571, 1, 0, 0
38906, 9591081, 1, 0, 0
39013, 15147092, 1, 0, 0
39105, 15174042, 1, 0, 0
39234, 64050487, 1, 0, 0
39316, 20456068, 1, 0, 0
39407, 30383908, 1, 0, 0
39504, 13689719, 1, 0, 0
39647, 71272184, 1, 0, 0
39703, 9334749, 1, 0, 0
39806, 17018874, 1, 0, 0
40099, 73264058, 1, 0, 0
40147, 47234569, 1, 0, 0
40208, 30468336, 1, 0, 0
40300, 15311608, 1, 0, 0
40583, 40247866, 1, 0, 0
40605, 21788881, 1, 0, 0
40705, 14180010, 1, 0, 0
40820, 16387690, 1, 0, 0
40904, 83550395, 1, 0, 0
41014, 27494228, 1, 0, 0
41107, 13233076, 1, 0, 0
41277, 33930702, 1, 0, 0
41314, 36915232, 1, 0, 0
41409, 15756943, 1, 0, 0
41500, 15039539, 1, 0, 0
41955, 151549663, 1, 0, 0
42014, 14474853, 1, 0, 0
42118, 17261221, 1, 0, 0
42316, 32990958, 1, 0, 0
42410, 15461709, 1, 0, 0
42504, 15662526, 1, 0, 0
42653, 37037944, 1, 0, 0
42727, 14657402, 1, 0, 0
42803, 12679369, 1, 0, 0
42940, 27259513, 1, 0, 0
43013, 14530355, 1, 0, 0
43101, 14597524, 1, 0, 0
43352, 50147401, 1, 0, 0
43423, 17500363, 1, 0, 0
43501, 15569296, 1, 0, 0
43852, 58414880, 1, 0, 0
43957, 104963589, 1, 0, 0
44005, 11864596, 1, 0, 0
44127, 30249024, 1, 0, 0
44217, 15041250, 1, 0, 0
44317, 49645610, 1, 0, 0
44414, 16185138, 1, 0, 0
44505, 17972718, 1, 0, 0
44699, 38791025, 1, 0, 0
44708, 8431156, 1, 0, 0
44832, 17598735, 1, 0, 0
44922, 17916313, 1, 0, 0
45081, 53026474, 1, 0, 0
45105, 23692877, 1, 0, 0
45204, 13948566, 1, 0, 0
45305, 14446405, 1, 0, 0
45423, 117781200, 1, 0, 0
45501, 12743231, 1, 0, 0
45606, 14925589, 1, 0, 0
45774, 56108783, 1, 0, 0
45807, 16342899, 1, 0, 0
45905, 16186944, 1, 0, 0
46003, 16214056, 1, 0, 0
46144, 70531170, 1, 0, 0
46200, 13877115, 1, 0, 0
46304, 14749334, 1, 0, 0
46538, 46653496, 1, 0, 0
46603, 16138007, 1, 0, 0
46717, 16211393, 1, 0, 0
46884, 33281397, 1, 0, 0
46923, 19703633, 1, 0, 0
47004, 13416614, 1, 0, 0
47122, 16747991, 1, 0, 0
47285, 163228139, 1, 0, 0
47305, 9853775, 1, 0, 0
47427, 24187612, 1, 0, 0
47512, 28432271, 1, 0, 0
47728, 35933718, 1, 0, 0
47800, 35510201, 1, 0, 0
47907, 15232589, 1, 0, 0
48005, 16199398, 1, 0, 0
48127, 121843352, 1, 0, 0
48203, 18903124, 1, 0, 0
48317, 16144559, 1, 0, 0
48518, 40095406, 1, 0, 0
48605, 14490766, 1, 0, 0
48702, 16083920, 1, 0, 0
48884, 45390002, 1, 0, 0
48930, 45150772, 1, 0, 0
49007, 15335952, 1, 0, 0
49105, 16182130, 1, 0, 0
49296, 47630872, 1, 0, 0
49318, 22332326, 1, 0, 0
49413, 15737428, 1, 0, 0
49522, 15531849, 1, 0, 0
49953, 215143451, 1, 0, 0
50014, 12068391, 1, 0, 0
50103, 17750102, 1, 0, 0
50222, 23761383, 1, 0, 0
50317, 31421982, 1, 0, 0
50410, 13161462, 1, 0, 0
50514, 17305148, 1, 0, 0
50632, 118205833, 1, 0, 0
50806, 34650861, 1, 0, 0
50912, 21020144, 1, 0, 0
51128, 35902604, 1, 0, 0
51236, 53873669, 1, 0, 0
51300, 15852144, 1, 0, 0
51422, 15202541, 1, 0, 0
51512, 44948320, 1, 0, 0
51626, 37866617, 1, 0, 0
51700, 14767825, 1, 0, 0
51803, 14556387, 1, 0, 0
51922, 118945579, 1, 0, 0
52018, 15885842, 1, 0, 0
52112, 15534214, 1, 0, 0
52271, 39785623, 1, 0, 0
52300, 14268876, 1, 0, 0
52407, 15221140, 1, 0, 0
52509, 16912709, 1, 0, 0
52620, 55523593, 1, 0, 0
52703, 13639238, 1, 0, 0
52805, 17058879, 1, 0, 0
52932, 42047765, 1, 0, 0
53004, 14345518, 1, 0, 0
53114, 15556353, 1, 0, 0
53200, 28854264, 1, 0, 0
53391, 190557455, 1, 0, 0
53403, 11414369, 1, 0, 0
53519, 14458443, 1, 0, 0
53606, 14476160, 1, 0, 0
53746, 139370135, 1, 0, 0
53806, 12000733, 1, 0, 0
53923, 16594888, 1, 0, 0
54110, 46607932, 1, 0, 0
54215, 20730338, 1, 0, 0
54302, 14378252, 1, 0, 0
54504, 40420294, 1, 0, 0
54604, 14173985, 1, 0, 0
54718, 18954529, 1, 0, 0
54888, 56275256, 1, 0, 0
54950, 61868801, 1, 0, 0
55013, 12588166, 1, 0, 0
55121, 35789829, 1, 0, 0
55200, 13064618, 1, 0, 0
55341, 141771826, 1, 0, 0
55421, 15809716, 1, 0, 0
55507, 14320437, 1, 0, 0
55653, 28952678, 1, 0, 0
55727, 37095519, 1, 0, 0
55819, 30448914, 1, 0, 0
55908, 14711951, 1, 0, 0
56053, 28949926, 1, 0, 0
56128, 75447814, 1, 0, 0
56204, 15001212, 1, 0, 0
56306, 14433619, 1, 0, 0
56477, 57166775, 1, 0, 0
56510, 32240625, 1, 0, 0
56622, 13911323, 1, 0, 0
56708, 14205853, 1, 0, 0
56811, 103113239, 1, 0, 0
56901, 15013500, 1, 0, 0
57045, 28620908, 1, 0, 0
57116, 17603844, 1, 0, 0
57249, 132513133, 1, 0, 0
57308, 19621779, 1, 0, 0
57429, 20019574, 1, 0, 0
57521, 15298073, 1, 0, 0
57946, 424473613, 1, 0, 0
58006, 14821738, 1, 0, 0
58109, 14669938, 1, 0, 0
58300, 38210969, 1, 0, 0
58404, 14623390, 1, 0, 0
58506, 14491850, 1, 0, 0
58650, 71895935, 1, 0, 0
58727, 25811149, 1, 0, 0
58822, 18908877, 1, 0, 0
58908, 14111554, 1, 0, 0
59067, 79626600, 1, 0, 0
59107, 13068310, 1, 0, 0
59206, 16486580, 1, 0, 0
59303, 15977658, 1, 0, 0
59427, 124834127, 1, 0, 0
59532, 17324940, 1, 0, 0
59600, 22407434, 1, 0, 0
59823, 31806863, 1, 0, 0
59901, 12889524, 1, 0, 0
60028, 18115724, 1, 0, 0
60464, 144958897, 1, 0, 0
60502, 12822779, 1, 0, 0
60622, 19780441, 1, 0, 0
60726, 17305342, 1, 0, 0
60890, 163090943, 1, 0, 0
60907, 8732656, 1, 0, 0
61017, 18266031, 1, 0, 0
61104, 14451240, 1, 0, 0
61226, 60594726, 1, 0, 0
61306, 39877495, 1, 0, 0
61407, 14339388, 1, 0, 0
61502, 15784624, 1, 0, 0
61764, 261500620, 1, 0, 0
61856, 23045830, 1, 0, 0
61908, 12813634, 1, 0, 0
62000, 13056331, 1, 0, 0
62168, 168149555, 1, 0, 0
62209, 20588411, 1, 0, 0
62306, 15933585, 1, 0, 0
62418, 16022658, 1, 0, 0
62684, 266050249, 1, 0, 0
62708, 11439249, 1, 0, 0
62805, 13841543, 1, 0, 0
63019, 30446584, 1, 0, 0
63134, 38350089, 1, 0, 0
63214, 13041040, 1, 0, 0
63320, 35178042, 1, 0, 0
63555, 58661039, 1, 0, 0
63607, 13065323, 1, 0, 0
63705, 13840395, 1, 0, 0
63807, 25369174, 1, 0, 0
63956, 148791857, 1, 0, 0
64001, 14906717, 1, 0, 0
64102, 20176798, 1, 0, 0
64204, 16825627, 1, 0, 0
64381, 88562846, 1, 0, 0
64401, 19788309, 1, 0, 0
64516, 22855678, 1, 0, 0
64617, 14393699, 1, 0, 0
64795, 59104864, 1, 0, 0
64805, 10128842, 1, 0, 0
64900, 15844433, 1, 0, 0
65005, 17330992, 1, 0, 0
65194, 62857694, 1, 0, 0
65203, 9573915, 1, 0, 0
65300, 31920542, 1, 0, 0
65421, 17306578, 1, 0, 0
65620, 39726082, 1, 0, 0
65700, 13243919, 1, 0, 0
65801, 19973006, 1, 0, 0
65919, 118258485, 1, 0, 0
66061, 35385662, 1, 0, 0
66100, 19385247, 1, 0, 0
66208, 15282631, 1, 0, 0
66322, 18928267, 1, 0, 0
66445, 123005063, 1, 0, 0
66508, 12493177, 1, 0, 0
66606, 16197873, 1, 0, 0
66806, 39857027, 1, 0, 0
66906, 19995866, 1, 0, 0
67017, 15744296, 1, 0, 0
67166, 37069522, 1, 0, 0
67206, 13221741, 1, 0, 0
67303, 16122560, 1, 0, 0
67532, 32634895, 1, 0, 0
67624, 18312241, 1, 0, 0
67705, 13438465, 1, 0, 0
67878, 34414131, 1, 0, 0
67987, 54701007, 1, 0, 0
68021, 33704631, 1, 0, 0
68106, 14080638, 1, 0, 0
68212, 17594820, 1, 0, 0
68353, 140412182, 1, 0, 0
68420, 33367800, 1, 0, 0
68504, 41738166, 1, 0, 0
68615, 15818701, 1, 0, 0
68825, 41961726, 1, 0, 0
68910, 14009959, 1, 0, 0
69007, 16129227, 1, 0, 0
69191, 45802458, 1, 0, 0
69215, 24217384, 1, 0, 0
69303, 14444536, 1, 0, 0
69400, 16125939, 1, 0, 0
69531, 43388588, 1, 0, 0
69614, 16678427, 1, 0, 0
69702, 14589223, 1, 0, 0
69889, 37242567, 1, 0, 0
69908, 9238665, 1, 0, 0
70002, 15634818, 1, 0, 0
70109, 15121694, 1, 0, 0
70524, 415513250, 1, 0, 0
70607, 13619350, 1, 0, 0
70711, 14782457, 1, 0, 0
71278, 188909384, 1, 0, 0
71321, 14267673, 1, 0, 0
71404, 13683858, 1, 0, 0
71635, 32964660, 1, 0, 0
71712, 38261025, 1, 0, 0
71811, 14164335, 1, 0, 0
72044, 33195337, 1, 0, 0
72108, 21231502, 1, 0, 0
72219, 15700706, 1, 0, 0
72463, 40431098, 1, 0, 0
72511, 24110072, 1, 0, 0
72609, 13860477, 1, 0, 0
72824, 30621216, 1, 0, 0
72908, 13943336, 1, 0, 0
73028, 17068489, 1, 0, 0
73146, 39446157, 1, 0, 0
73212, 32637304, 1, 0, 0
73309, 16017798, 1, 0, 0
73406, 16144385, 1, 0, 0
73534, 64185430, 1, 0, 0
73607, 11942332, 1, 0, 0
73701, 18770675, 1, 0, 0
73906, 40912504, 1, 0, 0
74019, 22474992, 1, 0, 0
74102, 16551457, 1, 0, 0
74329, 37710823, 1, 0, 0
74402, 36397443, 1, 0, 0
74511, 15534791, 1, 0, 0
74609, 16186640, 1, 0, 0
74777, 167851806, 1, 0, 0
74802, 24581443, 1, 0, 0
75003, 50176292, 1, 0, 0
75143, 19904731, 1, 0, 0
75206, 31531710, 1, 0, 0
75584, 377949896, 1, 0, 0
75719, 134509189, 1, 0, 0
75800, 26793586, 1, 0, 0
75906, 14970607, 1, 0, 0
76148, 40264138, 1, 0, 0
76208, 11903327, 1, 0, 0
76302, 15502000, 1, 0, 0
76519, 43297441, 1, 0, 0
76627, 36076587, 1, 0, 0
76703, 12553454, 1, 0, 0
76806, 17131017, 1, 0, 0
76977, 170342769, 1, 0, 0
77036, 59264954, 1, 0, 0
77126, 29875347, 1, 0, 0
77206, 15932289, 1, 0, 0
77435, 32655464, 1, 0, 0
77506, 17607216, 1, 0, 0
77608, 12628844, 1, 0, 0
77777, 42082082, 1, 0, 0
77806, 9705736, 1, 0, 0
77917, 22215834, 1, 0, 0
78005, 21711745, 1, 0, 0
78179, 43470934, 1, 0, 0
78216, 18445729, 1, 0, 0
78346, 18365798, 1, 0, 0
78447, 25243645, 1, 0, 0
78603, 51705240, 1, 0, 0
78708, 17338572, 1, 0, 0
78823, 16332511, 1, 0, 0
78954, 43802443, 1, 0, 0
79008, 13443921, 1, 0, 0
79111, 14567311, 1, 0, 0
79290, 35646308, 1, 0, 0
79311, 21582968, 1, 0, 0
79402, 12805602, 1, 0, 0
79504, 14585528, 1, 0, 0
79610, 105117092, 1, 0, 0
79719, 18131881, 1, 0, 0
79819, 16607132, 1, 0, 0
79953, 33324311, 1, 0, 0
80006, 13200315, 1, 0, 0
80131, 20796950, 1, 0, 0
80381, 41574801, 1, 0, 0
80406, 12386255, 1, 0, 0
80511, 14815297, 1, 0, 0
80608, 16227022, 1, 0, 0
80733, 124907369, 1, 0, 0
80825, 22769206, 1, 0, 0
80904, 13157439, 1, 0, 0
81129, 37326174, 1, 0, 0
81203, 24480822, 1, 0, 0
81323, 17033539, 1, 0, 0
81490, 27812854, 1, 0, 0
81500, 9391915, 1, 0, 0
81602, 16920401, 1, 0, 0
81715, 15998025, 1, 0, 0
81927, 106205217, 1, 0, 0
82008, 13365829, 1, 0, 0
82116, 15307629, 1, 0, 0
82251, 45128584, 1, 0, 0
82301, 24656103, 1, 0, 0
82405, 12913278, 1, 0, 0
82622, 36086255, 1, 0, 0
82708, 14287970, 1, 0, 0
82806, 16212339, 1, 0, 0
82948, 35487359, 1, 0, 0
83013, 16240638, 1, 0, 0
83100, 14393779, 1, 0, 0
83209, 27181713, 1, 0, 0
83356, 73409801, 1, 0, 0
83406, 12217355, 1, 0, 0
83519, 16114796, 1, 0, 0
83601, 40731427, 1, 0, 0
83796, 65207969, 1, 0, 0
83805, 8408937, 1, 0, 0
83906, 16717662, 1, 0, 0
84004, 16211850, 1, 0, 0
84181, 59119041, 1, 0, 0
84208, 26648688, 1, 0, 0
84302, 15517670, 1, 0, 0
84427, 20714052, 1, 0, 0
84507, 39930850, 1, 0, 0
84637, 130144084, 1, 0, 0
84712, 14848079, 1, 0, 0
84816, 14837241, 1, 0, 0
85008, 47674255, 1, 0, 0
85104, 13719519, 1, 0, 0
85205, 16726612, 1, 0, 0
85365, 53088399, 1, 0, 0
85407, 41787495, 1, 0, 0
85526, 23777415, 1, 0, 0
85608, 16351552, 1, 0, 0
85813, 40837395, 1, 0, 0
85922, 15420734, 1, 0, 0
86003, 13544567, 1, 0, 0
86201, 65757416, 1, 0, 0
86302, 20057863, 1, 0, 0
86407, 17532161, 1, 0, 0
86584, 35310811, 1, 0, 0
86622, 18726083, 1, 0, 0
86719, 19295905, 1, 0, 0
86816, 16103368, 1, 0, 0
87048, 77365107, 1, 0, 0
87107, 14587570, 1, 0, 0
87200, 15402165, 1, 0, 0
87329, 64608641, 1, 0, 0
87405, 25098657, 1, 0, 0
87529, 61669500, 1, 0, 0
87615, 14272992, 1, 0, 0
87707, 15286862, 1, 0, 0
87848, 47040876, 1, 0, 0
87900, 25805436, 1, 0, 0
88018, 14629457, 1, 0, 0
88264, 40931218, 1, 0, 0
88319, 27488581, 1, 0, 0
88418, 16439795, 1, 0, 0
88517, 16365555, 1, 0, 0
88704, 93180469, 1, 0, 0
88820, 14377935, 1, 0, 0
88911, 15186937, 1, 0, 0
89069, 78603590, 1, 0, 0
89121, 13057464, 1, 0, 0
89214, 15284437, 1, 0, 0
89678, 77282125, 1, 0, 0
89704, 13110282, 1, 0, 0
89841, 27186448, 1, 0, 0
89904, 12644622, 1, 0, 0
90097, 48054995, 1, 0, 0
90106, 9223243, 1, 0, 0
90200, 15569899, 1, 0, 0
90304, 12815908, 1, 0, 0
90447, 143374244, 1, 0, 0
90518, 13969857, 1, 0, 0
90604, 14349125, 1, 0, 0
90781, 35324264, 1, 0, 0
90806, 12411376, 1, 0, 0
90903, 16082962, 1, 0, 0
91001, 13849781, 1, 0, 0
91130, 128844280, 1, 0, 0
91207, 10926191, 1, 0, 0
91300, 15380076, 1, 0, 0
91473, 57600994, 1, 0, 0
91518, 44689307, 1, 0, 0
91605, 14457723, 1, 0, 0
91702, 13825506, 1, 0, 0
91897, 97292756, 1, 0, 0
91906, 9187692, 1, 0, 0
92008, 14520612, 1, 0, 0
92190, 22632634, 1, 0, 0
92243, 53255211, 1, 0, 0
92346, 102286253, 1, 0, 0
92402, 56110885, 1, 0, 0
92504, 12620911, 1, 0, 0
92728, 44686401, 1, 0, 0
92811, 16667924, 1, 0, 0
92914, 14655987, 1, 0, 0
93083, 42024336, 1, 0, 0
93104, 10456247, 1, 0, 0
93208, 17163337, 1, 0, 0
93405, 24509386, 1, 0, 0
93505, 14310003, 1, 0, 0
93624, 14789427, 1, 0, 0
93723, 98248083, 1, 0, 0
93814, 15125041, 1, 0, 0
93902, 14630367, 1, 0, 0
94111, 52218022, 1, 0, 0
94210, 19630154, 1, 0, 0
94306, 15877056, 1, 0, 0
94459, 30484598, 1, 0, 0
94504, 15078667, 1, 0, 0
94610, 17496636, 1, 0, 0
94708, 16246432, 1, 0, 0
94807, 49628487, 1, 0, 0
94902, 15683691, 1, 0, 0
95011, 15452437, 1, 0, 0
95147, 68099147, 1, 0, 0
95215, 33820298, 1, 0, 0
95304, 12645590, 1, 0, 0
95402, 16277764, 1, 0, 0
95524, 121876289, 1, 0, 0
95611, 21583831, 1, 0, 0
95700, 12532273, 1, 0, 0
95803, 34370889, 1, 0, 0
96018, 107218370, 1, 0, 0
96102, 13863923, 1, 0, 0
96207, 20989685, 1, 0, 0
96383, 35138297, 1, 0, 0
96412, 28463684, 1, 0, 0
96509, 19324763, 1, 0, 0
96606, 16134695, 1, 0, 0
96792, 46307687, 1, 0, 0
96825, 33177492, 1, 0, 0
96905, 19889641, 1, 0, 0
97010, 14946464, 1, 0, 0
97214, 50936421, 1, 0, 0
97300, 14124090, 1, 0, 0
97407, 15174220, 1, 0, 0
97619, 70771892, 1, 0, 0
97717, 16199085, 1, 0, 0
97800, 13780419, 1, 0, 0
97948, 36888332, 1, 0, 0
98003, 18151378, 1, 0, 0
98104, 14339781, 1, 0, 0
98303, 33070843, 1, 0, 0
98409, 17568618, 1, 0, 0
98502, 15528047, 1, 0, 0
98672, 42297962, 1, 0, 0
98706, 17105677, 1, 0, 0
98824, 14608781, 1, 0, 0
98901, 15146331, 1, 0, 0
99284, 382855429, 1, 0, 0
99302, 9192856, 1, 0, 0
99403, 16580379, 1, 0, 0
99500, 19279196, 1, 0, 0
99621, 40537680, 1, 0, 0
99705, 16688513, 1, 0, 0
99815, 15545420, 1, 0, 0
99990, 43761174, 1, 0, 0
100000, 9190487, 1, 0, 0
100104, 14751241, 1, 0, 0
100223, 23492764, 1, 0, 0
100350, 42278374, 1, 0, 0
100403, 13047548, 1, 0, 0
100504, 16711031, 1, 0, 0
100663, 26431205, 1, 0, 0
100773, 110323391, 1, 0, 0
100802, 14349268, 1, 0, 0
100924, 17364437, 1, 0, 0
101324, 66493119, 1, 0, 0
101403, 15610854, 1, 0, 0
101514, 18416199, 1, 0, 0
101737, 44649037, 1, 0, 0
101808, 14119734, 1, 0, 0
101900, 18333576, 1, 0, 0
102054, 25486806, 1, 0, 0
102109, 27463383, 1, 0, 0
102204, 13456082, 1, 0, 0
102433, 32619547, 1, 0, 0
102500, 13302932, 1, 0, 0
102670, 28266120, 1, 0, 0
102708, 37027983, 1, 0, 0
102819, 27784621, 1, 0, 0
102914, 23728576, 1, 0, 0
103030, 14304945, 1, 0, 0
103257, 56707611, 1, 0, 0
103304, 23725749, 1, 0, 0
103403, 14015238, 1, 0, 0
103607, 29029685, 1, 0, 0
103703, 13656057, 1, 0, 0
103814, 18427667, 1, 0, 0
103994, 59868829, 1, 0, 0
104006, 11659095, 1, 0, 0
104117, 18338607, 1, 0, 0
104218, 16734066, 1, 0, 0
104436, 72785060, 1, 0, 0
104506, 17347807, 1, 0, 0
104953, 223317654, 1, 0, 0
105015, 15293312, 1, 0, 0
105123, 21422272, 1, 0, 0
105248, 125104488, 1, 0, 0
105307, 29360925, 1, 0, 0
105407, 14175877, 1, 0, 0
105516, 21747122, 1, 0, 0
105673, 78426631, 1, 0, 0
105700, 13281739, 1, 0, 0
105800, 14206906, 1, 0, 0
106007, 29480541, 1, 0, 0
106111, 20576277, 1, 0, 0
106215, 14852934, 1, 0, 0
106413, 49433312, 1, 0, 0
106504, 18102026, 1, 0, 0
106605, 14396617, 1, 0, 0
106719, 37842769, 1, 0, 0
106913, 194201402, 1, 0, 0
107006, 13108991, 1, 0, 0
107102, 15983326, 1, 0, 0
107246, 47844373, 1, 0, 0
107305, 29418769, 1, 0, 0
107404, 13993003, 1, 0, 0
107503, 19757432, 1, 0, 0
107631, 42614560, 1, 0, 0
107702, 23704393, 1, 0, 0
107804, 16894569, 1, 0, 0
108014, 34866791, 1, 0, 0
108108, 13290162, 1, 0, 0
108210, 16874223, 1, 0, 0
108350, 46657428, 1, 0, 0
108406, 13932426, 1, 0, 0
108531, 20776148, 1, 0, 0
108608, 15223305, 1, 0, 0
108738, 130463236, 1, 0, 0
109178, 439679224, 1, 0, 0
109222, 14587894, 1, 0, 0
109328, 15059728, 1, 0, 0
109501, 34426778, 1, 0, 0
109610, 18092862, 1, 0, 0
109706, 15931251, 1, 0, 0
109880, 43481179, 1, 0, 0
109908, 13416052, 1, 0, 0
110009, 16752808, 1, 0, 0
110268, 32284818, 1, 0, 0
110314, 46222771, 1, 0, 0
110429, 38279379, 1, 0, 0
110529, 33356816, 1, 0, 0
110618, 17637283, 1, 0, 0
110770, 38006824, 1, 0, 0
110811, 13582587, 1, 0, 0
110907, 15914530, 1, 0, 0
111007, 16528490, 1, 0, 0
111117, 54657107, 1, 0, 0
111206, 22115918, 1, 0, 0
111302, 15998348, 1, 0, 0
111536, 46567267, 1, 0, 0
111613, 12757401, 1, 0, 0
111709, 15962309, 1, 0, 0
111852, 35774626, 1, 0, 0
111901, 16156801, 1, 0, 0
112012, 18468082, 1, 0, 0
112103, 17997647, 1, 0, 0
112252, 74686792, 1, 0, 0
112319, 16668553, 1, 0, 0
112412, 15270690, 1, 0, 0
112603, 31869346, 1, 0, 0
112707, 14761758, 1, 0, 0
112804, 15949847, 1, 0, 0
112953, 49770984, 1, 0, 0
113004, 16699783, 1, 0, 0
113115, 18421172, 1, 0, 0
113342, 32402273, 1, 0, 0
113402, 15006448, 1, 0, 0
113504, 20160188, 1, 0, 0
113690, 26547450, 1, 0, 0
113711, 21047465, 1, 0, 0
113816, 14832696, 1, 0, 0
113911, 15831493, 1, 0, 0
114025, 56721245, 1, 0, 0
114121, 19058713, 1, 0, 0
114231, 15502832, 1, 0, 0
114463, 58135817, 1, 0, 0
114506, 14178138, 1, 0, 0
114605, 13914757, 1, 0, 0
114798, 32191721, 1, 0, 0
114829, 30416506, 1, 0, 0
114911, 13561545, 1, 0, 0
115014, 14621407, 1, 0, 0
115145, 65412305, 1, 0, 0
115216, 35535966, 1, 0, 0
115319, 14555183, 1, 0, 0
115518, 28332349, 1, 0, 0
115601, 13701064, 1, 0, 0
115710, 13610149, 1, 0, 0
115836, 63077563, 1, 0, 0
115914, 15413053, 1, 0, 0
116001, 12355708, 1, 0, 0
116176, 43658938, 1, 0, 0
116201, 25198587, 1, 0, 0
116307, 14993815, 1, 0, 0
116408, 16783985, 1, 0, 0
116567, 79445166, 1, 0, 0
116610, 14053948, 1, 0, 0
116710, 14287755, 1, 0, 0
116907, 32693968, 1, 0, 0
117002, 13522491, 1, 0, 0
117107, 17386066, 1, 0, 0
117265, 52370081, 1, 0, 0
117306, 13498828, 1, 0, 0
117403, 13810494, 1, 0, 0
117615, 35238094, 1, 0, 0
117710, 13489634, 1, 0, 0
117808, 16239446, 1, 0, 0
117939, 43554371, 1, 0, 0
118005, 32595990, 1, 0, 0
118101, 13673303, 1, 0, 0
118346, 34950330, 1, 0, 0
118424, 12821397, 1, 0, 0
118502, 12993443, 1, 0, 0
118664, 40507745, 1, 0, 0
118706, 20772495, 1, 0, 0
118815, 18001516, 1, 0, 0
118918, 14630930, 1, 0, 0
119046, 127850960, 1, 0, 0
119101, 13615256, 1, 0, 0
119218, 19366065, 1, 0, 0
119323, 26183137, 1, 0, 0
119405, 41071363, 1, 0, 0
119501, 15891522, 1, 0, 0
119615, 22612404, 1, 0, 0
119791, 35269850, 1, 0, 0
119802, 10863941, 1, 0, 0
119925, 17413477, 1, 0, 0
120002, 19105426, 1, 0, 0
120204, 50526566, 1, 0, 0
120326, 30246500, 1, 0, 0
120423, 16143030, 1, 0, 0
120511, 17370374, 1, 0, 0
120907, 396287851, 1, 0, 0
121006, 24641776, 1, 0, 0
121113, 17640594, 1, 0, 0
121200, 21674067, 1, 0, 0
121312, 55894054, 1, 0, 0
121427, 22925419, 1, 0, 0
121504, 15407590, 1, 0, 0
121784, 46477308, 1, 0, 0
121800, 16223561, 1, 0, 0
121906, 17683474, 1, 0, 0
122010, 14637301, 1, 0, 0
122108, 32831215, 1, 0, 0
122207, 24412262, 1, 0, 0
122321, 18939303, 1, 0, 0
122548, 45429533, 1, 0, 0
122618, 17394756, 1, 0, 0
122703, 16836340, 1, 0, 0
122809, 21212724, 1, 0, 0
122905, 47645813, 1, 0, 0
123027, 24258238, 1, 0, 0
123103, 18904080, 1, 0, 0
123218, 19048812, 1, 0, 0
123338, 119771531, 1, 0, 0
123406, 22721258, 1, 0, 0
123522, 19249275, 1, 0, 0
123607, 16834432, 1, 0, 0
123845, 118802539, 1, 0, 0
123901, 18440717, 1, 0, 0
124007, 15157247, 1, 0, 0
124198, 31686350, 1, 0, 0
124267, 68341455, 1, 0, 0
124317, 16771366, 1, 0, 0
124403, 17105744, 1, 0, 0
124509, 21046218, 1, 0, 0
124635, 63074270, 1, 0, 0
124706, 13965127, 1, 0, 0
124808, 20371185, 1, 0, 0
125042, 38978049, 1, 0, 0
125106, 15769648, 1, 0, 0
125205, 12243542, 1, 0, 0
125393, 47125072, 1, 0, 0
125415, 21067918, 1, 0, 0
125750, 335599800, 1, 0, 0
125802, 17188912, 1, 0, 0
125903, 16693314, 1, 0, 0
126086, 36349931, 1, 0, 0
126104, 8913263, 1, 0, 0
126204, 14166393, 1, 0, 0
126300, 15962681, 1, 0, 0
126422, 60907879, 1, 0, 0
126513, 18146358, 1, 0, 0
126600, 14374740, 1, 0, 0
126705, 34822283, 1, 0, 0
126894, 189151211, 1, 0, 0
126903, 9130394, 1, 0, 0
127016, 16018848, 1, 0, 0
127106, 14892372, 1, 0, 0
127238, 66070416, 1, 0, 0
127309, 13939503, 1, 0, 0
127401, 15314197, 1, 0, 0
127546, 28826637, 1, 0, 0
127600, 13595159, 1, 0, 0
127701, 16694788, 1, 0, 0
127912, 35001125, 1, 0, 0
128020, 15388035, 1, 0, 0
128100, 13210337, 1, 0, 0
128243, 47725882, 1, 0, 0
128303, 14784993, 1, 0, 0
128410, 15242587, 1, 0, 0
128585, 34814437, 1, 0, 0
128651, 65965588, 1, 0, 0
128705, 26972337, 1, 0, 0
128803, 13945544, 1, 0, 0
129014, 34964819, 1, 0, 0
129106, 15165493, 1, 0, 0
129203, 13772195, 1, 0, 0
129445, 80804687, 1, 0, 0
129503, 28451657, 1, 0, 0
129619, 16547739, 1, 0, 0
129705, 17093676, 1, 0, 0
129933, 113744164, 1, 0, 0
130010, 25543113, 1, 0, 0
130102, 15330526, 1, 0, 0
130586, 69056194, 1, 0, 0
130607, 10382639, 1, 0, 0
130706, 16355925, 1, 0, 0
130801, 13423131, 1, 0, 0
131112, 310926639, 1, 0, 0
131220, 18018758, 1, 0, 0
131316, 19028870, 1, 0, 0
131465, 29635604, 1, 0, 0
131512, 47514353, 1, 0, 0
131602, 14872761, 1, 0, 0
131702, 16495701, 1, 0, 0
131879, 59214778, 1, 0, 0
131908, 14185077, 1, 0, 0
132012, 20647520, 1, 0, 0
132101, 14766505, 1, 0, 0
132316, 71588780, 1, 0, 0
132407, 17948983, 1, 0, 0
132519, 15902572, 1, 0, 0
132686, 41787990, 1, 0, 0
132704, 18004975, 1, 0, 0
132808, 12881346, 1, 0, 0
133022, 30425491, 1, 0, 0
133110, 17659178, 1, 0, 0
133203, 15324446, 1, 0, 0
133375, 34370966, 1, 0, 0
133416, 13364040, 1, 0, 0
133511, 15783848, 1, 0, 0
133729, 31079864, 1, 0, 0
133818, 22257964, 1, 0, 0
133915, 16026768, 1, 0, 0
134099, 30469923, 1, 0, 0
134108, 9130857, 1, 0, 0
134215, 15196597, 1, 0, 0
134301, 14240514, 1, 0, 0
134577, 138175152, 1, 0, 0
134606, 14076272, 1, 0, 0
134707, 12532376, 1, 0, 0
134941, 38936625, 1, 0, 0
135008, 22073812, 1, 0, 0
135403, 197383829, 1, 0, 0
135533, 18518389, 1, 0, 0
135694, 40051371, 1, 0, 0
135715, 20688063, 1, 0, 0
135808, 15366396, 1, 0, 0
135902, 13379395, 1, 0, 0
136025, 61508266, 1, 0, 0
136100, 25003673, 1, 0, 0
136217, 14526727, 1, 0, 0
136427, 41919454, 1, 0, 0
136520, 18338582, 1, 0, 0
136615, 15789008, 1, 0, 0
136791, 35150566, 1, 0, 0
136830, 38329698, 1, 0, 0
136903, 14565001, 1, 0, 0
137018, 16313948, 1, 0, 0
137176, 52528648, 1, 0, 0
137219, 14381746, 1, 0, 0
137300, 16054636, 1, 0, 0
137458, 22522682, 1, 0, 0
137590, 131578131, 1, 0, 0
137621, 31597343, 1, 0, 0
137707, 14123687, 1, 0, 0
137803, 16033747, 1, 0, 0
137939, 45034969, 1, 0, 0
138002, 15716225, 1, 0, 0
138107, 14836821, 1, 0, 0
138305, 39526587, 1, 0, 0
138401, 23919535, 1, 0, 0
138526, 17685313, 1, 0, 0
138758, 46343107, 1, 0, 0
138823, 12887237, 1, 0, 0
138900, 12795701, 1, 0, 0
139064, 32766648, 1, 0, 0
139134, 34469529, 1, 0, 0
139242, 36042225, 1, 0, 0
139317, 25003598, 1, 0, 0
139447, 25778399, 1, 0, 0
139694, 82314778, 1, 0, 0
139735, 40832038, 1, 0, 0
139801, 21930267, 1, 0, 0
139915, 16221019, 1, 0, 0
140097, 36346392, 1, 0, 0
140149, 51791241, 1, 0, 0
140202, 13102075, 1, 0, 0
140318, 16548342, 1, 0, 0
140486, 41853570, 1, 0, 0
140507, 10439543, 1, 0, 0
140685, 35573472, 1, 0, 0
140720, 17363763, 1, 0, 0
140866, 28950973, 1, 0, 0
141008, 70924479, 1, 0, 0
141106, 24307690, 1, 0, 0
141205, 16482398, 1, 0, 0
141415, 34841445, 1, 0, 0
141515, 14201785, 1, 0, 0
141609, 15624721, 1, 0, 0
141726, 38973340, 1, 0, 0
141813, 86595927, 1, 0, 0
141906, 23195909, 1, 0, 0
142000, 15543607, 1, 0, 0
142548, 109617016, 1, 0, 0
142623, 12366624, 1, 0, 0
142702, 39479471, 1, 0, 0
142802, 14086494, 1, 0, 0
142933, 131420347, 1, 0, 0
143011, 15446669, 1, 0, 0
143113, 14419665, 1, 0, 0
143251, 34431885, 1, 0, 0
143306, 13636214, 1, 0, 0
143404, 13992479, 1, 0, 0
143594, 37980756, 1, 0, 0
143603, 8971510, 1, 0, 0
143706, 14624375, 1, 0, 0
143815, 15407517, 1, 0, 0
143977, 161833653, 1, 0, 0
144028, 17040066, 1, 0, 0
144102, 14582872, 1, 0, 0
144203, 14438997, 1, 0, 0
144307, 34363552, 1, 0, 0
144405, 13910890, 1, 0, 0
144643, 33925317, 1, 0, 0
144714, 14180861, 1, 0, 0
144806, 12932643, 1, 0, 0
144972, 41627901, 1, 0, 0
145002, 9738746, 1, 0, 0
145118, 16513994, 1, 0, 0
145293, 29110673, 1, 0, 0
145303, 9707510, 1, 0, 0
145403, 49580772, 1, 0, 0
145511, 17911889, 1, 0, 0
145606, 15847216, 1, 0, 0
145766, 159733441, 1, 0, 0
145801, 34320038, 1, 0, 0
145906, 14866187, 1, 0, 0
146005, 14149302, 1, 0, 0
146136, 130856624, 1, 0, 0
146200, 21297536, 1, 0, 0
146305, 14885001, 1, 0, 0
146514, 34703122, 1, 0, 0
146608, 18754814, 1, 0, 0
146712, 17170594, 1, 0, 0
147198, 97141861, 1, 0, 0
147246, 48453888, 1, 0, 0
147311, 16030808, 1, 0, 0
147402, 12840813, 1, 0, 0
147621, 54745641, 1, 0, 0
147712, 15062515, 1, 0, 0
147812, 14188745, 1, 0, 0
147968, 51823729, 1, 0, 0
148013, 15061252, 1, 0, 0
148103, 12679740, 1, 0, 0
148373, 45030890, 1, 0, 0
148418, 14695378, 1, 0, 0
148510, 15278442, 1, 0, 0
148704, 27674433, 1, 0, 0
148822, 16671346, 1, 0, 0
148951, 43044516, 1, 0, 0
149017, 21764750, 1, 0, 0
149170, 50979406, 1, 0, 0
149230, 29940139, 1, 0, 0
149302, 14207206, 1, 0, 0
149419, 16697008, 1, 0, 0
149580, 80411921, 1, 0, 0
149620, 13023974, 1, 0, 0
149706, 12183856, 1, 0, 0
149953, 41141055, 1, 0, 0
150037, 20933020, 1, 0, 0
150121, 20855505, 1, 0, 0
150206, 14072376, 1, 0, 0
150426, 109958286, 1, 0, 0
150520, 13283268, 1, 0, 0
150613, 15373803, 1, 0, 0
150753, 46762325, 1, 0, 0
150808, 27157359, 1, 0, 0
150913, 14896517, 1, 0, 0
151131, 31065747, 1, 0, 0
151210, 15773592, 1, 0, 0
151304, 18624536, 1, 0, 0
151549, 40798794, 1, 0, 0
151614, 16054662, 1, 0, 0
151706, 15286859, 1, 0, 0
151897, 31764890, 1, 0, 0
151968, 70675542, 1, 0, 0
152026, 29241389, 1, 0, 0
152110, 27731790, 1, 0, 0
152219, 18183579, 1, 0, 0
152385, 41202161, 1, 0, 0
152404, 19150185, 1, 0, 0
152503, 16503379, 1, 0, 0
152611, 15256391, 1, 0, 0
152739, 63929601, 1, 0, 0
152806, 16678802, 1, 0, 0
152902, 15964626, 1, 0, 0
153091, 31445449, 1, 0, 0
153103, 11414828, 1, 0, 0
153212, 13528348, 1, 0, 0
153305, 15475670, 1, 0, 0
153454, 148350263, 1, 0, 0
153503, 12078198, 1, 0, 0
153617, 18963637, 1, 0, 0
153807, 31523712, 1, 0, 0
153975, 41957643, 1, 0, 0
154019, 44319309, 1, 0, 0
154104, 16819386, 1, 0, 0
154290, 30899233, 1, 0, 0
154312, 22399514, 1, 0, 0
154401, 14711405, 1, 0, 0
154508, 15169248, 1, 0, 0
154662, 77210908, 1, 0, 0
154721, 14472800, 1, 0, 0
154809, 14660316, 1, 0, 0
155006, 32751773, 1, 0, 0
155101, 15773444, 1, 0, 0
155205, 20643726, 1, 0, 0
155413, 41517016, 1, 0, 0
155537, 41349761, 1, 0, 0
155603, 13033221, 1, 0, 0
155714, 15700553, 1, 0, 0
155889, 175502405, 1, 0, 0
155921, 31231844, 1, 0, 0
156019, 49264436, 1, 0, 0
156112, 15319117, 1, 0, 0
156209, 16002782, 1, 0, 0
156394, 185651737, 1, 0, 0
156405, 10084812, 1, 0, 0
156501, 24015426, 1, 0, 0
156604, 14616275, 1, 0, 0
156861, 64106797, 1, 0, 0
156902, 13721755, 1, 0, 0
157009, 15121534, 1, 0, 0
157195, 30938696, 1, 0, 0
157207, 11815410, 1, 0, 0
157325, 16731317, 1, 0, 0
157422, 16128047, 1, 0, 0
157531, 54559436, 1, 0, 0
157605, 12186169, 1, 0, 0
157701, 15882430, 1, 0, 0
157861, 39915766, 1, 0, 0
157921, 14903006, 1, 0, 0
158018, 16128220, 1, 0, 0
158168, 24882281, 1, 0, 0
158215, 23301048, 1, 0, 0
158307, 13024533, 1, 0, 0
158401, 15695236, 1, 0, 0
158584, 182274200, 1, 0, 0
158894, 309831902, 1, 0, 0
158972, 78397020, 1, 0, 0
159008, 17778530, 1, 0, 0
159105, 13565611, 1, 0, 0
159282, 35247238, 1, 0, 0
159300, 9036502, 1, 0, 0
159401, 14338275, 1, 0, 0
159592, 27221424, 1, 0, 0
159612, 19638682, 1, 0, 0
159716, 14855832, 1, 0, 0
159807, 14953415, 1, 0, 0
159957, 75101272, 1, 0, 0
160006, 12143792, 1, 0, 0
160105, 16347861, 1, 0, 0
160309, 34026743, 1, 0, 0
160402, 18330195, 1, 0, 0
160515, 16138474, 1, 0, 0
160862, 86513922, 1, 0, 0
160925, 20993826, 1, 0, 0
161009, 42014757, 1, 0, 0
161127, 14653890, 1, 0, 0
161656, 176306339, 1, 0, 0
161715, 11563053, 1, 0, 0
161801, 17086008, 1, 0, 0
162006, 34093353, 1, 0, 0
162156, 149637139, 1, 0, 0
162249, 93037430, 1, 0, 0
162359, 36697284, 1, 0, 0
162407, 15763805, 1, 0, 0
162504, 13815978, 1, 0, 0
162651, 146218784, 1, 0, 0
162704, 13174789, 1, 0, 0
162804, 14158293, 1, 0, 0
163012, 41563222, 1, 0, 0
163104, 15324653, 1, 0, 0
163214, 15512015, 1, 0, 0
163350, 45355733, 1, 0, 0
163401, 12721467, 1, 0, 0
163527, 17869127, 1, 0, 0
163689, 32295156, 1, 0, 0
163717, 28565702, 1, 0, 0
163818, 14278592, 1, 0, 0
163924, 14995033, 1, 0, 0
164034, 110567124, 1, 0, 0
164110, 75829544, 1, 0, 0
164200, 14850493, 1, 0, 0
164304, 14750845, 1, 0, 0
164486, 91157254, 1, 0, 0
164515, 28374732, 1, 0, 0
164625, 13690411, 1, 0, 0
164703, 12839588, 1, 0, 0
164928, 224910537, 1, 0, 0
165008, 13284360, 1, 0, 0
165111, 17003645, 1, 0, 0
165267, 38936642, 1, 0, 0
165307, 19697832, 1, 0, 0
165419, 22243599, 1, 0, 0
165504, 14180485, 1, 0, 0
165678, 57900010, 1, 0, 0
165705, 8764883, 1, 0, 0
165819, 16166333, 1, 0, 0
166269, 74996258, 1, 0, 0
166302, 10646423, 1, 0, 0
166402, 16668945, 1, 0, 0
166500, 16207174, 1, 0, 0
166602, 101630539, 1, 0, 0
166729, 25417015, 1, 0, 0
166815, 16989047, 1, 0, 0
167076, 43429522, 1, 0, 0
167102, 13164903, 1, 0, 0
167215, 15974684, 1, 0, 0
167543, 46806169, 1, 0, 0
167603, 29953810, 1, 0, 0
167700, 16049414, 1, 0, 0
167803, 14540885, 1, 0, 0
167918, 115650933, 1, 0, 0
168023, 20791150, 1, 0, 0
168113, 14839103, 1, 0, 0
168302, 37845693, 1, 0, 0
168411, 13457586, 1, 0, 0
168510, 19773169, 1, 0, 0
168639, 42886194, 1, 0, 0
168723, 41862378, 1, 0, 0
168815, 15160437, 1, 0, 0
168913, 16194700, 1, 0, 0
169035, 60896231, 1, 0, 0
169107, 18102290, 1, 0, 0
169201, 15440540, 1, 0, 0
169462, 43478141, 1, 0, 0
169504, 14013917, 1, 0, 0
169611, 15098717, 1, 0, 0
169828, 36145969, 1, 0, 0
169922, 15612916, 1, 0, 0
170005, 13704889, 1, 0, 0
170165, 39881201, 1, 0, 0
170229, 31977658, 1, 0, 0
170308, 19562012, 1, 0, 0
170400, 22883579, 1, 0, 0
170663, 43887671, 1, 0, 0
170826, 81239442, 1, 0, 0
170932, 17594573, 1, 0, 0
171009, 25343235, 1, 0, 0
171252, 121313605, 1, 0, 0
171456, 68037522, 1, 0, 0
171500, 14570795, 1, 0, 0
171605, 17361672, 1, 0, 0
171793, 26798087, 1, 0, 0
171804, 11199704, 1, 0, 0
171920, 14405669, 1, 0, 0
172004, 16571060, 1, 0, 0
172152, 74118222, 1, 0, 0
172206, 13418270, 1, 0, 0
172302, 15983488, 1, 0, 0
172433, 32538842, 1, 0, 0
172501, 68350997, 1, 0, 0
172600, 49131117, 1, 0, 0
172701, 16786175, 1, 0, 0
172802, 16759314, 1, 0, 0
173000, 65856339, 1, 0, 0
173104, 14812720, 1, 0, 0
173212, 15309144, 1, 0, 0
173301, 44176375, 1, 0, 0
173422, 40202545, 1, 0, 0
173500, 15619948, 1, 0, 0
173605, 35029233, 1, 0, 0
173882, 55218693, 1, 0, 0
173900, 18407567, 1, 0, 0
174004, 14742677, 1, 0, 0
174103, 16329114, 1, 0, 0
174242, 69681005, 1, 0, 0
174301, 29371386, 1, 0, 0
174421, 14895862, 1, 0, 0
174635, 35519197, 1, 0, 0
174700, 12846275, 1, 0, 0
174815, 16331182, 1, 0, 0
175112, 74275968, 1, 0, 0
175208, 13570823, 1, 0, 0
175314, 17656473, 1, 0, 0
175468, 51166510, 1, 0, 0
175527, 19591780, 1, 0, 0
175640, 18648609, 1, 0, 0
175722, 13552564, 1, 0, 0
175903, 181056800, 1, 0, 0
176013, 13682647, 1, 0, 0
176119, 15066965, 1, 0, 0
176557, 437796772, 1, 0, 0
176600, 10678361, 1, 0, 0
176700, 16432505, 1, 0, 0
176889, 31546914, 1, 0, 0
176909, 19344979, 1, 0, 0
177003, 15584519, 1, 0, 0
177104, 14368316, 1, 0, 0
177230, 62888251, 1, 0, 0
177301, 14039507, 1, 0, 0
177402, 16717946, 1, 0, 0
177650, 49589116, 1, 0, 0
177701, 16928341, 1, 0, 0
177824, 15255911, 1, 0, 0
177973, 29762649, 1, 0, 0
178001, 13729043, 1, 0, 0
178123, 15216190, 1, 0, 0
178323, 33197586, 1, 0, 0
178407, 16736953, 1, 0, 0
178505, 13875472, 1, 0, 0
178710, 51314729, 1, 0, 0
178803, 30801904, 1, 0, 0
178919, 16402280, 1, 0, 0
179007, 21806059, 1, 0, 0
179209, 101097368, 1, 0, 0
179325, 29024803, 1, 0, 0
179424, 19527941, 1, 0, 0
179510, 14374654, 1, 0, 0
179636, 125746940, 1, 0, 0
179710, 24574748, 1, 0, 0
179813, 14645051, 1, 0, 0
179995, 30145668, 1, 0, 0
180004, 9282398, 1, 0, 0
