700, 60, 1, 0, 0
800, 80, 1, 0, 0
900, 10, 1, 0, 0
1000, 70, 1, 0, 0
1100, 60, 1, 0, 0
1200, 30, 1, 0, 0
1300, 40, 1, 0, 0
1400, 50, 1, 0, 0
1500, 60, 1, 0, 0
1600, 10, 1, 0, 0
1700, 10, 1, 0, 0
1800, 60, 1, 0, 0
1900, 70, 1, 0, 0
2000, 20, 1, 0, 0
2100, 60, 1, 0, 0
2200, 60, 1, 0, 0
2300, 40, 1, 0, 0
2400, 10, 1, 0, 0
2500, 40, 1, 0, 0
2600, 50, 1, 0, 0
2700, 60, 1, 0, 0
2900, 70, 1, 0, 0
3000, 60, 1, 0, 0
3100, 30, 1, 0, 0
3200, 50, 1, 0, 0
3300, 60, 1, 0, 0
3400, 50, 1, 0, 0
3600, 70, 1, 0, 0
3700, 60, 1, 0, 0
3800, 30, 1, 0, 0
3900, 20, 1, 0, 0
4000, 50, 1, 0, 0
4100, 70, 1, 0, 0
4200, 20, 1, 0, 0
4300, 10, 1, 0, 0
4400, 10, 1, 0, 0
4700, 70, 1, 0, 0
4800, 60, 1, 0, 0
4900, 10, 1, 0, 0
5100, 30, 1, 0, 0
5200, 70, 1, 0, 0
5300, 60, 1, 0, 0
5500, 60, 1, 0, 0
5600, 70, 1, 0, 0
5700, 30, 1, 0, 0
5800, 40, 1, 0, 0
5900, 70, 1, 0, 0
6000, 50, 1, 0, 0
6100, 10, 1, 0, 0
6200, 70, 1, 0, 0
6300, 60, 1, 0, 0
6400, 20, 1, 0, 0
6500, 50, 1, 0, 0
6600, 70, 1, 0, 0
6700, 40, 1, 0, 0
6800, 10, 1, 0, 0
6900, 50, 1, 0, 0
7000, 60, 1, 0, 0
7100, 40, 1, 0, 0
7200, 20, 1, 0, 0
7300, 70, 1, 0, 0
7400, 50, 1, 0, 0
7500, 20, 1, 0, 0
7600, 10, 1, 0, 0
7700, 70, 1, 0, 0
7800, 50, 1, 0, 0
7900, 30, 1, 0, 0
8000, 20, 1, 0, 0
8100, 60, 1, 0, 0
8200, 20, 1, 0, 0
8300, 60, 1, 0, 0
8500, 40, 1, 0, 0
8600, 60, 1, 0, 0
8700, 60, 1, 0, 0
8900, 30, 1, 0, 0
9000, 80, 1, 0, 0
9100, 50, 1, 0, 0
9300, 50, 1, 0, 0
9400, 40, 1, 0, 0
9500, 70, 1, 0, 0
9700, 20, 1, 0, 0
9900, 10, 1, 0, 0
10000, 30, 1, 0, 0
10100, 60, 1, 0, 0
10200, 40, 1, 0, 0
10400, 10, 1, 0, 0
10500, 30, 1, 0, 0
10600, 60, 1, 0, 0
10700, 60, 1, 0, 0
10800, 30, 1, 0, 0
10900, 70, 1, 0, 0
11000, 60, 1, 0, 0
11200, 40, 1, 0, 0
11300, 20, 1, 0, 0
11400, 60, 1, 0, 0
11500, 40, 1, 0, 0
11600, 50, 1, 0, 0
11700, 70, 1, 0, 0
11800, 40, 1, 0, 0
11900, 30, 1, 0, 0
12000, 60, 1, 0, 0
12100, 60, 1, 0, 0
12200, 10, 1, 0, 0
12300, 60, 1, 0, 0
12400, 40, 1, 0, 0
12800, 10, 1, 0, 0
12900, 50, 1, 0, 0
13000, 30, 1, 0, 0
13100, 60, 1, 0, 0
13200, 60, 1, 0, 0
13300, 10, 1, 0, 0
13400, 70, 1, 0, 0
13500, 70, 1, 0, 0
13600, 20, 1, 0, 0
13700, 20, 1, 0, 0
13800, 60, 1, 0, 0
13900, 60, 1, 0, 0
14000, 20, 1, 0, 0
14200, 50, 1, 0, 0
14300, 50, 1, 0, 0
14400, 60, 1, 0, 0
14600, 40, 1, 0, 0
14700, 60, 1, 0, 0
14800, 60, 1, 0, 0
15000, 40, 1, 0, 0
15100, 60, 1, 0, 0
15200, 40, 1, 0, 0
15300, 20, 1, 0, 0
15400, 20, 1, 0, 0
15501, 50, 1, 0, 0
15600, 60, 1, 0, 0
15700, 30, 1, 0, 0
15800, 20, 1, 0, 0
15900, 60, 1, 0, 0
16000, 70, 1, 0, 0
16100, 10, 1, 0, 0
16200, 50, 1, 0, 0
16300, 60, 1, 0, 0
16400, 50, 1, 0, 0
16500, 10, 1, 0, 0
16600, 40, 1, 0, 0
16700, 70, 1, 0, 0
16800, 40, 1, 0, 0
16900, 10, 1, 0, 0
17000, 60, 1, 0, 0
17100, 60, 1, 0, 0
17200, 30, 1, 0, 0
17301, 20, 1, 0, 0
17400, 60, 1, 0, 0
17500, 60, 1, 0, 0
17600, 30, 1, 0, 0
17700, 50, 1, 0, 0
17800, 30, 1, 0, 0
17900, 50, 1, 0, 0
18000, 20, 1, 0, 0
18500, 50, 1, 0, 0
18600, 70, 1, 0, 0
18700, 30, 1, 0, 0
18800, 30, 1, 0, 0
18900, 60, 1, 0, 0
19000, 60, 1, 0, 0
19101, 20, 1, 0, 0
19200, 30, 1, 0, 0
19300, 70, 1, 0, 0
19400, 50, 1, 0, 0
19500, 10, 1, 0, 0
19600, 30, 1, 0, 0
19700, 70, 1, 0, 0
19800, 60, 1, 0, 0
20000, 10, 1, 0, 0
20100, 50, 1, 0, 0
20200, 30, 1, 0, 0
20300, 60, 1, 0, 0
20400, 10, 1, 0, 0
20600, 50, 1, 0, 0
20700, 50, 1, 0, 0
20800, 60, 1, 0, 0
21000, 60, 1, 0, 0
21101, 70, 1, 0, 0
21201, 30, 1, 0, 0
21300, 30, 1, 0, 0
21400, 70, 1, 0, 0
21500, 60, 1, 0, 0
21700, 70, 1, 0, 0
21800, 70, 1, 0, 0
21900, 20, 1, 0, 0
22000, 40, 1, 0, 0
22100, 70, 1, 0, 0
22200, 50, 1, 0, 0
22300, 10, 1, 0, 0
22400, 50, 1, 0, 0
22500, 70, 1, 0, 0
22600, 30, 1, 0, 0
22700, 20, 1, 0, 0
22800, 70, 1, 0, 0
22900, 70, 1, 0, 0
23100, 50, 1, 0, 0
23200, 70, 1, 0, 0
23301, 40, 1, 0, 0
23400, 20, 1, 0, 0
23500, 40, 1, 0, 0
23600, 80, 1, 0, 0
23700, 20, 1, 0, 0
23900, 80, 1, 0, 0
24000, 70, 1, 0, 0
24100, 10, 1, 0, 0
24200, 60, 1, 0, 0
24300, 60, 1, 0, 0
24400, 40, 1, 0, 0
24500, 20, 1, 0, 0
24600, 50, 1, 0, 0
24700, 50, 1, 0, 0
24800, 40, 1, 0, 0
25000, 40, 1, 0, 0
25100, 60, 1, 0, 0
25200, 60, 1, 0, 0
25400, 20, 1, 0, 0
25500, 60, 1, 0, 0
25600, 70, 1, 0, 0
25700, 10, 1, 0, 0
25800, 20, 1, 0, 0
25900, 30, 1, 0, 0
26000, 70, 1, 0, 0
26100, 40, 1, 0, 0
26200, 40, 1, 0, 0
26300, 40, 1, 0, 0
26400, 60, 1, 0, 0
26500, 20, 1, 0, 0
26900, 30, 1, 0, 0
27000, 60, 1, 0, 0
27100, 50, 1, 0, 0
27200, 20, 1, 0, 0
27300, 40, 1, 0, 0
27400, 40, 1, 0, 0
27500, 60, 1, 0, 0
27600, 20, 1, 0, 0
27800, 50, 1, 0, 0
27900, 60, 1, 0, 0
28000, 40, 1, 0, 0
28100, 10, 1, 0, 0
28200, 10, 1, 0, 0
28300, 10, 1, 0, 0
28400, 50, 1, 0, 0
28500, 30, 1, 0, 0
28600, 50, 1, 0, 0
28700, 10, 1, 0, 0
28800, 10, 1, 0, 0
28901, 50, 1, 0, 0
29001, 60, 1, 0, 0
29100, 40, 1, 0, 0
29200, 30, 1, 0, 0
29300, 50, 1, 0, 0
29400, 50, 1, 0, 0
29500, 30, 1, 0, 0
29600, 40, 1, 0, 0
29700, 50, 1, 0, 0
29800, 70, 1, 0, 0
30000, 20, 1, 0, 0
30100, 50, 1, 0, 0
30200, 60, 1, 0, 0
30300, 30, 1, 0, 0
30400, 20, 1, 0, 0
30500, 70, 1, 0, 0
30600, 40, 1, 0, 0
30700, 10, 1, 0, 0
30801, 10, 1, 0, 0
30900, 10, 1, 0, 0
31000, 30, 1, 0, 0
31100, 60, 1, 0, 0
31200, 40, 1, 0, 0
31300, 30, 1, 0, 0
31400, 10, 1, 0, 0
31500, 30, 1, 0, 0
31600, 60, 1, 0, 0
31700, 50, 1, 0, 0
31800, 10, 1, 0, 0
31900, 60, 1, 0, 0
32000, 50, 1, 0, 0
32100, 40, 1, 0, 0
32200, 20, 1, 0, 0
32300, 10, 1, 0, 0
32400, 70, 1, 0, 0
32500, 50, 1, 0, 0
32600, 20, 1, 0, 0
32700, 20, 1, 0, 0
32800, 80, 1, 0, 0
32901, 60, 1, 0, 0
33000, 10, 1, 0, 0
33100, 60, 1, 0, 0
33200, 60, 1, 0, 0
33300, 30, 1, 0, 0
33400, 10, 1, 0, 0
33500, 70, 1, 0, 0
33600, 60, 1, 0, 0
33700, 20, 1, 0, 0
33800, 60, 1, 0, 0
33900, 70, 1, 0, 0
34000, 30, 1, 0, 0
34100, 50, 1, 0, 0
34200, 60, 1, 0, 0
34300, 50, 1, 0, 0
34400, 10, 1, 0, 0
34500, 50, 1, 0, 0
34600, 70, 1, 0, 0
34700, 30, 1, 0, 0
34801, 40, 1, 0, 0
34900, 90, 1, 0, 0
35000, 30, 1, 0, 0
35200, 70, 1, 0, 0
35300, 70, 1, 0, 0
35400, 20, 1, 0, 0
35600, 50, 1, 0, 0
35700, 70, 1, 0, 0
35800, 40, 1, 0, 0
36000, 60, 1, 0, 0
36100, 70, 1, 0, 0
36200, 30, 1, 0, 0
36300, 10, 1, 0, 0
36400, 70, 1, 0, 0
36500, 70, 1, 0, 0
36600, 10, 1, 0, 0
36701, 30, 1, 0, 0
36800, 60, 1, 0, 0
36900, 70, 1, 0, 0
37100, 40, 1, 0, 0
37200, 70, 1, 0, 0
37300, 50, 1, 0, 0
37600, 30, 1, 0, 0
37700, 60, 1, 0, 0
37800, 70, 1, 0, 0
37900, 10, 1, 0, 0
38000, 70, 1, 0, 0
38100, 70, 1, 0, 0
38200, 10, 1, 0, 0
38300, 60, 1, 0, 0
38400, 80, 1, 0, 0
38500, 20, 1, 0, 0
38600, 30, 1, 0, 0
38700, 70, 1, 0, 0
38801, 60, 1, 0, 0
38900, 10, 1, 0, 0
39000, 70, 1, 0, 0
39100, 60, 1, 0, 0
39200, 20, 1, 0, 0
39300, 40, 1, 0, 0
39400, 30, 1, 0, 0
39500, 70, 1, 0, 0
39600, 20, 1, 0, 0
39700, 60, 1, 0, 0
39800, 60, 1, 0, 0
39900, 40, 1, 0, 0
40100, 10, 1, 0, 0
40200, 20, 1, 0, 0
40300, 70, 1, 0, 0
40400, 60, 1, 0, 0
40600, 10, 1, 0, 0
40701, 70, 1, 0, 0
40800, 70, 1, 0, 0
40900, 10, 1, 0, 0
41000, 40, 1, 0, 0
41100, 70, 1, 0, 0
41200, 50, 1, 0, 0
41300, 10, 1, 0, 0
41400, 60, 1, 0, 0
41500, 60, 1, 0, 0
41600, 30, 1, 0, 0
42000, 40, 1, 0, 0
42100, 60, 1, 0, 0
42200, 60, 1, 0, 0
42400, 60, 1, 0, 0
42500, 60, 1, 0, 0
42600, 40, 1, 0, 0
42700, 50, 1, 0, 0
42800, 60, 1, 0, 0
42900, 50, 1, 0, 0
43000, 50, 1, 0, 0
43100, 60, 1, 0, 0
43200, 50, 1, 0, 0
43401, 40, 1, 0, 0
43500, 50, 1, 0, 0
43600, 60, 1, 0, 0
43900, 10, 1, 0, 0
44000, 40, 1, 0, 0
44100, 40, 1, 0, 0
44200, 60, 1, 0, 0
44300, 20, 1, 0, 0
44400, 60, 1, 0, 0
44500, 50, 1, 0, 0
44600, 50, 1, 0, 0
44700, 10, 1, 0, 0
44800, 70, 1, 0, 0
44900, 50, 1, 0, 0
45000, 30, 1, 0, 0
45100, 10, 1, 0, 0
45200, 70, 1, 0, 0
45300, 70, 1, 0, 0
45400, 10, 1, 0, 0
45500, 60, 1, 0, 0
45600, 70, 1, 0, 0
45700, 30, 1, 0, 0
45801, 20, 1, 0, 0
45900, 60, 1, 0, 0
46000, 60, 1, 0, 0
46100, 20, 1, 0, 0
46200, 40, 1, 0, 0
46300, 70, 1, 0, 0
46400, 50, 1, 0, 0
46600, 40, 1, 0, 0
46700, 70, 1, 0, 0
46800, 50, 1, 0, 0
46900, 20, 1, 0, 0
47000, 60, 1, 0, 0
47100, 70, 1, 0, 0
47200, 10, 1, 0, 0
47300, 20, 1, 0, 0
47400, 50, 1, 0, 0
47500, 30, 1, 0, 0
47600, 60, 1, 0, 0
47800, 30, 1, 0, 0
47900, 60, 1, 0, 0
48000, 60, 1, 0, 0
48100, 10, 1, 0, 0
48200, 40, 1, 0, 0
48300, 70, 1, 0, 0
48400, 50, 1, 0, 0
48600, 60, 1, 0, 0
48700, 60, 1, 0, 0
48800, 40, 1, 0, 0
48900, 10, 1, 0, 0
49000, 50, 1, 0, 0
49100, 60, 1, 0, 0
49200, 40, 1, 0, 0
49300, 10, 1, 0, 0
49400, 60, 1, 0, 0
49500, 70, 1, 0, 0
49600, 20, 1, 0, 0
50000, 50, 1, 0, 0
50100, 50, 1, 0, 0
50200, 50, 1, 0, 0
50300, 30, 1, 0, 0
50400, 70, 1, 0, 0
50500, 60, 1, 0, 0
50600, 10, 1, 0, 0
50700, 50, 1, 0, 0
50900, 50, 1, 0, 0
51000, 60, 1, 0, 0
51200, 20, 1, 0, 0
51300, 40, 1, 0, 0
51400, 80, 1, 0, 0
51500, 20, 1, 0, 0
51600, 30, 1, 0, 0
51700, 50, 1, 0, 0
51800, 70, 1, 0, 0
51900, 10, 1, 0, 0
52000, 60, 1, 0, 0
52100, 60, 1, 0, 0
52200, 40, 1, 0, 0
52300, 30, 1, 0, 0
52400, 60, 1, 0, 0
52500, 60, 1, 0, 0
52600, 20, 1, 0, 0
52700, 60, 1, 0, 0
52800, 60, 1, 0, 0
52900, 30, 1, 0, 0
53000, 50, 1, 0, 0
53100, 70, 1, 0, 0
53200, 30, 1, 0, 0
53300, 10, 1, 0, 0
53400, 10, 1, 0, 0
53500, 80, 1, 0, 0
53600, 60, 1, 0, 0
53700, 10, 1, 0, 0
53800, 50, 1, 0, 0
53900, 70, 1, 0, 0
54000, 40, 1, 0, 0
54200, 50, 1, 0, 0
54300, 60, 1, 0, 0
54400, 50, 1, 0, 0
54600, 70, 1, 0, 0
54700, 60, 1, 0, 0
54800, 30, 1, 0, 0
54900, 10, 1, 0, 0
55000, 50, 1, 0, 0
55100, 30, 1, 0, 0
55200, 70, 1, 0, 0
55400, 50, 1, 0, 0
55500, 60, 1, 0, 0
55600, 50, 1, 0, 0
55700, 20, 1, 0, 0
55800, 30, 1, 0, 0
55900, 60, 1, 0, 0
56000, 50, 1, 0, 0
56100, 10, 1, 0, 0
56201, 50, 1, 0, 0
56300, 70, 1, 0, 0
56400, 30, 1, 0, 0
56500, 10, 1, 0, 0
56600, 80, 1, 0, 0
56700, 60, 1, 0, 0
56800, 10, 1, 0, 0
56900, 60, 1, 0, 0
57000, 50, 1, 0, 0
57100, 40, 1, 0, 0
57200, 10, 1, 0, 0
57300, 30, 1, 0, 0
57400, 60, 1, 0, 0
57500, 60, 1, 0, 0
57600, 10, 1, 0, 0
58000, 40, 1, 0, 0
58100, 70, 1, 0, 0
58200, 50, 1, 0, 0
58300, 10, 1, 0, 0
58400, 60, 1, 0, 0
58500, 70, 1, 0, 0
58600, 20, 1, 0, 0
58700, 30, 1, 0, 0
58800, 50, 1, 0, 0
58900, 60, 1, 0, 0
59000, 20, 1, 0, 0
59100, 30, 1, 0, 0
59200, 60, 1, 0, 0
59300, 60, 1, 0, 0
59400, 10, 1, 0, 0
59500, 60, 1, 0, 0
59600, 40, 1, 0, 0
59700, 60, 1, 0, 0
59900, 60, 1, 0, 0
60000, 70, 1, 0, 0
60100, 30, 1, 0, 0
60500, 30, 1, 0, 0
60600, 60, 1, 0, 0
60700, 60, 1, 0, 0
60800, 10, 1, 0, 0
60900, 20, 1, 0, 0
61000, 60, 1, 0, 0
61101, 60, 1, 0, 0
61200, 20, 1, 0, 0
61300, 20, 1, 0, 0
61400, 70, 1, 0, 0
61500, 60, 1, 0, 0
61600, 10, 1, 0, 0
61800, 40, 1, 0, 0
61900, 40, 1, 0, 0
62000, 80, 1, 0, 0
62200, 20, 1, 0, 0
62300, 60, 1, 0, 0
62400, 70, 1, 0, 0
62500, 10, 1, 0, 0
62700, 20, 1, 0, 0
62800, 70, 1, 0, 0
62900, 70, 1, 0, 0
63100, 30, 1, 0, 0
63200, 60, 1, 0, 0
63300, 30, 1, 0, 0
63400, 40, 1, 0, 0
63600, 40, 1, 0, 0
63700, 70, 1, 0, 0
63801, 40, 1, 0, 0
63900, 10, 1, 0, 0
64000, 30, 1, 0, 0
64100, 50, 1, 0, 0
64200, 60, 1, 0, 0
64300, 20, 1, 0, 0
64400, 10, 1, 0, 0
64500, 50, 1, 0, 0
64600, 70, 1, 0, 0
64700, 30, 1, 0, 0
64800, 10, 1, 0, 0
64900, 60, 1, 0, 0
65000, 60, 1, 0, 0
65100, 30, 1, 0, 0
65200, 10, 1, 0, 0
65300, 40, 1, 0, 0
65400, 60, 1, 0, 0
65500, 50, 1, 0, 0
65700, 60, 1, 0, 0
65800, 50, 1, 0, 0
65900, 10, 1, 0, 0
66000, 40, 1, 0, 0
66100, 20, 1, 0, 0
66200, 70, 1, 0, 0
66300, 60, 1, 0, 0
66400, 10, 1, 0, 0
66500, 50, 1, 0, 0
66600, 60, 1, 0, 0
66700, 50, 1, 0, 0
66900, 50, 1, 0, 0
67000, 70, 1, 0, 0
67100, 40, 1, 0, 0
67200, 30, 1, 0, 0
67300, 60, 1, 0, 0
67400, 70, 1, 0, 0
67600, 50, 1, 0, 0
67700, 60, 1, 0, 0
67800, 50, 1, 0, 0
67900, 20, 1, 0, 0
68001, 10, 1, 0, 0
68100, 60, 1, 0, 0
68200, 60, 1, 0, 0
68300, 10, 1, 0, 0
68400, 20, 1, 0, 0
68500, 20, 1, 0, 0
68600, 70, 1, 0, 0
68700, 50, 1, 0, 0
68900, 60, 1, 0, 0
69000, 60, 1, 0, 0
69100, 40, 1, 0, 0
69200, 10, 1, 0, 0
69300, 60, 1, 0, 0
69400, 70, 1, 0, 0
69500, 20, 1, 0, 0
69600, 50, 1, 0, 0
69700, 60, 1, 0, 0
69800, 50, 1, 0, 0
69900, 20, 1, 0, 0
70000, 60, 1, 0, 0
70100, 70, 1, 0, 0
70200, 10, 1, 0, 0
70600, 60, 1, 0, 0
70700, 70, 1, 0, 0
70800, 30, 1, 0, 0
71300, 30, 1, 0, 0
71400, 60, 1, 0, 0
71500, 70, 1, 0, 0
71700, 20, 1, 0, 0
71800, 70, 1, 0, 0
71900, 70, 1, 0, 0
72100, 30, 1, 0, 0
72201, 70, 1, 0, 0
72300, 60, 1, 0, 0
72500, 20, 1, 0, 0
72600, 70, 1, 0, 0
72700, 70, 1, 0, 0
72900, 60, 1, 0, 0
73000, 70, 1, 0, 0
73100, 30, 1, 0, 0
73200, 20, 1, 0, 0
73300, 60, 1, 0, 0
73400, 60, 1, 0, 0
73500, 20, 1, 0, 0
73600, 60, 1, 0, 0
73700, 50, 1, 0, 0
73800, 50, 1, 0, 0
74000, 50, 1, 0, 0
74100, 50, 1, 0, 0
74200, 60, 1, 0, 0
74400, 20, 1, 0, 0
74501, 70, 1, 0, 0
74600, 60, 1, 0, 0
74700, 10, 1, 0, 0
74800, 10, 1, 0, 0
74900, 40, 1, 0, 0
75100, 70, 1, 0, 0
75200, 20, 1, 0, 0
75300, 10, 1, 0, 0
75600, 10, 1, 0, 0
75800, 40, 1, 0, 0
75900, 60, 1, 0, 0
76000, 60, 1, 0, 0
76200, 50, 1, 0, 0
76300, 60, 1, 0, 0
76400, 50, 1, 0, 0
76600, 30, 1, 0, 0
76700, 60, 1, 0, 0
76800, 60, 1, 0, 0
76900, 10, 1, 0, 0
77000, 10, 1, 0, 0
77100, 30, 1, 0, 0
77200, 50, 1, 0, 0
77300, 70, 1, 0, 0
77500, 40, 1, 0, 0
77600, 80, 1, 0, 0
77700, 40, 1, 0, 0
77800, 30, 1, 0, 0
77900, 50, 1, 0, 0
78000, 40, 1, 0, 0
78100, 40, 1, 0, 0
78200, 20, 1, 0, 0
78300, 70, 1, 0, 0
78400, 40, 1, 0, 0
78500, 30, 1, 0, 0
78700, 60, 1, 0, 0
78800, 70, 1, 0, 0
78900, 30, 1, 0, 0
79000, 40, 1, 0, 0
79100, 70, 1, 0, 0
79200, 50, 1, 0, 0
79300, 10, 1, 0, 0
79400, 70, 1, 0, 0
79500, 70, 1, 0, 0
79600, 10, 1, 0, 0
79700, 60, 1, 0, 0
79800, 60, 1, 0, 0
79900, 40, 1, 0, 0
80000, 40, 1, 0, 0
80100, 60, 1, 0, 0
80200, 60, 1, 0, 0
80400, 20, 1, 0, 0
80500, 70, 1, 0, 0
80600, 60, 1, 0, 0
80700, 10, 1, 0, 0
80800, 40, 1, 0, 0
80900, 60, 1, 0, 0
81000, 60, 1, 0, 0
81200, 30, 1, 0, 0
81300, 70, 1, 0, 0
81400, 60, 1, 0, 0
81500, 20, 1, 0, 0
81600, 50, 1, 0, 0
81700, 70, 1, 0, 0
81800, 20, 1, 0, 0
82000, 60, 1, 0, 0
82100, 70, 1, 0, 0
82200, 30, 1, 0, 0
82300, 20, 1, 0, 0
82400, 80, 1, 0, 0
82500, 60, 1, 0, 0
82700, 60, 1, 0, 0
82801, 60, 1, 0, 0
82900, 40, 1, 0, 0
83000, 40, 1, 0, 0
83100, 60, 1, 0, 0
83200, 40, 1, 0, 0
83300, 20, 1, 0, 0
83400, 40, 1, 0, 0
83500, 70, 1, 0, 0
83600, 20, 1, 0, 0
83700, 30, 1, 0, 0
83800, 10, 1, 0, 0
83900, 60, 1, 0, 0
84000, 60, 1, 0, 0
84100, 30, 1, 0, 0
84200, 10, 1, 0, 0
84300, 60, 1, 0, 0
84400, 60, 1, 0, 0
84500, 20, 1, 0, 0
84600, 10, 1, 0, 0
84700, 50, 1, 0, 0
84800, 70, 1, 0, 0
84901, 40, 1, 0, 0
85100, 70, 1, 0, 0
85200, 60, 1, 0, 0
85300, 30, 1, 0, 0
85400, 10, 1, 0, 0
85500, 50, 1, 0, 0
85600, 50, 1, 0, 0
85700, 50, 1, 0, 0
85900, 70, 1, 0, 0
86000, 60, 1, 0, 0
86100, 30, 1, 0, 0
86300, 50, 1, 0, 0
86400, 60, 1, 0, 0
86500, 50, 1, 0, 0
86600, 20, 1, 0, 0
86700, 50, 1, 0, 0
86800, 60, 1, 0, 0
86900, 30, 1, 0, 0
87100, 40, 1, 0, 0
87200, 60, 1, 0, 0
87300, 20, 1, 0, 0
87400, 30, 1, 0, 0
87500, 20, 1, 0, 0
87600, 60, 1, 0, 0
87700, 60, 1, 0, 0
87800, 30, 1, 0, 0
87900, 20, 1, 0, 0
88000, 80, 1, 0, 0
88100, 60, 1, 0, 0
88300, 20, 1, 0, 0
88400, 60, 1, 0, 0
88500, 60, 1, 0, 0
88600, 20, 1, 0, 0
88800, 80, 1, 0, 0
88900, 60, 1, 0, 0
89000, 20, 1, 0, 0
89100, 40, 1, 0, 0
89200, 60, 1, 0, 0
89300, 60, 1, 0, 0
89700, 20, 1, 0, 0
89800, 50, 1, 0, 0
89900, 50, 1, 0, 0
90000, 40, 1, 0, 0
90100, 10, 1, 0, 0
90200, 60, 1, 0, 0
90300, 80, 1, 0, 0
90400, 10, 1, 0, 0
90500, 50, 1, 0, 0
90600, 60, 1, 0, 0
90700, 50, 1, 0, 0
90800, 20, 1, 0, 0
90900, 60, 1, 0, 0
91000, 70, 1, 0, 0
91100, 10, 1, 0, 0
91200, 70, 1, 0, 0
91300, 70, 1, 0, 0
91400, 20, 1, 0, 0
91500, 10, 1, 0, 0
91600, 60, 1, 0, 0
91700, 70, 1, 0, 0
91800, 20, 1, 0, 0
91900, 10, 1, 0, 0
92000, 70, 1, 0, 0
92100, 80, 1, 0, 0
92200, 10, 1, 0, 0
92300, 10, 1, 0, 0
92400, 10, 1, 0, 0
92500, 80, 1, 0, 0
92600, 50, 1, 0, 0
92800, 50, 1, 0, 0
92900, 70, 1, 0, 0
93000, 40, 1, 0, 0
93100, 20, 1, 0, 0
93200, 60, 1, 0, 0
93300, 80, 1, 0, 0
93500, 70, 1, 0, 0
93600, 80, 1, 0, 0
93700, 10, 1, 0, 0
93801, 60, 1, 0, 0
93900, 60, 1, 0, 0
94000, 40, 1, 0, 0
94200, 50, 1, 0, 0
94300, 60, 1, 0, 0
94400, 50, 1, 0, 0
94500, 30, 1, 0, 0
94600, 60, 1, 0, 0
94700, 60, 1, 0, 0
94800, 20, 1, 0, 0
94900, 60, 1, 0, 0
95000, 70, 1, 0, 0
95100, 20, 1, 0, 0
95200, 20, 1, 0, 0
95300, 70, 1, 0, 0
95400, 60, 1, 0, 0
95500, 10, 1, 0, 0
95600, 40, 1, 0, 0
95700, 80, 1, 0, 0
95800, 20, 1, 0, 0
95900, 20, 1, 0, 0
96100, 60, 1, 0, 0
96200, 50, 1, 0, 0
96300, 50, 1, 0, 0
96400, 10, 1, 0, 0
96500, 50, 1, 0, 0
96600, 60, 1, 0, 0
96700, 40, 1, 0, 0
96800, 10, 1, 0, 0
96900, 40, 1, 0, 0
97000, 70, 1, 0, 0
97100, 40, 1, 0, 0
97300, 70, 1, 0, 0
97400, 60, 1, 0, 0
97500, 30, 1, 0, 0
97700, 60, 1, 0, 0
97800, 70, 1, 0, 0
97900, 30, 1, 0, 0
98000, 30, 1, 0, 0
98100, 70, 1, 0, 0
98200, 60, 1, 0, 0
98400, 60, 1, 0, 0
98500, 60, 1, 0, 0
98600, 40, 1, 0, 0
98700, 20, 1, 0, 0
98800, 80, 1, 0, 0
98900, 50, 1, 0, 0
99000, 10, 1, 0, 0
99300, 20, 1, 0, 0
99400, 60, 1, 0, 0
99500, 60, 1, 0, 0
99600, 20, 1, 0, 0
99700, 50, 1, 0, 0
99800, 70, 1, 0, 0
99900, 40, 1, 0, 0
100000, 20, 1, 0, 0
100100, 60, 1, 0, 0
100200, 50, 1, 0, 0
100300, 30, 1, 0, 0
100400, 40, 1, 0, 0
100501, 60, 1, 0, 0
100600, 60, 1, 0, 0
100700, 10, 1, 0, 0
100800, 20, 1, 0, 0
100900, 70, 1, 0, 0
101000, 60, 1, 0, 0
101400, 50, 1, 0, 0
101500, 60, 1, 0, 0
101600, 50, 1, 0, 0
101800, 50, 1, 0, 0
101900, 50, 1, 0, 0
102000, 60, 1, 0, 0
102100, 20, 1, 0, 0
102200, 70, 1, 0, 0
102300, 70, 1, 0, 0
102500, 60, 1, 0, 0
102600, 50, 1, 0, 0
102700, 10, 1, 0, 0
102801, 40, 1, 0, 0
102900, 40, 1, 0, 0
103000, 80, 1, 0, 0
103100, 40, 1, 0, 0
103300, 20, 1, 0, 0
103400, 70, 1, 0, 0
103500, 70, 1, 0, 0
103700, 70, 1, 0, 0
103800, 60, 1, 0, 0
103900, 30, 1, 0, 0
104000, 10, 1, 0, 0
104100, 60, 1, 0, 0
104200, 60, 1, 0, 0
104300, 30, 1, 0, 0
104500, 40, 1, 0, 0
104600, 20, 1, 0, 0
105000, 40, 1, 0, 0
105100, 50, 1, 0, 0
105200, 10, 1, 0, 0
105300, 20, 1, 0, 0
105400, 70, 1, 0, 0
105500, 50, 1, 0, 0
105600, 20, 1, 0, 0
105700, 20, 1, 0, 0
105800, 70, 1, 0, 0
105900, 70, 1, 0, 0
106100, 50, 1, 0, 0
106200, 70, 1, 0, 0
106300, 40, 1, 0, 0
106500, 50, 1, 0, 0
106600, 70, 1, 0, 0
106700, 30, 1, 0, 0
106800, 10, 1, 0, 0
107000, 70, 1, 0, 0
107101, 60, 1, 0, 0
107200, 30, 1, 0, 0
107300, 20, 1, 0, 0
107400, 70, 1, 0, 0
107500, 50, 1, 0, 0
107600, 30, 1, 0, 0
107700, 30, 1, 0, 0
107800, 60, 1, 0, 0
107900, 60, 1, 0, 0
108100, 70, 1, 0, 0
108200, 60, 1, 0, 0
108300, 30, 1, 0, 0
108400, 40, 1, 0, 0
108500, 60, 1, 0, 0
108600, 50, 1, 0, 0
108700, 10, 1, 0, 0
108800, 10, 1, 0, 0
109200, 30, 1, 0, 0
109301, 70, 1, 0, 0
109400, 50, 1, 0, 0
109600, 60, 1, 0, 0
109700, 60, 1, 0, 0
109800, 40, 1, 0, 0
109900, 20, 1, 0, 0
110000, 60, 1, 0, 0
110100, 80, 1, 0, 0
110300, 10, 1, 0, 0
110400, 30, 1, 0, 0
110500, 30, 1, 0, 0
110600, 50, 1, 0, 0
110700, 40, 1, 0, 0
110800, 30, 1, 0, 0
110900, 60, 1, 0, 0
111000, 60, 1, 0, 0
111100, 20, 1, 0, 0
111200, 40, 1, 0, 0
111301, 60, 1, 0, 0
111400, 50, 1, 0, 0
111600, 60, 1, 0, 0
111700, 60, 1, 0, 0
111800, 40, 1, 0, 0
111900, 30, 1, 0, 0
112000, 60, 1, 0, 0
112100, 50, 1, 0, 0
112200, 20, 1, 0, 0
112300, 40, 1, 0, 0
112400, 60, 1, 0, 0
112500, 60, 1, 0, 0
112700, 70, 1, 0, 0
112800, 60, 1, 0, 0
112900, 30, 1, 0, 0
113000, 30, 1, 0, 0
113100, 60, 1, 0, 0
113200, 70, 1, 0, 0
113400, 40, 1, 0, 0
113500, 50, 1, 0, 0
113600, 70, 1, 0, 0
113700, 10, 1, 0, 0
113801, 70, 1, 0, 0
113900, 60, 1, 0, 0
114000, 20, 1, 0, 0
114100, 50, 1, 0, 0
114200, 70, 1, 0, 0
114300, 40, 1, 0, 0
114500, 30, 1, 0, 0
114600, 70, 1, 0, 0
114700, 60, 1, 0, 0
114800, 10, 1, 0, 0
114900, 60, 1, 0, 0
115000, 70, 1, 0, 0
115100, 20, 1, 0, 0
115200, 20, 1, 0, 0
115300, 70, 1, 0, 0
115400, 70, 1, 0, 0
115600, 60, 1, 0, 0
115700, 80, 1, 0, 0
115801, 20, 1, 0, 0
115900, 50, 1, 0, 0
116000, 70, 1, 0, 0
116100, 40, 1, 0, 0
116200, 10, 1, 0, 0
116300, 70, 1, 0, 0
116400, 60, 1, 0, 0
116500, 20, 1, 0, 0
116600, 30, 1, 0, 0
116700, 70, 1, 0, 0
116800, 60, 1, 0, 0
117000, 70, 1, 0, 0
117100, 60, 1, 0, 0
117200, 30, 1, 0, 0
117300, 30, 1, 0, 0
117400, 70, 1, 0, 0
117500, 60, 1, 0, 0
117700, 70, 1, 0, 0
117800, 60, 1, 0, 0
117900, 30, 1, 0, 0
118000, 20, 1, 0, 0
118100, 70, 1, 0, 0
118200, 70, 1, 0, 0
118400, 60, 1, 0, 0
118500, 60, 1, 0, 0
118600, 40, 1, 0, 0
118700, 20, 1, 0, 0
118800, 60, 1, 0, 0
118900, 70, 1, 0, 0
119000, 10, 1, 0, 0
119100, 40, 1, 0, 0
119200, 60, 1, 0, 0
119300, 40, 1, 0, 0
119400, 20, 1, 0, 0
119500, 60, 1, 0, 0
119600, 50, 1, 0, 0
119700, 50, 1, 0, 0
119800, 10, 1, 0, 0
119900, 70, 1, 0, 0
120000, 40, 1, 0, 0
120100, 40, 1, 0, 0
120300, 40, 1, 0, 0
120400, 60, 1, 0, 0
120500, 50, 1, 0, 0
120600, 10, 1, 0, 0
121000, 40, 1, 0, 0
121100, 60, 1, 0, 0
121200, 50, 1, 0, 0
121300, 10, 1, 0, 0
121400, 50, 1, 0, 0
121500, 50, 1, 0, 0
121600, 60, 1, 0, 0
121800, 20, 1, 0, 0
121900, 50, 1, 0, 0
122000, 70, 1, 0, 0
122100, 30, 1, 0, 0
122200, 40, 1, 0, 0
122300, 60, 1, 0, 0
122400, 50, 1, 0, 0
122600, 40, 1, 0, 0
122700, 50, 1, 0, 0
122800, 50, 1, 0, 0
122900, 20, 1, 0, 0
123000, 50, 1, 0, 0
123100, 40, 1, 0, 0
123200, 60, 1, 0, 0
123300, 10, 1, 0, 0
123400, 30, 1, 0, 0
123500, 60, 1, 0, 0
123600, 50, 1, 0, 0
123700, 20, 1, 0, 0
123900, 30, 1, 0, 0
124000, 70, 1, 0, 0
124100, 60, 1, 0, 0
124200, 10, 1, 0, 0
124300, 30, 1, 0, 0
124400, 50, 1, 0, 0
124500, 50, 1, 0, 0
124600, 20, 1, 0, 0
124700, 50, 1, 0, 0
124800, 50, 1, 0, 0
124900, 60, 1, 0, 0
125100, 40, 1, 0, 0
125200, 80, 1, 0, 0
125300, 40, 1, 0, 0
125400, 10, 1, 0, 0
125500, 10, 1, 0, 0
125800, 30, 1, 0, 0
125900, 60, 1, 0, 0
126000, 50, 1, 0, 0
126100, 20, 1, 0, 0
126200, 70, 1, 0, 0
126300, 60, 1, 0, 0
126400, 20, 1, 0, 0
126500, 50, 1, 0, 0
126600, 60, 1, 0, 0
126700, 30, 1, 0, 0
126800, 10, 1, 0, 0
126900, 10, 1, 0, 0
127000, 70, 1, 0, 0
127100, 60, 1, 0, 0
127200, 20, 1, 0, 0
127300, 50, 1, 0, 0
127400, 60, 1, 0, 0
127500, 50, 1, 0, 0
127600, 50, 1, 0, 0
127700, 50, 1, 0, 0
127801, 60, 1, 0, 0
128000, 70, 1, 0, 0
128100, 60, 1, 0, 0
128200, 30, 1, 0, 0
128300, 40, 1, 0, 0
128400, 70, 1, 0, 0
128500, 50, 1, 0, 0
128600, 10, 1, 0, 0
128700, 20, 1, 0, 0
128800, 70, 1, 0, 0
128900, 60, 1, 0, 0
129100, 60, 1, 0, 0
129200, 70, 1, 0, 0
129300, 30, 1, 0, 0
129500, 20, 1, 0, 0
129600, 70, 1, 0, 0
129700, 50, 1, 0, 0
129800, 20, 1, 0, 0
130000, 30, 1, 0, 0
130100, 60, 1, 0, 0
130201, 70, 1, 0, 0
130600, 20, 1, 0, 0
130700, 60, 1, 0, 0
130800, 70, 1, 0, 0
130900, 10, 1, 0, 0
131200, 60, 1, 0, 0
131300, 50, 1, 0, 0
131400, 50, 1, 0, 0
131500, 10, 1, 0, 0
131600, 60, 1, 0, 0
131700, 60, 1, 0, 0
131800, 30, 1, 0, 0
131900, 20, 1, 0, 0
132000, 50, 1, 0, 0
132100, 60, 1, 0, 0
132200, 30, 1, 0, 0
132400, 50, 1, 0, 0
132500, 70, 1, 0, 0
132600, 40, 1, 0, 0
132700, 10, 1, 0, 0
132800, 80, 1, 0, 0
132900, 70, 1, 0, 0
133100, 50, 1, 0, 0
133200, 60, 1, 0, 0
133300, 50, 1, 0, 0
133400, 30, 1, 0, 0
133500, 60, 1, 0, 0
133600, 70, 1, 0, 0
133800, 40, 1, 0, 0
133900, 60, 1, 0, 0
134000, 60, 1, 0, 0
134100, 10, 1, 0, 0
134200, 70, 1, 0, 0
134300, 60, 1, 0, 0
134400, 20, 1, 0, 0
134601, 20, 1, 0, 0
134700, 80, 1, 0, 0
134800, 60, 1, 0, 0
135000, 30, 1, 0, 0
135100, 20, 1, 0, 0
135500, 70, 1, 0, 0
135600, 40, 1, 0, 0
135700, 10, 1, 0, 0
135800, 60, 1, 0, 0
135900, 70, 1, 0, 0
136000, 20, 1, 0, 0
136100, 30, 1, 0, 0
136200, 80, 1, 0, 0
136300, 50, 1, 0, 0
136500, 50, 1, 0, 0
136601, 60, 1, 0, 0
136700, 50, 1, 0, 0
136800, 10, 1, 0, 0
136900, 50, 1, 0, 0
137000, 70, 1, 0, 0
137100, 30, 1, 0, 0
137200, 30, 1, 0, 0
137300, 60, 1, 0, 0
137400, 60, 1, 0, 0
137500, 10, 1, 0, 0
137600, 10, 1, 0, 0
137700, 60, 1, 0, 0
137800, 60, 1, 0, 0
137900, 30, 1, 0, 0
138000, 40, 1, 0, 0
138100, 70, 1, 0, 0
138200, 50, 1, 0, 0
138400, 40, 1, 0, 0
138500, 70, 1, 0, 0
138600, 50, 1, 0, 0
138800, 50, 1, 0, 0
138900, 70, 1, 0, 0
139000, 40, 1, 0, 0
139101, 20, 1, 0, 0
139200, 30, 1, 0, 0
139300, 30, 1, 0, 0
139400, 50, 1, 0, 0
139500, 30, 1, 0, 0
139700, 10, 1, 0, 0
139800, 30, 1, 0, 0
139900, 70, 1, 0, 0
140000, 50, 1, 0, 0
140100, 10, 1, 0, 0
140200, 40, 1, 0, 0
140300, 70, 1, 0, 0
140400, 40, 1, 0, 0
140500, 20, 1, 0, 0
140600, 50, 1, 0, 0
140700, 20, 1, 0, 0
140800, 50, 1, 0, 0
140900, 20, 1, 0, 0
141100, 40, 1, 0, 0
141200, 60, 1, 0, 0
141301, 60, 1, 0, 0
141500, 70, 1, 0, 0
141600, 60, 1, 0, 0
141700, 30, 1, 0, 0
141800, 10, 1, 0, 0
141900, 40, 1, 0, 0
142000, 60, 1, 0, 0
142100, 50, 1, 0, 0
142600, 60, 1, 0, 0
142700, 20, 1, 0, 0
142800, 70, 1, 0, 0
142900, 10, 1, 0, 0
143000, 50, 1, 0, 0
143100, 70, 1, 0, 0
143200, 40, 1, 0, 0
143300, 40, 1, 0, 0
143400, 70, 1, 0, 0
143500, 50, 1, 0, 0
143600, 10, 1, 0, 0
143700, 70, 1, 0, 0
143800, 70, 1, 0, 0
143901, 10, 1, 0, 0
144000, 30, 1, 0, 0
144100, 50, 1, 0, 0
144200, 70, 1, 0, 0
144300, 30, 1, 0, 0
144400, 70, 1, 0, 0
144500, 70, 1, 0, 0
144700, 50, 1, 0, 0
144800, 70, 1, 0, 0
144900, 40, 1, 0, 0
145000, 30, 1, 0, 0
145100, 70, 1, 0, 0
145200, 60, 1, 0, 0
145300, 10, 1, 0, 0
145400, 20, 1, 0, 0
145500, 60, 1, 0, 0
145600, 60, 1, 0, 0
145700, 10, 1, 0, 0
145800, 10, 1, 0, 0
145901, 70, 1, 0, 0
146000, 70, 1, 0, 0
146100, 10, 1, 0, 0
146200, 30, 1, 0, 0
146300, 70, 1, 0, 0
146400, 60, 1, 0, 0
146600, 50, 1, 0, 0
146700, 60, 1, 0, 0
146800, 50, 1, 0, 0
147200, 10, 1, 0, 0
147300, 40, 1, 0, 0
147400, 70, 1, 0, 0
147500, 40, 1, 0, 0
147700, 60, 1, 0, 0
147800, 70, 1, 0, 0
147900, 30, 1, 0, 0
148000, 30, 1, 0, 0
148100, 70, 1, 0, 0
148200, 60, 1, 0, 0
148400, 30, 1, 0, 0
148500, 60, 1, 0, 0
148600, 70, 1, 0, 0
148800, 70, 1, 0, 0
148900, 30, 1, 0, 0
149000, 30, 1, 0, 0
149100, 30, 1, 0, 0
149200, 20, 1, 0, 0
149300, 50, 1, 0, 0
149400, 70, 1, 0, 0
149500, 20, 1, 0, 0
149600, 30, 1, 0, 0
149700, 70, 1, 0, 0
149800, 60, 1, 0, 0
150000, 40, 1, 0, 0
150100, 40, 1, 0, 0
150201, 60, 1, 0, 0
150300, 20, 1, 0, 0
150500, 70, 1, 0, 0
150600, 60, 1, 0, 0
150700, 30, 1, 0, 0
150800, 20, 1, 0, 0
150900, 70, 1, 0, 0
151000, 70, 1, 0, 0
151200, 50, 1, 0, 0
151300, 50, 1, 0, 0
151400, 60, 1, 0, 0
151600, 40, 1, 0, 0
151700, 60, 1, 0, 0
151800, 60, 1, 0, 0
151900, 10, 1, 0, 0
152000, 20, 1, 0, 0
152100, 30, 1, 0, 0
152200, 60, 1, 0, 0
152301, 40, 1, 0, 0
152400, 10, 1, 0, 0
152500, 60, 1, 0, 0
152600, 70, 1, 0, 0
152700, 20, 1, 0, 0
152800, 40, 1, 0, 0
152900, 60, 1, 0, 0
153000, 60, 1, 0, 0
153100, 10, 1, 0, 0
153200, 80, 1, 0, 0
153300, 60, 1, 0, 0
153400, 10, 1, 0, 0
153500, 40, 1, 0, 0
153600, 60, 1, 0, 0
153700, 60, 1, 0, 0
153900, 40, 1, 0, 0
154000, 10, 1, 0, 0
154100, 50, 1, 0, 0
154200, 60, 1, 0, 0
154300, 10, 1, 0, 0
154400, 60, 1, 0, 0
154500, 70, 1, 0, 0
154600, 20, 1, 0, 0
154700, 40, 1, 0, 0
154800, 60, 1, 0, 0
154900, 60, 1, 0, 0
155100, 60, 1, 0, 0
155200, 50, 1, 0, 0
155300, 50, 1, 0, 0
155500, 30, 1, 0, 0
155600, 50, 1, 0, 0
155700, 70, 1, 0, 0
155800, 10, 1, 0, 0
155900, 10, 1, 0, 0
156000, 20, 1, 0, 0
156100, 60, 1, 0, 0
156200, 60, 1, 0, 0
156300, 10, 1, 0, 0
156400, 10, 1, 0, 0
156500, 40, 1, 0, 0
156600, 70, 1, 0, 0
156700, 40, 1, 0, 0
156900, 30, 1, 0, 0
157000, 70, 1, 0, 0
157100, 60, 1, 0, 0
157200, 10, 1, 0, 0
157300, 70, 1, 0, 0
157400, 60, 1, 0, 0
157500, 20, 1, 0, 0
157600, 60, 1, 0, 0
157700, 60, 1, 0, 0
157800, 40, 1, 0, 0
157900, 40, 1, 0, 0
158000, 60, 1, 0, 0
158100, 60, 1, 0, 0
158200, 20, 1, 0, 0
158300, 70, 1, 0, 0
158400, 60, 1, 0, 0
158500, 10, 1, 0, 0
158600, 10, 1, 0, 0
158900, 10, 1, 0, 0
159000, 20, 1, 0, 0
159100, 70, 1, 0, 0
159200, 50, 1, 0, 0
159300, 20, 1, 0, 0
159400, 70, 1, 0, 0
159500, 70, 1, 0, 0
159600, 10, 1, 0, 0
159700, 70, 1, 0, 0
159800, 60, 1, 0, 0
159900, 20, 1, 0, 0
160000, 40, 1, 0, 0
160100, 60, 1, 0, 0
160200, 60, 1, 0, 0
160400, 50, 1, 0, 0
160500, 70, 1, 0, 0
160600, 40, 1, 0, 0
160900, 30, 1, 0, 0
161000, 20, 1, 0, 0
161100, 80, 1, 0, 0
161200, 30, 1, 0, 0
161700, 50, 1, 0, 0
161800, 50, 1, 0, 0
161900, 60, 1, 0, 0
162100, 10, 1, 0, 0
162200, 10, 1, 0, 0
162300, 30, 1, 0, 0
162400, 30, 1, 0, 0
162500, 70, 1, 0, 0
162600, 10, 1, 0, 0
162700, 40, 1, 0, 0
162800, 70, 1, 0, 0
162900, 50, 1, 0, 0
163100, 60, 1, 0, 0
163200, 70, 1, 0, 0
163300, 30, 1, 0, 0
163400, 40, 1, 0, 0
163500, 70, 1, 0, 0
163600, 50, 1, 0, 0
163700, 10, 1, 0, 0
163800, 70, 1, 0, 0
163901, 70, 1, 0, 0
164000, 10, 1, 0, 0
164100, 10, 1, 0, 0
164200, 60, 1, 0, 0
164300, 70, 1, 0, 0
164400, 20, 1, 0, 0
164500, 10, 1, 0, 0
164600, 80, 1, 0, 0
164700, 60, 1, 0, 0
164800, 10, 1, 0, 0
165000, 60, 1, 0, 0
165100, 60, 1, 0, 0
165200, 40, 1, 0, 0
165300, 20, 1, 0, 0
165400, 50, 1, 0, 0
165500, 60, 1, 0, 0
165600, 30, 1, 0, 0
165700, 30, 1, 0, 0
165800, 70, 1, 0, 0
165900, 60, 1, 0, 0
166301, 30, 1, 0, 0
166400, 60, 1, 0, 0
166500, 60, 1, 0, 0
166600, 10, 1, 0, 0
166700, 50, 1, 0, 0
166800, 50, 1, 0, 0
166900, 60, 1, 0, 0
167100, 20, 1, 0, 0
167200, 70, 1, 0, 0
167300, 70, 1, 0, 0
167600, 20, 1, 0, 0
167700, 60, 1, 0, 0
167800, 70, 1, 0, 0
167900, 10, 1, 0, 0
168000, 50, 1, 0, 0
168100, 60, 1, 0, 0
168200, 50, 1, 0, 0
168400, 80, 1, 0, 0
168500, 50, 1, 0, 0
168600, 30, 1, 0, 0
168700, 20, 1, 0, 0
168800, 60, 1, 0, 0
168901, 60, 1, 0, 0
169000, 20, 1, 0, 0
169100, 40, 1, 0, 0
169200, 60, 1, 0, 0
169300, 60, 1, 0, 0
169500, 30, 1, 0, 0
169600, 70, 1, 0, 0
169700, 60, 1, 0, 0
169900, 60, 1, 0, 0
170000, 60, 1, 0, 0
170100, 40, 1, 0, 0
170200, 20, 1, 0, 0
170300, 40, 1, 0, 0
170400, 50, 1, 0, 0
170500, 50, 1, 0, 0
170700, 20, 1, 0, 0
170900, 60, 1, 0, 0
171000, 30, 1, 0, 0
171100, 20, 1, 0, 0
171300, 30, 1, 0, 0
171500, 30, 1, 0, 0
171600, 60, 1, 0, 0
171700, 70, 1, 0, 0
171800, 10, 1, 0, 0
171900, 80, 1, 0, 0
172000, 50, 1, 0, 0
172100, 20, 1, 0, 0
172200, 40, 1, 0, 0
172300, 60, 1, 0, 0
172400, 40, 1, 0, 0
172500, 10, 1, 0, 0
172600, 30, 1, 0, 0
172700, 50, 1, 0, 0
172800, 60, 1, 0, 0
172900, 30, 1, 0, 0
173000, 10, 1, 0, 0
173100, 60, 1, 0, 0
173200, 70, 1, 0, 0
173301, 20, 1, 0, 0
173400, 30, 1, 0, 0
173500, 50, 1, 0, 0
173600, 30, 1, 0, 0
173700, 50, 1, 0, 0
173900, 10, 1, 0, 0
174000, 70, 1, 0, 0
174100, 60, 1, 0, 0
174200, 20, 1, 0, 0
174300, 20, 1, 0, 0
174400, 80, 1, 0, 0
174500, 60, 1, 0, 0
174700, 60, 1, 0, 0
174800, 60, 1, 0, 0
174900, 40, 1, 0, 0
175200, 70, 1, 0, 0
175300, 60, 1, 0, 0
175400, 30, 1, 0, 0
175501, 30, 1, 0, 0
175600, 60, 1, 0, 0
175700, 60, 1, 0, 0
175800, 10, 1, 0, 0
176000, 80, 1, 0, 0
176100, 70, 1, 0, 0
176200, 10, 1, 0, 0
176600, 40, 1, 0, 0
176700, 70, 1, 0, 0
176800, 50, 1, 0, 0
176900, 10, 1, 0, 0
177000, 60, 1, 0, 0
177100, 70, 1, 0, 0
177200, 20, 1, 0, 0
177300, 50, 1, 0, 0
177400, 60, 1, 0, 0
177500, 50, 1, 0, 0
177700, 30, 1, 0, 0
177800, 80, 1, 0, 0
177900, 50, 1, 0, 0
178000, 20, 1, 0, 0
178100, 80, 1, 0, 0
178200, 60, 1, 0, 0
178400, 50, 1, 0, 0
178500, 70, 1, 0, 0
178600, 40, 1, 0, 0
178800, 30, 1, 0, 0
178900, 70, 1, 0, 0
179000, 40, 1, 0, 0
179100, 20, 1, 0, 0
179300, 40, 1, 0, 0
179400, 50, 1, 0, 0
179500, 60, 1, 0, 0
179600, 10, 1, 0, 0
179700, 30, 1, 0, 0
179800, 70, 1, 0, 0
179900, 60, 1, 0, 0
180000, 10, 1, 0, 0
