618, 618746949, 1, 0, 0
703, 14143348, 1, 0, 0
822, 14825461, 1, 0, 0
936, 114187228, 1, 0, 0
1023, 12474810, 1, 0, 0
1100, 15248540, 1, 0, 0
1242, 35530199, 1, 0, 0
1320, 19449359, 1, 0, 0
1418, 19618234, 1, 0, 0
1509, 15173918, 1, 0, 0
1668, 158757177, 1, 0, 0
1702, 34675970, 1, 0, 0
1807, 17418428, 1, 0, 0
1916, 15663350, 1, 0, 0
2028, 55911122, 1, 0, 0
2117, 14873576, 1, 0, 0
2209, 15214441, 1, 0, 0
2398, 47186665, 1, 0, 0
2413, 15215797, 1, 0, 0
2501, 22015883, 1, 0, 0
2603, 20450540, 1, 0, 0
2811, 34700850, 1, 0, 0
2906, 13511433, 1, 0, 0
3003, 16126750, 1, 0, 0
3144, 47063108, 1, 0, 0
3206, 12359976, 1, 0, 0
3301, 15874880, 1, 0, 0
3507, 41181740, 1, 0, 0
3617, 15691569, 1, 0, 0
3714, 16224905, 1, 0, 0
3864, 49919003, 1, 0, 0
3936, 35849021, 1, 0, 0
4018, 16443074, 1, 0, 0
4123, 15094997, 1, 0, 0
4296, 86360467, 1, 0, 0
4307, 10606191, 1, 0, 0
4608, 301044084, 1, 0, 0
4716, 15413388, 1, 0, 0
4819, 17161696, 1, 0, 0
5019, 200745002, 1, 0, 0
5101, 27144810, 1, 0, 0
5201, 14333368, 1, 0, 0
5419, 36218466, 1, 0, 0
5509, 15108334, 1, 0, 0
5619, 15644687, 1, 0, 0
5751, 43974771, 1, 0, 0
5805, 13572585, 1, 0, 0
5922, 16734054, 1, 0, 0
6063, 28176186, 1, 0, 0
6104, 41110432, 1, 0, 0
6204, 14255976, 1, 0, 0
6303, 16465434, 1, 0, 0
6422, 59853406, 1, 0, 0
6504, 16283219, 1, 0, 0
6607, 14795964, 1, 0, 0
6772, 41098020, 1, 0, 0
6807, 34768156, 1, 0, 0
6917, 22085548, 1, 0, 0
7017, 16688478, 1, 0, 0
7183, 41375045, 1, 0, 0
7203, 10323905, 1, 0, 0
7310, 15173602, 1, 0, 0
7404, 18871305, 1, 0, 0
7583, 89540667, 1, 0, 0
7609, 25941978, 1, 0, 0
7711, 14600990, 1, 0, 0
7820, 21827222, 1, 0, 0
7966, 48631831, 1, 0, 0
8007, 20161402, 1, 0, 0
8157, 25091885, 1, 0, 0
8203, 22915497, 1, 0, 0
8458, 42492309, 1, 0, 0
8519, 15364834, 1, 0, 0
8608, 14688104, 1, 0, 0
8700, 18546295, 1, 0, 0
8802, 101462915, 1, 0, 0
8908, 35387309, 1, 0, 0
9024, 14557786, 1, 0, 0
9247, 44413875, 1, 0, 0
9321, 14962757, 1, 0, 0
9409, 21978470, 1, 0, 0
9604, 27805756, 1, 0, 0
9877, 136351680, 1, 0, 0
9978, 101149862, 1, 0, 0
10007, 9589419, 1, 0, 0
10108, 16899658, 1, 0, 0
10358, 62525206, 1, 0, 0
10402, 43992504, 1, 0, 0
10502, 33402172, 1, 0, 0
10604, 17015573, 1, 0, 0
10746, 23646172, 1, 0, 0
10808, 20667830, 1, 0, 0
10908, 14267266, 1, 0, 0
11118, 34925698, 1, 0, 0
11275, 39413051, 1, 0, 0
11302, 13388975, 1, 0, 0
11403, 16774569, 1, 0, 0
11528, 31234644, 1, 0, 0
11602, 14802083, 1, 0, 0
11701, 14107171, 1, 0, 0
11881, 45006096, 1, 0, 0
11921, 13548624, 1, 0, 0
12022, 16828256, 1, 0, 0
12125, 17075551, 1, 0, 0
12227, 101792219, 1, 0, 0
12306, 13270814, 1, 0, 0
12785, 119803591, 1, 0, 0
12804, 19028424, 1, 0, 0
12976, 34404591, 1, 0, 0
13020, 14410391, 1, 0, 0
13122, 17002910, 1, 0, 0
13232, 18336844, 1, 0, 0
13304, 72332825, 1, 0, 0
13401, 13803175, 1, 0, 0
13500, 16502511, 1, 0, 0
13640, 46595243, 1, 0, 0
13734, 47392221, 1, 0, 0
13828, 15573087, 1, 0, 0
13927, 16490399, 1, 0, 0
14111, 91984705, 1, 0, 0
14235, 24938153, 1, 0, 0
14326, 18105683, 1, 0, 0
14511, 30832232, 1, 0, 0
14605, 23431995, 1, 0, 0
14703, 16380848, 1, 0, 0
14924, 36824820, 1, 0, 0
15021, 24214706, 1, 0, 0
15117, 16001102, 1, 0, 0
15207, 22411631, 1, 0, 0
15311, 52134407, 1, 0, 0
15409, 49192324, 1, 0, 0
15523, 22657414, 1, 0, 0
15622, 16530644, 1, 0, 0
15753, 43616722, 1, 0, 0
15811, 29016785, 1, 0, 0
15908, 16183108, 1, 0, 0
16007, 14221139, 1, 0, 0
16101, 93821110, 1, 0, 0
16209, 21581838, 1, 0, 0
16306, 16080948, 1, 0, 0
16474, 33767217, 1, 0, 0
16517, 42493792, 1, 0, 0
16602, 21307161, 1, 0, 0
16713, 15815737, 1, 0, 0
16885, 43098520, 1, 0, 0
16911, 25287355, 1, 0, 0
17001, 15037751, 1, 0, 0
17105, 17425017, 1, 0, 0
17271, 55111616, 1, 0, 0
17303, 16280806, 1, 0, 0
17404, 16797537, 1, 0, 0
17500, 15937969, 1, 0, 0
17628, 42691939, 1, 0, 0
17709, 16256232, 1, 0, 0
17816, 35794614, 1, 0, 0
17903, 17218730, 1, 0, 0
18439, 268190866, 1, 0, 0
18502, 12638795, 1, 0, 0
18611, 15518924, 1, 0, 0
18703, 30854082, 1, 0, 0
18808, 34797370, 1, 0, 0
18905, 16184996, 1, 0, 0
19008, 17133226, 1, 0, 0
19131, 61788298, 1, 0, 0
19210, 26327576, 1, 0, 0
19304, 13352774, 1, 0, 0
19405, 20265891, 1, 0, 0
19537, 132388855, 1, 0, 0
19606, 22685049, 1, 0, 0
19704, 14020612, 1, 0, 0
19964, 43362172, 1, 0, 0
20002, 37922811, 1, 0, 0
20158, 31297879, 1, 0, 0
20213, 18373839, 1, 0, 0
20305, 15291549, 1, 0, 0
20514, 208445762, 1, 0, 0
20622, 21709803, 1, 0, 0
20706, 16704782, 1, 0, 0
20914, 34706892, 1, 0, 0
21011, 16180583, 1, 0, 0
21111, 14214752, 1, 0, 0
21259, 49428049, 1, 0, 0
21312, 17629238, 1, 0, 0
21418, 15226979, 1, 0, 0
21603, 30815003, 1, 0, 0
21702, 14081995, 1, 0, 0
21823, 17226587, 1, 0, 0
21961, 69235384, 1, 0, 0
22005, 11104676, 1, 0, 0
22113, 15308501, 1, 0, 0
22282, 33912308, 1, 0, 0
22329, 46713634, 1, 0, 0
22401, 14364120, 1, 0, 0
22514, 16217796, 1, 0, 0
22679, 54879788, 1, 0, 0
22707, 14052760, 1, 0, 0
22801, 13430849, 1, 0, 0
23043, 34560468, 1, 0, 0
23119, 15113164, 1, 0, 0
23214, 13673412, 1, 0, 0
23389, 43710851, 1, 0, 0
23409, 9764770, 1, 0, 0
23505, 24084240, 1, 0, 0
23616, 13886769, 1, 0, 0
23805, 94494412, 1, 0, 0
23916, 13837654, 1, 0, 0
24008, 13141961, 1, 0, 0
24125, 116796386, 1, 0, 0
24228, 17266966, 1, 0, 0
24306, 13023429, 1, 0, 0
24468, 40467715, 1, 0, 0
24525, 28489190, 1, 0, 0
24606, 16179828, 1, 0, 0
24700, 18832660, 1, 0, 0
24928, 56926712, 1, 0, 0
25001, 18317373, 1, 0, 0
25106, 17508323, 1, 0, 0
25341, 39160328, 1, 0, 0
25427, 42853169, 1, 0, 0
25507, 13325841, 1, 0, 0
25616, 15521474, 1, 0, 0
25757, 140969210, 1, 0, 0
25839, 41187442, 1, 0, 0
25918, 26288580, 1, 0, 0
26018, 14314692, 1, 0, 0
26166, 36977365, 1, 0, 0
26227, 15155311, 1, 0, 0
26303, 19034805, 1, 0, 0
26403, 16655277, 1, 0, 0
26841, 218914357, 1, 0, 0
26905, 21545873, 1, 0, 0
27021, 19347652, 1, 0, 0
27107, 17138685, 1, 0, 0
27257, 74883797, 1, 0, 0
27330, 18352780, 1, 0, 0
27407, 19193447, 1, 0, 0
27522, 19062474, 1, 0, 0
27735, 106515601, 1, 0, 0
27814, 15820529, 1, 0, 0
27929, 19151057, 1, 0, 0
28005, 19203665, 1, 0, 0
28195, 189215651, 1, 0, 0
28263, 68381791, 1, 0, 0
28309, 46093028, 1, 0, 0
28404, 18908205, 1, 0, 0
28502, 32881468, 1, 0, 0
28615, 22578578, 1, 0, 0
28788, 173148333, 1, 0, 0
28824, 36025065, 1, 0, 0
28904, 15839693, 1, 0, 0
29019, 19151028, 1, 0, 0
29174, 38871544, 1, 0, 0
29214, 13478874, 1, 0, 0
29310, 19034827, 1, 0, 0
29405, 19160413, 1, 0, 0
29547, 47118748, 1, 0, 0
29600, 13342337, 1, 0, 0
29707, 21268844, 1, 0, 0
29959, 36012702, 1, 0, 0
30009, 25108757, 1, 0, 0
30101, 18500888, 1, 0, 0
30201, 16562302, 1, 0, 0
30364, 54448679, 1, 0, 0
30405, 20656517, 1, 0, 0
30514, 15476894, 1, 0, 0
30607, 23335130, 1, 0, 0
30741, 133328630, 1, 0, 0
30867, 126764749, 1, 0, 0
30956, 88578537, 1, 0, 0
31007, 16981582, 1, 0, 0
31125, 19618927, 1, 0, 0
31201, 19040696, 1, 0, 0
31370, 56277814, 1, 0, 0
31451, 81123515, 1, 0, 0
31510, 19626174, 1, 0, 0
31624, 19065422, 1, 0, 0
31712, 17503970, 1, 0, 0
31823, 111225977, 1, 0, 0
31908, 14206803, 1, 0, 0
32004, 19174400, 1, 0, 0
32113, 27332686, 1, 0, 0
32281, 83938625, 1, 0, 0
32300, 19145048, 1, 0, 0
32411, 15754231, 1, 0, 0
32524, 22773009, 1, 0, 0
32672, 73704046, 1, 0, 0
32703, 15701395, 1, 0, 0
32805, 12667040, 1, 0, 0
32976, 28521325, 1, 0, 0
33019, 42974931, 1, 0, 0
33101, 13660194, 1, 0, 0
33209, 18130048, 1, 0, 0
33396, 62194909, 1, 0, 0
33408, 11950303, 1, 0, 0
33506, 14031394, 1, 0, 0
33604, 16285212, 1, 0, 0
33718, 57141134, 1, 0, 0
33801, 13717415, 1, 0, 0
33909, 15500227, 1, 0, 0
34034, 41655124, 1, 0, 0
34116, 16278326, 1, 0, 0
34202, 14362271, 1, 0, 0
34377, 35076320, 1, 0, 0
34413, 35701190, 1, 0, 0
34503, 18087453, 1, 0, 0
34602, 14046997, 1, 0, 0
34737, 45189930, 1, 0, 0
34802, 16287312, 1, 0, 0
34929, 14031787, 1, 0, 0
35113, 61350914, 1, 0, 0
35205, 13186142, 1, 0, 0
35310, 14999536, 1, 0, 0
35536, 112807324, 1, 0, 0
35607, 14369270, 1, 0, 0
35702, 13444307, 1, 0, 0
35928, 56685365, 1, 0, 0
36000, 11962402, 1, 0, 0
36112, 16030188, 1, 0, 0
36290, 59127846, 1, 0, 0
36314, 23915679, 1, 0, 0
36412, 14036622, 1, 0, 0
36510, 14004065, 1, 0, 0
36624, 113657722, 1, 0, 0
36708, 28256862, 1, 0, 0
36808, 16561955, 1, 0, 0
37041, 33336025, 1, 0, 0
37106, 16203412, 1, 0, 0
37200, 13422943, 1, 0, 0
37565, 72936522, 1, 0, 0
37609, 14735938, 1, 0, 0
37701, 15295713, 1, 0, 0
37883, 26081581, 1, 0, 0
37904, 20366962, 1, 0, 0
38005, 14491963, 1, 0, 0
38113, 15449791, 1, 0, 0
38211, 97697564, 1, 0, 0
38305, 15692312, 1, 0, 0
38411, 13183613, 1, 0, 0
38567, 78312247, 1, 0, 0
38601, 11156255, 1, 0, 0
38714, 16165627, 1, 0, 0
38897, 30471686, 1, 0, 0
38906, 9659533, 1, 0, 0
39013, 15272192, 1, 0, 0
39105, 15307425, 1, 0, 0
39234, 64179570, 1, 0, 0
39316, 20603972, 1, 0, 0
39407, 30483150, 1, 0, 0
39504, 13793795, 1, 0, 0
39647, 71380721, 1, 0, 0
39703, 9423887, 1, 0, 0
39806, 17099550, 1, 0, 0
40099, 73344960, 1, 0, 0
40147, 47296432, 1, 0, 0
40208, 30548206, 1, 0, 0
40300, 15419602, 1, 0, 0
40583, 40339073, 1, 0, 0
40605, 21934579, 1, 0, 0
40705, 14295029, 1, 0, 0
40820, 16468350, 1, 0, 0
40904, 83629031, 1, 0, 0
41014, 27585368, 1, 0, 0
41107, 13328075, 1, 0, 0
41277, 34022063, 1, 0, 0
41314, 36971918, 1, 0, 0
41409, 15852733, 1, 0, 0
41500, 15106100, 1, 0, 0
41955, 151641641, 1, 0, 0
42014, 14604485, 1, 0, 0
42118, 17400250, 1, 0, 0
42316, 33092751, 1, 0, 0
42410, 15554407, 1, 0, 0
42504, 15752642, 1, 0, 0
42653, 37135268, 1, 0, 0
42727, 14754374, 1, 0, 0
42803, 12759447, 1, 0, 0
42940, 27332252, 1, 0, 0
43013, 14632016, 1, 0, 0
43101, 14681844, 1, 0, 0
43352, 50232340, 1, 0, 0
43423, 17578512, 1, 0, 0
43501, 15665174, 1, 0, 0
43852, 58488792, 1, 0, 0
43957, 105135084, 1, 0, 0
44005, 11995188, 1, 0, 0
44127, 30357062, 1, 0, 0
44217, 15127437, 1, 0, 0
44317, 49718743, 1, 0, 0
44414, 16282050, 1, 0, 0
44505, 18068586, 1, 0, 0
44699, 38881435, 1, 0, 0
44708, 8489522, 1, 0, 0
44832, 17695891, 1, 0, 0
44922, 18034102, 1, 0, 0
45081, 53149679, 1, 0, 0
45105, 23867795, 1, 0, 0
45204, 14076637, 1, 0, 0
45305, 14540044, 1, 0, 0
45423, 117937838, 1, 0, 0
45501, 12851686, 1, 0, 0
45606, 15015489, 1, 0, 0
45774, 56220997, 1, 0, 0
45807, 16487649, 1, 0, 0
45905, 16291288, 1, 0, 0
46003, 16291959, 1, 0, 0
46144, 70615367, 1, 0, 0
46200, 13968652, 1, 0, 0
46304, 14845158, 1, 0, 0
46538, 46736244, 1, 0, 0
46603, 16248749, 1, 0, 0
46717, 16301781, 1, 0, 0
46884, 33367902, 1, 0, 0
46923, 19801765, 1, 0, 0
47004, 13511057, 1, 0, 0
47122, 16822283, 1, 0, 0
47285, 163321117, 1, 0, 0
47305, 9961451, 1, 0, 0
47427, 24283199, 1, 0, 0
47512, 28529755, 1, 0, 0
47728, 36023914, 1, 0, 0
47800, 35618288, 1, 0, 0
47907, 15322128, 1, 0, 0
48005, 16293455, 1, 0, 0
48127, 121991542, 1, 0, 0
48203, 19056773, 1, 0, 0
48317, 16264484, 1, 0, 0
48518, 40187957, 1, 0, 0
48605, 14597035, 1, 0, 0
48702, 16171806, 1, 0, 0
48884, 45474955, 1, 0, 0
48930, 45287785, 1, 0, 0
49007, 15448455, 1, 0, 0
49105, 16291174, 1, 0, 0
49296, 47720588, 1, 0, 0
49318, 22446639, 1, 0, 0
49413, 15819753, 1, 0, 0
49522, 15614936, 1, 0, 0
49953, 215231006, 1, 0, 0
50014, 12202039, 1, 0, 0
50103, 17837449, 1, 0, 0
50222, 23846021, 1, 0, 0
50317, 31518868, 1, 0, 0
50410, 13256524, 1, 0, 0
50514, 17390844, 1, 0, 0
50632, 118304612, 1, 0, 0
50806, 34748455, 1, 0, 0
50912, 21137662, 1, 0, 0
51128, 35998782, 1, 0, 0
51236, 54067412, 1, 0, 0
51300, 15966689, 1, 0, 0
51422, 15301559, 1, 0, 0
51512, 45025635, 1, 0, 0
51626, 37968006, 1, 0, 0
51700, 14857678, 1, 0, 0
51803, 14633075, 1, 0, 0
51922, 119056594, 1, 0, 0
52018, 15982997, 1, 0, 0
52112, 15618428, 1, 0, 0
52271, 39857391, 1, 0, 0
52300, 14392971, 1, 0, 0
52407, 15314112, 1, 0, 0
52509, 16998965, 1, 0, 0
52620, 55629291, 1, 0, 0
52703, 13734329, 1, 0, 0
52805, 17126313, 1, 0, 0
52932, 42146632, 1, 0, 0
53004, 14445098, 1, 0, 0
53114, 15646085, 1, 0, 0
53200, 28952335, 1, 0, 0
53391, 190660137, 1, 0, 0
53403, 11526793, 1, 0, 0
53519, 14546285, 1, 0, 0
53606, 14565078, 1, 0, 0
53746, 139453107, 1, 0, 0
53806, 12104816, 1, 0, 0
53923, 16696261, 1, 0, 0
54110, 46674247, 1, 0, 0
54215, 20896840, 1, 0, 0
54302, 14498748, 1, 0, 0
54504, 40497624, 1, 0, 0
54604, 14298423, 1, 0, 0
54718, 19049471, 1, 0, 0
54888, 56349818, 1, 0, 0
54950, 61988105, 1, 0, 0
55013, 12700591, 1, 0, 0
55121, 35847200, 1, 0, 0
55200, 13149887, 1, 0, 0
55341, 141855620, 1, 0, 0
55421, 15929074, 1, 0, 0
55507, 14393775, 1, 0, 0
55653, 29057992, 1, 0, 0
55727, 37177136, 1, 0, 0
55819, 30558114, 1, 0, 0
55908, 14817182, 1, 0, 0
56053, 29037228, 1, 0, 0
56128, 75599663, 1, 0, 0
56204, 15107383, 1, 0, 0
56306, 14521157, 1, 0, 0
56477, 57255229, 1, 0, 0
56510, 32346402, 1, 0, 0
56622, 14005904, 1, 0, 0
56708, 14291657, 1, 0, 0
56811, 103189994, 1, 0, 0
56901, 15103861, 1, 0, 0
57045, 28712763, 1, 0, 0
57116, 17727825, 1, 0, 0
57249, 132634611, 1, 0, 0
57308, 19754476, 1, 0, 0
57429, 20134231, 1, 0, 0
57521, 15405734, 1, 0, 0
57946, 424579819, 1, 0, 0
58006, 14956400, 1, 0, 0
58109, 14766057, 1, 0, 0
58300, 38297785, 1, 0, 0
58404, 14726390, 1, 0, 0
58506, 14580605, 1, 0, 0
58650, 71996672, 1, 0, 0
58727, 25937892, 1, 0, 0
58822, 18993124, 1, 0, 0
58908, 14206618, 1, 0, 0
59067, 79751768, 1, 0, 0
59107, 13174317, 1, 0, 0
59206, 16590455, 1, 0, 0
59303, 16054486, 1, 0, 0
59427, 124921719, 1, 0, 0
59532, 17432218, 1, 0, 0
59600, 22492412, 1, 0, 0
59823, 31892485, 1, 0, 0
59901, 12974754, 1, 0, 0
60028, 18213792, 1, 0, 0
60464, 145098886, 1, 0, 0
60502, 12962229, 1, 0, 0
60622, 19898850, 1, 0, 0
60726, 17417491, 1, 0, 0
60890, 163176981, 1, 0, 0
60907, 8837148, 1, 0, 0
61017, 18341203, 1, 0, 0
61104, 14533277, 1, 0, 0
61226, 60683397, 1, 0, 0
61306, 39962481, 1, 0, 0
61407, 14429514, 1, 0, 0
61502, 15860295, 1, 0, 0
61764, 261541460, 1, 0, 0
61856, 23141046, 1, 0, 0
61908, 12920558, 1, 0, 0
62000, 13145092, 1, 0, 0
62168, 168243571, 1, 0, 0
62209, 20660886, 1, 0, 0
62306, 16030989, 1, 0, 0
62418, 16106198, 1, 0, 0
62684, 266131205, 1, 0, 0
62708, 11565019, 1, 0, 0
62805, 13934594, 1, 0, 0
63019, 30535647, 1, 0, 0
63134, 38517305, 1, 0, 0
63214, 13178779, 1, 0, 0
63320, 35309086, 1, 0, 0
63555, 58774319, 1, 0, 0
63607, 13187880, 1, 0, 0
63705, 13932438, 1, 0, 0
63807, 25484465, 1, 0, 0
63956, 148888662, 1, 0, 0
64001, 15027720, 1, 0, 0
64102, 20281254, 1, 0, 0
64204, 16914721, 1, 0, 0
64381, 88648999, 1, 0, 0
64401, 19885660, 1, 0, 0
64516, 22956523, 1, 0, 0
64617, 14478655, 1, 0, 0
64795, 59194698, 1, 0, 0
64805, 10253821, 1, 0, 0
64900, 15913234, 1, 0, 0
65005, 17409400, 1, 0, 0
65194, 62942477, 1, 0, 0
65203, 9686055, 1, 0, 0
65300, 32025715, 1, 0, 0
65421, 17399396, 1, 0, 0
65620, 39825313, 1, 0, 0
65700, 13329611, 1, 0, 0
65801, 20064713, 1, 0, 0
65919, 118346696, 1, 0, 0
66061, 35487673, 1, 0, 0
66100, 19546809, 1, 0, 0
66208, 15403478, 1, 0, 0
66322, 19017472, 1, 0, 0
66445, 123079036, 1, 0, 0
66508, 12586581, 1, 0, 0
66606, 16297019, 1, 0, 0
66806, 39947111, 1, 0, 0
66906, 20116996, 1, 0, 0
67017, 15843454, 1, 0, 0
67166, 37159743, 1, 0, 0
67206, 13315728, 1, 0, 0
67303, 16222933, 1, 0, 0
67532, 32713885, 1, 0, 0
67624, 18391768, 1, 0, 0
67705, 13521742, 1, 0, 0
67878, 34487359, 1, 0, 0
67987, 54795569, 1, 0, 0
68021, 33819098, 1, 0, 0
68106, 14190898, 1, 0, 0
68212, 17680288, 1, 0, 0
68353, 140517932, 1, 0, 0
68420, 33474578, 1, 0, 0
68504, 41841700, 1, 0, 0
68615, 15907457, 1, 0, 0
68825, 42040492, 1, 0, 0
68910, 14134005, 1, 0, 0
69007, 16216758, 1, 0, 0
69191, 45914994, 1, 0, 0
69215, 24387999, 1, 0, 0
69303, 14559303, 1, 0, 0
69400, 16224701, 1, 0, 0
69531, 43469634, 1, 0, 0
69614, 16768619, 1, 0, 0
69702, 14672178, 1, 0, 0
69889, 37310437, 1, 0, 0
69908, 9347721, 1, 0, 0
70002, 15721990, 1, 0, 0
70109, 15212545, 1, 0, 0
70524, 415587994, 1, 0, 0
70607, 13743158, 1, 0, 0
70711, 14872791, 1, 0, 0
71278, 188998660, 1, 0, 0
71321, 14400277, 1, 0, 0
71404, 13784713, 1, 0, 0
71635, 33043375, 1, 0, 0
71712, 38348142, 1, 0, 0
71811, 14251716, 1, 0, 0
72044, 33278690, 1, 0, 0
72108, 21363997, 1, 0, 0
72219, 15828639, 1, 0, 0
72463, 40533608, 1, 0, 0
72511, 24248625, 1, 0, 0
72609, 13945117, 1, 0, 0
72824, 30710548, 1, 0, 0
72908, 14016683, 1, 0, 0
73028, 17150593, 1, 0, 0
73146, 39527040, 1, 0, 0
73212, 32750551, 1, 0, 0
73309, 16108671, 1, 0, 0
73406, 16228945, 1, 0, 0
73534, 64264268, 1, 0, 0
73607, 12028106, 1, 0, 0
73701, 18856282, 1, 0, 0
73906, 40994294, 1, 0, 0
74019, 22565987, 1, 0, 0
74102, 16633173, 1, 0, 0
74329, 37799631, 1, 0, 0
74402, 36508077, 1, 0, 0
74511, 15630105, 1, 0, 0
74609, 16305511, 1, 0, 0
74777, 167961072, 1, 0, 0
74802, 24724088, 1, 0, 0
75003, 50261696, 1, 0, 0
75143, 20031454, 1, 0, 0
75206, 31632849, 1, 0, 0
75584, 378048491, 1, 0, 0
75719, 134722612, 1, 0, 0
75800, 26940107, 1, 0, 0
75906, 15094818, 1, 0, 0
76148, 40360687, 1, 0, 0
76208, 12013159, 1, 0, 0
76302, 15615484, 1, 0, 0
76519, 43397590, 1, 0, 0
76627, 36182255, 1, 0, 0
76703, 12656962, 1, 0, 0
76806, 17210159, 1, 0, 0
76977, 170424899, 1, 0, 0
77036, 59363443, 1, 0, 0
77126, 29963736, 1, 0, 0
77206, 16040522, 1, 0, 0
77435, 32747241, 1, 0, 0
77506, 17703263, 1, 0, 0
77608, 12702541, 1, 0, 0
77777, 42150314, 1, 0, 0
77806, 9790886, 1, 0, 0
77917, 22312796, 1, 0, 0
78005, 21806290, 1, 0, 0
78179, 43623656, 1, 0, 0
78216, 18611917, 1, 0, 0
78346, 18485440, 1, 0, 0
78447, 25355036, 1, 0, 0
78603, 51809236, 1, 0, 0
78708, 17462075, 1, 0, 0
78823, 16428220, 1, 0, 0
78954, 43894059, 1, 0, 0
79008, 13558274, 1, 0, 0
79111, 14652091, 1, 0, 0
79290, 35710948, 1, 0, 0
79311, 21694343, 1, 0, 0
79402, 12904937, 1, 0, 0
79504, 14665750, 1, 0, 0
79610, 105203160, 1, 0, 0
79719, 18219346, 1, 0, 0
79819, 16702935, 1, 0, 0
79953, 33421518, 1, 0, 0
80006, 13289929, 1, 0, 0
80131, 20880940, 1, 0, 0
80381, 41667788, 1, 0, 0
80406, 12521829, 1, 0, 0
80511, 14911058, 1, 0, 0
80608, 16286517, 1, 0, 0
80733, 124987654, 1, 0, 0
80825, 22846996, 1, 0, 0
80904, 13260442, 1, 0, 0
81129, 37416415, 1, 0, 0
81203, 24666313, 1, 0, 0
81323, 17153989, 1, 0, 0
81490, 27905239, 1, 0, 0
81500, 9447927, 1, 0, 0
81602, 17017315, 1, 0, 0
81715, 16082295, 1, 0, 0
81927, 106299610, 1, 0, 0
82008, 13449976, 1, 0, 0
82116, 15387424, 1, 0, 0
82251, 45215539, 1, 0, 0
82301, 24740499, 1, 0, 0
82405, 12997597, 1, 0, 0
82622, 36171036, 1, 0, 0
82708, 14373960, 1, 0, 0
82806, 16293088, 1, 0, 0
82948, 35543881, 1, 0, 0
83013, 16321494, 1, 0, 0
83100, 14480980, 1, 0, 0
83209, 27271296, 1, 0, 0
83356, 73507611, 1, 0, 0
83406, 12308596, 1, 0, 0
83519, 16196216, 1, 0, 0
83601, 40818530, 1, 0, 0
83796, 65275793, 1, 0, 0
83805, 8520989, 1, 0, 0
83906, 16811986, 1, 0, 0
84004, 16292288, 1, 0, 0
84181, 59250793, 1, 0, 0
84208, 26820576, 1, 0, 0
84302, 15635666, 1, 0, 0
84427, 20799854, 1, 0, 0
84507, 40022675, 1, 0, 0
84637, 130240924, 1, 0, 0
84712, 14960253, 1, 0, 0
84816, 14917163, 1, 0, 0
85008, 47785743, 1, 0, 0
85104, 13822441, 1, 0, 0
85205, 16802526, 1, 0, 0
85365, 53173259, 1, 0, 0
85407, 41940818, 1, 0, 0
85526, 23904866, 1, 0, 0
85608, 16433868, 1, 0, 0
85813, 40951264, 1, 0, 0
85922, 15520443, 1, 0, 0
86003, 13626625, 1, 0, 0
86201, 65835744, 1, 0, 0
86302, 20154132, 1, 0, 0
86407, 17614487, 1, 0, 0
86584, 35394650, 1, 0, 0
86622, 18828674, 1, 0, 0
86719, 19374333, 1, 0, 0
86816, 16167145, 1, 0, 0
87048, 77439958, 1, 0, 0
87107, 14727987, 1, 0, 0
87200, 15490004, 1, 0, 0
87329, 64648035, 1, 0, 0
87405, 25158811, 1, 0, 0
87529, 61805961, 1, 0, 0
87615, 14370233, 1, 0, 0
87707, 15369963, 1, 0, 0
87848, 47124685, 1, 0, 0
87900, 25913374, 1, 0, 0
88018, 14719245, 1, 0, 0
88264, 41015324, 1, 0, 0
88319, 27577698, 1, 0, 0
88418, 16529147, 1, 0, 0
88517, 16455775, 1, 0, 0
88704, 93268276, 1, 0, 0
88820, 14476881, 1, 0, 0
88911, 15294992, 1, 0, 0
89069, 78689410, 1, 0, 0
89121, 13162343, 1, 0, 0
89214, 15367835, 1, 0, 0
89678, 77357225, 1, 0, 0
89704, 13267233, 1, 0, 0
89841, 27280295, 1, 0, 0
89904, 12708167, 1, 0, 0
90097, 48148258, 1, 0, 0
90106, 9426150, 1, 0, 0
90200, 15692550, 1, 0, 0
90304, 12923295, 1, 0, 0
90447, 143462765, 1, 0, 0
90518, 14071996, 1, 0, 0
90604, 14440250, 1, 0, 0
90781, 35414687, 1, 0, 0
90806, 12498497, 1, 0, 0
90903, 16157285, 1, 0, 0
91001, 13932223, 1, 0, 0
91130, 128883670, 1, 0, 0
91207, 11012085, 1, 0, 0
91300, 15453697, 1, 0, 0
91473, 57681093, 1, 0, 0
91518, 44806195, 1, 0, 0
91605, 14526966, 1, 0, 0
91702, 13910443, 1, 0, 0
91897, 97370129, 1, 0, 0
91906, 9302073, 1, 0, 0
92008, 14598642, 1, 0, 0
92190, 22718104, 1, 0, 0
92243, 53308024, 1, 0, 0
92346, 102389541, 1, 0, 0
92402, 56222150, 1, 0, 0
92504, 12705100, 1, 0, 0
92728, 44765913, 1, 0, 0
92811, 16752647, 1, 0, 0
92914, 14740475, 1, 0, 0
93083, 42104916, 1, 0, 0
93104, 10631525, 1, 0, 0
93208, 17279064, 1, 0, 0
93405, 24593987, 1, 0, 0
93505, 14394704, 1, 0, 0
93624, 14869231, 1, 0, 0
93723, 98333240, 1, 0, 0
93814, 15207012, 1, 0, 0
93902, 14709623, 1, 0, 0
94111, 52290294, 1, 0, 0
94210, 19734683, 1, 0, 0
94306, 15955759, 1, 0, 0
94459, 30566820, 1, 0, 0
94504, 15155003, 1, 0, 0
94610, 17601469, 1, 0, 0
94708, 16330565, 1, 0, 0
94807, 49696788, 1, 0, 0
94902, 15782484, 1, 0, 0
95011, 15528030, 1, 0, 0
95147, 68188248, 1, 0, 0
95215, 33901978, 1, 0, 0
95304, 12742392, 1, 0, 0
95402, 16388897, 1, 0, 0
95524, 121987190, 1, 0, 0
95611, 21684711, 1, 0, 0
95700, 12636105, 1, 0, 0
95803, 34459452, 1, 0, 0
96018, 107320240, 1, 0, 0
96102, 14002950, 1, 0, 0
96207, 21077633, 1, 0, 0
96383, 35243826, 1, 0, 0
96412, 28565399, 1, 0, 0
96509, 19438989, 1, 0, 0
96606, 16219814, 1, 0, 0
96792, 46391650, 1, 0, 0
96825, 33289631, 1, 0, 0
96905, 19988964, 1, 0, 0
97010, 15030633, 1, 0, 0
97214, 51022568, 1, 0, 0
97300, 14219791, 1, 0, 0
97407, 15261891, 1, 0, 0
97619, 70858329, 1, 0, 0
97717, 16299419, 1, 0, 0
97800, 13865809, 1, 0, 0
97948, 36967686, 1, 0, 0
98003, 18237957, 1, 0, 0
98104, 14423876, 1, 0, 0
98303, 33163291, 1, 0, 0
98409, 17654436, 1, 0, 0
98502, 15611545, 1, 0, 0
98672, 42347988, 1, 0, 0
98706, 17191213, 1, 0, 0
98824, 14740502, 1, 0, 0
98901, 15275087, 1, 0, 0
99284, 382992962, 1, 0, 0
99302, 9358648, 1, 0, 0
99403, 16708547, 1, 0, 0
99500, 19401169, 1, 0, 0
99621, 40605665, 1, 0, 0
99705, 16796157, 1, 0, 0
99815, 15648946, 1, 0, 0
99990, 43853799, 1, 0, 0
100000, 9400008, 1, 0, 0
100104, 14913831, 1, 0, 0
100223, 23672837, 1, 0, 0
100350, 42437261, 1, 0, 0
100403, 13179054, 1, 0, 0
100504, 16839346, 1, 0, 0
100663, 26520208, 1, 0, 0
100773, 110457848, 1, 0, 0
100802, 14486258, 1, 0, 0
100924, 17450294, 1, 0, 0
101324, 66603707, 1, 0, 0
101403, 15726943, 1, 0, 0
101514, 18492629, 1, 0, 0
101737, 44724095, 1, 0, 0
101808, 14209393, 1, 0, 0
101900, 18406454, 1, 0, 0
102054, 25573492, 1, 0, 0
102109, 27622503, 1, 0, 0
102204, 13570743, 1, 0, 0
102433, 32712501, 1, 0, 0
102500, 13435640, 1, 0, 0
102670, 28355476, 1, 0, 0
102708, 37132208, 1, 0, 0
102819, 27894296, 1, 0, 0
102914, 23821291, 1, 0, 0
103030, 14400808, 1, 0, 0
103257, 56778491, 1, 0, 0
103304, 23831212, 1, 0, 0
103403, 14100863, 1, 0, 0
103607, 29112496, 1, 0, 0
103703, 13751663, 1, 0, 0
103814, 18514622, 1, 0, 0
103994, 59965720, 1, 0, 0
104006, 11791774, 1, 0, 0
104117, 18429236, 1, 0, 0
104218, 16835332, 1, 0, 0
104436, 72873048, 1, 0, 0
104506, 17459347, 1, 0, 0
104953, 223434983, 1, 0, 0
105015, 15450390, 1, 0, 0
105123, 21578854, 1, 0, 0
105248, 125236024, 1, 0, 0
105307, 29482021, 1, 0, 0
105407, 14304962, 1, 0, 0
105516, 21864246, 1, 0, 0
105673, 78466742, 1, 0, 0
105700, 13427193, 1, 0, 0
105800, 14296735, 1, 0, 0
106007, 29570199, 1, 0, 0
106111, 20660401, 1, 0, 0
106215, 14932202, 1, 0, 0
106413, 49517639, 1, 0, 0
106504, 18173963, 1, 0, 0
106605, 14455800, 1, 0, 0
106719, 37939313, 1, 0, 0
106913, 194303272, 1, 0, 0
107006, 13193523, 1, 0, 0
107102, 16075953, 1, 0, 0
107246, 47933456, 1, 0, 0
107305, 29531203, 1, 0, 0
107404, 14069877, 1, 0, 0
107503, 19841648, 1, 0, 0
107631, 42688107, 1, 0, 0
107702, 23779618, 1, 0, 0
107804, 16990504, 1, 0, 0
108014, 34952683, 1, 0, 0
108108, 13413261, 1, 0, 0
108210, 16986883, 1, 0, 0
108350, 46765668, 1, 0, 0
108406, 13994588, 1, 0, 0
108531, 20854357, 1, 0, 0
108608, 15298872, 1, 0, 0
108738, 130569701, 1, 0, 0
109178, 439815821, 1, 0, 0
109222, 14732195, 1, 0, 0
109328, 15163584, 1, 0, 0
109501, 34505663, 1, 0, 0
109610, 18173408, 1, 0, 0
109706, 16025278, 1, 0, 0
109880, 43572569, 1, 0, 0
109908, 13514028, 1, 0, 0
110009, 16841131, 1, 0, 0
110268, 32367555, 1, 0, 0
110314, 46311239, 1, 0, 0
110429, 38383747, 1, 0, 0
110529, 33442547, 1, 0, 0
110618, 17730269, 1, 0, 0
110770, 38093631, 1, 0, 0
110811, 13674721, 1, 0, 0
110907, 16001660, 1, 0, 0
111007, 16619275, 1, 0, 0
111117, 54803646, 1, 0, 0
111206, 22225705, 1, 0, 0
111302, 16093628, 1, 0, 0
111536, 46653015, 1, 0, 0
111613, 12843230, 1, 0, 0
111709, 16028681, 1, 0, 0
111852, 35846432, 1, 0, 0
111901, 16274927, 1, 0, 0
112012, 18557755, 1, 0, 0
112103, 18087810, 1, 0, 0
112252, 74786304, 1, 0, 0
112319, 16760097, 1, 0, 0
112412, 15358003, 1, 0, 0
112603, 31958973, 1, 0, 0
112707, 14859422, 1, 0, 0
112804, 16024918, 1, 0, 0
112953, 49844420, 1, 0, 0
113004, 16804145, 1, 0, 0
113115, 18495124, 1, 0, 0
113342, 32500021, 1, 0, 0
113402, 15111251, 1, 0, 0
113504, 20252101, 1, 0, 0
113690, 26636904, 1, 0, 0
113711, 21161987, 1, 0, 0
113816, 14925680, 1, 0, 0
113911, 15923055, 1, 0, 0
114025, 56812095, 1, 0, 0
114121, 19208909, 1, 0, 0
114231, 15623554, 1, 0, 0
114463, 58245257, 1, 0, 0
114506, 14296803, 1, 0, 0
114605, 14043243, 1, 0, 0
114798, 32293483, 1, 0, 0
114829, 30511230, 1, 0, 0
114911, 13663363, 1, 0, 0
115014, 14694526, 1, 0, 0
115145, 65494970, 1, 0, 0
115216, 35647471, 1, 0, 0
115319, 14642728, 1, 0, 0
115518, 28445418, 1, 0, 0
115601, 13800263, 1, 0, 0
115710, 13684344, 1, 0, 0
115836, 63142686, 1, 0, 0
115914, 15514538, 1, 0, 0
116001, 12432265, 1, 0, 0
116176, 43758640, 1, 0, 0
116201, 25242953, 1, 0, 0
116307, 15102127, 1, 0, 0
116408, 16873536, 1, 0, 0
116567, 79508570, 1, 0, 0
116610, 14142807, 1, 0, 0
116710, 14381027, 1, 0, 0
116907, 32766652, 1, 0, 0
117002, 13622530, 1, 0, 0
117107, 17479960, 1, 0, 0
117265, 52487403, 1, 0, 0
117306, 13616143, 1, 0, 0
117403, 13910112, 1, 0, 0
117615, 35330118, 1, 0, 0
117710, 13593857, 1, 0, 0
117808, 16331645, 1, 0, 0
117939, 43640628, 1, 0, 0
118005, 32679744, 1, 0, 0
118101, 13751813, 1, 0, 0
118346, 35022334, 1, 0, 0
118424, 12922352, 1, 0, 0
118502, 13084782, 1, 0, 0
118664, 40580716, 1, 0, 0
118706, 20917410, 1, 0, 0
118815, 18108941, 1, 0, 0
118918, 14728515, 1, 0, 0
119046, 127933079, 1, 0, 0
119101, 13735921, 1, 0, 0
119218, 19458808, 1, 0, 0
119323, 26270479, 1, 0, 0
119405, 41159904, 1, 0, 0
119501, 15989424, 1, 0, 0
119615, 22700319, 1, 0, 0
119791, 35361794, 1, 0, 0
119802, 10972703, 1, 0, 0
119925, 17494190, 1, 0, 0
120002, 19207432, 1, 0, 0
120204, 50647464, 1, 0, 0
120326, 30387111, 1, 0, 0
120423, 16249677, 1, 0, 0
120511, 17460248, 1, 0, 0
120907, 396382462, 1, 0, 0
121006, 24783670, 1, 0, 0
121113, 17720049, 1, 0, 0
121200, 21770357, 1, 0, 0
121312, 55987373, 1, 0, 0
121427, 23029204, 1, 0, 0
121504, 15489946, 1, 0, 0
121784, 46559469, 1, 0, 0
121800, 16334822, 1, 0, 0
121906, 17755980, 1, 0, 0
122010, 14727908, 1, 0, 0
122108, 32936991, 1, 0, 0
122207, 24525633, 1, 0, 0
122321, 19037140, 1, 0, 0
122548, 45513534, 1, 0, 0
122618, 17501096, 1, 0, 0
122703, 16916871, 1, 0, 0
122809, 21299815, 1, 0, 0
122905, 47744098, 1, 0, 0
123027, 24364953, 1, 0, 0
123103, 19039373, 1, 0, 0
123218, 19146205, 1, 0, 0
123338, 119905881, 1, 0, 0
123406, 22800203, 1, 0, 0
123522, 19361823, 1, 0, 0
123607, 16931687, 1, 0, 0
123845, 118917215, 1, 0, 0
123901, 18578564, 1, 0, 0
124007, 15250984, 1, 0, 0
124198, 31796490, 1, 0, 0
124267, 68466946, 1, 0, 0
124317, 16871335, 1, 0, 0
124403, 17194019, 1, 0, 0
124509, 21132540, 1, 0, 0
124635, 63164155, 1, 0, 0
124706, 14073146, 1, 0, 0
124808, 20480768, 1, 0, 0
125042, 39066284, 1, 0, 0
125106, 15866769, 1, 0, 0
125205, 12334249, 1, 0, 0
125393, 47205230, 1, 0, 0
125415, 21224044, 1, 0, 0
125750, 335766085, 1, 0, 0
125802, 17355861, 1, 0, 0
125903, 16799430, 1, 0, 0
126086, 36452506, 1, 0, 0
126104, 9091194, 1, 0, 0
126204, 14278301, 1, 0, 0
126300, 16046535, 1, 0, 0
126422, 61020057, 1, 0, 0
126513, 18250457, 1, 0, 0
126600, 14465150, 1, 0, 0
126705, 34933071, 1, 0, 0
126894, 189255794, 1, 0, 0
126903, 9247120, 1, 0, 0
127016, 16119861, 1, 0, 0
127106, 14974461, 1, 0, 0
127238, 66152063, 1, 0, 0
127309, 14023137, 1, 0, 0
127401, 15396244, 1, 0, 0
127546, 28910541, 1, 0, 0
127600, 13685468, 1, 0, 0
127701, 16790315, 1, 0, 0
127912, 35090189, 1, 0, 0
128020, 15470479, 1, 0, 0
128100, 13304424, 1, 0, 0
128243, 47825192, 1, 0, 0
128303, 14878523, 1, 0, 0
128410, 15342459, 1, 0, 0
128585, 34915639, 1, 0, 0
128651, 66104436, 1, 0, 0
128705, 27094715, 1, 0, 0
128803, 14037584, 1, 0, 0
129014, 35049361, 1, 0, 0
129106, 15307205, 1, 0, 0
129203, 13890768, 1, 0, 0
129445, 80879821, 1, 0, 0
129503, 28570810, 1, 0, 0
129619, 16627048, 1, 0, 0
129705, 17185099, 1, 0, 0
129933, 113825955, 1, 0, 0
130010, 25662189, 1, 0, 0
130102, 15426051, 1, 0, 0
130586, 69141626, 1, 0, 0
130607, 10560739, 1, 0, 0
130706, 16455656, 1, 0, 0
130801, 13523817, 1, 0, 0
131112, 310966705, 1, 0, 0
131220, 18117242, 1, 0, 0
131316, 19133315, 1, 0, 0
131465, 29727920, 1, 0, 0
131512, 47615446, 1, 0, 0
131602, 14965845, 1, 0, 0
131702, 16574383, 1, 0, 0
131879, 59293999, 1, 0, 0
131908, 14298147, 1, 0, 0
132012, 20738780, 1, 0, 0
132101, 14890367, 1, 0, 0
132316, 71710972, 1, 0, 0
132407, 18049487, 1, 0, 0
132519, 16010969, 1, 0, 0
132686, 41881808, 1, 0, 0
132704, 18095261, 1, 0, 0
132808, 12967018, 1, 0, 0
133022, 30514328, 1, 0, 0
133110, 17755936, 1, 0, 0
133203, 15414964, 1, 0, 0
133375, 34456861, 1, 0, 0
133416, 13461489, 1, 0, 0
133511, 15865825, 1, 0, 0
133729, 31160438, 1, 0, 0
133818, 22363487, 1, 0, 0
133915, 16115802, 1, 0, 0
134099, 30564641, 1, 0, 0
134108, 9239815, 1, 0, 0
134215, 15288607, 1, 0, 0
134301, 14330284, 1, 0, 0
134577, 138260139, 1, 0, 0
134606, 14245695, 1, 0, 0
134707, 12635377, 1, 0, 0
134941, 39021713, 1, 0, 0
135008, 22169762, 1, 0, 0
135403, 197489668, 1, 0, 0
135533, 18650506, 1, 0, 0
135694, 40154593, 1, 0, 0
135715, 20854720, 1, 0, 0
135808, 15495567, 1, 0, 0
135902, 13481128, 1, 0, 0
136025, 61569988, 1, 0, 0
136100, 25115958, 1, 0, 0
136217, 14611725, 1, 0, 0
136427, 42009411, 1, 0, 0
136520, 18440472, 1, 0, 0
136615, 15868882, 1, 0, 0
136791, 35238172, 1, 0, 0
136830, 38437161, 1, 0, 0
136903, 14672901, 1, 0, 0
137018, 16399124, 1, 0, 0
137176, 52611416, 1, 0, 0
137219, 14492616, 1, 0, 0
137300, 16130340, 1, 0, 0
137458, 22613752, 1, 0, 0
137590, 131686569, 1, 0, 0
137621, 31721826, 1, 0, 0
137707, 14207503, 1, 0, 0
137803, 16112128, 1, 0, 0
137939, 45108569, 1, 0, 0
138002, 15822166, 1, 0, 0
138107, 14954306, 1, 0, 0
138305, 39644805, 1, 0, 0
138401, 24034720, 1, 0, 0
138526, 17792252, 1, 0, 0
138758, 46435756, 1, 0, 0
138823, 12978202, 1, 0, 0
138900, 12891380, 1, 0, 0
139064, 32858414, 1, 0, 0
139134, 34582223, 1, 0, 0
139242, 36145953, 1, 0, 0
139317, 25088077, 1, 0, 0
139447, 25874874, 1, 0, 0
139694, 82402270, 1, 0, 0
139735, 40949296, 1, 0, 0
139801, 22029134, 1, 0, 0
139915, 16306219, 1, 0, 0
140097, 36447792, 1, 0, 0
140149, 51914007, 1, 0, 0
140202, 13197008, 1, 0, 0
140318, 16639597, 1, 0, 0
140486, 41906715, 1, 0, 0
140507, 10540594, 1, 0, 0
140685, 35643101, 1, 0, 0
140720, 17466061, 1, 0, 0
140866, 29046946, 1, 0, 0
141008, 71023410, 1, 0, 0
141106, 24458065, 1, 0, 0
141205, 16575628, 1, 0, 0
141415, 34941781, 1, 0, 0
141515, 14306776, 1, 0, 0
141609, 15719239, 1, 0, 0
141726, 39061893, 1, 0, 0
141813, 86692435, 1, 0, 0
141906, 23295949, 1, 0, 0
142000, 15634981, 1, 0, 0
142548, 109689700, 1, 0, 0
142623, 12458630, 1, 0, 0
142702, 39591932, 1, 0, 0
142802, 14186531, 1, 0, 0
142933, 131533979, 1, 0, 0
143011, 15535384, 1, 0, 0
143113, 14501988, 1, 0, 0
143251, 34533002, 1, 0, 0
143306, 13713154, 1, 0, 0
143404, 14064578, 1, 0, 0
143594, 38066882, 1, 0, 0
143603, 9069406, 1, 0, 0
143706, 14713165, 1, 0, 0
143815, 15486240, 1, 0, 0
143977, 161911854, 1, 0, 0
144028, 17138771, 1, 0, 0
144102, 14694622, 1, 0, 0
144203, 14548180, 1, 0, 0
144307, 34486735, 1, 0, 0
144405, 13977975, 1, 0, 0
144643, 34018088, 1, 0, 0
144714, 14300219, 1, 0, 0
144806, 13018073, 1, 0, 0
144972, 41708246, 1, 0, 0
145002, 9804146, 1, 0, 0
145118, 16608357, 1, 0, 0
145293, 29188603, 1, 0, 0
145303, 9830351, 1, 0, 0
145403, 49716509, 1, 0, 0
145511, 18010231, 1, 0, 0
145606, 15956830, 1, 0, 0
145766, 159816856, 1, 0, 0
145801, 34475457, 1, 0, 0
145906, 14983252, 1, 0, 0
146005, 14243526, 1, 0, 0
146136, 130934029, 1, 0, 0
146200, 21417049, 1, 0, 0
146305, 14960826, 1, 0, 0
146514, 34782785, 1, 0, 0
146608, 18855819, 1, 0, 0
146712, 17253760, 1, 0, 0
147198, 97210532, 1, 0, 0
147246, 48670407, 1, 0, 0
147311, 16173054, 1, 0, 0
147402, 12959948, 1, 0, 0
147621, 54832760, 1, 0, 0
147712, 15146560, 1, 0, 0
147812, 14282713, 1, 0, 0
147968, 51916506, 1, 0, 0
148013, 15161977, 1, 0, 0
148103, 12763914, 1, 0, 0
148373, 45104120, 1, 0, 0
148418, 14809391, 1, 0, 0
148510, 15371184, 1, 0, 0
148704, 27758012, 1, 0, 0
148822, 16786299, 1, 0, 0
148951, 43118819, 1, 0, 0
149017, 21885059, 1, 0, 0
149170, 51066339, 1, 0, 0
149230, 30066627, 1, 0, 0
149302, 14312521, 1, 0, 0
149419, 16788903, 1, 0, 0
149580, 80498940, 1, 0, 0
149620, 13124820, 1, 0, 0
149706, 12272909, 1, 0, 0
149953, 41206476, 1, 0, 0
150037, 21042043, 1, 0, 0
150121, 20988963, 1, 0, 0
150206, 14195823, 1, 0, 0
150426, 110084941, 1, 0, 0
150520, 13360329, 1, 0, 0
150613, 15476446, 1, 0, 0
150753, 46845667, 1, 0, 0
150808, 27247441, 1, 0, 0
150913, 14985698, 1, 0, 0
151131, 31149012, 1, 0, 0
151210, 15862354, 1, 0, 0
151304, 18719575, 1, 0, 0
151549, 40881568, 1, 0, 0
151614, 16133523, 1, 0, 0
151706, 15372821, 1, 0, 0
151897, 31844211, 1, 0, 0
151968, 70782624, 1, 0, 0
152026, 29321820, 1, 0, 0
152110, 27830130, 1, 0, 0
152219, 18258566, 1, 0, 0
152385, 41276374, 1, 0, 0
152404, 19254663, 1, 0, 0
152503, 16601086, 1, 0, 0
152611, 15340494, 1, 0, 0
152739, 64012233, 1, 0, 0
152806, 16763907, 1, 0, 0
152902, 16048388, 1, 0, 0
153091, 31518315, 1, 0, 0
153103, 11590432, 1, 0, 0
153212, 13644801, 1, 0, 0
153305, 15554814, 1, 0, 0
153454, 148440265, 1, 0, 0
153503, 12187560, 1, 0, 0
153617, 19046140, 1, 0, 0
153807, 31613677, 1, 0, 0
153975, 42059608, 1, 0, 0
154019, 44421324, 1, 0, 0
154104, 16913471, 1, 0, 0
154290, 30991695, 1, 0, 0
154312, 22509319, 1, 0, 0
154401, 14800778, 1, 0, 0
154508, 15243311, 1, 0, 0
154662, 77300875, 1, 0, 0
154721, 14587344, 1, 0, 0
154809, 14743823, 1, 0, 0
155006, 32838831, 1, 0, 0
155101, 15843537, 1, 0, 0
155205, 20722753, 1, 0, 0
155413, 41591929, 1, 0, 0
155537, 41487440, 1, 0, 0
155603, 13125509, 1, 0, 0
155714, 15795902, 1, 0, 0
155889, 175636104, 1, 0, 0
155921, 31352511, 1, 0, 0
156019, 49387647, 1, 0, 0
156112, 15425755, 1, 0, 0
156209, 16091463, 1, 0, 0
156394, 185799697, 1, 0, 0
156405, 10249884, 1, 0, 0
156501, 24137156, 1, 0, 0
156604, 14705472, 1, 0, 0
156861, 64189817, 1, 0, 0
156902, 13845933, 1, 0, 0
157009, 15215359, 1, 0, 0
157195, 31027682, 1, 0, 0
157207, 11923594, 1, 0, 0
157325, 16818942, 1, 0, 0
157422, 16226365, 1, 0, 0
157531, 54628376, 1, 0, 0
157605, 12278594, 1, 0, 0
157701, 15964915, 1, 0, 0
157861, 40002526, 1, 0, 0
157921, 15014082, 1, 0, 0
158018, 16217318, 1, 0, 0
158168, 24960894, 1, 0, 0
158215, 23409397, 1, 0, 0
158307, 13114576, 1, 0, 0
158401, 15781852, 1, 0, 0
158584, 182360572, 1, 0, 0
158894, 309939212, 1, 0, 0
158972, 78617764, 1, 0, 0
159008, 18003013, 1, 0, 0
159105, 13737759, 1, 0, 0
159282, 35382799, 1, 0, 0
159300, 9128986, 1, 0, 0
159401, 14449747, 1, 0, 0
159592, 27310869, 1, 0, 0
159612, 19729105, 1, 0, 0
159716, 14934326, 1, 0, 0
159807, 15035823, 1, 0, 0
159957, 75188133, 1, 0, 0
160006, 12242284, 1, 0, 0
160105, 16434769, 1, 0, 0
160309, 34125060, 1, 0, 0
160402, 18424906, 1, 0, 0
160515, 16233389, 1, 0, 0
160862, 86594256, 1, 0, 0
160925, 21113157, 1, 0, 0
161009, 42119759, 1, 0, 0
161127, 14748556, 1, 0, 0
161656, 176404065, 1, 0, 0
161715, 11660932, 1, 0, 0
161801, 17187926, 1, 0, 0
162006, 34174022, 1, 0, 0
162156, 149797337, 1, 0, 0
162249, 93210887, 1, 0, 0
162359, 36810957, 1, 0, 0
162407, 15874444, 1, 0, 0
162504, 13935797, 1, 0, 0
162651, 146299013, 1, 0, 0
162704, 13298044, 1, 0, 0
162804, 14236681, 1, 0, 0
163012, 41653803, 1, 0, 0
163104, 15416528, 1, 0, 0
163214, 15593804, 1, 0, 0
163350, 45443688, 1, 0, 0
163401, 12814959, 1, 0, 0
163527, 17948838, 1, 0, 0
163689, 32379338, 1, 0, 0
163717, 28694741, 1, 0, 0
163818, 14367841, 1, 0, 0
163924, 15077978, 1, 0, 0
164034, 110657822, 1, 0, 0
164110, 75888251, 1, 0, 0
164200, 14958109, 1, 0, 0
164304, 14839415, 1, 0, 0
164486, 91240174, 1, 0, 0
164515, 28499516, 1, 0, 0
164625, 13787013, 1, 0, 0
164703, 12934025, 1, 0, 0
164928, 225010858, 1, 0, 0
165008, 13421731, 1, 0, 0
165111, 17118511, 1, 0, 0
165267, 39058884, 1, 0, 0
165307, 19843059, 1, 0, 0
165419, 22373240, 1, 0, 0
165504, 14263635, 1, 0, 0
165678, 57985343, 1, 0, 0
165705, 8875864, 1, 0, 0
165819, 16268521, 1, 0, 0
166269, 75090288, 1, 0, 0
166302, 10792666, 1, 0, 0
166402, 16751856, 1, 0, 0
166500, 16301454, 1, 0, 0
166602, 101726420, 1, 0, 0
166729, 25516501, 1, 0, 0
166815, 17071033, 1, 0, 0
167076, 43508185, 1, 0, 0
167102, 13256163, 1, 0, 0
167215, 16070852, 1, 0, 0
167543, 46893785, 1, 0, 0
167603, 30064030, 1, 0, 0
167700, 16141449, 1, 0, 0
167803, 14615267, 1, 0, 0
167918, 115764108, 1, 0, 0
168023, 20899064, 1, 0, 0
168113, 14950796, 1, 0, 0
168302, 37976096, 1, 0, 0
168411, 13561036, 1, 0, 0
168510, 19865061, 1, 0, 0
168639, 42962618, 1, 0, 0
168723, 41988435, 1, 0, 0
168815, 15286506, 1, 0, 0
168913, 16293459, 1, 0, 0
169035, 61013986, 1, 0, 0
169107, 18185670, 1, 0, 0
169201, 15526481, 1, 0, 0
169462, 43555167, 1, 0, 0
169504, 14140766, 1, 0, 0
169611, 15194378, 1, 0, 0
169828, 36221726, 1, 0, 0
169922, 15711592, 1, 0, 0
170005, 13787102, 1, 0, 0
170165, 39963449, 1, 0, 0
170229, 32078631, 1, 0, 0
170308, 19664103, 1, 0, 0
170400, 22964984, 1, 0, 0
170663, 43969669, 1, 0, 0
170826, 81309993, 1, 0, 0
170932, 17678981, 1, 0, 0
171009, 25441981, 1, 0, 0
171252, 121492905, 1, 0, 0
171456, 68206726, 1, 0, 0
171500, 14698213, 1, 0, 0
171605, 17434445, 1, 0, 0
171793, 26890395, 1, 0, 0
171804, 11295057, 1, 0, 0
171920, 14495572, 1, 0, 0
172004, 16647025, 1, 0, 0
172152, 74211281, 1, 0, 0
172206, 13506960, 1, 0, 0
172302, 16056848, 1, 0, 0
172433, 32631838, 1, 0, 0
172501, 68438096, 1, 0, 0
172600, 49246797, 1, 0, 0
172701, 16870114, 1, 0, 0
172802, 16834970, 1, 0, 0
173000, 65938641, 1, 0, 0
173104, 14903580, 1, 0, 0
173212, 15392175, 1, 0, 0
173301, 44255393, 1, 0, 0
173422, 40301186, 1, 0, 0
173500, 15692184, 1, 0, 0
173605, 35112999, 1, 0, 0
173882, 55290341, 1, 0, 0
173900, 18513933, 1, 0, 0
174004, 14823328, 1, 0, 0
174103, 16449314, 1, 0, 0
174242, 69762551, 1, 0, 0
174301, 29495710, 1, 0, 0
174421, 14997234, 1, 0, 0
174635, 35589196, 1, 0, 0
174700, 12974056, 1, 0, 0
174815, 16410204, 1, 0, 0
175112, 74369581, 1, 0, 0
175208, 13671887, 1, 0, 0
175314, 17749384, 1, 0, 0
175468, 51281556, 1, 0, 0
175527, 19689380, 1, 0, 0
175640, 18748344, 1, 0, 0
175722, 13657550, 1, 0, 0
175903, 181152333, 1, 0, 0
176013, 13782460, 1, 0, 0
176119, 15155356, 1, 0, 0
176557, 437884940, 1, 0, 0
176600, 10804620, 1, 0, 0
176700, 16538899, 1, 0, 0
176889, 31623604, 1, 0, 0
176909, 19399613, 1, 0, 0
177003, 15678391, 1, 0, 0
177104, 14485467, 1, 0, 0
177230, 62995164, 1, 0, 0
177301, 14145040, 1, 0, 0
177402, 16810372, 1, 0, 0
177650, 49693307, 1, 0, 0
177701, 17030108, 1, 0, 0
177824, 15344676, 1, 0, 0
177973, 29850468, 1, 0, 0
178001, 13815502, 1, 0, 0
178123, 15275058, 1, 0, 0
178323, 33269373, 1, 0, 0
178407, 16834764, 1, 0, 0
178505, 13960689, 1, 0, 0
178710, 51387786, 1, 0, 0
178803, 30925671, 1, 0, 0
178919, 16516570, 1, 0, 0
179007, 21917084, 1, 0, 0
179209, 101187450, 1, 0, 0
179325, 29135031, 1, 0, 0
179424, 19617652, 1, 0, 0
179510, 14463137, 1, 0, 0
179636, 125837707, 1, 0, 0
179710, 24682627, 1, 0, 0
179813, 14738573, 1, 0, 0
179995, 30236922, 1, 0, 0
180004, 9427974, 1, 0, 0
