100, 143360, 0, 0, 0
100, 30720, 1, 0, 0
200, 174080, 0, 0, 0
200, 71680, 1, 0, 0
300, 163840, 0, 0, 0
300, 40960, 1, 0, 0
400, 153600, 0, 0, 0
400, 51200, 1, 0, 0
500, 163840, 0, 0, 0
500, 61440, 1, 0, 0
600, 122880, 0, 0, 0
600, 20480, 1, 0, 0
700, 153600, 0, 0, 0
700, 61440, 1, 0, 0
800, 153600, 0, 0, 0
800, 81920, 1, 0, 0
900, 174080, 0, 0, 0
900, 40960, 1, 0, 0
1000, 122880, 0, 0, 0
1000, 10240, 1, 0, 0
1100, 133120, 0, 0, 0
1100, 20480, 1, 0, 0
1200, 122880, 0, 0, 0
1300, 133120, 0, 0, 0
1300, 10240, 1, 0, 0
1400, 133120, 0, 0, 0
1400, 10240, 1, 0, 0
1500, 122880, 0, 0, 0
1500, 51200, 1, 0, 0
1600, 133120, 0, 0, 0
1600, 30720, 1, 0, 0
1700, 122880, 0, 0, 0
1700, 30720, 1, 0, 0
1800, 133120, 0, 0, 0
1800, 61440, 1, 0, 0
1900, 122880, 0, 0, 0
1900, 51200, 1, 0, 0
2001, 133120, 0, 0, 0
2001, 71680, 1, 0, 0
2100, 124121, 0, 0, 0
2100, 31030, 1, 0, 0
2200, 133120, 0, 0, 0
2200, 81920, 1, 0, 0
2300, 122880, 0, 0, 0
2300, 20480, 1, 0, 0
2400, 122880, 0, 0, 0
2400, 20480, 1, 0, 0
2500, 133120, 0, 0, 0
2500, 61440, 1, 0, 0
2600, 133120, 0, 0, 0
2700, 122880, 0, 0, 0
2700, 20480, 1, 0, 0
2800, 133120, 0, 0, 0
2800, 61440, 1, 0, 0
2900, 122880, 0, 0, 0
2900, 61440, 1, 0, 0
3000, 133120, 0, 0, 0
3000, 30720, 1, 0, 0
3100, 122880, 0, 0, 0
3200, 133120, 0, 0, 0
3200, 10240, 1, 0, 0
3300, 122880, 0, 0, 0
3300, 10240, 1, 0, 0
3400, 133120, 0, 0, 0
3400, 30720, 1, 0, 0
3500, 122880, 0, 0, 0
3500, 40960, 1, 0, 0
3600, 133120, 0, 0, 0
3600, 92160, 1, 0, 0
3700, 133120, 0, 0, 0
3700, 20480, 1, 0, 0
3800, 122880, 0, 0, 0
3800, 81920, 1, 0, 0
3900, 122880, 0, 0, 0
3900, 20480, 1, 0, 0
4000, 133120, 0, 0, 0
4000, 20480, 1, 0, 0
4100, 133120, 0, 0, 0
4100, 30720, 1, 0, 0
4200, 122880, 0, 0, 0
4200, 51200, 1, 0, 0
4300, 122880, 0, 0, 0
4300, 40960, 1, 0, 0
4400, 133120, 0, 0, 0
4400, 40960, 1, 0, 0
4500, 133120, 0, 0, 0
4500, 10240, 1, 0, 0
4600, 122880, 0, 0, 0
4600, 81920, 1, 0, 0
4700, 133120, 0, 0, 0
4700, 51200, 1, 0, 0
4800, 122880, 0, 0, 0
4900, 133120, 0, 0, 0
4900, 40960, 1, 0, 0
5001, 122880, 0, 0, 0
5001, 71680, 1, 0, 0
5100, 134464, 0, 0, 0
5100, 41373, 1, 0, 0
5200, 122880, 0, 0, 0
5200, 51200, 1, 0, 0
5300, 122880, 0, 0, 0
5300, 20480, 1, 0, 0
5400, 133120, 0, 0, 0
5400, 20480, 1, 0, 0
5500, 133120, 0, 0, 0
5500, 30720, 1, 0, 0
5600, 122880, 0, 0, 0
5600, 30720, 1, 0, 0
5700, 133120, 0, 0, 0
5700, 10240, 1, 0, 0
5800, 122880, 0, 0, 0
5800, 51200, 1, 0, 0
5900, 133120, 0, 0, 0
5900, 20480, 1, 0, 0
6000, 122880, 0, 0, 0
6000, 51200, 1, 0, 0
6100, 133120, 0, 0, 0
6100, 10240, 1, 0, 0
6200, 112640, 0, 0, 0
6200, 20480, 1, 0, 0
8100, 122880, 0, 0, 0
8100, 30720, 1, 0, 0
8200, 143360, 0, 0, 0
8200, 40960, 1, 0, 0
8300, 133120, 0, 0, 0
8300, 51200, 1, 0, 0
8400, 133120, 0, 0, 0
8500, 122880, 0, 0, 0
8500, 61440, 1, 0, 0
8600, 133120, 0, 0, 0
8600, 20480, 1, 0, 0
8700, 122880, 0, 0, 0
8700, 61440, 1, 0, 0
8800, 122880, 0, 0, 0
8800, 20480, 1, 0, 0
8900, 133120, 0, 0, 0
8900, 10240, 1, 0, 0
9000, 133120, 0, 0, 0
9000, 20480, 1, 0, 0
9100, 122880, 0, 0, 0
9100, 40960, 1, 0, 0
9200, 133120, 0, 0, 0
9200, 20480, 1, 0, 0
9300, 122880, 0, 0, 0
9300, 10240, 1, 0, 0
9400, 133120, 0, 0, 0
9400, 40960, 1, 0, 0
9500, 122880, 0, 0, 0
9600, 133120, 0, 0, 0
9600, 30720, 1, 0, 0
9700, 122880, 0, 0, 0
9700, 30720, 1, 0, 0
9800, 122880, 0, 0, 0
9800, 20480, 1, 0, 0
9900, 133120, 0, 0, 0
9900, 30720, 1, 0, 0
10000, 133120, 0, 0, 0
10100, 122880, 0, 0, 0
10100, 20480, 1, 0, 0
10200, 133120, 0, 0, 0
10200, 71680, 1, 0, 0
10300, 122880, 0, 0, 0
10300, 51200, 1, 0, 0
10400, 133120, 0, 0, 0
10400, 30720, 1, 0, 0
10500, 122880, 0, 0, 0
10500, 20480, 1, 0, 0
10600, 133120, 0, 0, 0
10600, 30720, 1, 0, 0
10700, 133120, 0, 0, 0
10700, 30720, 1, 0, 0
10800, 124121, 0, 0, 0
10800, 10343, 1, 0, 0
10900, 122880, 0, 0, 0
10900, 10240, 1, 0, 0
11000, 133120, 0, 0, 0
11000, 81920, 1, 0, 0
11100, 122880, 0, 0, 0
11100, 10240, 1, 0, 0
11200, 133120, 0, 0, 0
11200, 20480, 1, 0, 0
11300, 122880, 0, 0, 0
11300, 10240, 1, 0, 0
11400, 133120, 0, 0, 0
11400, 20480, 1, 0, 0
11500, 122880, 0, 0, 0
11500, 30720, 1, 0, 0
11600, 133120, 0, 0, 0
11600, 10240, 1, 0, 0
11700, 133120, 0, 0, 0
11800, 122880, 0, 0, 0
11800, 51200, 1, 0, 0
11900, 133120, 0, 0, 0
11900, 40960, 1, 0, 0
12000, 122880, 0, 0, 0
12000, 51200, 1, 0, 0
12100, 122880, 0, 0, 0
12100, 30720, 1, 0, 0
12200, 133120, 0, 0, 0
12200, 20480, 1, 0, 0
12300, 133120, 0, 0, 0
12300, 20480, 1, 0, 0
12400, 122880, 0, 0, 0
12400, 30720, 1, 0, 0
12500, 133120, 0, 0, 0
12500, 30720, 1, 0, 0
12600, 122880, 0, 0, 0
12600, 51200, 1, 0, 0
12700, 133120, 0, 0, 0
12700, 51200, 1, 0, 0
12800, 122880, 0, 0, 0
12800, 51200, 1, 0, 0
12900, 133120, 0, 0, 0
12900, 10240, 1, 0, 0
13000, 122880, 0, 0, 0
13000, 10240, 1, 0, 0
13100, 133120, 0, 0, 0
13100, 51200, 1, 0, 0
13200, 122880, 0, 0, 0
13200, 81920, 1, 0, 0
13300, 133120, 0, 0, 0
13300, 10240, 1, 0, 0
13400, 122880, 0, 0, 0
13400, 51200, 1, 0, 0
13500, 133120, 0, 0, 0
13500, 10240, 1, 0, 0
13600, 122880, 0, 0, 0
13600, 40960, 1, 0, 0
13700, 133120, 0, 0, 0
13700, 40960, 1, 0, 0
13800, 122880, 0, 0, 0
13800, 51200, 1, 0, 0
13900, 133120, 0, 0, 0
13900, 20480, 1, 0, 0
14000, 122880, 0, 0, 0
14000, 40960, 1, 0, 0
14100, 133120, 0, 0, 0
14100, 40960, 1, 0, 0
14200, 122880, 0, 0, 0
14300, 133120, 0, 0, 0
14300, 20480, 1, 0, 0
14400, 133120, 0, 0, 0
14400, 51200, 1, 0, 0
14501, 102400, 0, 0, 0
14501, 10240, 1, 0, 0
14600, 93090, 0, 0, 0
14600, 20686, 1, 0, 0
14700, 71680, 0, 0, 0
16300, 10240, 0, 0, 0
16400, 102400, 0, 0, 0
16400, 40960, 1, 0, 0
16500, 92160, 0, 0, 0
16500, 10240, 1, 0, 0
16600, 61440, 0, 0, 0
16600, 51200, 1, 0, 0
16700, 61440, 0, 0, 0
16700, 20480, 1, 0, 0
16800, 92160, 0, 0, 0
16800, 40960, 1, 0, 0
16900, 81920, 0, 0, 0
16900, 10240, 1, 0, 0
17000, 71680, 0, 0, 0
17000, 10240, 1, 0, 0
17100, 81920, 0, 0, 0
17100, 10240, 1, 0, 0
17200, 92160, 0, 0, 0
17200, 20480, 1, 0, 0
17301, 71680, 0, 0, 0
17400, 72404, 0, 0, 0
17400, 10343, 1, 0, 0
17500, 40960, 0, 0, 0
17500, 10240, 1, 0, 0
17600, 71680, 0, 0, 0
17600, 10240, 1, 0, 0
17700, 40960, 0, 0, 0
17800, 102400, 0, 0, 0
17800, 20480, 1, 0, 0
17900, 143360, 0, 0, 0
17900, 20480, 1, 0, 0
18000, 20480, 0, 0, 0
18100, 71680, 0, 0, 0
18100, 30720, 1, 0, 0
18200, 71680, 0, 0, 0
18300, 92160, 0, 0, 0
18300, 40960, 1, 0, 0
18400, 122880, 0, 0, 0
18400, 71680, 1, 0, 0
18500, 20480, 0, 0, 0
18600, 112640, 0, 0, 0
18600, 10240, 1, 0, 0
18700, 102400, 0, 0, 0
18700, 51200, 1, 0, 0
18800, 153600, 0, 0, 0
18800, 81920, 1, 0, 0
18900, 143360, 0, 0, 0
18900, 10240, 1, 0, 0
19000, 112640, 0, 0, 0
19000, 20480, 1, 0, 0
19100, 92160, 0, 0, 0
19200, 122880, 0, 0, 0
19200, 30720, 1, 0, 0
19300, 133120, 0, 0, 0
19300, 71680, 1, 0, 0
19400, 71680, 0, 0, 0
19400, 10240, 1, 0, 0
19500, 122880, 0, 0, 0
19500, 30720, 1, 0, 0
19600, 133120, 0, 0, 0
19600, 20480, 1, 0, 0
19700, 112640, 0, 0, 0
19800, 20480, 0, 0, 0
19800, 10240, 1, 0, 0
19900, 61440, 0, 0, 0
19900, 20480, 1, 0, 0
20000, 71680, 0, 0, 0
20000, 20480, 1, 0, 0
20100, 61440, 0, 0, 0
20100, 20480, 1, 0, 0
20200, 30720, 0, 0, 0
20301, 20480, 0, 0, 0
20400, 51717, 0, 0, 0
20400, 10343, 1, 0, 0
20500, 20480, 0, 0, 0
20500, 10240, 1, 0, 0
20600, 40960, 0, 0, 0
20700, 71680, 0, 0, 0
20700, 51200, 1, 0, 0
20800, 20480, 0, 0, 0
20800, 10240, 1, 0, 0
20900, 10240, 0, 0, 0
21000, 10240, 0, 0, 0
21100, 20480, 0, 0, 0
21200, 20480, 0, 0, 0
21300, 10240, 0, 0, 0
21400, 20480, 0, 0, 0
21500, 20480, 0, 0, 0
21600, 10240, 0, 0, 0
21700, 20480, 0, 0, 0
21700, 10240, 1, 0, 0
21800, 10240, 0, 0, 0
21900, 30720, 0, 0, 0
22000, 20480, 0, 0, 0
22000, 10240, 1, 0, 0
22100, 20480, 0, 0, 0
22100, 20480, 1, 0, 0
22200, 20480, 0, 0, 0
22300, 51200, 0, 0, 0
22300, 10240, 1, 0, 0
22400, 51200, 0, 0, 0
22400, 20480, 1, 0, 0
22500, 40960, 0, 0, 0
22500, 10240, 1, 0, 0
22600, 10240, 0, 0, 0
22600, 10240, 1, 0, 0
22700, 20480, 0, 0, 0
22800, 20480, 0, 0, 0
22900, 20480, 0, 0, 0
22900, 20480, 1, 0, 0
23000, 20480, 0, 0, 0
23100, 61440, 0, 0, 0
23200, 81920, 0, 0, 0
23300, 30720, 0, 0, 0
23300, 10240, 1, 0, 0
23400, 61440, 0, 0, 0
23400, 30720, 1, 0, 0
23500, 71680, 0, 0, 0
23600, 61440, 0, 0, 0
23600, 30720, 1, 0, 0
23701, 40960, 0, 0, 0
23701, 10240, 1, 0, 0
23800, 93090, 0, 0, 0
23800, 31030, 1, 0, 0
23900, 143360, 0, 0, 0
23900, 10240, 1, 0, 0
24000, 143360, 0, 0, 0
24000, 51200, 1, 0, 0
24100, 133120, 0, 0, 0
24100, 20480, 1, 0, 0
24200, 153600, 0, 0, 0
24200, 51200, 1, 0, 0
24300, 174080, 0, 0, 0
24300, 40960, 1, 0, 0
24400, 153600, 0, 0, 0
24400, 20480, 1, 0, 0
24500, 174080, 0, 0, 0
24500, 51200, 1, 0, 0
24600, 174080, 0, 0, 0
24600, 143360, 1, 0, 0
24700, 174080, 0, 0, 0
24700, 30720, 1, 0, 0
24800, 163840, 0, 0, 0
24800, 20480, 1, 0, 0
24900, 163840, 0, 0, 0
24900, 40960, 1, 0, 0
25000, 163840, 0, 0, 0
25000, 51200, 1, 0, 0
25100, 174080, 0, 0, 0
25100, 40960, 1, 0, 0
25200, 163840, 0, 0, 0
25200, 61440, 1, 0, 0
25300, 174080, 0, 0, 0
25300, 30720, 1, 0, 0
25400, 174080, 0, 0, 0
25400, 20480, 1, 0, 0
25500, 163840, 0, 0, 0
25500, 40960, 1, 0, 0
25600, 163840, 0, 0, 0
25600, 112640, 1, 0, 0
25700, 174080, 0, 0, 0
25700, 30720, 1, 0, 0
25800, 153600, 0, 0, 0
25800, 20480, 1, 0, 0
25900, 163840, 0, 0, 0
25900, 20480, 1, 0, 0
26001, 184320, 0, 0, 0
26001, 92160, 1, 0, 0
26100, 155151, 0, 0, 0
26100, 20686, 1, 0, 0
27500, 40960, 0, 0, 0
27500, 10240, 1, 0, 0
27600, 174080, 0, 0, 0
27600, 30720, 1, 0, 0
27700, 133120, 0, 0, 0
27700, 10240, 1, 0, 0
27800, 122880, 0, 0, 0
27800, 40960, 1, 0, 0
27900, 133120, 0, 0, 0
27900, 20480, 1, 0, 0
28000, 122880, 0, 0, 0
28000, 10240, 1, 0, 0
28100, 133120, 0, 0, 0
28100, 10240, 1, 0, 0
28200, 122880, 0, 0, 0
28200, 30720, 1, 0, 0
28300, 133120, 0, 0, 0
28300, 10240, 1, 0, 0
28400, 122880, 0, 0, 0
28400, 10240, 1, 0, 0
28500, 133120, 0, 0, 0
28500, 20480, 1, 0, 0
28600, 133120, 0, 0, 0
28600, 40960, 1, 0, 0
28700, 122880, 0, 0, 0
28700, 10240, 1, 0, 0
28800, 122880, 0, 0, 0
28800, 20480, 1, 0, 0
28900, 133120, 0, 0, 0
28900, 20480, 1, 0, 0
29001, 122880, 0, 0, 0
29001, 81920, 1, 0, 0
29100, 134464, 0, 0, 0
29100, 41373, 1, 0, 0
29200, 133120, 0, 0, 0
29200, 51200, 1, 0, 0
29300, 122880, 0, 0, 0
29300, 20480, 1, 0, 0
29400, 133120, 0, 0, 0
29400, 10240, 1, 0, 0
29500, 122880, 0, 0, 0
29500, 61440, 1, 0, 0
29600, 122880, 0, 0, 0
29600, 10240, 1, 0, 0
29700, 133120, 0, 0, 0
29700, 71680, 1, 0, 0
29800, 133120, 0, 0, 0
29800, 40960, 1, 0, 0
29900, 122880, 0, 0, 0
29900, 51200, 1, 0, 0
30000, 133120, 0, 0, 0
30000, 40960, 1, 0, 0
30100, 122880, 0, 0, 0
30100, 61440, 1, 0, 0
30200, 133120, 0, 0, 0
30200, 61440, 1, 0, 0
30300, 122880, 0, 0, 0
30300, 10240, 1, 0, 0
30400, 133120, 0, 0, 0
30400, 81920, 1, 0, 0
30500, 122880, 0, 0, 0
30500, 51200, 1, 0, 0
30600, 133120, 0, 0, 0
30600, 10240, 1, 0, 0
30700, 122880, 0, 0, 0
30700, 30720, 1, 0, 0
30800, 133120, 0, 0, 0
30800, 20480, 1, 0, 0
30900, 122880, 0, 0, 0
30900, 30720, 1, 0, 0
31000, 133120, 0, 0, 0
31000, 40960, 1, 0, 0
31100, 122880, 0, 0, 0
31200, 133120, 0, 0, 0
31200, 40960, 1, 0, 0
31300, 122880, 0, 0, 0
31300, 81920, 1, 0, 0
31400, 133120, 0, 0, 0
31400, 10240, 1, 0, 0
31500, 122880, 0, 0, 0
31500, 10240, 1, 0, 0
31601, 133120, 0, 0, 0
31601, 20480, 1, 0, 0
31700, 124121, 0, 0, 0
31700, 31030, 1, 0, 0
31800, 133120, 0, 0, 0
31800, 61440, 1, 0, 0
31900, 122880, 0, 0, 0
31900, 30720, 1, 0, 0
32000, 133120, 0, 0, 0
32000, 20480, 1, 0, 0
32100, 122880, 0, 0, 0
32100, 10240, 1, 0, 0
32200, 133120, 0, 0, 0
32200, 40960, 1, 0, 0
32300, 133120, 0, 0, 0
32300, 30720, 1, 0, 0
32400, 122880, 0, 0, 0
32400, 10240, 1, 0, 0
32500, 133120, 0, 0, 0
32500, 40960, 1, 0, 0
32600, 122880, 0, 0, 0
32600, 30720, 1, 0, 0
32700, 122880, 0, 0, 0
32700, 51200, 1, 0, 0
32800, 133120, 0, 0, 0
32800, 40960, 1, 0, 0
32900, 133120, 0, 0, 0
32900, 20480, 1, 0, 0
33000, 122880, 0, 0, 0
33000, 81920, 1, 0, 0
33100, 122880, 0, 0, 0
33100, 51200, 1, 0, 0
33200, 122880, 0, 0, 0
33200, 20480, 1, 0, 0
33300, 133120, 0, 0, 0
33400, 122880, 0, 0, 0
33400, 20480, 1, 0, 0
33500, 133120, 0, 0, 0
33500, 10240, 1, 0, 0
33600, 122880, 0, 0, 0
33600, 51200, 1, 0, 0
33700, 133120, 0, 0, 0
33700, 51200, 1, 0, 0
33800, 122880, 0, 0, 0
33800, 112640, 1, 0, 0
33900, 122880, 0, 0, 0
33900, 51200, 1, 0, 0
35700, 20480, 0, 0, 0
35700, 30720, 1, 0, 0
35800, 163840, 0, 0, 0
35800, 61440, 1, 0, 0
35900, 163840, 0, 0, 0
35900, 51200, 1, 0, 0
36000, 143360, 0, 0, 0
36000, 92160, 1, 0, 0
36100, 133120, 0, 0, 0
36100, 10240, 1, 0, 0
36200, 122880, 0, 0, 0
36200, 10240, 1, 0, 0
36300, 122880, 0, 0, 0
36300, 20480, 1, 0, 0
36400, 133120, 0, 0, 0
36400, 40960, 1, 0, 0
36500, 122880, 0, 0, 0
36500, 81920, 1, 0, 0
36600, 133120, 0, 0, 0
36600, 71680, 1, 0, 0
36700, 122880, 0, 0, 0
36700, 20480, 1, 0, 0
36800, 133120, 0, 0, 0
36900, 122880, 0, 0, 0
36900, 40960, 1, 0, 0
37000, 133120, 0, 0, 0
37000, 30720, 1, 0, 0
37100, 122880, 0, 0, 0
37100, 40960, 1, 0, 0
37200, 133120, 0, 0, 0
37200, 30720, 1, 0, 0
37300, 122880, 0, 0, 0
37300, 10240, 1, 0, 0
37400, 133120, 0, 0, 0
37400, 61440, 1, 0, 0
37500, 122880, 0, 0, 0
37500, 51200, 1, 0, 0
37600, 133120, 0, 0, 0
37600, 30720, 1, 0, 0
37700, 133120, 0, 0, 0
37700, 20480, 1, 0, 0
37800, 122880, 0, 0, 0
37800, 40960, 1, 0, 0
37900, 122880, 0, 0, 0
37900, 30720, 1, 0, 0
38000, 133120, 0, 0, 0
38000, 20480, 1, 0, 0
38100, 133120, 0, 0, 0
38100, 10240, 1, 0, 0
38200, 122880, 0, 0, 0
38200, 20480, 1, 0, 0
38300, 133120, 0, 0, 0
38300, 51200, 1, 0, 0
38400, 122880, 0, 0, 0
38400, 71680, 1, 0, 0
38500, 122880, 0, 0, 0
38500, 40960, 1, 0, 0
38600, 133120, 0, 0, 0
38600, 10240, 1, 0, 0
38700, 133120, 0, 0, 0
38700, 30720, 1, 0, 0
38800, 122880, 0, 0, 0
38800, 10240, 1, 0, 0
38901, 133120, 0, 0, 0
38901, 40960, 1, 0, 0
39000, 124121, 0, 0, 0
39000, 51717, 1, 0, 0
39100, 133120, 0, 0, 0
39100, 40960, 1, 0, 0
39200, 122880, 0, 0, 0
39200, 102400, 1, 0, 0
39300, 133120, 0, 0, 0
39300, 20480, 1, 0, 0
39400, 122880, 0, 0, 0
39400, 10240, 1, 0, 0
39500, 133120, 0, 0, 0
39500, 61440, 1, 0, 0
39600, 122880, 0, 0, 0
39600, 51200, 1, 0, 0
39700, 133120, 0, 0, 0
39700, 40960, 1, 0, 0
39800, 122880, 0, 0, 0
39800, 30720, 1, 0, 0
39900, 133120, 0, 0, 0
39900, 20480, 1, 0, 0
40000, 122880, 0, 0, 0
40000, 30720, 1, 0, 0
40100, 133120, 0, 0, 0
40200, 81920, 0, 0, 0
40300, 71680, 0, 0, 0
40300, 20480, 1, 0, 0
40400, 61440, 0, 0, 0
40400, 20480, 1, 0, 0
40500, 40960, 0, 0, 0
40500, 10240, 1, 0, 0
40600, 20480, 0, 0, 0
40700, 20480, 0, 0, 0
40800, 20480, 0, 0, 0
40900, 20480, 0, 0, 0
40900, 10240, 1, 0, 0
41000, 30720, 0, 0, 0
41100, 20480, 0, 0, 0
41200, 30720, 0, 0, 0
41300, 30720, 0, 0, 0
41400, 40960, 0, 0, 0
41400, 20480, 1, 0, 0
41500, 51200, 0, 0, 0
41500, 10240, 1, 0, 0
41600, 92160, 0, 0, 0
41600, 10240, 1, 0, 0
41700, 102400, 0, 0, 0
41700, 30720, 1, 0, 0
41800, 102400, 0, 0, 0
41800, 40960, 1, 0, 0
41900, 81920, 0, 0, 0
41900, 20480, 1, 0, 0
42000, 71680, 0, 0, 0
42000, 20480, 1, 0, 0
42100, 122880, 0, 0, 0
42100, 40960, 1, 0, 0
42200, 112640, 0, 0, 0
42200, 40960, 1, 0, 0
42300, 153600, 0, 0, 0
42300, 10240, 1, 0, 0
42400, 122880, 0, 0, 0
42400, 20480, 1, 0, 0
42501, 143360, 0, 0, 0
42501, 30720, 1, 0, 0
42600, 165494, 0, 0, 0
42600, 31030, 1, 0, 0
42700, 143360, 0, 0, 0
42700, 61440, 1, 0, 0
42800, 153600, 0, 0, 0
42800, 92160, 1, 0, 0
42900, 102400, 0, 0, 0
42900, 30720, 1, 0, 0
43000, 40960, 0, 0, 0
43100, 40960, 0, 0, 0
43100, 10240, 1, 0, 0
43200, 61440, 0, 0, 0
43200, 10240, 1, 0, 0
43300, 40960, 0, 0, 0
43300, 10240, 1, 0, 0
43400, 71680, 0, 0, 0
43400, 20480, 1, 0, 0
44600, 20480, 0, 0, 0
44700, 81920, 0, 0, 0
44700, 10240, 1, 0, 0
44800, 133120, 0, 0, 0
44800, 40960, 1, 0, 0
44900, 112640, 0, 0, 0
44900, 61440, 1, 0, 0
45001, 153600, 0, 0, 0
45001, 51200, 1, 0, 0
45100, 165494, 0, 0, 0
45100, 51717, 1, 0, 0
45200, 163840, 0, 0, 0
45200, 30720, 1, 0, 0
45300, 163840, 0, 0, 0
45300, 61440, 1, 0, 0
45400, 163840, 0, 0, 0
45400, 40960, 1, 0, 0
45500, 153600, 0, 0, 0
45500, 30720, 1, 0, 0
45600, 163840, 0, 0, 0
45600, 61440, 1, 0, 0
45700, 163840, 0, 0, 0
45700, 40960, 1, 0, 0
45800, 163840, 0, 0, 0
45800, 51200, 1, 0, 0
45900, 163840, 0, 0, 0
45900, 40960, 1, 0, 0
46000, 174080, 0, 0, 0
46000, 40960, 1, 0, 0
46100, 143360, 0, 0, 0
46100, 30720, 1, 0, 0
46200, 153600, 0, 0, 0
46200, 10240, 1, 0, 0
46300, 153600, 0, 0, 0
46300, 51200, 1, 0, 0
46400, 153600, 0, 0, 0
46400, 20480, 1, 0, 0
46500, 163840, 0, 0, 0
46500, 10240, 1, 0, 0
46600, 184320, 0, 0, 0
46600, 20480, 1, 0, 0
46700, 143360, 0, 0, 0
46700, 30720, 1, 0, 0
46800, 133120, 0, 0, 0
46800, 10240, 1, 0, 0
46900, 122880, 0, 0, 0
46900, 20480, 1, 0, 0
47000, 133120, 0, 0, 0
47000, 10240, 1, 0, 0
47100, 122880, 0, 0, 0
47100, 20480, 1, 0, 0
47200, 133120, 0, 0, 0
47200, 30720, 1, 0, 0
47300, 124121, 0, 0, 0
47300, 10343, 1, 0, 0
47400, 133120, 0, 0, 0
47400, 20480, 1, 0, 0
47500, 122880, 0, 0, 0
47500, 40960, 1, 0, 0
47600, 133120, 0, 0, 0
47600, 10240, 1, 0, 0
47700, 122880, 0, 0, 0
47700, 30720, 1, 0, 0
47800, 133120, 0, 0, 0
47800, 40960, 1, 0, 0
47900, 122880, 0, 0, 0
47900, 20480, 1, 0, 0
48000, 133120, 0, 0, 0
48000, 20480, 1, 0, 0
48100, 122880, 0, 0, 0
48100, 51200, 1, 0, 0
48200, 133120, 0, 0, 0
48200, 51200, 1, 0, 0
48300, 122880, 0, 0, 0
48300, 20480, 1, 0, 0
48400, 133120, 0, 0, 0
48400, 10240, 1, 0, 0
48500, 122880, 0, 0, 0
48500, 20480, 1, 0, 0
48600, 133120, 0, 0, 0
48600, 20480, 1, 0, 0
48700, 122880, 0, 0, 0
48700, 20480, 1, 0, 0
48800, 133120, 0, 0, 0
48800, 40960, 1, 0, 0
48900, 133120, 0, 0, 0
48900, 30720, 1, 0, 0
49000, 122880, 0, 0, 0
49000, 10240, 1, 0, 0
49100, 122880, 0, 0, 0
49100, 30720, 1, 0, 0
49200, 133120, 0, 0, 0
49200, 71680, 1, 0, 0
49300, 122880, 0, 0, 0
49300, 20480, 1, 0, 0
49400, 133120, 0, 0, 0
49400, 30720, 1, 0, 0
49500, 133120, 0, 0, 0
49500, 71680, 1, 0, 0
49600, 122880, 0, 0, 0
49600, 51200, 1, 0, 0
49700, 133120, 0, 0, 0
49700, 10240, 1, 0, 0
49800, 122880, 0, 0, 0
49900, 133120, 0, 0, 0
49900, 30720, 1, 0, 0
50000, 122880, 0, 0, 0
50000, 40960, 1, 0, 0
50100, 133120, 0, 0, 0
50100, 10240, 1, 0, 0
50200, 122880, 0, 0, 0
50300, 133120, 0, 0, 0
50300, 20480, 1, 0, 0
50400, 122880, 0, 0, 0
50400, 40960, 1, 0, 0
50501, 133120, 0, 0, 0
50501, 61440, 1, 0, 0
50600, 124121, 0, 0, 0
50600, 10343, 1, 0, 0
50700, 133120, 0, 0, 0
50700, 20480, 1, 0, 0
50800, 122880, 0, 0, 0
50800, 10240, 1, 0, 0
50900, 92160, 0, 0, 0
50900, 20480, 1, 0, 0
52500, 122880, 0, 0, 0
52500, 51200, 1, 0, 0
52600, 30720, 0, 0, 0
52600, 20480, 1, 0, 0
52700, 20480, 0, 0, 0
52800, 10240, 0, 0, 0
52900, 20480, 0, 0, 0
52900, 10240, 1, 0, 0
53000, 10240, 0, 0, 0
53000, 10240, 1, 0, 0
53100, 30720, 0, 0, 0
53200, 10240, 0, 0, 0
53300, 10240, 0, 0, 0
53600, 10240, 0, 0, 0
54100, 10240, 0, 0, 0
54100, 10240, 1, 0, 0
54600, 20480, 0, 0, 0
54700, 10240, 0, 0, 0
54700, 10240, 1, 0, 0
54800, 10240, 0, 0, 0
54900, 20480, 0, 0, 0
55000, 10240, 0, 0, 0
55100, 20480, 0, 0, 0
55100, 10240, 1, 0, 0
55200, 20480, 0, 0, 0
55300, 20480, 0, 0, 0
55400, 20480, 0, 0, 0
55500, 30720, 0, 0, 0
55500, 10240, 1, 0, 0
55600, 20480, 0, 0, 0
55600, 30720, 1, 0, 0
55700, 20480, 0, 0, 0
55800, 20480, 0, 0, 0
55900, 20480, 0, 0, 0
55900, 10240, 1, 0, 0
56000, 20480, 0, 0, 0
56000, 10240, 1, 0, 0
56100, 20480, 0, 0, 0
56100, 10240, 1, 0, 0
56200, 20480, 0, 0, 0
56300, 30720, 0, 0, 0
56300, 20480, 1, 0, 0
56400, 30720, 0, 0, 0
56500, 30720, 0, 0, 0
56500, 30720, 1, 0, 0
56600, 40960, 0, 0, 0
56600, 20480, 1, 0, 0
56700, 30720, 0, 0, 0
56800, 71680, 0, 0, 0
56800, 51200, 1, 0, 0
56900, 112640, 0, 0, 0
56900, 71680, 1, 0, 0
57000, 71680, 0, 0, 0
57000, 40960, 1, 0, 0
57100, 112640, 0, 0, 0
57100, 10240, 1, 0, 0
57200, 61440, 0, 0, 0
57200, 10240, 1, 0, 0
57300, 122880, 0, 0, 0
57300, 10240, 1, 0, 0
57400, 81920, 0, 0, 0
57400, 30720, 1, 0, 0
57500, 51200, 0, 0, 0
57500, 30720, 1, 0, 0
57600, 81920, 0, 0, 0
57600, 71680, 1, 0, 0
57700, 51200, 0, 0, 0
57700, 20480, 1, 0, 0
57800, 71680, 0, 0, 0
57800, 51200, 1, 0, 0
57900, 61440, 0, 0, 0
57900, 20480, 1, 0, 0
58001, 20480, 0, 0, 0
58001, 10240, 1, 0, 0
58100, 93090, 0, 0, 0
58100, 31030, 1, 0, 0
58200, 30720, 0, 0, 0
58300, 20480, 0, 0, 0
58400, 30720, 0, 0, 0
58500, 30720, 0, 0, 0
58500, 10240, 1, 0, 0
58600, 30720, 0, 0, 0
58700, 40960, 0, 0, 0
58700, 20480, 1, 0, 0
58800, 30720, 0, 0, 0
58900, 20480, 0, 0, 0
58900, 10240, 1, 0, 0
59000, 30720, 0, 0, 0
59100, 30720, 0, 0, 0
59100, 10240, 1, 0, 0
59200, 40960, 0, 0, 0
59300, 40960, 0, 0, 0
59400, 20480, 0, 0, 0
59500, 30720, 0, 0, 0
59600, 30720, 0, 0, 0
59700, 40960, 0, 0, 0
59800, 10240, 0, 0, 0
59800, 10240, 1, 0, 0
59900, 10240, 0, 0, 0
60001, 10240, 0, 0, 0
60100, 10343, 0, 0, 0
60200, 20480, 0, 0, 0
60200, 10240, 1, 0, 0
60300, 10240, 0, 0, 0
60400, 10240, 0, 0, 0
60400, 10240, 1, 0, 0
60500, 20480, 0, 0, 0
60600, 30720, 0, 0, 0
60600, 10240, 1, 0, 0
60700, 20480, 0, 0, 0
60700, 10240, 1, 0, 0
60800, 20480, 0, 0, 0
60800, 10240, 1, 0, 0
60900, 30720, 0, 0, 0
60900, 10240, 1, 0, 0
61000, 40960, 0, 0, 0
61100, 40960, 0, 0, 0
61100, 20480, 1, 0, 0
61200, 71680, 0, 0, 0
61200, 10240, 1, 0, 0
61300, 61440, 0, 0, 0
61300, 10240, 1, 0, 0
61400, 61440, 0, 0, 0
61400, 10240, 1, 0, 0
61500, 71680, 0, 0, 0
61600, 81920, 0, 0, 0
61600, 20480, 1, 0, 0
61700, 61440, 0, 0, 0
61700, 10240, 1, 0, 0
61800, 81920, 0, 0, 0
61900, 61440, 0, 0, 0
61900, 10240, 1, 0, 0
62000, 81920, 0, 0, 0
62000, 10240, 1, 0, 0
62101, 92160, 0, 0, 0
62101, 10240, 1, 0, 0
62200, 51717, 0, 0, 0
62200, 10343, 1, 0, 0
62300, 61440, 0, 0, 0
62300, 51200, 1, 0, 0
62400, 71680, 0, 0, 0
62400, 51200, 1, 0, 0
62500, 92160, 0, 0, 0
62500, 10240, 1, 0, 0
62600, 40960, 0, 0, 0
62600, 10240, 1, 0, 0
62700, 81920, 0, 0, 0
62700, 40960, 1, 0, 0
62800, 40960, 0, 0, 0
62800, 10240, 1, 0, 0
62900, 61440, 0, 0, 0
62900, 30720, 1, 0, 0
63000, 40960, 0, 0, 0
63000, 20480, 1, 0, 0
63100, 51200, 0, 0, 0
63200, 81920, 0, 0, 0
63200, 61440, 1, 0, 0
63300, 92160, 0, 0, 0
63300, 20480, 1, 0, 0
63400, 92160, 0, 0, 0
63400, 40960, 1, 0, 0
63500, 102400, 0, 0, 0
63500, 20480, 1, 0, 0
63600, 92160, 0, 0, 0
63600, 71680, 1, 0, 0
63700, 71680, 0, 0, 0
63700, 10240, 1, 0, 0
63800, 102400, 0, 0, 0
63800, 51200, 1, 0, 0
63900, 112640, 0, 0, 0
63900, 61440, 1, 0, 0
64000, 133120, 0, 0, 0
64000, 61440, 1, 0, 0
64100, 133120, 0, 0, 0
64100, 71680, 1, 0, 0
64200, 153600, 0, 0, 0
64200, 51200, 1, 0, 0
64300, 62060, 0, 0, 0
64300, 10343, 1, 0, 0
64400, 153600, 0, 0, 0
64400, 20480, 1, 0, 0
64500, 102400, 0, 0, 0
64500, 10240, 1, 0, 0
64600, 112640, 0, 0, 0
64600, 20480, 1, 0, 0
64700, 153600, 0, 0, 0
64700, 61440, 1, 0, 0
64800, 163840, 0, 0, 0
64800, 20480, 1, 0, 0
64900, 153600, 0, 0, 0
64900, 61440, 1, 0, 0
65000, 143360, 0, 0, 0
65100, 143360, 0, 0, 0
65100, 61440, 1, 0, 0
65200, 163840, 0, 0, 0
65200, 10240, 1, 0, 0
65300, 153600, 0, 0, 0
65300, 61440, 1, 0, 0
65400, 153600, 0, 0, 0
65400, 51200, 1, 0, 0
65500, 10240, 0, 0, 0
65600, 92160, 0, 0, 0
65600, 10240, 1, 0, 0
65700, 153600, 0, 0, 0
65800, 143360, 0, 0, 0
65800, 10240, 1, 0, 0
65900, 143360, 0, 0, 0
65900, 61440, 1, 0, 0
66000, 102400, 0, 0, 0
66000, 30720, 1, 0, 0
66100, 20480, 0, 0, 0
66100, 10240, 1, 0, 0
66200, 40960, 0, 0, 0
66300, 20686, 0, 0, 0
66300, 10343, 1, 0, 0
66400, 30720, 0, 0, 0
66400, 10240, 1, 0, 0
66500, 51200, 0, 0, 0
66500, 10240, 1, 0, 0
66600, 92160, 0, 0, 0
66600, 40960, 1, 0, 0
66700, 143360, 0, 0, 0
66800, 102400, 0, 0, 0
66800, 71680, 1, 0, 0
66900, 71680, 0, 0, 0
67000, 92160, 0, 0, 0
67000, 20480, 1, 0, 0
67900, 81920, 0, 0, 0
68000, 174080, 0, 0, 0
68000, 10240, 1, 0, 0
68100, 133120, 0, 0, 0
68100, 10240, 1, 0, 0
68200, 122880, 0, 0, 0
68200, 10240, 1, 0, 0
68300, 133120, 0, 0, 0
68300, 20480, 1, 0, 0
68400, 112640, 0, 0, 0
68400, 40960, 1, 0, 0
68501, 133120, 0, 0, 0
68501, 20480, 1, 0, 0
68600, 124121, 0, 0, 0
68600, 41373, 1, 0, 0
68700, 133120, 0, 0, 0
68700, 30720, 1, 0, 0
68800, 122880, 0, 0, 0
68800, 61440, 1, 0, 0
68900, 133120, 0, 0, 0
68900, 61440, 1, 0, 0
69000, 122880, 0, 0, 0
69000, 20480, 1, 0, 0
69100, 133120, 0, 0, 0
69100, 10240, 1, 0, 0
69200, 122880, 0, 0, 0
69200, 30720, 1, 0, 0
69300, 133120, 0, 0, 0
69300, 30720, 1, 0, 0
69400, 133120, 0, 0, 0
69400, 20480, 1, 0, 0
69500, 122880, 0, 0, 0
69500, 30720, 1, 0, 0
69600, 122880, 0, 0, 0
69600, 71680, 1, 0, 0
69700, 133120, 0, 0, 0
69700, 20480, 1, 0, 0
69800, 122880, 0, 0, 0
69800, 112640, 1, 0, 0
69900, 133120, 0, 0, 0
69900, 81920, 1, 0, 0
70000, 133120, 0, 0, 0
70000, 40960, 1, 0, 0
70100, 122880, 0, 0, 0
70100, 20480, 1, 0, 0
70200, 133120, 0, 0, 0
70200, 30720, 1, 0, 0
70300, 122880, 0, 0, 0
70300, 61440, 1, 0, 0
70400, 133120, 0, 0, 0
70501, 122880, 0, 0, 0
70501, 10240, 1, 0, 0
70600, 124121, 0, 0, 0
70600, 10343, 1, 0, 0
70700, 133120, 0, 0, 0
70700, 20480, 1, 0, 0
70800, 133120, 0, 0, 0
70900, 122880, 0, 0, 0
70900, 40960, 1, 0, 0
71000, 133120, 0, 0, 0
71000, 30720, 1, 0, 0
71100, 122880, 0, 0, 0
71100, 20480, 1, 0, 0
71200, 133120, 0, 0, 0
71200, 30720, 1, 0, 0
71300, 122880, 0, 0, 0
71300, 20480, 1, 0, 0
71400, 133120, 0, 0, 0
71400, 30720, 1, 0, 0
71500, 122880, 0, 0, 0
71500, 51200, 1, 0, 0
71600, 133120, 0, 0, 0
71600, 20480, 1, 0, 0
71700, 122880, 0, 0, 0
71700, 20480, 1, 0, 0
71800, 133120, 0, 0, 0
71800, 10240, 1, 0, 0
71900, 133120, 0, 0, 0
71900, 10240, 1, 0, 0
72000, 122880, 0, 0, 0
72000, 10240, 1, 0, 0
72100, 133120, 0, 0, 0
72100, 30720, 1, 0, 0
72200, 122880, 0, 0, 0
72200, 61440, 1, 0, 0
72300, 122880, 0, 0, 0
72300, 10240, 1, 0, 0
72400, 133120, 0, 0, 0
72400, 40960, 1, 0, 0
72500, 133120, 0, 0, 0
72500, 20480, 1, 0, 0
72600, 122880, 0, 0, 0
72600, 51200, 1, 0, 0
72701, 133120, 0, 0, 0
72701, 10240, 1, 0, 0
72800, 124121, 0, 0, 0
72800, 41373, 1, 0, 0
72900, 133120, 0, 0, 0
72900, 20480, 1, 0, 0
73000, 122880, 0, 0, 0
73000, 71680, 1, 0, 0
73100, 133120, 0, 0, 0
73100, 20480, 1, 0, 0
73200, 122880, 0, 0, 0
73200, 30720, 1, 0, 0
73300, 133120, 0, 0, 0
73300, 20480, 1, 0, 0
73400, 122880, 0, 0, 0
73400, 10240, 1, 0, 0
73500, 133120, 0, 0, 0
73500, 51200, 1, 0, 0
73600, 122880, 0, 0, 0
73600, 30720, 1, 0, 0
73700, 133120, 0, 0, 0
73700, 10240, 1, 0, 0
73800, 133120, 0, 0, 0
73800, 40960, 1, 0, 0
73900, 122880, 0, 0, 0
73900, 10240, 1, 0, 0
74000, 122880, 0, 0, 0
74000, 20480, 1, 0, 0
74100, 133120, 0, 0, 0
74100, 40960, 1, 0, 0
74200, 122880, 0, 0, 0
74200, 30720, 1, 0, 0
74300, 133120, 0, 0, 0
74300, 10240, 1, 0, 0
74400, 122880, 0, 0, 0
74400, 71680, 1, 0, 0
74500, 40960, 0, 0, 0
74500, 10240, 1, 0, 0
76100, 92160, 0, 0, 0
76100, 20480, 1, 0, 0
76200, 143360, 0, 0, 0
76200, 30720, 1, 0, 0
76300, 163840, 0, 0, 0
76300, 20480, 1, 0, 0
76400, 143360, 0, 0, 0
76400, 61440, 1, 0, 0
76500, 122880, 0, 0, 0
76500, 51200, 1, 0, 0
76600, 122880, 0, 0, 0
76600, 20480, 1, 0, 0
76700, 133120, 0, 0, 0
76700, 20480, 1, 0, 0
76800, 133120, 0, 0, 0
76800, 10240, 1, 0, 0
76900, 122880, 0, 0, 0
76900, 10240, 1, 0, 0
77000, 133120, 0, 0, 0
77000, 30720, 1, 0, 0
77100, 122880, 0, 0, 0
77100, 10240, 1, 0, 0
77200, 133120, 0, 0, 0
77200, 71680, 1, 0, 0
77300, 122880, 0, 0, 0
77300, 40960, 1, 0, 0
77401, 133120, 0, 0, 0
77401, 61440, 1, 0, 0
77500, 124121, 0, 0, 0
77500, 20686, 1, 0, 0
77600, 133120, 0, 0, 0
77600, 51200, 1, 0, 0
77700, 122880, 0, 0, 0
77700, 30720, 1, 0, 0
77800, 133120, 0, 0, 0
77800, 40960, 1, 0, 0
77900, 122880, 0, 0, 0
78000, 133120, 0, 0, 0
78000, 40960, 1, 0, 0
78100, 122880, 0, 0, 0
78100, 10240, 1, 0, 0
78200, 133120, 0, 0, 0
78200, 61440, 1, 0, 0
78300, 122880, 0, 0, 0
78300, 20480, 1, 0, 0
78400, 133120, 0, 0, 0
78400, 20480, 1, 0, 0
78500, 133120, 0, 0, 0
78500, 30720, 1, 0, 0
78600, 122880, 0, 0, 0
78600, 40960, 1, 0, 0
78700, 133120, 0, 0, 0
78700, 20480, 1, 0, 0
78800, 122880, 0, 0, 0
78800, 10240, 1, 0, 0
78900, 122880, 0, 0, 0
78900, 61440, 1, 0, 0
79000, 133120, 0, 0, 0
79000, 20480, 1, 0, 0
79100, 133120, 0, 0, 0
79100, 51200, 1, 0, 0
79200, 122880, 0, 0, 0
79300, 133120, 0, 0, 0
79300, 20480, 1, 0, 0
79400, 122880, 0, 0, 0
79400, 30720, 1, 0, 0
79500, 133120, 0, 0, 0
79500, 40960, 1, 0, 0
79600, 122880, 0, 0, 0
79600, 10240, 1, 0, 0
79700, 133120, 0, 0, 0
79700, 20480, 1, 0, 0
79800, 122880, 0, 0, 0
79800, 20480, 1, 0, 0
79900, 133120, 0, 0, 0
79900, 10240, 1, 0, 0
80001, 122880, 0, 0, 0
80001, 40960, 1, 0, 0
80100, 134464, 0, 0, 0
80100, 31030, 1, 0, 0
80200, 122880, 0, 0, 0
80200, 30720, 1, 0, 0
80300, 133120, 0, 0, 0
80300, 40960, 1, 0, 0
80400, 122880, 0, 0, 0
80500, 133120, 0, 0, 0
80500, 51200, 1, 0, 0
80600, 122880, 0, 0, 0
80600, 30720, 1, 0, 0
80700, 81920, 0, 0, 0
80700, 20480, 1, 0, 0
80800, 133120, 0, 0, 0
80800, 81920, 1, 0, 0
80900, 112640, 0, 0, 0
80900, 20480, 1, 0, 0
81000, 10240, 0, 0, 0
81100, 10240, 0, 0, 0
81200, 20480, 0, 0, 0
81200, 10240, 1, 0, 0
81300, 20480, 0, 0, 0
81400, 10240, 0, 0, 0
81400, 10240, 1, 0, 0
81500, 10240, 0, 0, 0
81600, 20480, 0, 0, 0
81700, 20480, 0, 0, 0
81800, 10240, 0, 0, 0
81900, 20480, 0, 0, 0
82000, 20480, 0, 0, 0
82100, 40960, 0, 0, 0
82100, 40960, 1, 0, 0
82200, 102400, 0, 0, 0
82200, 30720, 1, 0, 0
82300, 143360, 0, 0, 0
82300, 10240, 1, 0, 0
82400, 143360, 0, 0, 0
82400, 61440, 1, 0, 0
82501, 71680, 0, 0, 0
82501, 30720, 1, 0, 0
82600, 134464, 0, 0, 0
82600, 51717, 1, 0, 0
82700, 122880, 0, 0, 0
82800, 112640, 0, 0, 0
82800, 10240, 1, 0, 0
82900, 102400, 0, 0, 0
82900, 61440, 1, 0, 0
83000, 153600, 0, 0, 0
83000, 40960, 1, 0, 0
83100, 143360, 0, 0, 0
83100, 112640, 1, 0, 0
83200, 153600, 0, 0, 0
83200, 51200, 1, 0, 0
83300, 163840, 0, 0, 0
83300, 10240, 1, 0, 0
83400, 153600, 0, 0, 0
83400, 61440, 1, 0, 0
83500, 153600, 0, 0, 0
83500, 61440, 1, 0, 0
83600, 20480, 0, 0, 0
84400, 61440, 0, 0, 0
84400, 20480, 1, 0, 0
84500, 174080, 0, 0, 0
84500, 51200, 1, 0, 0
84600, 92160, 0, 0, 0
84700, 102400, 0, 0, 0
84700, 20480, 1, 0, 0
84800, 122880, 0, 0, 0
84800, 10240, 1, 0, 0
84900, 133120, 0, 0, 0
84900, 20480, 1, 0, 0
85001, 122880, 0, 0, 0
85001, 20480, 1, 0, 0
85100, 124121, 0, 0, 0
85200, 133120, 0, 0, 0
85200, 20480, 1, 0, 0
85300, 122880, 0, 0, 0
85300, 20480, 1, 0, 0
85400, 122880, 0, 0, 0
85400, 40960, 1, 0, 0
85500, 133120, 0, 0, 0
85500, 10240, 1, 0, 0
85600, 122880, 0, 0, 0
85600, 10240, 1, 0, 0
85700, 133120, 0, 0, 0
85800, 122880, 0, 0, 0
85800, 51200, 1, 0, 0
85900, 133120, 0, 0, 0
86000, 122880, 0, 0, 0
86000, 10240, 1, 0, 0
86100, 133120, 0, 0, 0
86100, 10240, 1, 0, 0
86200, 122880, 0, 0, 0
86200, 10240, 1, 0, 0
86300, 133120, 0, 0, 0
86300, 20480, 1, 0, 0
86400, 133120, 0, 0, 0
86400, 30720, 1, 0, 0
86500, 122880, 0, 0, 0
86500, 20480, 1, 0, 0
86600, 122880, 0, 0, 0
86600, 40960, 1, 0, 0
86700, 133120, 0, 0, 0
86700, 51200, 1, 0, 0
86800, 133120, 0, 0, 0
86800, 20480, 1, 0, 0
86900, 122880, 0, 0, 0
86900, 20480, 1, 0, 0
87000, 133120, 0, 0, 0
87000, 30720, 1, 0, 0
87100, 122880, 0, 0, 0
87200, 133120, 0, 0, 0
87200, 20480, 1, 0, 0
87300, 122880, 0, 0, 0
87300, 20480, 1, 0, 0
87400, 133120, 0, 0, 0
87400, 40960, 1, 0, 0
87500, 122880, 0, 0, 0
87500, 20480, 1, 0, 0
87600, 133120, 0, 0, 0
87600, 40960, 1, 0, 0
87700, 122880, 0, 0, 0
87700, 51200, 1, 0, 0
87800, 133120, 0, 0, 0
87800, 20480, 1, 0, 0
87900, 122880, 0, 0, 0
87900, 40960, 1, 0, 0
88000, 133120, 0, 0, 0
88000, 30720, 1, 0, 0
88100, 122880, 0, 0, 0
88100, 20480, 1, 0, 0
88200, 133120, 0, 0, 0
88200, 40960, 1, 0, 0
88300, 122880, 0, 0, 0
88300, 40960, 1, 0, 0
88400, 133120, 0, 0, 0
88500, 122880, 0, 0, 0
88500, 20480, 1, 0, 0
88600, 133120, 0, 0, 0
88600, 10240, 1, 0, 0
88700, 122880, 0, 0, 0
88700, 71680, 1, 0, 0
88800, 134464, 0, 0, 0
88800, 20686, 1, 0, 0
88900, 122880, 0, 0, 0
89000, 133120, 0, 0, 0
89000, 40960, 1, 0, 0
89100, 122880, 0, 0, 0
89200, 133120, 0, 0, 0
89200, 61440, 1, 0, 0
89300, 122880, 0, 0, 0
89300, 20480, 1, 0, 0
89400, 133120, 0, 0, 0
89400, 61440, 1, 0, 0
89500, 122880, 0, 0, 0
89500, 40960, 1, 0, 0
89600, 133120, 0, 0, 0
89600, 30720, 1, 0, 0
89700, 133120, 0, 0, 0
89700, 40960, 1, 0, 0
89800, 122880, 0, 0, 0
89800, 51200, 1, 0, 0
89900, 133120, 0, 0, 0
89900, 10240, 1, 0, 0
90000, 122880, 0, 0, 0
90000, 20480, 1, 0, 0
90100, 122880, 0, 0, 0
90100, 40960, 1, 0, 0
90200, 133120, 0, 0, 0
90200, 10240, 1, 0, 0
90300, 133120, 0, 0, 0
90300, 20480, 1, 0, 0
90400, 122880, 0, 0, 0
90400, 40960, 1, 0, 0
90500, 133120, 0, 0, 0
90500, 40960, 1, 0, 0
90600, 122880, 0, 0, 0
90600, 40960, 1, 0, 0
90700, 133120, 0, 0, 0
90700, 30720, 1, 0, 0
90800, 122880, 0, 0, 0
90800, 30720, 1, 0, 0
90900, 133120, 0, 0, 0
90900, 30720, 1, 0, 0
91000, 122880, 0, 0, 0
91000, 20480, 1, 0, 0
91100, 133120, 0, 0, 0
91100, 10240, 1, 0, 0
91200, 20480, 0, 0, 0
91200, 71680, 1, 0, 0
92600, 92160, 0, 0, 0
92600, 20480, 1, 0, 0
92700, 174080, 0, 0, 0
92700, 30720, 1, 0, 0
92800, 133120, 0, 0, 0
92800, 20480, 1, 0, 0
92900, 122880, 0, 0, 0
92900, 51200, 1, 0, 0
93000, 133120, 0, 0, 0
93000, 51200, 1, 0, 0
93100, 122880, 0, 0, 0
93100, 10240, 1, 0, 0
93200, 133120, 0, 0, 0
93200, 10240, 1, 0, 0
93300, 122880, 0, 0, 0
93300, 10240, 1, 0, 0
93400, 133120, 0, 0, 0
93400, 10240, 1, 0, 0
93500, 122880, 0, 0, 0
93500, 40960, 1, 0, 0
93600, 133120, 0, 0, 0
93600, 40960, 1, 0, 0
93700, 133120, 0, 0, 0
93700, 71680, 1, 0, 0
93800, 122880, 0, 0, 0
93800, 20480, 1, 0, 0
93900, 122880, 0, 0, 0
93900, 61440, 1, 0, 0
94000, 133120, 0, 0, 0
94000, 40960, 1, 0, 0
94100, 133120, 0, 0, 0
94100, 30720, 1, 0, 0
94200, 122880, 0, 0, 0
94300, 122880, 0, 0, 0
94300, 10240, 1, 0, 0
94400, 133120, 0, 0, 0
94400, 10240, 1, 0, 0
94501, 133120, 0, 0, 0
94501, 112640, 1, 0, 0
94600, 124121, 0, 0, 0
94600, 20686, 1, 0, 0
94700, 133120, 0, 0, 0
94700, 40960, 1, 0, 0
94800, 122880, 0, 0, 0
94800, 10240, 1, 0, 0
94900, 122880, 0, 0, 0
94900, 20480, 1, 0, 0
95000, 133120, 0, 0, 0
95000, 40960, 1, 0, 0
95100, 122880, 0, 0, 0
95100, 30720, 1, 0, 0
95200, 133120, 0, 0, 0
95200, 30720, 1, 0, 0
95300, 122880, 0, 0, 0
95400, 133120, 0, 0, 0
95400, 71680, 1, 0, 0
95500, 133120, 0, 0, 0
95500, 40960, 1, 0, 0
95600, 122880, 0, 0, 0
95600, 40960, 1, 0, 0
95700, 133120, 0, 0, 0
95700, 10240, 1, 0, 0
95800, 122880, 0, 0, 0
95800, 20480, 1, 0, 0
95900, 133120, 0, 0, 0
95900, 30720, 1, 0, 0
96000, 122880, 0, 0, 0
96000, 30720, 1, 0, 0
96100, 133120, 0, 0, 0
96100, 61440, 1, 0, 0
96200, 122880, 0, 0, 0
96200, 40960, 1, 0, 0
96300, 133120, 0, 0, 0
96300, 40960, 1, 0, 0
96400, 122880, 0, 0, 0
96400, 40960, 1, 0, 0
96500, 133120, 0, 0, 0
96500, 20480, 1, 0, 0
96601, 122880, 0, 0, 0
96601, 30720, 1, 0, 0
96700, 134464, 0, 0, 0
96700, 10343, 1, 0, 0
96800, 122880, 0, 0, 0
96800, 10240, 1, 0, 0
96900, 133120, 0, 0, 0
96900, 30720, 1, 0, 0
97000, 122880, 0, 0, 0
97000, 30720, 1, 0, 0
97100, 133120, 0, 0, 0
97100, 51200, 1, 0, 0
97200, 122880, 0, 0, 0
97200, 20480, 1, 0, 0
97300, 133120, 0, 0, 0
97300, 30720, 1, 0, 0
97400, 112640, 0, 0, 0
97400, 61440, 1, 0, 0
97500, 92160, 0, 0, 0
97500, 20480, 1, 0, 0
97600, 122880, 0, 0, 0
97600, 40960, 1, 0, 0
97700, 133120, 0, 0, 0
97700, 10240, 1, 0, 0
97800, 153600, 0, 0, 0
97800, 40960, 1, 0, 0
97900, 143360, 0, 0, 0
97900, 30720, 1, 0, 0
98000, 143360, 0, 0, 0
98000, 40960, 1, 0, 0
98100, 122880, 0, 0, 0
98100, 40960, 1, 0, 0
98200, 133120, 0, 0, 0
98200, 30720, 1, 0, 0
98300, 122880, 0, 0, 0
98300, 20480, 1, 0, 0
98400, 133120, 0, 0, 0
98500, 112640, 0, 0, 0
98500, 40960, 1, 0, 0
98600, 133120, 0, 0, 0
98600, 40960, 1, 0, 0
98700, 122880, 0, 0, 0
98700, 40960, 1, 0, 0
98800, 134464, 0, 0, 0
98800, 31030, 1, 0, 0
98900, 122880, 0, 0, 0
98900, 20480, 1, 0, 0
99000, 133120, 0, 0, 0
99000, 51200, 1, 0, 0
99100, 61440, 0, 0, 0
99100, 10240, 1, 0, 0
100800, 133120, 0, 0, 0
100800, 20480, 1, 0, 0
100900, 153600, 0, 0, 0
100900, 40960, 1, 0, 0
101001, 133120, 0, 0, 0
101001, 61440, 1, 0, 0
101100, 134464, 0, 0, 0
101100, 10343, 1, 0, 0
101200, 122880, 0, 0, 0
101300, 133120, 0, 0, 0
101300, 20480, 1, 0, 0
101400, 122880, 0, 0, 0
101400, 20480, 1, 0, 0
101500, 133120, 0, 0, 0
101500, 30720, 1, 0, 0
101600, 122880, 0, 0, 0
101600, 61440, 1, 0, 0
101700, 133120, 0, 0, 0
101700, 61440, 1, 0, 0
101800, 122880, 0, 0, 0
101800, 40960, 1, 0, 0
101900, 133120, 0, 0, 0
101900, 61440, 1, 0, 0
102000, 122880, 0, 0, 0
102000, 30720, 1, 0, 0
102100, 133120, 0, 0, 0
102100, 30720, 1, 0, 0
102200, 122880, 0, 0, 0
102200, 40960, 1, 0, 0
102300, 133120, 0, 0, 0
102300, 30720, 1, 0, 0
102400, 133120, 0, 0, 0
102400, 40960, 1, 0, 0
102500, 122880, 0, 0, 0
102500, 61440, 1, 0, 0
102600, 133120, 0, 0, 0
102600, 30720, 1, 0, 0
102700, 122880, 0, 0, 0
102700, 10240, 1, 0, 0
102800, 133120, 0, 0, 0
102800, 61440, 1, 0, 0
102900, 122880, 0, 0, 0
102900, 20480, 1, 0, 0
103000, 133120, 0, 0, 0
103000, 30720, 1, 0, 0
103101, 122880, 0, 0, 0
103101, 61440, 1, 0, 0
103200, 134464, 0, 0, 0
103200, 31030, 1, 0, 0
103300, 122880, 0, 0, 0
103300, 10240, 1, 0, 0
103400, 133120, 0, 0, 0
103400, 61440, 1, 0, 0
103500, 122880, 0, 0, 0
103500, 40960, 1, 0, 0
103600, 133120, 0, 0, 0
103600, 10240, 1, 0, 0
103700, 122880, 0, 0, 0
103700, 51200, 1, 0, 0
103800, 133120, 0, 0, 0
103800, 40960, 1, 0, 0
103900, 122880, 0, 0, 0
103900, 30720, 1, 0, 0
104000, 133120, 0, 0, 0
104000, 10240, 1, 0, 0
104100, 122880, 0, 0, 0
104100, 40960, 1, 0, 0
104200, 133120, 0, 0, 0
104200, 30720, 1, 0, 0
104300, 133120, 0, 0, 0
104300, 51200, 1, 0, 0
104400, 122880, 0, 0, 0
104500, 122880, 0, 0, 0
104500, 20480, 1, 0, 0
104600, 133120, 0, 0, 0
104600, 51200, 1, 0, 0
104700, 133120, 0, 0, 0
104700, 51200, 1, 0, 0
104800, 122880, 0, 0, 0
104800, 51200, 1, 0, 0
104900, 122880, 0, 0, 0
104900, 40960, 1, 0, 0
105000, 122880, 0, 0, 0
105000, 10240, 1, 0, 0
105100, 133120, 0, 0, 0
105200, 122880, 0, 0, 0
105200, 30720, 1, 0, 0
105300, 122880, 0, 0, 0
105300, 40960, 1, 0, 0
105400, 133120, 0, 0, 0
105400, 10240, 1, 0, 0
105500, 133120, 0, 0, 0
105500, 30720, 1, 0, 0
105600, 122880, 0, 0, 0
105600, 40960, 1, 0, 0
105700, 133120, 0, 0, 0
105700, 40960, 1, 0, 0
105800, 122880, 0, 0, 0
105800, 30720, 1, 0, 0
105900, 133120, 0, 0, 0
105900, 40960, 1, 0, 0
106000, 122880, 0, 0, 0
106000, 30720, 1, 0, 0
106100, 133120, 0, 0, 0
106100, 51200, 1, 0, 0
106200, 122880, 0, 0, 0
106200, 20480, 1, 0, 0
106300, 134464, 0, 0, 0
106300, 31030, 1, 0, 0
106400, 122880, 0, 0, 0
106400, 10240, 1, 0, 0
106500, 133120, 0, 0, 0
106500, 51200, 1, 0, 0
106600, 122880, 0, 0, 0
106600, 61440, 1, 0, 0
106700, 133120, 0, 0, 0
106700, 20480, 1, 0, 0
106800, 122880, 0, 0, 0
106800, 40960, 1, 0, 0
106900, 133120, 0, 0, 0
106900, 10240, 1, 0, 0
107000, 122880, 0, 0, 0
107000, 20480, 1, 0, 0
107100, 133120, 0, 0, 0
107100, 10240, 1, 0, 0
107200, 81920, 0, 0, 0
107200, 30720, 1, 0, 0
109000, 143360, 0, 0, 0
109000, 61440, 1, 0, 0
109100, 163840, 0, 0, 0
109100, 10240, 1, 0, 0
109200, 133120, 0, 0, 0
109200, 40960, 1, 0, 0
109300, 133120, 0, 0, 0
109300, 10240, 1, 0, 0
109400, 133120, 0, 0, 0
109400, 61440, 1, 0, 0
109500, 122880, 0, 0, 0
109500, 10240, 1, 0, 0
109600, 133120, 0, 0, 0
109600, 10240, 1, 0, 0
109700, 122880, 0, 0, 0
109700, 61440, 1, 0, 0
109800, 133120, 0, 0, 0
109800, 30720, 1, 0, 0
109900, 122880, 0, 0, 0
109900, 61440, 1, 0, 0
110000, 133120, 0, 0, 0
110000, 30720, 1, 0, 0
110100, 122880, 0, 0, 0
110100, 10240, 1, 0, 0
110200, 133120, 0, 0, 0
110200, 40960, 1, 0, 0
110300, 133120, 0, 0, 0
110300, 61440, 1, 0, 0
110400, 122880, 0, 0, 0
110400, 30720, 1, 0, 0
110500, 133120, 0, 0, 0
110500, 20480, 1, 0, 0
110600, 122880, 0, 0, 0
110600, 51200, 1, 0, 0
110700, 133120, 0, 0, 0
110700, 71680, 1, 0, 0
110800, 122880, 0, 0, 0
110800, 10240, 1, 0, 0
110900, 133120, 0, 0, 0
110900, 20480, 1, 0, 0
111000, 122880, 0, 0, 0
111000, 40960, 1, 0, 0
111100, 133120, 0, 0, 0
111100, 10240, 1, 0, 0
111200, 122880, 0, 0, 0
111200, 30720, 1, 0, 0
111300, 122880, 0, 0, 0
111300, 40960, 1, 0, 0
111400, 133120, 0, 0, 0
111400, 10240, 1, 0, 0
111500, 133120, 0, 0, 0
111500, 40960, 1, 0, 0
111600, 122880, 0, 0, 0
111600, 20480, 1, 0, 0
111700, 133120, 0, 0, 0
111700, 10240, 1, 0, 0
111800, 124121, 0, 0, 0
111800, 31030, 1, 0, 0
111900, 133120, 0, 0, 0
111900, 30720, 1, 0, 0
112000, 122880, 0, 0, 0
112100, 133120, 0, 0, 0
112100, 102400, 1, 0, 0
112200, 122880, 0, 0, 0
112200, 30720, 1, 0, 0
112300, 133120, 0, 0, 0
112300, 20480, 1, 0, 0
112400, 122880, 0, 0, 0
112400, 20480, 1, 0, 0
112500, 133120, 0, 0, 0
112500, 51200, 1, 0, 0
112600, 122880, 0, 0, 0
112600, 10240, 1, 0, 0
112700, 133120, 0, 0, 0
112700, 61440, 1, 0, 0
112800, 122880, 0, 0, 0
112800, 40960, 1, 0, 0
112900, 133120, 0, 0, 0
112900, 30720, 1, 0, 0
113000, 133120, 0, 0, 0
113000, 30720, 1, 0, 0
113100, 122880, 0, 0, 0
113100, 51200, 1, 0, 0
113200, 122880, 0, 0, 0
113200, 102400, 1, 0, 0
113300, 133120, 0, 0, 0
113300, 30720, 1, 0, 0
113400, 122880, 0, 0, 0
113400, 30720, 1, 0, 0
113500, 133120, 0, 0, 0
113500, 10240, 1, 0, 0
113600, 122880, 0, 0, 0
113600, 71680, 1, 0, 0
113700, 133120, 0, 0, 0
113700, 30720, 1, 0, 0
113800, 133120, 0, 0, 0
113800, 20480, 1, 0, 0
113900, 122880, 0, 0, 0
114000, 133120, 0, 0, 0
114000, 30720, 1, 0, 0
114100, 122880, 0, 0, 0
114100, 10240, 1, 0, 0
114200, 133120, 0, 0, 0
114300, 122880, 0, 0, 0
114300, 30720, 1, 0, 0
114400, 133120, 0, 0, 0
114400, 20480, 1, 0, 0
114500, 122880, 0, 0, 0
114500, 10240, 1, 0, 0
114600, 133120, 0, 0, 0
114600, 51200, 1, 0, 0
114700, 122880, 0, 0, 0
114700, 61440, 1, 0, 0
114800, 133120, 0, 0, 0
114800, 10240, 1, 0, 0
114900, 102400, 0, 0, 0
114900, 20480, 1, 0, 0
115000, 30720, 0, 0, 0
115000, 10240, 1, 0, 0
115100, 10240, 0, 0, 0
115201, 30720, 0, 0, 0
115201, 10240, 1, 0, 0
115300, 31030, 0, 0, 0
115400, 30720, 0, 0, 0
115500, 40960, 0, 0, 0
115500, 20480, 1, 0, 0
115600, 30720, 0, 0, 0
115700, 20480, 0, 0, 0
115800, 20480, 0, 0, 0
115900, 30720, 0, 0, 0
115900, 51200, 1, 0, 0
116000, 40960, 0, 0, 0
116100, 40960, 0, 0, 0
116200, 20480, 0, 0, 0
116200, 10240, 1, 0, 0
116300, 30720, 0, 0, 0
116300, 20480, 1, 0, 0
116400, 30720, 0, 0, 0
116500, 30720, 0, 0, 0
116500, 10240, 1, 0, 0
116600, 20480, 0, 0, 0
116700, 40960, 0, 0, 0
116700, 10240, 1, 0, 0
116800, 40960, 0, 0, 0
116900, 51200, 0, 0, 0
116900, 10240, 1, 0, 0
117000, 10240, 0, 0, 0
117200, 143360, 0, 0, 0
117200, 10240, 1, 0, 0
117300, 143360, 0, 0, 0
117300, 51200, 1, 0, 0
117400, 143360, 0, 0, 0
117400, 30720, 1, 0, 0
117500, 163840, 0, 0, 0
117500, 40960, 1, 0, 0
117600, 122880, 0, 0, 0
117600, 20480, 1, 0, 0
117700, 133120, 0, 0, 0
117700, 71680, 1, 0, 0
117800, 122880, 0, 0, 0
117800, 61440, 1, 0, 0
117900, 133120, 0, 0, 0
117900, 10240, 1, 0, 0
118000, 133120, 0, 0, 0
118000, 30720, 1, 0, 0
118100, 122880, 0, 0, 0
118100, 40960, 1, 0, 0
118200, 133120, 0, 0, 0
118200, 20480, 1, 0, 0
118300, 124121, 0, 0, 0
118300, 82747, 1, 0, 0
118400, 122880, 0, 0, 0
118400, 30720, 1, 0, 0
118500, 133120, 0, 0, 0
118500, 40960, 1, 0, 0
118600, 133120, 0, 0, 0
118600, 20480, 1, 0, 0
118700, 122880, 0, 0, 0
118700, 30720, 1, 0, 0
118800, 122880, 0, 0, 0
118800, 10240, 1, 0, 0
118900, 133120, 0, 0, 0
118900, 10240, 1, 0, 0
119000, 133120, 0, 0, 0
119000, 30720, 1, 0, 0
119100, 122880, 0, 0, 0
119100, 10240, 1, 0, 0
119200, 133120, 0, 0, 0
119200, 30720, 1, 0, 0
119300, 122880, 0, 0, 0
119400, 133120, 0, 0, 0
119400, 10240, 1, 0, 0
119500, 122880, 0, 0, 0
119500, 20480, 1, 0, 0
119600, 133120, 0, 0, 0
119600, 133120, 1, 0, 0
119700, 122880, 0, 0, 0
119700, 30720, 1, 0, 0
119800, 133120, 0, 0, 0
119800, 20480, 1, 0, 0
119900, 122880, 0, 0, 0
119900, 20480, 1, 0, 0
120000, 133120, 0, 0, 0
120000, 20480, 1, 0, 0
120100, 122880, 0, 0, 0
120100, 40960, 1, 0, 0
120200, 133120, 0, 0, 0
120200, 61440, 1, 0, 0
120300, 122880, 0, 0, 0
120300, 30720, 1, 0, 0
120400, 133120, 0, 0, 0
120400, 10240, 1, 0, 0
120500, 122880, 0, 0, 0
120500, 10240, 1, 0, 0
120600, 133120, 0, 0, 0
120600, 30720, 1, 0, 0
120700, 133120, 0, 0, 0
120700, 51200, 1, 0, 0
120800, 122880, 0, 0, 0
120800, 40960, 1, 0, 0
120900, 133120, 0, 0, 0
120900, 10240, 1, 0, 0
121000, 122880, 0, 0, 0
121000, 30720, 1, 0, 0
121100, 133120, 0, 0, 0
121100, 40960, 1, 0, 0
121200, 122880, 0, 0, 0
121200, 30720, 1, 0, 0
121300, 133120, 0, 0, 0
121300, 40960, 1, 0, 0
121400, 122880, 0, 0, 0
121400, 40960, 1, 0, 0
121500, 133120, 0, 0, 0
121500, 10240, 1, 0, 0
121600, 122880, 0, 0, 0
121600, 30720, 1, 0, 0
121700, 133120, 0, 0, 0
121700, 10240, 1, 0, 0
121800, 122880, 0, 0, 0
121800, 40960, 1, 0, 0
121900, 133120, 0, 0, 0
121900, 30720, 1, 0, 0
122000, 122880, 0, 0, 0
122000, 40960, 1, 0, 0
122100, 133120, 0, 0, 0
122200, 122880, 0, 0, 0
122200, 10240, 1, 0, 0
122300, 134464, 0, 0, 0
122300, 10343, 1, 0, 0
122400, 122880, 0, 0, 0
122400, 30720, 1, 0, 0
122500, 133120, 0, 0, 0
122500, 51200, 1, 0, 0
122600, 122880, 0, 0, 0
122600, 40960, 1, 0, 0
122700, 133120, 0, 0, 0
122700, 51200, 1, 0, 0
122800, 122880, 0, 0, 0
122800, 30720, 1, 0, 0
122900, 133120, 0, 0, 0
122900, 30720, 1, 0, 0
123000, 133120, 0, 0, 0
123000, 61440, 1, 0, 0
123100, 122880, 0, 0, 0
123100, 20480, 1, 0, 0
123200, 133120, 0, 0, 0
123200, 10240, 1, 0, 0
123300, 122880, 0, 0, 0
123300, 30720, 1, 0, 0
123400, 122880, 0, 0, 0
123400, 30720, 1, 0, 0
123500, 133120, 0, 0, 0
123500, 40960, 1, 0, 0
123600, 122880, 0, 0, 0
123600, 30720, 1, 0, 0
123700, 20480, 0, 0, 0
125300, 51200, 0, 0, 0
125400, 184320, 0, 0, 0
125400, 40960, 1, 0, 0
125500, 143360, 0, 0, 0
125500, 51200, 1, 0, 0
125600, 122880, 0, 0, 0
125600, 30720, 1, 0, 0
125700, 133120, 0, 0, 0
125700, 40960, 1, 0, 0
125800, 122880, 0, 0, 0
125800, 20480, 1, 0, 0
125901, 133120, 0, 0, 0
125901, 51200, 1, 0, 0
126000, 124121, 0, 0, 0
126000, 31030, 1, 0, 0
126100, 122880, 0, 0, 0
126100, 20480, 1, 0, 0
126200, 133120, 0, 0, 0
126200, 61440, 1, 0, 0
126300, 133120, 0, 0, 0
126300, 40960, 1, 0, 0
126400, 122880, 0, 0, 0
126400, 10240, 1, 0, 0
126500, 133120, 0, 0, 0
126500, 30720, 1, 0, 0
126600, 122880, 0, 0, 0
126600, 40960, 1, 0, 0
126700, 133120, 0, 0, 0
126700, 40960, 1, 0, 0
126800, 122880, 0, 0, 0
126800, 30720, 1, 0, 0
126900, 133120, 0, 0, 0
126900, 30720, 1, 0, 0
127000, 122880, 0, 0, 0
127000, 40960, 1, 0, 0
127100, 133120, 0, 0, 0
127100, 30720, 1, 0, 0
127200, 122880, 0, 0, 0
127200, 20480, 1, 0, 0
127300, 133120, 0, 0, 0
127300, 71680, 1, 0, 0
127400, 122880, 0, 0, 0
127400, 40960, 1, 0, 0
127500, 133120, 0, 0, 0
127500, 40960, 1, 0, 0
127600, 122880, 0, 0, 0
127600, 30720, 1, 0, 0
127700, 133120, 0, 0, 0
127700, 51200, 1, 0, 0
127800, 122880, 0, 0, 0
127800, 51200, 1, 0, 0
127900, 133120, 0, 0, 0
127900, 10240, 1, 0, 0
128000, 122880, 0, 0, 0
128000, 30720, 1, 0, 0
128100, 133120, 0, 0, 0
128100, 20480, 1, 0, 0
128200, 122880, 0, 0, 0
128200, 10240, 1, 0, 0
128300, 133120, 0, 0, 0
128300, 10240, 1, 0, 0
128401, 122880, 0, 0, 0
128401, 40960, 1, 0, 0
128500, 124121, 0, 0, 0
128500, 72404, 1, 0, 0
128600, 122880, 0, 0, 0
128600, 51200, 1, 0, 0
128700, 133120, 0, 0, 0
128700, 10240, 1, 0, 0
128800, 133120, 0, 0, 0
128800, 10240, 1, 0, 0
128900, 122880, 0, 0, 0
128900, 10240, 1, 0, 0
129000, 122880, 0, 0, 0
129000, 81920, 1, 0, 0
129100, 133120, 0, 0, 0
129100, 40960, 1, 0, 0
129200, 133120, 0, 0, 0
129200, 20480, 1, 0, 0
129300, 122880, 0, 0, 0
129300, 30720, 1, 0, 0
129400, 122880, 0, 0, 0
129400, 40960, 1, 0, 0
129500, 133120, 0, 0, 0
129500, 71680, 1, 0, 0
129600, 133120, 0, 0, 0
129600, 30720, 1, 0, 0
129700, 122880, 0, 0, 0
129700, 51200, 1, 0, 0
129800, 133120, 0, 0, 0
129800, 40960, 1, 0, 0
129900, 122880, 0, 0, 0
129900, 20480, 1, 0, 0
130000, 133120, 0, 0, 0
130000, 51200, 1, 0, 0
130100, 122880, 0, 0, 0
130100, 20480, 1, 0, 0
130200, 133120, 0, 0, 0
130200, 40960, 1, 0, 0
130300, 122880, 0, 0, 0
130300, 40960, 1, 0, 0
130400, 133120, 0, 0, 0
130400, 20480, 1, 0, 0
130500, 122880, 0, 0, 0
130500, 30720, 1, 0, 0
130600, 133120, 0, 0, 0
130600, 30720, 1, 0, 0
130700, 122880, 0, 0, 0
130700, 20480, 1, 0, 0
130800, 133120, 0, 0, 0
130800, 20480, 1, 0, 0
130900, 133120, 0, 0, 0
131000, 122880, 0, 0, 0
131000, 51200, 1, 0, 0
131100, 133120, 0, 0, 0
131100, 30720, 1, 0, 0
131200, 122880, 0, 0, 0
131200, 20480, 1, 0, 0
131300, 122880, 0, 0, 0
131300, 51200, 1, 0, 0
131400, 133120, 0, 0, 0
131400, 20480, 1, 0, 0
131500, 133120, 0, 0, 0
131500, 30720, 1, 0, 0
131600, 122880, 0, 0, 0
131600, 30720, 1, 0, 0
131700, 102400, 0, 0, 0
131700, 30720, 1, 0, 0
133500, 92160, 0, 0, 0
133500, 20480, 1, 0, 0
133600, 143360, 0, 0, 0
133700, 163840, 0, 0, 0
133700, 10240, 1, 0, 0
133800, 112640, 0, 0, 0
133800, 20480, 1, 0, 0
133900, 122880, 0, 0, 0
133900, 20480, 1, 0, 0
134000, 133120, 0, 0, 0
134000, 61440, 1, 0, 0
134100, 133120, 0, 0, 0
134100, 40960, 1, 0, 0
134200, 133120, 0, 0, 0
134200, 51200, 1, 0, 0
134300, 122880, 0, 0, 0
134300, 20480, 1, 0, 0
134400, 133120, 0, 0, 0
134400, 30720, 1, 0, 0
134500, 122880, 0, 0, 0
134500, 71680, 1, 0, 0
134600, 122880, 0, 0, 0
134600, 102400, 1, 0, 0
134700, 133120, 0, 0, 0
134700, 20480, 1, 0, 0
134800, 133120, 0, 0, 0
134800, 61440, 1, 0, 0
134900, 122880, 0, 0, 0
134900, 40960, 1, 0, 0
135000, 133120, 0, 0, 0
135100, 122880, 0, 0, 0
135100, 10240, 1, 0, 0
135200, 133120, 0, 0, 0
135200, 30720, 1, 0, 0
135300, 122880, 0, 0, 0
135300, 20480, 1, 0, 0
135400, 133120, 0, 0, 0
135400, 30720, 1, 0, 0
135500, 122880, 0, 0, 0
135500, 10240, 1, 0, 0
135600, 133120, 0, 0, 0
135600, 51200, 1, 0, 0
135700, 122880, 0, 0, 0
135700, 30720, 1, 0, 0
135800, 133120, 0, 0, 0
135800, 40960, 1, 0, 0
135900, 122880, 0, 0, 0
135900, 40960, 1, 0, 0
136001, 133120, 0, 0, 0
136001, 10240, 1, 0, 0
136100, 124121, 0, 0, 0
136100, 51717, 1, 0, 0
136200, 133120, 0, 0, 0
136200, 20480, 1, 0, 0
136300, 122880, 0, 0, 0
136300, 10240, 1, 0, 0
136400, 133120, 0, 0, 0
136400, 10240, 1, 0, 0
136500, 122880, 0, 0, 0
136500, 20480, 1, 0, 0
136600, 133120, 0, 0, 0
136600, 30720, 1, 0, 0
136700, 122880, 0, 0, 0
136800, 133120, 0, 0, 0
136800, 51200, 1, 0, 0
136900, 133120, 0, 0, 0
136900, 30720, 1, 0, 0
137000, 122880, 0, 0, 0
137000, 51200, 1, 0, 0
137100, 133120, 0, 0, 0
137100, 10240, 1, 0, 0
137200, 122880, 0, 0, 0
137200, 30720, 1, 0, 0
137300, 133120, 0, 0, 0
137300, 51200, 1, 0, 0
137400, 122880, 0, 0, 0
137400, 51200, 1, 0, 0
137500, 133120, 0, 0, 0
137500, 20480, 1, 0, 0
137600, 122880, 0, 0, 0
137600, 10240, 1, 0, 0
137700, 122880, 0, 0, 0
137700, 30720, 1, 0, 0
137800, 133120, 0, 0, 0
137800, 30720, 1, 0, 0
137900, 133120, 0, 0, 0
137900, 10240, 1, 0, 0
138000, 122880, 0, 0, 0
138000, 10240, 1, 0, 0
138100, 133120, 0, 0, 0
138100, 40960, 1, 0, 0
138200, 122880, 0, 0, 0
138200, 51200, 1, 0, 0
138300, 133120, 0, 0, 0
138300, 30720, 1, 0, 0
138400, 122880, 0, 0, 0
138400, 40960, 1, 0, 0
138500, 133120, 0, 0, 0
138600, 122880, 0, 0, 0
138600, 20480, 1, 0, 0
138700, 133120, 0, 0, 0
138700, 10240, 1, 0, 0
138800, 122880, 0, 0, 0
138800, 20480, 1, 0, 0
138900, 133120, 0, 0, 0
138900, 10240, 1, 0, 0
139000, 122880, 0, 0, 0
139100, 133120, 0, 0, 0
139100, 30720, 1, 0, 0
139200, 122880, 0, 0, 0
139200, 20480, 1, 0, 0
139300, 133120, 0, 0, 0
139300, 61440, 1, 0, 0
139400, 122880, 0, 0, 0
139400, 30720, 1, 0, 0
139500, 133120, 0, 0, 0
139500, 10240, 1, 0, 0
139600, 122880, 0, 0, 0
139600, 71680, 1, 0, 0
139701, 133120, 0, 0, 0
139701, 51200, 1, 0, 0
139800, 134464, 0, 0, 0
139800, 41373, 1, 0, 0
139900, 122880, 0, 0, 0
139900, 81920, 1, 0, 0
140000, 122880, 0, 0, 0
140000, 20480, 1, 0, 0
142500, 30720, 0, 0, 0
142600, 174080, 0, 0, 0
142600, 51200, 1, 0, 0
142700, 174080, 0, 0, 0
142700, 10240, 1, 0, 0
142800, 163840, 0, 0, 0
142800, 20480, 1, 0, 0
142900, 163840, 0, 0, 0
142900, 51200, 1, 0, 0
143000, 163840, 0, 0, 0
143000, 40960, 1, 0, 0
143100, 143360, 0, 0, 0
143100, 30720, 1, 0, 0
143200, 174080, 0, 0, 0
143200, 10240, 1, 0, 0
143300, 144808, 0, 0, 0
143300, 10343, 1, 0, 0
143400, 174080, 0, 0, 0
143400, 20480, 1, 0, 0
143500, 163840, 0, 0, 0
143500, 20480, 1, 0, 0
143600, 163840, 0, 0, 0
143600, 10240, 1, 0, 0
143700, 163840, 0, 0, 0
143700, 40960, 1, 0, 0
143800, 153600, 0, 0, 0
143800, 71680, 1, 0, 0
143900, 163840, 0, 0, 0
143900, 20480, 1, 0, 0
144000, 163840, 0, 0, 0
144000, 61440, 1, 0, 0
144100, 163840, 0, 0, 0
144100, 51200, 1, 0, 0
144200, 163840, 0, 0, 0
144200, 30720, 1, 0, 0
144300, 174080, 0, 0, 0
144300, 71680, 1, 0, 0
144400, 184320, 0, 0, 0
144400, 40960, 1, 0, 0
144500, 174080, 0, 0, 0
144500, 71680, 1, 0, 0
144600, 163840, 0, 0, 0
144600, 61440, 1, 0, 0
144700, 174080, 0, 0, 0
144700, 30720, 1, 0, 0
144800, 163840, 0, 0, 0
144800, 30720, 1, 0, 0
144900, 163840, 0, 0, 0
144900, 20480, 1, 0, 0
145000, 163840, 0, 0, 0
145000, 10240, 1, 0, 0
145100, 163840, 0, 0, 0
145100, 20480, 1, 0, 0
145200, 153600, 0, 0, 0
145200, 40960, 1, 0, 0
145300, 184320, 0, 0, 0
145300, 40960, 1, 0, 0
145400, 163840, 0, 0, 0
145400, 30720, 1, 0, 0
145500, 174080, 0, 0, 0
145500, 30720, 1, 0, 0
145600, 153600, 0, 0, 0
145600, 20480, 1, 0, 0
145700, 122880, 0, 0, 0
145700, 20480, 1, 0, 0
145800, 133120, 0, 0, 0
145800, 20480, 1, 0, 0
145900, 122880, 0, 0, 0
145900, 40960, 1, 0, 0
146000, 133120, 0, 0, 0
146100, 133120, 0, 0, 0
146100, 10240, 1, 0, 0
146200, 122880, 0, 0, 0
146200, 10240, 1, 0, 0
146300, 122880, 0, 0, 0
146300, 30720, 1, 0, 0
146400, 133120, 0, 0, 0
146400, 71680, 1, 0, 0
146501, 133120, 0, 0, 0
146501, 61440, 1, 0, 0
146600, 124121, 0, 0, 0
146600, 31030, 1, 0, 0
146700, 122880, 0, 0, 0
146700, 30720, 1, 0, 0
146800, 133120, 0, 0, 0
146800, 51200, 1, 0, 0
146900, 133120, 0, 0, 0
146900, 20480, 1, 0, 0
147000, 122880, 0, 0, 0
147100, 122880, 0, 0, 0
147100, 20480, 1, 0, 0
147200, 133120, 0, 0, 0
147200, 20480, 1, 0, 0
147300, 112640, 0, 0, 0
147400, 20480, 0, 0, 0
147400, 10240, 1, 0, 0
147500, 40960, 0, 0, 0
147600, 20480, 0, 0, 0
147700, 20480, 0, 0, 0
147800, 30720, 0, 0, 0
147800, 10240, 1, 0, 0
147900, 40960, 0, 0, 0
148000, 20480, 0, 0, 0
148100, 40960, 0, 0, 0
148200, 30720, 0, 0, 0
148200, 30720, 1, 0, 0
148300, 30720, 0, 0, 0
148300, 10240, 1, 0, 0
148400, 20480, 0, 0, 0
148500, 20480, 0, 0, 0
148600, 20480, 0, 0, 0
148700, 40960, 0, 0, 0
148700, 20480, 1, 0, 0
148800, 20480, 0, 0, 0
148900, 92160, 0, 0, 0
149001, 133120, 0, 0, 0
149001, 10240, 1, 0, 0
149100, 124121, 0, 0, 0
149100, 82747, 1, 0, 0
149200, 122880, 0, 0, 0
149200, 10240, 1, 0, 0
149300, 133120, 0, 0, 0
149300, 51200, 1, 0, 0
149400, 122880, 0, 0, 0
149400, 10240, 1, 0, 0
149500, 133120, 0, 0, 0
149500, 30720, 1, 0, 0
149600, 81920, 0, 0, 0
149600, 10240, 1, 0, 0
149900, 153600, 0, 0, 0
149900, 51200, 1, 0, 0
150000, 153600, 0, 0, 0
150000, 30720, 1, 0, 0
150100, 122880, 0, 0, 0
150200, 133120, 0, 0, 0
150200, 20480, 1, 0, 0
150300, 122880, 0, 0, 0
150300, 10240, 1, 0, 0
150400, 133120, 0, 0, 0
150400, 20480, 1, 0, 0
150500, 122880, 0, 0, 0
150500, 51200, 1, 0, 0
150600, 133120, 0, 0, 0
150600, 30720, 1, 0, 0
150700, 122880, 0, 0, 0
150700, 30720, 1, 0, 0
150800, 133120, 0, 0, 0
150800, 30720, 1, 0, 0
150900, 122880, 0, 0, 0
150900, 30720, 1, 0, 0
151001, 133120, 0, 0, 0
151001, 30720, 1, 0, 0
151100, 124121, 0, 0, 0
151100, 51717, 1, 0, 0
151200, 133120, 0, 0, 0
151200, 30720, 1, 0, 0
151300, 122880, 0, 0, 0
151300, 40960, 1, 0, 0
151400, 133120, 0, 0, 0
151400, 61440, 1, 0, 0
151500, 122880, 0, 0, 0
151500, 10240, 1, 0, 0
151600, 133120, 0, 0, 0
151600, 30720, 1, 0, 0
151700, 133120, 0, 0, 0
151700, 40960, 1, 0, 0
151800, 122880, 0, 0, 0
151800, 40960, 1, 0, 0
151900, 133120, 0, 0, 0
151900, 40960, 1, 0, 0
152000, 122880, 0, 0, 0
152000, 51200, 1, 0, 0
152100, 133120, 0, 0, 0
152100, 20480, 1, 0, 0
152200, 122880, 0, 0, 0
152200, 10240, 1, 0, 0
152300, 133120, 0, 0, 0
152300, 40960, 1, 0, 0
152400, 122880, 0, 0, 0
152400, 20480, 1, 0, 0
152500, 133120, 0, 0, 0
152500, 20480, 1, 0, 0
152600, 122880, 0, 0, 0
152600, 20480, 1, 0, 0
152700, 133120, 0, 0, 0
152700, 61440, 1, 0, 0
152800, 122880, 0, 0, 0
152800, 20480, 1, 0, 0
152900, 133120, 0, 0, 0
152900, 10240, 1, 0, 0
153000, 122880, 0, 0, 0
153000, 61440, 1, 0, 0
153100, 133120, 0, 0, 0
153100, 71680, 1, 0, 0
153200, 122880, 0, 0, 0
153200, 20480, 1, 0, 0
153300, 133120, 0, 0, 0
153300, 81920, 1, 0, 0
153400, 122880, 0, 0, 0
153400, 20480, 1, 0, 0
153501, 133120, 0, 0, 0
153600, 124121, 0, 0, 0
153600, 10343, 1, 0, 0
153700, 133120, 0, 0, 0
153700, 61440, 1, 0, 0
153800, 122880, 0, 0, 0
153800, 30720, 1, 0, 0
153900, 133120, 0, 0, 0
153900, 51200, 1, 0, 0
154000, 122880, 0, 0, 0
154000, 71680, 1, 0, 0
154100, 133120, 0, 0, 0
154100, 30720, 1, 0, 0
154200, 122880, 0, 0, 0
154200, 30720, 1, 0, 0
154300, 133120, 0, 0, 0
154300, 61440, 1, 0, 0
154400, 122880, 0, 0, 0
154400, 102400, 1, 0, 0
154500, 133120, 0, 0, 0
154500, 30720, 1, 0, 0
154600, 122880, 0, 0, 0
154600, 51200, 1, 0, 0
154700, 133120, 0, 0, 0
154700, 10240, 1, 0, 0
154800, 133120, 0, 0, 0
154800, 30720, 1, 0, 0
154900, 122880, 0, 0, 0
154900, 30720, 1, 0, 0
155000, 122880, 0, 0, 0
155000, 40960, 1, 0, 0
155100, 133120, 0, 0, 0
155100, 40960, 1, 0, 0
155200, 133120, 0, 0, 0
155200, 10240, 1, 0, 0
155300, 122880, 0, 0, 0
155300, 51200, 1, 0, 0
155400, 133120, 0, 0, 0
155400, 20480, 1, 0, 0
155500, 122880, 0, 0, 0
155500, 20480, 1, 0, 0
155600, 133120, 0, 0, 0
155600, 30720, 1, 0, 0
155700, 122880, 0, 0, 0
155700, 20480, 1, 0, 0
155800, 133120, 0, 0, 0
155900, 122880, 0, 0, 0
155900, 30720, 1, 0, 0
156000, 133120, 0, 0, 0
156000, 20480, 1, 0, 0
156100, 122880, 0, 0, 0
156100, 40960, 1, 0, 0
156200, 133120, 0, 0, 0
156200, 30720, 1, 0, 0
156301, 30720, 0, 0, 0
156301, 20480, 1, 0, 0
158000, 10240, 0, 0, 0
158100, 143360, 0, 0, 0
158100, 71680, 1, 0, 0
158200, 153600, 0, 0, 0
158200, 81920, 1, 0, 0
158300, 153600, 0, 0, 0
158300, 30720, 1, 0, 0
158400, 133120, 0, 0, 0
158400, 51200, 1, 0, 0
158500, 133120, 0, 0, 0
158500, 30720, 1, 0, 0
158600, 112640, 0, 0, 0
158600, 40960, 1, 0, 0
158701, 133120, 0, 0, 0
158701, 40960, 1, 0, 0
158800, 124121, 0, 0, 0
158800, 10343, 1, 0, 0
158900, 133120, 0, 0, 0
158900, 10240, 1, 0, 0
159000, 122880, 0, 0, 0
159000, 10240, 1, 0, 0
159100, 122880, 0, 0, 0
159100, 40960, 1, 0, 0
159200, 133120, 0, 0, 0
159200, 30720, 1, 0, 0
159300, 133120, 0, 0, 0
159300, 20480, 1, 0, 0
159400, 122880, 0, 0, 0
159400, 20480, 1, 0, 0
159500, 133120, 0, 0, 0
159500, 61440, 1, 0, 0
159600, 122880, 0, 0, 0
159600, 40960, 1, 0, 0
159700, 133120, 0, 0, 0
159700, 20480, 1, 0, 0
159800, 122880, 0, 0, 0
159800, 51200, 1, 0, 0
159900, 133120, 0, 0, 0
159900, 20480, 1, 0, 0
160000, 133120, 0, 0, 0
160000, 40960, 1, 0, 0
160100, 122880, 0, 0, 0
160100, 81920, 1, 0, 0
160200, 133120, 0, 0, 0
160200, 102400, 1, 0, 0
160300, 122880, 0, 0, 0
160400, 122880, 0, 0, 0
160400, 30720, 1, 0, 0
160501, 133120, 0, 0, 0
160501, 61440, 1, 0, 0
160600, 124121, 0, 0, 0
160700, 133120, 0, 0, 0
160700, 40960, 1, 0, 0
160800, 133120, 0, 0, 0
160800, 10240, 1, 0, 0
160900, 122880, 0, 0, 0
160900, 10240, 1, 0, 0
161000, 133120, 0, 0, 0
161000, 10240, 1, 0, 0
161100, 122880, 0, 0, 0
161100, 30720, 1, 0, 0
161200, 133120, 0, 0, 0
161200, 20480, 1, 0, 0
161300, 122880, 0, 0, 0
161300, 10240, 1, 0, 0
161400, 133120, 0, 0, 0
161400, 30720, 1, 0, 0
161500, 122880, 0, 0, 0
161500, 40960, 1, 0, 0
161600, 133120, 0, 0, 0
161600, 71680, 1, 0, 0
161700, 122880, 0, 0, 0
161700, 10240, 1, 0, 0
161800, 133120, 0, 0, 0
161800, 20480, 1, 0, 0
161900, 122880, 0, 0, 0
161900, 20480, 1, 0, 0
162000, 133120, 0, 0, 0
162000, 20480, 1, 0, 0
162100, 122880, 0, 0, 0
162100, 30720, 1, 0, 0
162200, 133120, 0, 0, 0
162200, 10240, 1, 0, 0
162300, 133120, 0, 0, 0
162400, 122880, 0, 0, 0
162500, 133120, 0, 0, 0
162500, 61440, 1, 0, 0
162600, 122880, 0, 0, 0
162600, 30720, 1, 0, 0
162701, 133120, 0, 0, 0
162701, 81920, 1, 0, 0
162800, 124121, 0, 0, 0
162800, 20686, 1, 0, 0
162900, 133120, 0, 0, 0
162900, 40960, 1, 0, 0
163000, 122880, 0, 0, 0
163000, 30720, 1, 0, 0
163100, 133120, 0, 0, 0
163100, 30720, 1, 0, 0
163200, 122880, 0, 0, 0
163200, 10240, 1, 0, 0
163300, 133120, 0, 0, 0
163300, 30720, 1, 0, 0
163400, 122880, 0, 0, 0
163400, 20480, 1, 0, 0
163500, 133120, 0, 0, 0
163500, 30720, 1, 0, 0
163600, 122880, 0, 0, 0
163600, 51200, 1, 0, 0
163700, 133120, 0, 0, 0
163700, 51200, 1, 0, 0
163800, 122880, 0, 0, 0
163900, 133120, 0, 0, 0
163900, 51200, 1, 0, 0
164000, 122880, 0, 0, 0
164000, 30720, 1, 0, 0
164100, 133120, 0, 0, 0
164100, 30720, 1, 0, 0
164200, 122880, 0, 0, 0
164200, 61440, 1, 0, 0
164300, 134464, 0, 0, 0
164300, 31030, 1, 0, 0
164400, 122880, 0, 0, 0
164400, 81920, 1, 0, 0
164500, 40960, 0, 0, 0
166200, 51200, 0, 0, 0
166200, 51200, 1, 0, 0
166300, 144808, 0, 0, 0
166300, 31030, 1, 0, 0
166400, 153600, 0, 0, 0
166400, 81920, 1, 0, 0
166500, 153600, 0, 0, 0
166500, 30720, 1, 0, 0
166600, 122880, 0, 0, 0
166600, 51200, 1, 0, 0
166700, 122880, 0, 0, 0
166700, 92160, 1, 0, 0
166800, 133120, 0, 0, 0
166800, 30720, 1, 0, 0
166900, 122880, 0, 0, 0
166900, 40960, 1, 0, 0
167000, 133120, 0, 0, 0
167000, 20480, 1, 0, 0
167100, 122880, 0, 0, 0
167100, 10240, 1, 0, 0
167200, 133120, 0, 0, 0
167200, 30720, 1, 0, 0
167300, 122880, 0, 0, 0
167300, 20480, 1, 0, 0
167400, 133120, 0, 0, 0
167400, 40960, 1, 0, 0
167500, 133120, 0, 0, 0
167500, 30720, 1, 0, 0
167600, 122880, 0, 0, 0
167600, 61440, 1, 0, 0
167700, 122880, 0, 0, 0
167700, 10240, 1, 0, 0
167800, 133120, 0, 0, 0
167800, 10240, 1, 0, 0
167900, 133120, 0, 0, 0
167900, 51200, 1, 0, 0
168000, 122880, 0, 0, 0
168000, 20480, 1, 0, 0
168100, 133120, 0, 0, 0
168100, 61440, 1, 0, 0
168201, 122880, 0, 0, 0
168201, 71680, 1, 0, 0
168300, 134464, 0, 0, 0
168300, 10343, 1, 0, 0
168400, 122880, 0, 0, 0
168400, 61440, 1, 0, 0
168500, 133120, 0, 0, 0
168500, 30720, 1, 0, 0
168600, 122880, 0, 0, 0
168600, 51200, 1, 0, 0
168700, 133120, 0, 0, 0
168700, 61440, 1, 0, 0
168800, 122880, 0, 0, 0
168800, 51200, 1, 0, 0
168900, 133120, 0, 0, 0
168900, 30720, 1, 0, 0
169000, 112640, 0, 0, 0
169000, 51200, 1, 0, 0
169100, 133120, 0, 0, 0
169100, 30720, 1, 0, 0
169200, 122880, 0, 0, 0
169200, 10240, 1, 0, 0
169300, 133120, 0, 0, 0
169300, 20480, 1, 0, 0
169400, 122880, 0, 0, 0
169400, 61440, 1, 0, 0
169500, 133120, 0, 0, 0
169500, 20480, 1, 0, 0
169600, 122880, 0, 0, 0
169600, 20480, 1, 0, 0
169700, 133120, 0, 0, 0
169700, 10240, 1, 0, 0
169800, 122880, 0, 0, 0
169800, 20480, 1, 0, 0
169900, 133120, 0, 0, 0
169900, 20480, 1, 0, 0
170000, 133120, 0, 0, 0
170000, 20480, 1, 0, 0
170100, 122880, 0, 0, 0
170100, 40960, 1, 0, 0
170200, 122880, 0, 0, 0
170200, 71680, 1, 0, 0
170300, 133120, 0, 0, 0
170300, 10240, 1, 0, 0
170400, 133120, 0, 0, 0
170400, 20480, 1, 0, 0
170500, 122880, 0, 0, 0
170500, 30720, 1, 0, 0
170600, 133120, 0, 0, 0
170600, 92160, 1, 0, 0
170700, 122880, 0, 0, 0
170700, 10240, 1, 0, 0
170800, 124121, 0, 0, 0
170800, 41373, 1, 0, 0
170900, 133120, 0, 0, 0
170900, 61440, 1, 0, 0
171000, 133120, 0, 0, 0
171000, 40960, 1, 0, 0
171100, 122880, 0, 0, 0
171100, 30720, 1, 0, 0
171200, 133120, 0, 0, 0
171200, 10240, 1, 0, 0
171300, 122880, 0, 0, 0
171300, 61440, 1, 0, 0
171400, 133120, 0, 0, 0
171400, 81920, 1, 0, 0
171500, 122880, 0, 0, 0
171500, 40960, 1, 0, 0
171600, 133120, 0, 0, 0
171600, 51200, 1, 0, 0
171700, 122880, 0, 0, 0
171800, 133120, 0, 0, 0
171800, 20480, 1, 0, 0
171900, 122880, 0, 0, 0
171900, 20480, 1, 0, 0
172000, 133120, 0, 0, 0
172000, 20480, 1, 0, 0
172100, 122880, 0, 0, 0
172100, 10240, 1, 0, 0
172200, 133120, 0, 0, 0
172200, 40960, 1, 0, 0
172300, 133120, 0, 0, 0
172300, 51200, 1, 0, 0
172400, 122880, 0, 0, 0
172400, 20480, 1, 0, 0
172500, 112640, 0, 0, 0
172500, 10240, 1, 0, 0
176700, 113777, 0, 0, 0
176700, 31030, 1, 0, 0
176800, 153600, 0, 0, 0
176800, 20480, 1, 0, 0
176900, 153600, 0, 0, 0
176900, 81920, 1, 0, 0
177000, 143360, 0, 0, 0
177000, 81920, 1, 0, 0
177100, 153600, 0, 0, 0
177100, 20480, 1, 0, 0
177200, 184320, 0, 0, 0
177200, 122880, 1, 0, 0
177300, 163840, 0, 0, 0
177300, 30720, 1, 0, 0
177400, 133120, 0, 0, 0
177400, 40960, 1, 0, 0
177500, 153600, 0, 0, 0
177500, 81920, 1, 0, 0
177600, 153600, 0, 0, 0
177600, 61440, 1, 0, 0
177700, 153600, 0, 0, 0
177700, 10240, 1, 0, 0
177800, 174080, 0, 0, 0
177800, 30720, 1, 0, 0
177900, 163840, 0, 0, 0
177900, 40960, 1, 0, 0
178000, 174080, 0, 0, 0
178000, 51200, 1, 0, 0
178100, 163840, 0, 0, 0
178100, 40960, 1, 0, 0
178200, 143360, 0, 0, 0
178200, 51200, 1, 0, 0
178300, 153600, 0, 0, 0
178300, 10240, 1, 0, 0
178400, 153600, 0, 0, 0
178400, 71680, 1, 0, 0
178500, 163840, 0, 0, 0
178500, 40960, 1, 0, 0
178600, 163840, 0, 0, 0
178600, 30720, 1, 0, 0
178700, 163840, 0, 0, 0
178700, 92160, 1, 0, 0
178800, 163840, 0, 0, 0
178800, 10240, 1, 0, 0
178900, 163840, 0, 0, 0
178900, 30720, 1, 0, 0
179000, 174080, 0, 0, 0
179000, 20480, 1, 0, 0
179100, 163840, 0, 0, 0
179100, 20480, 1, 0, 0
179200, 71680, 0, 0, 0
179300, 20686, 0, 0, 0
179400, 30720, 0, 0, 0
179400, 20480, 1, 0, 0
179500, 20480, 0, 0, 0
179600, 40960, 0, 0, 0
179600, 10240, 1, 0, 0
179700, 30720, 0, 0, 0
179700, 10240, 1, 0, 0
179800, 51200, 0, 0, 0
179900, 122880, 0, 0, 0
179900, 10240, 1, 0, 0
180000, 122880, 0, 0, 0
180000, 40960, 1, 0, 0
