101, 6686280, 0, 0, 0
120, 389499, 1, 0, 0
203, 5822520, 0, 0, 0
203, 377369, 1, 0, 0
300, 5963985, 0, 0, 0
301, 379065, 1, 0, 0
401, 6579165, 0, 0, 0
426, 371329, 1, 0, 0
501, 6094699, 0, 0, 0
522, 375261, 1, 0, 0
602, 8386321, 0, 0, 0
603, 377772, 1, 0, 0
700, 6377419, 0, 0, 0
701, 378511, 1, 0, 0
801, 6490090, 0, 0, 0
813, 368033, 1, 0, 0
906, 6064225, 0, 0, 0
945, 378707, 1, 0, 0
1001, 7885592, 0, 0, 0
1014, 391734, 1, 0, 0
1104, 7883488, 0, 0, 0
1200, 8026541, 0, 0, 0
1289, 377281, 1, 0, 0
1304, 7939897, 0, 0, 0
1353, 377143, 1, 0, 0
1400, 7965267, 0, 0, 0
1433, 378983, 1, 0, 0
1505, 7929058, 0, 0, 0
1513, 369903, 1, 0, 0
1600, 7799694, 0, 0, 0
1641, 370502, 1, 0, 0
1704, 7875076, 0, 0, 0
1704, 378423, 1, 0, 0
1800, 371530, 1, 0, 0
1806, 7712386, 0, 0, 0
1904, 7942648, 0, 0, 0
1911, 371271, 1, 0, 0
2000, 7809182, 0, 0, 0
2064, 372551, 1, 0, 0
2104, 7900550, 0, 0, 0
2104, 372526, 1, 0, 0
2208, 7740890, 0, 0, 0
2255, 370712, 1, 0, 0
2304, 7957765, 0, 0, 0
2385, 371507, 1, 0, 0
2401, 7976335, 0, 0, 0
2401, 367036, 1, 0, 0
2502, 7589283, 0, 0, 0
2606, 7985616, 0, 0, 0
2632, 368710, 1, 0, 0
2702, 7968264, 0, 0, 0
2726, 374728, 1, 0, 0
2806, 7818204, 0, 0, 0
2807, 375175, 1, 0, 0
2901, 7742162, 0, 0, 0
2943, 368711, 1, 0, 0
3007, 8042989, 0, 0, 0
3102, 7900100, 0, 0, 0
3181, 369932, 1, 0, 0
3205, 7884562, 0, 0, 0
3285, 387601, 1, 0, 0
3301, 7981861, 0, 0, 0
3326, 369633, 1, 0, 0
3406, 7929723, 0, 0, 0
3414, 374609, 1, 0, 0
3501, 7845712, 0, 0, 0
3502, 377538, 1, 0, 0
3605, 7677238, 0, 0, 0
3639, 370092, 1, 0, 0
3700, 7848361, 0, 0, 0
3700, 369897, 1, 0, 0
3804, 7743867, 0, 0, 0
3820, 372107, 1, 0, 0
3901, 8041323, 0, 0, 0
3909, 376530, 1, 0, 0
4004, 7844616, 0, 0, 0
4020, 384001, 1, 0, 0
4107, 7873109, 0, 0, 0
4147, 372838, 1, 0, 0
4203, 7792547, 0, 0, 0
4213, 370310, 1, 0, 0
4301, 8048703, 0, 0, 0
4308, 368760, 1, 0, 0
4404, 7824062, 0, 0, 0
4444, 374884, 1, 0, 0
4500, 7902438, 0, 0, 0
4509, 374990, 1, 0, 0
4602, 7633484, 0, 0, 0
4611, 367644, 1, 0, 0
4706, 7854219, 0, 0, 0
4803, 8070161, 0, 0, 0
4811, 374567, 1, 0, 0
4900, 377001, 1, 0, 0
4907, 7871565, 0, 0, 0
5002, 7707877, 0, 0, 0
5011, 372926, 1, 0, 0
5106, 7877962, 0, 0, 0
5107, 371713, 1, 0, 0
5203, 7914311, 0, 0, 0
5251, 369716, 1, 0, 0
5301, 8058429, 0, 0, 0
5308, 376254, 1, 0, 0
5402, 7725100, 0, 0, 0
5403, 377570, 1, 0, 0
5506, 7893793, 0, 0, 0
5506, 373742, 1, 0, 0
5603, 7983653, 0, 0, 0
5634, 379097, 1, 0, 0
5705, 7782815, 0, 0, 0
5705, 376597, 1, 0, 0
5801, 7906920, 0, 0, 0
5850, 369314, 1, 0, 0
5905, 7868134, 0, 0, 0
5914, 372216, 1, 0, 0
6001, 7832978, 0, 0, 0
6041, 380911, 1, 0, 0
6105, 7982592, 0, 0, 0
6154, 365817, 1, 0, 0
8035, 7895452, 0, 0, 0
8046, 370742, 1, 0, 0
8100, 376628, 1, 0, 0
8104, 5714679, 0, 0, 0
8202, 6879930, 0, 0, 0
8203, 375395, 1, 0, 0
8305, 7761336, 0, 0, 0
8409, 8008522, 0, 0, 0
8410, 371719, 1, 0, 0
8504, 7643124, 0, 0, 0
8545, 373173, 1, 0, 0
8600, 7936782, 0, 0, 0
8600, 388419, 1, 0, 0
8706, 8031627, 0, 0, 0
8768, 374230, 1, 0, 0
8800, 7732906, 0, 0, 0
8864, 373813, 1, 0, 0
8907, 8157640, 0, 0, 0
8922, 382848, 1, 0, 0
9009, 7813650, 0, 0, 0
9032, 374875, 1, 0, 0
9105, 7862567, 0, 0, 0
9144, 378940, 1, 0, 0
9208, 7857421, 0, 0, 0
9208, 385932, 1, 0, 0
9303, 7841614, 0, 0, 0
9303, 370443, 1, 0, 0
9406, 7849625, 0, 0, 0
9504, 8099240, 0, 0, 0
9561, 382637, 1, 0, 0
9607, 7884222, 0, 0, 0
9648, 376652, 1, 0, 0
9703, 7878992, 0, 0, 0
9752, 381892, 1, 0, 0
9801, 8110526, 0, 0, 0
9831, 372259, 1, 0, 0
9903, 7754687, 0, 0, 0
10007, 8009401, 0, 0, 0
10015, 376562, 1, 0, 0
10102, 7833987, 0, 0, 0
10151, 374434, 1, 0, 0
10200, 7936337, 0, 0, 0
10239, 373428, 1, 0, 0
10304, 7809289, 0, 0, 0
10328, 375921, 1, 0, 0
10406, 7763855, 0, 0, 0
10422, 373442, 1, 0, 0
10502, 7964567, 0, 0, 0
10510, 387773, 1, 0, 0
10606, 7865270, 0, 0, 0
10630, 369449, 1, 0, 0
10700, 7765997, 0, 0, 0
10791, 378927, 1, 0, 0
10806, 8068201, 0, 0, 0
10847, 374974, 1, 0, 0
10902, 7968654, 0, 0, 0
10902, 368409, 1, 0, 0
11007, 7853222, 0, 0, 0
11086, 373037, 1, 0, 0
11101, 7780584, 0, 0, 0
11109, 380995, 1, 0, 0
11205, 7939983, 0, 0, 0
11277, 372553, 1, 0, 0
11300, 7865463, 0, 0, 0
11350, 399659, 1, 0, 0
11405, 8058551, 0, 0, 0
11406, 371270, 1, 0, 0
11500, 7794848, 0, 0, 0
11580, 370489, 1, 0, 0
11603, 7879756, 0, 0, 0
11708, 8079182, 0, 0, 0
11772, 374322, 1, 0, 0
11803, 7773435, 0, 0, 0
11828, 377518, 1, 0, 0
11908, 7953005, 0, 0, 0
11924, 385259, 1, 0, 0
12004, 7771995, 0, 0, 0
12004, 372713, 1, 0, 0
12101, 8010281, 0, 0, 0
12139, 373949, 1, 0, 0
12205, 7929895, 0, 0, 0
12236, 381092, 1, 0, 0
12307, 7780798, 0, 0, 0
12371, 366587, 1, 0, 0
12403, 7900724, 0, 0, 0
12435, 370859, 1, 0, 0
12507, 7877116, 0, 0, 0
12532, 380546, 1, 0, 0
12603, 7822071, 0, 0, 0
12618, 370423, 1, 0, 0
12706, 7800285, 0, 0, 0
12714, 374086, 1, 0, 0
12801, 7788595, 0, 0, 0
12819, 370865, 1, 0, 0
12905, 7921955, 0, 0, 0
12930, 404987, 1, 0, 0
13001, 8008683, 0, 0, 0
13018, 369375, 1, 0, 0
13105, 7840933, 0, 0, 0
13129, 371882, 1, 0, 0
13203, 7838279, 0, 0, 0
13299, 369085, 1, 0, 0
13305, 7859696, 0, 0, 0
13321, 372528, 1, 0, 0
13401, 7837839, 0, 0, 0
13410, 376622, 1, 0, 0
13504, 7879848, 0, 0, 0
13536, 371418, 1, 0, 0
13601, 7933424, 0, 0, 0
13632, 382197, 1, 0, 0
13705, 7896308, 0, 0, 0
13713, 373918, 1, 0, 0
13800, 7754756, 0, 0, 0
13842, 382095, 1, 0, 0
13904, 7935586, 0, 0, 0
13944, 375787, 1, 0, 0
14001, 7937508, 0, 0, 0
14008, 375175, 1, 0, 0
14106, 7914019, 0, 0, 0
14200, 7876685, 0, 0, 0
14290, 376437, 1, 0, 0
14305, 7980125, 0, 0, 0
14322, 379331, 1, 0, 0
14400, 7726584, 0, 0, 0
14448, 369258, 1, 0, 0
14501, 9182061, 0, 0, 0
14553, 371000, 1, 0, 0
14610, 11985999, 0, 0, 0
16297, 12273795, 0, 0, 0
16304, 7516520, 0, 0, 0
16333, 382346, 1, 0, 0
16408, 10175523, 0, 0, 0
16472, 366264, 1, 0, 0
16525, 13005260, 0, 0, 0
16526, 366791, 1, 0, 0
16628, 16867176, 0, 0, 0
16667, 367279, 1, 0, 0
16704, 12415283, 0, 0, 0
16710, 374135, 1, 0, 0
16837, 14607149, 0, 0, 0
16837, 370801, 1, 0, 0
16905, 8439863, 0, 0, 0
16935, 366745, 1, 0, 0
17016, 15803958, 0, 0, 0
17023, 383169, 1, 0, 0
17103, 10867702, 0, 0, 0
17192, 368000, 1, 0, 0
17200, 12022797, 0, 0, 0
17320, 15057013, 0, 0, 0
17358, 370895, 1, 0, 0
17403, 11766355, 0, 0, 0
17417, 378369, 1, 0, 0
17521, 29397441, 0, 0, 0
17555, 366309, 1, 0, 0
17629, 15343274, 0, 0, 0
17702, 18332321, 0, 0, 0
17718, 392655, 1, 0, 0
17801, 9799018, 0, 0, 0
17853, 369339, 1, 0, 0
17940, 9858680, 0, 0, 0
18006, 33091908, 0, 0, 0
18047, 375828, 1, 0, 0
18104, 13819087, 0, 0, 0
18217, 16140284, 0, 0, 0
18225, 370790, 1, 0, 0
18307, 9772935, 0, 0, 0
18315, 367586, 1, 0, 0
18416, 8891784, 0, 0, 0
18521, 52448423, 0, 0, 0
18528, 368714, 1, 0, 0
18600, 7804271, 0, 0, 0
18619, 369578, 1, 0, 0
18704, 9316682, 0, 0, 0
18704, 370693, 1, 0, 0
18818, 7375653, 0, 0, 0
18851, 364207, 1, 0, 0
18907, 6366614, 0, 0, 0
18962, 365184, 1, 0, 0
19006, 8937762, 0, 0, 0
19101, 10498631, 0, 0, 0
19110, 372143, 1, 0, 0
19202, 8303409, 0, 0, 0
19202, 375129, 1, 0, 0
19303, 7555988, 0, 0, 0
19390, 370862, 1, 0, 0
19405, 14473774, 0, 0, 0
19405, 385833, 1, 0, 0
19500, 375715, 1, 0, 0
19506, 8357357, 0, 0, 0
19611, 7989409, 0, 0, 0
19701, 8247381, 0, 0, 0
19702, 368887, 1, 0, 0
19806, 51891281, 0, 0, 0
19894, 386778, 1, 0, 0
19901, 15673591, 0, 0, 0
19901, 380946, 1, 0, 0
20005, 14778747, 0, 0, 0
20013, 380394, 1, 0, 0
20109, 17272138, 0, 0, 0
20255, 48517683, 0, 0, 0
20309, 26936256, 0, 0, 0
20365, 375722, 1, 0, 0
20426, 23462767, 0, 0, 0
20475, 381190, 1, 0, 0
20537, 55042034, 0, 0, 0
20607, 17509548, 0, 0, 0
20621, 381075, 1, 0, 0
20716, 15297568, 0, 0, 0
20788, 371441, 1, 0, 0
20877, 80272100, 0, 0, 0
20961, 84201180, 0, 0, 0
21018, 56446390, 0, 0, 0
21113, 47834483, 0, 0, 0
21271, 78614446, 0, 0, 0
21340, 69613619, 0, 0, 0
21445, 52134231, 0, 0, 0
21553, 54193080, 0, 0, 0
21611, 57836893, 0, 0, 0
21666, 402256, 1, 0, 0
21759, 73778563, 0, 0, 0
21817, 57782264, 0, 0, 0
21939, 40953176, 0, 0, 0
21974, 384957, 1, 0, 0
22039, 49427067, 0, 0, 0
22084, 397505, 1, 0, 0
22140, 50057123, 0, 0, 0
22203, 31490267, 0, 0, 0
22265, 368140, 1, 0, 0
22311, 21645846, 0, 0, 0
22321, 368560, 1, 0, 0
22400, 17606753, 0, 0, 0
22425, 369729, 1, 0, 0
22524, 30763547, 0, 0, 0
22524, 394636, 1, 0, 0
22602, 78027836, 0, 0, 0
22734, 66145846, 0, 0, 0
22825, 45460154, 0, 0, 0
22826, 365529, 1, 0, 0
22906, 40144869, 0, 0, 0
23002, 47668294, 0, 0, 0
23103, 16876356, 0, 0, 0
23205, 12702281, 0, 0, 0
23205, 367677, 1, 0, 0
23303, 32559622, 0, 0, 0
23303, 377176, 1, 0, 0
23404, 16695443, 0, 0, 0
23533, 18391566, 0, 0, 0
23533, 371386, 1, 0, 0
23611, 12870604, 0, 0, 0
23685, 369212, 1, 0, 0
23703, 22831336, 0, 0, 0
23703, 372260, 1, 0, 0
23801, 10748858, 0, 0, 0
23826, 370785, 1, 0, 0
23903, 7242258, 0, 0, 0
23903, 366938, 1, 0, 0
24000, 6820506, 0, 0, 0
24011, 376622, 1, 0, 0
24105, 7989837, 0, 0, 0
24126, 368857, 1, 0, 0
24202, 6361702, 0, 0, 0
24203, 370941, 1, 0, 0
24303, 5821543, 0, 0, 0
24310, 374562, 1, 0, 0
24400, 6443003, 0, 0, 0
24407, 367220, 1, 0, 0
24502, 5872118, 0, 0, 0
24503, 365886, 1, 0, 0
24600, 367479, 1, 0, 0
24606, 5795375, 0, 0, 0
24706, 5795980, 0, 0, 0
24706, 369488, 1, 0, 0
24803, 6013872, 0, 0, 0
24832, 364054, 1, 0, 0
24901, 6036062, 0, 0, 0
24926, 366542, 1, 0, 0
25001, 6153418, 0, 0, 0
25019, 367117, 1, 0, 0
25106, 6032081, 0, 0, 0
25106, 370143, 1, 0, 0
25204, 6005650, 0, 0, 0
25267, 366887, 1, 0, 0
25300, 5894263, 0, 0, 0
25331, 365864, 1, 0, 0
25405, 5811099, 0, 0, 0
25418, 367936, 1, 0, 0
25503, 6039600, 0, 0, 0
25504, 365683, 1, 0, 0
25605, 6119058, 0, 0, 0
25638, 365184, 1, 0, 0
25703, 5684378, 0, 0, 0
25704, 371059, 1, 0, 0
25803, 6563203, 0, 0, 0
25834, 374230, 1, 0, 0
25901, 6110425, 0, 0, 0
25919, 370595, 1, 0, 0
26000, 5592109, 0, 0, 0
26034, 367591, 1, 0, 0
27481, 5999305, 0, 0, 0
27481, 379468, 1, 0, 0
27501, 5113273, 0, 0, 0
27508, 376320, 1, 0, 0
27602, 5822033, 0, 0, 0
27651, 372553, 1, 0, 0
27706, 7978135, 0, 0, 0
27706, 373483, 1, 0, 0
27802, 7866058, 0, 0, 0
27898, 366685, 1, 0, 0
27907, 8065004, 0, 0, 0
27919, 366106, 1, 0, 0
28002, 7857592, 0, 0, 0
28036, 371831, 1, 0, 0
28105, 7851917, 0, 0, 0
28122, 375613, 1, 0, 0
28203, 8064295, 0, 0, 0
28241, 365944, 1, 0, 0
28305, 7819921, 0, 0, 0
28331, 371510, 1, 0, 0
28403, 8136971, 0, 0, 0
28410, 369459, 1, 0, 0
28505, 7782720, 0, 0, 0
28522, 371456, 1, 0, 0
28600, 7816478, 0, 0, 0
28697, 367663, 1, 0, 0
28705, 8041412, 0, 0, 0
28729, 372705, 1, 0, 0
28802, 7969351, 0, 0, 0
28842, 369912, 1, 0, 0
28905, 7888103, 0, 0, 0
28913, 371930, 1, 0, 0
29001, 7759735, 0, 0, 0
29002, 367610, 1, 0, 0
29104, 7774736, 0, 0, 0
29112, 370988, 1, 0, 0
29208, 7869243, 0, 0, 0
29209, 368313, 1, 0, 0
29304, 7935918, 0, 0, 0
29313, 369243, 1, 0, 0
29400, 383243, 1, 0, 0
29407, 7808662, 0, 0, 0
29504, 7936529, 0, 0, 0
29560, 372180, 1, 0, 0
29601, 8035513, 0, 0, 0
29608, 368974, 1, 0, 0
29702, 7596027, 0, 0, 0
29729, 367768, 1, 0, 0
29807, 7954441, 0, 0, 0
29807, 368874, 1, 0, 0
29903, 7818111, 0, 0, 0
29951, 371217, 1, 0, 0
30006, 7829162, 0, 0, 0
30055, 374353, 1, 0, 0
30101, 7728079, 0, 0, 0
30126, 376664, 1, 0, 0
30207, 7951114, 0, 0, 0
30208, 372096, 1, 0, 0
30302, 7862538, 0, 0, 0
30318, 374608, 1, 0, 0
30405, 7659624, 0, 0, 0
30405, 368728, 1, 0, 0
30502, 7957889, 0, 0, 0
30598, 376522, 1, 0, 0
30607, 8040313, 0, 0, 0
30608, 383190, 1, 0, 0
30702, 7766497, 0, 0, 0
30741, 374021, 1, 0, 0
30807, 8023224, 0, 0, 0
30814, 372144, 1, 0, 0
30903, 7925776, 0, 0, 0
30949, 372696, 1, 0, 0
31005, 7746696, 0, 0, 0
31102, 7998483, 0, 0, 0
31125, 372583, 1, 0, 0
31205, 7865762, 0, 0, 0
31222, 375284, 1, 0, 0
31302, 7758497, 0, 0, 0
31388, 368104, 1, 0, 0
31405, 7917298, 0, 0, 0
31405, 368067, 1, 0, 0
31501, 7956331, 0, 0, 0
31517, 377777, 1, 0, 0
31606, 8040693, 0, 0, 0
31637, 379486, 1, 0, 0
31700, 7677115, 0, 0, 0
31708, 368192, 1, 0, 0
31804, 7869778, 0, 0, 0
31845, 369667, 1, 0, 0
31901, 7945284, 0, 0, 0
31908, 374189, 1, 0, 0
32003, 7814346, 0, 0, 0
32020, 378107, 1, 0, 0
32100, 8047075, 0, 0, 0
32107, 367686, 1, 0, 0
32202, 7720086, 0, 0, 0
32267, 370894, 1, 0, 0
32307, 7953945, 0, 0, 0
32338, 371760, 1, 0, 0
32404, 8066151, 0, 0, 0
32426, 369544, 1, 0, 0
32509, 7902135, 0, 0, 0
32532, 371748, 1, 0, 0
32603, 7773104, 0, 0, 0
32603, 372664, 1, 0, 0
32701, 7952248, 0, 0, 0
32701, 370534, 1, 0, 0
32801, 7644078, 0, 0, 0
32875, 368437, 1, 0, 0
32906, 8007731, 0, 0, 0
32907, 371538, 1, 0, 0
33003, 7761007, 0, 0, 0
33010, 374815, 1, 0, 0
33108, 8588520, 0, 0, 0
33197, 372821, 1, 0, 0
33203, 7888371, 0, 0, 0
33307, 7961898, 0, 0, 0
33356, 368589, 1, 0, 0
33404, 8047040, 0, 0, 0
33452, 385134, 1, 0, 0
33508, 7958532, 0, 0, 0
33509, 376090, 1, 0, 0
33604, 7776167, 0, 0, 0
33611, 376598, 1, 0, 0
33707, 7824261, 0, 0, 0
33708, 371752, 1, 0, 0
33804, 7670787, 0, 0, 0
33804, 371604, 1, 0, 0
35679, 381117, 1, 0, 0
35686, 7733801, 0, 0, 0
35700, 6659299, 0, 0, 0
35730, 378253, 1, 0, 0
35800, 6476744, 0, 0, 0
35841, 373352, 1, 0, 0
35904, 5997649, 0, 0, 0
35918, 371389, 1, 0, 0
36000, 369632, 1, 0, 0
36007, 7117530, 0, 0, 0
36111, 7993254, 0, 0, 0
36128, 376596, 1, 0, 0
36208, 8053421, 0, 0, 0
36239, 375877, 1, 0, 0
36303, 7839642, 0, 0, 0
36304, 377817, 1, 0, 0
36407, 7896777, 0, 0, 0
36415, 370635, 1, 0, 0
36502, 7586256, 0, 0, 0
36502, 376950, 1, 0, 0
36608, 7922898, 0, 0, 0
36670, 376811, 1, 0, 0
36702, 7770519, 0, 0, 0
36805, 7980010, 0, 0, 0
36806, 371879, 1, 0, 0
36901, 7859656, 0, 0, 0
36982, 378094, 1, 0, 0
37005, 7877928, 0, 0, 0
37005, 372793, 1, 0, 0
37102, 7927405, 0, 0, 0
37136, 370328, 1, 0, 0
37205, 7848961, 0, 0, 0
37214, 377727, 1, 0, 0
37301, 7969051, 0, 0, 0
37332, 382567, 1, 0, 0
37406, 7845560, 0, 0, 0
37406, 372665, 1, 0, 0
37501, 7763779, 0, 0, 0
37581, 372733, 1, 0, 0
37606, 7997357, 0, 0, 0
37606, 369637, 1, 0, 0
37700, 7780138, 0, 0, 0
37701, 392152, 1, 0, 0
37805, 7924376, 0, 0, 0
37813, 372194, 1, 0, 0
37902, 7966843, 0, 0, 0
37932, 367814, 1, 0, 0
38004, 7820064, 0, 0, 0
38005, 379170, 1, 0, 0
38100, 7968093, 0, 0, 0
38133, 374603, 1, 0, 0
38203, 7876237, 0, 0, 0
38204, 386568, 1, 0, 0
38308, 7900073, 0, 0, 0
38318, 372444, 1, 0, 0
38406, 7925179, 0, 0, 0
38428, 368952, 1, 0, 0
38501, 7816838, 0, 0, 0
38508, 377183, 1, 0, 0
38604, 7853347, 0, 0, 0
38604, 367566, 1, 0, 0
38700, 7868271, 0, 0, 0
38756, 376633, 1, 0, 0
38803, 7942168, 0, 0, 0
38821, 367948, 1, 0, 0
38900, 7943703, 0, 0, 0
38924, 368450, 1, 0, 0
39004, 7859485, 0, 0, 0
39005, 371367, 1, 0, 0
39100, 377883, 1, 0, 0
39108, 7774937, 0, 0, 0
39203, 7679949, 0, 0, 0
39268, 374227, 1, 0, 0
39306, 7817940, 0, 0, 0
39396, 368904, 1, 0, 0
39403, 8042110, 0, 0, 0
39411, 387775, 1, 0, 0
39500, 372008, 1, 0, 0
39507, 7773505, 0, 0, 0
39602, 7836359, 0, 0, 0
39603, 375795, 1, 0, 0
39715, 8512422, 0, 0, 0
39744, 371850, 1, 0, 0
39802, 7150678, 0, 0, 0
39802, 373077, 1, 0, 0
39905, 7865894, 0, 0, 0
39905, 380300, 1, 0, 0
40002, 7992564, 0, 0, 0
40107, 8083195, 0, 0, 0
40210, 12867896, 0, 0, 0
40259, 379037, 1, 0, 0
40304, 13329358, 0, 0, 0
40304, 385724, 1, 0, 0
40404, 16438890, 0, 0, 0
40437, 373831, 1, 0, 0
40525, 30310944, 0, 0, 0
40615, 45120308, 0, 0, 0
40707, 45628544, 0, 0, 0
40802, 47478971, 0, 0, 0
40802, 376859, 1, 0, 0
40907, 52638741, 0, 0, 0
41019, 37150808, 0, 0, 0
41129, 55282732, 0, 0, 0
41219, 30013226, 0, 0, 0
41310, 30119597, 0, 0, 0
41371, 397619, 1, 0, 0
41430, 29890261, 0, 0, 0
41459, 386338, 1, 0, 0
41524, 18655061, 0, 0, 0
41534, 372629, 1, 0, 0
41606, 9035314, 0, 0, 0
41612, 377602, 1, 0, 0
41703, 9626695, 0, 0, 0
41704, 373461, 1, 0, 0
41803, 9821215, 0, 0, 0
41832, 380324, 1, 0, 0
41929, 15596502, 0, 0, 0
41975, 370423, 1, 0, 0
42002, 10435190, 0, 0, 0
42034, 371564, 1, 0, 0
42104, 8295255, 0, 0, 0
42113, 368880, 1, 0, 0
42203, 8889220, 0, 0, 0
42238, 370018, 1, 0, 0
42314, 7397188, 0, 0, 0
42345, 375678, 1, 0, 0
42402, 7268547, 0, 0, 0
42416, 365605, 1, 0, 0
42501, 6979063, 0, 0, 0
42527, 368906, 1, 0, 0
42606, 6443863, 0, 0, 0
42606, 366792, 1, 0, 0
42700, 6606269, 0, 0, 0
42720, 370510, 1, 0, 0
42803, 6602647, 0, 0, 0
42863, 371150, 1, 0, 0
42907, 10318467, 0, 0, 0
43030, 30667868, 0, 0, 0
43086, 379482, 1, 0, 0
43105, 18582598, 0, 0, 0
43145, 367447, 1, 0, 0
43202, 16176214, 0, 0, 0
43225, 375057, 1, 0, 0
43331, 32004226, 0, 0, 0
43357, 369110, 1, 0, 0
44587, 8643213, 0, 0, 0
44604, 8256775, 0, 0, 0
44604, 375975, 1, 0, 0
44705, 12590942, 0, 0, 0
44726, 393916, 1, 0, 0
44800, 7797662, 0, 0, 0
44806, 370983, 1, 0, 0
44904, 8475264, 0, 0, 0
44917, 368573, 1, 0, 0
45002, 6373711, 0, 0, 0
45002, 370410, 1, 0, 0
45102, 6140406, 0, 0, 0
45110, 372362, 1, 0, 0
45200, 6060479, 0, 0, 0
45200, 371792, 1, 0, 0
45300, 6096899, 0, 0, 0
45307, 371323, 1, 0, 0
45403, 6340320, 0, 0, 0
45431, 367517, 1, 0, 0
45502, 6529485, 0, 0, 0
45515, 371166, 1, 0, 0
45605, 6301026, 0, 0, 0
45619, 370486, 1, 0, 0
45700, 368489, 1, 0, 0
45705, 6124416, 0, 0, 0
45801, 5903067, 0, 0, 0
45802, 371465, 1, 0, 0
45901, 6114992, 0, 0, 0
45919, 371027, 1, 0, 0
46000, 6098998, 0, 0, 0
46023, 375968, 1, 0, 0
46103, 6779236, 0, 0, 0
46198, 381068, 1, 0, 0
46205, 6753599, 0, 0, 0
46226, 373808, 1, 0, 0
46306, 6587975, 0, 0, 0
46311, 376108, 1, 0, 0
46402, 6397144, 0, 0, 0
46446, 368581, 1, 0, 0
46504, 6300465, 0, 0, 0
46526, 366211, 1, 0, 0
46600, 5600935, 0, 0, 0
46606, 373203, 1, 0, 0
46704, 6878046, 0, 0, 0
46712, 380154, 1, 0, 0
46808, 7957109, 0, 0, 0
46817, 367482, 1, 0, 0
46904, 7920194, 0, 0, 0
46943, 364175, 1, 0, 0
47000, 7955105, 0, 0, 0
47055, 383776, 1, 0, 0
47103, 7858625, 0, 0, 0
47152, 378831, 1, 0, 0
47206, 7887408, 0, 0, 0
47231, 370873, 1, 0, 0
47303, 7979273, 0, 0, 0
47335, 376456, 1, 0, 0
47406, 7911125, 0, 0, 0
47407, 372398, 1, 0, 0
47504, 8012340, 0, 0, 0
47519, 368413, 1, 0, 0
47606, 7785890, 0, 0, 0
47630, 401418, 1, 0, 0
47704, 8092385, 0, 0, 0
47727, 375933, 1, 0, 0
47806, 7707038, 0, 0, 0
47863, 371262, 1, 0, 0
47902, 7957695, 0, 0, 0
47942, 374728, 1, 0, 0
48006, 7892510, 0, 0, 0
48022, 376325, 1, 0, 0
48101, 7753106, 0, 0, 0
48109, 364879, 1, 0, 0
48206, 7925225, 0, 0, 0
48239, 369622, 1, 0, 0
48302, 7966854, 0, 0, 0
48389, 372141, 1, 0, 0
48408, 8078187, 0, 0, 0
48420, 369586, 1, 0, 0
48502, 7772668, 0, 0, 0
48517, 374881, 1, 0, 0
48605, 7865297, 0, 0, 0
48646, 369114, 1, 0, 0
48701, 7934656, 0, 0, 0
48701, 376264, 1, 0, 0
48805, 7879783, 0, 0, 0
48831, 370489, 1, 0, 0
48900, 380138, 1, 0, 0
48907, 7758482, 0, 0, 0
49005, 8105732, 0, 0, 0
49014, 369700, 1, 0, 0
49102, 7968421, 0, 0, 0
49118, 377994, 1, 0, 0
49205, 7774280, 0, 0, 0
49262, 367662, 1, 0, 0
49301, 7889599, 0, 0, 0
49309, 367613, 1, 0, 0
49405, 7933644, 0, 0, 0
49406, 378557, 1, 0, 0
49507, 7626850, 0, 0, 0
49533, 369806, 1, 0, 0
49605, 8006534, 0, 0, 0
49646, 371662, 1, 0, 0
49700, 7845406, 0, 0, 0
49803, 7934138, 0, 0, 0
49803, 371739, 1, 0, 0
49907, 7923473, 0, 0, 0
49915, 386015, 1, 0, 0
50004, 7898957, 0, 0, 0
50027, 374352, 1, 0, 0
50106, 7796256, 0, 0, 0
50204, 8209334, 0, 0, 0
50204, 373628, 1, 0, 0
50300, 7947104, 0, 0, 0
50300, 419446, 1, 0, 0
50402, 7669936, 0, 0, 0
50402, 374896, 1, 0, 0
50506, 7825718, 0, 0, 0
50563, 376974, 1, 0, 0
50601, 7933731, 0, 0, 0
50612, 386493, 1, 0, 0
50706, 7983692, 0, 0, 0
50731, 387131, 1, 0, 0
50803, 8040263, 0, 0, 0
50811, 370186, 1, 0, 0
52406, 7775519, 0, 0, 0
52421, 374094, 1, 0, 0
52553, 12074738, 0, 0, 0
52586, 373991, 1, 0, 0
52608, 18140782, 0, 0, 0
52779, 85392419, 0, 0, 0
52845, 66702640, 0, 0, 0
52846, 367417, 1, 0, 0
52937, 45532326, 0, 0, 0
52937, 371195, 1, 0, 0
53009, 71411217, 0, 0, 0
53134, 41666164, 0, 0, 0
53212, 78696661, 0, 0, 0
53558, 345987188, 0, 0, 0
54047, 488112844, 0, 0, 0
54047, 408151, 1, 0, 0
54512, 464621041, 0, 0, 0
54658, 73349148, 0, 0, 0
54659, 378795, 1, 0, 0
54776, 117076470, 0, 0, 0
54826, 49978845, 0, 0, 0
54945, 59549580, 0, 0, 0
55000, 55515310, 0, 0, 0
55064, 408728, 1, 0, 0
55121, 60174496, 0, 0, 0
55245, 62074180, 0, 0, 0
55343, 48574025, 0, 0, 0
55432, 44715903, 0, 0, 0
55478, 375238, 1, 0, 0
55500, 33592270, 0, 0, 0
55500, 388944, 1, 0, 0
55609, 35902119, 0, 0, 0
55717, 54331834, 0, 0, 0
55806, 44240525, 0, 0, 0
55863, 393144, 1, 0, 0
55917, 55306122, 0, 0, 0
55971, 386296, 1, 0, 0
56010, 46632376, 0, 0, 0
56061, 374011, 1, 0, 0
56119, 53944435, 0, 0, 0
56210, 45543658, 0, 0, 0
56210, 377154, 1, 0, 0
56328, 39113873, 0, 0, 0
56415, 28900777, 0, 0, 0
56457, 381950, 1, 0, 0
56528, 37448909, 0, 0, 0
56546, 369803, 1, 0, 0
56610, 20143412, 0, 0, 0
56712, 34059146, 0, 0, 0
56712, 375450, 1, 0, 0
56800, 14325853, 0, 0, 0
56800, 376597, 1, 0, 0
56902, 8274996, 0, 0, 0
56908, 378090, 1, 0, 0
57009, 15122486, 0, 0, 0
57049, 376019, 1, 0, 0
57125, 10432735, 0, 0, 0
57136, 373873, 1, 0, 0
57205, 13391133, 0, 0, 0
57285, 370961, 1, 0, 0
57306, 8392169, 0, 0, 0
57307, 381906, 1, 0, 0
57405, 12116980, 0, 0, 0
57405, 371971, 1, 0, 0
57517, 22260052, 0, 0, 0
57529, 379923, 1, 0, 0
57600, 11483459, 0, 0, 0
57601, 372679, 1, 0, 0
57707, 17575858, 0, 0, 0
57727, 369617, 1, 0, 0
57807, 14020250, 0, 0, 0
57807, 368503, 1, 0, 0
57910, 17170438, 0, 0, 0
57911, 377426, 1, 0, 0
58038, 63770343, 0, 0, 0
58097, 365341, 1, 0, 0
58105, 7321704, 0, 0, 0
58216, 36883177, 0, 0, 0
58301, 42637225, 0, 0, 0
58409, 35784786, 0, 0, 0
58447, 369019, 1, 0, 0
58512, 34205130, 0, 0, 0
58614, 33925439, 0, 0, 0
58681, 377695, 1, 0, 0
58721, 26567356, 0, 0, 0
58813, 30791365, 0, 0, 0
58879, 385366, 1, 0, 0
58918, 52281593, 0, 0, 0
59003, 28262149, 0, 0, 0
59003, 400201, 1, 0, 0
59100, 32288364, 0, 0, 0
59217, 29102135, 0, 0, 0
59341, 31169207, 0, 0, 0
59455, 57033326, 0, 0, 0
59524, 22886951, 0, 0, 0
59613, 29488578, 0, 0, 0
59773, 40174340, 0, 0, 0
59774, 380744, 1, 0, 0
59843, 68894675, 0, 0, 0
59936, 92973232, 0, 0, 0
60007, 71341055, 0, 0, 0
60105, 97754664, 0, 0, 0
60105, 400167, 1, 0, 0
60260, 77355592, 0, 0, 0
60343, 83240040, 0, 0, 0
60343, 373627, 1, 0, 0
60407, 63294370, 0, 0, 0
60505, 49363773, 0, 0, 0
60506, 393241, 1, 0, 0
60635, 43192708, 0, 0, 0
60636, 380698, 1, 0, 0
60703, 33616152, 0, 0, 0
60703, 383761, 1, 0, 0
60802, 49082377, 0, 0, 0
60859, 376268, 1, 0, 0
60932, 43153987, 0, 0, 0
61011, 19912179, 0, 0, 0
61073, 386702, 1, 0, 0
61108, 24043568, 0, 0, 0
61159, 368176, 1, 0, 0
61206, 13875695, 0, 0, 0
61206, 372016, 1, 0, 0
61303, 16189325, 0, 0, 0
61304, 388484, 1, 0, 0
61430, 21008074, 0, 0, 0
61503, 10492318, 0, 0, 0
61517, 366644, 1, 0, 0
61617, 14165858, 0, 0, 0
61673, 373401, 1, 0, 0
61709, 15159265, 0, 0, 0
61804, 11852651, 0, 0, 0
61827, 375527, 1, 0, 0
61906, 16957485, 0, 0, 0
61982, 368802, 1, 0, 0
62005, 12374089, 0, 0, 0
62018, 385676, 1, 0, 0
62104, 10896683, 0, 0, 0
62190, 368789, 1, 0, 0
62207, 20564541, 0, 0, 0
62207, 381693, 1, 0, 0
62309, 16715643, 0, 0, 0
62309, 367211, 1, 0, 0
62411, 14227098, 0, 0, 0
62466, 378362, 1, 0, 0
62509, 10910684, 0, 0, 0
62590, 367453, 1, 0, 0
62605, 23812841, 0, 0, 0
62621, 381688, 1, 0, 0
62701, 11782577, 0, 0, 0
62721, 373603, 1, 0, 0
62820, 29635592, 0, 0, 0
62884, 366363, 1, 0, 0
62903, 13716452, 0, 0, 0
62904, 371095, 1, 0, 0
63026, 30396420, 0, 0, 0
63111, 16993898, 0, 0, 0
63157, 376054, 1, 0, 0
63202, 11196613, 0, 0, 0
63203, 367382, 1, 0, 0
63303, 11127902, 0, 0, 0
63304, 373420, 1, 0, 0
63400, 10592419, 0, 0, 0
63439, 368470, 1, 0, 0
63501, 10014318, 0, 0, 0
63511, 372042, 1, 0, 0
63600, 10696488, 0, 0, 0
63601, 367872, 1, 0, 0
63706, 15065425, 0, 0, 0
63707, 374275, 1, 0, 0
63806, 9754126, 0, 0, 0
63828, 376829, 1, 0, 0
63905, 8854398, 0, 0, 0
63924, 369224, 1, 0, 0
64005, 7450186, 0, 0, 0
64005, 371244, 1, 0, 0
64100, 7737113, 0, 0, 0
64120, 367701, 1, 0, 0
64224, 7638120, 0, 0, 0
64269, 366917, 1, 0, 0
64303, 12938516, 0, 0, 0
64378, 376411, 1, 0, 0
64405, 6761294, 0, 0, 0
64413, 375878, 1, 0, 0
64502, 9711118, 0, 0, 0
64525, 365409, 1, 0, 0
64600, 8808278, 0, 0, 0
64620, 374797, 1, 0, 0
64701, 6584606, 0, 0, 0
64708, 369978, 1, 0, 0
64802, 6265184, 0, 0, 0
64803, 374264, 1, 0, 0
64911, 7063152, 0, 0, 0
65003, 6625367, 0, 0, 0
65004, 367949, 1, 0, 0
65103, 6948427, 0, 0, 0
65160, 376364, 1, 0, 0
65204, 6301590, 0, 0, 0
65211, 387436, 1, 0, 0
65306, 6596264, 0, 0, 0
65357, 367458, 1, 0, 0
65479, 11404712, 0, 0, 0
65502, 22857053, 0, 0, 0
65589, 368418, 1, 0, 0
65600, 12267150, 0, 0, 0
65707, 6652484, 0, 0, 0
65707, 376797, 1, 0, 0
65802, 6775653, 0, 0, 0
65802, 368380, 1, 0, 0
65906, 7291888, 0, 0, 0
65907, 366161, 1, 0, 0
66044, 13670211, 0, 0, 0
66087, 374252, 1, 0, 0
66118, 36660255, 0, 0, 0
66223, 26258397, 0, 0, 0
66223, 362903, 1, 0, 0
66306, 41498099, 0, 0, 0
66343, 373377, 1, 0, 0
66447, 46821065, 0, 0, 0
66472, 372917, 1, 0, 0
66500, 377784, 1, 0, 0
66512, 12703849, 0, 0, 0
66601, 9796649, 0, 0, 0
66707, 7560966, 0, 0, 0
66707, 374620, 1, 0, 0
66823, 11295098, 0, 0, 0
66912, 12728061, 0, 0, 0
66934, 370880, 1, 0, 0
67853, 7790773, 0, 0, 0
67901, 5992981, 0, 0, 0
67925, 372241, 1, 0, 0
68003, 5957901, 0, 0, 0
68075, 393878, 1, 0, 0
68106, 7882304, 0, 0, 0
68191, 370183, 1, 0, 0
68205, 8237280, 0, 0, 0
68206, 378968, 1, 0, 0
68306, 7710327, 0, 0, 0
68356, 382067, 1, 0, 0
68402, 8567946, 0, 0, 0
68419, 370355, 1, 0, 0
68505, 7849084, 0, 0, 0
68505, 369262, 1, 0, 0
68602, 7977044, 0, 0, 0
68651, 371958, 1, 0, 0
68705, 7799210, 0, 0, 0
68724, 366777, 1, 0, 0
68802, 7873893, 0, 0, 0
68818, 368235, 1, 0, 0
68907, 7881848, 0, 0, 0
68907, 369465, 1, 0, 0
69001, 7754125, 0, 0, 0
69018, 384736, 1, 0, 0
69106, 8114468, 0, 0, 0
69107, 381865, 1, 0, 0
69202, 7883458, 0, 0, 0
69233, 368898, 1, 0, 0
69304, 7768654, 0, 0, 0
69305, 371819, 1, 0, 0
69400, 7872168, 0, 0, 0
69440, 370314, 1, 0, 0
69504, 7940193, 0, 0, 0
69521, 369221, 1, 0, 0
69601, 7827226, 0, 0, 0
69673, 368400, 1, 0, 0
69703, 7796489, 0, 0, 0
69712, 369867, 1, 0, 0
69800, 7764371, 0, 0, 0
69801, 365229, 1, 0, 0
69905, 7768880, 0, 0, 0
69913, 372165, 1, 0, 0
70000, 7837717, 0, 0, 0
70000, 391070, 1, 0, 0
70102, 7775213, 0, 0, 0
70191, 368802, 1, 0, 0
70206, 7913821, 0, 0, 0
70231, 369019, 1, 0, 0
70303, 7859627, 0, 0, 0
70407, 8016034, 0, 0, 0
70481, 372994, 1, 0, 0
70502, 7880384, 0, 0, 0
70543, 367505, 1, 0, 0
70601, 8224798, 0, 0, 0
70678, 378111, 1, 0, 0
70702, 7673703, 0, 0, 0
70807, 8100304, 0, 0, 0
70838, 367134, 1, 0, 0
70903, 7882885, 0, 0, 0
70943, 371022, 1, 0, 0
71006, 7790290, 0, 0, 0
71006, 369131, 1, 0, 0
71102, 7946276, 0, 0, 0
71174, 372356, 1, 0, 0
71206, 7875363, 0, 0, 0
71223, 370811, 1, 0, 0
71302, 7929757, 0, 0, 0
71327, 367886, 1, 0, 0
71406, 7921124, 0, 0, 0
71406, 363249, 1, 0, 0
71501, 7734257, 0, 0, 0
71501, 369302, 1, 0, 0
71605, 7992372, 0, 0, 0
71621, 371470, 1, 0, 0
71701, 7897114, 0, 0, 0
71725, 368435, 1, 0, 0
71803, 7842846, 0, 0, 0
71860, 375637, 1, 0, 0
71900, 7981726, 0, 0, 0
71988, 393469, 1, 0, 0
72006, 8163714, 0, 0, 0
72054, 366032, 1, 0, 0
72109, 7793706, 0, 0, 0
72109, 363973, 1, 0, 0
72206, 7901522, 0, 0, 0
72261, 368448, 1, 0, 0
72301, 7874738, 0, 0, 0
72301, 365649, 1, 0, 0
72407, 8019018, 0, 0, 0
72420, 371708, 1, 0, 0
72508, 7759436, 0, 0, 0
72509, 374117, 1, 0, 0
72603, 7741615, 0, 0, 0
72611, 367907, 1, 0, 0
72700, 8052447, 0, 0, 0
72747, 369476, 1, 0, 0
72804, 7827043, 0, 0, 0
72858, 369973, 1, 0, 0
72908, 7983258, 0, 0, 0
72923, 374796, 1, 0, 0
73002, 7606029, 0, 0, 0
73075, 369581, 1, 0, 0
73106, 7961027, 0, 0, 0
73139, 369499, 1, 0, 0
73201, 7796495, 0, 0, 0
73267, 363654, 1, 0, 0
73306, 8017449, 0, 0, 0
73323, 370316, 1, 0, 0
73403, 8058088, 0, 0, 0
73411, 374224, 1, 0, 0
73506, 7717295, 0, 0, 0
73506, 369522, 1, 0, 0
73604, 8076323, 0, 0, 0
73666, 368069, 1, 0, 0
73705, 7787181, 0, 0, 0
73714, 366451, 1, 0, 0
73800, 7733334, 0, 0, 0
73856, 377784, 1, 0, 0
73905, 8042183, 0, 0, 0
73914, 379240, 1, 0, 0
74000, 7898232, 0, 0, 0
74009, 376748, 1, 0, 0
74105, 7901541, 0, 0, 0
74136, 368698, 1, 0, 0
74200, 7864411, 0, 0, 0
74264, 367002, 1, 0, 0
74305, 8003128, 0, 0, 0
74305, 374362, 1, 0, 0
74402, 7827914, 0, 0, 0
74402, 368186, 1, 0, 0
76041, 7845855, 0, 0, 0
76041, 418902, 1, 0, 0
76101, 6625772, 0, 0, 0
76108, 374216, 1, 0, 0
76201, 7020227, 0, 0, 0
76208, 374982, 1, 0, 0
76300, 6565175, 0, 0, 0
76306, 383148, 1, 0, 0
76408, 7075124, 0, 0, 0
76417, 371230, 1, 0, 0
76504, 7799525, 0, 0, 0
76519, 373817, 1, 0, 0
76601, 7995811, 0, 0, 0
76609, 367348, 1, 0, 0
76702, 7708556, 0, 0, 0
76760, 379328, 1, 0, 0
76806, 7937079, 0, 0, 0
76815, 369278, 1, 0, 0
76903, 8046601, 0, 0, 0
76937, 388530, 1, 0, 0
77006, 7859817, 0, 0, 0
77030, 387206, 1, 0, 0
77103, 8010032, 0, 0, 0
77118, 376898, 1, 0, 0
77205, 7657850, 0, 0, 0
77223, 372994, 1, 0, 0
77301, 7914015, 0, 0, 0
77325, 371037, 1, 0, 0
77405, 7749402, 0, 0, 0
77405, 368745, 1, 0, 0
77502, 8025989, 0, 0, 0
77502, 381685, 1, 0, 0
77604, 7741733, 0, 0, 0
77647, 368227, 1, 0, 0
77701, 7922670, 0, 0, 0
77701, 372347, 1, 0, 0
77805, 7891421, 0, 0, 0
77901, 8003861, 0, 0, 0
77901, 369975, 1, 0, 0
78005, 7875011, 0, 0, 0
78045, 377330, 1, 0, 0
78100, 7886425, 0, 0, 0
78100, 400485, 1, 0, 0
78205, 7876434, 0, 0, 0
78260, 373332, 1, 0, 0
78300, 7877065, 0, 0, 0
78365, 377146, 1, 0, 0
78404, 7908207, 0, 0, 0
78438, 366665, 1, 0, 0
78500, 7879700, 0, 0, 0
78500, 370468, 1, 0, 0
78603, 7815829, 0, 0, 0
78637, 379333, 1, 0, 0
78700, 8003119, 0, 0, 0
78772, 381503, 1, 0, 0
78803, 7895279, 0, 0, 0
78812, 399819, 1, 0, 0
78900, 7927263, 0, 0, 0
78946, 375475, 1, 0, 0
79003, 7823340, 0, 0, 0
79003, 373140, 1, 0, 0
79107, 7822212, 0, 0, 0
79204, 8081473, 0, 0, 0
79211, 372825, 1, 0, 0
79307, 7852094, 0, 0, 0
79307, 371388, 1, 0, 0
79403, 7917419, 0, 0, 0
79403, 375187, 1, 0, 0
79507, 7873439, 0, 0, 0
79555, 371831, 1, 0, 0
79602, 7882010, 0, 0, 0
79641, 367063, 1, 0, 0
79706, 7935361, 0, 0, 0
79714, 367209, 1, 0, 0
79801, 7865842, 0, 0, 0
79810, 378051, 1, 0, 0
79905, 7943790, 0, 0, 0
79905, 388095, 1, 0, 0
80001, 7930216, 0, 0, 0
80002, 366116, 1, 0, 0
80104, 7823956, 0, 0, 0
80136, 372291, 1, 0, 0
80203, 8101487, 0, 0, 0
80217, 377935, 1, 0, 0
80304, 7647835, 0, 0, 0
80401, 8088566, 0, 0, 0
80401, 367173, 1, 0, 0
80505, 7841626, 0, 0, 0
80522, 370298, 1, 0, 0
80602, 7993007, 0, 0, 0
80602, 371038, 1, 0, 0
80701, 12254379, 0, 0, 0
80701, 372203, 1, 0, 0
80802, 7513575, 0, 0, 0
80832, 369266, 1, 0, 0
80967, 14940146, 0, 0, 0
81043, 75962969, 0, 0, 0
81139, 96137381, 0, 0, 0
81139, 378415, 1, 0, 0
81239, 49829987, 0, 0, 0
81348, 54435912, 0, 0, 0
81348, 374707, 1, 0, 0
81413, 64840186, 0, 0, 0
81504, 91372997, 0, 0, 0
81620, 57625722, 0, 0, 0
81740, 60050340, 0, 0, 0
81821, 81251197, 0, 0, 0
81902, 40622265, 0, 0, 0
82001, 49197608, 0, 0, 0
82001, 393077, 1, 0, 0
82106, 25810267, 0, 0, 0
82131, 372841, 1, 0, 0
82205, 9813003, 0, 0, 0
82248, 372759, 1, 0, 0
82306, 7201091, 0, 0, 0
82348, 375781, 1, 0, 0
82404, 6840511, 0, 0, 0
82411, 365968, 1, 0, 0
82510, 14946268, 0, 0, 0
82531, 366031, 1, 0, 0
82600, 6798545, 0, 0, 0
82712, 9324383, 0, 0, 0
82750, 371091, 1, 0, 0
82803, 8187696, 0, 0, 0
82803, 370492, 1, 0, 0
82904, 9866735, 0, 0, 0
82917, 366675, 1, 0, 0
83000, 6285227, 0, 0, 0
83013, 372318, 1, 0, 0
83103, 7067216, 0, 0, 0
83129, 364858, 1, 0, 0
83203, 6543878, 0, 0, 0
83203, 368342, 1, 0, 0
83301, 6121485, 0, 0, 0
83316, 390231, 1, 0, 0
83400, 6439573, 0, 0, 0
83407, 366107, 1, 0, 0
83504, 6716167, 0, 0, 0
84365, 6479627, 0, 0, 0
84365, 373857, 1, 0, 0
84405, 6532989, 0, 0, 0
84425, 381897, 1, 0, 0
84501, 5530333, 0, 0, 0
84624, 13590839, 0, 0, 0
84644, 373681, 1, 0, 0
84710, 8559128, 0, 0, 0
84798, 382842, 1, 0, 0
84805, 7895336, 0, 0, 0
84813, 387929, 1, 0, 0
84900, 7854388, 0, 0, 0
84900, 390415, 1, 0, 0
85002, 7758284, 0, 0, 0
85100, 8155502, 0, 0, 0
85108, 382155, 1, 0, 0
85206, 8108041, 0, 0, 0
85229, 375018, 1, 0, 0
85307, 8359577, 0, 0, 0
85308, 378650, 1, 0, 0
85404, 7904092, 0, 0, 0
85489, 380898, 1, 0, 0
85505, 7773235, 0, 0, 0
85515, 370771, 1, 0, 0
85601, 7941954, 0, 0, 0
85706, 8062029, 0, 0, 0
85738, 380003, 1, 0, 0
85802, 7873046, 0, 0, 0
85905, 7907610, 0, 0, 0
85913, 369502, 1, 0, 0
86000, 7895763, 0, 0, 0
86051, 384559, 1, 0, 0
86104, 7941146, 0, 0, 0
86137, 370246, 1, 0, 0
86200, 7946520, 0, 0, 0
86233, 380985, 1, 0, 0
86306, 8095424, 0, 0, 0
86306, 368864, 1, 0, 0
86400, 7688785, 0, 0, 0
86457, 380170, 1, 0, 0
86503, 7919662, 0, 0, 0
86521, 369698, 1, 0, 0
86602, 8050670, 0, 0, 0
86602, 370489, 1, 0, 0
86704, 7713895, 0, 0, 0
86721, 381996, 1, 0, 0
86807, 7857889, 0, 0, 0
86807, 374166, 1, 0, 0
86904, 8042719, 0, 0, 0
86911, 378049, 1, 0, 0
87007, 7778725, 0, 0, 0
87102, 7973328, 0, 0, 0
87121, 378078, 1, 0, 0
87207, 7963131, 0, 0, 0
87296, 381446, 1, 0, 0
87303, 7982074, 0, 0, 0
87320, 381698, 1, 0, 0
87406, 7778015, 0, 0, 0
87431, 367035, 1, 0, 0
87502, 7917737, 0, 0, 0
87512, 384487, 1, 0, 0
87607, 7919566, 0, 0, 0
87616, 378464, 1, 0, 0
87701, 7719256, 0, 0, 0
87751, 380308, 1, 0, 0
87807, 8073541, 0, 0, 0
87815, 378740, 1, 0, 0
87903, 7834834, 0, 0, 0
87935, 372081, 1, 0, 0
88007, 7908779, 0, 0, 0
88031, 374265, 1, 0, 0
88102, 7831951, 0, 0, 0
88118, 373909, 1, 0, 0
88207, 7951442, 0, 0, 0
88215, 371879, 1, 0, 0
88301, 7758918, 0, 0, 0
88406, 8075643, 0, 0, 0
88439, 370851, 1, 0, 0
88502, 7876766, 0, 0, 0
88584, 371967, 1, 0, 0
88606, 7981544, 0, 0, 0
88614, 377621, 1, 0, 0
88701, 7667813, 0, 0, 0
88701, 371163, 1, 0, 0
88804, 7853381, 0, 0, 0
88901, 8074443, 0, 0, 0
88917, 373913, 1, 0, 0
89003, 7784869, 0, 0, 0
89100, 8052494, 0, 0, 0
89110, 374901, 1, 0, 0
89204, 7802684, 0, 0, 0
89204, 369508, 1, 0, 0
89300, 7947417, 0, 0, 0
89301, 386296, 1, 0, 0
89404, 7791690, 0, 0, 0
89444, 372935, 1, 0, 0
89500, 7904730, 0, 0, 0
89501, 377318, 1, 0, 0
89605, 7923503, 0, 0, 0
89605, 380420, 1, 0, 0
89700, 7792095, 0, 0, 0
89700, 378037, 1, 0, 0
89803, 7802374, 0, 0, 0
89812, 377558, 1, 0, 0
89907, 7975156, 0, 0, 0
89940, 391905, 1, 0, 0
90002, 7849834, 0, 0, 0
90011, 387273, 1, 0, 0
90100, 7992370, 0, 0, 0
90196, 376339, 1, 0, 0
90203, 7850385, 0, 0, 0
90219, 369188, 1, 0, 0
90307, 8003791, 0, 0, 0
90331, 374821, 1, 0, 0
90401, 7697278, 0, 0, 0
90466, 371116, 1, 0, 0
90500, 372933, 1, 0, 0
90506, 7932150, 0, 0, 0
90603, 7932450, 0, 0, 0
90633, 371563, 1, 0, 0
90706, 7869149, 0, 0, 0
90722, 377242, 1, 0, 0
90802, 7827199, 0, 0, 0
90802, 373602, 1, 0, 0
90906, 7965876, 0, 0, 0
90937, 378968, 1, 0, 0
91001, 7807223, 0, 0, 0
91056, 376256, 1, 0, 0
91105, 7981002, 0, 0, 0
91106, 368169, 1, 0, 0
92548, 7048124, 0, 0, 0
92548, 372591, 1, 0, 0
92602, 5929085, 0, 0, 0
92603, 367197, 1, 0, 0
92701, 5769138, 0, 0, 0
92720, 369657, 1, 0, 0
92808, 8118330, 0, 0, 0
92846, 368554, 1, 0, 0
92904, 7832852, 0, 0, 0
92919, 371089, 1, 0, 0
93000, 7823387, 0, 0, 0
93047, 373664, 1, 0, 0
93102, 7860808, 0, 0, 0
93198, 379590, 1, 0, 0
93206, 7924787, 0, 0, 0
93246, 366331, 1, 0, 0
93302, 7967691, 0, 0, 0
93350, 375690, 1, 0, 0
93405, 7890747, 0, 0, 0
93405, 366869, 1, 0, 0
93501, 7848711, 0, 0, 0
93519, 366549, 1, 0, 0
93604, 7869493, 0, 0, 0
93614, 375112, 1, 0, 0
93700, 7742474, 0, 0, 0
93792, 369128, 1, 0, 0
93806, 8087468, 0, 0, 0
93821, 365604, 1, 0, 0
93901, 7694483, 0, 0, 0
93926, 369460, 1, 0, 0
94005, 7919591, 0, 0, 0
94013, 370561, 1, 0, 0
94110, 7920410, 0, 0, 0
94206, 8057628, 0, 0, 0
94293, 372743, 1, 0, 0
94301, 7830136, 0, 0, 0
94366, 381981, 1, 0, 0
94404, 7911019, 0, 0, 0
94404, 365080, 1, 0, 0
94500, 7630892, 0, 0, 0
94525, 368603, 1, 0, 0
94605, 8022586, 0, 0, 0
94637, 371939, 1, 0, 0
94708, 7812939, 0, 0, 0
94755, 366538, 1, 0, 0
94803, 7895599, 0, 0, 0
94851, 365200, 1, 0, 0
94900, 8018603, 0, 0, 0
94908, 374327, 1, 0, 0
95003, 7774926, 0, 0, 0
95003, 370311, 1, 0, 0
95101, 8042108, 0, 0, 0
95107, 375494, 1, 0, 0
95203, 7751476, 0, 0, 0
95301, 8175735, 0, 0, 0
95307, 384325, 1, 0, 0
95401, 7515901, 0, 0, 0
95419, 372190, 1, 0, 0
95507, 7993775, 0, 0, 0
95507, 366504, 1, 0, 0
95603, 7846038, 0, 0, 0
95659, 375539, 1, 0, 0
95705, 7841197, 0, 0, 0
95731, 383247, 1, 0, 0
95803, 8110604, 0, 0, 0
95851, 373194, 1, 0, 0
95906, 7814392, 0, 0, 0
95924, 374232, 1, 0, 0
96002, 7885847, 0, 0, 0
96010, 369759, 1, 0, 0
96105, 7797389, 0, 0, 0
96113, 370134, 1, 0, 0
96202, 7910393, 0, 0, 0
96202, 367465, 1, 0, 0
96306, 7850587, 0, 0, 0
96315, 365909, 1, 0, 0
96403, 7964001, 0, 0, 0
96427, 370809, 1, 0, 0
96506, 7855422, 0, 0, 0
96506, 370217, 1, 0, 0
96601, 7805618, 0, 0, 0
96681, 377068, 1, 0, 0
96704, 7930031, 0, 0, 0
96713, 365080, 1, 0, 0
96802, 8124219, 0, 0, 0
96802, 374382, 1, 0, 0
96907, 7981528, 0, 0, 0
96921, 377858, 1, 0, 0
97001, 7713747, 0, 0, 0
97001, 372256, 1, 0, 0
97105, 7872160, 0, 0, 0
97121, 371701, 1, 0, 0
97200, 7834690, 0, 0, 0
97225, 369333, 1, 0, 0
97305, 7947656, 0, 0, 0
97305, 371457, 1, 0, 0
97408, 9206835, 0, 0, 0
97409, 370490, 1, 0, 0
97514, 11648835, 0, 0, 0
97514, 368990, 1, 0, 0
97609, 7809977, 0, 0, 0
97693, 370012, 1, 0, 0
97700, 7521451, 0, 0, 0
97718, 362822, 1, 0, 0
97802, 6290822, 0, 0, 0
97828, 367671, 1, 0, 0
97904, 7162676, 0, 0, 0
97920, 374958, 1, 0, 0
98007, 7245635, 0, 0, 0
98031, 367945, 1, 0, 0
98102, 7796972, 0, 0, 0
98118, 369075, 1, 0, 0
98206, 7952793, 0, 0, 0
98214, 366581, 1, 0, 0
98302, 7875269, 0, 0, 0
98412, 8507230, 0, 0, 0
98438, 368424, 1, 0, 0
98502, 7997430, 0, 0, 0
98502, 368441, 1, 0, 0
98604, 7749328, 0, 0, 0
98631, 379359, 1, 0, 0
98701, 7945774, 0, 0, 0
98735, 367729, 1, 0, 0
98806, 8001936, 0, 0, 0
98831, 377286, 1, 0, 0
98900, 7743568, 0, 0, 0
98910, 373556, 1, 0, 0
99005, 7881899, 0, 0, 0
99005, 366999, 1, 0, 0
100721, 8036641, 0, 0, 0
100764, 391274, 1, 0, 0
100803, 6290654, 0, 0, 0
100809, 373998, 1, 0, 0
100903, 6537382, 0, 0, 0
100903, 380717, 1, 0, 0
101001, 7321712, 0, 0, 0
101084, 374160, 1, 0, 0
101106, 8066812, 0, 0, 0
101202, 7999298, 0, 0, 0
101219, 367107, 1, 0, 0
101306, 7897661, 0, 0, 0
101377, 369751, 1, 0, 0
101402, 7954015, 0, 0, 0
101418, 368116, 1, 0, 0
101505, 7853660, 0, 0, 0
101512, 370409, 1, 0, 0
101601, 7776789, 0, 0, 0
101609, 365016, 1, 0, 0
101704, 7778548, 0, 0, 0
101753, 367789, 1, 0, 0
101801, 7975757, 0, 0, 0
101811, 368381, 1, 0, 0
101905, 7779485, 0, 0, 0
101920, 367305, 1, 0, 0
102002, 7983693, 0, 0, 0
102032, 368410, 1, 0, 0
102105, 7805917, 0, 0, 0
102105, 369428, 1, 0, 0
102201, 7894754, 0, 0, 0
102216, 373482, 1, 0, 0
102303, 7743381, 0, 0, 0
102343, 373104, 1, 0, 0
102409, 8026178, 0, 0, 0
102432, 368417, 1, 0, 0
102504, 7720072, 0, 0, 0
102519, 367867, 1, 0, 0
102600, 7905519, 0, 0, 0
102664, 374821, 1, 0, 0
102703, 7865830, 0, 0, 0
102713, 366029, 1, 0, 0
102807, 7811484, 0, 0, 0
102847, 373258, 1, 0, 0
102903, 7994877, 0, 0, 0
102918, 369374, 1, 0, 0
103000, 7976013, 0, 0, 0
103000, 368897, 1, 0, 0
103104, 7797686, 0, 0, 0
103129, 371895, 1, 0, 0
103206, 7754656, 0, 0, 0
103239, 376185, 1, 0, 0
103303, 8015574, 0, 0, 0
103303, 379137, 1, 0, 0
103406, 7758630, 0, 0, 0
103424, 371696, 1, 0, 0
103502, 7893648, 0, 0, 0
103519, 375691, 1, 0, 0
103605, 7901777, 0, 0, 0
103622, 375293, 1, 0, 0
103702, 7869168, 0, 0, 0
103717, 377563, 1, 0, 0
103807, 7955726, 0, 0, 0
103861, 374355, 1, 0, 0
103902, 7823800, 0, 0, 0
103927, 376027, 1, 0, 0
104005, 7901563, 0, 0, 0
104014, 386916, 1, 0, 0
104101, 7865797, 0, 0, 0
104102, 379834, 1, 0, 0
104206, 7945189, 0, 0, 0
104206, 374135, 1, 0, 0
104300, 373413, 1, 0, 0
104309, 7809253, 0, 0, 0
104404, 7882556, 0, 0, 0
104486, 380868, 1, 0, 0
104500, 7932579, 0, 0, 0
104510, 369028, 1, 0, 0
104604, 7846565, 0, 0, 0
104644, 374369, 1, 0, 0
104700, 7814984, 0, 0, 0
104733, 371326, 1, 0, 0
104809, 8230953, 0, 0, 0
104827, 370411, 1, 0, 0
104908, 8113860, 0, 0, 0
104915, 371013, 1, 0, 0
105003, 7889229, 0, 0, 0
105106, 7938304, 0, 0, 0
105139, 386473, 1, 0, 0
105203, 7999140, 0, 0, 0
105228, 372426, 1, 0, 0
105300, 7931057, 0, 0, 0
105301, 374687, 1, 0, 0
105402, 7759764, 0, 0, 0
105410, 394861, 1, 0, 0
105505, 7891005, 0, 0, 0
105594, 369561, 1, 0, 0
105602, 7922092, 0, 0, 0
105602, 367337, 1, 0, 0
105706, 7879278, 0, 0, 0
105714, 372505, 1, 0, 0
105802, 7878851, 0, 0, 0
105812, 373956, 1, 0, 0
105908, 8009311, 0, 0, 0
105932, 372509, 1, 0, 0
106001, 7686829, 0, 0, 0
106011, 381260, 1, 0, 0
106105, 7872643, 0, 0, 0
106129, 377106, 1, 0, 0
106203, 8069168, 0, 0, 0
106204, 376811, 1, 0, 0
106306, 7810208, 0, 0, 0
106330, 374241, 1, 0, 0
106403, 8058874, 0, 0, 0
106403, 382281, 1, 0, 0
106507, 7814295, 0, 0, 0
106507, 372546, 1, 0, 0
106601, 7648184, 0, 0, 0
106618, 372553, 1, 0, 0
106705, 7929334, 0, 0, 0
106724, 369671, 1, 0, 0
106800, 7802466, 0, 0, 0
106817, 373491, 1, 0, 0
106905, 8026697, 0, 0, 0
106953, 391958, 1, 0, 0
107001, 7960261, 0, 0, 0
107034, 375165, 1, 0, 0
107104, 7886274, 0, 0, 0
107105, 370177, 1, 0, 0
108908, 7690337, 0, 0, 0
108915, 382642, 1, 0, 0
109002, 6487402, 0, 0, 0
109075, 381515, 1, 0, 0
109103, 6302058, 0, 0, 0
109148, 382955, 1, 0, 0
109202, 7471444, 0, 0, 0
109239, 379767, 1, 0, 0
109303, 7781043, 0, 0, 0
109327, 378866, 1, 0, 0
109408, 7849888, 0, 0, 0
109455, 372509, 1, 0, 0
109503, 7867020, 0, 0, 0
109567, 369557, 1, 0, 0
109605, 7845840, 0, 0, 0
109605, 376775, 1, 0, 0
109702, 7838553, 0, 0, 0
109710, 371520, 1, 0, 0
109806, 7912299, 0, 0, 0
109806, 374934, 1, 0, 0
109901, 7723248, 0, 0, 0
109942, 372771, 1, 0, 0
110007, 8091228, 0, 0, 0
110045, 382973, 1, 0, 0
110102, 7853907, 0, 0, 0
110117, 373300, 1, 0, 0
110205, 7816419, 0, 0, 0
110237, 372269, 1, 0, 0
110300, 7702383, 0, 0, 0
110300, 373460, 1, 0, 0
110405, 8002564, 0, 0, 0
110406, 380698, 1, 0, 0
110500, 7840545, 0, 0, 0
110516, 377757, 1, 0, 0
110603, 7766925, 0, 0, 0
110604, 375896, 1, 0, 0
110700, 7824654, 0, 0, 0
110761, 371593, 1, 0, 0
110804, 7973484, 0, 0, 0
110804, 376223, 1, 0, 0
110900, 7918428, 0, 0, 0
110949, 384827, 1, 0, 0
111005, 7973004, 0, 0, 0
111085, 376710, 1, 0, 0
111107, 7831086, 0, 0, 0
111124, 377545, 1, 0, 0
111204, 7966532, 0, 0, 0
111213, 372155, 1, 0, 0
111302, 7977305, 0, 0, 0
111302, 373085, 1, 0, 0
111403, 7750830, 0, 0, 0
111412, 393915, 1, 0, 0
111500, 7943278, 0, 0, 0
111564, 371070, 1, 0, 0
111603, 7883427, 0, 0, 0
111628, 374684, 1, 0, 0
111707, 7930184, 0, 0, 0
111707, 369463, 1, 0, 0
111802, 7856494, 0, 0, 0
111868, 378315, 1, 0, 0
111908, 8040224, 0, 0, 0
112004, 7985158, 0, 0, 0
112004, 372910, 1, 0, 0
112107, 7626112, 0, 0, 0
112146, 372744, 1, 0, 0
112203, 7945855, 0, 0, 0
112234, 379392, 1, 0, 0
112305, 7749718, 0, 0, 0
112305, 374564, 1, 0, 0
112401, 7954807, 0, 0, 0
112446, 375134, 1, 0, 0
112506, 7920766, 0, 0, 0
112554, 369448, 1, 0, 0
112602, 7896726, 0, 0, 0
112602, 383690, 1, 0, 0
112706, 7817957, 0, 0, 0
112721, 377023, 1, 0, 0
112800, 7731753, 0, 0, 0
112800, 378955, 1, 0, 0
112904, 7914148, 0, 0, 0
112929, 377841, 1, 0, 0
113011, 8103915, 0, 0, 0
113024, 377903, 1, 0, 0
113104, 7616067, 0, 0, 0
113121, 370549, 1, 0, 0
113202, 7788023, 0, 0, 0
113202, 368502, 1, 0, 0
113304, 7783459, 0, 0, 0
113354, 372110, 1, 0, 0
113400, 7904784, 0, 0, 0
113442, 371232, 1, 0, 0
113504, 7979729, 0, 0, 0
113513, 377818, 1, 0, 0
113600, 7760773, 0, 0, 0
113656, 376020, 1, 0, 0
113704, 7870920, 0, 0, 0
113776, 373962, 1, 0, 0
113808, 7953434, 0, 0, 0
113904, 7962179, 0, 0, 0
113913, 376491, 1, 0, 0
114007, 7884902, 0, 0, 0
114096, 375881, 1, 0, 0
114104, 8014799, 0, 0, 0
114206, 7864292, 0, 0, 0
114222, 381855, 1, 0, 0
114301, 7831735, 0, 0, 0
114375, 373869, 1, 0, 0
114406, 7974588, 0, 0, 0
114495, 369502, 1, 0, 0
114503, 8042204, 0, 0, 0
114503, 398617, 1, 0, 0
114607, 7821353, 0, 0, 0
114622, 372424, 1, 0, 0
114702, 7728150, 0, 0, 0
114752, 372891, 1, 0, 0
114806, 8002688, 0, 0, 0
114823, 377812, 1, 0, 0
114907, 10044501, 0, 0, 0
114986, 378516, 1, 0, 0
115050, 47326958, 0, 0, 0
115106, 55912042, 0, 0, 0
115106, 371630, 1, 0, 0
115235, 42956403, 0, 0, 0
115307, 24109032, 0, 0, 0
115426, 39389652, 0, 0, 0
115445, 385162, 1, 0, 0
115504, 19481939, 0, 0, 0
115626, 40548637, 0, 0, 0
115746, 59751004, 0, 0, 0
115825, 39739002, 0, 0, 0
115825, 386893, 1, 0, 0
115923, 31957180, 0, 0, 0
116001, 19543777, 0, 0, 0
116138, 34098753, 0, 0, 0
116138, 385517, 1, 0, 0
116209, 35350037, 0, 0, 0
116241, 403665, 1, 0, 0
116313, 34596848, 0, 0, 0
116417, 34556166, 0, 0, 0
116490, 382086, 1, 0, 0
116529, 37139350, 0, 0, 0
116607, 39309830, 0, 0, 0
116688, 383075, 1, 0, 0
116711, 25777174, 0, 0, 0
116815, 26047546, 0, 0, 0
116816, 390209, 1, 0, 0
116927, 22354497, 0, 0, 0
117103, 8362854, 0, 0, 0
117152, 399936, 1, 0, 0
117201, 6990060, 0, 0, 0
117202, 383756, 1, 0, 0
117303, 7137038, 0, 0, 0
117324, 374715, 1, 0, 0
117401, 6847369, 0, 0, 0
117423, 379168, 1, 0, 0
117503, 6330910, 0, 0, 0
117504, 373921, 1, 0, 0
117602, 8106883, 0, 0, 0
117602, 375607, 1, 0, 0
117708, 7933032, 0, 0, 0
117708, 373866, 1, 0, 0
117802, 7639364, 0, 0, 0
117833, 371302, 1, 0, 0
117905, 7952356, 0, 0, 0
117914, 381696, 1, 0, 0
118000, 7765655, 0, 0, 0
118017, 372803, 1, 0, 0
118103, 7848786, 0, 0, 0
118162, 373972, 1, 0, 0
118200, 8003028, 0, 0, 0
118216, 374936, 1, 0, 0
118304, 7744361, 0, 0, 0
118305, 369045, 1, 0, 0
118401, 7924281, 0, 0, 0
118401, 374941, 1, 0, 0
118505, 7927964, 0, 0, 0
118576, 373128, 1, 0, 0
118607, 7768669, 0, 0, 0
118648, 380113, 1, 0, 0
118703, 7888034, 0, 0, 0
118776, 377296, 1, 0, 0
118801, 8092413, 0, 0, 0
118849, 375809, 1, 0, 0
118904, 7913610, 0, 0, 0
118919, 375540, 1, 0, 0
119006, 7773859, 0, 0, 0
119047, 380085, 1, 0, 0
119102, 7915943, 0, 0, 0
119158, 371224, 1, 0, 0
119207, 8022529, 0, 0, 0
119303, 7956669, 0, 0, 0
119382, 375498, 1, 0, 0
119406, 7899819, 0, 0, 0
119440, 368969, 1, 0, 0
119502, 7972575, 0, 0, 0
119514, 376441, 1, 0, 0
119605, 7476640, 0, 0, 0
119629, 370181, 1, 0, 0
119701, 7955849, 0, 0, 0
119710, 380522, 1, 0, 0
119805, 7921758, 0, 0, 0
119806, 373561, 1, 0, 0
119901, 7876691, 0, 0, 0
119975, 377361, 1, 0, 0
120005, 7970534, 0, 0, 0
120021, 375514, 1, 0, 0
120100, 7787445, 0, 0, 0
120125, 371026, 1, 0, 0
120204, 7827634, 0, 0, 0
120205, 371709, 1, 0, 0
120302, 8008418, 0, 0, 0
120382, 380181, 1, 0, 0
120407, 8050808, 0, 0, 0
120415, 370059, 1, 0, 0
120501, 7796251, 0, 0, 0
120558, 387422, 1, 0, 0
120605, 7929929, 0, 0, 0
120613, 368754, 1, 0, 0
120700, 7740775, 0, 0, 0
120717, 379020, 1, 0, 0
120804, 7872793, 0, 0, 0
120829, 370428, 1, 0, 0
120908, 7955448, 0, 0, 0
120908, 368540, 1, 0, 0
121003, 7806052, 0, 0, 0
121035, 383508, 1, 0, 0
121100, 377632, 1, 0, 0
121109, 8016486, 0, 0, 0
121205, 7902623, 0, 0, 0
121227, 373003, 1, 0, 0
121307, 7744906, 0, 0, 0
121339, 384476, 1, 0, 0
121402, 7816182, 0, 0, 0
121476, 372160, 1, 0, 0
121508, 8092367, 0, 0, 0
121541, 376743, 1, 0, 0
121602, 7753910, 0, 0, 0
121643, 370586, 1, 0, 0
121707, 8002896, 0, 0, 0
121771, 375023, 1, 0, 0
121802, 7806806, 0, 0, 0
121812, 371912, 1, 0, 0
121907, 7997720, 0, 0, 0
121930, 366934, 1, 0, 0
122002, 7719506, 0, 0, 0
122105, 7922666, 0, 0, 0
122195, 380077, 1, 0, 0
122202, 8037909, 0, 0, 0
122281, 376691, 1, 0, 0
122307, 8067993, 0, 0, 0
122378, 368494, 1, 0, 0
122401, 7766760, 0, 0, 0
122425, 366810, 1, 0, 0
122504, 7759851, 0, 0, 0
122515, 364131, 1, 0, 0
122601, 7933941, 0, 0, 0
122626, 370700, 1, 0, 0
122706, 7911059, 0, 0, 0
122720, 376500, 1, 0, 0
122800, 7761922, 0, 0, 0
122810, 379750, 1, 0, 0
122906, 8017624, 0, 0, 0
122947, 376228, 1, 0, 0
123008, 7708726, 0, 0, 0
123017, 367218, 1, 0, 0
123104, 7877443, 0, 0, 0
123169, 371959, 1, 0, 0
123210, 8157237, 0, 0, 0
123234, 387895, 1, 0, 0
123304, 7754103, 0, 0, 0
123313, 371505, 1, 0, 0
123401, 7922645, 0, 0, 0
123401, 375267, 1, 0, 0
123503, 7732096, 0, 0, 0
123503, 370544, 1, 0, 0
123600, 8005425, 0, 0, 0
125267, 7822753, 0, 0, 0
125302, 6975814, 0, 0, 0
125313, 375959, 1, 0, 0
125400, 5673587, 0, 0, 0
125429, 375012, 1, 0, 0
125508, 7096554, 0, 0, 0
125509, 365984, 1, 0, 0
125606, 8058312, 0, 0, 0
125613, 370442, 1, 0, 0
125708, 7748786, 0, 0, 0
125748, 370924, 1, 0, 0
125804, 7863352, 0, 0, 0
125804, 374148, 1, 0, 0
125900, 369629, 1, 0, 0
125908, 7886706, 0, 0, 0
126004, 7897059, 0, 0, 0
126044, 369552, 1, 0, 0
126105, 8363418, 0, 0, 0
126106, 377293, 1, 0, 0
126204, 7425865, 0, 0, 0
126220, 377013, 1, 0, 0
126308, 7890044, 0, 0, 0
126388, 369171, 1, 0, 0
126404, 7897461, 0, 0, 0
126412, 374544, 1, 0, 0
126507, 7868843, 0, 0, 0
126507, 372165, 1, 0, 0
126602, 7779268, 0, 0, 0
126630, 374545, 1, 0, 0
126700, 8006342, 0, 0, 0
126748, 367802, 1, 0, 0
126802, 7749077, 0, 0, 0
126875, 370826, 1, 0, 0
126907, 8022730, 0, 0, 0
126931, 378249, 1, 0, 0
127003, 7823298, 0, 0, 0
127026, 366990, 1, 0, 0
127105, 7793758, 0, 0, 0
127121, 369121, 1, 0, 0
127202, 8020749, 0, 0, 0
127243, 372608, 1, 0, 0
127306, 7800646, 0, 0, 0
127342, 364446, 1, 0, 0
127402, 7805652, 0, 0, 0
127450, 367525, 1, 0, 0
127507, 7998121, 0, 0, 0
127538, 375610, 1, 0, 0
127602, 7837160, 0, 0, 0
127665, 370862, 1, 0, 0
127706, 7817711, 0, 0, 0
127713, 363940, 1, 0, 0
127803, 7941018, 0, 0, 0
127832, 371355, 1, 0, 0
127904, 7686944, 0, 0, 0
127961, 391654, 1, 0, 0
128001, 7989011, 0, 0, 0
128032, 367243, 1, 0, 0
128104, 7888929, 0, 0, 0
128177, 377201, 1, 0, 0
128201, 8008612, 0, 0, 0
128201, 375809, 1, 0, 0
128304, 7942175, 0, 0, 0
128305, 371157, 1, 0, 0
128401, 7920053, 0, 0, 0
128408, 376209, 1, 0, 0
128506, 8526740, 0, 0, 0
128521, 370029, 1, 0, 0
128600, 7642123, 0, 0, 0
128625, 370632, 1, 0, 0
128705, 8040856, 0, 0, 0
128769, 385243, 1, 0, 0
128800, 7853656, 0, 0, 0
128800, 378200, 1, 0, 0
128905, 8106254, 0, 0, 0
128906, 384417, 1, 0, 0
129001, 7712838, 0, 0, 0
129018, 371825, 1, 0, 0
129105, 7845318, 0, 0, 0
129145, 367587, 1, 0, 0
129208, 7848477, 0, 0, 0
129279, 383472, 1, 0, 0
129303, 7888225, 0, 0, 0
129304, 377935, 1, 0, 0
129401, 8014178, 0, 0, 0
129431, 369125, 1, 0, 0
129503, 7581309, 0, 0, 0
129512, 372309, 1, 0, 0
129606, 7893104, 0, 0, 0
129615, 376775, 1, 0, 0
129704, 7971310, 0, 0, 0
129728, 376343, 1, 0, 0
129806, 7696742, 0, 0, 0
129848, 376769, 1, 0, 0
129902, 7970074, 0, 0, 0
129919, 374179, 1, 0, 0
130006, 7803163, 0, 0, 0
130023, 376000, 1, 0, 0
130103, 8052924, 0, 0, 0
130110, 374057, 1, 0, 0
130207, 7888543, 0, 0, 0
130214, 378302, 1, 0, 0
130304, 7919322, 0, 0, 0
130313, 371777, 1, 0, 0
130407, 7859641, 0, 0, 0
130422, 369573, 1, 0, 0
130502, 7788439, 0, 0, 0
130566, 372187, 1, 0, 0
130605, 7832382, 0, 0, 0
130623, 378956, 1, 0, 0
130701, 7907529, 0, 0, 0
130773, 374973, 1, 0, 0
130805, 7950549, 0, 0, 0
130900, 7932183, 0, 0, 0
130965, 373113, 1, 0, 0
131004, 7844117, 0, 0, 0
131053, 373454, 1, 0, 0
131100, 7907300, 0, 0, 0
131100, 376306, 1, 0, 0
131205, 8000357, 0, 0, 0
131220, 370528, 1, 0, 0
131301, 7810538, 0, 0, 0
131381, 380218, 1, 0, 0
131404, 7909607, 0, 0, 0
131405, 375992, 1, 0, 0
131500, 7854371, 0, 0, 0
131598, 370634, 1, 0, 0
131605, 8034572, 0, 0, 0
131645, 368553, 1, 0, 0
133440, 391845, 1, 0, 0
133447, 7646090, 0, 0, 0
133506, 6474910, 0, 0, 0
133601, 6788502, 0, 0, 0
133623, 385841, 1, 0, 0
133703, 6366651, 0, 0, 0
133730, 379592, 1, 0, 0
133801, 8757627, 0, 0, 0
133872, 380331, 1, 0, 0
133902, 8357470, 0, 0, 0
133902, 376443, 1, 0, 0
134000, 7391869, 0, 0, 0
134010, 380853, 1, 0, 0
134106, 8021581, 0, 0, 0
134112, 373248, 1, 0, 0
134210, 7817237, 0, 0, 0
134264, 372683, 1, 0, 0
134303, 7701466, 0, 0, 0
134337, 380389, 1, 0, 0
134400, 7958633, 0, 0, 0
134408, 379228, 1, 0, 0
134503, 7687879, 0, 0, 0
134503, 372687, 1, 0, 0
134601, 7840028, 0, 0, 0
134632, 371829, 1, 0, 0
134702, 7741550, 0, 0, 0
134703, 372116, 1, 0, 0
134809, 8011281, 0, 0, 0
134809, 373401, 1, 0, 0
134904, 7814027, 0, 0, 0
135007, 7880002, 0, 0, 0
135017, 376733, 1, 0, 0
135104, 8054198, 0, 0, 0
135128, 393017, 1, 0, 0
135207, 7840781, 0, 0, 0
135278, 375709, 1, 0, 0
135303, 7915088, 0, 0, 0
135310, 372661, 1, 0, 0
135406, 7890981, 0, 0, 0
135495, 384087, 1, 0, 0
135501, 7876703, 0, 0, 0
135518, 378810, 1, 0, 0
135606, 7875795, 0, 0, 0
135630, 368808, 1, 0, 0
135701, 7847162, 0, 0, 0
135719, 371215, 1, 0, 0
135806, 7909586, 0, 0, 0
135821, 371208, 1, 0, 0
135903, 7978291, 0, 0, 0
135911, 376673, 1, 0, 0
136004, 7755905, 0, 0, 0
136030, 408829, 1, 0, 0
136101, 7864975, 0, 0, 0
136132, 368710, 1, 0, 0
136204, 7852782, 0, 0, 0
136287, 372066, 1, 0, 0
136300, 7976613, 0, 0, 0
136300, 376342, 1, 0, 0
136403, 7914473, 0, 0, 0
136420, 368529, 1, 0, 0
136500, 7985122, 0, 0, 0
136500, 373321, 1, 0, 0
136603, 7849910, 0, 0, 0
136700, 8092821, 0, 0, 0
136725, 377394, 1, 0, 0
136803, 7756710, 0, 0, 0
136867, 368442, 1, 0, 0
136909, 8071360, 0, 0, 0
136924, 383102, 1, 0, 0
137004, 7687402, 0, 0, 0
137069, 375598, 1, 0, 0
137100, 7973915, 0, 0, 0
137116, 380477, 1, 0, 0
137203, 7862756, 0, 0, 0
137204, 378144, 1, 0, 0
137300, 7887556, 0, 0, 0
137325, 373282, 1, 0, 0
137402, 7702463, 0, 0, 0
137402, 373563, 1, 0, 0
137506, 7938345, 0, 0, 0
137578, 367725, 1, 0, 0
137602, 8004834, 0, 0, 0
137643, 377323, 1, 0, 0
137700, 8022833, 0, 0, 0
137706, 371932, 1, 0, 0
137801, 7670716, 0, 0, 0
137867, 371918, 1, 0, 0
137907, 8109206, 0, 0, 0
137915, 368359, 1, 0, 0
138001, 7844444, 0, 0, 0
138050, 383028, 1, 0, 0
138106, 7886310, 0, 0, 0
138115, 374386, 1, 0, 0
138201, 7768776, 0, 0, 0
138201, 368194, 1, 0, 0
138304, 7863130, 0, 0, 0
138329, 372075, 1, 0, 0
138401, 7913863, 0, 0, 0
138504, 7969354, 0, 0, 0
138553, 372240, 1, 0, 0
138601, 8006920, 0, 0, 0
138680, 375620, 1, 0, 0
138705, 7970729, 0, 0, 0
138713, 373073, 1, 0, 0
138801, 7863071, 0, 0, 0
138880, 395534, 1, 0, 0
138905, 8003990, 0, 0, 0
139000, 7938652, 0, 0, 0
139001, 389562, 1, 0, 0
139104, 7855920, 0, 0, 0
139161, 371136, 1, 0, 0
139201, 8046121, 0, 0, 0
139202, 369627, 1, 0, 0
139303, 7667247, 0, 0, 0
139314, 376280, 1, 0, 0
139401, 8036576, 0, 0, 0
139491, 387130, 1, 0, 0
139506, 8006019, 0, 0, 0
139506, 366238, 1, 0, 0
139602, 7814064, 0, 0, 0
139618, 369398, 1, 0, 0
139702, 7529721, 0, 0, 0
139702, 373628, 1, 0, 0
139807, 7970051, 0, 0, 0
139822, 380632, 1, 0, 0
139904, 7831544, 0, 0, 0
139913, 368360, 1, 0, 0
142485, 7659961, 0, 0, 0
142503, 6032339, 0, 0, 0
142516, 375932, 1, 0, 0
142601, 5655637, 0, 0, 0
142633, 384047, 1, 0, 0
142700, 6152165, 0, 0, 0
142706, 369132, 1, 0, 0
142800, 6219561, 0, 0, 0
142830, 374462, 1, 0, 0
142900, 6089659, 0, 0, 0
142965, 378207, 1, 0, 0
143005, 6108578, 0, 0, 0
143020, 373013, 1, 0, 0
143103, 6909317, 0, 0, 0
143169, 372171, 1, 0, 0
143200, 6014187, 0, 0, 0
143282, 376215, 1, 0, 0
143303, 6861160, 0, 0, 0
143328, 378390, 1, 0, 0
143404, 5905221, 0, 0, 0
143428, 378403, 1, 0, 0
143506, 6297167, 0, 0, 0
143530, 375193, 1, 0, 0
143600, 6195705, 0, 0, 0
143600, 403446, 1, 0, 0
143701, 5875592, 0, 0, 0
143708, 379132, 1, 0, 0
143801, 6485034, 0, 0, 0
143855, 368756, 1, 0, 0
143906, 6467714, 0, 0, 0
143926, 386675, 1, 0, 0
144004, 6000135, 0, 0, 0
144011, 373622, 1, 0, 0
144101, 5964187, 0, 0, 0
144107, 371691, 1, 0, 0
144204, 6347025, 0, 0, 0
144210, 370245, 1, 0, 0
144304, 5700473, 0, 0, 0
144338, 375238, 1, 0, 0
144402, 5338581, 0, 0, 0
144402, 370627, 1, 0, 0
144504, 5850225, 0, 0, 0
144514, 373046, 1, 0, 0
144600, 5863719, 0, 0, 0
144653, 376306, 1, 0, 0
144701, 5876340, 0, 0, 0
144719, 387056, 1, 0, 0
144802, 6215506, 0, 0, 0
144822, 369710, 1, 0, 0
144900, 377792, 1, 0, 0
144907, 6482741, 0, 0, 0
145005, 6136617, 0, 0, 0
145073, 379899, 1, 0, 0
145100, 6230350, 0, 0, 0
145148, 374904, 1, 0, 0
145200, 6190878, 0, 0, 0
145206, 370596, 1, 0, 0
145305, 5741130, 0, 0, 0
145315, 374122, 1, 0, 0
145402, 5995805, 0, 0, 0
145435, 371623, 1, 0, 0
145507, 6076184, 0, 0, 0
145533, 373709, 1, 0, 0
145606, 6574778, 0, 0, 0
145647, 372130, 1, 0, 0
145701, 7847238, 0, 0, 0
145734, 372548, 1, 0, 0
145807, 8033268, 0, 0, 0
145847, 374568, 1, 0, 0
145903, 7885056, 0, 0, 0
146005, 7809371, 0, 0, 0
146077, 374810, 1, 0, 0
146100, 7928488, 0, 0, 0
146157, 368566, 1, 0, 0
146205, 8003084, 0, 0, 0
146221, 378901, 1, 0, 0
146301, 7924617, 0, 0, 0
146301, 369632, 1, 0, 0
146403, 7664850, 0, 0, 0
146437, 371150, 1, 0, 0
146508, 7862751, 0, 0, 0
146524, 375684, 1, 0, 0
146605, 7963638, 0, 0, 0
146676, 381237, 1, 0, 0
146702, 7964160, 0, 0, 0
146702, 378402, 1, 0, 0
146804, 7707770, 0, 0, 0
146828, 373076, 1, 0, 0
146907, 7905609, 0, 0, 0
147004, 8003816, 0, 0, 0
147011, 371062, 1, 0, 0
147100, 7957716, 0, 0, 0
147140, 386032, 1, 0, 0
147204, 7926965, 0, 0, 0
147329, 11352260, 0, 0, 0
147369, 375160, 1, 0, 0
147409, 39716742, 0, 0, 0
147521, 28029795, 0, 0, 0
147607, 43390124, 0, 0, 0
147721, 56526080, 0, 0, 0
147761, 430284, 1, 0, 0
147800, 39422653, 0, 0, 0
147935, 27119695, 0, 0, 0
148015, 39697838, 0, 0, 0
148119, 25958547, 0, 0, 0
148119, 423608, 1, 0, 0
148224, 34609015, 0, 0, 0
148256, 395452, 1, 0, 0
148326, 34054920, 0, 0, 0
148431, 52118094, 0, 0, 0
148534, 51817693, 0, 0, 0
148608, 36841119, 0, 0, 0
148663, 368969, 1, 0, 0
148735, 31535603, 0, 0, 0
148814, 39372386, 0, 0, 0
148904, 10001918, 0, 0, 0
148913, 395143, 1, 0, 0
149001, 8026568, 0, 0, 0
149026, 380886, 1, 0, 0
149105, 7761052, 0, 0, 0
149153, 370122, 1, 0, 0
149202, 8080630, 0, 0, 0
149233, 361951, 1, 0, 0
149303, 7653071, 0, 0, 0
149313, 366724, 1, 0, 0
149400, 8050222, 0, 0, 0
149401, 367376, 1, 0, 0
149503, 7778313, 0, 0, 0
149560, 372913, 1, 0, 0
149811, 7922187, 0, 0, 0
149822, 361278, 1, 0, 0
149901, 5896779, 0, 0, 0
149925, 385717, 1, 0, 0
150001, 6532048, 0, 0, 0
150103, 8503075, 0, 0, 0
150135, 368132, 1, 0, 0
150206, 7920191, 0, 0, 0
150222, 374644, 1, 0, 0
150303, 7982358, 0, 0, 0
150342, 386950, 1, 0, 0
150400, 8033009, 0, 0, 0
150416, 377982, 1, 0, 0
150504, 7835658, 0, 0, 0
150590, 385194, 1, 0, 0
150606, 7758367, 0, 0, 0
150646, 374491, 1, 0, 0
150703, 7987141, 0, 0, 0
150709, 376901, 1, 0, 0
150805, 7718464, 0, 0, 0
150831, 375499, 1, 0, 0
150901, 7932571, 0, 0, 0
150902, 380609, 1, 0, 0
151000, 8171225, 0, 0, 0
151008, 376460, 1, 0, 0
151102, 7633787, 0, 0, 0
151118, 376067, 1, 0, 0
151206, 7947280, 0, 0, 0
151207, 375341, 1, 0, 0
151302, 7876754, 0, 0, 0
151303, 375890, 1, 0, 0
151406, 7799039, 0, 0, 0
151420, 381783, 1, 0, 0
151502, 7902988, 0, 0, 0
151532, 376666, 1, 0, 0
151605, 7883378, 0, 0, 0
151614, 375813, 1, 0, 0
151708, 7812116, 0, 0, 0
151709, 378090, 1, 0, 0
151805, 7905152, 0, 0, 0
151805, 369124, 1, 0, 0
151900, 371188, 1, 0, 0
151908, 7744414, 0, 0, 0
152003, 7835397, 0, 0, 0
152004, 379801, 1, 0, 0
152100, 7987189, 0, 0, 0
152164, 373933, 1, 0, 0
152204, 8005065, 0, 0, 0
152205, 388165, 1, 0, 0
152300, 7801601, 0, 0, 0
152347, 379691, 1, 0, 0
152403, 7914169, 0, 0, 0
152468, 373524, 1, 0, 0
152506, 7826048, 0, 0, 0
152506, 368903, 1, 0, 0
152603, 7982924, 0, 0, 0
152636, 375935, 1, 0, 0
152708, 7934550, 0, 0, 0
152724, 369572, 1, 0, 0
152803, 7858873, 0, 0, 0
152876, 380754, 1, 0, 0
152900, 7985520, 0, 0, 0
152931, 369229, 1, 0, 0
153004, 7850338, 0, 0, 0
153027, 371745, 1, 0, 0
153107, 7683410, 0, 0, 0
153107, 368779, 1, 0, 0
153202, 7853792, 0, 0, 0
153210, 370472, 1, 0, 0
153306, 7796530, 0, 0, 0
153330, 367309, 1, 0, 0
153401, 7842681, 0, 0, 0
153505, 8028132, 0, 0, 0
153546, 373112, 1, 0, 0
153600, 7877991, 0, 0, 0
153618, 367474, 1, 0, 0
153705, 7899310, 0, 0, 0
153730, 365669, 1, 0, 0
153803, 8006161, 0, 0, 0
153825, 372223, 1, 0, 0
153904, 7617928, 0, 0, 0
153937, 368525, 1, 0, 0
154000, 7813406, 0, 0, 0
154009, 370998, 1, 0, 0
154105, 7987130, 0, 0, 0
154163, 367171, 1, 0, 0
154201, 7907532, 0, 0, 0
154210, 368623, 1, 0, 0
154303, 7666276, 0, 0, 0
154312, 371154, 1, 0, 0
154401, 7787309, 0, 0, 0
154432, 365302, 1, 0, 0
154505, 7909259, 0, 0, 0
154505, 366296, 1, 0, 0
154600, 7808691, 0, 0, 0
154601, 372153, 1, 0, 0
154704, 7925253, 0, 0, 0
154743, 364426, 1, 0, 0
154800, 369634, 1, 0, 0
154808, 7863493, 0, 0, 0
154903, 7890310, 0, 0, 0
154935, 370466, 1, 0, 0
155001, 8026940, 0, 0, 0
155047, 370944, 1, 0, 0
155104, 7803503, 0, 0, 0
155112, 368501, 1, 0, 0
155200, 7960705, 0, 0, 0
155231, 377345, 1, 0, 0
155303, 7778584, 0, 0, 0
155335, 364414, 1, 0, 0
155407, 7907225, 0, 0, 0
155438, 370598, 1, 0, 0
155503, 7932030, 0, 0, 0
155503, 373685, 1, 0, 0
155600, 8001173, 0, 0, 0
155600, 374260, 1, 0, 0
155701, 7724789, 0, 0, 0
155806, 8024727, 0, 0, 0
155806, 371596, 1, 0, 0
155901, 7874116, 0, 0, 0
155976, 371993, 1, 0, 0
156006, 7982767, 0, 0, 0
156006, 369976, 1, 0, 0
156102, 7876147, 0, 0, 0
156118, 368442, 1, 0, 0
156205, 7834434, 0, 0, 0
156213, 365656, 1, 0, 0
157994, 8317793, 0, 0, 0
158002, 8422252, 0, 0, 0
158047, 380507, 1, 0, 0
158103, 6978068, 0, 0, 0
158110, 376071, 1, 0, 0
158206, 6672711, 0, 0, 0
158248, 373726, 1, 0, 0
158303, 6414803, 0, 0, 0
158304, 379169, 1, 0, 0
158401, 7388526, 0, 0, 0
158459, 372232, 1, 0, 0
158507, 8026957, 0, 0, 0
158530, 383925, 1, 0, 0
158603, 8615140, 0, 0, 0
158651, 375512, 1, 0, 0
158707, 7807662, 0, 0, 0
158796, 368684, 1, 0, 0
158805, 8161576, 0, 0, 0
158851, 371501, 1, 0, 0
158906, 7753470, 0, 0, 0
158970, 384951, 1, 0, 0
159002, 7951678, 0, 0, 0
159059, 372081, 1, 0, 0
159101, 8083097, 0, 0, 0
159122, 371123, 1, 0, 0
159203, 7741046, 0, 0, 0
159217, 378839, 1, 0, 0
159305, 7824627, 0, 0, 0
159345, 377741, 1, 0, 0
159401, 7890604, 0, 0, 0
159433, 379188, 1, 0, 0
159504, 7782377, 0, 0, 0
159513, 371142, 1, 0, 0
159601, 7906548, 0, 0, 0
159659, 371600, 1, 0, 0
159704, 7879053, 0, 0, 0
159712, 371512, 1, 0, 0
159801, 7932729, 0, 0, 0
159881, 374742, 1, 0, 0
159903, 7732162, 0, 0, 0
159936, 381606, 1, 0, 0
160000, 376764, 1, 0, 0
160007, 7921492, 0, 0, 0
160106, 7937487, 0, 0, 0
160112, 374056, 1, 0, 0
160200, 7505119, 0, 0, 0
160306, 8149487, 0, 0, 0
160313, 372657, 1, 0, 0
160401, 7803354, 0, 0, 0
160448, 382298, 1, 0, 0
160503, 7672410, 0, 0, 0
160600, 8072677, 0, 0, 0
160616, 378224, 1, 0, 0
160703, 7843290, 0, 0, 0
160728, 377304, 1, 0, 0
160806, 7902237, 0, 0, 0
160894, 393629, 1, 0, 0
160901, 7874418, 0, 0, 0
160919, 387506, 1, 0, 0
161005, 7928243, 0, 0, 0
161005, 369930, 1, 0, 0
161101, 7875279, 0, 0, 0
161135, 377062, 1, 0, 0
161207, 8091743, 0, 0, 0
161256, 387508, 1, 0, 0
161302, 7861176, 0, 0, 0
161302, 372133, 1, 0, 0
161405, 7887688, 0, 0, 0
161439, 376412, 1, 0, 0
161503, 7984542, 0, 0, 0
161542, 379901, 1, 0, 0
161606, 7753203, 0, 0, 0
161662, 369111, 1, 0, 0
161701, 7876022, 0, 0, 0
161718, 375215, 1, 0, 0
161806, 7957446, 0, 0, 0
161822, 377030, 1, 0, 0
161902, 7935197, 0, 0, 0
161902, 374992, 1, 0, 0
162005, 7894414, 0, 0, 0
162006, 379355, 1, 0, 0
162101, 7893544, 0, 0, 0
162156, 371827, 1, 0, 0
162205, 7960797, 0, 0, 0
162300, 7927997, 0, 0, 0
162405, 8041256, 0, 0, 0
162430, 380454, 1, 0, 0
162500, 7713182, 0, 0, 0
162517, 373719, 1, 0, 0
162603, 7845178, 0, 0, 0
162622, 374245, 1, 0, 0
162708, 7823968, 0, 0, 0
162762, 371527, 1, 0, 0
162803, 7871386, 0, 0, 0
162867, 374155, 1, 0, 0
162907, 7883608, 0, 0, 0
162916, 368417, 1, 0, 0
163002, 7823584, 0, 0, 0
163011, 377965, 1, 0, 0
163106, 7897354, 0, 0, 0
163163, 374730, 1, 0, 0
163203, 7994529, 0, 0, 0
163250, 381298, 1, 0, 0
163306, 7830100, 0, 0, 0
163306, 382045, 1, 0, 0
163402, 7967643, 0, 0, 0
163460, 374795, 1, 0, 0
163500, 377157, 1, 0, 0
163506, 7895531, 0, 0, 0
163601, 7738092, 0, 0, 0
163625, 379910, 1, 0, 0
163705, 7874698, 0, 0, 0
163802, 8069524, 0, 0, 0
163819, 373622, 1, 0, 0
163905, 7729091, 0, 0, 0
163921, 371969, 1, 0, 0
164001, 7949877, 0, 0, 0
164002, 378737, 1, 0, 0
164105, 7864409, 0, 0, 0
164145, 371747, 1, 0, 0
164202, 7930020, 0, 0, 0
164233, 373245, 1, 0, 0
164305, 7799364, 0, 0, 0
164305, 381427, 1, 0, 0
164401, 7753395, 0, 0, 0
166165, 376861, 1, 0, 0
166171, 7721795, 0, 0, 0
166203, 6146343, 0, 0, 0
166242, 363656, 1, 0, 0
166303, 7049732, 0, 0, 0
166338, 380839, 1, 0, 0
166406, 6601919, 0, 0, 0
166438, 368259, 1, 0, 0
166510, 6879338, 0, 0, 0
166546, 372502, 1, 0, 0
166605, 7729676, 0, 0, 0
166616, 374006, 1, 0, 0
166702, 7792534, 0, 0, 0
166702, 369068, 1, 0, 0
166806, 7912651, 0, 0, 0
166831, 373213, 1, 0, 0
166903, 7928490, 0, 0, 0
166957, 373883, 1, 0, 0
167006, 7848832, 0, 0, 0
167071, 387712, 1, 0, 0
167100, 7861274, 0, 0, 0
167156, 367130, 1, 0, 0
167205, 7952833, 0, 0, 0
167261, 381779, 1, 0, 0
167301, 7937306, 0, 0, 0
167301, 374385, 1, 0, 0
167403, 7724549, 0, 0, 0
167422, 374155, 1, 0, 0
167500, 7972317, 0, 0, 0
167500, 391579, 1, 0, 0
167604, 7785612, 0, 0, 0
167614, 374390, 1, 0, 0
167701, 8039333, 0, 0, 0
167764, 388742, 1, 0, 0
167804, 7921646, 0, 0, 0
167804, 393948, 1, 0, 0
167907, 7791979, 0, 0, 0
167948, 378347, 1, 0, 0
168003, 7869491, 0, 0, 0
168021, 380418, 1, 0, 0
168100, 7924842, 0, 0, 0
168101, 382971, 1, 0, 0
168203, 7667501, 0, 0, 0
168236, 375119, 1, 0, 0
168307, 7962567, 0, 0, 0
168339, 377586, 1, 0, 0
168403, 7804543, 0, 0, 0
168412, 369749, 1, 0, 0
168507, 7904605, 0, 0, 0
168507, 370448, 1, 0, 0
168603, 7836567, 0, 0, 0
168612, 375080, 1, 0, 0
168705, 7719673, 0, 0, 0
168722, 369254, 1, 0, 0
168801, 7835151, 0, 0, 0
168827, 367459, 1, 0, 0
168906, 7968869, 0, 0, 0
168931, 372685, 1, 0, 0
169003, 8579251, 0, 0, 0
169013, 365813, 1, 0, 0
169105, 7768965, 0, 0, 0
169194, 370580, 1, 0, 0
169202, 8031681, 0, 0, 0
169258, 365385, 1, 0, 0
169305, 7914878, 0, 0, 0
169353, 366388, 1, 0, 0
169401, 7784200, 0, 0, 0
169418, 366317, 1, 0, 0
169504, 7876464, 0, 0, 0
169545, 367501, 1, 0, 0
169600, 7947794, 0, 0, 0
169634, 365147, 1, 0, 0
169705, 8013824, 0, 0, 0
169722, 374885, 1, 0, 0
169803, 8056206, 0, 0, 0
169810, 368252, 1, 0, 0
169905, 7819688, 0, 0, 0
169913, 372718, 1, 0, 0
170000, 7846469, 0, 0, 0
170025, 375016, 1, 0, 0
170103, 7797355, 0, 0, 0
170103, 369365, 1, 0, 0
170201, 7939458, 0, 0, 0
170249, 367389, 1, 0, 0
170303, 7799477, 0, 0, 0
170303, 380271, 1, 0, 0
170407, 7960416, 0, 0, 0
170471, 387041, 1, 0, 0
170504, 7957865, 0, 0, 0
170512, 365456, 1, 0, 0
170607, 7674174, 0, 0, 0
170607, 365857, 1, 0, 0
170702, 7903817, 0, 0, 0
170727, 366102, 1, 0, 0
170800, 7973189, 0, 0, 0
170807, 369013, 1, 0, 0
170903, 7750314, 0, 0, 0
170911, 368009, 1, 0, 0
171006, 7818115, 0, 0, 0
171048, 367959, 1, 0, 0
171102, 7885703, 0, 0, 0
171189, 368073, 1, 0, 0
171206, 7961420, 0, 0, 0
171206, 365282, 1, 0, 0
171301, 7709587, 0, 0, 0
171301, 368632, 1, 0, 0
171405, 7808499, 0, 0, 0
171422, 367535, 1, 0, 0
171501, 7860543, 0, 0, 0
171526, 369282, 1, 0, 0
171604, 7773547, 0, 0, 0
171701, 8080848, 0, 0, 0
171710, 367363, 1, 0, 0
171804, 7831214, 0, 0, 0
171847, 369804, 1, 0, 0
171902, 8108370, 0, 0, 0
171950, 367334, 1, 0, 0
172006, 7908365, 0, 0, 0
172077, 369937, 1, 0, 0
172102, 8018142, 0, 0, 0
172116, 372901, 1, 0, 0
172204, 7696014, 0, 0, 0
172221, 373342, 1, 0, 0
172300, 7812840, 0, 0, 0
172324, 368451, 1, 0, 0
172403, 7887488, 0, 0, 0
172421, 372245, 1, 0, 0
176629, 7861465, 0, 0, 0
176668, 377678, 1, 0, 0
176704, 6661609, 0, 0, 0
176781, 376721, 1, 0, 0
176802, 6491714, 0, 0, 0
176802, 372702, 1, 0, 0
176905, 6636939, 0, 0, 0
176912, 369766, 1, 0, 0
177000, 6566405, 0, 0, 0
177000, 369696, 1, 0, 0
177100, 6618336, 0, 0, 0
177107, 379971, 1, 0, 0
177202, 5434115, 0, 0, 0
177217, 367274, 1, 0, 0
177300, 6400533, 0, 0, 0
177300, 372305, 1, 0, 0
177401, 7113651, 0, 0, 0
177415, 372029, 1, 0, 0
177503, 6641435, 0, 0, 0
177545, 366278, 1, 0, 0
177605, 6603801, 0, 0, 0
177617, 365906, 1, 0, 0
177701, 6374598, 0, 0, 0
177718, 375850, 1, 0, 0
177802, 5891724, 0, 0, 0
177815, 336000, 1, 0, 0
177903, 6200672, 0, 0, 0
177954, 372553, 1, 0, 0
178001, 5649523, 0, 0, 0
178018, 371896, 1, 0, 0
178106, 6458379, 0, 0, 0
178128, 364838, 1, 0, 0
178200, 7075477, 0, 0, 0
178207, 368266, 1, 0, 0
178306, 6605538, 0, 0, 0
178328, 372346, 1, 0, 0
178404, 6346457, 0, 0, 0
178404, 365817, 1, 0, 0
178501, 5948214, 0, 0, 0
178501, 371950, 1, 0, 0
178604, 6398945, 0, 0, 0
178610, 375511, 1, 0, 0
178704, 6041229, 0, 0, 0
178791, 367006, 1, 0, 0
178803, 6106118, 0, 0, 0
178815, 373540, 1, 0, 0
178904, 6290691, 0, 0, 0
178911, 363797, 1, 0, 0
179002, 5714500, 0, 0, 0
179008, 373240, 1, 0, 0
179103, 6200314, 0, 0, 0
179254, 21592366, 0, 0, 0
179334, 40097170, 0, 0, 0
179334, 400261, 1, 0, 0
179430, 31605683, 0, 0, 0
179502, 36247368, 0, 0, 0
179543, 392334, 1, 0, 0
179622, 29793389, 0, 0, 0
179646, 422717, 1, 0, 0
179725, 34424243, 0, 0, 0
179800, 18578067, 0, 0, 0
179826, 385212, 1, 0, 0
179905, 8028666, 0, 0, 0
179913, 390279, 1, 0, 0
180000, 7837798, 0, 0, 0
180000, 366299, 1, 0, 0
