100, 140, 0, 0, 0
100, 30, 1, 0, 0
200, 170, 0, 0, 0
200, 70, 1, 0, 0
300, 160, 0, 0, 0
300, 40, 1, 0, 0
400, 150, 0, 0, 0
400, 50, 1, 0, 0
500, 160, 0, 0, 0
500, 60, 1, 0, 0
600, 120, 0, 0, 0
600, 20, 1, 0, 0
700, 150, 0, 0, 0
700, 60, 1, 0, 0
800, 150, 0, 0, 0
800, 80, 1, 0, 0
900, 170, 0, 0, 0
900, 40, 1, 0, 0
1000, 120, 0, 0, 0
1000, 10, 1, 0, 0
1100, 130, 0, 0, 0
1100, 20, 1, 0, 0
1200, 120, 0, 0, 0
1300, 130, 0, 0, 0
1300, 10, 1, 0, 0
1400, 130, 0, 0, 0
1400, 10, 1, 0, 0
1500, 120, 0, 0, 0
1500, 50, 1, 0, 0
1600, 130, 0, 0, 0
1600, 30, 1, 0, 0
1700, 120, 0, 0, 0
1700, 30, 1, 0, 0
1800, 130, 0, 0, 0
1800, 60, 1, 0, 0
1900, 120, 0, 0, 0
1900, 50, 1, 0, 0
2001, 130, 0, 0, 0
2001, 70, 1, 0, 0
2100, 121, 0, 0, 0
2100, 30, 1, 0, 0
2200, 130, 0, 0, 0
2200, 80, 1, 0, 0
2300, 120, 0, 0, 0
2300, 20, 1, 0, 0
2400, 120, 0, 0, 0
2400, 20, 1, 0, 0
2500, 130, 0, 0, 0
2500, 60, 1, 0, 0
2600, 130, 0, 0, 0
2700, 120, 0, 0, 0
2700, 20, 1, 0, 0
2800, 130, 0, 0, 0
2800, 60, 1, 0, 0
2900, 120, 0, 0, 0
2900, 60, 1, 0, 0
3000, 130, 0, 0, 0
3000, 30, 1, 0, 0
3100, 120, 0, 0, 0
3200, 130, 0, 0, 0
3200, 10, 1, 0, 0
3300, 120, 0, 0, 0
3300, 10, 1, 0, 0
3400, 130, 0, 0, 0
3400, 30, 1, 0, 0
3500, 120, 0, 0, 0
3500, 40, 1, 0, 0
3600, 130, 0, 0, 0
3600, 90, 1, 0, 0
3700, 130, 0, 0, 0
3700, 20, 1, 0, 0
3800, 120, 0, 0, 0
3800, 80, 1, 0, 0
3900, 120, 0, 0, 0
3900, 20, 1, 0, 0
4000, 130, 0, 0, 0
4000, 20, 1, 0, 0
4100, 130, 0, 0, 0
4100, 30, 1, 0, 0
4200, 120, 0, 0, 0
4200, 50, 1, 0, 0
4300, 120, 0, 0, 0
4300, 40, 1, 0, 0
4400, 130, 0, 0, 0
4400, 40, 1, 0, 0
4500, 130, 0, 0, 0
4500, 10, 1, 0, 0
4600, 120, 0, 0, 0
4600, 80, 1, 0, 0
4700, 130, 0, 0, 0
4700, 50, 1, 0, 0
4800, 120, 0, 0, 0
4900, 130, 0, 0, 0
4900, 40, 1, 0, 0
5001, 120, 0, 0, 0
5001, 70, 1, 0, 0
5100, 131, 0, 0, 0
5100, 40, 1, 0, 0
5200, 120, 0, 0, 0
5200, 50, 1, 0, 0
5300, 120, 0, 0, 0
5300, 20, 1, 0, 0
5400, 130, 0, 0, 0
5400, 20, 1, 0, 0
5500, 130, 0, 0, 0
5500, 30, 1, 0, 0
5600, 120, 0, 0, 0
5600, 30, 1, 0, 0
5700, 130, 0, 0, 0
5700, 10, 1, 0, 0
5800, 120, 0, 0, 0
5800, 50, 1, 0, 0
5900, 130, 0, 0, 0
5900, 20, 1, 0, 0
6000, 120, 0, 0, 0
6000, 50, 1, 0, 0
6100, 130, 0, 0, 0
6100, 10, 1, 0, 0
6200, 110, 0, 0, 0
6200, 20, 1, 0, 0
8100, 120, 0, 0, 0
8100, 30, 1, 0, 0
8200, 140, 0, 0, 0
8200, 40, 1, 0, 0
8300, 130, 0, 0, 0
8300, 50, 1, 0, 0
8400, 130, 0, 0, 0
8500, 120, 0, 0, 0
8500, 60, 1, 0, 0
8600, 130, 0, 0, 0
8600, 20, 1, 0, 0
8700, 120, 0, 0, 0
8700, 60, 1, 0, 0
8800, 120, 0, 0, 0
8800, 20, 1, 0, 0
8900, 130, 0, 0, 0
8900, 10, 1, 0, 0
9000, 130, 0, 0, 0
9000, 20, 1, 0, 0
9100, 120, 0, 0, 0
9100, 40, 1, 0, 0
9200, 130, 0, 0, 0
9200, 20, 1, 0, 0
9300, 120, 0, 0, 0
9300, 10, 1, 0, 0
9400, 130, 0, 0, 0
9400, 40, 1, 0, 0
9500, 120, 0, 0, 0
9600, 130, 0, 0, 0
9600, 30, 1, 0, 0
9700, 120, 0, 0, 0
9700, 30, 1, 0, 0
9800, 120, 0, 0, 0
9800, 20, 1, 0, 0
9900, 130, 0, 0, 0
9900, 30, 1, 0, 0
10000, 130, 0, 0, 0
10100, 120, 0, 0, 0
10100, 20, 1, 0, 0
10200, 130, 0, 0, 0
10200, 70, 1, 0, 0
10300, 120, 0, 0, 0
10300, 50, 1, 0, 0
10400, 130, 0, 0, 0
10400, 30, 1, 0, 0
10500, 120, 0, 0, 0
10500, 20, 1, 0, 0
10600, 130, 0, 0, 0
10600, 30, 1, 0, 0
10700, 130, 0, 0, 0
10700, 30, 1, 0, 0
10800, 121, 0, 0, 0
10800, 10, 1, 0, 0
10900, 120, 0, 0, 0
10900, 10, 1, 0, 0
11000, 130, 0, 0, 0
11000, 80, 1, 0, 0
11100, 120, 0, 0, 0
11100, 10, 1, 0, 0
11200, 130, 0, 0, 0
11200, 20, 1, 0, 0
11300, 120, 0, 0, 0
11300, 10, 1, 0, 0
11400, 130, 0, 0, 0
11400, 20, 1, 0, 0
11500, 120, 0, 0, 0
11500, 30, 1, 0, 0
11600, 130, 0, 0, 0
11600, 10, 1, 0, 0
11700, 130, 0, 0, 0
11800, 120, 0, 0, 0
11800, 50, 1, 0, 0
11900, 130, 0, 0, 0
11900, 40, 1, 0, 0
12000, 120, 0, 0, 0
12000, 50, 1, 0, 0
12100, 120, 0, 0, 0
12100, 30, 1, 0, 0
12200, 130, 0, 0, 0
12200, 20, 1, 0, 0
12300, 130, 0, 0, 0
12300, 20, 1, 0, 0
12400, 120, 0, 0, 0
12400, 30, 1, 0, 0
12500, 130, 0, 0, 0
12500, 30, 1, 0, 0
12600, 120, 0, 0, 0
12600, 50, 1, 0, 0
12700, 130, 0, 0, 0
12700, 50, 1, 0, 0
12800, 120, 0, 0, 0
12800, 50, 1, 0, 0
12900, 130, 0, 0, 0
12900, 10, 1, 0, 0
13000, 120, 0, 0, 0
13000, 10, 1, 0, 0
13100, 130, 0, 0, 0
13100, 50, 1, 0, 0
13200, 120, 0, 0, 0
13200, 80, 1, 0, 0
13300, 130, 0, 0, 0
13300, 10, 1, 0, 0
13400, 120, 0, 0, 0
13400, 50, 1, 0, 0
13500, 130, 0, 0, 0
13500, 10, 1, 0, 0
13600, 120, 0, 0, 0
13600, 40, 1, 0, 0
13700, 130, 0, 0, 0
13700, 40, 1, 0, 0
13800, 120, 0, 0, 0
13800, 50, 1, 0, 0
13900, 130, 0, 0, 0
13900, 20, 1, 0, 0
14000, 120, 0, 0, 0
14000, 40, 1, 0, 0
14100, 130, 0, 0, 0
14100, 40, 1, 0, 0
14200, 120, 0, 0, 0
14300, 130, 0, 0, 0
14300, 20, 1, 0, 0
14400, 130, 0, 0, 0
14400, 50, 1, 0, 0
14501, 100, 0, 0, 0
14501, 10, 1, 0, 0
14600, 90, 0, 0, 0
14600, 20, 1, 0, 0
14700, 70, 0, 0, 0
16300, 10, 0, 0, 0
16400, 100, 0, 0, 0
16400, 40, 1, 0, 0
16500, 90, 0, 0, 0
16500, 10, 1, 0, 0
16600, 60, 0, 0, 0
16600, 50, 1, 0, 0
16700, 60, 0, 0, 0
16700, 20, 1, 0, 0
16800, 90, 0, 0, 0
16800, 40, 1, 0, 0
16900, 80, 0, 0, 0
16900, 10, 1, 0, 0
17000, 70, 0, 0, 0
17000, 10, 1, 0, 0
17100, 80, 0, 0, 0
17100, 10, 1, 0, 0
17200, 90, 0, 0, 0
17200, 20, 1, 0, 0
17301, 70, 0, 0, 0
17400, 70, 0, 0, 0
17400, 10, 1, 0, 0
17500, 40, 0, 0, 0
17500, 10, 1, 0, 0
17600, 70, 0, 0, 0
17600, 10, 1, 0, 0
17700, 40, 0, 0, 0
17800, 100, 0, 0, 0
17800, 20, 1, 0, 0
17900, 140, 0, 0, 0
17900, 20, 1, 0, 0
18000, 20, 0, 0, 0
18100, 70, 0, 0, 0
18100, 30, 1, 0, 0
18200, 70, 0, 0, 0
18300, 90, 0, 0, 0
18300, 40, 1, 0, 0
18400, 120, 0, 0, 0
18400, 70, 1, 0, 0
18500, 20, 0, 0, 0
18600, 110, 0, 0, 0
18600, 10, 1, 0, 0
18700, 100, 0, 0, 0
18700, 50, 1, 0, 0
18800, 150, 0, 0, 0
18800, 80, 1, 0, 0
18900, 140, 0, 0, 0
18900, 10, 1, 0, 0
19000, 110, 0, 0, 0
19000, 20, 1, 0, 0
19100, 90, 0, 0, 0
19200, 120, 0, 0, 0
19200, 30, 1, 0, 0
19300, 130, 0, 0, 0
19300, 70, 1, 0, 0
19400, 70, 0, 0, 0
19400, 10, 1, 0, 0
19500, 120, 0, 0, 0
19500, 30, 1, 0, 0
19600, 130, 0, 0, 0
19600, 20, 1, 0, 0
19700, 110, 0, 0, 0
19800, 20, 0, 0, 0
19800, 10, 1, 0, 0
19900, 60, 0, 0, 0
19900, 20, 1, 0, 0
20000, 70, 0, 0, 0
20000, 20, 1, 0, 0
20100, 60, 0, 0, 0
20100, 20, 1, 0, 0
20200, 30, 0, 0, 0
20301, 20, 0, 0, 0
20400, 50, 0, 0, 0
20400, 10, 1, 0, 0
20500, 20, 0, 0, 0
20500, 10, 1, 0, 0
20600, 40, 0, 0, 0
20700, 70, 0, 0, 0
20700, 50, 1, 0, 0
20800, 20, 0, 0, 0
20800, 10, 1, 0, 0
20900, 10, 0, 0, 0
21000, 10, 0, 0, 0
21100, 20, 0, 0, 0
21200, 20, 0, 0, 0
21300, 10, 0, 0, 0
21400, 20, 0, 0, 0
21500, 20, 0, 0, 0
21600, 10, 0, 0, 0
21700, 20, 0, 0, 0
21700, 10, 1, 0, 0
21800, 10, 0, 0, 0
21900, 30, 0, 0, 0
22000, 20, 0, 0, 0
22000, 10, 1, 0, 0
22100, 20, 0, 0, 0
22100, 20, 1, 0, 0
22200, 20, 0, 0, 0
22300, 50, 0, 0, 0
22300, 10, 1, 0, 0
22400, 50, 0, 0, 0
22400, 20, 1, 0, 0
22500, 40, 0, 0, 0
22500, 10, 1, 0, 0
22600, 10, 0, 0, 0
22600, 10, 1, 0, 0
22700, 20, 0, 0, 0
22800, 20, 0, 0, 0
22900, 20, 0, 0, 0
22900, 20, 1, 0, 0
23000, 20, 0, 0, 0
23100, 60, 0, 0, 0
23200, 80, 0, 0, 0
23300, 30, 0, 0, 0
23300, 10, 1, 0, 0
23400, 60, 0, 0, 0
23400, 30, 1, 0, 0
23500, 70, 0, 0, 0
23600, 60, 0, 0, 0
23600, 30, 1, 0, 0
23701, 40, 0, 0, 0
23701, 10, 1, 0, 0
23800, 90, 0, 0, 0
23800, 30, 1, 0, 0
23900, 140, 0, 0, 0
23900, 10, 1, 0, 0
24000, 140, 0, 0, 0
24000, 50, 1, 0, 0
24100, 130, 0, 0, 0
24100, 20, 1, 0, 0
24200, 150, 0, 0, 0
24200, 50, 1, 0, 0
24300, 170, 0, 0, 0
24300, 40, 1, 0, 0
24400, 150, 0, 0, 0
24400, 20, 1, 0, 0
24500, 170, 0, 0, 0
24500, 50, 1, 0, 0
24600, 170, 0, 0, 0
24600, 140, 1, 0, 0
24700, 170, 0, 0, 0
24700, 30, 1, 0, 0
24800, 160, 0, 0, 0
24800, 20, 1, 0, 0
24900, 160, 0, 0, 0
24900, 40, 1, 0, 0
25000, 160, 0, 0, 0
25000, 50, 1, 0, 0
25100, 170, 0, 0, 0
25100, 40, 1, 0, 0
25200, 160, 0, 0, 0
25200, 60, 1, 0, 0
25300, 170, 0, 0, 0
25300, 30, 1, 0, 0
25400, 170, 0, 0, 0
25400, 20, 1, 0, 0
25500, 160, 0, 0, 0
25500, 40, 1, 0, 0
25600, 160, 0, 0, 0
25600, 110, 1, 0, 0
25700, 170, 0, 0, 0
25700, 30, 1, 0, 0
25800, 150, 0, 0, 0
25800, 20, 1, 0, 0
25900, 160, 0, 0, 0
25900, 20, 1, 0, 0
26001, 180, 0, 0, 0
26001, 90, 1, 0, 0
26100, 151, 0, 0, 0
26100, 20, 1, 0, 0
27500, 40, 0, 0, 0
27500, 10, 1, 0, 0
27600, 170, 0, 0, 0
27600, 30, 1, 0, 0
27700, 130, 0, 0, 0
27700, 10, 1, 0, 0
27800, 120, 0, 0, 0
27800, 40, 1, 0, 0
27900, 130, 0, 0, 0
27900, 20, 1, 0, 0
28000, 120, 0, 0, 0
28000, 10, 1, 0, 0
28100, 130, 0, 0, 0
28100, 10, 1, 0, 0
28200, 120, 0, 0, 0
28200, 30, 1, 0, 0
28300, 130, 0, 0, 0
28300, 10, 1, 0, 0
28400, 120, 0, 0, 0
28400, 10, 1, 0, 0
28500, 130, 0, 0, 0
28500, 20, 1, 0, 0
28600, 130, 0, 0, 0
28600, 40, 1, 0, 0
28700, 120, 0, 0, 0
28700, 10, 1, 0, 0
28800, 120, 0, 0, 0
28800, 20, 1, 0, 0
28900, 130, 0, 0, 0
28900, 20, 1, 0, 0
29001, 120, 0, 0, 0
29001, 80, 1, 0, 0
29100, 131, 0, 0, 0
29100, 40, 1, 0, 0
29200, 130, 0, 0, 0
29200, 50, 1, 0, 0
29300, 120, 0, 0, 0
29300, 20, 1, 0, 0
29400, 130, 0, 0, 0
29400, 10, 1, 0, 0
29500, 120, 0, 0, 0
29500, 60, 1, 0, 0
29600, 120, 0, 0, 0
29600, 10, 1, 0, 0
29700, 130, 0, 0, 0
29700, 70, 1, 0, 0
29800, 130, 0, 0, 0
29800, 40, 1, 0, 0
29900, 120, 0, 0, 0
29900, 50, 1, 0, 0
30000, 130, 0, 0, 0
30000, 40, 1, 0, 0
30100, 120, 0, 0, 0
30100, 60, 1, 0, 0
30200, 130, 0, 0, 0
30200, 60, 1, 0, 0
30300, 120, 0, 0, 0
30300, 10, 1, 0, 0
30400, 130, 0, 0, 0
30400, 80, 1, 0, 0
30500, 120, 0, 0, 0
30500, 50, 1, 0, 0
30600, 130, 0, 0, 0
30600, 10, 1, 0, 0
30700, 120, 0, 0, 0
30700, 30, 1, 0, 0
30800, 130, 0, 0, 0
30800, 20, 1, 0, 0
30900, 120, 0, 0, 0
30900, 30, 1, 0, 0
31000, 130, 0, 0, 0
31000, 40, 1, 0, 0
31100, 120, 0, 0, 0
31200, 130, 0, 0, 0
31200, 40, 1, 0, 0
31300, 120, 0, 0, 0
31300, 80, 1, 0, 0
31400, 130, 0, 0, 0
31400, 10, 1, 0, 0
31500, 120, 0, 0, 0
31500, 10, 1, 0, 0
31601, 130, 0, 0, 0
31601, 20, 1, 0, 0
31700, 121, 0, 0, 0
31700, 30, 1, 0, 0
31800, 130, 0, 0, 0
31800, 60, 1, 0, 0
31900, 120, 0, 0, 0
31900, 30, 1, 0, 0
32000, 130, 0, 0, 0
32000, 20, 1, 0, 0
32100, 120, 0, 0, 0
32100, 10, 1, 0, 0
32200, 130, 0, 0, 0
32200, 40, 1, 0, 0
32300, 130, 0, 0, 0
32300, 30, 1, 0, 0
32400, 120, 0, 0, 0
32400, 10, 1, 0, 0
32500, 130, 0, 0, 0
32500, 40, 1, 0, 0
32600, 120, 0, 0, 0
32600, 30, 1, 0, 0
32700, 120, 0, 0, 0
32700, 50, 1, 0, 0
32800, 130, 0, 0, 0
32800, 40, 1, 0, 0
32900, 130, 0, 0, 0
32900, 20, 1, 0, 0
33000, 120, 0, 0, 0
33000, 80, 1, 0, 0
33100, 120, 0, 0, 0
33100, 50, 1, 0, 0
33200, 120, 0, 0, 0
33200, 20, 1, 0, 0
33300, 130, 0, 0, 0
33400, 120, 0, 0, 0
33400, 20, 1, 0, 0
33500, 130, 0, 0, 0
33500, 10, 1, 0, 0
33600, 120, 0, 0, 0
33600, 50, 1, 0, 0
33700, 130, 0, 0, 0
33700, 50, 1, 0, 0
33800, 120, 0, 0, 0
33800, 110, 1, 0, 0
33900, 120, 0, 0, 0
33900, 50, 1, 0, 0
35700, 20, 0, 0, 0
35700, 30, 1, 0, 0
35800, 160, 0, 0, 0
35800, 60, 1, 0, 0
35900, 160, 0, 0, 0
35900, 50, 1, 0, 0
36000, 140, 0, 0, 0
36000, 90, 1, 0, 0
36100, 130, 0, 0, 0
36100, 10, 1, 0, 0
36200, 120, 0, 0, 0
36200, 10, 1, 0, 0
36300, 120, 0, 0, 0
36300, 20, 1, 0, 0
36400, 130, 0, 0, 0
36400, 40, 1, 0, 0
36500, 120, 0, 0, 0
36500, 80, 1, 0, 0
36600, 130, 0, 0, 0
36600, 70, 1, 0, 0
36700, 120, 0, 0, 0
36700, 20, 1, 0, 0
36800, 130, 0, 0, 0
36900, 120, 0, 0, 0
36900, 40, 1, 0, 0
37000, 130, 0, 0, 0
37000, 30, 1, 0, 0
37100, 120, 0, 0, 0
37100, 40, 1, 0, 0
37200, 130, 0, 0, 0
37200, 30, 1, 0, 0
37300, 120, 0, 0, 0
37300, 10, 1, 0, 0
37400, 130, 0, 0, 0
37400, 60, 1, 0, 0
37500, 120, 0, 0, 0
37500, 50, 1, 0, 0
37600, 130, 0, 0, 0
37600, 30, 1, 0, 0
37700, 130, 0, 0, 0
37700, 20, 1, 0, 0
37800, 120, 0, 0, 0
37800, 40, 1, 0, 0
37900, 120, 0, 0, 0
37900, 30, 1, 0, 0
38000, 130, 0, 0, 0
38000, 20, 1, 0, 0
38100, 130, 0, 0, 0
38100, 10, 1, 0, 0
38200, 120, 0, 0, 0
38200, 20, 1, 0, 0
38300, 130, 0, 0, 0
38300, 50, 1, 0, 0
38400, 120, 0, 0, 0
38400, 70, 1, 0, 0
38500, 120, 0, 0, 0
38500, 40, 1, 0, 0
38600, 130, 0, 0, 0
38600, 10, 1, 0, 0
38700, 130, 0, 0, 0
38700, 30, 1, 0, 0
38800, 120, 0, 0, 0
38800, 10, 1, 0, 0
38901, 130, 0, 0, 0
38901, 40, 1, 0, 0
39000, 121, 0, 0, 0
39000, 50, 1, 0, 0
39100, 130, 0, 0, 0
39100, 40, 1, 0, 0
39200, 120, 0, 0, 0
39200, 100, 1, 0, 0
39300, 130, 0, 0, 0
39300, 20, 1, 0, 0
39400, 120, 0, 0, 0
39400, 10, 1, 0, 0
39500, 130, 0, 0, 0
39500, 60, 1, 0, 0
39600, 120, 0, 0, 0
39600, 50, 1, 0, 0
39700, 130, 0, 0, 0
39700, 40, 1, 0, 0
39800, 120, 0, 0, 0
39800, 30, 1, 0, 0
39900, 130, 0, 0, 0
39900, 20, 1, 0, 0
40000, 120, 0, 0, 0
40000, 30, 1, 0, 0
40100, 130, 0, 0, 0
40200, 80, 0, 0, 0
40300, 70, 0, 0, 0
40300, 20, 1, 0, 0
40400, 60, 0, 0, 0
40400, 20, 1, 0, 0
40500, 40, 0, 0, 0
40500, 10, 1, 0, 0
40600, 20, 0, 0, 0
40700, 20, 0, 0, 0
40800, 20, 0, 0, 0
40900, 20, 0, 0, 0
40900, 10, 1, 0, 0
41000, 30, 0, 0, 0
41100, 20, 0, 0, 0
41200, 30, 0, 0, 0
41300, 30, 0, 0, 0
41400, 40, 0, 0, 0
41400, 20, 1, 0, 0
41500, 50, 0, 0, 0
41500, 10, 1, 0, 0
41600, 90, 0, 0, 0
41600, 10, 1, 0, 0
41700, 100, 0, 0, 0
41700, 30, 1, 0, 0
41800, 100, 0, 0, 0
41800, 40, 1, 0, 0
41900, 80, 0, 0, 0
41900, 20, 1, 0, 0
42000, 70, 0, 0, 0
42000, 20, 1, 0, 0
42100, 120, 0, 0, 0
42100, 40, 1, 0, 0
42200, 110, 0, 0, 0
42200, 40, 1, 0, 0
42300, 150, 0, 0, 0
42300, 10, 1, 0, 0
42400, 120, 0, 0, 0
42400, 20, 1, 0, 0
42501, 140, 0, 0, 0
42501, 30, 1, 0, 0
42600, 161, 0, 0, 0
42600, 30, 1, 0, 0
42700, 140, 0, 0, 0
42700, 60, 1, 0, 0
42800, 150, 0, 0, 0
42800, 90, 1, 0, 0
42900, 100, 0, 0, 0
42900, 30, 1, 0, 0
43000, 40, 0, 0, 0
43100, 40, 0, 0, 0
43100, 10, 1, 0, 0
43200, 60, 0, 0, 0
43200, 10, 1, 0, 0
43300, 40, 0, 0, 0
43300, 10, 1, 0, 0
43400, 70, 0, 0, 0
43400, 20, 1, 0, 0
44600, 20, 0, 0, 0
44700, 80, 0, 0, 0
44700, 10, 1, 0, 0
44800, 130, 0, 0, 0
44800, 40, 1, 0, 0
44900, 110, 0, 0, 0
44900, 60, 1, 0, 0
45001, 150, 0, 0, 0
45001, 50, 1, 0, 0
45100, 161, 0, 0, 0
45100, 50, 1, 0, 0
45200, 160, 0, 0, 0
45200, 30, 1, 0, 0
45300, 160, 0, 0, 0
45300, 60, 1, 0, 0
45400, 160, 0, 0, 0
45400, 40, 1, 0, 0
45500, 150, 0, 0, 0
45500, 30, 1, 0, 0
45600, 160, 0, 0, 0
45600, 60, 1, 0, 0
45700, 160, 0, 0, 0
45700, 40, 1, 0, 0
45800, 160, 0, 0, 0
45800, 50, 1, 0, 0
45900, 160, 0, 0, 0
45900, 40, 1, 0, 0
46000, 170, 0, 0, 0
46000, 40, 1, 0, 0
46100, 140, 0, 0, 0
46100, 30, 1, 0, 0
46200, 150, 0, 0, 0
46200, 10, 1, 0, 0
46300, 150, 0, 0, 0
46300, 50, 1, 0, 0
46400, 150, 0, 0, 0
46400, 20, 1, 0, 0
46500, 160, 0, 0, 0
46500, 10, 1, 0, 0
46600, 180, 0, 0, 0
46600, 20, 1, 0, 0
46700, 140, 0, 0, 0
46700, 30, 1, 0, 0
46800, 130, 0, 0, 0
46800, 10, 1, 0, 0
46900, 120, 0, 0, 0
46900, 20, 1, 0, 0
47000, 130, 0, 0, 0
47000, 10, 1, 0, 0
47100, 120, 0, 0, 0
47100, 20, 1, 0, 0
47200, 130, 0, 0, 0
47200, 30, 1, 0, 0
47300, 121, 0, 0, 0
47300, 10, 1, 0, 0
47400, 130, 0, 0, 0
47400, 20, 1, 0, 0
47500, 120, 0, 0, 0
47500, 40, 1, 0, 0
47600, 130, 0, 0, 0
47600, 10, 1, 0, 0
47700, 120, 0, 0, 0
47700, 30, 1, 0, 0
47800, 130, 0, 0, 0
47800, 40, 1, 0, 0
47900, 120, 0, 0, 0
47900, 20, 1, 0, 0
48000, 130, 0, 0, 0
48000, 20, 1, 0, 0
48100, 120, 0, 0, 0
48100, 50, 1, 0, 0
48200, 130, 0, 0, 0
48200, 50, 1, 0, 0
48300, 120, 0, 0, 0
48300, 20, 1, 0, 0
48400, 130, 0, 0, 0
48400, 10, 1, 0, 0
48500, 120, 0, 0, 0
48500, 20, 1, 0, 0
48600, 130, 0, 0, 0
48600, 20, 1, 0, 0
48700, 120, 0, 0, 0
48700, 20, 1, 0, 0
48800, 130, 0, 0, 0
48800, 40, 1, 0, 0
48900, 130, 0, 0, 0
48900, 30, 1, 0, 0
49000, 120, 0, 0, 0
49000, 10, 1, 0, 0
49100, 120, 0, 0, 0
49100, 30, 1, 0, 0
49200, 130, 0, 0, 0
49200, 70, 1, 0, 0
49300, 120, 0, 0, 0
49300, 20, 1, 0, 0
49400, 130, 0, 0, 0
49400, 30, 1, 0, 0
49500, 130, 0, 0, 0
49500, 70, 1, 0, 0
49600, 120, 0, 0, 0
49600, 50, 1, 0, 0
49700, 130, 0, 0, 0
49700, 10, 1, 0, 0
49800, 120, 0, 0, 0
49900, 130, 0, 0, 0
49900, 30, 1, 0, 0
50000, 120, 0, 0, 0
50000, 40, 1, 0, 0
50100, 130, 0, 0, 0
50100, 10, 1, 0, 0
50200, 120, 0, 0, 0
50300, 130, 0, 0, 0
50300, 20, 1, 0, 0
50400, 120, 0, 0, 0
50400, 40, 1, 0, 0
50501, 130, 0, 0, 0
50501, 60, 1, 0, 0
50600, 121, 0, 0, 0
50600, 10, 1, 0, 0
50700, 130, 0, 0, 0
50700, 20, 1, 0, 0
50800, 120, 0, 0, 0
50800, 10, 1, 0, 0
50900, 90, 0, 0, 0
50900, 20, 1, 0, 0
52500, 120, 0, 0, 0
52500, 50, 1, 0, 0
52600, 30, 0, 0, 0
52600, 20, 1, 0, 0
52700, 20, 0, 0, 0
52800, 10, 0, 0, 0
52900, 20, 0, 0, 0
52900, 10, 1, 0, 0
53000, 10, 0, 0, 0
53000, 10, 1, 0, 0
53100, 30, 0, 0, 0
53200, 10, 0, 0, 0
53300, 10, 0, 0, 0
53600, 10, 0, 0, 0
54100, 10, 0, 0, 0
54100, 10, 1, 0, 0
54600, 20, 0, 0, 0
54700, 10, 0, 0, 0
54700, 10, 1, 0, 0
54800, 10, 0, 0, 0
54900, 20, 0, 0, 0
55000, 10, 0, 0, 0
55100, 20, 0, 0, 0
55100, 10, 1, 0, 0
55200, 20, 0, 0, 0
55300, 20, 0, 0, 0
55400, 20, 0, 0, 0
55500, 30, 0, 0, 0
55500, 10, 1, 0, 0
55600, 20, 0, 0, 0
55600, 30, 1, 0, 0
55700, 20, 0, 0, 0
55800, 20, 0, 0, 0
55900, 20, 0, 0, 0
55900, 10, 1, 0, 0
56000, 20, 0, 0, 0
56000, 10, 1, 0, 0
56100, 20, 0, 0, 0
56100, 10, 1, 0, 0
56200, 20, 0, 0, 0
56300, 30, 0, 0, 0
56300, 20, 1, 0, 0
56400, 30, 0, 0, 0
56500, 30, 0, 0, 0
56500, 30, 1, 0, 0
56600, 40, 0, 0, 0
56600, 20, 1, 0, 0
56700, 30, 0, 0, 0
56800, 70, 0, 0, 0
56800, 50, 1, 0, 0
56900, 110, 0, 0, 0
56900, 70, 1, 0, 0
57000, 70, 0, 0, 0
57000, 40, 1, 0, 0
57100, 110, 0, 0, 0
57100, 10, 1, 0, 0
57200, 60, 0, 0, 0
57200, 10, 1, 0, 0
57300, 120, 0, 0, 0
57300, 10, 1, 0, 0
57400, 80, 0, 0, 0
57400, 30, 1, 0, 0
57500, 50, 0, 0, 0
57500, 30, 1, 0, 0
57600, 80, 0, 0, 0
57600, 70, 1, 0, 0
57700, 50, 0, 0, 0
57700, 20, 1, 0, 0
57800, 70, 0, 0, 0
57800, 50, 1, 0, 0
57900, 60, 0, 0, 0
57900, 20, 1, 0, 0
58001, 20, 0, 0, 0
58001, 10, 1, 0, 0
58100, 90, 0, 0, 0
58100, 30, 1, 0, 0
58200, 30, 0, 0, 0
58300, 20, 0, 0, 0
58400, 30, 0, 0, 0
58500, 30, 0, 0, 0
58500, 10, 1, 0, 0
58600, 30, 0, 0, 0
58700, 40, 0, 0, 0
58700, 20, 1, 0, 0
58800, 30, 0, 0, 0
58900, 20, 0, 0, 0
58900, 10, 1, 0, 0
59000, 30, 0, 0, 0
59100, 30, 0, 0, 0
59100, 10, 1, 0, 0
59200, 40, 0, 0, 0
59300, 40, 0, 0, 0
59400, 20, 0, 0, 0
59500, 30, 0, 0, 0
59600, 30, 0, 0, 0
59700, 40, 0, 0, 0
59800, 10, 0, 0, 0
59800, 10, 1, 0, 0
59901, 10, 0, 0, 0
60001, 10, 0, 0, 0
60100, 10, 0, 0, 0
60200, 20, 0, 0, 0
60200, 10, 1, 0, 0
60300, 10, 0, 0, 0
60400, 10, 0, 0, 0
60400, 10, 1, 0, 0
60500, 20, 0, 0, 0
60600, 30, 0, 0, 0
60600, 10, 1, 0, 0
60700, 20, 0, 0, 0
60700, 10, 1, 0, 0
60800, 20, 0, 0, 0
60800, 10, 1, 0, 0
60900, 30, 0, 0, 0
60900, 10, 1, 0, 0
61000, 40, 0, 0, 0
61100, 40, 0, 0, 0
61100, 20, 1, 0, 0
61200, 70, 0, 0, 0
61200, 10, 1, 0, 0
61300, 60, 0, 0, 0
61300, 10, 1, 0, 0
61400, 60, 0, 0, 0
61400, 10, 1, 0, 0
61500, 70, 0, 0, 0
61600, 80, 0, 0, 0
61600, 20, 1, 0, 0
61700, 60, 0, 0, 0
61700, 10, 1, 0, 0
61800, 80, 0, 0, 0
61900, 60, 0, 0, 0
61900, 10, 1, 0, 0
62000, 80, 0, 0, 0
62000, 10, 1, 0, 0
62101, 90, 0, 0, 0
62101, 10, 1, 0, 0
62200, 50, 0, 0, 0
62200, 10, 1, 0, 0
62300, 60, 0, 0, 0
62300, 50, 1, 0, 0
62400, 70, 0, 0, 0
62400, 50, 1, 0, 0
62500, 90, 0, 0, 0
62500, 10, 1, 0, 0
62600, 40, 0, 0, 0
62600, 10, 1, 0, 0
62700, 80, 0, 0, 0
62700, 40, 1, 0, 0
62800, 40, 0, 0, 0
62800, 10, 1, 0, 0
62900, 60, 0, 0, 0
62900, 30, 1, 0, 0
63000, 40, 0, 0, 0
63000, 20, 1, 0, 0
63100, 50, 0, 0, 0
63200, 80, 0, 0, 0
63200, 60, 1, 0, 0
63300, 90, 0, 0, 0
63300, 20, 1, 0, 0
63400, 90, 0, 0, 0
63400, 40, 1, 0, 0
63500, 100, 0, 0, 0
63500, 20, 1, 0, 0
63600, 90, 0, 0, 0
63600, 70, 1, 0, 0
63700, 70, 0, 0, 0
63700, 10, 1, 0, 0
63800, 100, 0, 0, 0
63800, 50, 1, 0, 0
63900, 110, 0, 0, 0
63900, 60, 1, 0, 0
64000, 130, 0, 0, 0
64000, 60, 1, 0, 0
64100, 130, 0, 0, 0
64100, 70, 1, 0, 0
64200, 150, 0, 0, 0
64200, 50, 1, 0, 0
64300, 60, 0, 0, 0
64300, 10, 1, 0, 0
64400, 150, 0, 0, 0
64400, 20, 1, 0, 0
64500, 100, 0, 0, 0
64500, 10, 1, 0, 0
64600, 110, 0, 0, 0
64600, 20, 1, 0, 0
64700, 150, 0, 0, 0
64700, 60, 1, 0, 0
64800, 160, 0, 0, 0
64800, 20, 1, 0, 0
64900, 150, 0, 0, 0
64900, 60, 1, 0, 0
65000, 140, 0, 0, 0
65100, 140, 0, 0, 0
65100, 60, 1, 0, 0
65200, 160, 0, 0, 0
65200, 10, 1, 0, 0
65300, 150, 0, 0, 0
65300, 60, 1, 0, 0
65400, 150, 0, 0, 0
65400, 50, 1, 0, 0
65500, 10, 0, 0, 0
65600, 90, 0, 0, 0
65600, 10, 1, 0, 0
65700, 150, 0, 0, 0
65800, 140, 0, 0, 0
65800, 10, 1, 0, 0
65900, 140, 0, 0, 0
65900, 60, 1, 0, 0
66000, 100, 0, 0, 0
66000, 30, 1, 0, 0
66100, 20, 0, 0, 0
66100, 10, 1, 0, 0
66200, 40, 0, 0, 0
66300, 20, 0, 0, 0
66300, 10, 1, 0, 0
66400, 30, 0, 0, 0
66400, 10, 1, 0, 0
66500, 50, 0, 0, 0
66500, 10, 1, 0, 0
66600, 90, 0, 0, 0
66600, 40, 1, 0, 0
66700, 140, 0, 0, 0
66800, 100, 0, 0, 0
66800, 70, 1, 0, 0
66900, 70, 0, 0, 0
67000, 90, 0, 0, 0
67000, 20, 1, 0, 0
67900, 80, 0, 0, 0
68000, 170, 0, 0, 0
68000, 10, 1, 0, 0
68100, 130, 0, 0, 0
68100, 10, 1, 0, 0
68200, 120, 0, 0, 0
68200, 10, 1, 0, 0
68300, 130, 0, 0, 0
68300, 20, 1, 0, 0
68400, 110, 0, 0, 0
68400, 40, 1, 0, 0
68501, 130, 0, 0, 0
68501, 20, 1, 0, 0
68600, 121, 0, 0, 0
68600, 40, 1, 0, 0
68700, 130, 0, 0, 0
68700, 30, 1, 0, 0
68800, 120, 0, 0, 0
68800, 60, 1, 0, 0
68900, 130, 0, 0, 0
68900, 60, 1, 0, 0
69000, 120, 0, 0, 0
69000, 20, 1, 0, 0
69100, 130, 0, 0, 0
69100, 10, 1, 0, 0
69200, 120, 0, 0, 0
69200, 30, 1, 0, 0
69300, 130, 0, 0, 0
69300, 30, 1, 0, 0
69400, 130, 0, 0, 0
69400, 20, 1, 0, 0
69500, 120, 0, 0, 0
69500, 30, 1, 0, 0
69600, 120, 0, 0, 0
69600, 70, 1, 0, 0
69700, 130, 0, 0, 0
69700, 20, 1, 0, 0
69800, 120, 0, 0, 0
69800, 110, 1, 0, 0
69900, 130, 0, 0, 0
69900, 80, 1, 0, 0
70000, 130, 0, 0, 0
70000, 40, 1, 0, 0
70100, 120, 0, 0, 0
70100, 20, 1, 0, 0
70200, 130, 0, 0, 0
70200, 30, 1, 0, 0
70300, 120, 0, 0, 0
70300, 60, 1, 0, 0
70400, 130, 0, 0, 0
70501, 120, 0, 0, 0
70501, 10, 1, 0, 0
70600, 121, 0, 0, 0
70600, 10, 1, 0, 0
70700, 130, 0, 0, 0
70700, 20, 1, 0, 0
70800, 130, 0, 0, 0
70900, 120, 0, 0, 0
70900, 40, 1, 0, 0
71000, 130, 0, 0, 0
71000, 30, 1, 0, 0
71100, 120, 0, 0, 0
71100, 20, 1, 0, 0
71200, 130, 0, 0, 0
71200, 30, 1, 0, 0
71300, 120, 0, 0, 0
71300, 20, 1, 0, 0
71400, 130, 0, 0, 0
71400, 30, 1, 0, 0
71500, 120, 0, 0, 0
71500, 50, 1, 0, 0
71600, 130, 0, 0, 0
71600, 20, 1, 0, 0
71700, 120, 0, 0, 0
71700, 20, 1, 0, 0
71800, 130, 0, 0, 0
71800, 10, 1, 0, 0
71900, 130, 0, 0, 0
71900, 10, 1, 0, 0
72000, 120, 0, 0, 0
72000, 10, 1, 0, 0
72100, 130, 0, 0, 0
72100, 30, 1, 0, 0
72200, 120, 0, 0, 0
72200, 60, 1, 0, 0
72300, 120, 0, 0, 0
72300, 10, 1, 0, 0
72400, 130, 0, 0, 0
72400, 40, 1, 0, 0
72500, 130, 0, 0, 0
72500, 20, 1, 0, 0
72600, 120, 0, 0, 0
72600, 50, 1, 0, 0
72701, 130, 0, 0, 0
72701, 10, 1, 0, 0
72800, 121, 0, 0, 0
72800, 40, 1, 0, 0
72900, 130, 0, 0, 0
72900, 20, 1, 0, 0
73000, 120, 0, 0, 0
73000, 70, 1, 0, 0
73100, 130, 0, 0, 0
73100, 20, 1, 0, 0
73200, 120, 0, 0, 0
73200, 30, 1, 0, 0
73300, 130, 0, 0, 0
73300, 20, 1, 0, 0
73400, 120, 0, 0, 0
73400, 10, 1, 0, 0
73500, 130, 0, 0, 0
73500, 50, 1, 0, 0
73600, 120, 0, 0, 0
73600, 30, 1, 0, 0
73700, 130, 0, 0, 0
73700, 10, 1, 0, 0
73800, 130, 0, 0, 0
73800, 40, 1, 0, 0
73900, 120, 0, 0, 0
73900, 10, 1, 0, 0
74000, 120, 0, 0, 0
74000, 20, 1, 0, 0
74100, 130, 0, 0, 0
74100, 40, 1, 0, 0
74200, 120, 0, 0, 0
74200, 30, 1, 0, 0
74300, 130, 0, 0, 0
74300, 10, 1, 0, 0
74400, 120, 0, 0, 0
74400, 70, 1, 0, 0
74500, 40, 0, 0, 0
74500, 10, 1, 0, 0
76100, 90, 0, 0, 0
76100, 20, 1, 0, 0
76200, 140, 0, 0, 0
76200, 30, 1, 0, 0
76300, 160, 0, 0, 0
76300, 20, 1, 0, 0
76400, 140, 0, 0, 0
76400, 60, 1, 0, 0
76500, 120, 0, 0, 0
76500, 50, 1, 0, 0
76600, 120, 0, 0, 0
76600, 20, 1, 0, 0
76700, 130, 0, 0, 0
76700, 20, 1, 0, 0
76800, 130, 0, 0, 0
76800, 10, 1, 0, 0
76900, 120, 0, 0, 0
76900, 10, 1, 0, 0
77000, 130, 0, 0, 0
77000, 30, 1, 0, 0
77100, 120, 0, 0, 0
77100, 10, 1, 0, 0
77200, 130, 0, 0, 0
77200, 70, 1, 0, 0
77300, 120, 0, 0, 0
77300, 40, 1, 0, 0
77401, 130, 0, 0, 0
77401, 60, 1, 0, 0
77500, 121, 0, 0, 0
77500, 20, 1, 0, 0
77600, 130, 0, 0, 0
77600, 50, 1, 0, 0
77700, 120, 0, 0, 0
77700, 30, 1, 0, 0
77800, 130, 0, 0, 0
77800, 40, 1, 0, 0
77900, 120, 0, 0, 0
78000, 130, 0, 0, 0
78000, 40, 1, 0, 0
78100, 120, 0, 0, 0
78100, 10, 1, 0, 0
78200, 130, 0, 0, 0
78200, 60, 1, 0, 0
78300, 120, 0, 0, 0
78300, 20, 1, 0, 0
78400, 130, 0, 0, 0
78400, 20, 1, 0, 0
78500, 130, 0, 0, 0
78500, 30, 1, 0, 0
78600, 120, 0, 0, 0
78600, 40, 1, 0, 0
78700, 130, 0, 0, 0
78700, 20, 1, 0, 0
78800, 120, 0, 0, 0
78800, 10, 1, 0, 0
78900, 120, 0, 0, 0
78900, 60, 1, 0, 0
79000, 130, 0, 0, 0
79000, 20, 1, 0, 0
79100, 130, 0, 0, 0
79100, 50, 1, 0, 0
79200, 120, 0, 0, 0
79300, 130, 0, 0, 0
79300, 20, 1, 0, 0
79400, 120, 0, 0, 0
79400, 30, 1, 0, 0
79500, 130, 0, 0, 0
79500, 40, 1, 0, 0
79600, 120, 0, 0, 0
79600, 10, 1, 0, 0
79700, 130, 0, 0, 0
79700, 20, 1, 0, 0
79800, 120, 0, 0, 0
79800, 20, 1, 0, 0
79900, 130, 0, 0, 0
79900, 10, 1, 0, 0
80001, 120, 0, 0, 0
80001, 40, 1, 0, 0
80100, 131, 0, 0, 0
80100, 30, 1, 0, 0
80200, 120, 0, 0, 0
80200, 30, 1, 0, 0
80300, 130, 0, 0, 0
80300, 40, 1, 0, 0
80400, 120, 0, 0, 0
80500, 130, 0, 0, 0
80500, 50, 1, 0, 0
80600, 120, 0, 0, 0
80600, 30, 1, 0, 0
80700, 80, 0, 0, 0
80700, 20, 1, 0, 0
80800, 130, 0, 0, 0
80800, 80, 1, 0, 0
80900, 110, 0, 0, 0
80900, 20, 1, 0, 0
81000, 10, 0, 0, 0
81100, 10, 0, 0, 0
81200, 20, 0, 0, 0
81200, 10, 1, 0, 0
81300, 20, 0, 0, 0
81400, 10, 0, 0, 0
81400, 10, 1, 0, 0
81500, 10, 0, 0, 0
81600, 20, 0, 0, 0
81700, 20, 0, 0, 0
81800, 10, 0, 0, 0
81900, 20, 0, 0, 0
82000, 20, 0, 0, 0
82100, 40, 0, 0, 0
82100, 40, 1, 0, 0
82200, 100, 0, 0, 0
82200, 30, 1, 0, 0
82300, 140, 0, 0, 0
82300, 10, 1, 0, 0
82400, 140, 0, 0, 0
82400, 60, 1, 0, 0
82501, 70, 0, 0, 0
82501, 30, 1, 0, 0
82600, 131, 0, 0, 0
82600, 50, 1, 0, 0
82700, 120, 0, 0, 0
82800, 110, 0, 0, 0
82800, 10, 1, 0, 0
82900, 100, 0, 0, 0
82900, 60, 1, 0, 0
83000, 150, 0, 0, 0
83000, 40, 1, 0, 0
83100, 140, 0, 0, 0
83100, 110, 1, 0, 0
83200, 150, 0, 0, 0
83200, 50, 1, 0, 0
83300, 160, 0, 0, 0
83300, 10, 1, 0, 0
83400, 150, 0, 0, 0
83400, 60, 1, 0, 0
83500, 150, 0, 0, 0
83500, 60, 1, 0, 0
83600, 20, 0, 0, 0
84400, 60, 0, 0, 0
84400, 20, 1, 0, 0
84500, 170, 0, 0, 0
84500, 50, 1, 0, 0
84600, 90, 0, 0, 0
84700, 100, 0, 0, 0
84700, 20, 1, 0, 0
84800, 120, 0, 0, 0
84800, 10, 1, 0, 0
84900, 130, 0, 0, 0
84900, 20, 1, 0, 0
85001, 120, 0, 0, 0
85001, 20, 1, 0, 0
85100, 121, 0, 0, 0
85200, 130, 0, 0, 0
85200, 20, 1, 0, 0
85300, 120, 0, 0, 0
85300, 20, 1, 0, 0
85400, 120, 0, 0, 0
85400, 40, 1, 0, 0
85500, 130, 0, 0, 0
85500, 10, 1, 0, 0
85600, 120, 0, 0, 0
85600, 10, 1, 0, 0
85700, 130, 0, 0, 0
85800, 120, 0, 0, 0
85800, 50, 1, 0, 0
85900, 130, 0, 0, 0
86000, 120, 0, 0, 0
86000, 10, 1, 0, 0
86100, 130, 0, 0, 0
86100, 10, 1, 0, 0
86200, 120, 0, 0, 0
86200, 10, 1, 0, 0
86300, 130, 0, 0, 0
86300, 20, 1, 0, 0
86400, 130, 0, 0, 0
86400, 30, 1, 0, 0
86500, 120, 0, 0, 0
86500, 20, 1, 0, 0
86600, 120, 0, 0, 0
86600, 40, 1, 0, 0
86700, 130, 0, 0, 0
86700, 50, 1, 0, 0
86800, 130, 0, 0, 0
86800, 20, 1, 0, 0
86900, 120, 0, 0, 0
86900, 20, 1, 0, 0
87000, 130, 0, 0, 0
87000, 30, 1, 0, 0
87100, 120, 0, 0, 0
87200, 130, 0, 0, 0
87200, 20, 1, 0, 0
87300, 120, 0, 0, 0
87300, 20, 1, 0, 0
87400, 130, 0, 0, 0
87400, 40, 1, 0, 0
87500, 120, 0, 0, 0
87500, 20, 1, 0, 0
87600, 130, 0, 0, 0
87600, 40, 1, 0, 0
87700, 120, 0, 0, 0
87700, 50, 1, 0, 0
87800, 130, 0, 0, 0
87800, 20, 1, 0, 0
87900, 120, 0, 0, 0
87900, 40, 1, 0, 0
88000, 130, 0, 0, 0
88000, 30, 1, 0, 0
88100, 120, 0, 0, 0
88100, 20, 1, 0, 0
88200, 130, 0, 0, 0
88200, 40, 1, 0, 0
88300, 120, 0, 0, 0
88300, 40, 1, 0, 0
88400, 130, 0, 0, 0
88500, 120, 0, 0, 0
88500, 20, 1, 0, 0
88600, 130, 0, 0, 0
88600, 10, 1, 0, 0
88700, 120, 0, 0, 0
88700, 70, 1, 0, 0
88800, 131, 0, 0, 0
88800, 20, 1, 0, 0
88900, 120, 0, 0, 0
89000, 130, 0, 0, 0
89000, 40, 1, 0, 0
89100, 120, 0, 0, 0
89200, 130, 0, 0, 0
89200, 60, 1, 0, 0
89300, 120, 0, 0, 0
89300, 20, 1, 0, 0
89400, 130, 0, 0, 0
89400, 60, 1, 0, 0
89500, 120, 0, 0, 0
89500, 40, 1, 0, 0
89600, 130, 0, 0, 0
89600, 30, 1, 0, 0
89700, 130, 0, 0, 0
89700, 40, 1, 0, 0
89800, 120, 0, 0, 0
89800, 50, 1, 0, 0
89900, 130, 0, 0, 0
89900, 10, 1, 0, 0
90000, 120, 0, 0, 0
90000, 20, 1, 0, 0
90100, 120, 0, 0, 0
90100, 40, 1, 0, 0
90200, 130, 0, 0, 0
90200, 10, 1, 0, 0
90300, 130, 0, 0, 0
90300, 20, 1, 0, 0
90400, 120, 0, 0, 0
90400, 40, 1, 0, 0
90500, 130, 0, 0, 0
90500, 40, 1, 0, 0
90600, 120, 0, 0, 0
90600, 40, 1, 0, 0
90700, 130, 0, 0, 0
90700, 30, 1, 0, 0
90800, 120, 0, 0, 0
90800, 30, 1, 0, 0
90900, 130, 0, 0, 0
90900, 30, 1, 0, 0
91000, 120, 0, 0, 0
91000, 20, 1, 0, 0
91100, 130, 0, 0, 0
91100, 10, 1, 0, 0
91200, 20, 0, 0, 0
91200, 70, 1, 0, 0
92600, 90, 0, 0, 0
92600, 20, 1, 0, 0
92700, 170, 0, 0, 0
92700, 30, 1, 0, 0
92800, 130, 0, 0, 0
92800, 20, 1, 0, 0
92900, 120, 0, 0, 0
92900, 50, 1, 0, 0
93000, 130, 0, 0, 0
93000, 50, 1, 0, 0
93100, 120, 0, 0, 0
93100, 10, 1, 0, 0
93200, 130, 0, 0, 0
93200, 10, 1, 0, 0
93300, 120, 0, 0, 0
93300, 10, 1, 0, 0
93400, 130, 0, 0, 0
93400, 10, 1, 0, 0
93500, 120, 0, 0, 0
93500, 40, 1, 0, 0
93600, 130, 0, 0, 0
93600, 40, 1, 0, 0
93700, 130, 0, 0, 0
93700, 70, 1, 0, 0
93800, 120, 0, 0, 0
93800, 20, 1, 0, 0
93900, 120, 0, 0, 0
93900, 60, 1, 0, 0
94000, 130, 0, 0, 0
94000, 40, 1, 0, 0
94100, 130, 0, 0, 0
94100, 30, 1, 0, 0
94200, 120, 0, 0, 0
94300, 120, 0, 0, 0
94300, 10, 1, 0, 0
94400, 130, 0, 0, 0
94400, 10, 1, 0, 0
94501, 130, 0, 0, 0
94501, 110, 1, 0, 0
94600, 121, 0, 0, 0
94600, 20, 1, 0, 0
94700, 130, 0, 0, 0
94700, 40, 1, 0, 0
94800, 120, 0, 0, 0
94800, 10, 1, 0, 0
94900, 120, 0, 0, 0
94900, 20, 1, 0, 0
95000, 130, 0, 0, 0
95000, 40, 1, 0, 0
95100, 120, 0, 0, 0
95100, 30, 1, 0, 0
95200, 130, 0, 0, 0
95200, 30, 1, 0, 0
95300, 120, 0, 0, 0
95400, 130, 0, 0, 0
95400, 70, 1, 0, 0
95500, 130, 0, 0, 0
95500, 40, 1, 0, 0
95600, 120, 0, 0, 0
95600, 40, 1, 0, 0
95700, 130, 0, 0, 0
95700, 10, 1, 0, 0
95800, 120, 0, 0, 0
95800, 20, 1, 0, 0
95900, 130, 0, 0, 0
95900, 30, 1, 0, 0
96000, 120, 0, 0, 0
96000, 30, 1, 0, 0
96100, 130, 0, 0, 0
96100, 60, 1, 0, 0
96200, 120, 0, 0, 0
96200, 40, 1, 0, 0
96300, 130, 0, 0, 0
96300, 40, 1, 0, 0
96400, 120, 0, 0, 0
96400, 40, 1, 0, 0
96500, 130, 0, 0, 0
96500, 20, 1, 0, 0
96601, 120, 0, 0, 0
96601, 30, 1, 0, 0
96700, 131, 0, 0, 0
96700, 10, 1, 0, 0
96800, 120, 0, 0, 0
96800, 10, 1, 0, 0
96900, 130, 0, 0, 0
96900, 30, 1, 0, 0
97000, 120, 0, 0, 0
97000, 30, 1, 0, 0
97100, 130, 0, 0, 0
97100, 50, 1, 0, 0
97200, 120, 0, 0, 0
97200, 20, 1, 0, 0
97300, 130, 0, 0, 0
97300, 30, 1, 0, 0
97400, 110, 0, 0, 0
97400, 60, 1, 0, 0
97500, 90, 0, 0, 0
97500, 20, 1, 0, 0
97600, 120, 0, 0, 0
97600, 40, 1, 0, 0
97700, 130, 0, 0, 0
97700, 10, 1, 0, 0
97800, 150, 0, 0, 0
97800, 40, 1, 0, 0
97900, 140, 0, 0, 0
97900, 30, 1, 0, 0
98000, 140, 0, 0, 0
98000, 40, 1, 0, 0
98100, 120, 0, 0, 0
98100, 40, 1, 0, 0
98200, 130, 0, 0, 0
98200, 30, 1, 0, 0
98300, 120, 0, 0, 0
98300, 20, 1, 0, 0
98400, 130, 0, 0, 0
98500, 110, 0, 0, 0
98500, 40, 1, 0, 0
98600, 130, 0, 0, 0
98600, 40, 1, 0, 0
98700, 120, 0, 0, 0
98700, 40, 1, 0, 0
98800, 131, 0, 0, 0
98800, 30, 1, 0, 0
98900, 120, 0, 0, 0
98900, 20, 1, 0, 0
99000, 130, 0, 0, 0
99000, 50, 1, 0, 0
99100, 60, 0, 0, 0
99100, 10, 1, 0, 0
100800, 130, 0, 0, 0
100800, 20, 1, 0, 0
100900, 150, 0, 0, 0
100900, 40, 1, 0, 0
101001, 130, 0, 0, 0
101001, 60, 1, 0, 0
101100, 131, 0, 0, 0
101100, 10, 1, 0, 0
101200, 120, 0, 0, 0
101300, 130, 0, 0, 0
101300, 20, 1, 0, 0
101400, 120, 0, 0, 0
101400, 20, 1, 0, 0
101500, 130, 0, 0, 0
101500, 30, 1, 0, 0
101600, 120, 0, 0, 0
101600, 60, 1, 0, 0
101700, 130, 0, 0, 0
101700, 60, 1, 0, 0
101800, 120, 0, 0, 0
101800, 40, 1, 0, 0
101900, 130, 0, 0, 0
101900, 60, 1, 0, 0
102000, 120, 0, 0, 0
102000, 30, 1, 0, 0
102100, 130, 0, 0, 0
102100, 30, 1, 0, 0
102200, 120, 0, 0, 0
102200, 40, 1, 0, 0
102300, 130, 0, 0, 0
102300, 30, 1, 0, 0
102400, 130, 0, 0, 0
102400, 40, 1, 0, 0
102500, 120, 0, 0, 0
102500, 60, 1, 0, 0
102600, 130, 0, 0, 0
102600, 30, 1, 0, 0
102700, 120, 0, 0, 0
102700, 10, 1, 0, 0
102800, 130, 0, 0, 0
102800, 60, 1, 0, 0
102900, 120, 0, 0, 0
102900, 20, 1, 0, 0
103000, 130, 0, 0, 0
103000, 30, 1, 0, 0
103101, 120, 0, 0, 0
103101, 60, 1, 0, 0
103200, 131, 0, 0, 0
103200, 30, 1, 0, 0
103300, 120, 0, 0, 0
103300, 10, 1, 0, 0
103400, 130, 0, 0, 0
103400, 60, 1, 0, 0
103500, 120, 0, 0, 0
103500, 40, 1, 0, 0
103600, 130, 0, 0, 0
103600, 10, 1, 0, 0
103700, 120, 0, 0, 0
103700, 50, 1, 0, 0
103800, 130, 0, 0, 0
103800, 40, 1, 0, 0
103900, 120, 0, 0, 0
103900, 30, 1, 0, 0
104000, 130, 0, 0, 0
104000, 10, 1, 0, 0
104100, 120, 0, 0, 0
104100, 40, 1, 0, 0
104200, 130, 0, 0, 0
104200, 30, 1, 0, 0
104300, 130, 0, 0, 0
104300, 50, 1, 0, 0
104400, 120, 0, 0, 0
104500, 120, 0, 0, 0
104500, 20, 1, 0, 0
104600, 130, 0, 0, 0
104600, 50, 1, 0, 0
104700, 130, 0, 0, 0
104700, 50, 1, 0, 0
104800, 120, 0, 0, 0
104800, 50, 1, 0, 0
104900, 120, 0, 0, 0
104900, 40, 1, 0, 0
105000, 120, 0, 0, 0
105000, 10, 1, 0, 0
105100, 130, 0, 0, 0
105200, 120, 0, 0, 0
105200, 30, 1, 0, 0
105300, 120, 0, 0, 0
105300, 40, 1, 0, 0
105400, 130, 0, 0, 0
105400, 10, 1, 0, 0
105500, 130, 0, 0, 0
105500, 30, 1, 0, 0
105600, 120, 0, 0, 0
105600, 40, 1, 0, 0
105700, 130, 0, 0, 0
105700, 40, 1, 0, 0
105800, 120, 0, 0, 0
105800, 30, 1, 0, 0
105900, 130, 0, 0, 0
105900, 40, 1, 0, 0
106000, 120, 0, 0, 0
106000, 30, 1, 0, 0
106100, 130, 0, 0, 0
106100, 50, 1, 0, 0
106200, 120, 0, 0, 0
106200, 20, 1, 0, 0
106300, 131, 0, 0, 0
106300, 30, 1, 0, 0
106400, 120, 0, 0, 0
106400, 10, 1, 0, 0
106500, 130, 0, 0, 0
106500, 50, 1, 0, 0
106600, 120, 0, 0, 0
106600, 60, 1, 0, 0
106700, 130, 0, 0, 0
106700, 20, 1, 0, 0
106800, 120, 0, 0, 0
106800, 40, 1, 0, 0
106900, 130, 0, 0, 0
106900, 10, 1, 0, 0
107000, 120, 0, 0, 0
107000, 20, 1, 0, 0
107100, 130, 0, 0, 0
107100, 10, 1, 0, 0
107200, 80, 0, 0, 0
107200, 30, 1, 0, 0
109000, 140, 0, 0, 0
109000, 60, 1, 0, 0
109100, 160, 0, 0, 0
109100, 10, 1, 0, 0
109200, 130, 0, 0, 0
109200, 40, 1, 0, 0
109300, 130, 0, 0, 0
109300, 10, 1, 0, 0
109400, 130, 0, 0, 0
109400, 60, 1, 0, 0
109500, 120, 0, 0, 0
109500, 10, 1, 0, 0
109600, 130, 0, 0, 0
109600, 10, 1, 0, 0
109700, 120, 0, 0, 0
109700, 60, 1, 0, 0
109800, 130, 0, 0, 0
109800, 30, 1, 0, 0
109900, 120, 0, 0, 0
109900, 60, 1, 0, 0
110000, 130, 0, 0, 0
110000, 30, 1, 0, 0
110100, 120, 0, 0, 0
110100, 10, 1, 0, 0
110200, 130, 0, 0, 0
110200, 40, 1, 0, 0
110300, 130, 0, 0, 0
110300, 60, 1, 0, 0
110400, 120, 0, 0, 0
110400, 30, 1, 0, 0
110500, 130, 0, 0, 0
110500, 20, 1, 0, 0
110600, 120, 0, 0, 0
110600, 50, 1, 0, 0
110700, 130, 0, 0, 0
110700, 70, 1, 0, 0
110800, 120, 0, 0, 0
110800, 10, 1, 0, 0
110900, 130, 0, 0, 0
110900, 20, 1, 0, 0
111000, 120, 0, 0, 0
111000, 40, 1, 0, 0
111100, 130, 0, 0, 0
111100, 10, 1, 0, 0
111200, 120, 0, 0, 0
111200, 30, 1, 0, 0
111300, 120, 0, 0, 0
111300, 40, 1, 0, 0
111400, 130, 0, 0, 0
111400, 10, 1, 0, 0
111500, 130, 0, 0, 0
111500, 40, 1, 0, 0
111600, 120, 0, 0, 0
111600, 20, 1, 0, 0
111700, 130, 0, 0, 0
111700, 10, 1, 0, 0
111800, 121, 0, 0, 0
111800, 30, 1, 0, 0
111900, 130, 0, 0, 0
111900, 30, 1, 0, 0
112000, 120, 0, 0, 0
112100, 130, 0, 0, 0
112100, 100, 1, 0, 0
112200, 120, 0, 0, 0
112200, 30, 1, 0, 0
112300, 130, 0, 0, 0
112300, 20, 1, 0, 0
112400, 120, 0, 0, 0
112400, 20, 1, 0, 0
112500, 130, 0, 0, 0
112500, 50, 1, 0, 0
112600, 120, 0, 0, 0
112600, 10, 1, 0, 0
112700, 130, 0, 0, 0
112700, 60, 1, 0, 0
112800, 120, 0, 0, 0
112800, 40, 1, 0, 0
112900, 130, 0, 0, 0
112900, 30, 1, 0, 0
113000, 130, 0, 0, 0
113000, 30, 1, 0, 0
113100, 120, 0, 0, 0
113100, 50, 1, 0, 0
113200, 120, 0, 0, 0
113200, 100, 1, 0, 0
113300, 130, 0, 0, 0
113300, 30, 1, 0, 0
113400, 120, 0, 0, 0
113400, 30, 1, 0, 0
113500, 130, 0, 0, 0
113500, 10, 1, 0, 0
113600, 120, 0, 0, 0
113600, 70, 1, 0, 0
113700, 130, 0, 0, 0
113700, 30, 1, 0, 0
113800, 130, 0, 0, 0
113800, 20, 1, 0, 0
113900, 120, 0, 0, 0
114000, 130, 0, 0, 0
114000, 30, 1, 0, 0
114100, 120, 0, 0, 0
114100, 10, 1, 0, 0
114200, 130, 0, 0, 0
114300, 120, 0, 0, 0
114300, 30, 1, 0, 0
114400, 130, 0, 0, 0
114400, 20, 1, 0, 0
114500, 120, 0, 0, 0
114500, 10, 1, 0, 0
114600, 130, 0, 0, 0
114600, 50, 1, 0, 0
114700, 120, 0, 0, 0
114700, 60, 1, 0, 0
114800, 130, 0, 0, 0
114800, 10, 1, 0, 0
114900, 100, 0, 0, 0
114900, 20, 1, 0, 0
115000, 30, 0, 0, 0
115000, 10, 1, 0, 0
115100, 10, 0, 0, 0
115201, 30, 0, 0, 0
115201, 10, 1, 0, 0
115300, 30, 0, 0, 0
115400, 30, 0, 0, 0
115500, 40, 0, 0, 0
115500, 20, 1, 0, 0
115600, 30, 0, 0, 0
115700, 20, 0, 0, 0
115800, 20, 0, 0, 0
115900, 30, 0, 0, 0
115900, 50, 1, 0, 0
116000, 40, 0, 0, 0
116100, 40, 0, 0, 0
116200, 20, 0, 0, 0
116200, 10, 1, 0, 0
116300, 30, 0, 0, 0
116300, 20, 1, 0, 0
116400, 30, 0, 0, 0
116500, 30, 0, 0, 0
116500, 10, 1, 0, 0
116600, 20, 0, 0, 0
116700, 40, 0, 0, 0
116700, 10, 1, 0, 0
116800, 40, 0, 0, 0
116900, 50, 0, 0, 0
116900, 10, 1, 0, 0
117000, 10, 0, 0, 0
117200, 140, 0, 0, 0
117200, 10, 1, 0, 0
117300, 140, 0, 0, 0
117300, 50, 1, 0, 0
117400, 140, 0, 0, 0
117400, 30, 1, 0, 0
117500, 160, 0, 0, 0
117500, 40, 1, 0, 0
117600, 120, 0, 0, 0
117600, 20, 1, 0, 0
117700, 130, 0, 0, 0
117700, 70, 1, 0, 0
117800, 120, 0, 0, 0
117800, 60, 1, 0, 0
117900, 130, 0, 0, 0
117900, 10, 1, 0, 0
118000, 130, 0, 0, 0
118000, 30, 1, 0, 0
118100, 120, 0, 0, 0
118100, 40, 1, 0, 0
118200, 130, 0, 0, 0
118200, 20, 1, 0, 0
118300, 121, 0, 0, 0
118300, 80, 1, 0, 0
118400, 120, 0, 0, 0
118400, 30, 1, 0, 0
118500, 130, 0, 0, 0
118500, 40, 1, 0, 0
118600, 130, 0, 0, 0
118600, 20, 1, 0, 0
118700, 120, 0, 0, 0
118700, 30, 1, 0, 0
118800, 120, 0, 0, 0
118800, 10, 1, 0, 0
118900, 130, 0, 0, 0
118900, 10, 1, 0, 0
119000, 130, 0, 0, 0
119000, 30, 1, 0, 0
119100, 120, 0, 0, 0
119100, 10, 1, 0, 0
119200, 130, 0, 0, 0
119200, 30, 1, 0, 0
119300, 120, 0, 0, 0
119400, 130, 0, 0, 0
119400, 10, 1, 0, 0
119500, 120, 0, 0, 0
119500, 20, 1, 0, 0
119600, 130, 0, 0, 0
119600, 130, 1, 0, 0
119700, 120, 0, 0, 0
119700, 30, 1, 0, 0
119800, 130, 0, 0, 0
119800, 20, 1, 0, 0
119900, 120, 0, 0, 0
119900, 20, 1, 0, 0
120000, 130, 0, 0, 0
120000, 20, 1, 0, 0
120100, 120, 0, 0, 0
120100, 40, 1, 0, 0
120200, 130, 0, 0, 0
120200, 60, 1, 0, 0
120300, 120, 0, 0, 0
120300, 30, 1, 0, 0
120400, 130, 0, 0, 0
120400, 10, 1, 0, 0
120500, 120, 0, 0, 0
120500, 10, 1, 0, 0
120600, 130, 0, 0, 0
120600, 30, 1, 0, 0
120700, 130, 0, 0, 0
120700, 50, 1, 0, 0
120800, 120, 0, 0, 0
120800, 40, 1, 0, 0
120900, 130, 0, 0, 0
120900, 10, 1, 0, 0
121000, 120, 0, 0, 0
121000, 30, 1, 0, 0
121100, 130, 0, 0, 0
121100, 40, 1, 0, 0
121200, 120, 0, 0, 0
121200, 30, 1, 0, 0
121300, 130, 0, 0, 0
121300, 40, 1, 0, 0
121400, 120, 0, 0, 0
121400, 40, 1, 0, 0
121500, 130, 0, 0, 0
121500, 10, 1, 0, 0
121600, 120, 0, 0, 0
121600, 30, 1, 0, 0
121700, 130, 0, 0, 0
121700, 10, 1, 0, 0
121800, 120, 0, 0, 0
121800, 40, 1, 0, 0
121900, 130, 0, 0, 0
121900, 30, 1, 0, 0
122000, 120, 0, 0, 0
122000, 40, 1, 0, 0
122100, 130, 0, 0, 0
122200, 120, 0, 0, 0
122200, 10, 1, 0, 0
122300, 131, 0, 0, 0
122300, 10, 1, 0, 0
122400, 120, 0, 0, 0
122400, 30, 1, 0, 0
122500, 130, 0, 0, 0
122500, 50, 1, 0, 0
122600, 120, 0, 0, 0
122600, 40, 1, 0, 0
122700, 130, 0, 0, 0
122700, 50, 1, 0, 0
122800, 120, 0, 0, 0
122800, 30, 1, 0, 0
122900, 130, 0, 0, 0
122900, 30, 1, 0, 0
123000, 130, 0, 0, 0
123000, 60, 1, 0, 0
123100, 120, 0, 0, 0
123100, 20, 1, 0, 0
123200, 130, 0, 0, 0
123200, 10, 1, 0, 0
123300, 120, 0, 0, 0
123300, 30, 1, 0, 0
123400, 120, 0, 0, 0
123400, 30, 1, 0, 0
123500, 130, 0, 0, 0
123500, 40, 1, 0, 0
123600, 120, 0, 0, 0
123600, 30, 1, 0, 0
123700, 20, 0, 0, 0
125300, 50, 0, 0, 0
125400, 180, 0, 0, 0
125400, 40, 1, 0, 0
125500, 140, 0, 0, 0
125500, 50, 1, 0, 0
125600, 120, 0, 0, 0
125600, 30, 1, 0, 0
125700, 130, 0, 0, 0
125700, 40, 1, 0, 0
125800, 120, 0, 0, 0
125800, 20, 1, 0, 0
125901, 130, 0, 0, 0
125901, 50, 1, 0, 0
126000, 121, 0, 0, 0
126000, 30, 1, 0, 0
126100, 120, 0, 0, 0
126100, 20, 1, 0, 0
126200, 130, 0, 0, 0
126200, 60, 1, 0, 0
126300, 130, 0, 0, 0
126300, 40, 1, 0, 0
126400, 120, 0, 0, 0
126400, 10, 1, 0, 0
126500, 130, 0, 0, 0
126500, 30, 1, 0, 0
126600, 120, 0, 0, 0
126600, 40, 1, 0, 0
126700, 130, 0, 0, 0
126700, 40, 1, 0, 0
126800, 120, 0, 0, 0
126800, 30, 1, 0, 0
126900, 130, 0, 0, 0
126900, 30, 1, 0, 0
127000, 120, 0, 0, 0
127000, 40, 1, 0, 0
127100, 130, 0, 0, 0
127100, 30, 1, 0, 0
127200, 120, 0, 0, 0
127200, 20, 1, 0, 0
127300, 130, 0, 0, 0
127300, 70, 1, 0, 0
127400, 120, 0, 0, 0
127400, 40, 1, 0, 0
127500, 130, 0, 0, 0
127500, 40, 1, 0, 0
127600, 120, 0, 0, 0
127600, 30, 1, 0, 0
127700, 130, 0, 0, 0
127700, 50, 1, 0, 0
127800, 120, 0, 0, 0
127800, 50, 1, 0, 0
127900, 130, 0, 0, 0
127900, 10, 1, 0, 0
128000, 120, 0, 0, 0
128000, 30, 1, 0, 0
128100, 130, 0, 0, 0
128100, 20, 1, 0, 0
128200, 120, 0, 0, 0
128200, 10, 1, 0, 0
128300, 130, 0, 0, 0
128300, 10, 1, 0, 0
128401, 120, 0, 0, 0
128401, 40, 1, 0, 0
128500, 121, 0, 0, 0
128500, 70, 1, 0, 0
128600, 120, 0, 0, 0
128600, 50, 1, 0, 0
128700, 130, 0, 0, 0
128700, 10, 1, 0, 0
128800, 130, 0, 0, 0
128800, 10, 1, 0, 0
128900, 120, 0, 0, 0
128900, 10, 1, 0, 0
129000, 120, 0, 0, 0
129000, 80, 1, 0, 0
129100, 130, 0, 0, 0
129100, 40, 1, 0, 0
129200, 130, 0, 0, 0
129200, 20, 1, 0, 0
129300, 120, 0, 0, 0
129300, 30, 1, 0, 0
129400, 120, 0, 0, 0
129400, 40, 1, 0, 0
129500, 130, 0, 0, 0
129500, 70, 1, 0, 0
129600, 130, 0, 0, 0
129600, 30, 1, 0, 0
129700, 120, 0, 0, 0
129700, 50, 1, 0, 0
129800, 130, 0, 0, 0
129800, 40, 1, 0, 0
129900, 120, 0, 0, 0
129900, 20, 1, 0, 0
130000, 130, 0, 0, 0
130000, 50, 1, 0, 0
130100, 120, 0, 0, 0
130100, 20, 1, 0, 0
130200, 130, 0, 0, 0
130200, 40, 1, 0, 0
130300, 120, 0, 0, 0
130300, 40, 1, 0, 0
130400, 130, 0, 0, 0
130400, 20, 1, 0, 0
130500, 120, 0, 0, 0
130500, 30, 1, 0, 0
130600, 130, 0, 0, 0
130600, 30, 1, 0, 0
130700, 120, 0, 0, 0
130700, 20, 1, 0, 0
130800, 130, 0, 0, 0
130800, 20, 1, 0, 0
130900, 130, 0, 0, 0
131000, 120, 0, 0, 0
131000, 50, 1, 0, 0
131100, 130, 0, 0, 0
131100, 30, 1, 0, 0
131200, 120, 0, 0, 0
131200, 20, 1, 0, 0
131300, 120, 0, 0, 0
131300, 50, 1, 0, 0
131400, 130, 0, 0, 0
131400, 20, 1, 0, 0
131500, 130, 0, 0, 0
131500, 30, 1, 0, 0
131600, 120, 0, 0, 0
131600, 30, 1, 0, 0
131700, 100, 0, 0, 0
131700, 30, 1, 0, 0
133500, 90, 0, 0, 0
133500, 20, 1, 0, 0
133600, 140, 0, 0, 0
133700, 160, 0, 0, 0
133700, 10, 1, 0, 0
133800, 110, 0, 0, 0
133800, 20, 1, 0, 0
133900, 120, 0, 0, 0
133900, 20, 1, 0, 0
134000, 130, 0, 0, 0
134000, 60, 1, 0, 0
134100, 130, 0, 0, 0
134100, 40, 1, 0, 0
134200, 130, 0, 0, 0
134200, 50, 1, 0, 0
134300, 120, 0, 0, 0
134300, 20, 1, 0, 0
134400, 130, 0, 0, 0
134400, 30, 1, 0, 0
134500, 120, 0, 0, 0
134500, 70, 1, 0, 0
134600, 120, 0, 0, 0
134600, 100, 1, 0, 0
134700, 130, 0, 0, 0
134700, 20, 1, 0, 0
134800, 130, 0, 0, 0
134800, 60, 1, 0, 0
134900, 120, 0, 0, 0
134900, 40, 1, 0, 0
135000, 130, 0, 0, 0
135100, 120, 0, 0, 0
135100, 10, 1, 0, 0
135200, 130, 0, 0, 0
135200, 30, 1, 0, 0
135300, 120, 0, 0, 0
135300, 20, 1, 0, 0
135400, 130, 0, 0, 0
135400, 30, 1, 0, 0
135500, 120, 0, 0, 0
135500, 10, 1, 0, 0
135600, 130, 0, 0, 0
135600, 50, 1, 0, 0
135700, 120, 0, 0, 0
135700, 30, 1, 0, 0
135800, 130, 0, 0, 0
135800, 40, 1, 0, 0
135900, 120, 0, 0, 0
135900, 40, 1, 0, 0
136001, 130, 0, 0, 0
136001, 10, 1, 0, 0
136100, 121, 0, 0, 0
136100, 50, 1, 0, 0
136200, 130, 0, 0, 0
136200, 20, 1, 0, 0
136300, 120, 0, 0, 0
136300, 10, 1, 0, 0
136400, 130, 0, 0, 0
136400, 10, 1, 0, 0
136500, 120, 0, 0, 0
136500, 20, 1, 0, 0
136600, 130, 0, 0, 0
136600, 30, 1, 0, 0
136700, 120, 0, 0, 0
136800, 130, 0, 0, 0
136800, 50, 1, 0, 0
136900, 130, 0, 0, 0
136900, 30, 1, 0, 0
137000, 120, 0, 0, 0
137000, 50, 1, 0, 0
137100, 130, 0, 0, 0
137100, 10, 1, 0, 0
137200, 120, 0, 0, 0
137200, 30, 1, 0, 0
137300, 130, 0, 0, 0
137300, 50, 1, 0, 0
137400, 120, 0, 0, 0
137400, 50, 1, 0, 0
137500, 130, 0, 0, 0
137500, 20, 1, 0, 0
137600, 120, 0, 0, 0
137600, 10, 1, 0, 0
137700, 120, 0, 0, 0
137700, 30, 1, 0, 0
137800, 130, 0, 0, 0
137800, 30, 1, 0, 0
137900, 130, 0, 0, 0
137900, 10, 1, 0, 0
138000, 120, 0, 0, 0
138000, 10, 1, 0, 0
138100, 130, 0, 0, 0
138100, 40, 1, 0, 0
138200, 120, 0, 0, 0
138200, 50, 1, 0, 0
138300, 130, 0, 0, 0
138300, 30, 1, 0, 0
138400, 120, 0, 0, 0
138400, 40, 1, 0, 0
138500, 130, 0, 0, 0
138600, 120, 0, 0, 0
138600, 20, 1, 0, 0
138700, 130, 0, 0, 0
138700, 10, 1, 0, 0
138800, 120, 0, 0, 0
138800, 20, 1, 0, 0
138900, 130, 0, 0, 0
138900, 10, 1, 0, 0
139000, 120, 0, 0, 0
139100, 130, 0, 0, 0
139100, 30, 1, 0, 0
139200, 120, 0, 0, 0
139200, 20, 1, 0, 0
139300, 130, 0, 0, 0
139300, 60, 1, 0, 0
139400, 120, 0, 0, 0
139400, 30, 1, 0, 0
139500, 130, 0, 0, 0
139500, 10, 1, 0, 0
139600, 120, 0, 0, 0
139600, 70, 1, 0, 0
139701, 130, 0, 0, 0
139701, 50, 1, 0, 0
139800, 131, 0, 0, 0
139800, 40, 1, 0, 0
139900, 120, 0, 0, 0
139900, 80, 1, 0, 0
140000, 120, 0, 0, 0
140000, 20, 1, 0, 0
142500, 30, 0, 0, 0
142600, 170, 0, 0, 0
142600, 50, 1, 0, 0
142700, 170, 0, 0, 0
142700, 10, 1, 0, 0
142800, 160, 0, 0, 0
142800, 20, 1, 0, 0
142900, 160, 0, 0, 0
142900, 50, 1, 0, 0
143000, 160, 0, 0, 0
143000, 40, 1, 0, 0
143100, 140, 0, 0, 0
143100, 30, 1, 0, 0
143200, 170, 0, 0, 0
143200, 10, 1, 0, 0
143300, 141, 0, 0, 0
143300, 10, 1, 0, 0
143400, 170, 0, 0, 0
143400, 20, 1, 0, 0
143500, 160, 0, 0, 0
143500, 20, 1, 0, 0
143600, 160, 0, 0, 0
143600, 10, 1, 0, 0
143700, 160, 0, 0, 0
143700, 40, 1, 0, 0
143800, 150, 0, 0, 0
143800, 70, 1, 0, 0
143900, 160, 0, 0, 0
143900, 20, 1, 0, 0
144000, 160, 0, 0, 0
144000, 60, 1, 0, 0
144100, 160, 0, 0, 0
144100, 50, 1, 0, 0
144200, 160, 0, 0, 0
144200, 30, 1, 0, 0
144300, 170, 0, 0, 0
144300, 70, 1, 0, 0
144400, 180, 0, 0, 0
144400, 40, 1, 0, 0
144500, 170, 0, 0, 0
144500, 70, 1, 0, 0
144600, 160, 0, 0, 0
144600, 60, 1, 0, 0
144700, 170, 0, 0, 0
144700, 30, 1, 0, 0
144800, 160, 0, 0, 0
144800, 30, 1, 0, 0
144900, 160, 0, 0, 0
144900, 20, 1, 0, 0
145000, 160, 0, 0, 0
145000, 10, 1, 0, 0
145100, 160, 0, 0, 0
145100, 20, 1, 0, 0
145200, 150, 0, 0, 0
145200, 40, 1, 0, 0
145300, 180, 0, 0, 0
145300, 40, 1, 0, 0
145400, 160, 0, 0, 0
145400, 30, 1, 0, 0
145500, 170, 0, 0, 0
145500, 30, 1, 0, 0
145600, 150, 0, 0, 0
145600, 20, 1, 0, 0
145700, 120, 0, 0, 0
145700, 20, 1, 0, 0
145800, 130, 0, 0, 0
145800, 20, 1, 0, 0
145900, 120, 0, 0, 0
145900, 40, 1, 0, 0
146000, 130, 0, 0, 0
146100, 130, 0, 0, 0
146100, 10, 1, 0, 0
146200, 120, 0, 0, 0
146200, 10, 1, 0, 0
146300, 120, 0, 0, 0
146300, 30, 1, 0, 0
146400, 130, 0, 0, 0
146400, 70, 1, 0, 0
146501, 130, 0, 0, 0
146501, 60, 1, 0, 0
146600, 121, 0, 0, 0
146600, 30, 1, 0, 0
146700, 120, 0, 0, 0
146700, 30, 1, 0, 0
146800, 130, 0, 0, 0
146800, 50, 1, 0, 0
146900, 130, 0, 0, 0
146900, 20, 1, 0, 0
147000, 120, 0, 0, 0
147100, 120, 0, 0, 0
147100, 20, 1, 0, 0
147200, 130, 0, 0, 0
147200, 20, 1, 0, 0
147300, 110, 0, 0, 0
147400, 20, 0, 0, 0
147400, 10, 1, 0, 0
147500, 40, 0, 0, 0
147600, 20, 0, 0, 0
147700, 20, 0, 0, 0
147800, 30, 0, 0, 0
147800, 10, 1, 0, 0
147900, 40, 0, 0, 0
148000, 20, 0, 0, 0
148100, 40, 0, 0, 0
148200, 30, 0, 0, 0
148200, 30, 1, 0, 0
148300, 30, 0, 0, 0
148300, 10, 1, 0, 0
148400, 20, 0, 0, 0
148500, 20, 0, 0, 0
148600, 20, 0, 0, 0
148700, 40, 0, 0, 0
148700, 20, 1, 0, 0
148800, 20, 0, 0, 0
148900, 90, 0, 0, 0
149001, 130, 0, 0, 0
149001, 10, 1, 0, 0
149100, 121, 0, 0, 0
149100, 80, 1, 0, 0
149200, 120, 0, 0, 0
149200, 10, 1, 0, 0
149300, 130, 0, 0, 0
149300, 50, 1, 0, 0
149400, 120, 0, 0, 0
149400, 10, 1, 0, 0
149500, 130, 0, 0, 0
149500, 30, 1, 0, 0
149600, 80, 0, 0, 0
149600, 10, 1, 0, 0
149900, 150, 0, 0, 0
149900, 50, 1, 0, 0
150000, 150, 0, 0, 0
150000, 30, 1, 0, 0
150100, 120, 0, 0, 0
150200, 130, 0, 0, 0
150200, 20, 1, 0, 0
150300, 120, 0, 0, 0
150300, 10, 1, 0, 0
150400, 130, 0, 0, 0
150400, 20, 1, 0, 0
150500, 120, 0, 0, 0
150500, 50, 1, 0, 0
150600, 130, 0, 0, 0
150600, 30, 1, 0, 0
150700, 120, 0, 0, 0
150700, 30, 1, 0, 0
150800, 130, 0, 0, 0
150800, 30, 1, 0, 0
150900, 120, 0, 0, 0
150900, 30, 1, 0, 0
151001, 130, 0, 0, 0
151001, 30, 1, 0, 0
151100, 121, 0, 0, 0
151100, 50, 1, 0, 0
151200, 130, 0, 0, 0
151200, 30, 1, 0, 0
151300, 120, 0, 0, 0
151300, 40, 1, 0, 0
151400, 130, 0, 0, 0
151400, 60, 1, 0, 0
151500, 120, 0, 0, 0
151500, 10, 1, 0, 0
151600, 130, 0, 0, 0
151600, 30, 1, 0, 0
151700, 130, 0, 0, 0
151700, 40, 1, 0, 0
151800, 120, 0, 0, 0
151800, 40, 1, 0, 0
151900, 130, 0, 0, 0
151900, 40, 1, 0, 0
152000, 120, 0, 0, 0
152000, 50, 1, 0, 0
152100, 130, 0, 0, 0
152100, 20, 1, 0, 0
152200, 120, 0, 0, 0
152200, 10, 1, 0, 0
152300, 130, 0, 0, 0
152300, 40, 1, 0, 0
152400, 120, 0, 0, 0
152400, 20, 1, 0, 0
152500, 130, 0, 0, 0
152500, 20, 1, 0, 0
152600, 120, 0, 0, 0
152600, 20, 1, 0, 0
152700, 130, 0, 0, 0
152700, 60, 1, 0, 0
152800, 120, 0, 0, 0
152800, 20, 1, 0, 0
152900, 130, 0, 0, 0
152900, 10, 1, 0, 0
153000, 120, 0, 0, 0
153000, 60, 1, 0, 0
153100, 130, 0, 0, 0
153100, 70, 1, 0, 0
153200, 120, 0, 0, 0
153200, 20, 1, 0, 0
153300, 130, 0, 0, 0
153300, 80, 1, 0, 0
153400, 120, 0, 0, 0
153400, 20, 1, 0, 0
153501, 130, 0, 0, 0
153600, 121, 0, 0, 0
153600, 10, 1, 0, 0
153700, 130, 0, 0, 0
153700, 60, 1, 0, 0
153800, 120, 0, 0, 0
153800, 30, 1, 0, 0
153900, 130, 0, 0, 0
153900, 50, 1, 0, 0
154000, 120, 0, 0, 0
154000, 70, 1, 0, 0
154100, 130, 0, 0, 0
154100, 30, 1, 0, 0
154200, 120, 0, 0, 0
154200, 30, 1, 0, 0
154300, 130, 0, 0, 0
154300, 60, 1, 0, 0
154400, 120, 0, 0, 0
154400, 100, 1, 0, 0
154500, 130, 0, 0, 0
154500, 30, 1, 0, 0
154600, 120, 0, 0, 0
154600, 50, 1, 0, 0
154700, 130, 0, 0, 0
154700, 10, 1, 0, 0
154800, 130, 0, 0, 0
154800, 30, 1, 0, 0
154900, 120, 0, 0, 0
154900, 30, 1, 0, 0
155000, 120, 0, 0, 0
155000, 40, 1, 0, 0
155100, 130, 0, 0, 0
155100, 40, 1, 0, 0
155200, 130, 0, 0, 0
155200, 10, 1, 0, 0
155300, 120, 0, 0, 0
155300, 50, 1, 0, 0
155400, 130, 0, 0, 0
155400, 20, 1, 0, 0
155500, 120, 0, 0, 0
155500, 20, 1, 0, 0
155600, 130, 0, 0, 0
155600, 30, 1, 0, 0
155700, 120, 0, 0, 0
155700, 20, 1, 0, 0
155800, 130, 0, 0, 0
155900, 120, 0, 0, 0
155900, 30, 1, 0, 0
156000, 130, 0, 0, 0
156000, 20, 1, 0, 0
156100, 120, 0, 0, 0
156100, 40, 1, 0, 0
156200, 130, 0, 0, 0
156200, 30, 1, 0, 0
156301, 30, 0, 0, 0
156301, 20, 1, 0, 0
158000, 10, 0, 0, 0
158100, 140, 0, 0, 0
158100, 70, 1, 0, 0
158200, 150, 0, 0, 0
158200, 80, 1, 0, 0
158300, 150, 0, 0, 0
158300, 30, 1, 0, 0
158400, 130, 0, 0, 0
158400, 50, 1, 0, 0
158500, 130, 0, 0, 0
158500, 30, 1, 0, 0
158600, 110, 0, 0, 0
158600, 40, 1, 0, 0
158701, 130, 0, 0, 0
158701, 40, 1, 0, 0
158800, 121, 0, 0, 0
158800, 10, 1, 0, 0
158900, 130, 0, 0, 0
158900, 10, 1, 0, 0
159000, 120, 0, 0, 0
159000, 10, 1, 0, 0
159100, 120, 0, 0, 0
159100, 40, 1, 0, 0
159200, 130, 0, 0, 0
159200, 30, 1, 0, 0
159300, 130, 0, 0, 0
159300, 20, 1, 0, 0
159400, 120, 0, 0, 0
159400, 20, 1, 0, 0
159500, 130, 0, 0, 0
159500, 60, 1, 0, 0
159600, 120, 0, 0, 0
159600, 40, 1, 0, 0
159700, 130, 0, 0, 0
159700, 20, 1, 0, 0
159800, 120, 0, 0, 0
159800, 50, 1, 0, 0
159900, 130, 0, 0, 0
159900, 20, 1, 0, 0
160000, 130, 0, 0, 0
160000, 40, 1, 0, 0
160100, 120, 0, 0, 0
160100, 80, 1, 0, 0
160200, 130, 0, 0, 0
160200, 100, 1, 0, 0
160300, 120, 0, 0, 0
160400, 120, 0, 0, 0
160400, 30, 1, 0, 0
160501, 130, 0, 0, 0
160501, 60, 1, 0, 0
160600, 121, 0, 0, 0
160700, 130, 0, 0, 0
160700, 40, 1, 0, 0
160800, 130, 0, 0, 0
160800, 10, 1, 0, 0
160900, 120, 0, 0, 0
160900, 10, 1, 0, 0
161000, 130, 0, 0, 0
161000, 10, 1, 0, 0
161100, 120, 0, 0, 0
161100, 30, 1, 0, 0
161200, 130, 0, 0, 0
161200, 20, 1, 0, 0
161300, 120, 0, 0, 0
161300, 10, 1, 0, 0
161400, 130, 0, 0, 0
161400, 30, 1, 0, 0
161500, 120, 0, 0, 0
161500, 40, 1, 0, 0
161600, 130, 0, 0, 0
161600, 70, 1, 0, 0
161700, 120, 0, 0, 0
161700, 10, 1, 0, 0
161800, 130, 0, 0, 0
161800, 20, 1, 0, 0
161900, 120, 0, 0, 0
161900, 20, 1, 0, 0
162000, 130, 0, 0, 0
162000, 20, 1, 0, 0
162100, 120, 0, 0, 0
162100, 30, 1, 0, 0
162200, 130, 0, 0, 0
162200, 10, 1, 0, 0
162300, 130, 0, 0, 0
162400, 120, 0, 0, 0
162500, 130, 0, 0, 0
162500, 60, 1, 0, 0
162600, 120, 0, 0, 0
162600, 30, 1, 0, 0
162701, 130, 0, 0, 0
162701, 80, 1, 0, 0
162800, 121, 0, 0, 0
162800, 20, 1, 0, 0
162900, 130, 0, 0, 0
162900, 40, 1, 0, 0
163000, 120, 0, 0, 0
163000, 30, 1, 0, 0
163100, 130, 0, 0, 0
163100, 30, 1, 0, 0
163200, 120, 0, 0, 0
163200, 10, 1, 0, 0
163300, 130, 0, 0, 0
163300, 30, 1, 0, 0
163400, 120, 0, 0, 0
163400, 20, 1, 0, 0
163500, 130, 0, 0, 0
163500, 30, 1, 0, 0
163600, 120, 0, 0, 0
163600, 50, 1, 0, 0
163700, 130, 0, 0, 0
163700, 50, 1, 0, 0
163800, 120, 0, 0, 0
163900, 130, 0, 0, 0
163900, 50, 1, 0, 0
164000, 120, 0, 0, 0
164000, 30, 1, 0, 0
164100, 130, 0, 0, 0
164100, 30, 1, 0, 0
164200, 120, 0, 0, 0
164200, 60, 1, 0, 0
164300, 131, 0, 0, 0
164300, 30, 1, 0, 0
164400, 120, 0, 0, 0
164400, 80, 1, 0, 0
164500, 40, 0, 0, 0
166200, 50, 0, 0, 0
166200, 50, 1, 0, 0
166300, 141, 0, 0, 0
166300, 30, 1, 0, 0
166400, 150, 0, 0, 0
166400, 80, 1, 0, 0
166500, 150, 0, 0, 0
166500, 30, 1, 0, 0
166600, 120, 0, 0, 0
166600, 50, 1, 0, 0
166700, 120, 0, 0, 0
166700, 90, 1, 0, 0
166800, 130, 0, 0, 0
166800, 30, 1, 0, 0
166900, 120, 0, 0, 0
166900, 40, 1, 0, 0
167000, 130, 0, 0, 0
167000, 20, 1, 0, 0
167100, 120, 0, 0, 0
167100, 10, 1, 0, 0
167200, 130, 0, 0, 0
167200, 30, 1, 0, 0
167300, 120, 0, 0, 0
167300, 20, 1, 0, 0
167400, 130, 0, 0, 0
167400, 40, 1, 0, 0
167500, 130, 0, 0, 0
167500, 30, 1, 0, 0
167600, 120, 0, 0, 0
167600, 60, 1, 0, 0
167700, 120, 0, 0, 0
167700, 10, 1, 0, 0
167800, 130, 0, 0, 0
167800, 10, 1, 0, 0
167900, 130, 0, 0, 0
167900, 50, 1, 0, 0
168000, 120, 0, 0, 0
168000, 20, 1, 0, 0
168100, 130, 0, 0, 0
168100, 60, 1, 0, 0
168201, 120, 0, 0, 0
168201, 70, 1, 0, 0
168300, 131, 0, 0, 0
168300, 10, 1, 0, 0
168400, 120, 0, 0, 0
168400, 60, 1, 0, 0
168500, 130, 0, 0, 0
168500, 30, 1, 0, 0
168600, 120, 0, 0, 0
168600, 50, 1, 0, 0
168700, 130, 0, 0, 0
168700, 60, 1, 0, 0
168800, 120, 0, 0, 0
168800, 50, 1, 0, 0
168900, 130, 0, 0, 0
168900, 30, 1, 0, 0
169000, 110, 0, 0, 0
169000, 50, 1, 0, 0
169100, 130, 0, 0, 0
169100, 30, 1, 0, 0
169200, 120, 0, 0, 0
169200, 10, 1, 0, 0
169300, 130, 0, 0, 0
169300, 20, 1, 0, 0
169400, 120, 0, 0, 0
169400, 60, 1, 0, 0
169500, 130, 0, 0, 0
169500, 20, 1, 0, 0
169600, 120, 0, 0, 0
169600, 20, 1, 0, 0
169700, 130, 0, 0, 0
169700, 10, 1, 0, 0
169800, 120, 0, 0, 0
169800, 20, 1, 0, 0
169900, 130, 0, 0, 0
169900, 20, 1, 0, 0
170000, 130, 0, 0, 0
170000, 20, 1, 0, 0
170100, 120, 0, 0, 0
170100, 40, 1, 0, 0
170200, 120, 0, 0, 0
170200, 70, 1, 0, 0
170300, 130, 0, 0, 0
170300, 10, 1, 0, 0
170400, 130, 0, 0, 0
170400, 20, 1, 0, 0
170500, 120, 0, 0, 0
170500, 30, 1, 0, 0
170600, 130, 0, 0, 0
170600, 90, 1, 0, 0
170700, 120, 0, 0, 0
170700, 10, 1, 0, 0
170800, 121, 0, 0, 0
170800, 40, 1, 0, 0
170900, 130, 0, 0, 0
170900, 60, 1, 0, 0
171000, 130, 0, 0, 0
171000, 40, 1, 0, 0
171100, 120, 0, 0, 0
171100, 30, 1, 0, 0
171200, 130, 0, 0, 0
171200, 10, 1, 0, 0
171300, 120, 0, 0, 0
171300, 60, 1, 0, 0
171400, 130, 0, 0, 0
171400, 80, 1, 0, 0
171500, 120, 0, 0, 0
171500, 40, 1, 0, 0
171600, 130, 0, 0, 0
171600, 50, 1, 0, 0
171700, 120, 0, 0, 0
171800, 130, 0, 0, 0
171800, 20, 1, 0, 0
171900, 120, 0, 0, 0
171900, 20, 1, 0, 0
172000, 130, 0, 0, 0
172000, 20, 1, 0, 0
172100, 120, 0, 0, 0
172100, 10, 1, 0, 0
172200, 130, 0, 0, 0
172200, 40, 1, 0, 0
172300, 130, 0, 0, 0
172300, 50, 1, 0, 0
172400, 120, 0, 0, 0
172400, 20, 1, 0, 0
172500, 110, 0, 0, 0
172500, 10, 1, 0, 0
176700, 111, 0, 0, 0
176700, 30, 1, 0, 0
176800, 150, 0, 0, 0
176800, 20, 1, 0, 0
176900, 150, 0, 0, 0
176900, 80, 1, 0, 0
177000, 140, 0, 0, 0
177000, 80, 1, 0, 0
177100, 150, 0, 0, 0
177100, 20, 1, 0, 0
177200, 180, 0, 0, 0
177200, 120, 1, 0, 0
177300, 160, 0, 0, 0
177300, 30, 1, 0, 0
177400, 130, 0, 0, 0
177400, 40, 1, 0, 0
177500, 150, 0, 0, 0
177500, 80, 1, 0, 0
177600, 150, 0, 0, 0
177600, 60, 1, 0, 0
177700, 150, 0, 0, 0
177700, 10, 1, 0, 0
177800, 170, 0, 0, 0
177800, 30, 1, 0, 0
177900, 160, 0, 0, 0
177900, 40, 1, 0, 0
178000, 170, 0, 0, 0
178000, 50, 1, 0, 0
178100, 160, 0, 0, 0
178100, 40, 1, 0, 0
178200, 140, 0, 0, 0
178200, 50, 1, 0, 0
178300, 150, 0, 0, 0
178300, 10, 1, 0, 0
178400, 150, 0, 0, 0
178400, 70, 1, 0, 0
178500, 160, 0, 0, 0
178500, 40, 1, 0, 0
178600, 160, 0, 0, 0
178600, 30, 1, 0, 0
178700, 160, 0, 0, 0
178700, 90, 1, 0, 0
178800, 160, 0, 0, 0
178800, 10, 1, 0, 0
178900, 160, 0, 0, 0
178900, 30, 1, 0, 0
179000, 170, 0, 0, 0
179000, 20, 1, 0, 0
179100, 160, 0, 0, 0
179100, 20, 1, 0, 0
179200, 70, 0, 0, 0
179300, 20, 0, 0, 0
179400, 30, 0, 0, 0
179400, 20, 1, 0, 0
179500, 20, 0, 0, 0
179600, 40, 0, 0, 0
179600, 10, 1, 0, 0
179700, 30, 0, 0, 0
179700, 10, 1, 0, 0
179800, 50, 0, 0, 0
179900, 120, 0, 0, 0
179900, 10, 1, 0, 0
180000, 120, 0, 0, 0
180000, 40, 1, 0, 0
