101, 6688138, 0, 0, 0
120, 410090, 1, 0, 0
203, 5824207, 0, 0, 0
203, 394916, 1, 0, 0
300, 5965454, 0, 0, 0
301, 399739, 1, 0, 0
401, 6580615, 0, 0, 0
426, 391573, 1, 0, 0
501, 6096136, 0, 0, 0
522, 393046, 1, 0, 0
602, 8387898, 0, 0, 0
603, 398410, 1, 0, 0
700, 6378881, 0, 0, 0
701, 397073, 1, 0, 0
801, 6492778, 0, 0, 0
813, 384288, 1, 0, 0
906, 6065718, 0, 0, 0
945, 399084, 1, 0, 0
1001, 7887220, 0, 0, 0
1014, 412709, 1, 0, 0
1104, 7885007, 0, 0, 0
1200, 8028196, 0, 0, 0
1289, 397287, 1, 0, 0
1304, 7941469, 0, 0, 0
1353, 398632, 1, 0, 0
1400, 7966866, 0, 0, 0
1433, 399747, 1, 0, 0
1505, 7930552, 0, 0, 0
1513, 386889, 1, 0, 0
1600, 7801175, 0, 0, 0
1641, 387747, 1, 0, 0
1704, 7876631, 0, 0, 0
1704, 397074, 1, 0, 0
1800, 386217, 1, 0, 0
1806, 7713871, 0, 0, 0
1904, 7945082, 0, 0, 0
1911, 385193, 1, 0, 0
2000, 7810491, 0, 0, 0
2064, 391446, 1, 0, 0
2104, 7902099, 0, 0, 0
2104, 390552, 1, 0, 0
2208, 7742127, 0, 0, 0
2255, 389970, 1, 0, 0
2304, 7959282, 0, 0, 0
2385, 391494, 1, 0, 0
2401, 7977888, 0, 0, 0
2401, 383943, 1, 0, 0
2502, 7590652, 0, 0, 0
2606, 7987281, 0, 0, 0
2632, 385995, 1, 0, 0
2702, 7969787, 0, 0, 0
2726, 394727, 1, 0, 0
2806, 7820478, 0, 0, 0
2807, 392324, 1, 0, 0
2901, 7743597, 0, 0, 0
2943, 385204, 1, 0, 0
3007, 8044515, 0, 0, 0
3102, 7901802, 0, 0, 0
3181, 388033, 1, 0, 0
3205, 7886184, 0, 0, 0
3285, 407076, 1, 0, 0
3301, 7983473, 0, 0, 0
3326, 390385, 1, 0, 0
3406, 7931204, 0, 0, 0
3414, 394940, 1, 0, 0
3501, 7847147, 0, 0, 0
3502, 396531, 1, 0, 0
3605, 7678452, 0, 0, 0
3639, 388452, 1, 0, 0
3700, 7849892, 0, 0, 0
3700, 389659, 1, 0, 0
3804, 7746559, 0, 0, 0
3820, 387302, 1, 0, 0
3901, 8042915, 0, 0, 0
3909, 392127, 1, 0, 0
4004, 7846123, 0, 0, 0
4020, 404691, 1, 0, 0
4107, 7874778, 0, 0, 0
4147, 390768, 1, 0, 0
4203, 7793952, 0, 0, 0
4213, 388053, 1, 0, 0
4301, 8050278, 0, 0, 0
4308, 385077, 1, 0, 0
4404, 7825434, 0, 0, 0
4444, 394866, 1, 0, 0
4500, 7904106, 0, 0, 0
4509, 396289, 1, 0, 0
4602, 7634747, 0, 0, 0
4611, 382692, 1, 0, 0
4706, 7855624, 0, 0, 0
4803, 8072827, 0, 0, 0
4811, 393044, 1, 0, 0
4900, 397012, 1, 0, 0
4907, 7872987, 0, 0, 0
5002, 7709396, 0, 0, 0
5011, 388680, 1, 0, 0
5106, 7879552, 0, 0, 0
5107, 388163, 1, 0, 0
5203, 7915671, 0, 0, 0
5251, 388462, 1, 0, 0
5301, 8059981, 0, 0, 0
5308, 397988, 1, 0, 0
5402, 7726714, 0, 0, 0
5403, 397362, 1, 0, 0
5506, 7895268, 0, 0, 0
5506, 391460, 1, 0, 0
5603, 7985130, 0, 0, 0
5634, 395873, 1, 0, 0
5705, 7784369, 0, 0, 0
5705, 388169, 1, 0, 0
5801, 7909390, 0, 0, 0
5850, 384917, 1, 0, 0
5905, 7869653, 0, 0, 0
5914, 392545, 1, 0, 0
6001, 7834392, 0, 0, 0
6041, 400602, 1, 0, 0
6105, 7983967, 0, 0, 0
6154, 383751, 1, 0, 0
8035, 7896915, 0, 0, 0
8046, 391233, 1, 0, 0
8100, 391183, 1, 0, 0
8104, 5716419, 0, 0, 0
8202, 6881503, 0, 0, 0
8203, 394362, 1, 0, 0
8305, 7762779, 0, 0, 0
8409, 8010168, 0, 0, 0
8410, 389846, 1, 0, 0
8504, 7644481, 0, 0, 0
8545, 392186, 1, 0, 0
8600, 7938351, 0, 0, 0
8600, 408460, 1, 0, 0
8706, 8033891, 0, 0, 0
8768, 391644, 1, 0, 0
8800, 7734457, 0, 0, 0
8864, 389304, 1, 0, 0
8907, 8159187, 0, 0, 0
8922, 403505, 1, 0, 0
9009, 7815152, 0, 0, 0
9032, 394722, 1, 0, 0
9105, 7864060, 0, 0, 0
9144, 396744, 1, 0, 0
9208, 7859020, 0, 0, 0
9208, 406246, 1, 0, 0
9303, 7843148, 0, 0, 0
9303, 390424, 1, 0, 0
9406, 7851128, 0, 0, 0
9504, 8100914, 0, 0, 0
9561, 403239, 1, 0, 0
9607, 7885710, 0, 0, 0
9648, 392119, 1, 0, 0
9703, 7881551, 0, 0, 0
9752, 396564, 1, 0, 0
9801, 8112080, 0, 0, 0
9831, 392414, 1, 0, 0
9903, 7756152, 0, 0, 0
10007, 8011053, 0, 0, 0
10015, 396854, 1, 0, 0
10102, 7835617, 0, 0, 0
10151, 395068, 1, 0, 0
10200, 7937838, 0, 0, 0
10239, 388753, 1, 0, 0
10304, 7810813, 0, 0, 0
10328, 393925, 1, 0, 0
10406, 7765409, 0, 0, 0
10422, 393882, 1, 0, 0
10502, 7966134, 0, 0, 0
10510, 410080, 1, 0, 0
10606, 7866872, 0, 0, 0
10630, 387061, 1, 0, 0
10700, 7768603, 0, 0, 0
10791, 395742, 1, 0, 0
10806, 8069831, 0, 0, 0
10847, 394465, 1, 0, 0
10902, 7970249, 0, 0, 0
10902, 388723, 1, 0, 0
11007, 7854528, 0, 0, 0
11086, 390771, 1, 0, 0
11101, 7782188, 0, 0, 0
11109, 400948, 1, 0, 0
11205, 7941566, 0, 0, 0
11277, 392464, 1, 0, 0
11300, 7867080, 0, 0, 0
11350, 418471, 1, 0, 0
11405, 8060131, 0, 0, 0
11406, 389541, 1, 0, 0
11500, 7796363, 0, 0, 0
11580, 387946, 1, 0, 0
11603, 7881372, 0, 0, 0
11708, 8080840, 0, 0, 0
11772, 394560, 1, 0, 0
11803, 7775737, 0, 0, 0
11828, 391559, 1, 0, 0
11908, 7954496, 0, 0, 0
11924, 405409, 1, 0, 0
12004, 7773569, 0, 0, 0
12004, 391161, 1, 0, 0
12101, 8011765, 0, 0, 0
12139, 394155, 1, 0, 0
12205, 7931445, 0, 0, 0
12236, 401460, 1, 0, 0
12307, 7782396, 0, 0, 0
12371, 383938, 1, 0, 0
12403, 7902184, 0, 0, 0
12435, 390240, 1, 0, 0
12507, 7878614, 0, 0, 0
12532, 400572, 1, 0, 0
12603, 7823457, 0, 0, 0
12618, 387314, 1, 0, 0
12706, 7801894, 0, 0, 0
12714, 389459, 1, 0, 0
12801, 7789977, 0, 0, 0
12819, 391778, 1, 0, 0
12905, 7923571, 0, 0, 0
12930, 424533, 1, 0, 0
13001, 8010420, 0, 0, 0
13018, 388950, 1, 0, 0
13105, 7842337, 0, 0, 0
13129, 388752, 1, 0, 0
13203, 7839599, 0, 0, 0
13299, 384020, 1, 0, 0
13305, 7861336, 0, 0, 0
13321, 392436, 1, 0, 0
13401, 7839211, 0, 0, 0
13410, 396150, 1, 0, 0
13504, 7881472, 0, 0, 0
13536, 390740, 1, 0, 0
13601, 7934880, 0, 0, 0
13632, 401331, 1, 0, 0
13705, 7897772, 0, 0, 0
13713, 397767, 1, 0, 0
13800, 7757052, 0, 0, 0
13842, 401678, 1, 0, 0
13904, 7937151, 0, 0, 0
13944, 395864, 1, 0, 0
14001, 7938917, 0, 0, 0
14008, 395745, 1, 0, 0
14106, 7915646, 0, 0, 0
14200, 7878442, 0, 0, 0
14290, 392118, 1, 0, 0
14305, 7981785, 0, 0, 0
14322, 394932, 1, 0, 0
14400, 7727809, 0, 0, 0
14448, 386234, 1, 0, 0
14501, 9183327, 0, 0, 0
14553, 389444, 1, 0, 0
14610, 11987239, 0, 0, 0
16297, 12275548, 0, 0, 0
16304, 7518138, 0, 0, 0
16333, 402130, 1, 0, 0
16408, 10176740, 0, 0, 0
16472, 383513, 1, 0, 0
16525, 13007829, 0, 0, 0
16526, 386709, 1, 0, 0
16628, 16868298, 0, 0, 0
16667, 381953, 1, 0, 0
16704, 12416656, 0, 0, 0
16710, 388782, 1, 0, 0
16837, 14608481, 0, 0, 0
16837, 386445, 1, 0, 0
16905, 8441183, 0, 0, 0
16935, 384958, 1, 0, 0
17016, 15805288, 0, 0, 0
17023, 400958, 1, 0, 0
17103, 10868959, 0, 0, 0
17192, 386469, 1, 0, 0
17200, 12024171, 0, 0, 0
17320, 15058335, 0, 0, 0
17358, 386057, 1, 0, 0
17403, 11767594, 0, 0, 0
17417, 397090, 1, 0, 0
17521, 29398679, 0, 0, 0
17555, 386651, 1, 0, 0
17629, 15344748, 0, 0, 0
17702, 18333995, 0, 0, 0
17718, 412189, 1, 0, 0
17801, 9800296, 0, 0, 0
17853, 387314, 1, 0, 0
17940, 9859990, 0, 0, 0
18006, 33093572, 0, 0, 0
18047, 394247, 1, 0, 0
18104, 13820266, 0, 0, 0
18217, 16141561, 0, 0, 0
18225, 388487, 1, 0, 0
18307, 9775339, 0, 0, 0
18315, 385064, 1, 0, 0
18416, 8892829, 0, 0, 0
18521, 52449714, 0, 0, 0
18528, 385652, 1, 0, 0
18600, 7805503, 0, 0, 0
18619, 389444, 1, 0, 0
18704, 9317755, 0, 0, 0
18704, 389102, 1, 0, 0
18818, 7376744, 0, 0, 0
18851, 379124, 1, 0, 0
18907, 6367839, 0, 0, 0
18962, 385227, 1, 0, 0
19006, 8939029, 0, 0, 0
19101, 10499948, 0, 0, 0
19110, 387215, 1, 0, 0
19202, 8304630, 0, 0, 0
19202, 392999, 1, 0, 0
19303, 7557054, 0, 0, 0
19390, 391202, 1, 0, 0
19405, 14475050, 0, 0, 0
19405, 396883, 1, 0, 0
19500, 393715, 1, 0, 0
19506, 8358567, 0, 0, 0
19611, 7990627, 0, 0, 0
19701, 8248685, 0, 0, 0
19702, 387037, 1, 0, 0
19806, 51892307, 0, 0, 0
19894, 406018, 1, 0, 0
19901, 15675061, 0, 0, 0
19901, 400991, 1, 0, 0
20005, 14780249, 0, 0, 0
20013, 400478, 1, 0, 0
20109, 17273733, 0, 0, 0
20255, 48519581, 0, 0, 0
20309, 26938132, 0, 0, 0
20365, 396035, 1, 0, 0
20426, 23464420, 0, 0, 0
20475, 416884, 1, 0, 0
20537, 55043389, 0, 0, 0
20607, 17511399, 0, 0, 0
20621, 401915, 1, 0, 0
20716, 15298937, 0, 0, 0
20788, 388085, 1, 0, 0
20877, 80273421, 0, 0, 0
20961, 84203019, 0, 0, 0
21018, 56448738, 0, 0, 0
21113, 47836522, 0, 0, 0
21271, 78616253, 0, 0, 0
21340, 69615782, 0, 0, 0
21445, 52136271, 0, 0, 0
21553, 54194817, 0, 0, 0
21611, 57838615, 0, 0, 0
21666, 423756, 1, 0, 0
21759, 73780167, 0, 0, 0
21817, 57784516, 0, 0, 0
21939, 40955054, 0, 0, 0
21974, 397848, 1, 0, 0
22039, 49428370, 0, 0, 0
22084, 419328, 1, 0, 0
22140, 50058539, 0, 0, 0
22203, 31492059, 0, 0, 0
22265, 381771, 1, 0, 0
22311, 21647435, 0, 0, 0
22321, 387948, 1, 0, 0
22400, 17608260, 0, 0, 0
22425, 386942, 1, 0, 0
22524, 30765186, 0, 0, 0
22524, 415445, 1, 0, 0
22602, 78028980, 0, 0, 0
22734, 66147147, 0, 0, 0
22825, 45461614, 0, 0, 0
22826, 396271, 1, 0, 0
22906, 40145969, 0, 0, 0
23002, 47669899, 0, 0, 0
23103, 16877795, 0, 0, 0
23205, 12703738, 0, 0, 0
23205, 383508, 1, 0, 0
23303, 32560812, 0, 0, 0
23303, 395743, 1, 0, 0
23404, 16696486, 0, 0, 0
23533, 18392915, 0, 0, 0
23533, 390788, 1, 0, 0
23611, 12871672, 0, 0, 0
23685, 385008, 1, 0, 0
23703, 22832622, 0, 0, 0
23703, 389561, 1, 0, 0
23801, 10750064, 0, 0, 0
23826, 386179, 1, 0, 0
23903, 7243532, 0, 0, 0
23903, 386097, 1, 0, 0
24000, 6821746, 0, 0, 0
24011, 396090, 1, 0, 0
24105, 7991090, 0, 0, 0
24126, 387320, 1, 0, 0
24202, 6362947, 0, 0, 0
24203, 390271, 1, 0, 0
24303, 5822863, 0, 0, 0
24310, 393298, 1, 0, 0
24400, 6444242, 0, 0, 0
24407, 385673, 1, 0, 0
24502, 5873300, 0, 0, 0
24503, 381567, 1, 0, 0
24600, 383514, 1, 0, 0
24606, 5796446, 0, 0, 0
24706, 5797211, 0, 0, 0
24706, 387453, 1, 0, 0
24803, 6015187, 0, 0, 0
24832, 379244, 1, 0, 0
24901, 6037336, 0, 0, 0
24926, 380614, 1, 0, 0
25001, 6154733, 0, 0, 0
25019, 384285, 1, 0, 0
25106, 6033851, 0, 0, 0
25106, 389028, 1, 0, 0
25204, 6006865, 0, 0, 0
25267, 381939, 1, 0, 0
25300, 5895516, 0, 0, 0
25331, 382398, 1, 0, 0
25405, 5812306, 0, 0, 0
25418, 381918, 1, 0, 0
25503, 6040773, 0, 0, 0
25504, 383429, 1, 0, 0
25605, 6120053, 0, 0, 0
25638, 382079, 1, 0, 0
25703, 5685617, 0, 0, 0
25704, 388926, 1, 0, 0
25803, 6564420, 0, 0, 0
25834, 392237, 1, 0, 0
25901, 6112293, 0, 0, 0
25919, 389178, 1, 0, 0
26000, 5593270, 0, 0, 0
26034, 384525, 1, 0, 0
27481, 6000839, 0, 0, 0
27481, 404778, 1, 0, 0
27501, 5114730, 0, 0, 0
27508, 394553, 1, 0, 0
27602, 5823375, 0, 0, 0
27651, 388334, 1, 0, 0
27706, 7979464, 0, 0, 0
27706, 391244, 1, 0, 0
27802, 7867233, 0, 0, 0
27898, 381411, 1, 0, 0
27907, 8066300, 0, 0, 0
27919, 382713, 1, 0, 0
28002, 7858933, 0, 0, 0
28036, 390142, 1, 0, 0
28105, 7854133, 0, 0, 0
28122, 386459, 1, 0, 0
28203, 8066889, 0, 0, 0
28241, 382802, 1, 0, 0
28305, 7821225, 0, 0, 0
28331, 390415, 1, 0, 0
28403, 8138238, 0, 0, 0
28410, 386672, 1, 0, 0
28505, 7784024, 0, 0, 0
28522, 390397, 1, 0, 0
28600, 7817652, 0, 0, 0
28697, 381169, 1, 0, 0
28705, 8042714, 0, 0, 0
28729, 392288, 1, 0, 0
28802, 7970602, 0, 0, 0
28842, 388951, 1, 0, 0
28905, 7889319, 0, 0, 0
28913, 386495, 1, 0, 0
29001, 7760899, 0, 0, 0
29002, 383393, 1, 0, 0
29104, 7775981, 0, 0, 0
29112, 388458, 1, 0, 0
29208, 7871122, 0, 0, 0
29209, 386802, 1, 0, 0
29304, 7937201, 0, 0, 0
29313, 387895, 1, 0, 0
29400, 401809, 1, 0, 0
29407, 7809928, 0, 0, 0
29504, 7937748, 0, 0, 0
29560, 388591, 1, 0, 0
29601, 8036849, 0, 0, 0
29608, 387313, 1, 0, 0
29702, 7597146, 0, 0, 0
29729, 384180, 1, 0, 0
29807, 7955593, 0, 0, 0
29807, 381427, 1, 0, 0
29903, 7819690, 0, 0, 0
29951, 388436, 1, 0, 0
30006, 7830716, 0, 0, 0
30055, 391050, 1, 0, 0
30101, 7730608, 0, 0, 0
30126, 392313, 1, 0, 0
30207, 7952608, 0, 0, 0
30208, 386703, 1, 0, 0
30302, 7864151, 0, 0, 0
30318, 395633, 1, 0, 0
30405, 7660957, 0, 0, 0
30405, 385906, 1, 0, 0
30502, 7959301, 0, 0, 0
30598, 396567, 1, 0, 0
30607, 8041907, 0, 0, 0
30608, 403918, 1, 0, 0
30702, 7767976, 0, 0, 0
30741, 394092, 1, 0, 0
30807, 8024747, 0, 0, 0
30814, 392340, 1, 0, 0
30903, 7927321, 0, 0, 0
30949, 387899, 1, 0, 0
31005, 7748155, 0, 0, 0
31102, 8001275, 0, 0, 0
31125, 392646, 1, 0, 0
31205, 7867244, 0, 0, 0
31222, 395883, 1, 0, 0
31302, 7759909, 0, 0, 0
31388, 384774, 1, 0, 0
31405, 7918958, 0, 0, 0
31405, 387641, 1, 0, 0
31501, 7957918, 0, 0, 0
31517, 397448, 1, 0, 0
31606, 8042307, 0, 0, 0
31637, 399978, 1, 0, 0
31700, 7678609, 0, 0, 0
31708, 385822, 1, 0, 0
31804, 7871128, 0, 0, 0
31845, 386054, 1, 0, 0
31901, 7946738, 0, 0, 0
31908, 393996, 1, 0, 0
32003, 7815936, 0, 0, 0
32020, 398687, 1, 0, 0
32100, 8049757, 0, 0, 0
32107, 388864, 1, 0, 0
32202, 7721563, 0, 0, 0
32267, 390208, 1, 0, 0
32307, 7955395, 0, 0, 0
32338, 391635, 1, 0, 0
32404, 8067753, 0, 0, 0
32426, 388966, 1, 0, 0
32509, 7903677, 0, 0, 0
32532, 390454, 1, 0, 0
32603, 7774702, 0, 0, 0
32603, 390171, 1, 0, 0
32701, 7953565, 0, 0, 0
32701, 390485, 1, 0, 0
32801, 7645536, 0, 0, 0
32875, 384417, 1, 0, 0
32906, 8009287, 0, 0, 0
32907, 391819, 1, 0, 0
33003, 7762238, 0, 0, 0
33010, 392821, 1, 0, 0
33108, 8589936, 0, 0, 0
33197, 395510, 1, 0, 0
33203, 7890025, 0, 0, 0
33307, 7963726, 0, 0, 0
33356, 383382, 1, 0, 0
33404, 8048573, 0, 0, 0
33452, 405509, 1, 0, 0
33508, 7960208, 0, 0, 0
33509, 397782, 1, 0, 0
33604, 7777605, 0, 0, 0
33611, 394900, 1, 0, 0
33707, 7825684, 0, 0, 0
33708, 390001, 1, 0, 0
33804, 7672058, 0, 0, 0
33804, 387499, 1, 0, 0
35679, 406457, 1, 0, 0
35686, 7735182, 0, 0, 0
35700, 6660799, 0, 0, 0
35730, 398054, 1, 0, 0
35800, 6479408, 0, 0, 0
35841, 392574, 1, 0, 0
35904, 5999178, 0, 0, 0
35918, 386600, 1, 0, 0
36000, 385850, 1, 0, 0
36007, 7118946, 0, 0, 0
36111, 7994928, 0, 0, 0
36128, 392984, 1, 0, 0
36208, 8055126, 0, 0, 0
36239, 397025, 1, 0, 0
36303, 7841221, 0, 0, 0
36304, 397890, 1, 0, 0
36407, 7898356, 0, 0, 0
36415, 382623, 1, 0, 0
36502, 7587476, 0, 0, 0
36502, 395899, 1, 0, 0
36608, 7924290, 0, 0, 0
36670, 392400, 1, 0, 0
36702, 7773092, 0, 0, 0
36805, 7981719, 0, 0, 0
36806, 387511, 1, 0, 0
36901, 7861041, 0, 0, 0
36982, 398842, 1, 0, 0
37005, 7879493, 0, 0, 0
37005, 390578, 1, 0, 0
37102, 7928972, 0, 0, 0
37136, 385711, 1, 0, 0
37205, 7850562, 0, 0, 0
37214, 396293, 1, 0, 0
37301, 7970652, 0, 0, 0
37332, 403166, 1, 0, 0
37406, 7847028, 0, 0, 0
37406, 392611, 1, 0, 0
37501, 7765230, 0, 0, 0
37581, 391711, 1, 0, 0
37606, 7998929, 0, 0, 0
37606, 384367, 1, 0, 0
37700, 7782817, 0, 0, 0
37701, 413107, 1, 0, 0
37805, 7925852, 0, 0, 0
37813, 392520, 1, 0, 0
37902, 7968452, 0, 0, 0
37932, 383485, 1, 0, 0
38004, 7821704, 0, 0, 0
38005, 399772, 1, 0, 0
38100, 7969701, 0, 0, 0
38133, 394539, 1, 0, 0
38203, 7877841, 0, 0, 0
38204, 401812, 1, 0, 0
38308, 7901552, 0, 0, 0
38318, 389680, 1, 0, 0
38406, 7926640, 0, 0, 0
38428, 385557, 1, 0, 0
38501, 7818370, 0, 0, 0
38508, 397183, 1, 0, 0
38604, 7854973, 0, 0, 0
38604, 387625, 1, 0, 0
38700, 7870711, 0, 0, 0
38756, 396255, 1, 0, 0
38803, 7943801, 0, 0, 0
38821, 379753, 1, 0, 0
38900, 7945259, 0, 0, 0
38924, 384892, 1, 0, 0
39004, 7860990, 0, 0, 0
39005, 388513, 1, 0, 0
39100, 397821, 1, 0, 0
39108, 7776432, 0, 0, 0
39203, 7681384, 0, 0, 0
39268, 388682, 1, 0, 0
39306, 7819553, 0, 0, 0
39396, 387249, 1, 0, 0
39403, 8043747, 0, 0, 0
39411, 407610, 1, 0, 0
39500, 390486, 1, 0, 0
39507, 7774985, 0, 0, 0
39602, 7838692, 0, 0, 0
39603, 393343, 1, 0, 0
39715, 8513888, 0, 0, 0
39744, 390609, 1, 0, 0
39802, 7152185, 0, 0, 0
39802, 389600, 1, 0, 0
39905, 7867538, 0, 0, 0
39905, 400600, 1, 0, 0
40002, 7994037, 0, 0, 0
40107, 8084895, 0, 0, 0
40210, 12869544, 0, 0, 0
40259, 399324, 1, 0, 0
40304, 13330893, 0, 0, 0
40304, 405433, 1, 0, 0
40404, 16440277, 0, 0, 0
40437, 393422, 1, 0, 0
40525, 30312388, 0, 0, 0
40615, 45122769, 0, 0, 0
40707, 45630430, 0, 0, 0
40802, 47480770, 0, 0, 0
40802, 397570, 1, 0, 0
40907, 52640106, 0, 0, 0
41019, 37152707, 0, 0, 0
41129, 55284474, 0, 0, 0
41219, 30014928, 0, 0, 0
41310, 30121265, 0, 0, 0
41371, 418928, 1, 0, 0
41430, 29891698, 0, 0, 0
41459, 406846, 1, 0, 0
41524, 18656754, 0, 0, 0
41534, 383980, 1, 0, 0
41606, 9036917, 0, 0, 0
41612, 388985, 1, 0, 0
41703, 9629196, 0, 0, 0
41704, 390822, 1, 0, 0
41803, 9822630, 0, 0, 0
41832, 400960, 1, 0, 0
41929, 15597965, 0, 0, 0
41975, 385737, 1, 0, 0
42002, 10436762, 0, 0, 0
42034, 388479, 1, 0, 0
42104, 8296793, 0, 0, 0
42113, 386718, 1, 0, 0
42203, 8890614, 0, 0, 0
42238, 386794, 1, 0, 0
42314, 7398429, 0, 0, 0
42345, 393687, 1, 0, 0
42402, 7269798, 0, 0, 0
42416, 379252, 1, 0, 0
42501, 6980224, 0, 0, 0
42527, 386752, 1, 0, 0
42606, 6445157, 0, 0, 0
42606, 381869, 1, 0, 0
42700, 6608309, 0, 0, 0
42720, 388117, 1, 0, 0
42803, 6603787, 0, 0, 0
42863, 387417, 1, 0, 0
42907, 10319752, 0, 0, 0
43030, 30669381, 0, 0, 0
43086, 395207, 1, 0, 0
43105, 18583963, 0, 0, 0
43145, 386602, 1, 0, 0
43202, 16177557, 0, 0, 0
43225, 393555, 1, 0, 0
43331, 32005421, 0, 0, 0
43357, 386800, 1, 0, 0
44587, 8644917, 0, 0, 0
44604, 8258798, 0, 0, 0
44604, 395361, 1, 0, 0
44705, 12592443, 0, 0, 0
44726, 414833, 1, 0, 0
44800, 7798910, 0, 0, 0
44806, 389478, 1, 0, 0
44904, 8476478, 0, 0, 0
44917, 383935, 1, 0, 0
45002, 6374961, 0, 0, 0
45002, 384898, 1, 0, 0
45102, 6141607, 0, 0, 0
45110, 390839, 1, 0, 0
45200, 6061691, 0, 0, 0
45200, 390806, 1, 0, 0
45300, 6098123, 0, 0, 0
45307, 385665, 1, 0, 0
45403, 6341491, 0, 0, 0
45431, 384887, 1, 0, 0
45502, 6530696, 0, 0, 0
45515, 389391, 1, 0, 0
45605, 6302219, 0, 0, 0
45619, 387285, 1, 0, 0
45700, 386289, 1, 0, 0
45705, 6125626, 0, 0, 0
45801, 5904262, 0, 0, 0
45802, 389251, 1, 0, 0
45901, 6116173, 0, 0, 0
45919, 391073, 1, 0, 0
46000, 6100308, 0, 0, 0
46023, 392486, 1, 0, 0
46103, 6780527, 0, 0, 0
46198, 399301, 1, 0, 0
46205, 6754883, 0, 0, 0
46226, 384421, 1, 0, 0
46306, 6589170, 0, 0, 0
46311, 392713, 1, 0, 0
46402, 6398418, 0, 0, 0
46446, 387432, 1, 0, 0
46504, 6301746, 0, 0, 0
46526, 384111, 1, 0, 0
46600, 5602168, 0, 0, 0
46606, 392066, 1, 0, 0
46704, 6879297, 0, 0, 0
46712, 397186, 1, 0, 0
46808, 7959275, 0, 0, 0
46817, 385612, 1, 0, 0
46904, 7921509, 0, 0, 0
46943, 380577, 1, 0, 0
47000, 7956493, 0, 0, 0
47055, 401332, 1, 0, 0
47103, 7859882, 0, 0, 0
47152, 399104, 1, 0, 0
47206, 7888717, 0, 0, 0
47231, 385683, 1, 0, 0
47303, 7980573, 0, 0, 0
47335, 395693, 1, 0, 0
47406, 7912308, 0, 0, 0
47407, 387017, 1, 0, 0
47504, 8013414, 0, 0, 0
47519, 386253, 1, 0, 0
47606, 7787676, 0, 0, 0
47630, 421469, 1, 0, 0
47704, 8094136, 0, 0, 0
47727, 396822, 1, 0, 0
47806, 7708591, 0, 0, 0
47863, 391493, 1, 0, 0
47902, 7960314, 0, 0, 0
47942, 394283, 1, 0, 0
48006, 7894030, 0, 0, 0
48022, 396789, 1, 0, 0
48101, 7754656, 0, 0, 0
48109, 379365, 1, 0, 0
48206, 7926680, 0, 0, 0
48239, 386510, 1, 0, 0
48302, 7968416, 0, 0, 0
48389, 391683, 1, 0, 0
48408, 8079768, 0, 0, 0
48420, 390227, 1, 0, 0
48502, 7774178, 0, 0, 0
48517, 390326, 1, 0, 0
48605, 7866909, 0, 0, 0
48646, 386102, 1, 0, 0
48701, 7936164, 0, 0, 0
48701, 396291, 1, 0, 0
48805, 7881237, 0, 0, 0
48831, 388622, 1, 0, 0
48900, 395518, 1, 0, 0
48907, 7760946, 0, 0, 0
49005, 8107420, 0, 0, 0
49014, 387109, 1, 0, 0
49102, 7969906, 0, 0, 0
49118, 397869, 1, 0, 0
49205, 7775760, 0, 0, 0
49262, 383900, 1, 0, 0
49301, 7891183, 0, 0, 0
49309, 387445, 1, 0, 0
49405, 7935309, 0, 0, 0
49406, 398837, 1, 0, 0
49507, 7628336, 0, 0, 0
49533, 384250, 1, 0, 0
49605, 8007978, 0, 0, 0
49646, 388646, 1, 0, 0
49700, 7847046, 0, 0, 0
49803, 7935865, 0, 0, 0
49803, 391919, 1, 0, 0
49907, 7925828, 0, 0, 0
49915, 405476, 1, 0, 0
50004, 7900442, 0, 0, 0
50027, 392229, 1, 0, 0
50106, 7797907, 0, 0, 0
50204, 8210996, 0, 0, 0
50204, 394253, 1, 0, 0
50300, 7948689, 0, 0, 0
50300, 439025, 1, 0, 0
50402, 7671365, 0, 0, 0
50402, 393439, 1, 0, 0
50506, 7827146, 0, 0, 0
50563, 394306, 1, 0, 0
50601, 7935362, 0, 0, 0
50612, 406590, 1, 0, 0
50706, 7985314, 0, 0, 0
50731, 406804, 1, 0, 0
50803, 8041879, 0, 0, 0
50811, 381557, 1, 0, 0
52406, 7777387, 0, 0, 0
52421, 395988, 1, 0, 0
52553, 12077698, 0, 0, 0
52586, 392239, 1, 0, 0
52608, 18142376, 0, 0, 0
52779, 85394331, 0, 0, 0
52845, 66704610, 0, 0, 0
52846, 384526, 1, 0, 0
52937, 45533753, 0, 0, 0
52937, 390625, 1, 0, 0
53009, 71412300, 0, 0, 0
53134, 41668060, 0, 0, 0
53212, 78698356, 0, 0, 0
53558, 345989170, 0, 0, 0
54047, 488116582, 0, 0, 0
54047, 448972, 1, 0, 0
54512, 464622072, 0, 0, 0
54658, 73351891, 0, 0, 0
54659, 404727, 1, 0, 0
54776, 117077393, 0, 0, 0
54826, 49981131, 0, 0, 0
54945, 59551674, 0, 0, 0
55000, 55517362, 0, 0, 0
55064, 431407, 1, 0, 0
55121, 60176499, 0, 0, 0
55245, 62076061, 0, 0, 0
55343, 48575929, 0, 0, 0
55432, 44717700, 0, 0, 0
55478, 387372, 1, 0, 0
55500, 33593647, 0, 0, 0
55500, 400583, 1, 0, 0
55609, 35903653, 0, 0, 0
55717, 54333580, 0, 0, 0
55806, 44242321, 0, 0, 0
55863, 412510, 1, 0, 0
55917, 55307700, 0, 0, 0
55971, 424970, 1, 0, 0
56010, 46633837, 0, 0, 0
56061, 395464, 1, 0, 0
56119, 53945982, 0, 0, 0
56210, 45545880, 0, 0, 0
56210, 399165, 1, 0, 0
56328, 39115714, 0, 0, 0
56415, 28902628, 0, 0, 0
56457, 399215, 1, 0, 0
56528, 37450033, 0, 0, 0
56546, 387834, 1, 0, 0
56610, 20144771, 0, 0, 0
56712, 34060962, 0, 0, 0
56712, 398492, 1, 0, 0
56800, 14327180, 0, 0, 0
56800, 394322, 1, 0, 0
56902, 8276382, 0, 0, 0
56908, 395948, 1, 0, 0
57009, 15124275, 0, 0, 0
57049, 395200, 1, 0, 0
57125, 10434719, 0, 0, 0
57136, 393921, 1, 0, 0
57205, 13393030, 0, 0, 0
57285, 382495, 1, 0, 0
57306, 8394886, 0, 0, 0
57307, 401852, 1, 0, 0
57405, 12118509, 0, 0, 0
57405, 392143, 1, 0, 0
57517, 22261442, 0, 0, 0
57529, 397345, 1, 0, 0
57600, 11484706, 0, 0, 0
57601, 389189, 1, 0, 0
57707, 17576996, 0, 0, 0
57727, 384032, 1, 0, 0
57807, 14021495, 0, 0, 0
57807, 383242, 1, 0, 0
57910, 17171623, 0, 0, 0
57911, 396151, 1, 0, 0
58038, 63771697, 0, 0, 0
58097, 383237, 1, 0, 0
58105, 7323063, 0, 0, 0
58216, 36884607, 0, 0, 0
58301, 42638949, 0, 0, 0
58409, 35786299, 0, 0, 0
58447, 382412, 1, 0, 0
58512, 34206379, 0, 0, 0
58614, 33927051, 0, 0, 0
58681, 392773, 1, 0, 0
58721, 26568623, 0, 0, 0
58813, 30792958, 0, 0, 0
58879, 409253, 1, 0, 0
58918, 52282702, 0, 0, 0
59003, 28264037, 0, 0, 0
59003, 427826, 1, 0, 0
59100, 32289684, 0, 0, 0
59217, 29103567, 0, 0, 0
59341, 31170894, 0, 0, 0
59455, 57034917, 0, 0, 0
59524, 22888373, 0, 0, 0
59613, 29490089, 0, 0, 0
59773, 40175679, 0, 0, 0
59774, 406986, 1, 0, 0
59843, 68895466, 0, 0, 0
59936, 92975012, 0, 0, 0
60007, 71343466, 0, 0, 0
60105, 97756171, 0, 0, 0
60105, 432161, 1, 0, 0
60260, 77356763, 0, 0, 0
60343, 83241465, 0, 0, 0
60343, 386802, 1, 0, 0
60407, 63295152, 0, 0, 0
60505, 49365199, 0, 0, 0
60506, 420741, 1, 0, 0
60635, 43199440, 0, 0, 0
60636, 393173, 1, 0, 0
60703, 33617329, 0, 0, 0
60703, 402991, 1, 0, 0
60802, 49083512, 0, 0, 0
60859, 388675, 1, 0, 0
60932, 43155142, 0, 0, 0
61011, 19913925, 0, 0, 0
61073, 406461, 1, 0, 0
61108, 24044899, 0, 0, 0
61159, 385785, 1, 0, 0
61206, 13876967, 0, 0, 0
61206, 389480, 1, 0, 0
61303, 16190616, 0, 0, 0
61304, 407409, 1, 0, 0
61430, 21009405, 0, 0, 0
61503, 10493747, 0, 0, 0
61517, 384447, 1, 0, 0
61617, 14167204, 0, 0, 0
61673, 391628, 1, 0, 0
61709, 15160567, 0, 0, 0
61804, 11854011, 0, 0, 0
61827, 393401, 1, 0, 0
61906, 16958773, 0, 0, 0
61982, 388415, 1, 0, 0
62005, 12375561, 0, 0, 0
62018, 403803, 1, 0, 0
62104, 10898038, 0, 0, 0
62190, 379472, 1, 0, 0
62207, 20565742, 0, 0, 0
62207, 402064, 1, 0, 0
62309, 16716629, 0, 0, 0
62309, 381786, 1, 0, 0
62411, 14228182, 0, 0, 0
62466, 394272, 1, 0, 0
62509, 10911934, 0, 0, 0
62590, 385887, 1, 0, 0
62605, 23814259, 0, 0, 0
62621, 400968, 1, 0, 0
62701, 11783672, 0, 0, 0
62721, 390488, 1, 0, 0
62820, 29639641, 0, 0, 0
62884, 384572, 1, 0, 0
62903, 13717663, 0, 0, 0
62904, 383443, 1, 0, 0
63026, 30397595, 0, 0, 0
63111, 16995328, 0, 0, 0
63157, 393903, 1, 0, 0
63202, 11197741, 0, 0, 0
63203, 380758, 1, 0, 0
63303, 11129083, 0, 0, 0
63304, 388661, 1, 0, 0
63400, 10593464, 0, 0, 0
63439, 384780, 1, 0, 0
63501, 10015496, 0, 0, 0
63511, 392916, 1, 0, 0
63600, 10697726, 0, 0, 0
63601, 381949, 1, 0, 0
63706, 15066638, 0, 0, 0
63707, 392074, 1, 0, 0
63806, 9755220, 0, 0, 0
63828, 395441, 1, 0, 0
63905, 8855721, 0, 0, 0
63924, 384051, 1, 0, 0
64005, 7451561, 0, 0, 0
64005, 388508, 1, 0, 0
64100, 7739112, 0, 0, 0
64120, 383351, 1, 0, 0
64224, 7639333, 0, 0, 0
64269, 381900, 1, 0, 0
64303, 12939830, 0, 0, 0
64378, 394007, 1, 0, 0
64405, 6762483, 0, 0, 0
64413, 390751, 1, 0, 0
64502, 9712369, 0, 0, 0
64525, 383966, 1, 0, 0
64600, 8809458, 0, 0, 0
64620, 392296, 1, 0, 0
64701, 6585691, 0, 0, 0
64708, 387256, 1, 0, 0
64802, 6266423, 0, 0, 0
64803, 392752, 1, 0, 0
64911, 7064293, 0, 0, 0
65003, 6626694, 0, 0, 0
65004, 383394, 1, 0, 0
65103, 6949499, 0, 0, 0
65160, 395358, 1, 0, 0
65204, 6302820, 0, 0, 0
65211, 405893, 1, 0, 0
65306, 6597419, 0, 0, 0
65357, 383850, 1, 0, 0
65479, 11405850, 0, 0, 0
65502, 22858581, 0, 0, 0
65589, 384163, 1, 0, 0
65600, 12268478, 0, 0, 0
65707, 6653741, 0, 0, 0
65707, 395982, 1, 0, 0
65802, 6776889, 0, 0, 0
65802, 387508, 1, 0, 0
65906, 7293022, 0, 0, 0
65907, 381613, 1, 0, 0
66044, 13671520, 0, 0, 0
66087, 389997, 1, 0, 0
66118, 36661358, 0, 0, 0
66223, 26259751, 0, 0, 0
66223, 394386, 1, 0, 0
66306, 41499128, 0, 0, 0
66343, 392388, 1, 0, 0
66447, 46822241, 0, 0, 0
66472, 391617, 1, 0, 0
66500, 398710, 1, 0, 0
66512, 12705047, 0, 0, 0
66601, 9797814, 0, 0, 0
66707, 7562213, 0, 0, 0
66707, 391714, 1, 0, 0
66823, 11296167, 0, 0, 0
66912, 12729423, 0, 0, 0
66934, 387618, 1, 0, 0
67853, 7792588, 0, 0, 0
67901, 5994279, 0, 0, 0
67925, 391247, 1, 0, 0
68003, 5959564, 0, 0, 0
68075, 411944, 1, 0, 0
68106, 7883639, 0, 0, 0
68191, 387606, 1, 0, 0
68205, 8238604, 0, 0, 0
68206, 396703, 1, 0, 0
68306, 7711545, 0, 0, 0
68356, 401192, 1, 0, 0
68402, 8570296, 0, 0, 0
68419, 385884, 1, 0, 0
68505, 7850329, 0, 0, 0
68505, 383966, 1, 0, 0
68602, 7978241, 0, 0, 0
68651, 385207, 1, 0, 0
68705, 7800373, 0, 0, 0
68724, 382587, 1, 0, 0
68802, 7874965, 0, 0, 0
68818, 385213, 1, 0, 0
68907, 7882913, 0, 0, 0
68907, 386332, 1, 0, 0
69001, 7755600, 0, 0, 0
69018, 399938, 1, 0, 0
69106, 8115741, 0, 0, 0
69107, 399572, 1, 0, 0
69202, 7884619, 0, 0, 0
69233, 387068, 1, 0, 0
69304, 7769855, 0, 0, 0
69305, 391419, 1, 0, 0
69400, 7874415, 0, 0, 0
69440, 385440, 1, 0, 0
69504, 7941446, 0, 0, 0
69521, 390725, 1, 0, 0
69601, 7828366, 0, 0, 0
69673, 383864, 1, 0, 0
69703, 7797745, 0, 0, 0
69712, 388208, 1, 0, 0
69800, 7765442, 0, 0, 0
69801, 379470, 1, 0, 0
69905, 7770060, 0, 0, 0
69913, 386471, 1, 0, 0
70000, 7838976, 0, 0, 0
70000, 409408, 1, 0, 0
70102, 7776480, 0, 0, 0
70191, 388037, 1, 0, 0
70206, 7915031, 0, 0, 0
70231, 384296, 1, 0, 0
70303, 7860742, 0, 0, 0
70407, 8017301, 0, 0, 0
70481, 392783, 1, 0, 0
70502, 7881648, 0, 0, 0
70543, 385435, 1, 0, 0
70601, 8226122, 0, 0, 0
70678, 397606, 1, 0, 0
70702, 7674975, 0, 0, 0
70807, 8101670, 0, 0, 0
70838, 383078, 1, 0, 0
70903, 7884046, 0, 0, 0
70943, 388440, 1, 0, 0
71006, 7791474, 0, 0, 0
71006, 387561, 1, 0, 0
71102, 7947540, 0, 0, 0
71174, 390612, 1, 0, 0
71206, 7876602, 0, 0, 0
71223, 387193, 1, 0, 0
71302, 7931008, 0, 0, 0
71327, 386574, 1, 0, 0
71406, 7923393, 0, 0, 0
71406, 379681, 1, 0, 0
71501, 7735346, 0, 0, 0
71501, 386130, 1, 0, 0
71605, 7993660, 0, 0, 0
71621, 390028, 1, 0, 0
71701, 7898402, 0, 0, 0
71725, 386620, 1, 0, 0
71803, 7844158, 0, 0, 0
71860, 395115, 1, 0, 0
71900, 7983007, 0, 0, 0
71988, 412231, 1, 0, 0
72006, 8165014, 0, 0, 0
72054, 384105, 1, 0, 0
72109, 7795002, 0, 0, 0
72109, 380338, 1, 0, 0
72206, 7902684, 0, 0, 0
72261, 382700, 1, 0, 0
72301, 7876043, 0, 0, 0
72301, 385100, 1, 0, 0
72407, 8020232, 0, 0, 0
72420, 388874, 1, 0, 0
72508, 7761571, 0, 0, 0
72509, 392326, 1, 0, 0
72603, 7742781, 0, 0, 0
72611, 384110, 1, 0, 0
72700, 8053686, 0, 0, 0
72747, 387297, 1, 0, 0
72804, 7828241, 0, 0, 0
72858, 385235, 1, 0, 0
72908, 7984497, 0, 0, 0
72923, 392881, 1, 0, 0
73002, 7607211, 0, 0, 0
73075, 384480, 1, 0, 0
73106, 7962287, 0, 0, 0
73139, 389871, 1, 0, 0
73201, 7797736, 0, 0, 0
73267, 380262, 1, 0, 0
73306, 8018710, 0, 0, 0
73323, 385023, 1, 0, 0
73403, 8059385, 0, 0, 0
73411, 391984, 1, 0, 0
73506, 7718383, 0, 0, 0
73506, 390434, 1, 0, 0
73604, 8077559, 0, 0, 0
73666, 384382, 1, 0, 0
73705, 7788433, 0, 0, 0
73714, 385010, 1, 0, 0
73800, 7734530, 0, 0, 0
73856, 396789, 1, 0, 0
73905, 8043456, 0, 0, 0
73914, 397155, 1, 0, 0
74000, 7899481, 0, 0, 0
74009, 394593, 1, 0, 0
74105, 7902906, 0, 0, 0
74136, 383937, 1, 0, 0
74200, 7865727, 0, 0, 0
74264, 381951, 1, 0, 0
74305, 8004482, 0, 0, 0
74305, 393377, 1, 0, 0
74402, 7829015, 0, 0, 0
74402, 383638, 1, 0, 0
76041, 7847730, 0, 0, 0
76041, 454635, 1, 0, 0
76101, 6628667, 0, 0, 0
76108, 395063, 1, 0, 0
76201, 7021983, 0, 0, 0
76208, 395136, 1, 0, 0
76300, 6566746, 0, 0, 0
76306, 398924, 1, 0, 0
76408, 7076713, 0, 0, 0
76417, 389363, 1, 0, 0
76504, 7800954, 0, 0, 0
76519, 393507, 1, 0, 0
76601, 7997415, 0, 0, 0
76609, 382028, 1, 0, 0
76702, 7710125, 0, 0, 0
76760, 399700, 1, 0, 0
76806, 7938750, 0, 0, 0
76815, 388440, 1, 0, 0
76903, 8048229, 0, 0, 0
76937, 407830, 1, 0, 0
77006, 7861218, 0, 0, 0
77030, 407581, 1, 0, 0
77103, 8011408, 0, 0, 0
77118, 394547, 1, 0, 0
77205, 7659015, 0, 0, 0
77223, 390373, 1, 0, 0
77301, 7915211, 0, 0, 0
77325, 389284, 1, 0, 0
77405, 7750592, 0, 0, 0
77405, 383422, 1, 0, 0
77502, 8027291, 0, 0, 0
77502, 399966, 1, 0, 0
77604, 7742964, 0, 0, 0
77647, 381712, 1, 0, 0
77701, 7924043, 0, 0, 0
77701, 388934, 1, 0, 0
77805, 7892613, 0, 0, 0
77901, 8005470, 0, 0, 0
77901, 386776, 1, 0, 0
78005, 7877353, 0, 0, 0
78045, 397738, 1, 0, 0
78100, 7888096, 0, 0, 0
78100, 420876, 1, 0, 0
78205, 7877942, 0, 0, 0
78260, 391278, 1, 0, 0
78300, 7878691, 0, 0, 0
78365, 397011, 1, 0, 0
78404, 7909846, 0, 0, 0
78438, 380733, 1, 0, 0
78500, 7881235, 0, 0, 0
78500, 388277, 1, 0, 0
78603, 7817431, 0, 0, 0
78637, 395475, 1, 0, 0
78700, 8004770, 0, 0, 0
78772, 397744, 1, 0, 0
78803, 7896965, 0, 0, 0
78812, 419142, 1, 0, 0
78900, 7928697, 0, 0, 0
78946, 390824, 1, 0, 0
79003, 7824990, 0, 0, 0
79003, 393180, 1, 0, 0
79107, 7824426, 0, 0, 0
79204, 8083150, 0, 0, 0
79211, 390870, 1, 0, 0
79307, 7853661, 0, 0, 0
79307, 392023, 1, 0, 0
79403, 7918858, 0, 0, 0
79403, 391983, 1, 0, 0
79507, 7874630, 0, 0, 0
79555, 387898, 1, 0, 0
79602, 7883342, 0, 0, 0
79641, 385950, 1, 0, 0
79706, 7936655, 0, 0, 0
79714, 379796, 1, 0, 0
79801, 7867182, 0, 0, 0
79810, 393374, 1, 0, 0
79905, 7945335, 0, 0, 0
79905, 409335, 1, 0, 0
80001, 7931494, 0, 0, 0
80002, 381791, 1, 0, 0
80104, 7826170, 0, 0, 0
80136, 387850, 1, 0, 0
80203, 8102809, 0, 0, 0
80217, 396278, 1, 0, 0
80304, 7649015, 0, 0, 0
80401, 8089882, 0, 0, 0
80401, 381892, 1, 0, 0
80505, 7842830, 0, 0, 0
80522, 387256, 1, 0, 0
80602, 7994288, 0, 0, 0
80602, 386336, 1, 0, 0
80701, 12255675, 0, 0, 0
80701, 390658, 1, 0, 0
80802, 7514717, 0, 0, 0
80832, 386295, 1, 0, 0
80967, 14941451, 0, 0, 0
81043, 75964636, 0, 0, 0
81139, 96138848, 0, 0, 0
81139, 393670, 1, 0, 0
81239, 49831221, 0, 0, 0
81348, 54437568, 0, 0, 0
81348, 397427, 1, 0, 0
81413, 64841229, 0, 0, 0
81504, 91374626, 0, 0, 0
81620, 57627070, 0, 0, 0
81740, 60051661, 0, 0, 0
81821, 81252520, 0, 0, 0
81902, 40623624, 0, 0, 0
82001, 49199111, 0, 0, 0
82001, 412972, 1, 0, 0
82106, 25811519, 0, 0, 0
82131, 384880, 1, 0, 0
82205, 9815480, 0, 0, 0
82248, 391393, 1, 0, 0
82306, 7202469, 0, 0, 0
82348, 394224, 1, 0, 0
82404, 6841700, 0, 0, 0
82411, 382524, 1, 0, 0
82510, 14947499, 0, 0, 0
82531, 382855, 1, 0, 0
82600, 6799821, 0, 0, 0
82712, 9325743, 0, 0, 0
82750, 384945, 1, 0, 0
82803, 8189023, 0, 0, 0
82803, 389460, 1, 0, 0
82904, 9867921, 0, 0, 0
82917, 383194, 1, 0, 0
83000, 6286473, 0, 0, 0
83013, 391404, 1, 0, 0
83103, 7068432, 0, 0, 0
83129, 378656, 1, 0, 0
83203, 6545855, 0, 0, 0
83203, 385847, 1, 0, 0
83301, 6122732, 0, 0, 0
83316, 409865, 1, 0, 0
83400, 6440798, 0, 0, 0
83407, 381020, 1, 0, 0
83504, 6717298, 0, 0, 0
84365, 6482424, 0, 0, 0
84365, 393044, 1, 0, 0
84405, 6534988, 0, 0, 0
84425, 400759, 1, 0, 0
84501, 5531966, 0, 0, 0
84624, 13592558, 0, 0, 0
84644, 391541, 1, 0, 0
84710, 8560843, 0, 0, 0
84798, 402763, 1, 0, 0
84805, 7897006, 0, 0, 0
84813, 399215, 1, 0, 0
84900, 7857072, 0, 0, 0
84900, 410523, 1, 0, 0
85002, 7759915, 0, 0, 0
85100, 8157198, 0, 0, 0
85108, 402688, 1, 0, 0
85206, 8109693, 0, 0, 0
85229, 394903, 1, 0, 0
85307, 8361162, 0, 0, 0
85308, 399040, 1, 0, 0
85404, 7905673, 0, 0, 0
85489, 399206, 1, 0, 0
85505, 7774950, 0, 0, 0
85515, 390086, 1, 0, 0
85601, 7943574, 0, 0, 0
85706, 8063748, 0, 0, 0
85738, 399937, 1, 0, 0
85802, 7874488, 0, 0, 0
85905, 7909302, 0, 0, 0
85913, 386736, 1, 0, 0
86000, 7897516, 0, 0, 0
86051, 405428, 1, 0, 0
86104, 7943804, 0, 0, 0
86137, 390329, 1, 0, 0
86200, 7948125, 0, 0, 0
86233, 400501, 1, 0, 0
86306, 8097491, 0, 0, 0
86306, 386188, 1, 0, 0
86400, 7690328, 0, 0, 0
86457, 399949, 1, 0, 0
86503, 7921289, 0, 0, 0
86521, 385718, 1, 0, 0
86602, 8052144, 0, 0, 0
86602, 388278, 1, 0, 0
86704, 7715305, 0, 0, 0
86721, 399836, 1, 0, 0
86807, 7859495, 0, 0, 0
86807, 393648, 1, 0, 0
86904, 8044261, 0, 0, 0
86911, 398051, 1, 0, 0
87007, 7780395, 0, 0, 0
87102, 7975939, 0, 0, 0
87121, 395326, 1, 0, 0
87207, 7964756, 0, 0, 0
87296, 401808, 1, 0, 0
87303, 7983752, 0, 0, 0
87320, 398886, 1, 0, 0
87406, 7779642, 0, 0, 0
87431, 380586, 1, 0, 0
87502, 7919298, 0, 0, 0
87512, 404446, 1, 0, 0
87607, 7921128, 0, 0, 0
87616, 392445, 1, 0, 0
87701, 7720714, 0, 0, 0
87751, 399923, 1, 0, 0
87807, 8075143, 0, 0, 0
87815, 398426, 1, 0, 0
87903, 7836324, 0, 0, 0
87935, 388582, 1, 0, 0
88007, 7910427, 0, 0, 0
88031, 394653, 1, 0, 0
88102, 7834489, 0, 0, 0
88118, 394413, 1, 0, 0
88207, 7953043, 0, 0, 0
88215, 388484, 1, 0, 0
88301, 7760371, 0, 0, 0
88406, 8077333, 0, 0, 0
88439, 389192, 1, 0, 0
88502, 7878277, 0, 0, 0
88584, 392245, 1, 0, 0
88606, 7983135, 0, 0, 0
88614, 398221, 1, 0, 0
88701, 7669136, 0, 0, 0
88701, 388730, 1, 0, 0
88804, 7854949, 0, 0, 0
88901, 8076105, 0, 0, 0
88917, 390199, 1, 0, 0
89003, 7786355, 0, 0, 0
89100, 8054185, 0, 0, 0
89110, 396609, 1, 0, 0
89204, 7805000, 0, 0, 0
89204, 384083, 1, 0, 0
89300, 7949005, 0, 0, 0
89301, 406556, 1, 0, 0
89404, 7793190, 0, 0, 0
89444, 390020, 1, 0, 0
89500, 7906212, 0, 0, 0
89501, 395230, 1, 0, 0
89605, 7925058, 0, 0, 0
89605, 400167, 1, 0, 0
89700, 7793595, 0, 0, 0
89700, 397891, 1, 0, 0
89803, 7803839, 0, 0, 0
89812, 397711, 1, 0, 0
89907, 7976782, 0, 0, 0
89940, 413064, 1, 0, 0
90002, 7851512, 0, 0, 0
90011, 408662, 1, 0, 0
90100, 7993995, 0, 0, 0
90196, 395473, 1, 0, 0
90203, 7853043, 0, 0, 0
90219, 389280, 1, 0, 0
90307, 8005446, 0, 0, 0
90331, 395174, 1, 0, 0
90401, 7698839, 0, 0, 0
90466, 389424, 1, 0, 0
90500, 393305, 1, 0, 0
90506, 7933529, 0, 0, 0
90603, 7934024, 0, 0, 0
90633, 390309, 1, 0, 0
90706, 7870628, 0, 0, 0
90722, 391542, 1, 0, 0
90802, 7828707, 0, 0, 0
90802, 391043, 1, 0, 0
90906, 7967485, 0, 0, 0
90937, 399332, 1, 0, 0
91001, 7808872, 0, 0, 0
91056, 392998, 1, 0, 0
91105, 7982713, 0, 0, 0
91106, 389059, 1, 0, 0
92548, 7051023, 0, 0, 0
92548, 390282, 1, 0, 0
92602, 5930527, 0, 0, 0
92603, 386799, 1, 0, 0
92701, 5770373, 0, 0, 0
92720, 387872, 1, 0, 0
92808, 8119626, 0, 0, 0
92846, 387203, 1, 0, 0
92904, 7834063, 0, 0, 0
92919, 388377, 1, 0, 0
93000, 7824767, 0, 0, 0
93047, 389445, 1, 0, 0
93102, 7862254, 0, 0, 0
93198, 397506, 1, 0, 0
93206, 7926166, 0, 0, 0
93246, 384974, 1, 0, 0
93302, 7969039, 0, 0, 0
93350, 393871, 1, 0, 0
93405, 7892053, 0, 0, 0
93405, 386691, 1, 0, 0
93501, 7849924, 0, 0, 0
93519, 384154, 1, 0, 0
93604, 7871819, 0, 0, 0
93614, 391373, 1, 0, 0
93700, 7743695, 0, 0, 0
93792, 385790, 1, 0, 0
93806, 8088811, 0, 0, 0
93821, 377408, 1, 0, 0
93901, 7695657, 0, 0, 0
93926, 386088, 1, 0, 0
94005, 7920714, 0, 0, 0
94013, 389033, 1, 0, 0
94110, 7921668, 0, 0, 0
94206, 8058895, 0, 0, 0
94293, 390554, 1, 0, 0
94301, 7831389, 0, 0, 0
94366, 400811, 1, 0, 0
94404, 7912254, 0, 0, 0
94404, 383644, 1, 0, 0
94500, 7631924, 0, 0, 0
94525, 385239, 1, 0, 0
94605, 8023839, 0, 0, 0
94637, 390713, 1, 0, 0
94708, 7814127, 0, 0, 0
94755, 381866, 1, 0, 0
94803, 7896904, 0, 0, 0
94851, 382549, 1, 0, 0
94900, 8019880, 0, 0, 0
94908, 389483, 1, 0, 0
95003, 7776224, 0, 0, 0
95003, 388145, 1, 0, 0
95101, 8043293, 0, 0, 0
95107, 391738, 1, 0, 0
95203, 7752788, 0, 0, 0
95301, 8177093, 0, 0, 0
95307, 402708, 1, 0, 0
95401, 7517036, 0, 0, 0
95419, 390143, 1, 0, 0
95507, 7995753, 0, 0, 0
95507, 383541, 1, 0, 0
95603, 7847494, 0, 0, 0
95659, 391302, 1, 0, 0
95705, 7842497, 0, 0, 0
95731, 401140, 1, 0, 0
95803, 8111864, 0, 0, 0
95851, 384019, 1, 0, 0
95906, 7815594, 0, 0, 0
95924, 390646, 1, 0, 0
96002, 7887084, 0, 0, 0
96010, 385056, 1, 0, 0
96105, 7798479, 0, 0, 0
96113, 387452, 1, 0, 0
96202, 7911529, 0, 0, 0
96202, 381957, 1, 0, 0
96306, 7851771, 0, 0, 0
96315, 381472, 1, 0, 0
96403, 7965132, 0, 0, 0
96427, 390107, 1, 0, 0
96506, 7857729, 0, 0, 0
96506, 388759, 1, 0, 0
96601, 7806887, 0, 0, 0
96681, 395243, 1, 0, 0
96704, 7931273, 0, 0, 0
96713, 383848, 1, 0, 0
96802, 8125494, 0, 0, 0
96802, 393381, 1, 0, 0
96907, 7982713, 0, 0, 0
96920, 396267, 1, 0, 0
97001, 7714930, 0, 0, 0
97001, 391346, 1, 0, 0
97105, 7873317, 0, 0, 0
97121, 386937, 1, 0, 0
97200, 7835911, 0, 0, 0
97225, 383207, 1, 0, 0
97305, 7948828, 0, 0, 0
97305, 389352, 1, 0, 0
97408, 9207927, 0, 0, 0
97409, 386513, 1, 0, 0
97514, 11650024, 0, 0, 0
97514, 387614, 1, 0, 0
97609, 7811091, 0, 0, 0
97693, 389164, 1, 0, 0
97700, 7522681, 0, 0, 0
97718, 380069, 1, 0, 0
97802, 6292028, 0, 0, 0
97828, 383664, 1, 0, 0
97904, 7163905, 0, 0, 0
97920, 396327, 1, 0, 0
98007, 7246791, 0, 0, 0
98031, 382889, 1, 0, 0
98102, 7798190, 0, 0, 0
98118, 386882, 1, 0, 0
98206, 7953953, 0, 0, 0
98214, 384603, 1, 0, 0
98302, 7876480, 0, 0, 0
98412, 8508479, 0, 0, 0
98438, 386553, 1, 0, 0
98502, 7998533, 0, 0, 0
98502, 386628, 1, 0, 0
98604, 7751204, 0, 0, 0
98631, 395720, 1, 0, 0
98701, 7946948, 0, 0, 0
98735, 385902, 1, 0, 0
98806, 8003144, 0, 0, 0
98831, 395216, 1, 0, 0
98900, 7744819, 0, 0, 0
98910, 391587, 1, 0, 0
99005, 7883031, 0, 0, 0
99005, 384279, 1, 0, 0
100721, 8038434, 0, 0, 0
100764, 412340, 1, 0, 0
100803, 6292028, 0, 0, 0
100809, 392558, 1, 0, 0
100903, 6538670, 0, 0, 0
100903, 397413, 1, 0, 0
101001, 7322939, 0, 0, 0
101084, 390370, 1, 0, 0
101106, 8068176, 0, 0, 0
101202, 8001658, 0, 0, 0
101219, 386101, 1, 0, 0
101306, 7898939, 0, 0, 0
101377, 389006, 1, 0, 0
101402, 7955227, 0, 0, 0
101418, 382894, 1, 0, 0
101505, 7854893, 0, 0, 0
101512, 385148, 1, 0, 0
101601, 7778001, 0, 0, 0
101609, 380359, 1, 0, 0
101704, 7779664, 0, 0, 0
101753, 385267, 1, 0, 0
101801, 7976992, 0, 0, 0
101811, 385954, 1, 0, 0
101905, 7780630, 0, 0, 0
101920, 383539, 1, 0, 0
102002, 7985087, 0, 0, 0
102032, 385250, 1, 0, 0
102105, 7808024, 0, 0, 0
102105, 385014, 1, 0, 0
102201, 7895922, 0, 0, 0
102216, 391184, 1, 0, 0
102303, 7744588, 0, 0, 0
102343, 392381, 1, 0, 0
102409, 8027395, 0, 0, 0
102432, 385811, 1, 0, 0
102504, 7721269, 0, 0, 0
102519, 383847, 1, 0, 0
102600, 7906718, 0, 0, 0
102664, 393529, 1, 0, 0
102703, 7867146, 0, 0, 0
102713, 384902, 1, 0, 0
102807, 7812673, 0, 0, 0
102847, 390824, 1, 0, 0
102903, 7996166, 0, 0, 0
102918, 388358, 1, 0, 0
103000, 7977296, 0, 0, 0
103000, 382998, 1, 0, 0
103104, 7799583, 0, 0, 0
103129, 389318, 1, 0, 0
103206, 7756364, 0, 0, 0
103239, 391451, 1, 0, 0
103303, 8017202, 0, 0, 0
103303, 390547, 1, 0, 0
103406, 7760187, 0, 0, 0
103424, 388633, 1, 0, 0
103502, 7895110, 0, 0, 0
103519, 393762, 1, 0, 0
103605, 7903458, 0, 0, 0
103622, 394810, 1, 0, 0
103702, 7870683, 0, 0, 0
103717, 396602, 1, 0, 0
103807, 7957193, 0, 0, 0
103861, 398956, 1, 0, 0
103902, 7825345, 0, 0, 0
103927, 395888, 1, 0, 0
104005, 7903248, 0, 0, 0
104014, 407785, 1, 0, 0
104101, 7868732, 0, 0, 0
104102, 400028, 1, 0, 0
104206, 7946772, 0, 0, 0
104206, 394407, 1, 0, 0
104300, 391219, 1, 0, 0
104309, 7810643, 0, 0, 0
104404, 7884317, 0, 0, 0
104486, 400479, 1, 0, 0
104500, 7934250, 0, 0, 0
104510, 385908, 1, 0, 0
104604, 7848022, 0, 0, 0
104644, 391442, 1, 0, 0
104700, 7816588, 0, 0, 0
104733, 387219, 1, 0, 0
104809, 8232504, 0, 0, 0
104827, 387097, 1, 0, 0
104908, 8115410, 0, 0, 0
104915, 389556, 1, 0, 0
105003, 7891949, 0, 0, 0
105106, 7940016, 0, 0, 0
105139, 406633, 1, 0, 0
105203, 8000689, 0, 0, 0
105228, 390690, 1, 0, 0
105300, 7932615, 0, 0, 0
105301, 395118, 1, 0, 0
105402, 7761383, 0, 0, 0
105410, 406440, 1, 0, 0
105505, 7892583, 0, 0, 0
105594, 387020, 1, 0, 0
105602, 7923741, 0, 0, 0
105602, 381976, 1, 0, 0
105706, 7880817, 0, 0, 0
105714, 388508, 1, 0, 0
105802, 7880364, 0, 0, 0
105812, 391108, 1, 0, 0
105908, 8010781, 0, 0, 0
105932, 392043, 1, 0, 0
106001, 7689478, 0, 0, 0
106011, 399193, 1, 0, 0
106105, 7874327, 0, 0, 0
106129, 393651, 1, 0, 0
106203, 8070754, 0, 0, 0
106204, 392767, 1, 0, 0
106306, 7811864, 0, 0, 0
106330, 391786, 1, 0, 0
106403, 8060492, 0, 0, 0
106403, 402524, 1, 0, 0
106507, 7815874, 0, 0, 0
106507, 390244, 1, 0, 0
106601, 7649687, 0, 0, 0
106618, 387896, 1, 0, 0
106705, 7930976, 0, 0, 0
106724, 386528, 1, 0, 0
106800, 7803914, 0, 0, 0
106817, 393344, 1, 0, 0
106905, 8028295, 0, 0, 0
106953, 412024, 1, 0, 0
107001, 7962903, 0, 0, 0
107034, 395234, 1, 0, 0
107104, 7888001, 0, 0, 0
107105, 381408, 1, 0, 0
108908, 7692092, 0, 0, 0
108915, 397820, 1, 0, 0
109002, 6489200, 0, 0, 0
109075, 399274, 1, 0, 0
109103, 6303841, 0, 0, 0
109148, 403308, 1, 0, 0
109202, 7473023, 0, 0, 0
109239, 395771, 1, 0, 0
109303, 7782667, 0, 0, 0
109327, 398524, 1, 0, 0
109408, 7851388, 0, 0, 0
109455, 390781, 1, 0, 0
109503, 7868651, 0, 0, 0
109567, 389294, 1, 0, 0
109605, 7847475, 0, 0, 0
109605, 388184, 1, 0, 0
109702, 7840909, 0, 0, 0
109710, 389908, 1, 0, 0
109806, 7913826, 0, 0, 0
109806, 395274, 1, 0, 0
109901, 7724660, 0, 0, 0
109942, 390872, 1, 0, 0
110007, 8092817, 0, 0, 0
110045, 400360, 1, 0, 0
110102, 7855589, 0, 0, 0
110117, 394773, 1, 0, 0
110205, 7817890, 0, 0, 0
110237, 389378, 1, 0, 0
110300, 7703825, 0, 0, 0
110300, 390919, 1, 0, 0
110405, 8004216, 0, 0, 0
110406, 397887, 1, 0, 0
110500, 7842240, 0, 0, 0
110516, 394580, 1, 0, 0
110603, 7768602, 0, 0, 0
110604, 395376, 1, 0, 0
110700, 7826327, 0, 0, 0
110761, 385454, 1, 0, 0
110804, 7975263, 0, 0, 0
110804, 396440, 1, 0, 0
110900, 7920111, 0, 0, 0
110949, 406285, 1, 0, 0
111005, 7974641, 0, 0, 0
111085, 394867, 1, 0, 0
111107, 7832887, 0, 0, 0
111124, 396447, 1, 0, 0
111204, 7968024, 0, 0, 0
111213, 392563, 1, 0, 0
111302, 7978887, 0, 0, 0
111302, 391870, 1, 0, 0
111403, 7752454, 0, 0, 0
111412, 414362, 1, 0, 0
111500, 7944756, 0, 0, 0
111564, 389109, 1, 0, 0
111603, 7885002, 0, 0, 0
111628, 394533, 1, 0, 0
111707, 7932707, 0, 0, 0
111707, 389704, 1, 0, 0
111802, 7857963, 0, 0, 0
111868, 395916, 1, 0, 0
111908, 8041760, 0, 0, 0
112004, 7986916, 0, 0, 0
112004, 392775, 1, 0, 0
112107, 7627613, 0, 0, 0
112146, 388934, 1, 0, 0
112203, 7947504, 0, 0, 0
112234, 394645, 1, 0, 0
112305, 7751296, 0, 0, 0
112305, 394048, 1, 0, 0
112401, 7956464, 0, 0, 0
112446, 391516, 1, 0, 0
112506, 7923688, 0, 0, 0
112554, 386777, 1, 0, 0
112602, 7899388, 0, 0, 0
112602, 404156, 1, 0, 0
112706, 7819344, 0, 0, 0
112721, 397107, 1, 0, 0
112800, 7733197, 0, 0, 0
112800, 396626, 1, 0, 0
112904, 7915771, 0, 0, 0
112929, 397002, 1, 0, 0
113011, 8105478, 0, 0, 0
113024, 398337, 1, 0, 0
113104, 7617495, 0, 0, 0
113121, 387335, 1, 0, 0
113202, 7789320, 0, 0, 0
113202, 385006, 1, 0, 0
113304, 7785005, 0, 0, 0
113354, 389822, 1, 0, 0
113400, 7906266, 0, 0, 0
113442, 385662, 1, 0, 0
113504, 7981358, 0, 0, 0
113513, 397498, 1, 0, 0
113600, 7763102, 0, 0, 0
113656, 393643, 1, 0, 0
113704, 7872548, 0, 0, 0
113776, 389029, 1, 0, 0
113808, 7955073, 0, 0, 0
113904, 7963877, 0, 0, 0
113913, 387767, 1, 0, 0
114007, 7886387, 0, 0, 0
114096, 393392, 1, 0, 0
114104, 8016501, 0, 0, 0
114206, 7866005, 0, 0, 0
114222, 401168, 1, 0, 0
114301, 7833243, 0, 0, 0
114375, 393718, 1, 0, 0
114406, 7976217, 0, 0, 0
114495, 386447, 1, 0, 0
114503, 8043831, 0, 0, 0
114503, 418643, 1, 0, 0
114607, 7823814, 0, 0, 0
114622, 390001, 1, 0, 0
114702, 7729704, 0, 0, 0
114752, 390433, 1, 0, 0
114806, 8004355, 0, 0, 0
114823, 396878, 1, 0, 0
114907, 10046004, 0, 0, 0
114986, 399347, 1, 0, 0
115050, 47328287, 0, 0, 0
115106, 55913638, 0, 0, 0
115106, 382601, 1, 0, 0
115235, 42957776, 0, 0, 0
115307, 24110692, 0, 0, 0
115426, 39391268, 0, 0, 0
115445, 405771, 1, 0, 0
115504, 19483250, 0, 0, 0
115626, 40550159, 0, 0, 0
115746, 59752611, 0, 0, 0
115825, 39740725, 0, 0, 0
115825, 402608, 1, 0, 0
115923, 31958056, 0, 0, 0
116001, 19545721, 0, 0, 0
116138, 34100756, 0, 0, 0
116138, 401119, 1, 0, 0
116209, 35351742, 0, 0, 0
116241, 425080, 1, 0, 0
116313, 34598468, 0, 0, 0
116417, 34557895, 0, 0, 0
116490, 402530, 1, 0, 0
116529, 37140814, 0, 0, 0
116607, 39311717, 0, 0, 0
116688, 403931, 1, 0, 0
116711, 25778658, 0, 0, 0
116815, 26049260, 0, 0, 0
116816, 410168, 1, 0, 0
116927, 22356115, 0, 0, 0
117103, 8365613, 0, 0, 0
117152, 421293, 1, 0, 0
117201, 6991911, 0, 0, 0
117202, 406361, 1, 0, 0
117303, 7139275, 0, 0, 0
117324, 399203, 1, 0, 0
117401, 6848930, 0, 0, 0
117423, 399007, 1, 0, 0
117503, 6332561, 0, 0, 0
117504, 390603, 1, 0, 0
117602, 8108490, 0, 0, 0
117602, 395509, 1, 0, 0
117708, 7934328, 0, 0, 0
117708, 391216, 1, 0, 0
117802, 7640822, 0, 0, 0
117833, 388535, 1, 0, 0
117905, 7953968, 0, 0, 0
117914, 402962, 1, 0, 0
118000, 7767189, 0, 0, 0
118017, 389799, 1, 0, 0
118103, 7850301, 0, 0, 0
118162, 391907, 1, 0, 0
118200, 8005591, 0, 0, 0
118216, 390738, 1, 0, 0
118304, 7745784, 0, 0, 0
118305, 386281, 1, 0, 0
118401, 7925798, 0, 0, 0
118401, 394186, 1, 0, 0
118505, 7929442, 0, 0, 0
118576, 391394, 1, 0, 0
118607, 7770382, 0, 0, 0
118648, 401164, 1, 0, 0
118703, 7889796, 0, 0, 0
118776, 395411, 1, 0, 0
118801, 8094087, 0, 0, 0
118849, 395289, 1, 0, 0
118904, 7915268, 0, 0, 0
118919, 387236, 1, 0, 0
119006, 7775393, 0, 0, 0
119047, 400744, 1, 0, 0
119102, 7917680, 0, 0, 0
119158, 391787, 1, 0, 0
119207, 8024999, 0, 0, 0
119303, 7958347, 0, 0, 0
119382, 392966, 1, 0, 0
119406, 7901465, 0, 0, 0
119440, 389842, 1, 0, 0
119502, 7974115, 0, 0, 0
119514, 404041, 1, 0, 0
119605, 7477897, 0, 0, 0
119629, 386875, 1, 0, 0
119701, 7957341, 0, 0, 0
119710, 400580, 1, 0, 0
119805, 7923368, 0, 0, 0
119806, 393687, 1, 0, 0
119901, 7878246, 0, 0, 0
119975, 397128, 1, 0, 0
120005, 7972098, 0, 0, 0
120021, 396091, 1, 0, 0
120100, 7789025, 0, 0, 0
120125, 389050, 1, 0, 0
120204, 7829100, 0, 0, 0
120205, 389826, 1, 0, 0
120302, 8010015, 0, 0, 0
120382, 398116, 1, 0, 0
120407, 8052428, 0, 0, 0
120415, 389898, 1, 0, 0
120501, 7797902, 0, 0, 0
120558, 407924, 1, 0, 0
120605, 7931499, 0, 0, 0
120613, 386316, 1, 0, 0
120700, 7742191, 0, 0, 0
120717, 398804, 1, 0, 0
120804, 7874284, 0, 0, 0
120829, 390017, 1, 0, 0
120908, 7957070, 0, 0, 0
120908, 389145, 1, 0, 0
121003, 7807582, 0, 0, 0
121035, 400745, 1, 0, 0
121100, 395343, 1, 0, 0
121109, 8018128, 0, 0, 0
121205, 7904203, 0, 0, 0
121227, 393669, 1, 0, 0
121307, 7746485, 0, 0, 0
121339, 404355, 1, 0, 0
121402, 7817668, 0, 0, 0
121476, 390068, 1, 0, 0
121508, 8093991, 0, 0, 0
121541, 397467, 1, 0, 0
121602, 7755361, 0, 0, 0
121643, 387803, 1, 0, 0
121707, 8004522, 0, 0, 0
121771, 395439, 1, 0, 0
121802, 7808233, 0, 0, 0
121812, 389552, 1, 0, 0
121907, 7999272, 0, 0, 0
121930, 381477, 1, 0, 0
122002, 7721192, 0, 0, 0
122105, 7924496, 0, 0, 0
122195, 397041, 1, 0, 0
122202, 8040655, 0, 0, 0
122281, 397616, 1, 0, 0
122307, 8069639, 0, 0, 0
122378, 388943, 1, 0, 0
122401, 7768371, 0, 0, 0
122425, 380367, 1, 0, 0
122504, 7761459, 0, 0, 0
122515, 377848, 1, 0, 0
122601, 7935436, 0, 0, 0
122626, 386676, 1, 0, 0
122706, 7912412, 0, 0, 0
122720, 394711, 1, 0, 0
122800, 7763474, 0, 0, 0
122810, 399479, 1, 0, 0
122906, 8019168, 0, 0, 0
122947, 396269, 1, 0, 0
123008, 7710356, 0, 0, 0
123017, 381715, 1, 0, 0
123104, 7879061, 0, 0, 0
123169, 392418, 1, 0, 0
123210, 8159865, 0, 0, 0
123234, 408676, 1, 0, 0
123304, 7755700, 0, 0, 0
123313, 390121, 1, 0, 0
123401, 7924124, 0, 0, 0
123401, 395567, 1, 0, 0
123503, 7733517, 0, 0, 0
123503, 388353, 1, 0, 0
123600, 8006982, 0, 0, 0
125267, 7825402, 0, 0, 0
125302, 6977521, 0, 0, 0
125313, 393179, 1, 0, 0
125400, 5675014, 0, 0, 0
125429, 393714, 1, 0, 0
125508, 7097874, 0, 0, 0
125509, 379535, 1, 0, 0
125606, 8059577, 0, 0, 0
125613, 389682, 1, 0, 0
125708, 7750016, 0, 0, 0
125748, 387893, 1, 0, 0
125804, 7865607, 0, 0, 0
125804, 392749, 1, 0, 0
125900, 383245, 1, 0, 0
125908, 7887989, 0, 0, 0
126004, 7898320, 0, 0, 0
126044, 387180, 1, 0, 0
126105, 8364802, 0, 0, 0
126106, 389262, 1, 0, 0
126204, 7426997, 0, 0, 0
126220, 394595, 1, 0, 0
126308, 7891268, 0, 0, 0
126388, 386836, 1, 0, 0
126404, 7898761, 0, 0, 0
126412, 394272, 1, 0, 0
126507, 7870038, 0, 0, 0
126507, 391015, 1, 0, 0
126602, 7780467, 0, 0, 0
126630, 392371, 1, 0, 0
126700, 8008513, 0, 0, 0
126748, 385491, 1, 0, 0
126802, 7750321, 0, 0, 0
126875, 389271, 1, 0, 0
126907, 8024007, 0, 0, 0
126931, 394326, 1, 0, 0
127003, 7824571, 0, 0, 0
127026, 382067, 1, 0, 0
127105, 7794994, 0, 0, 0
127121, 385050, 1, 0, 0
127202, 8021991, 0, 0, 0
127243, 391673, 1, 0, 0
127306, 7801950, 0, 0, 0
127342, 376872, 1, 0, 0
127402, 7806858, 0, 0, 0
127450, 383519, 1, 0, 0
127507, 7999313, 0, 0, 0
127538, 393674, 1, 0, 0
127602, 7838412, 0, 0, 0
127665, 389031, 1, 0, 0
127706, 7819844, 0, 0, 0
127713, 376162, 1, 0, 0
127803, 7942148, 0, 0, 0
127832, 389572, 1, 0, 0
127904, 7688580, 0, 0, 0
127961, 411214, 1, 0, 0
128001, 7990904, 0, 0, 0
128032, 382026, 1, 0, 0
128104, 7890766, 0, 0, 0
128177, 396972, 1, 0, 0
128201, 8010402, 0, 0, 0
128201, 394703, 1, 0, 0
128304, 7943769, 0, 0, 0
128305, 391821, 1, 0, 0
128401, 7921478, 0, 0, 0
128408, 391741, 1, 0, 0
128506, 8528225, 0, 0, 0
128521, 386520, 1, 0, 0
128600, 7643471, 0, 0, 0
128625, 390580, 1, 0, 0
128705, 8043361, 0, 0, 0
128769, 405284, 1, 0, 0
128800, 7855251, 0, 0, 0
128800, 389859, 1, 0, 0
128905, 8107904, 0, 0, 0
128906, 404926, 1, 0, 0
129001, 7714323, 0, 0, 0
129018, 386145, 1, 0, 0
129105, 7846851, 0, 0, 0
129145, 380403, 1, 0, 0
129208, 7850085, 0, 0, 0
129279, 403358, 1, 0, 0
129303, 7889736, 0, 0, 0
129304, 395398, 1, 0, 0
129401, 8015726, 0, 0, 0
129431, 387483, 1, 0, 0
129503, 7582693, 0, 0, 0
129512, 389941, 1, 0, 0
129606, 7895510, 0, 0, 0
129615, 397193, 1, 0, 0
129704, 7972641, 0, 0, 0
129728, 394373, 1, 0, 0
129806, 7698224, 0, 0, 0
129848, 395809, 1, 0, 0
129902, 7971660, 0, 0, 0
129919, 391117, 1, 0, 0
130006, 7804670, 0, 0, 0
130023, 388962, 1, 0, 0
130103, 8054519, 0, 0, 0
130110, 394838, 1, 0, 0
130207, 7890082, 0, 0, 0
130214, 395257, 1, 0, 0
130304, 7920733, 0, 0, 0
130313, 389509, 1, 0, 0
130407, 7861227, 0, 0, 0
130422, 382088, 1, 0, 0
130502, 7789978, 0, 0, 0
130566, 389868, 1, 0, 0
130605, 7835100, 0, 0, 0
130623, 396445, 1, 0, 0
130701, 7909032, 0, 0, 0
130773, 394439, 1, 0, 0
130805, 7952067, 0, 0, 0
130900, 7933844, 0, 0, 0
130965, 389913, 1, 0, 0
131004, 7845623, 0, 0, 0
131053, 387319, 1, 0, 0
131100, 7908932, 0, 0, 0
131100, 392120, 1, 0, 0
131205, 8001907, 0, 0, 0
131220, 390424, 1, 0, 0
131301, 7811994, 0, 0, 0
131381, 398882, 1, 0, 0
131404, 7911149, 0, 0, 0
131405, 396409, 1, 0, 0
131500, 7855832, 0, 0, 0
131598, 390217, 1, 0, 0
131605, 8037072, 0, 0, 0
131645, 383951, 1, 0, 0
133440, 421559, 1, 0, 0
133447, 7647728, 0, 0, 0
133506, 6476766, 0, 0, 0
133601, 6790189, 0, 0, 0
133623, 402697, 1, 0, 0
133703, 6368288, 0, 0, 0
133730, 399286, 1, 0, 0
133801, 8759205, 0, 0, 0
133872, 400801, 1, 0, 0
133902, 8359082, 0, 0, 0
133902, 397709, 1, 0, 0
134000, 7393326, 0, 0, 0
134010, 399601, 1, 0, 0
134106, 8023056, 0, 0, 0
134112, 393020, 1, 0, 0
134210, 7818583, 0, 0, 0
134264, 392348, 1, 0, 0
134303, 7703067, 0, 0, 0
134337, 406619, 1, 0, 0
134400, 7960179, 0, 0, 0
134408, 399213, 1, 0, 0
134503, 7689227, 0, 0, 0
134503, 390675, 1, 0, 0
134601, 7841281, 0, 0, 0
134632, 386694, 1, 0, 0
134702, 7743158, 0, 0, 0
134703, 390368, 1, 0, 0
134809, 8012804, 0, 0, 0
134809, 389987, 1, 0, 0
134904, 7815422, 0, 0, 0
135007, 7881818, 0, 0, 0
135017, 392437, 1, 0, 0
135104, 8055816, 0, 0, 0
135128, 413556, 1, 0, 0
135207, 7842429, 0, 0, 0
135278, 394159, 1, 0, 0
135303, 7917732, 0, 0, 0
135310, 389190, 1, 0, 0
135406, 7892528, 0, 0, 0
135495, 398108, 1, 0, 0
135501, 7878344, 0, 0, 0
135518, 398668, 1, 0, 0
135606, 7877351, 0, 0, 0
135630, 383069, 1, 0, 0
135701, 7848648, 0, 0, 0
135719, 391084, 1, 0, 0
135806, 7911089, 0, 0, 0
135821, 389753, 1, 0, 0
135903, 7979709, 0, 0, 0
135911, 396713, 1, 0, 0
136004, 7757582, 0, 0, 0
136030, 429794, 1, 0, 0
136101, 7866583, 0, 0, 0
136132, 385642, 1, 0, 0
136204, 7854325, 0, 0, 0
136287, 392106, 1, 0, 0
136300, 7979179, 0, 0, 0
136300, 395243, 1, 0, 0
136403, 7916091, 0, 0, 0
136420, 387932, 1, 0, 0
136500, 7986620, 0, 0, 0
136500, 393143, 1, 0, 0
136603, 7851389, 0, 0, 0
136700, 8094478, 0, 0, 0
136725, 391562, 1, 0, 0
136803, 7758163, 0, 0, 0
136867, 385013, 1, 0, 0
136909, 8072904, 0, 0, 0
136924, 400403, 1, 0, 0
137004, 7688845, 0, 0, 0
137069, 394588, 1, 0, 0
137100, 7975524, 0, 0, 0
137116, 400877, 1, 0, 0
137203, 7865452, 0, 0, 0
137204, 395938, 1, 0, 0
137300, 7890039, 0, 0, 0
137325, 389112, 1, 0, 0
137402, 7703854, 0, 0, 0
137402, 393221, 1, 0, 0
137506, 7939984, 0, 0, 0
137578, 384595, 1, 0, 0
137602, 8006436, 0, 0, 0
137643, 397634, 1, 0, 0
137700, 8024293, 0, 0, 0
137706, 391942, 1, 0, 0
137801, 7673442, 0, 0, 0
137867, 391782, 1, 0, 0
137907, 8110797, 0, 0, 0
137915, 388791, 1, 0, 0
138001, 7846061, 0, 0, 0
138050, 403916, 1, 0, 0
138106, 7887922, 0, 0, 0
138115, 391098, 1, 0, 0
138201, 7770254, 0, 0, 0
138201, 385457, 1, 0, 0
138304, 7865548, 0, 0, 0
138329, 390457, 1, 0, 0
138401, 7915320, 0, 0, 0
138504, 7971001, 0, 0, 0
138553, 390070, 1, 0, 0
138601, 8008430, 0, 0, 0
138680, 395698, 1, 0, 0
138705, 7972485, 0, 0, 0
138713, 395010, 1, 0, 0
138801, 7864720, 0, 0, 0
138880, 415866, 1, 0, 0
138905, 8005695, 0, 0, 0
139000, 7940474, 0, 0, 0
139001, 401697, 1, 0, 0
139104, 7857425, 0, 0, 0
139161, 391189, 1, 0, 0
139201, 8047661, 0, 0, 0
139202, 388768, 1, 0, 0
139303, 7669658, 0, 0, 0
139314, 391817, 1, 0, 0
139401, 8038188, 0, 0, 0
139491, 404983, 1, 0, 0
139506, 8007623, 0, 0, 0
139506, 385519, 1, 0, 0
139602, 7815435, 0, 0, 0
139618, 385058, 1, 0, 0
139702, 7531431, 0, 0, 0
139702, 389216, 1, 0, 0
139807, 7971760, 0, 0, 0
139822, 401283, 1, 0, 0
139904, 7833013, 0, 0, 0
139913, 382517, 1, 0, 0
142485, 7661740, 0, 0, 0
142503, 6034641, 0, 0, 0
142516, 396541, 1, 0, 0
142601, 5657409, 0, 0, 0
142633, 399774, 1, 0, 0
142700, 6154926, 0, 0, 0
142706, 389448, 1, 0, 0
142800, 6221261, 0, 0, 0
142830, 394567, 1, 0, 0
142900, 6091243, 0, 0, 0
142965, 397103, 1, 0, 0
143005, 6110146, 0, 0, 0
143020, 393419, 1, 0, 0
143103, 6910898, 0, 0, 0
143169, 392582, 1, 0, 0
143200, 6015827, 0, 0, 0
143282, 396130, 1, 0, 0
143303, 6862748, 0, 0, 0
143328, 397466, 1, 0, 0
143404, 5906894, 0, 0, 0
143428, 398166, 1, 0, 0
143506, 6298720, 0, 0, 0
143530, 396509, 1, 0, 0
143600, 6198303, 0, 0, 0
143600, 425242, 1, 0, 0
143701, 5877157, 0, 0, 0
143708, 399441, 1, 0, 0
143801, 6486558, 0, 0, 0
143855, 385225, 1, 0, 0
143906, 6469308, 0, 0, 0
143926, 406839, 1, 0, 0
144004, 6001624, 0, 0, 0
144011, 389712, 1, 0, 0
144101, 5965684, 0, 0, 0
144107, 388931, 1, 0, 0
144204, 6348544, 0, 0, 0
144210, 389914, 1, 0, 0
144304, 5702626, 0, 0, 0
144338, 394236, 1, 0, 0
144402, 5340053, 0, 0, 0
144402, 390253, 1, 0, 0
144504, 5851628, 0, 0, 0
144514, 390754, 1, 0, 0
144600, 5865126, 0, 0, 0
144653, 395348, 1, 0, 0
144701, 5877873, 0, 0, 0
144719, 407462, 1, 0, 0
144802, 6217052, 0, 0, 0
144822, 387043, 1, 0, 0
144900, 397504, 1, 0, 0
144907, 6484300, 0, 0, 0
145005, 6138295, 0, 0, 0
145073, 400950, 1, 0, 0
145100, 6232679, 0, 0, 0
145148, 395536, 1, 0, 0
145200, 6192414, 0, 0, 0
145206, 385662, 1, 0, 0
145305, 5742615, 0, 0, 0
145315, 393894, 1, 0, 0
145402, 5997295, 0, 0, 0
145435, 392427, 1, 0, 0
145507, 6077676, 0, 0, 0
145533, 392661, 1, 0, 0
145606, 6576323, 0, 0, 0
145647, 388458, 1, 0, 0
145701, 7848756, 0, 0, 0
145734, 400908, 1, 0, 0
145807, 8034802, 0, 0, 0
145847, 396160, 1, 0, 0
145903, 7887429, 0, 0, 0
146005, 7811077, 0, 0, 0
146077, 397284, 1, 0, 0
146100, 7930162, 0, 0, 0
146157, 380068, 1, 0, 0
146205, 8004732, 0, 0, 0
146221, 399768, 1, 0, 0
146301, 7926184, 0, 0, 0
146301, 387066, 1, 0, 0
146403, 7666190, 0, 0, 0
146437, 386650, 1, 0, 0
146508, 7864230, 0, 0, 0
146524, 392354, 1, 0, 0
146605, 7965239, 0, 0, 0
146676, 401372, 1, 0, 0
146702, 7965763, 0, 0, 0
146702, 393570, 1, 0, 0
146804, 7709202, 0, 0, 0
146828, 390106, 1, 0, 0
146907, 7907182, 0, 0, 0
147004, 8005531, 0, 0, 0
147011, 397281, 1, 0, 0
147100, 7959326, 0, 0, 0
147140, 406060, 1, 0, 0
147204, 7928510, 0, 0, 0
147329, 11354002, 0, 0, 0
147369, 397208, 1, 0, 0
147409, 39718265, 0, 0, 0
147521, 28031440, 0, 0, 0
147607, 43391481, 0, 0, 0
147721, 56527424, 0, 0, 0
147761, 457798, 1, 0, 0
147800, 39423940, 0, 0, 0
147935, 27121762, 0, 0, 0
148015, 39700211, 0, 0, 0
148119, 25960754, 0, 0, 0
148119, 438184, 1, 0, 0
148224, 34610092, 0, 0, 0
148256, 412103, 1, 0, 0
148326, 34056238, 0, 0, 0
148431, 52119485, 0, 0, 0
148534, 51819021, 0, 0, 0
148608, 36842365, 0, 0, 0
148663, 380064, 1, 0, 0
148735, 31536618, 0, 0, 0
148814, 39373787, 0, 0, 0
148904, 10003216, 0, 0, 0
148913, 413202, 1, 0, 0
149001, 8027839, 0, 0, 0
149026, 398331, 1, 0, 0
149105, 7762091, 0, 0, 0
149153, 386976, 1, 0, 0
149202, 8082813, 0, 0, 0
149233, 379929, 1, 0, 0
149303, 7654134, 0, 0, 0
149313, 384255, 1, 0, 0
149400, 8051452, 0, 0, 0
149401, 385156, 1, 0, 0
149503, 7779517, 0, 0, 0
149560, 386220, 1, 0, 0
149811, 7923643, 0, 0, 0
149822, 380469, 1, 0, 0
149901, 5898411, 0, 0, 0
149925, 404622, 1, 0, 0
150001, 6533914, 0, 0, 0
150103, 8504893, 0, 0, 0
150135, 386264, 1, 0, 0
150206, 7921823, 0, 0, 0
150222, 390765, 1, 0, 0
150303, 7983972, 0, 0, 0
150342, 406388, 1, 0, 0
150400, 8035593, 0, 0, 0
150416, 398556, 1, 0, 0
150504, 7837284, 0, 0, 0
150590, 404922, 1, 0, 0
150606, 7760073, 0, 0, 0
150646, 390792, 1, 0, 0
150703, 7988725, 0, 0, 0
150709, 394500, 1, 0, 0
150805, 7719968, 0, 0, 0
150831, 392637, 1, 0, 0
150901, 7934096, 0, 0, 0
150902, 400992, 1, 0, 0
151000, 8172704, 0, 0, 0
151008, 396526, 1, 0, 0
151102, 7635300, 0, 0, 0
151118, 394359, 1, 0, 0
151206, 7948780, 0, 0, 0
151207, 392349, 1, 0, 0
151302, 7878326, 0, 0, 0
151303, 394292, 1, 0, 0
151406, 7801470, 0, 0, 0
151420, 397976, 1, 0, 0
151502, 7904670, 0, 0, 0
151532, 388014, 1, 0, 0
151605, 7884927, 0, 0, 0
151614, 396356, 1, 0, 0
151708, 7813660, 0, 0, 0
151709, 394524, 1, 0, 0
151805, 7906742, 0, 0, 0
151805, 385279, 1, 0, 0
151900, 389069, 1, 0, 0
151908, 7745935, 0, 0, 0
152003, 7836889, 0, 0, 0
152004, 396528, 1, 0, 0
152100, 7988486, 0, 0, 0
152164, 392343, 1, 0, 0
152204, 8006515, 0, 0, 0
152205, 407143, 1, 0, 0
152300, 7802867, 0, 0, 0
152347, 394553, 1, 0, 0
152403, 7916457, 0, 0, 0
152468, 387987, 1, 0, 0
152506, 7827460, 0, 0, 0
152506, 386630, 1, 0, 0
152603, 7984288, 0, 0, 0
152636, 393793, 1, 0, 0
152708, 7935752, 0, 0, 0
152724, 385088, 1, 0, 0
152803, 7860252, 0, 0, 0
152876, 399104, 1, 0, 0
152900, 7986840, 0, 0, 0
152931, 388624, 1, 0, 0
153004, 7851533, 0, 0, 0
153027, 387728, 1, 0, 0
153107, 7684521, 0, 0, 0
153107, 384827, 1, 0, 0
153202, 7855056, 0, 0, 0
153210, 380955, 1, 0, 0
153306, 7798552, 0, 0, 0
153330, 381953, 1, 0, 0
153401, 7844009, 0, 0, 0
153505, 8029537, 0, 0, 0
153546, 390908, 1, 0, 0
153600, 7879319, 0, 0, 0
153618, 385819, 1, 0, 0
153705, 7900622, 0, 0, 0
153730, 378022, 1, 0, 0
153803, 8007422, 0, 0, 0
153825, 387620, 1, 0, 0
153904, 7619113, 0, 0, 0
153937, 384215, 1, 0, 0
154000, 7814641, 0, 0, 0
154009, 387067, 1, 0, 0
154105, 7988379, 0, 0, 0
154163, 382766, 1, 0, 0
154201, 7908818, 0, 0, 0
154210, 385054, 1, 0, 0
154303, 7668286, 0, 0, 0
154312, 387124, 1, 0, 0
154401, 7788378, 0, 0, 0
154432, 380239, 1, 0, 0
154505, 7910526, 0, 0, 0
154505, 384761, 1, 0, 0
154600, 7809840, 0, 0, 0
154601, 388087, 1, 0, 0
154704, 7926634, 0, 0, 0
154743, 382618, 1, 0, 0
154800, 387854, 1, 0, 0
154808, 7864766, 0, 0, 0
154903, 7891603, 0, 0, 0
154935, 382291, 1, 0, 0
155001, 8028244, 0, 0, 0
155047, 386203, 1, 0, 0
155104, 7804811, 0, 0, 0
155112, 382001, 1, 0, 0
155200, 7962976, 0, 0, 0
155231, 396674, 1, 0, 0
155303, 7779831, 0, 0, 0
155335, 379553, 1, 0, 0
155407, 7908577, 0, 0, 0
155438, 388229, 1, 0, 0
155503, 7933323, 0, 0, 0
155503, 392072, 1, 0, 0
155600, 8002486, 0, 0, 0
155600, 392440, 1, 0, 0
155701, 7726051, 0, 0, 0
155806, 8026080, 0, 0, 0
155806, 389788, 1, 0, 0
155901, 7875371, 0, 0, 0
155976, 387996, 1, 0, 0
156006, 7984091, 0, 0, 0
156006, 388929, 1, 0, 0
156102, 7877303, 0, 0, 0
156118, 386230, 1, 0, 0
156205, 7835676, 0, 0, 0
156213, 385209, 1, 0, 0
157994, 8320005, 0, 0, 0
158002, 8424632, 0, 0, 0
158047, 393478, 1, 0, 0
158103, 6979888, 0, 0, 0
158110, 393185, 1, 0, 0
158206, 6673984, 0, 0, 0
158248, 392273, 1, 0, 0
158303, 6416347, 0, 0, 0
158304, 396790, 1, 0, 0
158401, 7390052, 0, 0, 0
158459, 389219, 1, 0, 0
158507, 8028453, 0, 0, 0
158530, 401177, 1, 0, 0
158603, 8616777, 0, 0, 0
158651, 393530, 1, 0, 0
158707, 7809191, 0, 0, 0
158796, 385684, 1, 0, 0
158805, 8163215, 0, 0, 0
158851, 391524, 1, 0, 0
158906, 7756020, 0, 0, 0
158970, 404994, 1, 0, 0
159002, 7953344, 0, 0, 0
159059, 393264, 1, 0, 0
159101, 8084673, 0, 0, 0
159122, 387347, 1, 0, 0
159203, 7742908, 0, 0, 0
159217, 397011, 1, 0, 0
159305, 7826208, 0, 0, 0
159345, 398755, 1, 0, 0
159401, 7892161, 0, 0, 0
159433, 399290, 1, 0, 0
159504, 7783892, 0, 0, 0
159513, 388531, 1, 0, 0
159601, 7908022, 0, 0, 0
159659, 391758, 1, 0, 0
159704, 7880706, 0, 0, 0
159712, 387821, 1, 0, 0
159801, 7934268, 0, 0, 0
159881, 393707, 1, 0, 0
159903, 7734812, 0, 0, 0
159936, 398035, 1, 0, 0
160000, 395220, 1, 0, 0
160007, 7923044, 0, 0, 0
160106, 7939037, 0, 0, 0
160112, 390397, 1, 0, 0
160200, 7506562, 0, 0, 0
160306, 8151184, 0, 0, 0
160313, 388351, 1, 0, 0
160401, 7804862, 0, 0, 0
160448, 402223, 1, 0, 0
160503, 7673857, 0, 0, 0
160600, 8074433, 0, 0, 0
160616, 396698, 1, 0, 0
160703, 7844918, 0, 0, 0
160728, 395888, 1, 0, 0
160806, 7904834, 0, 0, 0
160894, 415347, 1, 0, 0
160901, 7876069, 0, 0, 0
160919, 399191, 1, 0, 0
161005, 7929877, 0, 0, 0
161005, 390183, 1, 0, 0
161101, 7876920, 0, 0, 0
161135, 392423, 1, 0, 0
161207, 8093330, 0, 0, 0
161256, 407956, 1, 0, 0
161302, 7862878, 0, 0, 0
161302, 392760, 1, 0, 0
161405, 7889184, 0, 0, 0
161439, 396591, 1, 0, 0
161503, 7986072, 0, 0, 0
161542, 396354, 1, 0, 0
161606, 7754564, 0, 0, 0
161662, 385964, 1, 0, 0
161701, 7877633, 0, 0, 0
161718, 394619, 1, 0, 0
161806, 7960051, 0, 0, 0
161822, 392791, 1, 0, 0
161902, 7936751, 0, 0, 0
161902, 395393, 1, 0, 0
162005, 7896000, 0, 0, 0
162006, 400146, 1, 0, 0
162101, 7895131, 0, 0, 0
162156, 389588, 1, 0, 0
162205, 7962464, 0, 0, 0
162300, 7929674, 0, 0, 0
162405, 8042956, 0, 0, 0
162430, 400624, 1, 0, 0
162500, 7714589, 0, 0, 0
162517, 390426, 1, 0, 0
162603, 7846735, 0, 0, 0
162622, 394285, 1, 0, 0
162708, 7825305, 0, 0, 0
162762, 389730, 1, 0, 0
162803, 7873991, 0, 0, 0
162867, 386854, 1, 0, 0
162907, 7885194, 0, 0, 0
162916, 385334, 1, 0, 0
163002, 7825101, 0, 0, 0
163011, 397743, 1, 0, 0
163106, 7898881, 0, 0, 0
163163, 388716, 1, 0, 0
163203, 7996136, 0, 0, 0
163250, 402260, 1, 0, 0
163306, 7831733, 0, 0, 0
163306, 401691, 1, 0, 0
163402, 7969208, 0, 0, 0
163460, 394737, 1, 0, 0
163500, 394569, 1, 0, 0
163506, 7897058, 0, 0, 0
163601, 7739488, 0, 0, 0
163625, 401395, 1, 0, 0
163705, 7876134, 0, 0, 0
163802, 8072547, 0, 0, 0
163819, 390349, 1, 0, 0
163905, 7730517, 0, 0, 0
163921, 390514, 1, 0, 0
164001, 7951496, 0, 0, 0
164002, 399274, 1, 0, 0
164105, 7865954, 0, 0, 0
164145, 391957, 1, 0, 0
164202, 7931404, 0, 0, 0
164233, 390425, 1, 0, 0
164305, 7800993, 0, 0, 0
164305, 397833, 1, 0, 0
164401, 7754730, 0, 0, 0
166165, 398656, 1, 0, 0
166171, 7723367, 0, 0, 0
166203, 6147721, 0, 0, 0
166242, 381040, 1, 0, 0
166303, 7051390, 0, 0, 0
166338, 398676, 1, 0, 0
166406, 6603397, 0, 0, 0
166438, 383088, 1, 0, 0
166510, 6880839, 0, 0, 0
166546, 392299, 1, 0, 0
166605, 7731189, 0, 0, 0
166616, 391196, 1, 0, 0
166702, 7793921, 0, 0, 0
166702, 384804, 1, 0, 0
166806, 7914229, 0, 0, 0
166831, 390755, 1, 0, 0
166903, 7929908, 0, 0, 0
166957, 391524, 1, 0, 0
167006, 7850463, 0, 0, 0
167071, 407921, 1, 0, 0
167100, 7863038, 0, 0, 0
167156, 387538, 1, 0, 0
167205, 7954287, 0, 0, 0
167261, 399102, 1, 0, 0
167301, 7938911, 0, 0, 0
167301, 394430, 1, 0, 0
167403, 7726913, 0, 0, 0
167422, 390369, 1, 0, 0
167500, 7973863, 0, 0, 0
167500, 407317, 1, 0, 0
167604, 7787054, 0, 0, 0
167614, 391184, 1, 0, 0
167701, 8040925, 0, 0, 0
167764, 401071, 1, 0, 0
167804, 7923309, 0, 0, 0
167804, 405522, 1, 0, 0
167907, 7793466, 0, 0, 0
167948, 395123, 1, 0, 0
168003, 7871108, 0, 0, 0
168021, 401358, 1, 0, 0
168100, 7926298, 0, 0, 0
168101, 402230, 1, 0, 0
168203, 7668913, 0, 0, 0
168236, 393309, 1, 0, 0
168307, 7965060, 0, 0, 0
168339, 397694, 1, 0, 0
168403, 7805937, 0, 0, 0
168412, 387097, 1, 0, 0
168507, 7906204, 0, 0, 0
168507, 388100, 1, 0, 0
168603, 7837879, 0, 0, 0
168612, 390273, 1, 0, 0
168705, 7720887, 0, 0, 0
168722, 384297, 1, 0, 0
168801, 7836367, 0, 0, 0
168827, 383177, 1, 0, 0
168906, 7970081, 0, 0, 0
168931, 391434, 1, 0, 0
169003, 8580484, 0, 0, 0
169013, 383031, 1, 0, 0
169105, 7770127, 0, 0, 0
169194, 386355, 1, 0, 0
169202, 8032997, 0, 0, 0
169258, 375627, 1, 0, 0
169305, 7917297, 0, 0, 0
169353, 379481, 1, 0, 0
169401, 7785385, 0, 0, 0
169418, 380028, 1, 0, 0
169504, 7877706, 0, 0, 0
169545, 384501, 1, 0, 0
169600, 7949023, 0, 0, 0
169634, 380423, 1, 0, 0
169705, 8015117, 0, 0, 0
169722, 394168, 1, 0, 0
169803, 8057446, 0, 0, 0
169810, 385702, 1, 0, 0
169905, 7820887, 0, 0, 0
169913, 391632, 1, 0, 0
170000, 7847773, 0, 0, 0
170025, 393179, 1, 0, 0
170103, 7798644, 0, 0, 0
170103, 384849, 1, 0, 0
170201, 7941926, 0, 0, 0
170249, 383156, 1, 0, 0
170303, 7800845, 0, 0, 0
170303, 400216, 1, 0, 0
170407, 7961720, 0, 0, 0
170471, 405986, 1, 0, 0
170504, 7959166, 0, 0, 0
170512, 385569, 1, 0, 0
170607, 7675325, 0, 0, 0
170607, 379782, 1, 0, 0
170702, 7905133, 0, 0, 0
170727, 385203, 1, 0, 0
170800, 7974447, 0, 0, 0
170807, 384288, 1, 0, 0
170903, 7751434, 0, 0, 0
170911, 385620, 1, 0, 0
171006, 7819372, 0, 0, 0
171048, 383283, 1, 0, 0
171102, 7886974, 0, 0, 0
171189, 383842, 1, 0, 0
171206, 7963604, 0, 0, 0
171206, 383936, 1, 0, 0
171301, 7710722, 0, 0, 0
171301, 386157, 1, 0, 0
171405, 7809703, 0, 0, 0
171422, 382765, 1, 0, 0
171501, 7861689, 0, 0, 0
171526, 387390, 1, 0, 0
171604, 7774792, 0, 0, 0
171701, 8082179, 0, 0, 0
171710, 382654, 1, 0, 0
171804, 7832482, 0, 0, 0
171847, 385622, 1, 0, 0
171902, 8109667, 0, 0, 0
171950, 380700, 1, 0, 0
172006, 7909767, 0, 0, 0
172077, 385524, 1, 0, 0
172102, 8019442, 0, 0, 0
172116, 391208, 1, 0, 0
172204, 7698137, 0, 0, 0
172221, 389991, 1, 0, 0
172300, 7814084, 0, 0, 0
172324, 384968, 1, 0, 0
172403, 7888717, 0, 0, 0
172421, 389915, 1, 0, 0
176629, 7863060, 0, 0, 0
176668, 389396, 1, 0, 0
176704, 6663318, 0, 0, 0
176781, 391765, 1, 0, 0
176802, 6493108, 0, 0, 0
176802, 391361, 1, 0, 0
176905, 6638031, 0, 0, 0
176912, 386014, 1, 0, 0
177000, 6567610, 0, 0, 0
177000, 383864, 1, 0, 0
177100, 6619648, 0, 0, 0
177107, 398103, 1, 0, 0
177202, 5435853, 0, 0, 0
177217, 380356, 1, 0, 0
177300, 6401853, 0, 0, 0
177300, 388345, 1, 0, 0
177401, 7114863, 0, 0, 0
177415, 389862, 1, 0, 0
177503, 6642648, 0, 0, 0
177545, 381742, 1, 0, 0
177605, 6605008, 0, 0, 0
177617, 379741, 1, 0, 0
177701, 6375896, 0, 0, 0
177718, 395359, 1, 0, 0
177802, 5893088, 0, 0, 0
177815, 350156, 1, 0, 0
177903, 6202553, 0, 0, 0
177954, 386517, 1, 0, 0
178001, 5650687, 0, 0, 0
178018, 389193, 1, 0, 0
178106, 6459587, 0, 0, 0
178128, 378731, 1, 0, 0
178200, 7076611, 0, 0, 0
178207, 384245, 1, 0, 0
178306, 6606736, 0, 0, 0
178328, 383116, 1, 0, 0
178404, 6347598, 0, 0, 0
178404, 379580, 1, 0, 0
178501, 5949322, 0, 0, 0
178501, 390409, 1, 0, 0
178604, 6400099, 0, 0, 0
178610, 394217, 1, 0, 0
178704, 6042972, 0, 0, 0
178791, 382201, 1, 0, 0
178803, 6107334, 0, 0, 0
178815, 391237, 1, 0, 0
178904, 6291897, 0, 0, 0
178911, 380008, 1, 0, 0
179002, 5715690, 0, 0, 0
179008, 388064, 1, 0, 0
179103, 6201779, 0, 0, 0
179254, 21594244, 0, 0, 0
179334, 40099791, 0, 0, 0
179334, 431149, 1, 0, 0
179430, 31607819, 0, 0, 0
179502, 36250070, 0, 0, 0
179543, 414835, 1, 0, 0
179622, 29795198, 0, 0, 0
179646, 450419, 1, 0, 0
179725, 34426040, 0, 0, 0
179800, 18580090, 0, 0, 0
179826, 405931, 1, 0, 0
179905, 8030507, 0, 0, 0
179913, 412285, 1, 0, 0
180000, 7839499, 0, 0, 0
180000, 381492, 1, 0, 0
