123, 2472585, 1, 0, 0
223, 2590720, 1, 0, 0
323, 2570240, 1, 0, 0
423, 2273280, 1, 0, 0
722, 348160, 1, 0, 0
823, 3502080, 1, 0, 0
923, 3522560, 1, 0, 0
1023, 3112960, 1, 0, 0
1122, 3299555, 1, 0, 0
1222, 3717120, 1, 0, 0
1322, 3502080, 1, 0, 0
1422, 3338240, 1, 0, 0
1522, 3921920, 1, 0, 0
1622, 3225600, 1, 0, 0
1722, 3676160, 1, 0, 0
1822, 3932160, 1, 0, 0
1922, 2918400, 1, 0, 0
2023, 3901440, 1, 0, 0
2122, 3909818, 1, 0, 0
2222, 2928640, 1, 0, 0
2322, 3921920, 1, 0, 0
2422, 3932160, 1, 0, 0
2522, 2969600, 1, 0, 0
2622, 3932160, 1, 0, 0
2722, 3921920, 1, 0, 0
2822, 2938880, 1, 0, 0
2922, 3921920, 1, 0, 0
3022, 3911680, 1, 0, 0
3122, 2979840, 1, 0, 0
3222, 3932160, 1, 0, 0
3322, 3921920, 1, 0, 0
3423, 2928640, 1, 0, 0
3523, 3921920, 1, 0, 0
3622, 3930505, 1, 0, 0
3722, 2979840, 1, 0, 0
3822, 3932160, 1, 0, 0
3922, 3911680, 1, 0, 0
4022, 2928640, 1, 0, 0
4122, 3921920, 1, 0, 0
4222, 3921920, 1, 0, 0
4322, 2918400, 1, 0, 0
4422, 3932160, 1, 0, 0
4522, 3921920, 1, 0, 0
4622, 2968565, 1, 0, 0
4722, 3921920, 1, 0, 0
4822, 3860480, 1, 0, 0
4922, 1966080, 1, 0, 0
5022, 3850240, 1, 0, 0
5122, 3860480, 1, 0, 0
5222, 2826240, 1, 0, 0
5322, 3850240, 1, 0, 0
5422, 3860480, 1, 0, 0
5523, 2908160, 1, 0, 0
5622, 3889131, 1, 0, 0
5722, 3860480, 1, 0, 0
5822, 2897920, 1, 0, 0
5922, 3891200, 1, 0, 0
6022, 3870720, 1, 0, 0
6122, 2140160, 1, 0, 0
6222, 3932160, 1, 0, 0
6322, 3932160, 1, 0, 0
6422, 2170880, 1, 0, 0
6522, 3921920, 1, 0, 0
6622, 3921920, 1, 0, 0
6722, 2938880, 1, 0, 0
6822, 3880960, 1, 0, 0
6923, 3901440, 1, 0, 0
7023, 2897920, 1, 0, 0
7122, 3909818, 1, 0, 0
7222, 3860480, 1, 0, 0
7322, 2959360, 1, 0, 0
7422, 3901440, 1, 0, 0
7522, 3880960, 1, 0, 0
7622, 2979840, 1, 0, 0
7722, 3921920, 1, 0, 0
7822, 3932160, 1, 0, 0
7922, 2938880, 1, 0, 0
8022, 3921920, 1, 0, 0
8122, 3880960, 1, 0, 0
8222, 2938880, 1, 0, 0
8322, 3880960, 1, 0, 0
8423, 3829760, 1, 0, 0
8523, 2959360, 1, 0, 0
8622, 3899474, 1, 0, 0
8722, 3665920, 1, 0, 0
8822, 3164160, 1, 0, 0
8922, 3901440, 1, 0, 0
9022, 3420160, 1, 0, 0
9122, 3471360, 1, 0, 0
9222, 3921920, 1, 0, 0
9322, 3092480, 1, 0, 0
9422, 3768320, 1, 0, 0
9522, 3911680, 1, 0, 0
9621, 2927191, 1, 0, 0
9722, 3921920, 1, 0, 0
9822, 3911680, 1, 0, 0
9922, 2938880, 1, 0, 0
10022, 3921920, 1, 0, 0
10122, 3921920, 1, 0, 0
10222, 2928640, 1, 0, 0
10322, 3921920, 1, 0, 0
10422, 3942400, 1, 0, 0
10522, 2969600, 1, 0, 0
10622, 3932160, 1, 0, 0
10722, 3921920, 1, 0, 0
10822, 2928640, 1, 0, 0
10922, 3932160, 1, 0, 0
11022, 3911680, 1, 0, 0
11122, 2978909, 1, 0, 0
11222, 3921920, 1, 0, 0
11322, 3932160, 1, 0, 0
11422, 2979840, 1, 0, 0
11522, 3921920, 1, 0, 0
11622, 3932160, 1, 0, 0
11722, 2949120, 1, 0, 0
11822, 3921920, 1, 0, 0
11922, 3911680, 1, 0, 0
12022, 2959360, 1, 0, 0
12122, 3921920, 1, 0, 0
12222, 3942400, 1, 0, 0
12322, 2437120, 1, 0, 0
12423, 3870720, 1, 0, 0
12523, 3880960, 1, 0, 0
12622, 2885818, 1, 0, 0
12722, 3860480, 1, 0, 0
12822, 3870720, 1, 0, 0
12922, 2908160, 1, 0, 0
13022, 3870720, 1, 0, 0
13122, 3870720, 1, 0, 0
13222, 2928640, 1, 0, 0
13322, 3860480, 1, 0, 0
13422, 3758080, 1, 0, 0
13522, 2990080, 1, 0, 0
13622, 3870720, 1, 0, 0
13722, 3624960, 1, 0, 0
13823, 3174400, 1, 0, 0
13923, 3870720, 1, 0, 0
14023, 3440640, 1, 0, 0
14122, 3371959, 1, 0, 0
14222, 3880960, 1, 0, 0
14322, 3266560, 1, 0, 0
14422, 3491840, 1, 0, 0
14522, 3891200, 1, 0, 0
14622, 3102720, 1, 0, 0
14722, 3717120, 1, 0, 0
14822, 3860480, 1, 0, 0
14922, 2908160, 1, 0, 0
15022, 3850240, 1, 0, 0
15122, 3889131, 1, 0, 0
15222, 2877440, 1, 0, 0
15322, 3870720, 1, 0, 0
15422, 3860480, 1, 0, 0
15522, 2938880, 1, 0, 0
15622, 3891200, 1, 0, 0
15722, 3880960, 1, 0, 0
15822, 2897920, 1, 0, 0
15922, 3880960, 1, 0, 0
16022, 3880960, 1, 0, 0
16122, 2375680, 1, 0, 0
16222, 3880960, 1, 0, 0
16322, 3880960, 1, 0, 0
16422, 2887680, 1, 0, 0
16522, 3880960, 1, 0, 0
16622, 3868444, 1, 0, 0
16722, 2938880, 1, 0, 0
16822, 3870720, 1, 0, 0
16922, 3891200, 1, 0, 0
17022, 2938880, 1, 0, 0
17122, 3880960, 1, 0, 0
17222, 3850240, 1, 0, 0
17322, 2836480, 1, 0, 0
17422, 3860480, 1, 0, 0
17522, 3819520, 1, 0, 0
17622, 2867200, 1, 0, 0
17722, 3829760, 1, 0, 0
17822, 3819520, 1, 0, 0
17922, 2856960, 1, 0, 0
18022, 3850240, 1, 0, 0
18122, 3868444, 1, 0, 0
18222, 2836480, 1, 0, 0
18322, 3860480, 1, 0, 0
18422, 3870720, 1, 0, 0
18522, 2887680, 1, 0, 0
18622, 3880960, 1, 0, 0
18722, 3870720, 1, 0, 0
18822, 2908160, 1, 0, 0
18922, 3891200, 1, 0, 0
19022, 3880960, 1, 0, 0
19122, 2897920, 1, 0, 0
19222, 3870720, 1, 0, 0
19322, 3870720, 1, 0, 0
19422, 2938880, 1, 0, 0
19522, 3880960, 1, 0, 0
19622, 3878787, 1, 0, 0
19722, 2908160, 1, 0, 0
19822, 3880960, 1, 0, 0
19922, 3860480, 1, 0, 0
20022, 2334720, 1, 0, 0
20122, 3870720, 1, 0, 0
20222, 3891200, 1, 0, 0
20322, 2897920, 1, 0, 0
20422, 3880960, 1, 0, 0
20522, 3860480, 1, 0, 0
20622, 2908160, 1, 0, 0
20722, 3870720, 1, 0, 0
20822, 3880960, 1, 0, 0
20923, 2488320, 1, 0, 0
21023, 3880960, 1, 0, 0
21122, 3878787, 1, 0, 0
21222, 2897920, 1, 0, 0
21322, 3870720, 1, 0, 0
21422, 3891200, 1, 0, 0
21522, 2979840, 1, 0, 0
21622, 3880960, 1, 0, 0
21722, 3870720, 1, 0, 0
21822, 2897920, 1, 0, 0
21922, 3870720, 1, 0, 0
22022, 3870720, 1, 0, 0
22122, 2908160, 1, 0, 0
22222, 3860480, 1, 0, 0
22322, 3880960, 1, 0, 0
22423, 2949120, 1, 0, 0
22523, 3880960, 1, 0, 0
22622, 3889131, 1, 0, 0
22722, 3061760, 1, 0, 0
22822, 3911680, 1, 0, 0
22922, 3901440, 1, 0, 0
23022, 2887680, 1, 0, 0
23122, 3880960, 1, 0, 0
23222, 3788800, 1, 0, 0
23322, 2979840, 1, 0, 0
23422, 3880960, 1, 0, 0
23522, 3624960, 1, 0, 0
23622, 2437120, 1, 0, 0
23722, 3870720, 1, 0, 0
23822, 3880960, 1, 0, 0
23923, 2897920, 1, 0, 0
24023, 3880960, 1, 0, 0
24122, 3878787, 1, 0, 0
24222, 2304000, 1, 0, 0
24322, 3880960, 1, 0, 0
24422, 3870720, 1, 0, 0
24522, 2908160, 1, 0, 0
24622, 3880960, 1, 0, 0
24722, 3860480, 1, 0, 0
24822, 2908160, 1, 0, 0
24922, 3891200, 1, 0, 0
25022, 3860480, 1, 0, 0
25123, 2990080, 1, 0, 0
25223, 3880960, 1, 0, 0
25323, 3850240, 1, 0, 0
25423, 2908160, 1, 0, 0
25523, 3860480, 1, 0, 0
25622, 3775353, 1, 0, 0
25722, 2969600, 1, 0, 0
25822, 3870720, 1, 0, 0
25922, 3645440, 1, 0, 0
26022, 3133440, 1, 0, 0
26123, 3880960, 1, 0, 0
26223, 3471360, 1, 0, 0
26323, 3266560, 1, 0, 0
26423, 3860480, 1, 0, 0
26523, 3358720, 1, 0, 0
26622, 3402989, 1, 0, 0
26722, 3860480, 1, 0, 0
26823, 3256320, 1, 0, 0
26923, 3522560, 1, 0, 0
27023, 3880960, 1, 0, 0
27122, 3113373, 1, 0, 0
27222, 3635200, 1, 0, 0
27322, 3870720, 1, 0, 0
27422, 2979840, 1, 0, 0
27522, 3799040, 1, 0, 0
27622, 3891200, 1, 0, 0
27722, 2836480, 1, 0, 0
27822, 3880960, 1, 0, 0
27923, 3880960, 1, 0, 0
28023, 2918400, 1, 0, 0
28122, 3847757, 1, 0, 0
28222, 3860480, 1, 0, 0
28322, 2877440, 1, 0, 0
28422, 3850240, 1, 0, 0
28522, 3840000, 1, 0, 0
28622, 2918400, 1, 0, 0
28722, 3880960, 1, 0, 0
28822, 3880960, 1, 0, 0
28923, 2385920, 1, 0, 0
29023, 3880960, 1, 0, 0
29122, 3889131, 1, 0, 0
29222, 2856960, 1, 0, 0
29322, 3870720, 1, 0, 0
29422, 3880960, 1, 0, 0
29522, 2969600, 1, 0, 0
29622, 3891200, 1, 0, 0
29722, 3891200, 1, 0, 0
29822, 2897920, 1, 0, 0
29922, 3880960, 1, 0, 0
30022, 3860480, 1, 0, 0
30122, 2887680, 1, 0, 0
30222, 3870720, 1, 0, 0
30323, 3870720, 1, 0, 0
30423, 2990080, 1, 0, 0
30523, 3870720, 1, 0, 0
30622, 3889131, 1, 0, 0
30722, 2897920, 1, 0, 0
30822, 3870720, 1, 0, 0
30922, 3870720, 1, 0, 0
31022, 2908160, 1, 0, 0
31122, 3880960, 1, 0, 0
31222, 3880960, 1, 0, 0
31322, 2088960, 1, 0, 0
31422, 3870720, 1, 0, 0
31522, 3635200, 1, 0, 0
31622, 2989252, 1, 0, 0
31722, 3850240, 1, 0, 0
31822, 3870720, 1, 0, 0
31922, 2908160, 1, 0, 0
32022, 3860480, 1, 0, 0
32122, 3870720, 1, 0, 0
32222, 2897920, 1, 0, 0
32322, 3870720, 1, 0, 0
32422, 3880960, 1, 0, 0
32522, 2293760, 1, 0, 0
32622, 3870720, 1, 0, 0
32722, 3870720, 1, 0, 0
32822, 2877440, 1, 0, 0
32923, 3880960, 1, 0, 0
33023, 3860480, 1, 0, 0
33122, 2327272, 1, 0, 0
33222, 3870720, 1, 0, 0
33322, 3880960, 1, 0, 0
33422, 2887680, 1, 0, 0
33522, 3850240, 1, 0, 0
33622, 3870720, 1, 0, 0
33722, 2938880, 1, 0, 0
33822, 3891200, 1, 0, 0
33922, 3880960, 1, 0, 0
34022, 2897920, 1, 0, 0
34122, 3880960, 1, 0, 0
34222, 3870720, 1, 0, 0
34322, 2570240, 1, 0, 0
34423, 3942400, 1, 0, 0
34523, 3932160, 1, 0, 0
34622, 2927191, 1, 0, 0
34722, 3921920, 1, 0, 0
34822, 3921920, 1, 0, 0
34922, 2928640, 1, 0, 0
35022, 3921920, 1, 0, 0
35122, 3891200, 1, 0, 0
35222, 2928640, 1, 0, 0
35322, 3901440, 1, 0, 0
35422, 3921920, 1, 0, 0
35523, 2928640, 1, 0, 0
35622, 3920161, 1, 0, 0
35722, 3932160, 1, 0, 0
35822, 2938880, 1, 0, 0
35922, 3911680, 1, 0, 0
36022, 3942400, 1, 0, 0
36122, 3051520, 1, 0, 0
36222, 3942400, 1, 0, 0
36322, 3921920, 1, 0, 0
36422, 3020800, 1, 0, 0
36522, 3932160, 1, 0, 0
36623, 3840000, 1, 0, 0
36723, 2795520, 1, 0, 0
36823, 3901440, 1, 0, 0
36923, 3788800, 1, 0, 0
37023, 3061760, 1, 0, 0
37122, 3930505, 1, 0, 0
37222, 3532800, 1, 0, 0
37322, 3358720, 1, 0, 0
37422, 3932160, 1, 0, 0
37522, 3194880, 1, 0, 0
37622, 3665920, 1, 0, 0
37722, 3921920, 1, 0, 0
37822, 3000320, 1, 0, 0
37923, 3932160, 1, 0, 0
38023, 3932160, 1, 0, 0
38122, 2937535, 1, 0, 0
38222, 3932160, 1, 0, 0
38322, 3932160, 1, 0, 0
38422, 2969600, 1, 0, 0
38522, 3932160, 1, 0, 0
38622, 3921920, 1, 0, 0
38722, 2979840, 1, 0, 0
38822, 3932160, 1, 0, 0
38923, 3921920, 1, 0, 0
39023, 2949120, 1, 0, 0
39122, 3940848, 1, 0, 0
39222, 3911680, 1, 0, 0
39322, 2928640, 1, 0, 0
39422, 3921920, 1, 0, 0
39522, 3901440, 1, 0, 0
39622, 2846720, 1, 0, 0
39722, 3870720, 1, 0, 0
39822, 3921920, 1, 0, 0
39922, 2969600, 1, 0, 0
40022, 3891200, 1, 0, 0
40122, 3930505, 1, 0, 0
40222, 2150400, 1, 0, 0
40322, 3932160, 1, 0, 0
40422, 3942400, 1, 0, 0
40522, 3010560, 1, 0, 0
40622, 3870720, 1, 0, 0
40722, 3870720, 1, 0, 0
40822, 2160640, 1, 0, 0
40922, 3911680, 1, 0, 0
41022, 3911680, 1, 0, 0
41122, 2887680, 1, 0, 0
41222, 3911680, 1, 0, 0
41323, 3880960, 1, 0, 0
41423, 2959360, 1, 0, 0
41523, 3901440, 1, 0, 0
41622, 3909818, 1, 0, 0
41722, 2897920, 1, 0, 0
41822, 3911680, 1, 0, 0
41922, 3850240, 1, 0, 0
42022, 3072000, 1, 0, 0
42122, 3909818, 1, 0, 0
42222, 3911680, 1, 0, 0
42322, 2949120, 1, 0, 0
42422, 3901440, 1, 0, 0
42522, 3880960, 1, 0, 0
42623, 2519040, 1, 0, 0
42723, 3880960, 1, 0, 0
42823, 3880960, 1, 0, 0
42923, 2897920, 1, 0, 0
43023, 3901440, 1, 0, 0
43122, 3920161, 1, 0, 0
43222, 2938880, 1, 0, 0
43323, 3891200, 1, 0, 0
43423, 3717120, 1, 0, 0
43523, 3123200, 1, 0, 0
43622, 3920161, 1, 0, 0
43722, 3481600, 1, 0, 0
43822, 3450880, 1, 0, 0
43922, 3932160, 1, 0, 0
44023, 3102720, 1, 0, 0
44122, 3765010, 1, 0, 0
44222, 3860480, 1, 0, 0
44322, 2918400, 1, 0, 0
44422, 3921920, 1, 0, 0
44522, 3911680, 1, 0, 0
44622, 2959360, 1, 0, 0
44722, 3901440, 1, 0, 0
44822, 3921920, 1, 0, 0
44922, 2949120, 1, 0, 0
45022, 3921920, 1, 0, 0
45122, 3932160, 1, 0, 0
45223, 3072000, 1, 0, 0
45323, 3952640, 1, 0, 0
45423, 3932160, 1, 0, 0
45523, 2928640, 1, 0, 0
45622, 3930505, 1, 0, 0
45722, 3921920, 1, 0, 0
45822, 2938880, 1, 0, 0
45922, 3932160, 1, 0, 0
46022, 3932160, 1, 0, 0
46122, 3020800, 1, 0, 0
46222, 3932160, 1, 0, 0
46322, 3942400, 1, 0, 0
46423, 2938880, 1, 0, 0
46523, 3921920, 1, 0, 0
46622, 3940848, 1, 0, 0
46722, 2447360, 1, 0, 0
46822, 3891200, 1, 0, 0
46922, 3880960, 1, 0, 0
47022, 2928640, 1, 0, 0
47122, 3860480, 1, 0, 0
47222, 3850240, 1, 0, 0
47322, 2949120, 1, 0, 0
47422, 3840000, 1, 0, 0
47523, 3850240, 1, 0, 0
47622, 2844444, 1, 0, 0
47722, 3819520, 1, 0, 0
47822, 3829760, 1, 0, 0
47922, 2867200, 1, 0, 0
48022, 3860480, 1, 0, 0
48122, 3880960, 1, 0, 0
48222, 2877440, 1, 0, 0
48322, 3840000, 1, 0, 0
48422, 3870720, 1, 0, 0
48522, 2887680, 1, 0, 0
48622, 3850240, 1, 0, 0
48722, 3778560, 1, 0, 0
48822, 2969600, 1, 0, 0
48923, 3860480, 1, 0, 0
49023, 3655680, 1, 0, 0
49122, 3134060, 1, 0, 0
49222, 3891200, 1, 0, 0
49322, 3491840, 1, 0, 0
49422, 3358720, 1, 0, 0
49522, 3880960, 1, 0, 0
49622, 3246080, 1, 0, 0
49722, 3543040, 1, 0, 0
49822, 3880960, 1, 0, 0
49923, 3061760, 1, 0, 0
50023, 3891200, 1, 0, 0
50122, 3899474, 1, 0, 0
50222, 2856960, 1, 0, 0
50322, 3860480, 1, 0, 0
50423, 3870720, 1, 0, 0
50523, 2897920, 1, 0, 0
50622, 3899474, 1, 0, 0
50722, 3870720, 1, 0, 0
50822, 2897920, 1, 0, 0
50922, 3891200, 1, 0, 0
51023, 3870720, 1, 0, 0
51122, 3009939, 1, 0, 0
51222, 3891200, 1, 0, 0
51322, 3891200, 1, 0, 0
51422, 2037760, 1, 0, 0
51522, 3737600, 1, 0, 0
51622, 3921920, 1, 0, 0
51722, 3020800, 1, 0, 0
51822, 3942400, 1, 0, 0
51923, 3932160, 1, 0, 0
52023, 3061760, 1, 0, 0
52122, 3951191, 1, 0, 0
52222, 3942400, 1, 0, 0
52322, 2938880, 1, 0, 0
52422, 3932160, 1, 0, 0
52522, 3901440, 1, 0, 0
52622, 3164160, 1, 0, 0
52722, 3942400, 1, 0, 0
52822, 3932160, 1, 0, 0
52923, 3041280, 1, 0, 0
53023, 3932160, 1, 0, 0
53122, 3930505, 1, 0, 0
53222, 2979840, 1, 0, 0
53322, 3952640, 1, 0, 0
53422, 3932160, 1, 0, 0
53522, 3143680, 1, 0, 0
53622, 3932160, 1, 0, 0
53722, 3799040, 1, 0, 0
53822, 3153920, 1, 0, 0
53922, 3901440, 1, 0, 0
54023, 3430400, 1, 0, 0
54122, 3268525, 1, 0, 0
54222, 3860480, 1, 0, 0
54322, 3389440, 1, 0, 0
54422, 3491840, 1, 0, 0
54522, 3921920, 1, 0, 0
54622, 3072000, 1, 0, 0
54722, 3809280, 1, 0, 0
54822, 3921920, 1, 0, 0
54922, 2969600, 1, 0, 0
55022, 3901440, 1, 0, 0
55122, 3891200, 1, 0, 0
55222, 2918400, 1, 0, 0
55322, 3901440, 1, 0, 0
55423, 3891200, 1, 0, 0
55523, 2938880, 1, 0, 0
55622, 3889131, 1, 0, 0
55722, 3891200, 1, 0, 0
55822, 2938880, 1, 0, 0
55922, 3870720, 1, 0, 0
56022, 3911680, 1, 0, 0
56122, 2949120, 1, 0, 0
56222, 3911680, 1, 0, 0
56322, 3901440, 1, 0, 0
56422, 2897920, 1, 0, 0
56522, 3880960, 1, 0, 0
56622, 3920161, 1, 0, 0
56722, 2897920, 1, 0, 0
56822, 3880960, 1, 0, 0
56922, 3891200, 1, 0, 0
57022, 2918400, 1, 0, 0
57122, 3911680, 1, 0, 0
57222, 3911680, 1, 0, 0
57322, 3031040, 1, 0, 0
57422, 3942400, 1, 0, 0
57522, 3921920, 1, 0, 0
57622, 3102720, 1, 0, 0
57722, 3942400, 1, 0, 0
57822, 3952640, 1, 0, 0
57923, 2979840, 1, 0, 0
58023, 3932160, 1, 0, 0
58122, 3609858, 1, 0, 0
58222, 3399680, 1, 0, 0
58322, 3942400, 1, 0, 0
58422, 3143680, 1, 0, 0
58522, 3819520, 1, 0, 0
58622, 3952640, 1, 0, 0
58722, 3051520, 1, 0, 0
58822, 3911680, 1, 0, 0
58922, 3952640, 1, 0, 0
59022, 3092480, 1, 0, 0
59122, 3930505, 1, 0, 0
59222, 3891200, 1, 0, 0
59322, 2959360, 1, 0, 0
59422, 3932160, 1, 0, 0
59522, 3891200, 1, 0, 0
59622, 2979840, 1, 0, 0
59722, 3921920, 1, 0, 0
59822, 3911680, 1, 0, 0
59922, 2897920, 1, 0, 0
60022, 3911680, 1, 0, 0
60122, 3901440, 1, 0, 0
60222, 2887680, 1, 0, 0
60323, 3921920, 1, 0, 0
60423, 3911680, 1, 0, 0
60523, 2990080, 1, 0, 0
60622, 3909818, 1, 0, 0
60722, 3932160, 1, 0, 0
60822, 2959360, 1, 0, 0
60922, 3932160, 1, 0, 0
61022, 3921920, 1, 0, 0
61122, 2969600, 1, 0, 0
61222, 3921920, 1, 0, 0
61322, 3768320, 1, 0, 0
61422, 3184640, 1, 0, 0
61522, 3942400, 1, 0, 0
61622, 3392646, 1, 0, 0
61722, 3461120, 1, 0, 0
61822, 3911680, 1, 0, 0
61922, 3112960, 1, 0, 0
62022, 3747840, 1, 0, 0
62122, 3942400, 1, 0, 0
62222, 2949120, 1, 0, 0
62322, 3942400, 1, 0, 0
62422, 3932160, 1, 0, 0
62522, 2928640, 1, 0, 0
62622, 3932160, 1, 0, 0
62723, 3921920, 1, 0, 0
62823, 2160640, 1, 0, 0
62923, 3788800, 1, 0, 0
63023, 3880960, 1, 0, 0
63122, 3051313, 1, 0, 0
63222, 3911680, 1, 0, 0
63322, 3891200, 1, 0, 0
63423, 2949120, 1, 0, 0
63523, 3880960, 1, 0, 0
63622, 3878787, 1, 0, 0
63722, 2938880, 1, 0, 0
63822, 3891200, 1, 0, 0
63923, 3891200, 1, 0, 0
64023, 2058240, 1, 0, 0
64122, 3847757, 1, 0, 0
64222, 3901440, 1, 0, 0
64322, 3051520, 1, 0, 0
64422, 3880960, 1, 0, 0
64522, 3880960, 1, 0, 0
64622, 2472080, 1, 0, 0
64722, 3563520, 1, 0, 0
64822, 3901440, 1, 0, 0
64922, 3020800, 1, 0, 0
65022, 3072000, 1, 0, 0
65122, 3860480, 1, 0, 0
65222, 3553280, 1, 0, 0
65322, 3256320, 1, 0, 0
65422, 3911680, 1, 0, 0
65522, 3317760, 1, 0, 0
65622, 3481600, 1, 0, 0
65723, 3891200, 1, 0, 0
65823, 3112960, 1, 0, 0
65923, 3686400, 1, 0, 0
66023, 3921920, 1, 0, 0
66122, 2989252, 1, 0, 0
66222, 3891200, 1, 0, 0
66322, 3932160, 1, 0, 0
66423, 2856960, 1, 0, 0
66523, 3911680, 1, 0, 0
66622, 3899474, 1, 0, 0
66722, 2990080, 1, 0, 0
66822, 3932160, 1, 0, 0
66923, 3921920, 1, 0, 0
67023, 2938880, 1, 0, 0
67122, 3920161, 1, 0, 0
67222, 3891200, 1, 0, 0
67322, 2938880, 1, 0, 0
67422, 3932160, 1, 0, 0
67523, 3942400, 1, 0, 0
67622, 2037656, 1, 0, 0
67722, 3942400, 1, 0, 0
67822, 3891200, 1, 0, 0
67922, 2160640, 1, 0, 0
68022, 3706880, 1, 0, 0
68122, 3899474, 1, 0, 0
68222, 2918400, 1, 0, 0
68322, 3829760, 1, 0, 0
68422, 3891200, 1, 0, 0
68522, 2969600, 1, 0, 0
68622, 3921920, 1, 0, 0
68723, 3942400, 1, 0, 0
68823, 2979840, 1, 0, 0
68923, 3921920, 1, 0, 0
69023, 3942400, 1, 0, 0
69122, 3009939, 1, 0, 0
69222, 3932160, 1, 0, 0
69322, 3921920, 1, 0, 0
69422, 2908160, 1, 0, 0
69522, 3911680, 1, 0, 0
69622, 3901440, 1, 0, 0
69722, 3092480, 1, 0, 0
69822, 3942400, 1, 0, 0
69923, 3932160, 1, 0, 0
70023, 3010560, 1, 0, 0
70122, 3940848, 1, 0, 0
70222, 3932160, 1, 0, 0
70322, 2334720, 1, 0, 0
70422, 3870720, 1, 0, 0
70522, 3870720, 1, 0, 0
70622, 2836480, 1, 0, 0
70723, 3870720, 1, 0, 0
70823, 3870720, 1, 0, 0
70923, 2918400, 1, 0, 0
71023, 3891200, 1, 0, 0
71122, 3868444, 1, 0, 0
71222, 2918400, 1, 0, 0
71323, 3870720, 1, 0, 0
71423, 3891200, 1, 0, 0
71523, 2887680, 1, 0, 0
71622, 3889131, 1, 0, 0
71722, 3870720, 1, 0, 0
71822, 2938880, 1, 0, 0
71923, 3880960, 1, 0, 0
72023, 3880960, 1, 0, 0
72122, 2968565, 1, 0, 0
72222, 3840000, 1, 0, 0
72322, 3840000, 1, 0, 0
72422, 2897920, 1, 0, 0
72522, 3860480, 1, 0, 0
72622, 3850240, 1, 0, 0
72722, 2877440, 1, 0, 0
72822, 3850240, 1, 0, 0
72923, 3768320, 1, 0, 0
73023, 3041280, 1, 0, 0
73122, 3878787, 1, 0, 0
73222, 3604480, 1, 0, 0
73322, 2314240, 1, 0, 0
73422, 3819520, 1, 0, 0
73522, 3860480, 1, 0, 0
73622, 2897920, 1, 0, 0
73722, 3870720, 1, 0, 0
73822, 3850240, 1, 0, 0
73922, 2887680, 1, 0, 0
74022, 3860480, 1, 0, 0
74122, 3850240, 1, 0, 0
74222, 2918400, 1, 0, 0
74323, 3870720, 1, 0, 0
74423, 3850240, 1, 0, 0
74523, 2877440, 1, 0, 0
74622, 3827070, 1, 0, 0
74722, 3829760, 1, 0, 0
74822, 2877440, 1, 0, 0
74922, 3870720, 1, 0, 0
75022, 3809280, 1, 0, 0
75122, 2989252, 1, 0, 0
75222, 3870720, 1, 0, 0
75322, 3655680, 1, 0, 0
75422, 3041280, 1, 0, 0
75522, 3829760, 1, 0, 0
75622, 3614720, 1, 0, 0
75723, 3246080, 1, 0, 0
75823, 3870720, 1, 0, 0
75923, 3368960, 1, 0, 0
76023, 2928640, 1, 0, 0
76122, 3827070, 1, 0, 0
76222, 3768320, 1, 0, 0
76322, 2007040, 1, 0, 0
76423, 3850240, 1, 0, 0
76523, 3870720, 1, 0, 0
76622, 2823757, 1, 0, 0
76722, 3860480, 1, 0, 0
76822, 3829760, 1, 0, 0
76923, 2856960, 1, 0, 0
77023, 3840000, 1, 0, 0
77122, 3837414, 1, 0, 0
77222, 2027520, 1, 0, 0
77322, 3860480, 1, 0, 0
77422, 3870720, 1, 0, 0
77522, 2836480, 1, 0, 0
77622, 3816727, 1, 0, 0
77722, 3840000, 1, 0, 0
77822, 2867200, 1, 0, 0
77922, 3880960, 1, 0, 0
78022, 3870720, 1, 0, 0
78122, 2990080, 1, 0, 0
78222, 3880960, 1, 0, 0
78322, 3880960, 1, 0, 0
78422, 2918400, 1, 0, 0
78522, 3880960, 1, 0, 0
78622, 3858101, 1, 0, 0
78722, 2928640, 1, 0, 0
78822, 3880960, 1, 0, 0
78922, 3880960, 1, 0, 0
79022, 2990080, 1, 0, 0
79122, 3891200, 1, 0, 0
79222, 3880960, 1, 0, 0
79322, 2897920, 1, 0, 0
79422, 3850240, 1, 0, 0
79522, 3850240, 1, 0, 0
79622, 2918400, 1, 0, 0
79722, 3860480, 1, 0, 0
79822, 3850240, 1, 0, 0
79923, 2908160, 1, 0, 0
80023, 3891200, 1, 0, 0
80122, 3837414, 1, 0, 0
80222, 2856960, 1, 0, 0
80322, 3860480, 1, 0, 0
80422, 3840000, 1, 0, 0
80522, 2908160, 1, 0, 0
80622, 3860480, 1, 0, 0
80722, 3768320, 1, 0, 0
80822, 2949120, 1, 0, 0
80922, 3829760, 1, 0, 0
81022, 3706880, 1, 0, 0
81122, 2201600, 1, 0, 0
81222, 3809280, 1, 0, 0
81322, 3850240, 1, 0, 0
81423, 2846720, 1, 0, 0
81523, 3819520, 1, 0, 0
81622, 3827070, 1, 0, 0
81722, 2826240, 1, 0, 0
81822, 3860480, 1, 0, 0
81922, 3860480, 1, 0, 0
82022, 2908160, 1, 0, 0
82122, 3860480, 1, 0, 0
82222, 3860480, 1, 0, 0
82322, 2908160, 1, 0, 0
82422, 3860480, 1, 0, 0
82522, 3870720, 1, 0, 0
82622, 2938880, 1, 0, 0
82722, 3880960, 1, 0, 0
82823, 3880960, 1, 0, 0
82923, 3102720, 1, 0, 0
83023, 3891200, 1, 0, 0
83122, 3609858, 1, 0, 0
83222, 3338240, 1, 0, 0
83322, 3880960, 1, 0, 0
83422, 3266560, 1, 0, 0
83522, 3563520, 1, 0, 0
83622, 3840000, 1, 0, 0
83722, 3082240, 1, 0, 0
83822, 3737600, 1, 0, 0
83922, 3880960, 1, 0, 0
84022, 2908160, 1, 0, 0
84122, 3868444, 1, 0, 0
84222, 3840000, 1, 0, 0
84322, 2969600, 1, 0, 0
84422, 3880960, 1, 0, 0
84522, 3891200, 1, 0, 0
84622, 2887680, 1, 0, 0
84722, 3819520, 1, 0, 0
84822, 3860480, 1, 0, 0
84922, 2437120, 1, 0, 0
85022, 3758080, 1, 0, 0
85122, 3819520, 1, 0, 0
85222, 2908160, 1, 0, 0
85322, 3768320, 1, 0, 0
85422, 3860480, 1, 0, 0
85523, 2856960, 1, 0, 0
85622, 3868444, 1, 0, 0
85722, 3860480, 1, 0, 0
85822, 2795520, 1, 0, 0
85922, 3512320, 1, 0, 0
86022, 3850240, 1, 0, 0
86122, 3123200, 1, 0, 0
86222, 3645440, 1, 0, 0
86322, 3860480, 1, 0, 0
86422, 2979840, 1, 0, 0
86522, 3788800, 1, 0, 0
86622, 3860480, 1, 0, 0
86722, 2949120, 1, 0, 0
86822, 3891200, 1, 0, 0
86923, 3880960, 1, 0, 0
87023, 2600960, 1, 0, 0
87122, 3340929, 1, 0, 0
87222, 3860480, 1, 0, 0
87322, 3317760, 1, 0, 0
87422, 3379200, 1, 0, 0
87522, 3860480, 1, 0, 0
87622, 3246080, 1, 0, 0
87722, 3481600, 1, 0, 0
87822, 3870720, 1, 0, 0
87922, 3133440, 1, 0, 0
88022, 3092480, 1, 0, 0
88123, 3962880, 1, 0, 0
88223, 3430400, 1, 0, 0
88323, 3635200, 1, 0, 0
88423, 3962880, 1, 0, 0
88523, 3061760, 1, 0, 0
88622, 3940848, 1, 0, 0
88722, 3952640, 1, 0, 0
88822, 3072000, 1, 0, 0
88922, 3942400, 1, 0, 0
89022, 3932160, 1, 0, 0
89122, 2990080, 1, 0, 0
89222, 3921920, 1, 0, 0
89322, 3932160, 1, 0, 0
89422, 2959360, 1, 0, 0
89522, 3921920, 1, 0, 0
89622, 3878787, 1, 0, 0
89722, 2908160, 1, 0, 0
89822, 3880960, 1, 0, 0
89922, 3870720, 1, 0, 0
90022, 2396160, 1, 0, 0
90122, 3891200, 1, 0, 0
90222, 3901440, 1, 0, 0
90322, 2918400, 1, 0, 0
90422, 3942400, 1, 0, 0
90522, 3880960, 1, 0, 0
90622, 2908160, 1, 0, 0
90722, 3880960, 1, 0, 0
90822, 3901440, 1, 0, 0
90923, 2990080, 1, 0, 0
91023, 3870720, 1, 0, 0
91122, 3909818, 1, 0, 0
91222, 3153920, 1, 0, 0
91322, 3891200, 1, 0, 0
91422, 3932160, 1, 0, 0
91522, 2979840, 1, 0, 0
91622, 3951191, 1, 0, 0
91722, 3921920, 1, 0, 0
91822, 2959360, 1, 0, 0
91922, 3932160, 1, 0, 0
92022, 3594240, 1, 0, 0
92123, 2437120, 1, 0, 0
92223, 3891200, 1, 0, 0
92323, 3932160, 1, 0, 0
92423, 2846720, 1, 0, 0
92523, 3901440, 1, 0, 0
92622, 3878787, 1, 0, 0
92722, 2201600, 1, 0, 0
92822, 3891200, 1, 0, 0
92923, 3891200, 1, 0, 0
93023, 2908160, 1, 0, 0
93122, 3878787, 1, 0, 0
93222, 3870720, 1, 0, 0
93322, 2979840, 1, 0, 0
93422, 3911680, 1, 0, 0
93522, 3901440, 1, 0, 0
93622, 3072000, 1, 0, 0
93722, 3911680, 1, 0, 0
93822, 3686400, 1, 0, 0
93922, 3215360, 1, 0, 0
94022, 3901440, 1, 0, 0
94122, 3368960, 1, 0, 0
94222, 3430400, 1, 0, 0
94322, 3870720, 1, 0, 0
94423, 3184640, 1, 0, 0
94523, 2611200, 1, 0, 0
94622, 3889131, 1, 0, 0
94722, 3880960, 1, 0, 0
94822, 1945600, 1, 0, 0
94922, 3880960, 1, 0, 0
95022, 3880960, 1, 0, 0
95122, 2959360, 1, 0, 0
95222, 3880960, 1, 0, 0
95322, 3880960, 1, 0, 0
95422, 2836480, 1, 0, 0
95522, 3860480, 1, 0, 0
95622, 3870720, 1, 0, 0
95722, 2897920, 1, 0, 0
95822, 3880960, 1, 0, 0
95923, 3880960, 1, 0, 0
96023, 2928640, 1, 0, 0
96122, 3878787, 1, 0, 0
96222, 3880960, 1, 0, 0
96322, 2908160, 1, 0, 0
96422, 3891200, 1, 0, 0
96522, 3809280, 1, 0, 0
96622, 2928640, 1, 0, 0
96722, 3860480, 1, 0, 0
96822, 3840000, 1, 0, 0
96922, 3010560, 1, 0, 0
97022, 3860480, 1, 0, 0
97122, 3651232, 1, 0, 0
97222, 3133440, 1, 0, 0
97322, 3850240, 1, 0, 0
97422, 3502080, 1, 0, 0
97522, 2529280, 1, 0, 0
97622, 3860480, 1, 0, 0
97722, 3880960, 1, 0, 0
97822, 2867200, 1, 0, 0
97922, 3829760, 1, 0, 0
98022, 3880960, 1, 0, 0
98122, 2928640, 1, 0, 0
98222, 3860480, 1, 0, 0
98322, 3819520, 1, 0, 0
98423, 2938880, 1, 0, 0
98523, 3870720, 1, 0, 0
98622, 3713292, 1, 0, 0
98722, 3010560, 1, 0, 0
98822, 3870720, 1, 0, 0
98922, 3604480, 1, 0, 0
99022, 3164160, 1, 0, 0
99122, 3860480, 1, 0, 0
99222, 3461120, 1, 0, 0
99322, 2775040, 1, 0, 0
99422, 3932160, 1, 0, 0
99522, 3778560, 1, 0, 0
99622, 3133440, 1, 0, 0
99722, 3932160, 1, 0, 0
99822, 3409920, 1, 0, 0
99923, 2959360, 1, 0, 0
100023, 3921920, 1, 0, 0
100122, 3640888, 1, 0, 0
100222, 3215360, 1, 0, 0
100322, 3901440, 1, 0, 0
100422, 3368960, 1, 0, 0
100522, 3440640, 1, 0, 0
100622, 3911680, 1, 0, 0
100722, 3133440, 1, 0, 0
100822, 3727360, 1, 0, 0
100922, 3932160, 1, 0, 0
101023, 2979840, 1, 0, 0
101122, 3899474, 1, 0, 0
101222, 3932160, 1, 0, 0
101322, 3020800, 1, 0, 0
101422, 3952640, 1, 0, 0
101522, 3932160, 1, 0, 0
101622, 2897920, 1, 0, 0
101722, 3880960, 1, 0, 0
101822, 3891200, 1, 0, 0
101922, 2764800, 1, 0, 0
102022, 3932160, 1, 0, 0
102122, 3921920, 1, 0, 0
102222, 2928640, 1, 0, 0
102323, 3921920, 1, 0, 0
102423, 3860480, 1, 0, 0
102523, 2611200, 1, 0, 0
102622, 3930505, 1, 0, 0
102722, 3921920, 1, 0, 0
102822, 2938880, 1, 0, 0
102922, 3891200, 1, 0, 0
103022, 3901440, 1, 0, 0
103122, 2959360, 1, 0, 0
103222, 3911680, 1, 0, 0
103322, 3870720, 1, 0, 0
103423, 3010560, 1, 0, 0
103523, 3880960, 1, 0, 0
103622, 3899474, 1, 0, 0
103722, 2938880, 1, 0, 0
103822, 3880960, 1, 0, 0
103923, 3932160, 1, 0, 0
104023, 2990080, 1, 0, 0
104122, 3940848, 1, 0, 0
104222, 3911680, 1, 0, 0
104322, 2969600, 1, 0, 0
104423, 3942400, 1, 0, 0
104523, 3860480, 1, 0, 0
104622, 2513454, 1, 0, 0
104722, 3880960, 1, 0, 0
104822, 3880960, 1, 0, 0
104922, 2867200, 1, 0, 0
105022, 3860480, 1, 0, 0
105122, 3870720, 1, 0, 0
105222, 2897920, 1, 0, 0
105322, 3860480, 1, 0, 0
105423, 3850240, 1, 0, 0
105523, 2897920, 1, 0, 0
105622, 3847757, 1, 0, 0
105722, 3778560, 1, 0, 0
105822, 2201600, 1, 0, 0
105922, 3880960, 1, 0, 0
106022, 3860480, 1, 0, 0
106122, 2498560, 1, 0, 0
106222, 3880960, 1, 0, 0
106322, 3880960, 1, 0, 0
106423, 2938880, 1, 0, 0
106523, 3880960, 1, 0, 0
106622, 3868444, 1, 0, 0
106722, 2805760, 1, 0, 0
106822, 3799040, 1, 0, 0
106922, 3870720, 1, 0, 0
107022, 2959360, 1, 0, 0
107122, 3880960, 1, 0, 0
107222, 3840000, 1, 0, 0
107323, 2897920, 1, 0, 0
107423, 3860480, 1, 0, 0
107523, 3860480, 1, 0, 0
107622, 2885818, 1, 0, 0
107722, 3860480, 1, 0, 0
107822, 3880960, 1, 0, 0
107922, 2928640, 1, 0, 0
108022, 3870720, 1, 0, 0
108122, 3860480, 1, 0, 0
108222, 2959360, 1, 0, 0
108322, 3870720, 1, 0, 0
108422, 3655680, 1, 0, 0
108522, 3153920, 1, 0, 0
108622, 3816727, 1, 0, 0
108722, 3553280, 1, 0, 0
108822, 3215360, 1, 0, 0
108922, 3860480, 1, 0, 0
109022, 3409920, 1, 0, 0
109122, 3358720, 1, 0, 0
109222, 3840000, 1, 0, 0
109322, 3287040, 1, 0, 0
109422, 3471360, 1, 0, 0
109522, 3829760, 1, 0, 0
109622, 3184640, 1, 0, 0
109722, 3563520, 1, 0, 0
109822, 3860480, 1, 0, 0
109922, 3061760, 1, 0, 0
110023, 3758080, 1, 0, 0
110122, 3858101, 1, 0, 0
110222, 2908160, 1, 0, 0
110322, 3788800, 1, 0, 0
110422, 3829760, 1, 0, 0
110522, 2897920, 1, 0, 0
110622, 3880960, 1, 0, 0
110722, 3850240, 1, 0, 0
110822, 2949120, 1, 0, 0
110922, 3880960, 1, 0, 0
111022, 3880960, 1, 0, 0
111122, 2969600, 1, 0, 0
111222, 3850240, 1, 0, 0
111322, 3891200, 1, 0, 0
111423, 2897920, 1, 0, 0
111523, 3860480, 1, 0, 0
111622, 3827070, 1, 0, 0
111722, 2867200, 1, 0, 0
111822, 3829760, 1, 0, 0
111922, 3880960, 1, 0, 0
112022, 2990080, 1, 0, 0
112122, 3891200, 1, 0, 0
112222, 3870720, 1, 0, 0
112322, 2990080, 1, 0, 0
112422, 3880960, 1, 0, 0
112522, 3850240, 1, 0, 0
112622, 2201600, 1, 0, 0
112722, 3880960, 1, 0, 0
112823, 3891200, 1, 0, 0
112923, 3020800, 1, 0, 0
113023, 3870720, 1, 0, 0
113122, 3889131, 1, 0, 0
113222, 1966080, 1, 0, 0
113322, 3870720, 1, 0, 0
113422, 3880960, 1, 0, 0
113522, 2846720, 1, 0, 0
113622, 3870720, 1, 0, 0
113722, 3870720, 1, 0, 0
113822, 2949120, 1, 0, 0
113922, 3901440, 1, 0, 0
114022, 3829760, 1, 0, 0
114123, 2908160, 1, 0, 0
114223, 3840000, 1, 0, 0
114323, 3870720, 1, 0, 0
114423, 2928640, 1, 0, 0
114523, 3860480, 1, 0, 0
114622, 3806383, 1, 0, 0
114722, 2836480, 1, 0, 0
114822, 3850240, 1, 0, 0
114922, 3850240, 1, 0, 0
115022, 2877440, 1, 0, 0
115122, 3880960, 1, 0, 0
115222, 3870720, 1, 0, 0
115322, 2969600, 1, 0, 0
115422, 3880960, 1, 0, 0
115523, 3812118, 1, 0, 0
115623, 2875474, 1, 0, 0
115723, 3829760, 1, 0, 0
115823, 3819520, 1, 0, 0
115923, 2160640, 1, 0, 0
116023, 3932160, 1, 0, 0
116122, 3930505, 1, 0, 0
116222, 2979840, 1, 0, 0
116322, 3921920, 1, 0, 0
116423, 3932160, 1, 0, 0
116523, 2928640, 1, 0, 0
116622, 3920161, 1, 0, 0
116722, 3921920, 1, 0, 0
116822, 2969600, 1, 0, 0
116923, 3932160, 1, 0, 0
117023, 3921920, 1, 0, 0
117122, 1923878, 1, 0, 0
117222, 3911680, 1, 0, 0
117322, 3901440, 1, 0, 0
117422, 2969600, 1, 0, 0
117522, 3911680, 1, 0, 0
117622, 3942400, 1, 0, 0
117722, 3082240, 1, 0, 0
117822, 3942400, 1, 0, 0
117923, 3952640, 1, 0, 0
118023, 3153920, 1, 0, 0
118122, 3940848, 1, 0, 0
118222, 3952640, 1, 0, 0
118322, 1986560, 1, 0, 0
118422, 3880960, 1, 0, 0
118522, 3870720, 1, 0, 0
118622, 2918400, 1, 0, 0
118723, 3870720, 1, 0, 0
118823, 3860480, 1, 0, 0
118923, 2887680, 1, 0, 0
119023, 3870720, 1, 0, 0
119122, 3878787, 1, 0, 0
119222, 3020800, 1, 0, 0
119322, 3850240, 1, 0, 0
119423, 3901440, 1, 0, 0
119523, 2969600, 1, 0, 0
119622, 3868444, 1, 0, 0
119722, 3880960, 1, 0, 0
119822, 2969600, 1, 0, 0
119922, 3880960, 1, 0, 0
120022, 3870720, 1, 0, 0
120122, 2887680, 1, 0, 0
120222, 3860480, 1, 0, 0
120322, 3850240, 1, 0, 0
120422, 2887680, 1, 0, 0
120522, 3860480, 1, 0, 0
120622, 3880960, 1, 0, 0
120723, 2990080, 1, 0, 0
120823, 3880960, 1, 0, 0
120923, 3809280, 1, 0, 0
121023, 2990080, 1, 0, 0
121122, 3868444, 1, 0, 0
121222, 3665920, 1, 0, 0
121322, 2170880, 1, 0, 0
121422, 3942400, 1, 0, 0
121522, 3932160, 1, 0, 0
121623, 2928640, 1, 0, 0
121723, 3901440, 1, 0, 0
121823, 3921920, 1, 0, 0
121923, 3010560, 1, 0, 0
122023, 3932160, 1, 0, 0
122122, 3754666, 1, 0, 0
122222, 3092480, 1, 0, 0
122323, 3921920, 1, 0, 0
122423, 3471360, 1, 0, 0
122523, 3461120, 1, 0, 0
122622, 3930505, 1, 0, 0
122722, 3133440, 1, 0, 0
122822, 3717120, 1, 0, 0
122923, 3932160, 1, 0, 0
123023, 3133440, 1, 0, 0
123122, 3951191, 1, 0, 0
123222, 3911680, 1, 0, 0
123322, 3000320, 1, 0, 0
123422, 3911680, 1, 0, 0
123522, 3891200, 1, 0, 0
123622, 2048000, 1, 0, 0
123722, 3829760, 1, 0, 0
123822, 3921920, 1, 0, 0
123922, 2918400, 1, 0, 0
124022, 3921920, 1, 0, 0
124122, 3909818, 1, 0, 0
124222, 2918400, 1, 0, 0
124322, 3921920, 1, 0, 0
124422, 3921920, 1, 0, 0
124522, 3031040, 1, 0, 0
124622, 3942400, 1, 0, 0
124722, 3932160, 1, 0, 0
124822, 2949120, 1, 0, 0
124922, 3921920, 1, 0, 0
125022, 3921920, 1, 0, 0
125122, 2979840, 1, 0, 0
125222, 3942400, 1, 0, 0
125323, 3921920, 1, 0, 0
125423, 3020800, 1, 0, 0
125523, 3942400, 1, 0, 0
125622, 3940848, 1, 0, 0
125722, 2979840, 1, 0, 0
125822, 3932160, 1, 0, 0
125922, 3932160, 1, 0, 0
126022, 2979840, 1, 0, 0
126122, 3932160, 1, 0, 0
126222, 3942400, 1, 0, 0
126322, 2252800, 1, 0, 0
126423, 3891200, 1, 0, 0
126524, 3872950, 1, 0, 0
126624, 2887680, 1, 0, 0
126724, 3840000, 1, 0, 0
126824, 3880960, 1, 0, 0
126924, 2969600, 1, 0, 0
127024, 3870720, 1, 0, 0
127124, 3880960, 1, 0, 0
127224, 2672640, 1, 0, 0
127324, 3870720, 1, 0, 0
127424, 3850240, 1, 0, 0
127524, 2918400, 1, 0, 0
127625, 3860480, 1, 0, 0
127725, 3880960, 1, 0, 0
127825, 3031040, 1, 0, 0
127925, 3901440, 1, 0, 0
128025, 3584000, 1, 0, 0
128125, 3276800, 1, 0, 0
128225, 3860480, 1, 0, 0
128325, 3348480, 1, 0, 0
128425, 3358720, 1, 0, 0
128525, 3829760, 1, 0, 0
128625, 3297280, 1, 0, 0
128725, 2959360, 1, 0, 0
128826, 3911680, 1, 0, 0
128926, 3614720, 1, 0, 0
129026, 3266560, 1, 0, 0
129126, 3921920, 1, 0, 0
129226, 3297280, 1, 0, 0
129326, 3584000, 1, 0, 0
129427, 3921920, 1, 0, 0
129527, 2979840, 1, 0, 0
129627, 3921920, 1, 0, 0
129727, 3942400, 1, 0, 0
129827, 2959360, 1, 0, 0
129928, 3932160, 1, 0, 0
130028, 3942400, 1, 0, 0
130128, 2969600, 1, 0, 0
130228, 3911680, 1, 0, 0
130328, 3932160, 1, 0, 0
130428, 2990080, 1, 0, 0
130528, 3932160, 1, 0, 0
130629, 3921920, 1, 0, 0
130729, 2600960, 1, 0, 0
130829, 3942400, 1, 0, 0
130929, 3942400, 1, 0, 0
131029, 3010560, 1, 0, 0
131130, 3942400, 1, 0, 0
131230, 3921920, 1, 0, 0
131330, 2990080, 1, 0, 0
131430, 3911680, 1, 0, 0
131530, 3891200, 1, 0, 0
131630, 2969600, 1, 0, 0
131730, 3891200, 1, 0, 0
131830, 3911680, 1, 0, 0
131931, 2990080, 1, 0, 0
132031, 3911680, 1, 0, 0
132131, 3911680, 1, 0, 0
132231, 2887680, 1, 0, 0
132331, 3911680, 1, 0, 0
132431, 3911680, 1, 0, 0
132532, 2375680, 1, 0, 0
132632, 3880960, 1, 0, 0
132732, 3870720, 1, 0, 0
132832, 2836480, 1, 0, 0
132932, 3870720, 1, 0, 0
133032, 3850240, 1, 0, 0
133133, 2856960, 1, 0, 0
133233, 3870720, 1, 0, 0
133333, 3860480, 1, 0, 0
133433, 2887680, 1, 0, 0
133533, 3870720, 1, 0, 0
133633, 3880960, 1, 0, 0
133733, 3061760, 1, 0, 0
133833, 3901440, 1, 0, 0
133933, 3604480, 1, 0, 0
134033, 3368960, 1, 0, 0
134134, 3901440, 1, 0, 0
134234, 3215360, 1, 0, 0
134334, 3133440, 1, 0, 0
134434, 3891200, 1, 0, 0
134534, 3461120, 1, 0, 0
134634, 2457600, 1, 0, 0
134734, 3850240, 1, 0, 0
134834, 3840000, 1, 0, 0
134934, 2816000, 1, 0, 0
135034, 3870720, 1, 0, 0
135135, 3870720, 1, 0, 0
135235, 2938880, 1, 0, 0
135335, 3870720, 1, 0, 0
135435, 3870720, 1, 0, 0
135535, 2908160, 1, 0, 0
135635, 3850240, 1, 0, 0
135735, 3799040, 1, 0, 0
135835, 2918400, 1, 0, 0
135935, 3870720, 1, 0, 0
136035, 3696640, 1, 0, 0
136136, 3072000, 1, 0, 0
136236, 3860480, 1, 0, 0
136336, 3553280, 1, 0, 0
136436, 3266560, 1, 0, 0
136536, 3880960, 1, 0, 0
136636, 3338240, 1, 0, 0
136736, 3471360, 1, 0, 0
136836, 3819520, 1, 0, 0
136937, 3194880, 1, 0, 0
137037, 3532800, 1, 0, 0
137137, 3850240, 1, 0, 0
137237, 3102720, 1, 0, 0
137337, 3256320, 1, 0, 0
137437, 3829760, 1, 0, 0
137538, 3399680, 1, 0, 0
137638, 3532800, 1, 0, 0
137738, 3870720, 1, 0, 0
137838, 3082240, 1, 0, 0
137938, 3686400, 1, 0, 0
138038, 3870720, 1, 0, 0
138139, 2928640, 1, 0, 0
138239, 2918400, 1, 0, 0
138339, 3870720, 1, 0, 0
138439, 3696640, 1, 0, 0
138539, 2969600, 1, 0, 0
138640, 3799040, 1, 0, 0
138740, 3717120, 1, 0, 0
138840, 3010560, 1, 0, 0
138940, 3840000, 1, 0, 0
139040, 3635200, 1, 0, 0
139140, 3102720, 1, 0, 0
139240, 3829760, 1, 0, 0
139341, 3553280, 1, 0, 0
139441, 3164160, 1, 0, 0
139541, 3819520, 1, 0, 0
139641, 3502080, 1, 0, 0
139741, 3205120, 1, 0, 0
139841, 3788800, 1, 0, 0
139942, 3491840, 1, 0, 0
140042, 3276800, 1, 0, 0
140142, 3819520, 1, 0, 0
140242, 3389440, 1, 0, 0
140342, 3348480, 1, 0, 0
140442, 3870720, 1, 0, 0
140542, 3266560, 1, 0, 0
140642, 3502080, 1, 0, 0
140742, 3860480, 1, 0, 0
140842, 3123200, 1, 0, 0
140943, 3799040, 1, 0, 0
141043, 3880960, 1, 0, 0
141143, 2805760, 1, 0, 0
141243, 3082240, 1, 0, 0
141343, 3942400, 1, 0, 0
141444, 3461120, 1, 0, 0
141544, 3389440, 1, 0, 0
141644, 3932160, 1, 0, 0
141744, 3164160, 1, 0, 0
141844, 3768320, 1, 0, 0
141945, 3932160, 1, 0, 0
142045, 2785280, 1, 0, 0
142145, 3205120, 1, 0, 0
142245, 3942400, 1, 0, 0
142345, 3338240, 1, 0, 0
142445, 3522560, 1, 0, 0
142545, 3911680, 1, 0, 0
142645, 3051520, 1, 0, 0
142745, 3901440, 1, 0, 0
142845, 3942400, 1, 0, 0
142945, 3143680, 1, 0, 0
143045, 3952640, 1, 0, 0
143146, 3952640, 1, 0, 0
143246, 3102720, 1, 0, 0
143346, 3942400, 1, 0, 0
143446, 3942400, 1, 0, 0
143546, 2949120, 1, 0, 0
143646, 3932160, 1, 0, 0
143746, 3911680, 1, 0, 0
143846, 2990080, 1, 0, 0
143946, 3932160, 1, 0, 0
144046, 3932160, 1, 0, 0
144146, 2979840, 1, 0, 0
144246, 3921920, 1, 0, 0
144346, 3932160, 1, 0, 0
144447, 2969600, 1, 0, 0
144547, 3921920, 1, 0, 0
144647, 3921920, 1, 0, 0
144747, 2969600, 1, 0, 0
144847, 3932160, 1, 0, 0
144947, 3809280, 1, 0, 0
145047, 3000320, 1, 0, 0
145147, 3911680, 1, 0, 0
145247, 3573760, 1, 0, 0
145347, 3256320, 1, 0, 0
145447, 3921920, 1, 0, 0
145547, 3307520, 1, 0, 0
145648, 3532800, 1, 0, 0
145748, 3901440, 1, 0, 0
145848, 3051520, 1, 0, 0
145948, 3840000, 1, 0, 0
146048, 3921920, 1, 0, 0
146148, 2979840, 1, 0, 0
146248, 3921920, 1, 0, 0
146348, 3921920, 1, 0, 0
146448, 2938880, 1, 0, 0
146548, 3911680, 1, 0, 0
146648, 3921920, 1, 0, 0
146748, 2928640, 1, 0, 0
146849, 3901440, 1, 0, 0
146949, 3901440, 1, 0, 0
147049, 2938880, 1, 0, 0
147149, 3911680, 1, 0, 0
147249, 3911680, 1, 0, 0
147349, 3000320, 1, 0, 0
147449, 3942400, 1, 0, 0
147549, 3901440, 1, 0, 0
147649, 2949120, 1, 0, 0
147749, 3911680, 1, 0, 0
147849, 3911680, 1, 0, 0
147950, 2990080, 1, 0, 0
148050, 3942400, 1, 0, 0
148150, 3921920, 1, 0, 0
148250, 3153920, 1, 0, 0
148350, 3962880, 1, 0, 0
148450, 3932160, 1, 0, 0
148550, 3164160, 1, 0, 0
148650, 3932160, 1, 0, 0
148750, 3389440, 1, 0, 0
148850, 3481600, 1, 0, 0
148950, 3911680, 1, 0, 0
149050, 3092480, 1, 0, 0
149151, 3829760, 1, 0, 0
149251, 3932160, 1, 0, 0
149351, 2938880, 1, 0, 0
149451, 3921920, 1, 0, 0
149551, 3921920, 1, 0, 0
149651, 2426880, 1, 0, 0
149751, 3747840, 1, 0, 0
149851, 3921920, 1, 0, 0
149951, 2908160, 1, 0, 0
150051, 3932160, 1, 0, 0
150151, 3880960, 1, 0, 0
150251, 2580480, 1, 0, 0
150351, 3194880, 1, 0, 0
150452, 3901440, 1, 0, 0
150552, 3389440, 1, 0, 0
150652, 3389440, 1, 0, 0
150752, 3860480, 1, 0, 0
150852, 3235840, 1, 0, 0
150952, 3665920, 1, 0, 0
151052, 3911680, 1, 0, 0
151152, 2908160, 1, 0, 0
151252, 3870720, 1, 0, 0
151352, 3911680, 1, 0, 0
151452, 2918400, 1, 0, 0
151552, 3942400, 1, 0, 0
151652, 3911680, 1, 0, 0
151753, 2928640, 1, 0, 0
151853, 3891200, 1, 0, 0
151953, 3901440, 1, 0, 0
152053, 2979840, 1, 0, 0
152153, 3932160, 1, 0, 0
152253, 3932160, 1, 0, 0
152353, 3000320, 1, 0, 0
152453, 3932160, 1, 0, 0
152553, 3932160, 1, 0, 0
152653, 2058240, 1, 0, 0
152753, 3870720, 1, 0, 0
152853, 3891200, 1, 0, 0
152954, 3000320, 1, 0, 0
153054, 3901440, 1, 0, 0
153154, 3860480, 1, 0, 0
153254, 3031040, 1, 0, 0
153354, 3860480, 1, 0, 0
153454, 3850240, 1, 0, 0
153554, 2887680, 1, 0, 0
153655, 3880960, 1, 0, 0
153755, 3870720, 1, 0, 0
153855, 2979840, 1, 0, 0
153955, 3891200, 1, 0, 0
154055, 3880960, 1, 0, 0
154155, 2949120, 1, 0, 0
154255, 3880960, 1, 0, 0
154355, 3880960, 1, 0, 0
154455, 2979840, 1, 0, 0
154555, 3880960, 1, 0, 0
154655, 3880960, 1, 0, 0
154755, 2887680, 1, 0, 0
154856, 3860480, 1, 0, 0
154956, 3850240, 1, 0, 0
155056, 2938880, 1, 0, 0
155156, 3880960, 1, 0, 0
155256, 3870720, 1, 0, 0
155356, 2908160, 1, 0, 0
155456, 3880960, 1, 0, 0
155556, 3870720, 1, 0, 0
155656, 2979840, 1, 0, 0
155756, 3891200, 1, 0, 0
155856, 3799040, 1, 0, 0
155957, 2969600, 1, 0, 0
156057, 3891200, 1, 0, 0
156157, 3624960, 1, 0, 0
156257, 3174400, 1, 0, 0
156357, 3880960, 1, 0, 0
156457, 3430400, 1, 0, 0
156557, 3328000, 1, 0, 0
156657, 3880960, 1, 0, 0
156757, 3276800, 1, 0, 0
156857, 2641920, 1, 0, 0
156957, 3932160, 1, 0, 0
157058, 3911680, 1, 0, 0
157158, 2304000, 1, 0, 0
157258, 3921920, 1, 0, 0
157358, 3911680, 1, 0, 0
157458, 2897920, 1, 0, 0
157558, 3911680, 1, 0, 0
157658, 3911680, 1, 0, 0
157758, 2979840, 1, 0, 0
157858, 3921920, 1, 0, 0
157959, 3696640, 1, 0, 0
158059, 3256320, 1, 0, 0
158159, 3942400, 1, 0, 0
158259, 3287040, 1, 0, 0
158359, 3635200, 1, 0, 0
158459, 3932160, 1, 0, 0
158559, 3112960, 1, 0, 0
158659, 3952640, 1, 0, 0
158760, 3942400, 1, 0, 0
158860, 3072000, 1, 0, 0
158960, 3911680, 1, 0, 0
159060, 3911680, 1, 0, 0
159160, 2426880, 1, 0, 0
159260, 3891200, 1, 0, 0
159360, 3921920, 1, 0, 0
159461, 2959360, 1, 0, 0
159561, 3901440, 1, 0, 0
159661, 3901440, 1, 0, 0
159761, 2897920, 1, 0, 0
159861, 3860480, 1, 0, 0
159961, 3911680, 1, 0, 0
160061, 2887680, 1, 0, 0
160161, 3911680, 1, 0, 0
160261, 3901440, 1, 0, 0
160361, 2908160, 1, 0, 0
160461, 3901440, 1, 0, 0
160561, 3911680, 1, 0, 0
160662, 3000320, 1, 0, 0
160762, 3891200, 1, 0, 0
160862, 3932160, 1, 0, 0
160962, 1976320, 1, 0, 0
161062, 3921920, 1, 0, 0
161162, 3942400, 1, 0, 0
161262, 2222080, 1, 0, 0
161362, 3880960, 1, 0, 0
161462, 3850240, 1, 0, 0
161562, 2867200, 1, 0, 0
161662, 3860480, 1, 0, 0
161762, 3870720, 1, 0, 0
161862, 2928640, 1, 0, 0
161963, 3870720, 1, 0, 0
162063, 3901440, 1, 0, 0
162163, 3092480, 1, 0, 0
162263, 3891200, 1, 0, 0
162363, 3891200, 1, 0, 0
162463, 2979840, 1, 0, 0
162563, 3850240, 1, 0, 0
162663, 3870720, 1, 0, 0
162763, 2897920, 1, 0, 0
162863, 3850240, 1, 0, 0
162963, 3850240, 1, 0, 0
163063, 2887680, 1, 0, 0
163163, 3850240, 1, 0, 0
163263, 3860480, 1, 0, 0
163363, 2908160, 1, 0, 0
163464, 3829760, 1, 0, 0
163564, 3850240, 1, 0, 0
163664, 2191360, 1, 0, 0
163764, 3880960, 1, 0, 0
163864, 3860480, 1, 0, 0
163964, 2867200, 1, 0, 0
164064, 3860480, 1, 0, 0
164164, 3840000, 1, 0, 0
164264, 2437120, 1, 0, 0
164364, 3891200, 1, 0, 0
164464, 3840000, 1, 0, 0
164564, 2447360, 1, 0, 0
164665, 3850240, 1, 0, 0
164765, 3840000, 1, 0, 0
164865, 2836480, 1, 0, 0
164965, 3840000, 1, 0, 0
165065, 3850240, 1, 0, 0
165165, 2867200, 1, 0, 0
165265, 3860480, 1, 0, 0
165365, 3860480, 1, 0, 0
165465, 2897920, 1, 0, 0
165565, 3850240, 1, 0, 0
165665, 3829760, 1, 0, 0
165765, 2846720, 1, 0, 0
165865, 3840000, 1, 0, 0
165965, 3840000, 1, 0, 0
166065, 2867200, 1, 0, 0
166166, 3829760, 1, 0, 0
166266, 3819520, 1, 0, 0
166366, 1966080, 1, 0, 0
166466, 3870720, 1, 0, 0
166566, 3880960, 1, 0, 0
166666, 2856960, 1, 0, 0
166766, 3850240, 1, 0, 0
166866, 3870720, 1, 0, 0
166966, 2887680, 1, 0, 0
167066, 3880960, 1, 0, 0
167166, 3870720, 1, 0, 0
167266, 2304000, 1, 0, 0
167366, 3921920, 1, 0, 0
167467, 3932160, 1, 0, 0
167567, 2969600, 1, 0, 0
167667, 3932160, 1, 0, 0
167767, 3932160, 1, 0, 0
167867, 2959360, 1, 0, 0
167967, 3932160, 1, 0, 0
168067, 3932160, 1, 0, 0
168167, 2938880, 1, 0, 0
168267, 3921920, 1, 0, 0
168367, 3921920, 1, 0, 0
168467, 2908160, 1, 0, 0
168567, 3860480, 1, 0, 0
168667, 3942400, 1, 0, 0
168768, 3010560, 1, 0, 0
168868, 3942400, 1, 0, 0
168968, 3932160, 1, 0, 0
169068, 3000320, 1, 0, 0
169168, 3932160, 1, 0, 0
169268, 3932160, 1, 0, 0
169368, 3051520, 1, 0, 0
169468, 3932160, 1, 0, 0
169568, 3932160, 1, 0, 0
169668, 2918400, 1, 0, 0
169768, 3911680, 1, 0, 0
169868, 3809280, 1, 0, 0
169968, 2109440, 1, 0, 0
170069, 3942400, 1, 0, 0
170169, 3921920, 1, 0, 0
170269, 2816000, 1, 0, 0
170369, 3901440, 1, 0, 0
170469, 3911680, 1, 0, 0
170569, 2928640, 1, 0, 0
170669, 3921920, 1, 0, 0
170769, 3942400, 1, 0, 0
170869, 3123200, 1, 0, 0
170969, 3962880, 1, 0, 0
171069, 3461120, 1, 0, 0
171169, 3553280, 1, 0, 0
171269, 3911680, 1, 0, 0
171369, 3020800, 1, 0, 0
171470, 3891200, 1, 0, 0
171570, 3921920, 1, 0, 0
171670, 2672640, 1, 0, 0
171770, 3645440, 1, 0, 0
171870, 3901440, 1, 0, 0
171970, 2938880, 1, 0, 0
172070, 3809280, 1, 0, 0
172170, 3891200, 1, 0, 0
172270, 2918400, 1, 0, 0
172370, 3911680, 1, 0, 0
172470, 3921920, 1, 0, 0
172570, 2519040, 1, 0, 0
172671, 3809280, 1, 0, 0
172771, 3891200, 1, 0, 0
172871, 2959360, 1, 0, 0
172971, 3921920, 1, 0, 0
173071, 3932160, 1, 0, 0
173171, 3112960, 1, 0, 0
173271, 3921920, 1, 0, 0
173371, 3921920, 1, 0, 0
173471, 2979840, 1, 0, 0
173571, 3901440, 1, 0, 0
173671, 3901440, 1, 0, 0
173771, 3020800, 1, 0, 0
173872, 3911680, 1, 0, 0
173972, 3911680, 1, 0, 0
174072, 2979840, 1, 0, 0
174172, 3911680, 1, 0, 0
174272, 3921920, 1, 0, 0
174372, 3020800, 1, 0, 0
174472, 3932160, 1, 0, 0
174572, 3932160, 1, 0, 0
174672, 3000320, 1, 0, 0
174772, 3932160, 1, 0, 0
174872, 3942400, 1, 0, 0
174972, 2979840, 1, 0, 0
175072, 3942400, 1, 0, 0
175173, 3778560, 1, 0, 0
175273, 3082240, 1, 0, 0
175372, 3909818, 1, 0, 0
175472, 3532800, 1, 0, 0
175572, 3317760, 1, 0, 0
175672, 3921920, 1, 0, 0
175772, 3246080, 1, 0, 0
175872, 3604480, 1, 0, 0
175972, 3911680, 1, 0, 0
176072, 2969600, 1, 0, 0
176172, 3921920, 1, 0, 0
176272, 3921920, 1, 0, 0
176373, 2897920, 1, 0, 0
176473, 3932160, 1, 0, 0
176573, 3921920, 1, 0, 0
176673, 3000320, 1, 0, 0
176773, 3911680, 1, 0, 0
176872, 3889131, 1, 0, 0
176972, 2928640, 1, 0, 0
177072, 3901440, 1, 0, 0
177172, 3901440, 1, 0, 0
177272, 3031040, 1, 0, 0
177372, 3911680, 1, 0, 0
177472, 3932160, 1, 0, 0
177572, 3010560, 1, 0, 0
177673, 3932160, 1, 0, 0
177773, 3942400, 1, 0, 0
177872, 2937535, 1, 0, 0
177972, 3932160, 1, 0, 0
178072, 3891200, 1, 0, 0
178172, 3020800, 1, 0, 0
178272, 3921920, 1, 0, 0
178372, 3911680, 1, 0, 0
178472, 2416640, 1, 0, 0
178572, 3870720, 1, 0, 0
178672, 3901440, 1, 0, 0
178772, 3061760, 1, 0, 0
178873, 3942400, 1, 0, 0
178973, 3911680, 1, 0, 0
179073, 2979840, 1, 0, 0
179173, 3911680, 1, 0, 0
179273, 3901440, 1, 0, 0
179372, 3009939, 1, 0, 0
179472, 3891200, 1, 0, 0
179572, 3624960, 1, 0, 0
179672, 2519040, 1, 0, 0
179772, 3901440, 1, 0, 0
179872, 3911680, 1, 0, 0
179972, 2908160, 1, 0, 0
