100, 378799, 1, 0, 0
200, 380532, 1, 0, 0
300, 384056, 1, 0, 0
400, 386618, 1, 0, 0
713, 389773, 1, 0, 0
800, 280656, 1, 0, 0
900, 279319, 1, 0, 0
1000, 277940, 1, 0, 0
1100, 256902, 1, 0, 0
1200, 265124, 1, 0, 0
1300, 249982, 1, 0, 0
1400, 250603, 1, 0, 0
1500, 250417, 1, 0, 0
1600, 250868, 1, 0, 0
1700, 248863, 1, 0, 0
1800, 249202, 1, 0, 0
1922, 250739, 1, 0, 0
2000, 252300, 1, 0, 0
2100, 250263, 1, 0, 0
2215, 250122, 1, 0, 0
2300, 249794, 1, 0, 0
2400, 250227, 1, 0, 0
2507, 249480, 1, 0, 0
2600, 249866, 1, 0, 0
2700, 249362, 1, 0, 0
2800, 250046, 1, 0, 0
2900, 249469, 1, 0, 0
3000, 250891, 1, 0, 0
3100, 250108, 1, 0, 0
3200, 249049, 1, 0, 0
3300, 249833, 1, 0, 0
3400, 249545, 1, 0, 0
3500, 249985, 1, 0, 0
3600, 249650, 1, 0, 0
3700, 250375, 1, 0, 0
3800, 249180, 1, 0, 0
3900, 250069, 1, 0, 0
4000, 250651, 1, 0, 0
4100, 250028, 1, 0, 0
4200, 250027, 1, 0, 0
4300, 249021, 1, 0, 0
4400, 250397, 1, 0, 0
4500, 249850, 1, 0, 0
4600, 249341, 1, 0, 0
4700, 249405, 1, 0, 0
4800, 250047, 1, 0, 0
4900, 250993, 1, 0, 0
5000, 253491, 1, 0, 0
5100, 254270, 1, 0, 0
5200, 255592, 1, 0, 0
5300, 254587, 1, 0, 0
5400, 253640, 1, 0, 0
5500, 251448, 1, 0, 0
5600, 252271, 1, 0, 0
5700, 252520, 1, 0, 0
5800, 252460, 1, 0, 0
5900, 252263, 1, 0, 0
6000, 252192, 1, 0, 0
6100, 252165, 1, 0, 0
6200, 249596, 1, 0, 0
6300, 249071, 1, 0, 0
6400, 250476, 1, 0, 0
6500, 249573, 1, 0, 0
6600, 250354, 1, 0, 0
6700, 248527, 1, 0, 0
6800, 251949, 1, 0, 0
6900, 253281, 1, 0, 0
7000, 250556, 1, 0, 0
7100, 253039, 1, 0, 0
7200, 252099, 1, 0, 0
7300, 251100, 1, 0, 0
7400, 252767, 1, 0, 0
7500, 251725, 1, 0, 0
7600, 251315, 1, 0, 0
7700, 249984, 1, 0, 0
7800, 249678, 1, 0, 0
7900, 249591, 1, 0, 0
8000, 249352, 1, 0, 0
8100, 251661, 1, 0, 0
8200, 253785, 1, 0, 0
8300, 249621, 1, 0, 0
8400, 252532, 1, 0, 0
8500, 252319, 1, 0, 0
8600, 251820, 1, 0, 0
8700, 253177, 1, 0, 0
8800, 250872, 1, 0, 0
8900, 251372, 1, 0, 0
9000, 250813, 1, 0, 0
9100, 248899, 1, 0, 0
9200, 249828, 1, 0, 0
9300, 250042, 1, 0, 0
9400, 249563, 1, 0, 0
9500, 250413, 1, 0, 0
9619, 249698, 1, 0, 0
9700, 249864, 1, 0, 0
9800, 250392, 1, 0, 0
9912, 249723, 1, 0, 0
10000, 250237, 1, 0, 0
10100, 249306, 1, 0, 0
10205, 250551, 1, 0, 0
10300, 249565, 1, 0, 0
10400, 249768, 1, 0, 0
10500, 250058, 1, 0, 0
10600, 249104, 1, 0, 0
10700, 249835, 1, 0, 0
10800, 249658, 1, 0, 0
10900, 249823, 1, 0, 0
11000, 250209, 1, 0, 0
11100, 249330, 1, 0, 0
11200, 249567, 1, 0, 0
11300, 249665, 1, 0, 0
11400, 249078, 1, 0, 0
11500, 249557, 1, 0, 0
11600, 249320, 1, 0, 0
11700, 249131, 1, 0, 0
11800, 249477, 1, 0, 0
11900, 251208, 1, 0, 0
12000, 250754, 1, 0, 0
12100, 249503, 1, 0, 0
12200, 249216, 1, 0, 0
12300, 250593, 1, 0, 0
12400, 252230, 1, 0, 0
12500, 251941, 1, 0, 0
12600, 253105, 1, 0, 0
12700, 253221, 1, 0, 0
12800, 252684, 1, 0, 0
12900, 252026, 1, 0, 0
13000, 252610, 1, 0, 0
13100, 252730, 1, 0, 0
13200, 252985, 1, 0, 0
13300, 253416, 1, 0, 0
13400, 253439, 1, 0, 0
13500, 251976, 1, 0, 0
13600, 253459, 1, 0, 0
13700, 253252, 1, 0, 0
13800, 251494, 1, 0, 0
13900, 252607, 1, 0, 0
14000, 252213, 1, 0, 0
14100, 251661, 1, 0, 0
14200, 252514, 1, 0, 0
14300, 253663, 1, 0, 0
14400, 251522, 1, 0, 0
14500, 252011, 1, 0, 0
14600, 253982, 1, 0, 0
14700, 250192, 1, 0, 0
14800, 252844, 1, 0, 0
14923, 253646, 1, 0, 0
15000, 252747, 1, 0, 0
15100, 252354, 1, 0, 0
15219, 253433, 1, 0, 0
15300, 252472, 1, 0, 0
15400, 253649, 1, 0, 0
15515, 252583, 1, 0, 0
15600, 251145, 1, 0, 0
15700, 251745, 1, 0, 0
15810, 253061, 1, 0, 0
15900, 252102, 1, 0, 0
16000, 252394, 1, 0, 0
16120, 252745, 1, 0, 0
16200, 251347, 1, 0, 0
16300, 251707, 1, 0, 0
16415, 254085, 1, 0, 0
16500, 251772, 1, 0, 0
16600, 253320, 1, 0, 0
16710, 252505, 1, 0, 0
16800, 252108, 1, 0, 0
16900, 251928, 1, 0, 0
17005, 252382, 1, 0, 0
17100, 251871, 1, 0, 0
17200, 252721, 1, 0, 0
17302, 255191, 1, 0, 0
17400, 255766, 1, 0, 0
17500, 254741, 1, 0, 0
17602, 257047, 1, 0, 0
17700, 255406, 1, 0, 0
17800, 256483, 1, 0, 0
17901, 255162, 1, 0, 0
18000, 255214, 1, 0, 0
18100, 253933, 1, 0, 0
18200, 255328, 1, 0, 0
18300, 254243, 1, 0, 0
18400, 253629, 1, 0, 0
18500, 252943, 1, 0, 0
18600, 251768, 1, 0, 0
18700, 252457, 1, 0, 0
18800, 254143, 1, 0, 0
18900, 251745, 1, 0, 0
19000, 252276, 1, 0, 0
19100, 252851, 1, 0, 0
19200, 252622, 1, 0, 0
19300, 252476, 1, 0, 0
19400, 252775, 1, 0, 0
19500, 252127, 1, 0, 0
19600, 252521, 1, 0, 0
19700, 251335, 1, 0, 0
19800, 252683, 1, 0, 0
19900, 253359, 1, 0, 0
20000, 252670, 1, 0, 0
20100, 252797, 1, 0, 0
20200, 252050, 1, 0, 0
20300, 251496, 1, 0, 0
20400, 252406, 1, 0, 0
20500, 253378, 1, 0, 0
20600, 251885, 1, 0, 0
20700, 252739, 1, 0, 0
20800, 251969, 1, 0, 0
20900, 252677, 1, 0, 0
21000, 251833, 1, 0, 0
21100, 252702, 1, 0, 0
21200, 251338, 1, 0, 0
21300, 253096, 1, 0, 0
21400, 252032, 1, 0, 0
21500, 251383, 1, 0, 0
21600, 251765, 1, 0, 0
21700, 251987, 1, 0, 0
21800, 252262, 1, 0, 0
21900, 253409, 1, 0, 0
22000, 252701, 1, 0, 0
22100, 251652, 1, 0, 0
22200, 251699, 1, 0, 0
22300, 253082, 1, 0, 0
22400, 252756, 1, 0, 0
22500, 251179, 1, 0, 0
22600, 252300, 1, 0, 0
22700, 250931, 1, 0, 0
22800, 250645, 1, 0, 0
22900, 251015, 1, 0, 0
23000, 252262, 1, 0, 0
23100, 252144, 1, 0, 0
23200, 253022, 1, 0, 0
23300, 252776, 1, 0, 0
23400, 252097, 1, 0, 0
23500, 253907, 1, 0, 0
23600, 251804, 1, 0, 0
23700, 251826, 1, 0, 0
23800, 252942, 1, 0, 0
23900, 252653, 1, 0, 0
24000, 251854, 1, 0, 0
24100, 252794, 1, 0, 0
24200, 251277, 1, 0, 0
24300, 252281, 1, 0, 0
24400, 252385, 1, 0, 0
24500, 251784, 1, 0, 0
24600, 252687, 1, 0, 0
24700, 252215, 1, 0, 0
24800, 252603, 1, 0, 0
24900, 251746, 1, 0, 0
25000, 252002, 1, 0, 0
25100, 253216, 1, 0, 0
25200, 251604, 1, 0, 0
25300, 253156, 1, 0, 0
25400, 253540, 1, 0, 0
25500, 253698, 1, 0, 0
25600, 254203, 1, 0, 0
25700, 253192, 1, 0, 0
25800, 252906, 1, 0, 0
25900, 254075, 1, 0, 0
26000, 252322, 1, 0, 0
26100, 254525, 1, 0, 0
26200, 253347, 1, 0, 0
26300, 254216, 1, 0, 0
26400, 253750, 1, 0, 0
26500, 253478, 1, 0, 0
26600, 253217, 1, 0, 0
26700, 253474, 1, 0, 0
26800, 253486, 1, 0, 0
26900, 251896, 1, 0, 0
27000, 252689, 1, 0, 0
27100, 253412, 1, 0, 0
27200, 252238, 1, 0, 0
27300, 252941, 1, 0, 0
27424, 254191, 1, 0, 0
27500, 252904, 1, 0, 0
27600, 253120, 1, 0, 0
27721, 253030, 1, 0, 0
27800, 252642, 1, 0, 0
27900, 252858, 1, 0, 0
28017, 253719, 1, 0, 0
28100, 252118, 1, 0, 0
28200, 252963, 1, 0, 0
28314, 254067, 1, 0, 0
28400, 254151, 1, 0, 0
28500, 256029, 1, 0, 0
28611, 252250, 1, 0, 0
28700, 252126, 1, 0, 0
28800, 252140, 1, 0, 0
28921, 253482, 1, 0, 0
29000, 251560, 1, 0, 0
29100, 252181, 1, 0, 0
29217, 252413, 1, 0, 0
29300, 252396, 1, 0, 0
29400, 252597, 1, 0, 0
29511, 253460, 1, 0, 0
29600, 251105, 1, 0, 0
29700, 251341, 1, 0, 0
29807, 252908, 1, 0, 0
29900, 252062, 1, 0, 0
30000, 252282, 1, 0, 0
30103, 254658, 1, 0, 0
30200, 252742, 1, 0, 0
30300, 251951, 1, 0, 0
30400, 252475, 1, 0, 0
30500, 252171, 1, 0, 0
30600, 252036, 1, 0, 0
30700, 252213, 1, 0, 0
30800, 252468, 1, 0, 0
30900, 253383, 1, 0, 0
31000, 251606, 1, 0, 0
31100, 252232, 1, 0, 0
31200, 251701, 1, 0, 0
31305, 253542, 1, 0, 0
31400, 252252, 1, 0, 0
31500, 268078, 1, 0, 0
31605, 251852, 1, 0, 0
31700, 253060, 1, 0, 0
31800, 253293, 1, 0, 0
31902, 252117, 1, 0, 0
32000, 253150, 1, 0, 0
32100, 253426, 1, 0, 0
32200, 252555, 1, 0, 0
32300, 253025, 1, 0, 0
32400, 252170, 1, 0, 0
32510, 252194, 1, 0, 0
32600, 251448, 1, 0, 0
32700, 253557, 1, 0, 0
32806, 253030, 1, 0, 0
32900, 252932, 1, 0, 0
33000, 253424, 1, 0, 0
33117, 251919, 1, 0, 0
33200, 252371, 1, 0, 0
33300, 252552, 1, 0, 0
33413, 253061, 1, 0, 0
33500, 253527, 1, 0, 0
33600, 253460, 1, 0, 0
33709, 252075, 1, 0, 0
33800, 251055, 1, 0, 0
33900, 252067, 1, 0, 0
34005, 253403, 1, 0, 0
34100, 252276, 1, 0, 0
34200, 252226, 1, 0, 0
34309, 253646, 1, 0, 0
34400, 248747, 1, 0, 0
34500, 249277, 1, 0, 0
34601, 249716, 1, 0, 0
34700, 249336, 1, 0, 0
34800, 249953, 1, 0, 0
34900, 251096, 1, 0, 0
35000, 250104, 1, 0, 0
35100, 251133, 1, 0, 0
35200, 254348, 1, 0, 0
35300, 250922, 1, 0, 0
35400, 250548, 1, 0, 0
35500, 253087, 1, 0, 0
35600, 250652, 1, 0, 0
35700, 249357, 1, 0, 0
35800, 253430, 1, 0, 0
35900, 250890, 1, 0, 0
36000, 248438, 1, 0, 0
36100, 250242, 1, 0, 0
36200, 248014, 1, 0, 0
36300, 250138, 1, 0, 0
36400, 248766, 1, 0, 0
36500, 249901, 1, 0, 0
36600, 248807, 1, 0, 0
36700, 250934, 1, 0, 0
36800, 251745, 1, 0, 0
36900, 249699, 1, 0, 0
37000, 250565, 1, 0, 0
37100, 249961, 1, 0, 0
37200, 249943, 1, 0, 0
37300, 250189, 1, 0, 0
37400, 249277, 1, 0, 0
37500, 249115, 1, 0, 0
37600, 249044, 1, 0, 0
37700, 250049, 1, 0, 0
37820, 250307, 1, 0, 0
37900, 249466, 1, 0, 0
38000, 248815, 1, 0, 0
38112, 249530, 1, 0, 0
38200, 249267, 1, 0, 0
38300, 249665, 1, 0, 0
38404, 250423, 1, 0, 0
38500, 248689, 1, 0, 0
38600, 249840, 1, 0, 0
38700, 249758, 1, 0, 0
38800, 248828, 1, 0, 0
38900, 250068, 1, 0, 0
39000, 248887, 1, 0, 0
39100, 249148, 1, 0, 0
39200, 250123, 1, 0, 0
39300, 250238, 1, 0, 0
39400, 249986, 1, 0, 0
39500, 251525, 1, 0, 0
39600, 250108, 1, 0, 0
39700, 252227, 1, 0, 0
39800, 253317, 1, 0, 0
39900, 249649, 1, 0, 0
40000, 252393, 1, 0, 0
40100, 249470, 1, 0, 0
40200, 249718, 1, 0, 0
40300, 249960, 1, 0, 0
40400, 249215, 1, 0, 0
40500, 248110, 1, 0, 0
40600, 253740, 1, 0, 0
40700, 253504, 1, 0, 0
40800, 251255, 1, 0, 0
40900, 250699, 1, 0, 0
41000, 251252, 1, 0, 0
41100, 253365, 1, 0, 0
41200, 252161, 1, 0, 0
41300, 251089, 1, 0, 0
41400, 253373, 1, 0, 0
41500, 250584, 1, 0, 0
41600, 252213, 1, 0, 0
41700, 251621, 1, 0, 0
41800, 252409, 1, 0, 0
41900, 253580, 1, 0, 0
42000, 253440, 1, 0, 0
42100, 251240, 1, 0, 0
42200, 250467, 1, 0, 0
42300, 249311, 1, 0, 0
42400, 251811, 1, 0, 0
42500, 252110, 1, 0, 0
42600, 251256, 1, 0, 0
42700, 252583, 1, 0, 0
42800, 251332, 1, 0, 0
42900, 253970, 1, 0, 0
43000, 253189, 1, 0, 0
43100, 251003, 1, 0, 0
43200, 249059, 1, 0, 0
43300, 252048, 1, 0, 0
43400, 253783, 1, 0, 0
43500, 250584, 1, 0, 0
43600, 250897, 1, 0, 0
43700, 250109, 1, 0, 0
43800, 249357, 1, 0, 0
43900, 250174, 1, 0, 0
44000, 248467, 1, 0, 0
44100, 250505, 1, 0, 0
44200, 252243, 1, 0, 0
44321, 252625, 1, 0, 0
44400, 250765, 1, 0, 0
44500, 249982, 1, 0, 0
44614, 251087, 1, 0, 0
44700, 249790, 1, 0, 0
44800, 251684, 1, 0, 0
44906, 249171, 1, 0, 0
45000, 251360, 1, 0, 0
45100, 248950, 1, 0, 0
45200, 248264, 1, 0, 0
45300, 247827, 1, 0, 0
45400, 249123, 1, 0, 0
45500, 249878, 1, 0, 0
45600, 249083, 1, 0, 0
45700, 249589, 1, 0, 0
45800, 250701, 1, 0, 0
45900, 249955, 1, 0, 0
46000, 248897, 1, 0, 0
46100, 249615, 1, 0, 0
46200, 248816, 1, 0, 0
46300, 249177, 1, 0, 0
46400, 249543, 1, 0, 0
46500, 249794, 1, 0, 0
46600, 249566, 1, 0, 0
46700, 250196, 1, 0, 0
46800, 251485, 1, 0, 0
46900, 252662, 1, 0, 0
47000, 252143, 1, 0, 0
47100, 252793, 1, 0, 0
47200, 254392, 1, 0, 0
47300, 254534, 1, 0, 0
47400, 253780, 1, 0, 0
47500, 255744, 1, 0, 0
47600, 254565, 1, 0, 0
47700, 254596, 1, 0, 0
47800, 257001, 1, 0, 0
47900, 254527, 1, 0, 0
48000, 254323, 1, 0, 0
48100, 252969, 1, 0, 0
48200, 252683, 1, 0, 0
48300, 255419, 1, 0, 0
48400, 253837, 1, 0, 0
48500, 250999, 1, 0, 0
48600, 255048, 1, 0, 0
48700, 253614, 1, 0, 0
48800, 253387, 1, 0, 0
48900, 253892, 1, 0, 0
49000, 253436, 1, 0, 0
49100, 252777, 1, 0, 0
49200, 252149, 1, 0, 0
49300, 252723, 1, 0, 0
49400, 250897, 1, 0, 0
49500, 252377, 1, 0, 0
49600, 251951, 1, 0, 0
49700, 252115, 1, 0, 0
49800, 252523, 1, 0, 0
49900, 252610, 1, 0, 0
50000, 251067, 1, 0, 0
50100, 251048, 1, 0, 0
50219, 251251, 1, 0, 0
50300, 252669, 1, 0, 0
50400, 253515, 1, 0, 0
50516, 253770, 1, 0, 0
50600, 252171, 1, 0, 0
50700, 252616, 1, 0, 0
50812, 252445, 1, 0, 0
50900, 251715, 1, 0, 0
51000, 253125, 1, 0, 0
51105, 252136, 1, 0, 0
51200, 251285, 1, 0, 0
51300, 251865, 1, 0, 0
51427, 251751, 1, 0, 0
51500, 249139, 1, 0, 0
51600, 249508, 1, 0, 0
51718, 249706, 1, 0, 0
51800, 249074, 1, 0, 0
51900, 249090, 1, 0, 0
52006, 248568, 1, 0, 0
52100, 248184, 1, 0, 0
52200, 248789, 1, 0, 0
52300, 249541, 1, 0, 0
52400, 249484, 1, 0, 0
52500, 250734, 1, 0, 0
52600, 249575, 1, 0, 0
52700, 248386, 1, 0, 0
52800, 250086, 1, 0, 0
52900, 247894, 1, 0, 0
53000, 249310, 1, 0, 0
53100, 249626, 1, 0, 0
53200, 249626, 1, 0, 0
53300, 248536, 1, 0, 0
53400, 249802, 1, 0, 0
53500, 247432, 1, 0, 0
53600, 250036, 1, 0, 0
53700, 247193, 1, 0, 0
53800, 251327, 1, 0, 0
53900, 251641, 1, 0, 0
54000, 250179, 1, 0, 0
54100, 251504, 1, 0, 0
54200, 252976, 1, 0, 0
54300, 252891, 1, 0, 0
54400, 249860, 1, 0, 0
54500, 249898, 1, 0, 0
54600, 248722, 1, 0, 0
54700, 249273, 1, 0, 0
54800, 249772, 1, 0, 0
54917, 250374, 1, 0, 0
55000, 249907, 1, 0, 0
55100, 250350, 1, 0, 0
55211, 251300, 1, 0, 0
55300, 250045, 1, 0, 0
55400, 251729, 1, 0, 0
55505, 253778, 1, 0, 0
55600, 250627, 1, 0, 0
55700, 253407, 1, 0, 0
55800, 252227, 1, 0, 0
55900, 252392, 1, 0, 0
56000, 251129, 1, 0, 0
56100, 249565, 1, 0, 0
56200, 251134, 1, 0, 0
56300, 251393, 1, 0, 0
56400, 253739, 1, 0, 0
56500, 251049, 1, 0, 0
56600, 251694, 1, 0, 0
56700, 253811, 1, 0, 0
56800, 251037, 1, 0, 0
56900, 253178, 1, 0, 0
57000, 250733, 1, 0, 0
57100, 250663, 1, 0, 0
57200, 250058, 1, 0, 0
57300, 249074, 1, 0, 0
57400, 248513, 1, 0, 0
57500, 249409, 1, 0, 0
57600, 249098, 1, 0, 0
57700, 248302, 1, 0, 0
57800, 248455, 1, 0, 0
57900, 248510, 1, 0, 0
58000, 249395, 1, 0, 0
58100, 248429, 1, 0, 0
58200, 248037, 1, 0, 0
58300, 248706, 1, 0, 0
58400, 248667, 1, 0, 0
58500, 248578, 1, 0, 0
58600, 248545, 1, 0, 0
58714, 248954, 1, 0, 0
58800, 251520, 1, 0, 0
58900, 247858, 1, 0, 0
59002, 252460, 1, 0, 0
59100, 250300, 1, 0, 0
59200, 252588, 1, 0, 0
59300, 250425, 1, 0, 0
59400, 249340, 1, 0, 0
59500, 251659, 1, 0, 0
59600, 249365, 1, 0, 0
59700, 249593, 1, 0, 0
59800, 251005, 1, 0, 0
59900, 250463, 1, 0, 0
60000, 250142, 1, 0, 0
60100, 251671, 1, 0, 0
60200, 252036, 1, 0, 0
60300, 252129, 1, 0, 0
60400, 249754, 1, 0, 0
60500, 249505, 1, 0, 0
60600, 250394, 1, 0, 0
60700, 249396, 1, 0, 0
60800, 249078, 1, 0, 0
60900, 250366, 1, 0, 0
61000, 250183, 1, 0, 0
61100, 248424, 1, 0, 0
61200, 249444, 1, 0, 0
61300, 249167, 1, 0, 0
61400, 249328, 1, 0, 0
61500, 248175, 1, 0, 0
61600, 248813, 1, 0, 0
61700, 251223, 1, 0, 0
61800, 249890, 1, 0, 0
61900, 250714, 1, 0, 0
62000, 250065, 1, 0, 0
62100, 248116, 1, 0, 0
62218, 251295, 1, 0, 0
62300, 249157, 1, 0, 0
62400, 249151, 1, 0, 0
62511, 250356, 1, 0, 0
62600, 249363, 1, 0, 0
62700, 249845, 1, 0, 0
62826, 250068, 1, 0, 0
62900, 251428, 1, 0, 0
63000, 251897, 1, 0, 0
63117, 251884, 1, 0, 0
63200, 250069, 1, 0, 0
63300, 251040, 1, 0, 0
63411, 251728, 1, 0, 0
63500, 251608, 1, 0, 0
63600, 252658, 1, 0, 0
63706, 252415, 1, 0, 0
63800, 251046, 1, 0, 0
63900, 252341, 1, 0, 0
64024, 251477, 1, 0, 0
64100, 250696, 1, 0, 0
64200, 250988, 1, 0, 0
64315, 252749, 1, 0, 0
64400, 252042, 1, 0, 0
64500, 252330, 1, 0, 0
64631, 252705, 1, 0, 0
64700, 249162, 1, 0, 0
64800, 250532, 1, 0, 0
64944, 250509, 1, 0, 0
65000, 249552, 1, 0, 0
65100, 252303, 1, 0, 0
65200, 252921, 1, 0, 0
65300, 249310, 1, 0, 0
65400, 252290, 1, 0, 0
65500, 253022, 1, 0, 0
65600, 251789, 1, 0, 0
65700, 251707, 1, 0, 0
65800, 252410, 1, 0, 0
65900, 251825, 1, 0, 0
66000, 252035, 1, 0, 0
66120, 249619, 1, 0, 0
66200, 250696, 1, 0, 0
66300, 251117, 1, 0, 0
66416, 250394, 1, 0, 0
66500, 249624, 1, 0, 0
66600, 252011, 1, 0, 0
66708, 250695, 1, 0, 0
66800, 249841, 1, 0, 0
66900, 250570, 1, 0, 0
67001, 249726, 1, 0, 0
67100, 250367, 1, 0, 0
67200, 250660, 1, 0, 0
67300, 252315, 1, 0, 0
67400, 249162, 1, 0, 0
67500, 249171, 1, 0, 0
67609, 250387, 1, 0, 0
67700, 249072, 1, 0, 0
67800, 252455, 1, 0, 0
67927, 251634, 1, 0, 0
68000, 251679, 1, 0, 0
68100, 252920, 1, 0, 0
68224, 252251, 1, 0, 0
68300, 251595, 1, 0, 0
68400, 252803, 1, 0, 0
68517, 250310, 1, 0, 0
68600, 248532, 1, 0, 0
68700, 250604, 1, 0, 0
68809, 252504, 1, 0, 0
68900, 249057, 1, 0, 0
69000, 249213, 1, 0, 0
69100, 249217, 1, 0, 0
69200, 248537, 1, 0, 0
69300, 249893, 1, 0, 0
69400, 248161, 1, 0, 0
69500, 250289, 1, 0, 0
69600, 251909, 1, 0, 0
69700, 250120, 1, 0, 0
69800, 248707, 1, 0, 0
69900, 249638, 1, 0, 0
70000, 248840, 1, 0, 0
70100, 248800, 1, 0, 0
70200, 249844, 1, 0, 0
70300, 249102, 1, 0, 0
70400, 252830, 1, 0, 0
70500, 252272, 1, 0, 0
70600, 252960, 1, 0, 0
70700, 253937, 1, 0, 0
70800, 252460, 1, 0, 0
70900, 251714, 1, 0, 0
71000, 252378, 1, 0, 0
71100, 252545, 1, 0, 0
71200, 253717, 1, 0, 0
71300, 252708, 1, 0, 0
71400, 252564, 1, 0, 0
71500, 252542, 1, 0, 0
71600, 252347, 1, 0, 0
71700, 252626, 1, 0, 0
71800, 252403, 1, 0, 0
71900, 252543, 1, 0, 0
72000, 251699, 1, 0, 0
72100, 252356, 1, 0, 0
72200, 255016, 1, 0, 0
72300, 254048, 1, 0, 0
72400, 251640, 1, 0, 0
72500, 253880, 1, 0, 0
72600, 254416, 1, 0, 0
72700, 254001, 1, 0, 0
72800, 254486, 1, 0, 0
72900, 253201, 1, 0, 0
73000, 252877, 1, 0, 0
73100, 252586, 1, 0, 0
73200, 254294, 1, 0, 0
73300, 254605, 1, 0, 0
73400, 253933, 1, 0, 0
73500, 255559, 1, 0, 0
73600, 252281, 1, 0, 0
73700, 252842, 1, 0, 0
73800, 254641, 1, 0, 0
73900, 252462, 1, 0, 0
74000, 253200, 1, 0, 0
74100, 254560, 1, 0, 0
74200, 252510, 1, 0, 0
74300, 253944, 1, 0, 0
74400, 254655, 1, 0, 0
74500, 254389, 1, 0, 0
74600, 254604, 1, 0, 0
74700, 257030, 1, 0, 0
74800, 253031, 1, 0, 0
74900, 253461, 1, 0, 0
75000, 253850, 1, 0, 0
75100, 252457, 1, 0, 0
75200, 252640, 1, 0, 0
75300, 254974, 1, 0, 0
75400, 254375, 1, 0, 0
75500, 254352, 1, 0, 0
75600, 254237, 1, 0, 0
75700, 252019, 1, 0, 0
75800, 252504, 1, 0, 0
75900, 252774, 1, 0, 0
76000, 256364, 1, 0, 0
76100, 254187, 1, 0, 0
76200, 254513, 1, 0, 0
76300, 253184, 1, 0, 0
76400, 253980, 1, 0, 0
76500, 253426, 1, 0, 0
76600, 254572, 1, 0, 0
76700, 254045, 1, 0, 0
76800, 254905, 1, 0, 0
76900, 253668, 1, 0, 0
77000, 254699, 1, 0, 0
77100, 255261, 1, 0, 0
77200, 255138, 1, 0, 0
77300, 253533, 1, 0, 0
77400, 253516, 1, 0, 0
77500, 257976, 1, 0, 0
77600, 254796, 1, 0, 0
77700, 255642, 1, 0, 0
77800, 255045, 1, 0, 0
77900, 252121, 1, 0, 0
78000, 252696, 1, 0, 0
78100, 252331, 1, 0, 0
78200, 251156, 1, 0, 0
78300, 251625, 1, 0, 0
78400, 251951, 1, 0, 0
78500, 252208, 1, 0, 0
78600, 252972, 1, 0, 0
78700, 253389, 1, 0, 0
78800, 251600, 1, 0, 0
78900, 253064, 1, 0, 0
79000, 250610, 1, 0, 0
79100, 251651, 1, 0, 0
79200, 252186, 1, 0, 0
79300, 251786, 1, 0, 0
79400, 252422, 1, 0, 0
79500, 255263, 1, 0, 0
79600, 252954, 1, 0, 0
79700, 253222, 1, 0, 0
79800, 254790, 1, 0, 0
79900, 252840, 1, 0, 0
80000, 252841, 1, 0, 0
80100, 254301, 1, 0, 0
80200, 252906, 1, 0, 0
80300, 254418, 1, 0, 0
80400, 253791, 1, 0, 0
80500, 259047, 1, 0, 0
80600, 253958, 1, 0, 0
80700, 253709, 1, 0, 0
80800, 252204, 1, 0, 0
80900, 255850, 1, 0, 0
81000, 253899, 1, 0, 0
81100, 254251, 1, 0, 0
81200, 255378, 1, 0, 0
81300, 254379, 1, 0, 0
81400, 255364, 1, 0, 0
81500, 254082, 1, 0, 0
81600, 256813, 1, 0, 0
81700, 259953, 1, 0, 0
81800, 253805, 1, 0, 0
81900, 253501, 1, 0, 0
82000, 254208, 1, 0, 0
82100, 253519, 1, 0, 0
82200, 252976, 1, 0, 0
82300, 255297, 1, 0, 0
82400, 253024, 1, 0, 0
82500, 253646, 1, 0, 0
82600, 252117, 1, 0, 0
82700, 251962, 1, 0, 0
82800, 251952, 1, 0, 0
82900, 251182, 1, 0, 0
83000, 251356, 1, 0, 0
83100, 251514, 1, 0, 0
83200, 251191, 1, 0, 0
83300, 251200, 1, 0, 0
83400, 251771, 1, 0, 0
83500, 252475, 1, 0, 0
83600, 254518, 1, 0, 0
83700, 252740, 1, 0, 0
83800, 252542, 1, 0, 0
83900, 252722, 1, 0, 0
84021, 253593, 1, 0, 0
84100, 253039, 1, 0, 0
84200, 255031, 1, 0, 0
84317, 252427, 1, 0, 0
84400, 252724, 1, 0, 0
84500, 251891, 1, 0, 0
84612, 253965, 1, 0, 0
84700, 256987, 1, 0, 0
84800, 253912, 1, 0, 0
84925, 254207, 1, 0, 0
85000, 255148, 1, 0, 0
85100, 255954, 1, 0, 0
85201, 264485, 1, 0, 0
85300, 256452, 1, 0, 0
85400, 254783, 1, 0, 0
85523, 254395, 1, 0, 0
85600, 253653, 1, 0, 0
85700, 253422, 1, 0, 0
85831, 253270, 1, 0, 0
85900, 254455, 1, 0, 0
86000, 253812, 1, 0, 0
86100, 252843, 1, 0, 0
86200, 252924, 1, 0, 0
86300, 254407, 1, 0, 0
86424, 252872, 1, 0, 0
86500, 255865, 1, 0, 0
86600, 253717, 1, 0, 0
86720, 253412, 1, 0, 0
86800, 251468, 1, 0, 0
86900, 252602, 1, 0, 0
87036, 252332, 1, 0, 0
87100, 253490, 1, 0, 0
87200, 253294, 1, 0, 0
87300, 255523, 1, 0, 0
87400, 252263, 1, 0, 0
87500, 253403, 1, 0, 0
87600, 252981, 1, 0, 0
87700, 252403, 1, 0, 0
87800, 252280, 1, 0, 0
87900, 251946, 1, 0, 0
88000, 248345, 1, 0, 0
88100, 248219, 1, 0, 0
88200, 248287, 1, 0, 0
88300, 246284, 1, 0, 0
88400, 247703, 1, 0, 0
88519, 248464, 1, 0, 0
88600, 248249, 1, 0, 0
88700, 248342, 1, 0, 0
88807, 248007, 1, 0, 0
88900, 248237, 1, 0, 0
89000, 249020, 1, 0, 0
89100, 249442, 1, 0, 0
89200, 248666, 1, 0, 0
89300, 251000, 1, 0, 0
89400, 252149, 1, 0, 0
89500, 251745, 1, 0, 0
89600, 252085, 1, 0, 0
89700, 250752, 1, 0, 0
89800, 252973, 1, 0, 0
89900, 253257, 1, 0, 0
90000, 250197, 1, 0, 0
90100, 250282, 1, 0, 0
90200, 251909, 1, 0, 0
90300, 249433, 1, 0, 0
90400, 249220, 1, 0, 0
90500, 250792, 1, 0, 0
90600, 252644, 1, 0, 0
90700, 252353, 1, 0, 0
90800, 251123, 1, 0, 0
90900, 249289, 1, 0, 0
91000, 253048, 1, 0, 0
91100, 250718, 1, 0, 0
91200, 250333, 1, 0, 0
91300, 250893, 1, 0, 0
91400, 251922, 1, 0, 0
91500, 250167, 1, 0, 0
91600, 250328, 1, 0, 0
91700, 249740, 1, 0, 0
91800, 249374, 1, 0, 0
91900, 251128, 1, 0, 0
92000, 250231, 1, 0, 0
92100, 249274, 1, 0, 0
92200, 251592, 1, 0, 0
92300, 249957, 1, 0, 0
92400, 251136, 1, 0, 0
92500, 252109, 1, 0, 0
92600, 251970, 1, 0, 0
92700, 251970, 1, 0, 0
92800, 251331, 1, 0, 0
92900, 251854, 1, 0, 0
93000, 251860, 1, 0, 0
93100, 252169, 1, 0, 0
93200, 252423, 1, 0, 0
93300, 252007, 1, 0, 0
93400, 250847, 1, 0, 0
93500, 250499, 1, 0, 0
93600, 250277, 1, 0, 0
93700, 250401, 1, 0, 0
93800, 251457, 1, 0, 0
93900, 252003, 1, 0, 0
94000, 250750, 1, 0, 0
94100, 251365, 1, 0, 0
94200, 251430, 1, 0, 0
94300, 252484, 1, 0, 0
94400, 252987, 1, 0, 0
94500, 252378, 1, 0, 0
94600, 251934, 1, 0, 0
94700, 252144, 1, 0, 0
94800, 249997, 1, 0, 0
94900, 252174, 1, 0, 0
95000, 251915, 1, 0, 0
95100, 251139, 1, 0, 0
95200, 251934, 1, 0, 0
95300, 252760, 1, 0, 0
95400, 253083, 1, 0, 0
95500, 252638, 1, 0, 0
95600, 252720, 1, 0, 0
95700, 252717, 1, 0, 0
95800, 252838, 1, 0, 0
95900, 251999, 1, 0, 0
96000, 252505, 1, 0, 0
96100, 252611, 1, 0, 0
96200, 252307, 1, 0, 0
96300, 251776, 1, 0, 0
96400, 251832, 1, 0, 0
96500, 255135, 1, 0, 0
96600, 254474, 1, 0, 0
96700, 254164, 1, 0, 0
96800, 252960, 1, 0, 0
96900, 252189, 1, 0, 0
97000, 253018, 1, 0, 0
97100, 252288, 1, 0, 0
97200, 252300, 1, 0, 0
97300, 254293, 1, 0, 0
97400, 253530, 1, 0, 0
97500, 252748, 1, 0, 0
97600, 252684, 1, 0, 0
97700, 253562, 1, 0, 0
97800, 253817, 1, 0, 0
97900, 255644, 1, 0, 0
98000, 252657, 1, 0, 0
98100, 252472, 1, 0, 0
98200, 254178, 1, 0, 0
98300, 252759, 1, 0, 0
98400, 257451, 1, 0, 0
98500, 252197, 1, 0, 0
98600, 253468, 1, 0, 0
98700, 255917, 1, 0, 0
98800, 253354, 1, 0, 0
98900, 253773, 1, 0, 0
99000, 252288, 1, 0, 0
99100, 252888, 1, 0, 0
99200, 253986, 1, 0, 0
99300, 250675, 1, 0, 0
99400, 249918, 1, 0, 0
99500, 249992, 1, 0, 0
99600, 248924, 1, 0, 0
99700, 249070, 1, 0, 0
99800, 249529, 1, 0, 0
99900, 248634, 1, 0, 0
100000, 249914, 1, 0, 0
100100, 249695, 1, 0, 0
100200, 251570, 1, 0, 0
100300, 251216, 1, 0, 0
100400, 252108, 1, 0, 0
100500, 249478, 1, 0, 0
100600, 252390, 1, 0, 0
100700, 251703, 1, 0, 0
100800, 249286, 1, 0, 0
100900, 250525, 1, 0, 0
101019, 249045, 1, 0, 0
101100, 252091, 1, 0, 0
101200, 249877, 1, 0, 0
101309, 247447, 1, 0, 0
101400, 249096, 1, 0, 0
101500, 248852, 1, 0, 0
101602, 251404, 1, 0, 0
101700, 252889, 1, 0, 0
101800, 250657, 1, 0, 0
101901, 254098, 1, 0, 0
102000, 250305, 1, 0, 0
102100, 249908, 1, 0, 0
102200, 249845, 1, 0, 0
102300, 250014, 1, 0, 0
102400, 253618, 1, 0, 0
102500, 249091, 1, 0, 0
102600, 249513, 1, 0, 0
102700, 249799, 1, 0, 0
102800, 249289, 1, 0, 0
102900, 251506, 1, 0, 0
103000, 251673, 1, 0, 0
103100, 251783, 1, 0, 0
103200, 250580, 1, 0, 0
103300, 251310, 1, 0, 0
103400, 251595, 1, 0, 0
103500, 250920, 1, 0, 0
103600, 251468, 1, 0, 0
103700, 250886, 1, 0, 0
103800, 252311, 1, 0, 0
103900, 251292, 1, 0, 0
104000, 248626, 1, 0, 0
104100, 248566, 1, 0, 0
104200, 250187, 1, 0, 0
104300, 250387, 1, 0, 0
104400, 250300, 1, 0, 0
104500, 248617, 1, 0, 0
104600, 250356, 1, 0, 0
104700, 251942, 1, 0, 0
104800, 251634, 1, 0, 0
104900, 253292, 1, 0, 0
105000, 254049, 1, 0, 0
105100, 252846, 1, 0, 0
105200, 251421, 1, 0, 0
105300, 253150, 1, 0, 0
105400, 252291, 1, 0, 0
105500, 254626, 1, 0, 0
105600, 255028, 1, 0, 0
105700, 253566, 1, 0, 0
105800, 252851, 1, 0, 0
105900, 252851, 1, 0, 0
106000, 252182, 1, 0, 0
106100, 254269, 1, 0, 0
106200, 252373, 1, 0, 0
106300, 252825, 1, 0, 0
106400, 251717, 1, 0, 0
106500, 252523, 1, 0, 0
106600, 252685, 1, 0, 0
106700, 253532, 1, 0, 0
106800, 265021, 1, 0, 0
106900, 253084, 1, 0, 0
107000, 252967, 1, 0, 0
107100, 252729, 1, 0, 0
107200, 253383, 1, 0, 0
107300, 254975, 1, 0, 0
107400, 253710, 1, 0, 0
107500, 253831, 1, 0, 0
107600, 252276, 1, 0, 0
107700, 254291, 1, 0, 0
107800, 253210, 1, 0, 0
107900, 250998, 1, 0, 0
108000, 253023, 1, 0, 0
108100, 252905, 1, 0, 0
108200, 251501, 1, 0, 0
108300, 253014, 1, 0, 0
108400, 252629, 1, 0, 0
108500, 251017, 1, 0, 0
108600, 255948, 1, 0, 0
108700, 254363, 1, 0, 0
108800, 254076, 1, 0, 0
108900, 253959, 1, 0, 0
109000, 254205, 1, 0, 0
109100, 254114, 1, 0, 0
109200, 254882, 1, 0, 0
109300, 253639, 1, 0, 0
109400, 254966, 1, 0, 0
109500, 255602, 1, 0, 0
109600, 252855, 1, 0, 0
109700, 252285, 1, 0, 0
109800, 253467, 1, 0, 0
109900, 252608, 1, 0, 0
110000, 253251, 1, 0, 0
110100, 255323, 1, 0, 0
110223, 253972, 1, 0, 0
110300, 255131, 1, 0, 0
110400, 255785, 1, 0, 0
110521, 255002, 1, 0, 0
110600, 252771, 1, 0, 0
110700, 254165, 1, 0, 0
110816, 254550, 1, 0, 0
110900, 252991, 1, 0, 0
111000, 252536, 1, 0, 0
111110, 251874, 1, 0, 0
111200, 253936, 1, 0, 0
111300, 252360, 1, 0, 0
111407, 252903, 1, 0, 0
111500, 252573, 1, 0, 0
111600, 256337, 1, 0, 0
111705, 252563, 1, 0, 0
111800, 255270, 1, 0, 0
111900, 252605, 1, 0, 0
112000, 254026, 1, 0, 0
112100, 252708, 1, 0, 0
112200, 252244, 1, 0, 0
112300, 251691, 1, 0, 0
112400, 252488, 1, 0, 0
112500, 253496, 1, 0, 0
112608, 253138, 1, 0, 0
112700, 251449, 1, 0, 0
112800, 251846, 1, 0, 0
112900, 252127, 1, 0, 0
113000, 252370, 1, 0, 0
113100, 252653, 1, 0, 0
113220, 251608, 1, 0, 0
113300, 253053, 1, 0, 0
113400, 252421, 1, 0, 0
113517, 253157, 1, 0, 0
113600, 252826, 1, 0, 0
113700, 253634, 1, 0, 0
113812, 255718, 1, 0, 0
113900, 250757, 1, 0, 0
114000, 255642, 1, 0, 0
114108, 254856, 1, 0, 0
114200, 252840, 1, 0, 0
114300, 253391, 1, 0, 0
114404, 252305, 1, 0, 0
114500, 255652, 1, 0, 0
114600, 255025, 1, 0, 0
114704, 256574, 1, 0, 0
114800, 254181, 1, 0, 0
114900, 254350, 1, 0, 0
115002, 253273, 1, 0, 0
115100, 251972, 1, 0, 0
115200, 252995, 1, 0, 0
115300, 251800, 1, 0, 0
115400, 252213, 1, 0, 0
115500, 254629, 1, 0, 0
115600, 258539, 1, 0, 0
115700, 252850, 1, 0, 0
115800, 257631, 1, 0, 0
115912, 253448, 1, 0, 0
116000, 249366, 1, 0, 0
116100, 249427, 1, 0, 0
116203, 249736, 1, 0, 0
116300, 249374, 1, 0, 0
116400, 250061, 1, 0, 0
116500, 250498, 1, 0, 0
116600, 249948, 1, 0, 0
116700, 250671, 1, 0, 0
116800, 249554, 1, 0, 0
116900, 250008, 1, 0, 0
117000, 249959, 1, 0, 0
117106, 249243, 1, 0, 0
117200, 250065, 1, 0, 0
117300, 250390, 1, 0, 0
117400, 251637, 1, 0, 0
117500, 251242, 1, 0, 0
117600, 248681, 1, 0, 0
117700, 247687, 1, 0, 0
117800, 248283, 1, 0, 0
117900, 248536, 1, 0, 0
118000, 246825, 1, 0, 0
118100, 248176, 1, 0, 0
118200, 248245, 1, 0, 0
118300, 248229, 1, 0, 0
118400, 252773, 1, 0, 0
118500, 252848, 1, 0, 0
118600, 250537, 1, 0, 0
118700, 253224, 1, 0, 0
118800, 252345, 1, 0, 0
118900, 253623, 1, 0, 0
119000, 252316, 1, 0, 0
119100, 252611, 1, 0, 0
119200, 251626, 1, 0, 0
119300, 252466, 1, 0, 0
119400, 253328, 1, 0, 0
119500, 250951, 1, 0, 0
119600, 252856, 1, 0, 0
119700, 252234, 1, 0, 0
119800, 252435, 1, 0, 0
119900, 252245, 1, 0, 0
120000, 252776, 1, 0, 0
120100, 252553, 1, 0, 0
120200, 253376, 1, 0, 0
120300, 253939, 1, 0, 0
120400, 254451, 1, 0, 0
120500, 254141, 1, 0, 0
120600, 251924, 1, 0, 0
120700, 250159, 1, 0, 0
120800, 252094, 1, 0, 0
120900, 252126, 1, 0, 0
121000, 251444, 1, 0, 0
121100, 252598, 1, 0, 0
121200, 252277, 1, 0, 0
121300, 249649, 1, 0, 0
121400, 249249, 1, 0, 0
121500, 248995, 1, 0, 0
121600, 250322, 1, 0, 0
121700, 250881, 1, 0, 0
121800, 249671, 1, 0, 0
121900, 250353, 1, 0, 0
122000, 249881, 1, 0, 0
122100, 249700, 1, 0, 0
122200, 249810, 1, 0, 0
122300, 250351, 1, 0, 0
122400, 250626, 1, 0, 0
122500, 248551, 1, 0, 0
122600, 249685, 1, 0, 0
122700, 250180, 1, 0, 0
122800, 250234, 1, 0, 0
122900, 249556, 1, 0, 0
123015, 249205, 1, 0, 0
123100, 247502, 1, 0, 0
123200, 249685, 1, 0, 0
123306, 249238, 1, 0, 0
123400, 250498, 1, 0, 0
123500, 252158, 1, 0, 0
123624, 251805, 1, 0, 0
123700, 250668, 1, 0, 0
123800, 250205, 1, 0, 0
123918, 250046, 1, 0, 0
124000, 249660, 1, 0, 0
124100, 250796, 1, 0, 0
124211, 250402, 1, 0, 0
124300, 250136, 1, 0, 0
124400, 249174, 1, 0, 0
124502, 249559, 1, 0, 0
124600, 248051, 1, 0, 0
124700, 249390, 1, 0, 0
124800, 248773, 1, 0, 0
124900, 249653, 1, 0, 0
125000, 249373, 1, 0, 0
125100, 249746, 1, 0, 0
125200, 249110, 1, 0, 0
125300, 249623, 1, 0, 0
125400, 248649, 1, 0, 0
125500, 249039, 1, 0, 0
125600, 248197, 1, 0, 0
125700, 250056, 1, 0, 0
125800, 249285, 1, 0, 0
125900, 249707, 1, 0, 0
126000, 247884, 1, 0, 0
126100, 249715, 1, 0, 0
126200, 249035, 1, 0, 0
126300, 250712, 1, 0, 0
126400, 251676, 1, 0, 0
126500, 251916, 1, 0, 0
126600, 252939, 1, 0, 0
126700, 255024, 1, 0, 0
126800, 253143, 1, 0, 0
126900, 251578, 1, 0, 0
127000, 253350, 1, 0, 0
127100, 252814, 1, 0, 0
127200, 261538, 1, 0, 0
127300, 259269, 1, 0, 0
127400, 254178, 1, 0, 0
127500, 253055, 1, 0, 0
127600, 255251, 1, 0, 0
127700, 252095, 1, 0, 0
127800, 250932, 1, 0, 0
127900, 250771, 1, 0, 0
128000, 253241, 1, 0, 0
128100, 254938, 1, 0, 0
128200, 253308, 1, 0, 0
128300, 254489, 1, 0, 0
128400, 254965, 1, 0, 0
128500, 255648, 1, 0, 0
128600, 252925, 1, 0, 0
128700, 251767, 1, 0, 0
128800, 250073, 1, 0, 0
128900, 250555, 1, 0, 0
129000, 250005, 1, 0, 0
129100, 249345, 1, 0, 0
129200, 250355, 1, 0, 0
129300, 249899, 1, 0, 0
129400, 249705, 1, 0, 0
129500, 251001, 1, 0, 0
129600, 249420, 1, 0, 0
129700, 248806, 1, 0, 0
129819, 250416, 1, 0, 0
129900, 249208, 1, 0, 0
130000, 248961, 1, 0, 0
130110, 250829, 1, 0, 0
130200, 249264, 1, 0, 0
130300, 249976, 1, 0, 0
130402, 249651, 1, 0, 0
130500, 249386, 1, 0, 0
130600, 249473, 1, 0, 0
130703, 249682, 1, 0, 0
130800, 248390, 1, 0, 0
130900, 248995, 1, 0, 0
131000, 249977, 1, 0, 0
131100, 249184, 1, 0, 0
131200, 249483, 1, 0, 0
131300, 248890, 1, 0, 0
131400, 251262, 1, 0, 0
131500, 251297, 1, 0, 0
131600, 249825, 1, 0, 0
131700, 251670, 1, 0, 0
131800, 251187, 1, 0, 0
131900, 250067, 1, 0, 0
132000, 250497, 1, 0, 0
132100, 250824, 1, 0, 0
132200, 249540, 1, 0, 0
132300, 251227, 1, 0, 0
132400, 251087, 1, 0, 0
132500, 250496, 1, 0, 0
132600, 252425, 1, 0, 0
132700, 253215, 1, 0, 0
132800, 253346, 1, 0, 0
132900, 253487, 1, 0, 0
133000, 255027, 1, 0, 0
133100, 252030, 1, 0, 0
133200, 253062, 1, 0, 0
133300, 254275, 1, 0, 0
133400, 253478, 1, 0, 0
133500, 252786, 1, 0, 0
133600, 253269, 1, 0, 0
133700, 250868, 1, 0, 0
133800, 251034, 1, 0, 0
133900, 251279, 1, 0, 0
134000, 250913, 1, 0, 0
134100, 251464, 1, 0, 0
134200, 251421, 1, 0, 0
134300, 251592, 1, 0, 0
134400, 253719, 1, 0, 0
134500, 252300, 1, 0, 0
134600, 252841, 1, 0, 0
134700, 254049, 1, 0, 0
134800, 254842, 1, 0, 0
134900, 253056, 1, 0, 0
135000, 253000, 1, 0, 0
135100, 254222, 1, 0, 0
135200, 252165, 1, 0, 0
135300, 253339, 1, 0, 0
135400, 253225, 1, 0, 0
135500, 253982, 1, 0, 0
135600, 255349, 1, 0, 0
135700, 253967, 1, 0, 0
135800, 255382, 1, 0, 0
135900, 253371, 1, 0, 0
136000, 254424, 1, 0, 0
136100, 253256, 1, 0, 0
136200, 253879, 1, 0, 0
136300, 254641, 1, 0, 0
136400, 252152, 1, 0, 0
136500, 252665, 1, 0, 0
136600, 252602, 1, 0, 0
136700, 253048, 1, 0, 0
136800, 254970, 1, 0, 0
136900, 256375, 1, 0, 0
137000, 255232, 1, 0, 0
137100, 254152, 1, 0, 0
137200, 253951, 1, 0, 0
137300, 256825, 1, 0, 0
137400, 254197, 1, 0, 0
137500, 256433, 1, 0, 0
137600, 252320, 1, 0, 0
137700, 255149, 1, 0, 0
137800, 253026, 1, 0, 0
137900, 252920, 1, 0, 0
138000, 254844, 1, 0, 0
138100, 253774, 1, 0, 0
138200, 253005, 1, 0, 0
138300, 253346, 1, 0, 0
138400, 254822, 1, 0, 0
138500, 252536, 1, 0, 0
138600, 255743, 1, 0, 0
138700, 256620, 1, 0, 0
138800, 255770, 1, 0, 0
138900, 254289, 1, 0, 0
139000, 254603, 1, 0, 0
139100, 252691, 1, 0, 0
139200, 256547, 1, 0, 0
139300, 254525, 1, 0, 0
139400, 257256, 1, 0, 0
139500, 255046, 1, 0, 0
139600, 254791, 1, 0, 0
139700, 255056, 1, 0, 0
139800, 256276, 1, 0, 0
139900, 255971, 1, 0, 0
140000, 252784, 1, 0, 0
140100, 257707, 1, 0, 0
140200, 254471, 1, 0, 0
140300, 251619, 1, 0, 0
140400, 254146, 1, 0, 0
140500, 253154, 1, 0, 0
140600, 251635, 1, 0, 0
140700, 253082, 1, 0, 0
140800, 252057, 1, 0, 0
140900, 250543, 1, 0, 0
141000, 251295, 1, 0, 0
141100, 251694, 1, 0, 0
141200, 249958, 1, 0, 0
141300, 249250, 1, 0, 0
141400, 248854, 1, 0, 0
141500, 249052, 1, 0, 0
141600, 250336, 1, 0, 0
141700, 250367, 1, 0, 0
141800, 249455, 1, 0, 0
141900, 249862, 1, 0, 0
142000, 248741, 1, 0, 0
142100, 249983, 1, 0, 0
142200, 249237, 1, 0, 0
142300, 249348, 1, 0, 0
142400, 250106, 1, 0, 0
142500, 249388, 1, 0, 0
142600, 251996, 1, 0, 0
142700, 248360, 1, 0, 0
142800, 248550, 1, 0, 0
142900, 248865, 1, 0, 0
143000, 246821, 1, 0, 0
143100, 248221, 1, 0, 0
143220, 247888, 1, 0, 0
143300, 247500, 1, 0, 0
143400, 249118, 1, 0, 0
143511, 248097, 1, 0, 0
143600, 249336, 1, 0, 0
143700, 249913, 1, 0, 0
143802, 251207, 1, 0, 0
143900, 249831, 1, 0, 0
144000, 249309, 1, 0, 0
144100, 249416, 1, 0, 0
144200, 249570, 1, 0, 0
144300, 249611, 1, 0, 0
144400, 250060, 1, 0, 0
144500, 249136, 1, 0, 0
144600, 250497, 1, 0, 0
144700, 249991, 1, 0, 0
144800, 249245, 1, 0, 0
144900, 250250, 1, 0, 0
145000, 250430, 1, 0, 0
145100, 249748, 1, 0, 0
145200, 251590, 1, 0, 0
145300, 250858, 1, 0, 0
145400, 249939, 1, 0, 0
145500, 251755, 1, 0, 0
145600, 251328, 1, 0, 0
145700, 250416, 1, 0, 0
145800, 249746, 1, 0, 0
145900, 250340, 1, 0, 0
146000, 249480, 1, 0, 0
146100, 250485, 1, 0, 0
146200, 249310, 1, 0, 0
146300, 249443, 1, 0, 0
146400, 250783, 1, 0, 0
146500, 249274, 1, 0, 0
146600, 250845, 1, 0, 0
146700, 249912, 1, 0, 0
146800, 249360, 1, 0, 0
146900, 251337, 1, 0, 0
147021, 250989, 1, 0, 0
147100, 250276, 1, 0, 0
147200, 251064, 1, 0, 0
147313, 250713, 1, 0, 0
147400, 248380, 1, 0, 0
147500, 250195, 1, 0, 0
147605, 250373, 1, 0, 0
147700, 250234, 1, 0, 0
147800, 250524, 1, 0, 0
147900, 250484, 1, 0, 0
148000, 248655, 1, 0, 0
148100, 248427, 1, 0, 0
148200, 249366, 1, 0, 0
148300, 247368, 1, 0, 0
148400, 247676, 1, 0, 0
148500, 247935, 1, 0, 0
148600, 248661, 1, 0, 0
148700, 251051, 1, 0, 0
148800, 248621, 1, 0, 0
148900, 250422, 1, 0, 0
149000, 251023, 1, 0, 0
149100, 250340, 1, 0, 0
149200, 249161, 1, 0, 0
149300, 248938, 1, 0, 0
149400, 249786, 1, 0, 0
149500, 250181, 1, 0, 0
149600, 250302, 1, 0, 0
149700, 248348, 1, 0, 0
149800, 249752, 1, 0, 0
149900, 248820, 1, 0, 0
150000, 249917, 1, 0, 0
150100, 251230, 1, 0, 0
150200, 252008, 1, 0, 0
150300, 250637, 1, 0, 0
150400, 251168, 1, 0, 0
150500, 251649, 1, 0, 0
150600, 251656, 1, 0, 0
150700, 251926, 1, 0, 0
150800, 252109, 1, 0, 0
150900, 251746, 1, 0, 0
151000, 253646, 1, 0, 0
151100, 250550, 1, 0, 0
151200, 252725, 1, 0, 0
151300, 249826, 1, 0, 0
151400, 251938, 1, 0, 0
151500, 252531, 1, 0, 0
151600, 248611, 1, 0, 0
151700, 252953, 1, 0, 0
151800, 250069, 1, 0, 0
151900, 252073, 1, 0, 0
152000, 250313, 1, 0, 0
152100, 248717, 1, 0, 0
152200, 249612, 1, 0, 0
152300, 250350, 1, 0, 0
152400, 249140, 1, 0, 0
152500, 249141, 1, 0, 0
152638, 248867, 1, 0, 0
152700, 252141, 1, 0, 0
152800, 252434, 1, 0, 0
152900, 252097, 1, 0, 0
153000, 251998, 1, 0, 0
153100, 253215, 1, 0, 0
153200, 253144, 1, 0, 0
153300, 252552, 1, 0, 0
153400, 255538, 1, 0, 0
153521, 253347, 1, 0, 0
153600, 252741, 1, 0, 0
153700, 253113, 1, 0, 0
153815, 253106, 1, 0, 0
153900, 250974, 1, 0, 0
154000, 251778, 1, 0, 0
154109, 251656, 1, 0, 0
154200, 251785, 1, 0, 0
154300, 252226, 1, 0, 0
154403, 251223, 1, 0, 0
154500, 251895, 1, 0, 0
154600, 252345, 1, 0, 0
154700, 251706, 1, 0, 0
154800, 253452, 1, 0, 0
154900, 252754, 1, 0, 0
155000, 253492, 1, 0, 0
155100, 252042, 1, 0, 0
155200, 252862, 1, 0, 0
155300, 252217, 1, 0, 0
155400, 251874, 1, 0, 0
155500, 252765, 1, 0, 0
155600, 252378, 1, 0, 0
155700, 251488, 1, 0, 0
155800, 252008, 1, 0, 0
155900, 252425, 1, 0, 0
156000, 252356, 1, 0, 0
156100, 252284, 1, 0, 0
156200, 253101, 1, 0, 0
156300, 251703, 1, 0, 0
156400, 253144, 1, 0, 0
156500, 252322, 1, 0, 0
156600, 252484, 1, 0, 0
156700, 252911, 1, 0, 0
156800, 251631, 1, 0, 0
156900, 250036, 1, 0, 0
157000, 249909, 1, 0, 0
157100, 248763, 1, 0, 0
157200, 250311, 1, 0, 0
157300, 250000, 1, 0, 0
157400, 251138, 1, 0, 0
157500, 250187, 1, 0, 0
157600, 250928, 1, 0, 0
157700, 249638, 1, 0, 0
157800, 249301, 1, 0, 0
157900, 249937, 1, 0, 0
158000, 249573, 1, 0, 0
158100, 248470, 1, 0, 0
158200, 249148, 1, 0, 0
158300, 249444, 1, 0, 0
158400, 249036, 1, 0, 0
158500, 249564, 1, 0, 0
158600, 249256, 1, 0, 0
158700, 248597, 1, 0, 0
158800, 248771, 1, 0, 0
158900, 247567, 1, 0, 0
159000, 251872, 1, 0, 0
159100, 251922, 1, 0, 0
159200, 250185, 1, 0, 0
159300, 251333, 1, 0, 0
159400, 251139, 1, 0, 0
159500, 248828, 1, 0, 0
159600, 251700, 1, 0, 0
159700, 253414, 1, 0, 0
159800, 251905, 1, 0, 0
159900, 251879, 1, 0, 0
160000, 252542, 1, 0, 0
160100, 253154, 1, 0, 0
160200, 248901, 1, 0, 0
160300, 252609, 1, 0, 0
160400, 252320, 1, 0, 0
160500, 251181, 1, 0, 0
160619, 250867, 1, 0, 0
160700, 250126, 1, 0, 0
160800, 251411, 1, 0, 0
160937, 248537, 1, 0, 0
161000, 249065, 1, 0, 0
161100, 249702, 1, 0, 0
161200, 249153, 1, 0, 0
161300, 252485, 1, 0, 0
161400, 252321, 1, 0, 0
161500, 254163, 1, 0, 0
161600, 252715, 1, 0, 0
161700, 253144, 1, 0, 0
161800, 253005, 1, 0, 0
161900, 252003, 1, 0, 0
162000, 252335, 1, 0, 0
162100, 250763, 1, 0, 0
162200, 250474, 1, 0, 0
162300, 251324, 1, 0, 0
162400, 251583, 1, 0, 0
162500, 251780, 1, 0, 0
162600, 254659, 1, 0, 0
162720, 252906, 1, 0, 0
162800, 255423, 1, 0, 0
162900, 252571, 1, 0, 0
163017, 256525, 1, 0, 0
163100, 256450, 1, 0, 0
163200, 252174, 1, 0, 0
163314, 254298, 1, 0, 0
163400, 254288, 1, 0, 0
163500, 255248, 1, 0, 0
163631, 254294, 1, 0, 0
163700, 252703, 1, 0, 0
163800, 252752, 1, 0, 0
163900, 252754, 1, 0, 0
164000, 253185, 1, 0, 0
164100, 254214, 1, 0, 0
164237, 254270, 1, 0, 0
164300, 252571, 1, 0, 0
164400, 251614, 1, 0, 0
164500, 255554, 1, 0, 0
164600, 254735, 1, 0, 0
164700, 254743, 1, 0, 0
164800, 255249, 1, 0, 0
164900, 254471, 1, 0, 0
165000, 256361, 1, 0, 0
165100, 255384, 1, 0, 0
165200, 252879, 1, 0, 0
165300, 253975, 1, 0, 0
165400, 253942, 1, 0, 0
165500, 256035, 1, 0, 0
165600, 254036, 1, 0, 0
165700, 257160, 1, 0, 0
165800, 254596, 1, 0, 0
165900, 256052, 1, 0, 0
166000, 253982, 1, 0, 0
166100, 257125, 1, 0, 0
166200, 255743, 1, 0, 0
166300, 255183, 1, 0, 0
166400, 254976, 1, 0, 0
166500, 252337, 1, 0, 0
166600, 252263, 1, 0, 0
166700, 252016, 1, 0, 0
166800, 255082, 1, 0, 0
166900, 252697, 1, 0, 0
167000, 251647, 1, 0, 0
167100, 252895, 1, 0, 0
167200, 252507, 1, 0, 0
167300, 250734, 1, 0, 0
167400, 250331, 1, 0, 0
167500, 249696, 1, 0, 0
167600, 249254, 1, 0, 0
167700, 249650, 1, 0, 0
167800, 249637, 1, 0, 0
167900, 249653, 1, 0, 0
168000, 249888, 1, 0, 0
168100, 250020, 1, 0, 0
168200, 248365, 1, 0, 0
168300, 250225, 1, 0, 0
168400, 250293, 1, 0, 0
168500, 256542, 1, 0, 0
168600, 250608, 1, 0, 0
168700, 249355, 1, 0, 0
168800, 248631, 1, 0, 0
168900, 249429, 1, 0, 0
169017, 248740, 1, 0, 0
169100, 248473, 1, 0, 0
169200, 249887, 1, 0, 0
169306, 248966, 1, 0, 0
169400, 248286, 1, 0, 0
169500, 248968, 1, 0, 0
169600, 249398, 1, 0, 0
169700, 250431, 1, 0, 0
169800, 250087, 1, 0, 0
169915, 249600, 1, 0, 0
170000, 248372, 1, 0, 0
170100, 249524, 1, 0, 0
170210, 250100, 1, 0, 0
170300, 250878, 1, 0, 0
170400, 251049, 1, 0, 0
170504, 250848, 1, 0, 0
170600, 249776, 1, 0, 0
170700, 249832, 1, 0, 0
170800, 247938, 1, 0, 0
170900, 247642, 1, 0, 0
171000, 247822, 1, 0, 0
171100, 248317, 1, 0, 0
171200, 249853, 1, 0, 0
171300, 251057, 1, 0, 0
171400, 248641, 1, 0, 0
171500, 250158, 1, 0, 0
171600, 249697, 1, 0, 0
171700, 247970, 1, 0, 0
171800, 249627, 1, 0, 0
171900, 252791, 1, 0, 0
172000, 248629, 1, 0, 0
172100, 253264, 1, 0, 0
172200, 251825, 1, 0, 0
172300, 250808, 1, 0, 0
172400, 250670, 1, 0, 0
172500, 250064, 1, 0, 0
172600, 249044, 1, 0, 0
172700, 252605, 1, 0, 0
172800, 250842, 1, 0, 0
172900, 248267, 1, 0, 0
173000, 249896, 1, 0, 0
173100, 249323, 1, 0, 0
173200, 247476, 1, 0, 0
173300, 248302, 1, 0, 0
173400, 248553, 1, 0, 0
173500, 252185, 1, 0, 0
173600, 251579, 1, 0, 0
173700, 250717, 1, 0, 0
173800, 251789, 1, 0, 0
173900, 249420, 1, 0, 0
174000, 250186, 1, 0, 0
174100, 249350, 1, 0, 0
174200, 250961, 1, 0, 0
174321, 250232, 1, 0, 0
174400, 248342, 1, 0, 0
174500, 249051, 1, 0, 0
174611, 249324, 1, 0, 0
174700, 248946, 1, 0, 0
174800, 249567, 1, 0, 0
174902, 248658, 1, 0, 0
175000, 249042, 1, 0, 0
175100, 248686, 1, 0, 0
175200, 250947, 1, 0, 0
175300, 248955, 1, 0, 0
175400, 251211, 1, 0, 0
175500, 251939, 1, 0, 0
175600, 250236, 1, 0, 0
175700, 249664, 1, 0, 0
175800, 249413, 1, 0, 0
175900, 250596, 1, 0, 0
176000, 250099, 1, 0, 0
176100, 249393, 1, 0, 0
176200, 249828, 1, 0, 0
176300, 250365, 1, 0, 0
176400, 249574, 1, 0, 0
176500, 250275, 1, 0, 0
176600, 249497, 1, 0, 0
176700, 251012, 1, 0, 0
176800, 252113, 1, 0, 0
176900, 251244, 1, 0, 0
177000, 252496, 1, 0, 0
177100, 249143, 1, 0, 0
177200, 251789, 1, 0, 0
177300, 250847, 1, 0, 0
177400, 252024, 1, 0, 0
177500, 248244, 1, 0, 0
177600, 249738, 1, 0, 0
177700, 249430, 1, 0, 0
177800, 248719, 1, 0, 0
177900, 251451, 1, 0, 0
178000, 251224, 1, 0, 0
178116, 249998, 1, 0, 0
178200, 249086, 1, 0, 0
178300, 250114, 1, 0, 0
178422, 251214, 1, 0, 0
178500, 251614, 1, 0, 0
178600, 253397, 1, 0, 0
178713, 251526, 1, 0, 0
178800, 250921, 1, 0, 0
178900, 249324, 1, 0, 0
179005, 251001, 1, 0, 0
179100, 248493, 1, 0, 0
179200, 252580, 1, 0, 0
179300, 249460, 1, 0, 0
179400, 248229, 1, 0, 0
179500, 251125, 1, 0, 0
179608, 250294, 1, 0, 0
179700, 250001, 1, 0, 0
179800, 250295, 1, 0, 0
179902, 250518, 1, 0, 0
180000, 249618, 1, 0, 0
