100, 392656, 1, 0, 0
200, 393126, 1, 0, 0
300, 397346, 1, 0, 0
400, 400848, 1, 0, 0
713, 405041, 1, 0, 0
800, 291959, 1, 0, 0
900, 290463, 1, 0, 0
1000, 289250, 1, 0, 0
1100, 267991, 1, 0, 0
1200, 275827, 1, 0, 0
1300, 260405, 1, 0, 0
1400, 261384, 1, 0, 0
1500, 260866, 1, 0, 0
1600, 261267, 1, 0, 0
1700, 259128, 1, 0, 0
1800, 259455, 1, 0, 0
1922, 261187, 1, 0, 0
2000, 262607, 1, 0, 0
2100, 260593, 1, 0, 0
2215, 260622, 1, 0, 0
2300, 260270, 1, 0, 0
2400, 260541, 1, 0, 0
2507, 259769, 1, 0, 0
2600, 260462, 1, 0, 0
2700, 259641, 1, 0, 0
2800, 260553, 1, 0, 0
2900, 259752, 1, 0, 0
3000, 261354, 1, 0, 0
3100, 260768, 1, 0, 0
3200, 259505, 1, 0, 0
3300, 260331, 1, 0, 0
3400, 259963, 1, 0, 0
3500, 260381, 1, 0, 0
3600, 260023, 1, 0, 0
3700, 260888, 1, 0, 0
3800, 259583, 1, 0, 0
3900, 260412, 1, 0, 0
4000, 261182, 1, 0, 0
4100, 260414, 1, 0, 0
4200, 260638, 1, 0, 0
4300, 259392, 1, 0, 0
4400, 260906, 1, 0, 0
4500, 260259, 1, 0, 0
4600, 259836, 1, 0, 0
4700, 259751, 1, 0, 0
4800, 260537, 1, 0, 0
4900, 262003, 1, 0, 0
5000, 264628, 1, 0, 0
5100, 265115, 1, 0, 0
5200, 266683, 1, 0, 0
5300, 265445, 1, 0, 0
5400, 264641, 1, 0, 0
5500, 262193, 1, 0, 0
5600, 263196, 1, 0, 0
5700, 263394, 1, 0, 0
5800, 263492, 1, 0, 0
5900, 263205, 1, 0, 0
6000, 262992, 1, 0, 0
6100, 263152, 1, 0, 0
6200, 259883, 1, 0, 0
6300, 259451, 1, 0, 0
6400, 260913, 1, 0, 0
6500, 260013, 1, 0, 0
6600, 260724, 1, 0, 0
6700, 258971, 1, 0, 0
6800, 262297, 1, 0, 0
6900, 263653, 1, 0, 0
7000, 261095, 1, 0, 0
7100, 263321, 1, 0, 0
7200, 262477, 1, 0, 0
7300, 261600, 1, 0, 0
7400, 263207, 1, 0, 0
7500, 262200, 1, 0, 0
7600, 261823, 1, 0, 0
7700, 260328, 1, 0, 0
7800, 260038, 1, 0, 0
7900, 260150, 1, 0, 0
8000, 259792, 1, 0, 0
8100, 261996, 1, 0, 0
8200, 264186, 1, 0, 0
8300, 261683, 1, 0, 0
8400, 263011, 1, 0, 0
8500, 262848, 1, 0, 0
8600, 262273, 1, 0, 0
8700, 263748, 1, 0, 0
8800, 261472, 1, 0, 0
8900, 261725, 1, 0, 0
9000, 261237, 1, 0, 0
9100, 259376, 1, 0, 0
9200, 260240, 1, 0, 0
9300, 260643, 1, 0, 0
9400, 260218, 1, 0, 0
9500, 260945, 1, 0, 0
9619, 260284, 1, 0, 0
9700, 260376, 1, 0, 0
9800, 261021, 1, 0, 0
9912, 260296, 1, 0, 0
10000, 260743, 1, 0, 0
10100, 259764, 1, 0, 0
10205, 261138, 1, 0, 0
10300, 260014, 1, 0, 0
10400, 260275, 1, 0, 0
10500, 260448, 1, 0, 0
10600, 259614, 1, 0, 0
10700, 260253, 1, 0, 0
10800, 260169, 1, 0, 0
10900, 260155, 1, 0, 0
11000, 260614, 1, 0, 0
11100, 259884, 1, 0, 0
11200, 260056, 1, 0, 0
11300, 260125, 1, 0, 0
11400, 259809, 1, 0, 0
11500, 260057, 1, 0, 0
11600, 259773, 1, 0, 0
11700, 259691, 1, 0, 0
11800, 259868, 1, 0, 0
11900, 261805, 1, 0, 0
12000, 261251, 1, 0, 0
12100, 259896, 1, 0, 0
12200, 259667, 1, 0, 0
12300, 261431, 1, 0, 0
12400, 263385, 1, 0, 0
12500, 263126, 1, 0, 0
12600, 264046, 1, 0, 0
12700, 264038, 1, 0, 0
12800, 263667, 1, 0, 0
12900, 262805, 1, 0, 0
13000, 263508, 1, 0, 0
13100, 263608, 1, 0, 0
13200, 264006, 1, 0, 0
13300, 264775, 1, 0, 0
13400, 264539, 1, 0, 0
13500, 263150, 1, 0, 0
13600, 264484, 1, 0, 0
13700, 264308, 1, 0, 0
13800, 262643, 1, 0, 0
13900, 263710, 1, 0, 0
14000, 263049, 1, 0, 0
14100, 262631, 1, 0, 0
14200, 263460, 1, 0, 0
14300, 264592, 1, 0, 0
14400, 262579, 1, 0, 0
14500, 262813, 1, 0, 0
14600, 265097, 1, 0, 0
14700, 261156, 1, 0, 0
14800, 263744, 1, 0, 0
14923, 264579, 1, 0, 0
15000, 263569, 1, 0, 0
15100, 263276, 1, 0, 0
15219, 264262, 1, 0, 0
15300, 263391, 1, 0, 0
15400, 264513, 1, 0, 0
15515, 263586, 1, 0, 0
15600, 262045, 1, 0, 0
15700, 262608, 1, 0, 0
15810, 264114, 1, 0, 0
15900, 263077, 1, 0, 0
16000, 263191, 1, 0, 0
16120, 263821, 1, 0, 0
16200, 262389, 1, 0, 0
16300, 262587, 1, 0, 0
16415, 265059, 1, 0, 0
16500, 262670, 1, 0, 0
16600, 264076, 1, 0, 0
16710, 263354, 1, 0, 0
16800, 263245, 1, 0, 0
16900, 262760, 1, 0, 0
17005, 263374, 1, 0, 0
17100, 262846, 1, 0, 0
17200, 265325, 1, 0, 0
17302, 266081, 1, 0, 0
17400, 266464, 1, 0, 0
17500, 265509, 1, 0, 0
17602, 268099, 1, 0, 0
17700, 266210, 1, 0, 0
17800, 267305, 1, 0, 0
17901, 266083, 1, 0, 0
18000, 266116, 1, 0, 0
18100, 264709, 1, 0, 0
18200, 266115, 1, 0, 0
18300, 265077, 1, 0, 0
18400, 264509, 1, 0, 0
18500, 264149, 1, 0, 0
18600, 262792, 1, 0, 0
18700, 263349, 1, 0, 0
18800, 265198, 1, 0, 0
18900, 262824, 1, 0, 0
19000, 263185, 1, 0, 0
19100, 263771, 1, 0, 0
19200, 263594, 1, 0, 0
19300, 263314, 1, 0, 0
19400, 263615, 1, 0, 0
19500, 263018, 1, 0, 0
19600, 263297, 1, 0, 0
19700, 262203, 1, 0, 0
19800, 263576, 1, 0, 0
19900, 264439, 1, 0, 0
20000, 263549, 1, 0, 0
20100, 263717, 1, 0, 0
20200, 262786, 1, 0, 0
20300, 262494, 1, 0, 0
20400, 263395, 1, 0, 0
20500, 264222, 1, 0, 0
20600, 262805, 1, 0, 0
20700, 263555, 1, 0, 0
20800, 262844, 1, 0, 0
20900, 263878, 1, 0, 0
21000, 262722, 1, 0, 0
21100, 263471, 1, 0, 0
21200, 262346, 1, 0, 0
21300, 264031, 1, 0, 0
21400, 262942, 1, 0, 0
21500, 262101, 1, 0, 0
21600, 262785, 1, 0, 0
21700, 262877, 1, 0, 0
21800, 263320, 1, 0, 0
21900, 264465, 1, 0, 0
22000, 263651, 1, 0, 0
22100, 262602, 1, 0, 0
22200, 262710, 1, 0, 0
22300, 263914, 1, 0, 0
22400, 263617, 1, 0, 0
22500, 262090, 1, 0, 0
22600, 263081, 1, 0, 0
22700, 261920, 1, 0, 0
22800, 261257, 1, 0, 0
22900, 261973, 1, 0, 0
23000, 263138, 1, 0, 0
23100, 262957, 1, 0, 0
23200, 263968, 1, 0, 0
23300, 263784, 1, 0, 0
23400, 262861, 1, 0, 0
23500, 264799, 1, 0, 0
23600, 262959, 1, 0, 0
23700, 262643, 1, 0, 0
23800, 263855, 1, 0, 0
23900, 263617, 1, 0, 0
24000, 262635, 1, 0, 0
24100, 263426, 1, 0, 0
24200, 262426, 1, 0, 0
24300, 263166, 1, 0, 0
24400, 263248, 1, 0, 0
24500, 262698, 1, 0, 0
24600, 263666, 1, 0, 0
24700, 263014, 1, 0, 0
24800, 263644, 1, 0, 0
24900, 262709, 1, 0, 0
25000, 262839, 1, 0, 0
25100, 263996, 1, 0, 0
25200, 262427, 1, 0, 0
25300, 264066, 1, 0, 0
25400, 264410, 1, 0, 0
25500, 264402, 1, 0, 0
25600, 265134, 1, 0, 0
25700, 264020, 1, 0, 0
25800, 263665, 1, 0, 0
25900, 264620, 1, 0, 0
26000, 263080, 1, 0, 0
26100, 265454, 1, 0, 0
26200, 264251, 1, 0, 0
26300, 264990, 1, 0, 0
26400, 264543, 1, 0, 0
26500, 264487, 1, 0, 0
26600, 264172, 1, 0, 0
26700, 264523, 1, 0, 0
26800, 264368, 1, 0, 0
26900, 262900, 1, 0, 0
27000, 263398, 1, 0, 0
27100, 264262, 1, 0, 0
27200, 263378, 1, 0, 0
27300, 263742, 1, 0, 0
27424, 264915, 1, 0, 0
27500, 263478, 1, 0, 0
27600, 263795, 1, 0, 0
27721, 263732, 1, 0, 0
27800, 263372, 1, 0, 0
27900, 263809, 1, 0, 0
28017, 264597, 1, 0, 0
28100, 266576, 1, 0, 0
28200, 263695, 1, 0, 0
28314, 265097, 1, 0, 0
28400, 265284, 1, 0, 0
28500, 267018, 1, 0, 0
28611, 263160, 1, 0, 0
28700, 263046, 1, 0, 0
28800, 263170, 1, 0, 0
28921, 264390, 1, 0, 0
29000, 262521, 1, 0, 0
29100, 263017, 1, 0, 0
29217, 263320, 1, 0, 0
29300, 263414, 1, 0, 0
29400, 263446, 1, 0, 0
29511, 264258, 1, 0, 0
29600, 262049, 1, 0, 0
29700, 262355, 1, 0, 0
29807, 263792, 1, 0, 0
29900, 262922, 1, 0, 0
30000, 263124, 1, 0, 0
30103, 265676, 1, 0, 0
30200, 263530, 1, 0, 0
30300, 262824, 1, 0, 0
30400, 263513, 1, 0, 0
30500, 263122, 1, 0, 0
30600, 263015, 1, 0, 0
30700, 263016, 1, 0, 0
30800, 263392, 1, 0, 0
30900, 264511, 1, 0, 0
31000, 262642, 1, 0, 0
31100, 263134, 1, 0, 0
31200, 262513, 1, 0, 0
31305, 264465, 1, 0, 0
31400, 263156, 1, 0, 0
31500, 280812, 1, 0, 0
31605, 262852, 1, 0, 0
31700, 264057, 1, 0, 0
31800, 264132, 1, 0, 0
31902, 263123, 1, 0, 0
32000, 264190, 1, 0, 0
32100, 264363, 1, 0, 0
32200, 263342, 1, 0, 0
32300, 263962, 1, 0, 0
32400, 263044, 1, 0, 0
32510, 263186, 1, 0, 0
32600, 262579, 1, 0, 0
32700, 264687, 1, 0, 0
32806, 264138, 1, 0, 0
32900, 263977, 1, 0, 0
33000, 264616, 1, 0, 0
33117, 262908, 1, 0, 0
33200, 263514, 1, 0, 0
33300, 263545, 1, 0, 0
33413, 263972, 1, 0, 0
33500, 264605, 1, 0, 0
33600, 264590, 1, 0, 0
33709, 262988, 1, 0, 0
33800, 261844, 1, 0, 0
33900, 262771, 1, 0, 0
34005, 264240, 1, 0, 0
34100, 263134, 1, 0, 0
34200, 263064, 1, 0, 0
34309, 264572, 1, 0, 0
34400, 259171, 1, 0, 0
34500, 259858, 1, 0, 0
34601, 260133, 1, 0, 0
34700, 259745, 1, 0, 0
34800, 260267, 1, 0, 0
34900, 261466, 1, 0, 0
35000, 260465, 1, 0, 0
35100, 261388, 1, 0, 0
35200, 264788, 1, 0, 0
35300, 262710, 1, 0, 0
35400, 260868, 1, 0, 0
35500, 263431, 1, 0, 0
35600, 260937, 1, 0, 0
35700, 259694, 1, 0, 0
35800, 263940, 1, 0, 0
35900, 261167, 1, 0, 0
36000, 258690, 1, 0, 0
36100, 260640, 1, 0, 0
36200, 258395, 1, 0, 0
36300, 260529, 1, 0, 0
36400, 259118, 1, 0, 0
36500, 260404, 1, 0, 0
36600, 259192, 1, 0, 0
36700, 261311, 1, 0, 0
36800, 262331, 1, 0, 0
36900, 260021, 1, 0, 0
37000, 261134, 1, 0, 0
37100, 260392, 1, 0, 0
37200, 260276, 1, 0, 0
37300, 260634, 1, 0, 0
37400, 259715, 1, 0, 0
37500, 259634, 1, 0, 0
37600, 259615, 1, 0, 0
37700, 260582, 1, 0, 0
37820, 260693, 1, 0, 0
37900, 260012, 1, 0, 0
38000, 259199, 1, 0, 0
38112, 260069, 1, 0, 0
38200, 259597, 1, 0, 0
38300, 260145, 1, 0, 0
38404, 260937, 1, 0, 0
38500, 259024, 1, 0, 0
38600, 260305, 1, 0, 0
38700, 260229, 1, 0, 0
38800, 259318, 1, 0, 0
38900, 260582, 1, 0, 0
39000, 259373, 1, 0, 0
39100, 259593, 1, 0, 0
39200, 260579, 1, 0, 0
39300, 260682, 1, 0, 0
39400, 260487, 1, 0, 0
39500, 262012, 1, 0, 0
39600, 260549, 1, 0, 0
39700, 262721, 1, 0, 0
39800, 263758, 1, 0, 0
39900, 260060, 1, 0, 0
40000, 262776, 1, 0, 0
40100, 259911, 1, 0, 0
40200, 260132, 1, 0, 0
40300, 260151, 1, 0, 0
40400, 259577, 1, 0, 0
40500, 258496, 1, 0, 0
40600, 264170, 1, 0, 0
40700, 264106, 1, 0, 0
40800, 262133, 1, 0, 0
40900, 261058, 1, 0, 0
41000, 261655, 1, 0, 0
41100, 263893, 1, 0, 0
41200, 262405, 1, 0, 0
41300, 261472, 1, 0, 0
41400, 263716, 1, 0, 0
41500, 260824, 1, 0, 0
41600, 262584, 1, 0, 0
41700, 262072, 1, 0, 0
41800, 262825, 1, 0, 0
41900, 264002, 1, 0, 0
42000, 263974, 1, 0, 0
42100, 261618, 1, 0, 0
42200, 261093, 1, 0, 0
42300, 259684, 1, 0, 0
42400, 262136, 1, 0, 0
42500, 262595, 1, 0, 0
42600, 261650, 1, 0, 0
42700, 262941, 1, 0, 0
42800, 261606, 1, 0, 0
42900, 264493, 1, 0, 0
43000, 263503, 1, 0, 0
43100, 261337, 1, 0, 0
43200, 259612, 1, 0, 0
43300, 262551, 1, 0, 0
43400, 264379, 1, 0, 0
43500, 260917, 1, 0, 0
43600, 261278, 1, 0, 0
43700, 260549, 1, 0, 0
43800, 259828, 1, 0, 0
43900, 260615, 1, 0, 0
44000, 258906, 1, 0, 0
44100, 261101, 1, 0, 0
44200, 262717, 1, 0, 0
44321, 262922, 1, 0, 0
44400, 261047, 1, 0, 0
44500, 260419, 1, 0, 0
44614, 261557, 1, 0, 0
44700, 260143, 1, 0, 0
44800, 262091, 1, 0, 0
44906, 259565, 1, 0, 0
45000, 261752, 1, 0, 0
45100, 259251, 1, 0, 0
45200, 258579, 1, 0, 0
45300, 258248, 1, 0, 0
45400, 259453, 1, 0, 0
45500, 260380, 1, 0, 0
45600, 259445, 1, 0, 0
45700, 260140, 1, 0, 0
45800, 261182, 1, 0, 0
45900, 260496, 1, 0, 0
46000, 259361, 1, 0, 0
46100, 259961, 1, 0, 0
46200, 259171, 1, 0, 0
46300, 259572, 1, 0, 0
46400, 259856, 1, 0, 0
46500, 260223, 1, 0, 0
46600, 260014, 1, 0, 0
46700, 261147, 1, 0, 0
46800, 262427, 1, 0, 0
46900, 263824, 1, 0, 0
47000, 263202, 1, 0, 0
47100, 263839, 1, 0, 0
47200, 265493, 1, 0, 0
47300, 265533, 1, 0, 0
47400, 264760, 1, 0, 0
47500, 266467, 1, 0, 0
47600, 265299, 1, 0, 0
47700, 265652, 1, 0, 0
47800, 268052, 1, 0, 0
47900, 265577, 1, 0, 0
48000, 265076, 1, 0, 0
48100, 263735, 1, 0, 0
48200, 263373, 1, 0, 0
48300, 266385, 1, 0, 0
48400, 264675, 1, 0, 0
48500, 262114, 1, 0, 0
48600, 265689, 1, 0, 0
48700, 264409, 1, 0, 0
48800, 264392, 1, 0, 0
48900, 264712, 1, 0, 0
49000, 264083, 1, 0, 0
49100, 263800, 1, 0, 0
49200, 263113, 1, 0, 0
49300, 263611, 1, 0, 0
49400, 261791, 1, 0, 0
49500, 263266, 1, 0, 0
49600, 262799, 1, 0, 0
49700, 263119, 1, 0, 0
49800, 263264, 1, 0, 0
49900, 263563, 1, 0, 0
50000, 262094, 1, 0, 0
50100, 261959, 1, 0, 0
50219, 262235, 1, 0, 0
50300, 263782, 1, 0, 0
50400, 264650, 1, 0, 0
50516, 264801, 1, 0, 0
50600, 263119, 1, 0, 0
50700, 263506, 1, 0, 0
50812, 263360, 1, 0, 0
50900, 262435, 1, 0, 0
51000, 263967, 1, 0, 0
51105, 263070, 1, 0, 0
51200, 262145, 1, 0, 0
51300, 262665, 1, 0, 0
51427, 262733, 1, 0, 0
51500, 259604, 1, 0, 0
51600, 259880, 1, 0, 0
51718, 259912, 1, 0, 0
51800, 259546, 1, 0, 0
51900, 259336, 1, 0, 0
52006, 259054, 1, 0, 0
52100, 258707, 1, 0, 0
52200, 259208, 1, 0, 0
52300, 260163, 1, 0, 0
52400, 259778, 1, 0, 0
52500, 261121, 1, 0, 0
52600, 259921, 1, 0, 0
52700, 258602, 1, 0, 0
52800, 260308, 1, 0, 0
52900, 258259, 1, 0, 0
53000, 259678, 1, 0, 0
53100, 259940, 1, 0, 0
53200, 259856, 1, 0, 0
53300, 258804, 1, 0, 0
53400, 260122, 1, 0, 0
53500, 257758, 1, 0, 0
53600, 260426, 1, 0, 0
53700, 257484, 1, 0, 0
53800, 261684, 1, 0, 0
53900, 262232, 1, 0, 0
54000, 260489, 1, 0, 0
54100, 261913, 1, 0, 0
54200, 263427, 1, 0, 0
54300, 263367, 1, 0, 0
54400, 260499, 1, 0, 0
54500, 260224, 1, 0, 0
54600, 259288, 1, 0, 0
54700, 259719, 1, 0, 0
54800, 260296, 1, 0, 0
54917, 260914, 1, 0, 0
55000, 262114, 1, 0, 0
55100, 260807, 1, 0, 0
55211, 261683, 1, 0, 0
55300, 260374, 1, 0, 0
55400, 262149, 1, 0, 0
55505, 264171, 1, 0, 0
55600, 261091, 1, 0, 0
55700, 263767, 1, 0, 0
55800, 262692, 1, 0, 0
55900, 262859, 1, 0, 0
56000, 261384, 1, 0, 0
56100, 261925, 1, 0, 0
56200, 261482, 1, 0, 0
56300, 261860, 1, 0, 0
56400, 264369, 1, 0, 0
56500, 261311, 1, 0, 0
56600, 261979, 1, 0, 0
56700, 264205, 1, 0, 0
56800, 261626, 1, 0, 0
56900, 263618, 1, 0, 0
57000, 261320, 1, 0, 0
57100, 261125, 1, 0, 0
57200, 260551, 1, 0, 0
57300, 259505, 1, 0, 0
57400, 258793, 1, 0, 0
57500, 259673, 1, 0, 0
57600, 259559, 1, 0, 0
57700, 258784, 1, 0, 0
57800, 258956, 1, 0, 0
57900, 259104, 1, 0, 0
58000, 259775, 1, 0, 0
58100, 258769, 1, 0, 0
58200, 258573, 1, 0, 0
58300, 259263, 1, 0, 0
58400, 259002, 1, 0, 0
58500, 258872, 1, 0, 0
58600, 258807, 1, 0, 0
58714, 259232, 1, 0, 0
58800, 261884, 1, 0, 0
58900, 258235, 1, 0, 0
59002, 263059, 1, 0, 0
59100, 260888, 1, 0, 0
59200, 263108, 1, 0, 0
59300, 261030, 1, 0, 0
59400, 259830, 1, 0, 0
59500, 262082, 1, 0, 0
59600, 259845, 1, 0, 0
59700, 260122, 1, 0, 0
59800, 261339, 1, 0, 0
59900, 261046, 1, 0, 0
60000, 260641, 1, 0, 0
60100, 262108, 1, 0, 0
60200, 262381, 1, 0, 0
60300, 262499, 1, 0, 0
60400, 260210, 1, 0, 0
60500, 259993, 1, 0, 0
60600, 260877, 1, 0, 0
60700, 259802, 1, 0, 0
60800, 259620, 1, 0, 0
60900, 260790, 1, 0, 0
61000, 260623, 1, 0, 0
61100, 258892, 1, 0, 0
61200, 259824, 1, 0, 0
61300, 259768, 1, 0, 0
61400, 259671, 1, 0, 0
61500, 258636, 1, 0, 0
61600, 259280, 1, 0, 0
61700, 261846, 1, 0, 0
61800, 260376, 1, 0, 0
61900, 261166, 1, 0, 0
62000, 260584, 1, 0, 0
62100, 258466, 1, 0, 0
62218, 261839, 1, 0, 0
62300, 259437, 1, 0, 0
62400, 259681, 1, 0, 0
62511, 260688, 1, 0, 0
62600, 259771, 1, 0, 0
62700, 260201, 1, 0, 0
62826, 260530, 1, 0, 0
62900, 262473, 1, 0, 0
63000, 262499, 1, 0, 0
63117, 262833, 1, 0, 0
63200, 261055, 1, 0, 0
63300, 261965, 1, 0, 0
63411, 262749, 1, 0, 0
63500, 262526, 1, 0, 0
63600, 263559, 1, 0, 0
63706, 263522, 1, 0, 0
63800, 261936, 1, 0, 0
63900, 263375, 1, 0, 0
64024, 262334, 1, 0, 0
64100, 261478, 1, 0, 0
64200, 261749, 1, 0, 0
64315, 263686, 1, 0, 0
64400, 263046, 1, 0, 0
64500, 263388, 1, 0, 0
64631, 263908, 1, 0, 0
64700, 259591, 1, 0, 0
64800, 261180, 1, 0, 0
64944, 261126, 1, 0, 0
65000, 260364, 1, 0, 0
65100, 262631, 1, 0, 0
65200, 263389, 1, 0, 0
65300, 259604, 1, 0, 0
65400, 262837, 1, 0, 0
65500, 263243, 1, 0, 0
65600, 262338, 1, 0, 0
65700, 262166, 1, 0, 0
65800, 262715, 1, 0, 0
65900, 262418, 1, 0, 0
66000, 262471, 1, 0, 0
66120, 260270, 1, 0, 0
66200, 261197, 1, 0, 0
66300, 261397, 1, 0, 0
66416, 260768, 1, 0, 0
66500, 260110, 1, 0, 0
66600, 262242, 1, 0, 0
66708, 261184, 1, 0, 0
66800, 260195, 1, 0, 0
66900, 261053, 1, 0, 0
67001, 260204, 1, 0, 0
67100, 260669, 1, 0, 0
67200, 262531, 1, 0, 0
67300, 262602, 1, 0, 0
67400, 259634, 1, 0, 0
67500, 259337, 1, 0, 0
67609, 260814, 1, 0, 0
67700, 259301, 1, 0, 0
67800, 262763, 1, 0, 0
67927, 262225, 1, 0, 0
68000, 262191, 1, 0, 0
68100, 263189, 1, 0, 0
68224, 262659, 1, 0, 0
68300, 262050, 1, 0, 0
68400, 263231, 1, 0, 0
68517, 260861, 1, 0, 0
68600, 258894, 1, 0, 0
68700, 260752, 1, 0, 0
68809, 263242, 1, 0, 0
68900, 259562, 1, 0, 0
69000, 259686, 1, 0, 0
69100, 259838, 1, 0, 0
69200, 259005, 1, 0, 0
69300, 260247, 1, 0, 0
69400, 258689, 1, 0, 0
69500, 260902, 1, 0, 0
69600, 262379, 1, 0, 0
69700, 260650, 1, 0, 0
69800, 259122, 1, 0, 0
69900, 260124, 1, 0, 0
70000, 259386, 1, 0, 0
70100, 259313, 1, 0, 0
70200, 260346, 1, 0, 0
70300, 259764, 1, 0, 0
70400, 263904, 1, 0, 0
70500, 263364, 1, 0, 0
70600, 264127, 1, 0, 0
70700, 264924, 1, 0, 0
70800, 263316, 1, 0, 0
70900, 262723, 1, 0, 0
71000, 263364, 1, 0, 0
71100, 263558, 1, 0, 0
71200, 264816, 1, 0, 0
71300, 263812, 1, 0, 0
71400, 263547, 1, 0, 0
71500, 263646, 1, 0, 0
71600, 263124, 1, 0, 0
71700, 263654, 1, 0, 0
71800, 263477, 1, 0, 0
71900, 263518, 1, 0, 0
72000, 262594, 1, 0, 0
72100, 263251, 1, 0, 0
72200, 265890, 1, 0, 0
72300, 264915, 1, 0, 0
72400, 262462, 1, 0, 0
72500, 264611, 1, 0, 0
72600, 265169, 1, 0, 0
72700, 264790, 1, 0, 0
72800, 265267, 1, 0, 0
72900, 263993, 1, 0, 0
73000, 263761, 1, 0, 0
73100, 263380, 1, 0, 0
73200, 265172, 1, 0, 0
73300, 265738, 1, 0, 0
73400, 264743, 1, 0, 0
73500, 266388, 1, 0, 0
73600, 263321, 1, 0, 0
73700, 263624, 1, 0, 0
73800, 265320, 1, 0, 0
73900, 263323, 1, 0, 0
74000, 263866, 1, 0, 0
74100, 265575, 1, 0, 0
74200, 263346, 1, 0, 0
74300, 264835, 1, 0, 0
74400, 265345, 1, 0, 0
74500, 265135, 1, 0, 0
74600, 265445, 1, 0, 0
74700, 267748, 1, 0, 0
74800, 264201, 1, 0, 0
74900, 264408, 1, 0, 0
75000, 264968, 1, 0, 0
75100, 263426, 1, 0, 0
75200, 263497, 1, 0, 0
75300, 265768, 1, 0, 0
75400, 265184, 1, 0, 0
75500, 265435, 1, 0, 0
75600, 265200, 1, 0, 0
75700, 263030, 1, 0, 0
75800, 263623, 1, 0, 0
75900, 263728, 1, 0, 0
76000, 267868, 1, 0, 0
76100, 265202, 1, 0, 0
76200, 265410, 1, 0, 0
76300, 264644, 1, 0, 0
76400, 265069, 1, 0, 0
76500, 264437, 1, 0, 0
76600, 265472, 1, 0, 0
76700, 265170, 1, 0, 0
76800, 265922, 1, 0, 0
76900, 264778, 1, 0, 0
77000, 265570, 1, 0, 0
77100, 266426, 1, 0, 0
77200, 266251, 1, 0, 0
77300, 264577, 1, 0, 0
77400, 264469, 1, 0, 0
77500, 269062, 1, 0, 0
77600, 265796, 1, 0, 0
77700, 268311, 1, 0, 0
77800, 265967, 1, 0, 0
77900, 263211, 1, 0, 0
78000, 263456, 1, 0, 0
78100, 263426, 1, 0, 0
78200, 262040, 1, 0, 0
78300, 262506, 1, 0, 0
78400, 262773, 1, 0, 0
78500, 263264, 1, 0, 0
78600, 263940, 1, 0, 0
78700, 264372, 1, 0, 0
78800, 262524, 1, 0, 0
78900, 264114, 1, 0, 0
79000, 261578, 1, 0, 0
79100, 262545, 1, 0, 0
79200, 262975, 1, 0, 0
79300, 262851, 1, 0, 0
79400, 263164, 1, 0, 0
79500, 266075, 1, 0, 0
79600, 263697, 1, 0, 0
79700, 263966, 1, 0, 0
79800, 265531, 1, 0, 0
79900, 263716, 1, 0, 0
80000, 263677, 1, 0, 0
80100, 265069, 1, 0, 0
80200, 263845, 1, 0, 0
80300, 265279, 1, 0, 0
80400, 264648, 1, 0, 0
80500, 270087, 1, 0, 0
80600, 264853, 1, 0, 0
80700, 264664, 1, 0, 0
80800, 263240, 1, 0, 0
80900, 266535, 1, 0, 0
81000, 264890, 1, 0, 0
81100, 265314, 1, 0, 0
81200, 266402, 1, 0, 0
81300, 265294, 1, 0, 0
81400, 266332, 1, 0, 0
81500, 265064, 1, 0, 0
81600, 267739, 1, 0, 0
81700, 271023, 1, 0, 0
81800, 264772, 1, 0, 0
81900, 264376, 1, 0, 0
82000, 265270, 1, 0, 0
82100, 264577, 1, 0, 0
82200, 263825, 1, 0, 0
82300, 266239, 1, 0, 0
82400, 263991, 1, 0, 0
82500, 264563, 1, 0, 0
82600, 262961, 1, 0, 0
82700, 262853, 1, 0, 0
82800, 262749, 1, 0, 0
82900, 262160, 1, 0, 0
83000, 262343, 1, 0, 0
83100, 262590, 1, 0, 0
83200, 262232, 1, 0, 0
83300, 261865, 1, 0, 0
83400, 262526, 1, 0, 0
83500, 263361, 1, 0, 0
83600, 265446, 1, 0, 0
83700, 263663, 1, 0, 0
83800, 263330, 1, 0, 0
83900, 263363, 1, 0, 0
84021, 264408, 1, 0, 0
84100, 263930, 1, 0, 0
84200, 265854, 1, 0, 0
84317, 263404, 1, 0, 0
84400, 263508, 1, 0, 0
84500, 262898, 1, 0, 0
84612, 264935, 1, 0, 0
84700, 267746, 1, 0, 0
84800, 264921, 1, 0, 0
84925, 265043, 1, 0, 0
85000, 266168, 1, 0, 0
85100, 266745, 1, 0, 0
85201, 276424, 1, 0, 0
85300, 267309, 1, 0, 0
85400, 265509, 1, 0, 0
85523, 265334, 1, 0, 0
85600, 264444, 1, 0, 0
85700, 264385, 1, 0, 0
85831, 264026, 1, 0, 0
85900, 265113, 1, 0, 0
86000, 264686, 1, 0, 0
86100, 263563, 1, 0, 0
86200, 263906, 1, 0, 0
86300, 265185, 1, 0, 0
86424, 263595, 1, 0, 0
86500, 266786, 1, 0, 0
86600, 264440, 1, 0, 0
86720, 264374, 1, 0, 0
86800, 262236, 1, 0, 0
86900, 263357, 1, 0, 0
87036, 263118, 1, 0, 0
87100, 264394, 1, 0, 0
87200, 264109, 1, 0, 0
87300, 266377, 1, 0, 0
87400, 263187, 1, 0, 0
87500, 264517, 1, 0, 0
87600, 264227, 1, 0, 0
87700, 263477, 1, 0, 0
87800, 263248, 1, 0, 0
87900, 262688, 1, 0, 0
88000, 258752, 1, 0, 0
88100, 258644, 1, 0, 0
88200, 258540, 1, 0, 0
88300, 256738, 1, 0, 0
88400, 257985, 1, 0, 0
88519, 258909, 1, 0, 0
88600, 258706, 1, 0, 0
88700, 258675, 1, 0, 0
88807, 258418, 1, 0, 0
88900, 258795, 1, 0, 0
89000, 259465, 1, 0, 0
89100, 259719, 1, 0, 0
89200, 258892, 1, 0, 0
89300, 261348, 1, 0, 0
89400, 262612, 1, 0, 0
89500, 262186, 1, 0, 0
89600, 262452, 1, 0, 0
89700, 261175, 1, 0, 0
89800, 263436, 1, 0, 0
89900, 263621, 1, 0, 0
90000, 260701, 1, 0, 0
90100, 260639, 1, 0, 0
90200, 262254, 1, 0, 0
90300, 259780, 1, 0, 0
90400, 259686, 1, 0, 0
90500, 262639, 1, 0, 0
90600, 263023, 1, 0, 0
90700, 262967, 1, 0, 0
90800, 261458, 1, 0, 0
90900, 259715, 1, 0, 0
91000, 263351, 1, 0, 0
91100, 261217, 1, 0, 0
91200, 260804, 1, 0, 0
91300, 261297, 1, 0, 0
91400, 262352, 1, 0, 0
91500, 260643, 1, 0, 0
91600, 260594, 1, 0, 0
91700, 260050, 1, 0, 0
91800, 259846, 1, 0, 0
91900, 261477, 1, 0, 0
92000, 260576, 1, 0, 0
92100, 260131, 1, 0, 0
92200, 262046, 1, 0, 0
92300, 260297, 1, 0, 0
92400, 261544, 1, 0, 0
92500, 262579, 1, 0, 0
92600, 262338, 1, 0, 0
92700, 262805, 1, 0, 0
92800, 262297, 1, 0, 0
92900, 262837, 1, 0, 0
93000, 262608, 1, 0, 0
93100, 263014, 1, 0, 0
93200, 263371, 1, 0, 0
93300, 262966, 1, 0, 0
93400, 261744, 1, 0, 0
93500, 261221, 1, 0, 0
93600, 261156, 1, 0, 0
93700, 261107, 1, 0, 0
93800, 262497, 1, 0, 0
93900, 262955, 1, 0, 0
94000, 261669, 1, 0, 0
94100, 262206, 1, 0, 0
94200, 262330, 1, 0, 0
94300, 263256, 1, 0, 0
94400, 263870, 1, 0, 0
94500, 263426, 1, 0, 0
94600, 262817, 1, 0, 0
94700, 263041, 1, 0, 0
94800, 260943, 1, 0, 0
94900, 263293, 1, 0, 0
95000, 262745, 1, 0, 0
95100, 262328, 1, 0, 0
95200, 262832, 1, 0, 0
95300, 263949, 1, 0, 0
95400, 264132, 1, 0, 0
95500, 263602, 1, 0, 0
95600, 263693, 1, 0, 0
95700, 263574, 1, 0, 0
95800, 263911, 1, 0, 0
95900, 262756, 1, 0, 0
96000, 263373, 1, 0, 0
96100, 263437, 1, 0, 0
96200, 263263, 1, 0, 0
96300, 262685, 1, 0, 0
96400, 262461, 1, 0, 0
96500, 266026, 1, 0, 0
96600, 265412, 1, 0, 0
96700, 265214, 1, 0, 0
96800, 263756, 1, 0, 0
96900, 263137, 1, 0, 0
97000, 263669, 1, 0, 0
97100, 263016, 1, 0, 0
97200, 263311, 1, 0, 0
97300, 265160, 1, 0, 0
97400, 264301, 1, 0, 0
97500, 263711, 1, 0, 0
97600, 263642, 1, 0, 0
97700, 264399, 1, 0, 0
97800, 264832, 1, 0, 0
97900, 266552, 1, 0, 0
98000, 263442, 1, 0, 0
98100, 263161, 1, 0, 0
98200, 265102, 1, 0, 0
98300, 263560, 1, 0, 0
98400, 268312, 1, 0, 0
98500, 262883, 1, 0, 0
98600, 264136, 1, 0, 0
98700, 266731, 1, 0, 0
98800, 264178, 1, 0, 0
98900, 264538, 1, 0, 0
99000, 262906, 1, 0, 0
99100, 263885, 1, 0, 0
99200, 264923, 1, 0, 0
99300, 261549, 1, 0, 0
99400, 260514, 1, 0, 0
99500, 260502, 1, 0, 0
99600, 259404, 1, 0, 0
99700, 259557, 1, 0, 0
99800, 259973, 1, 0, 0
99900, 259098, 1, 0, 0
100000, 260388, 1, 0, 0
100100, 260213, 1, 0, 0
100200, 261970, 1, 0, 0
100300, 261699, 1, 0, 0
100400, 262484, 1, 0, 0
100500, 260041, 1, 0, 0
100600, 262705, 1, 0, 0
100700, 262184, 1, 0, 0
100800, 259579, 1, 0, 0
100900, 260962, 1, 0, 0
101019, 259433, 1, 0, 0
101100, 262555, 1, 0, 0
101200, 260264, 1, 0, 0
101309, 257788, 1, 0, 0
101400, 259415, 1, 0, 0
101500, 259228, 1, 0, 0
101602, 263801, 1, 0, 0
101700, 263422, 1, 0, 0
101800, 261133, 1, 0, 0
101901, 264734, 1, 0, 0
102000, 260688, 1, 0, 0
102100, 260328, 1, 0, 0
102200, 260226, 1, 0, 0
102300, 260448, 1, 0, 0
102400, 264126, 1, 0, 0
102500, 259493, 1, 0, 0
102600, 259839, 1, 0, 0
102700, 260139, 1, 0, 0
102800, 259961, 1, 0, 0
102900, 261832, 1, 0, 0
103000, 262144, 1, 0, 0
103100, 262382, 1, 0, 0
103200, 261057, 1, 0, 0
103300, 261824, 1, 0, 0
103400, 262098, 1, 0, 0
103500, 261441, 1, 0, 0
103600, 261822, 1, 0, 0
103700, 261365, 1, 0, 0
103800, 262803, 1, 0, 0
103900, 261672, 1, 0, 0
104000, 259123, 1, 0, 0
104100, 258910, 1, 0, 0
104200, 260771, 1, 0, 0
104300, 261002, 1, 0, 0
104400, 261018, 1, 0, 0
104500, 258834, 1, 0, 0
104600, 261211, 1, 0, 0
104700, 262642, 1, 0, 0
104800, 262622, 1, 0, 0
104900, 264246, 1, 0, 0
105000, 265122, 1, 0, 0
105100, 264014, 1, 0, 0
105200, 262257, 1, 0, 0
105300, 264245, 1, 0, 0
105400, 263121, 1, 0, 0
105500, 265444, 1, 0, 0
105600, 266031, 1, 0, 0
105700, 264445, 1, 0, 0
105800, 263974, 1, 0, 0
105900, 263665, 1, 0, 0
106000, 263004, 1, 0, 0
106100, 265021, 1, 0, 0
106200, 263142, 1, 0, 0
106300, 263467, 1, 0, 0
106400, 262603, 1, 0, 0
106500, 263362, 1, 0, 0
106600, 263408, 1, 0, 0
106700, 264451, 1, 0, 0
106800, 277515, 1, 0, 0
106900, 263849, 1, 0, 0
107000, 263932, 1, 0, 0
107100, 263636, 1, 0, 0
107200, 264254, 1, 0, 0
107300, 265709, 1, 0, 0
107400, 264657, 1, 0, 0
107500, 264745, 1, 0, 0
107600, 262990, 1, 0, 0
107700, 264966, 1, 0, 0
107800, 263975, 1, 0, 0
107900, 261684, 1, 0, 0
108000, 263799, 1, 0, 0
108100, 263497, 1, 0, 0
108200, 262384, 1, 0, 0
108300, 263967, 1, 0, 0
108400, 263447, 1, 0, 0
108500, 263673, 1, 0, 0
108600, 266784, 1, 0, 0
108700, 265085, 1, 0, 0
108800, 264833, 1, 0, 0
108900, 264648, 1, 0, 0
109000, 265033, 1, 0, 0
109100, 264779, 1, 0, 0
109200, 265747, 1, 0, 0
109300, 264316, 1, 0, 0
109400, 265983, 1, 0, 0
109500, 266479, 1, 0, 0
109600, 263682, 1, 0, 0
109700, 263212, 1, 0, 0
109800, 264530, 1, 0, 0
109900, 263180, 1, 0, 0
110000, 264120, 1, 0, 0
110100, 266158, 1, 0, 0
110223, 264854, 1, 0, 0
110300, 265913, 1, 0, 0
110400, 266447, 1, 0, 0
110521, 265885, 1, 0, 0
110600, 263616, 1, 0, 0
110700, 265114, 1, 0, 0
110816, 265373, 1, 0, 0
110900, 263821, 1, 0, 0
111000, 263199, 1, 0, 0
111110, 262634, 1, 0, 0
111200, 264751, 1, 0, 0
111300, 263142, 1, 0, 0
111407, 263644, 1, 0, 0
111500, 263374, 1, 0, 0
111600, 267162, 1, 0, 0
111705, 263363, 1, 0, 0
111800, 266094, 1, 0, 0
111900, 263343, 1, 0, 0
112000, 264804, 1, 0, 0
112100, 263426, 1, 0, 0
112200, 263177, 1, 0, 0
112300, 262313, 1, 0, 0
112400, 263206, 1, 0, 0
112500, 264105, 1, 0, 0
112608, 264094, 1, 0, 0
112700, 262262, 1, 0, 0
112800, 262580, 1, 0, 0
112900, 262895, 1, 0, 0
113000, 263071, 1, 0, 0
113100, 263455, 1, 0, 0
113220, 262275, 1, 0, 0
113300, 263820, 1, 0, 0
113400, 263265, 1, 0, 0
113517, 264078, 1, 0, 0
113600, 263695, 1, 0, 0
113700, 264339, 1, 0, 0
113812, 266415, 1, 0, 0
113900, 261539, 1, 0, 0
114000, 266477, 1, 0, 0
114108, 265807, 1, 0, 0
114200, 265366, 1, 0, 0
114300, 264145, 1, 0, 0
114404, 263201, 1, 0, 0
114500, 266635, 1, 0, 0
114600, 265805, 1, 0, 0
114704, 267701, 1, 0, 0
114800, 265131, 1, 0, 0
114900, 265278, 1, 0, 0
115002, 264324, 1, 0, 0
115100, 262704, 1, 0, 0
115200, 263924, 1, 0, 0
115300, 262835, 1, 0, 0
115400, 263150, 1, 0, 0
115500, 266223, 1, 0, 0
115600, 270401, 1, 0, 0
115700, 263954, 1, 0, 0
115800, 268513, 1, 0, 0
115912, 266661, 1, 0, 0
116000, 259774, 1, 0, 0
116100, 259935, 1, 0, 0
116203, 260304, 1, 0, 0
116300, 259760, 1, 0, 0
116400, 260569, 1, 0, 0
116500, 261063, 1, 0, 0
116600, 260328, 1, 0, 0
116700, 261173, 1, 0, 0
116800, 260119, 1, 0, 0
116900, 260415, 1, 0, 0
117000, 260379, 1, 0, 0
117106, 259761, 1, 0, 0
117200, 260475, 1, 0, 0
117300, 260849, 1, 0, 0
117400, 262207, 1, 0, 0
117500, 261485, 1, 0, 0
117600, 258937, 1, 0, 0
117700, 258066, 1, 0, 0
117800, 258596, 1, 0, 0
117900, 258976, 1, 0, 0
118000, 257134, 1, 0, 0
118100, 258710, 1, 0, 0
118200, 258685, 1, 0, 0
118300, 258890, 1, 0, 0
118400, 263790, 1, 0, 0
118500, 263792, 1, 0, 0
118600, 261607, 1, 0, 0
118700, 264211, 1, 0, 0
118800, 263337, 1, 0, 0
118900, 264823, 1, 0, 0
119000, 263261, 1, 0, 0
119100, 263561, 1, 0, 0
119200, 262613, 1, 0, 0
119300, 263372, 1, 0, 0
119400, 264316, 1, 0, 0
119500, 261644, 1, 0, 0
119600, 263749, 1, 0, 0
119700, 262992, 1, 0, 0
119800, 263515, 1, 0, 0
119900, 263146, 1, 0, 0
120000, 263567, 1, 0, 0
120100, 263350, 1, 0, 0
120200, 264339, 1, 0, 0
120300, 264638, 1, 0, 0
120400, 265223, 1, 0, 0
120500, 265142, 1, 0, 0
120600, 262719, 1, 0, 0
120700, 260961, 1, 0, 0
120800, 263107, 1, 0, 0
120900, 263048, 1, 0, 0
121000, 262388, 1, 0, 0
121100, 263666, 1, 0, 0
121200, 263239, 1, 0, 0
121300, 260259, 1, 0, 0
121400, 259910, 1, 0, 0
121500, 259351, 1, 0, 0
121600, 261179, 1, 0, 0
121700, 261492, 1, 0, 0
121800, 260178, 1, 0, 0
121900, 260934, 1, 0, 0
122000, 260439, 1, 0, 0
122100, 260340, 1, 0, 0
122200, 260550, 1, 0, 0
122300, 261044, 1, 0, 0
122400, 261094, 1, 0, 0
122500, 259134, 1, 0, 0
122600, 260345, 1, 0, 0
122700, 260924, 1, 0, 0
122800, 260661, 1, 0, 0
122900, 260100, 1, 0, 0
123015, 259814, 1, 0, 0
123100, 258199, 1, 0, 0
123200, 260128, 1, 0, 0
123306, 259654, 1, 0, 0
123400, 260876, 1, 0, 0
123500, 262503, 1, 0, 0
123624, 262240, 1, 0, 0
123700, 261112, 1, 0, 0
123800, 262098, 1, 0, 0
123918, 260505, 1, 0, 0
124000, 260078, 1, 0, 0
124100, 261250, 1, 0, 0
124211, 260870, 1, 0, 0
124300, 260508, 1, 0, 0
124400, 259630, 1, 0, 0
124502, 259908, 1, 0, 0
124600, 258463, 1, 0, 0
124700, 259939, 1, 0, 0
124800, 259282, 1, 0, 0
124900, 260119, 1, 0, 0
125000, 259763, 1, 0, 0
125100, 260282, 1, 0, 0
125200, 259553, 1, 0, 0
125300, 260057, 1, 0, 0
125400, 259185, 1, 0, 0
125500, 259609, 1, 0, 0
125600, 258547, 1, 0, 0
125700, 260532, 1, 0, 0
125800, 259585, 1, 0, 0
125900, 260237, 1, 0, 0
126000, 258159, 1, 0, 0
126100, 260285, 1, 0, 0
126200, 259428, 1, 0, 0
126300, 261457, 1, 0, 0
126400, 262597, 1, 0, 0
126500, 263130, 1, 0, 0
126600, 263840, 1, 0, 0
126700, 265998, 1, 0, 0
126800, 264071, 1, 0, 0
126900, 262306, 1, 0, 0
127000, 264341, 1, 0, 0
127100, 263788, 1, 0, 0
127200, 273315, 1, 0, 0
127300, 270925, 1, 0, 0
127400, 264972, 1, 0, 0
127500, 263913, 1, 0, 0
127600, 266186, 1, 0, 0
127700, 262958, 1, 0, 0
127800, 261697, 1, 0, 0
127900, 261513, 1, 0, 0
128000, 264020, 1, 0, 0
128100, 265760, 1, 0, 0
128200, 264163, 1, 0, 0
128300, 265233, 1, 0, 0
128400, 265957, 1, 0, 0
128500, 266506, 1, 0, 0
128600, 263975, 1, 0, 0
128700, 262426, 1, 0, 0
128800, 260590, 1, 0, 0
128900, 261177, 1, 0, 0
129000, 260626, 1, 0, 0
129100, 259907, 1, 0, 0
129200, 260710, 1, 0, 0
129300, 260349, 1, 0, 0
129400, 260142, 1, 0, 0
129500, 261536, 1, 0, 0
129600, 260044, 1, 0, 0
129700, 259284, 1, 0, 0
129819, 260830, 1, 0, 0
129900, 259708, 1, 0, 0
130000, 259584, 1, 0, 0
130110, 261251, 1, 0, 0
130200, 259982, 1, 0, 0
130300, 260570, 1, 0, 0
130402, 259952, 1, 0, 0
130500, 259748, 1, 0, 0
130600, 259934, 1, 0, 0
130703, 260259, 1, 0, 0
130800, 258903, 1, 0, 0
130900, 259351, 1, 0, 0
131000, 260384, 1, 0, 0
131100, 259650, 1, 0, 0
131200, 259955, 1, 0, 0
131300, 259303, 1, 0, 0
131400, 261623, 1, 0, 0
131500, 261637, 1, 0, 0
131600, 260315, 1, 0, 0
131700, 262112, 1, 0, 0
131800, 261839, 1, 0, 0
131900, 260517, 1, 0, 0
132000, 260987, 1, 0, 0
132100, 261167, 1, 0, 0
132200, 260084, 1, 0, 0
132300, 261729, 1, 0, 0
132400, 261766, 1, 0, 0
132500, 261356, 1, 0, 0
132600, 263648, 1, 0, 0
132700, 264208, 1, 0, 0
132800, 264511, 1, 0, 0
132900, 264557, 1, 0, 0
133000, 266185, 1, 0, 0
133100, 263076, 1, 0, 0
133200, 264002, 1, 0, 0
133300, 265019, 1, 0, 0
133400, 264246, 1, 0, 0
133500, 263529, 1, 0, 0
133600, 264067, 1, 0, 0
133700, 261591, 1, 0, 0
133800, 261818, 1, 0, 0
133900, 261913, 1, 0, 0
134000, 261845, 1, 0, 0
134100, 262206, 1, 0, 0
134200, 262091, 1, 0, 0
134300, 262294, 1, 0, 0
134400, 264773, 1, 0, 0
134500, 262973, 1, 0, 0
134600, 263822, 1, 0, 0
134700, 264858, 1, 0, 0
134800, 265843, 1, 0, 0
134900, 263863, 1, 0, 0
135000, 263833, 1, 0, 0
135100, 265031, 1, 0, 0
135200, 262981, 1, 0, 0
135300, 264103, 1, 0, 0
135400, 264019, 1, 0, 0
135500, 264827, 1, 0, 0
135600, 266262, 1, 0, 0
135700, 264710, 1, 0, 0
135800, 266228, 1, 0, 0
135900, 264124, 1, 0, 0
136000, 265147, 1, 0, 0
136100, 264247, 1, 0, 0
136200, 264718, 1, 0, 0
136300, 265399, 1, 0, 0
136400, 262842, 1, 0, 0
136500, 263406, 1, 0, 0
136600, 263295, 1, 0, 0
136700, 263892, 1, 0, 0
136800, 265795, 1, 0, 0
136900, 267115, 1, 0, 0
137000, 266311, 1, 0, 0
137100, 265088, 1, 0, 0
137200, 264791, 1, 0, 0
137300, 267941, 1, 0, 0
137400, 265113, 1, 0, 0
137500, 267193, 1, 0, 0
137600, 263218, 1, 0, 0
137700, 265978, 1, 0, 0
137800, 263839, 1, 0, 0
137900, 264045, 1, 0, 0
138000, 265800, 1, 0, 0
138100, 264783, 1, 0, 0
138200, 263975, 1, 0, 0
138300, 264257, 1, 0, 0
138400, 266011, 1, 0, 0
138500, 263539, 1, 0, 0
138600, 266929, 1, 0, 0
138700, 267543, 1, 0, 0
138800, 266903, 1, 0, 0
138900, 265510, 1, 0, 0
139000, 265625, 1, 0, 0
139100, 263747, 1, 0, 0
139200, 267593, 1, 0, 0
139300, 265647, 1, 0, 0
139400, 268538, 1, 0, 0
139500, 266018, 1, 0, 0
139600, 267470, 1, 0, 0
139700, 266203, 1, 0, 0
139800, 267191, 1, 0, 0
139900, 267061, 1, 0, 0
140000, 263782, 1, 0, 0
140100, 268873, 1, 0, 0
140200, 265405, 1, 0, 0
140300, 262657, 1, 0, 0
140400, 265302, 1, 0, 0
140500, 263938, 1, 0, 0
140600, 262719, 1, 0, 0
140700, 264030, 1, 0, 0
140800, 262965, 1, 0, 0
140900, 261471, 1, 0, 0
141000, 262210, 1, 0, 0
141100, 262690, 1, 0, 0
141200, 260590, 1, 0, 0
141300, 259681, 1, 0, 0
141400, 259564, 1, 0, 0
141500, 259631, 1, 0, 0
141600, 260869, 1, 0, 0
141700, 260830, 1, 0, 0
141800, 259842, 1, 0, 0
141900, 260608, 1, 0, 0
142000, 259044, 1, 0, 0
142100, 260647, 1, 0, 0
142200, 259813, 1, 0, 0
142300, 259849, 1, 0, 0
142400, 260416, 1, 0, 0
142500, 259672, 1, 0, 0
142600, 262318, 1, 0, 0
142700, 258524, 1, 0, 0
142800, 258884, 1, 0, 0
142900, 259105, 1, 0, 0
143000, 257233, 1, 0, 0
143100, 258781, 1, 0, 0
143220, 258467, 1, 0, 0
143300, 258002, 1, 0, 0
143400, 259537, 1, 0, 0
143511, 258576, 1, 0, 0
143600, 259900, 1, 0, 0
143700, 260476, 1, 0, 0
143802, 261705, 1, 0, 0
143900, 260381, 1, 0, 0
144000, 259713, 1, 0, 0
144100, 260102, 1, 0, 0
144200, 260197, 1, 0, 0
144300, 260191, 1, 0, 0
144400, 260695, 1, 0, 0
144500, 259528, 1, 0, 0
144600, 261095, 1, 0, 0
144700, 260639, 1, 0, 0
144800, 259698, 1, 0, 0
144900, 260852, 1, 0, 0
145000, 261004, 1, 0, 0
145100, 260288, 1, 0, 0
145200, 262343, 1, 0, 0
145300, 261447, 1, 0, 0
145400, 260511, 1, 0, 0
145500, 262200, 1, 0, 0
145600, 261637, 1, 0, 0
145700, 262285, 1, 0, 0
145800, 260222, 1, 0, 0
145900, 260847, 1, 0, 0
146000, 259802, 1, 0, 0
146100, 261192, 1, 0, 0
146200, 259883, 1, 0, 0
146300, 260095, 1, 0, 0
146400, 261348, 1, 0, 0
146500, 259705, 1, 0, 0
146600, 261482, 1, 0, 0
146700, 260345, 1, 0, 0
146800, 260031, 1, 0, 0
146900, 261937, 1, 0, 0
147021, 261378, 1, 0, 0
147100, 260760, 1, 0, 0
147200, 261504, 1, 0, 0
147313, 261354, 1, 0, 0
147400, 258771, 1, 0, 0
147500, 260670, 1, 0, 0
147605, 260861, 1, 0, 0
147700, 260690, 1, 0, 0
147800, 260905, 1, 0, 0
147900, 260907, 1, 0, 0
148000, 258935, 1, 0, 0
148100, 258925, 1, 0, 0
148200, 259776, 1, 0, 0
148300, 257539, 1, 0, 0
148400, 257917, 1, 0, 0
148500, 258332, 1, 0, 0
148600, 259121, 1, 0, 0
148700, 261577, 1, 0, 0
148800, 259067, 1, 0, 0
148900, 260897, 1, 0, 0
149000, 261447, 1, 0, 0
149100, 260775, 1, 0, 0
149200, 259568, 1, 0, 0
149300, 259429, 1, 0, 0
149400, 260277, 1, 0, 0
149500, 260502, 1, 0, 0
149600, 260874, 1, 0, 0
149700, 258909, 1, 0, 0
149800, 260067, 1, 0, 0
149900, 259174, 1, 0, 0
150000, 260408, 1, 0, 0
150100, 261626, 1, 0, 0
150200, 262525, 1, 0, 0
150300, 261297, 1, 0, 0
150400, 261735, 1, 0, 0
150500, 263486, 1, 0, 0
150600, 262152, 1, 0, 0
150700, 262363, 1, 0, 0
150800, 262778, 1, 0, 0
150900, 262292, 1, 0, 0
151000, 264173, 1, 0, 0
151100, 261088, 1, 0, 0
151200, 263204, 1, 0, 0
151300, 260197, 1, 0, 0
151400, 262474, 1, 0, 0
151500, 263005, 1, 0, 0
151600, 260468, 1, 0, 0
151700, 263671, 1, 0, 0
151800, 260533, 1, 0, 0
151900, 262555, 1, 0, 0
152000, 260909, 1, 0, 0
152100, 259014, 1, 0, 0
152200, 260076, 1, 0, 0
152300, 260864, 1, 0, 0
152400, 259779, 1, 0, 0
152500, 259767, 1, 0, 0
152638, 259264, 1, 0, 0
152700, 262980, 1, 0, 0
152800, 263197, 1, 0, 0
152900, 262864, 1, 0, 0
153000, 262914, 1, 0, 0
153100, 264001, 1, 0, 0
153200, 264142, 1, 0, 0
153300, 263482, 1, 0, 0
153400, 266667, 1, 0, 0
153521, 264295, 1, 0, 0
153600, 263493, 1, 0, 0
153700, 263965, 1, 0, 0
153815, 264016, 1, 0, 0
153900, 262050, 1, 0, 0
154000, 262603, 1, 0, 0
154109, 262559, 1, 0, 0
154200, 262413, 1, 0, 0
154300, 263212, 1, 0, 0
154403, 262136, 1, 0, 0
154500, 262913, 1, 0, 0
154600, 263384, 1, 0, 0
154700, 262701, 1, 0, 0
154800, 264439, 1, 0, 0
154900, 263630, 1, 0, 0
155000, 264495, 1, 0, 0
155100, 262985, 1, 0, 0
155200, 263628, 1, 0, 0
155300, 263184, 1, 0, 0
155400, 262707, 1, 0, 0
155500, 263631, 1, 0, 0
155600, 263264, 1, 0, 0
155700, 262410, 1, 0, 0
155800, 262914, 1, 0, 0
155900, 263480, 1, 0, 0
156000, 263182, 1, 0, 0
156100, 263164, 1, 0, 0
156200, 264257, 1, 0, 0
156300, 262573, 1, 0, 0
156400, 264109, 1, 0, 0
156500, 263414, 1, 0, 0
156600, 263425, 1, 0, 0
156700, 263812, 1, 0, 0
156800, 262557, 1, 0, 0
156900, 260522, 1, 0, 0
157000, 260201, 1, 0, 0
157100, 259314, 1, 0, 0
157200, 260861, 1, 0, 0
157300, 260458, 1, 0, 0
157400, 261549, 1, 0, 0
157500, 260690, 1, 0, 0
157600, 261420, 1, 0, 0
157700, 260210, 1, 0, 0
157800, 259762, 1, 0, 0
157900, 260318, 1, 0, 0
158000, 260291, 1, 0, 0
158100, 258834, 1, 0, 0
158200, 259564, 1, 0, 0
158300, 259625, 1, 0, 0
158400, 259298, 1, 0, 0
158500, 260055, 1, 0, 0
158600, 259839, 1, 0, 0
158700, 259061, 1, 0, 0
158800, 259325, 1, 0, 0
158900, 258065, 1, 0, 0
159000, 262379, 1, 0, 0
159100, 262346, 1, 0, 0
159200, 260723, 1, 0, 0
159300, 261677, 1, 0, 0
159400, 261488, 1, 0, 0
159500, 259456, 1, 0, 0
159600, 262100, 1, 0, 0
159700, 263954, 1, 0, 0
159800, 262481, 1, 0, 0
159900, 262302, 1, 0, 0
160000, 263042, 1, 0, 0
160100, 263596, 1, 0, 0
160200, 259137, 1, 0, 0
160300, 264625, 1, 0, 0
160400, 262763, 1, 0, 0
160500, 261488, 1, 0, 0
160619, 261158, 1, 0, 0
160700, 260517, 1, 0, 0
160800, 261879, 1, 0, 0
160937, 258769, 1, 0, 0
161000, 259409, 1, 0, 0
161100, 260122, 1, 0, 0
161200, 259436, 1, 0, 0
161300, 263303, 1, 0, 0
161400, 263210, 1, 0, 0
161500, 265129, 1, 0, 0
161600, 263676, 1, 0, 0
161700, 264174, 1, 0, 0
161800, 263907, 1, 0, 0
161900, 262858, 1, 0, 0
162000, 263286, 1, 0, 0
162100, 261557, 1, 0, 0
162200, 263210, 1, 0, 0
162300, 262278, 1, 0, 0
162400, 262401, 1, 0, 0
162500, 262620, 1, 0, 0
162600, 265376, 1, 0, 0
162720, 263738, 1, 0, 0
162800, 266476, 1, 0, 0
162900, 263248, 1, 0, 0
163017, 267348, 1, 0, 0
163100, 267270, 1, 0, 0
163200, 263118, 1, 0, 0
163314, 266835, 1, 0, 0
163400, 265026, 1, 0, 0
163500, 266011, 1, 0, 0
163631, 265225, 1, 0, 0
163700, 263516, 1, 0, 0
163800, 263624, 1, 0, 0
163900, 263505, 1, 0, 0
164000, 263907, 1, 0, 0
164100, 264923, 1, 0, 0
164237, 265212, 1, 0, 0
164300, 263345, 1, 0, 0
164400, 262275, 1, 0, 0
164500, 266355, 1, 0, 0
164600, 265552, 1, 0, 0
164700, 265387, 1, 0, 0
164800, 266123, 1, 0, 0
164900, 265356, 1, 0, 0
165000, 267120, 1, 0, 0
165100, 266174, 1, 0, 0
165200, 263475, 1, 0, 0
165300, 264803, 1, 0, 0
165400, 264730, 1, 0, 0
165500, 266842, 1, 0, 0
165600, 264734, 1, 0, 0
165700, 267961, 1, 0, 0
165800, 265764, 1, 0, 0
165900, 266893, 1, 0, 0
166000, 264774, 1, 0, 0
166100, 268088, 1, 0, 0
166200, 266681, 1, 0, 0
166300, 266004, 1, 0, 0
166400, 266206, 1, 0, 0
166500, 263026, 1, 0, 0
166600, 263307, 1, 0, 0
166700, 262879, 1, 0, 0
166800, 266224, 1, 0, 0
166900, 263605, 1, 0, 0
167000, 262624, 1, 0, 0
167100, 263795, 1, 0, 0
167200, 263364, 1, 0, 0
167300, 261516, 1, 0, 0
167400, 260712, 1, 0, 0
167500, 260051, 1, 0, 0
167600, 259670, 1, 0, 0
167700, 260211, 1, 0, 0
167800, 260129, 1, 0, 0
167900, 260228, 1, 0, 0
168000, 260369, 1, 0, 0
168100, 260493, 1, 0, 0
168200, 258714, 1, 0, 0
168300, 260664, 1, 0, 0
168400, 260852, 1, 0, 0
168500, 267827, 1, 0, 0
168600, 260971, 1, 0, 0
168700, 259766, 1, 0, 0
168800, 259010, 1, 0, 0
168900, 259742, 1, 0, 0
169017, 259030, 1, 0, 0
169100, 258770, 1, 0, 0
169200, 260164, 1, 0, 0
169306, 259267, 1, 0, 0
169400, 258726, 1, 0, 0
169500, 259568, 1, 0, 0
169600, 259879, 1, 0, 0
169700, 261021, 1, 0, 0
169800, 260526, 1, 0, 0
169915, 260100, 1, 0, 0
170000, 258677, 1, 0, 0
170100, 259930, 1, 0, 0
170210, 260624, 1, 0, 0
170300, 261355, 1, 0, 0
170400, 261496, 1, 0, 0
170504, 261428, 1, 0, 0
170600, 260329, 1, 0, 0
170700, 260167, 1, 0, 0
170800, 258246, 1, 0, 0
170900, 257830, 1, 0, 0
171000, 258070, 1, 0, 0
171100, 258725, 1, 0, 0
171200, 260218, 1, 0, 0
171300, 261345, 1, 0, 0
171400, 259176, 1, 0, 0
171500, 260728, 1, 0, 0
171600, 259999, 1, 0, 0
171700, 258492, 1, 0, 0
171800, 259891, 1, 0, 0
171900, 263264, 1, 0, 0
172000, 259012, 1, 0, 0
172100, 263704, 1, 0, 0
172200, 262331, 1, 0, 0
172300, 261396, 1, 0, 0
172400, 261064, 1, 0, 0
172500, 260380, 1, 0, 0
172600, 259414, 1, 0, 0
172700, 263020, 1, 0, 0
172800, 261309, 1, 0, 0
172900, 258441, 1, 0, 0
173000, 260123, 1, 0, 0
173100, 259534, 1, 0, 0
173200, 257720, 1, 0, 0
173300, 260222, 1, 0, 0
173400, 260462, 1, 0, 0
173500, 262784, 1, 0, 0
173600, 261990, 1, 0, 0
173700, 261214, 1, 0, 0
173800, 262346, 1, 0, 0
173900, 259859, 1, 0, 0
174000, 260557, 1, 0, 0
174100, 259765, 1, 0, 0
174200, 261406, 1, 0, 0
174321, 260577, 1, 0, 0
174400, 258733, 1, 0, 0
174500, 259436, 1, 0, 0
174611, 259727, 1, 0, 0
174700, 259335, 1, 0, 0
174800, 259943, 1, 0, 0
174902, 259113, 1, 0, 0
175000, 259393, 1, 0, 0
175100, 259017, 1, 0, 0
175200, 261375, 1, 0, 0
175300, 259329, 1, 0, 0
175400, 261786, 1, 0, 0
175500, 262662, 1, 0, 0
175600, 260726, 1, 0, 0
175700, 260106, 1, 0, 0
175800, 259790, 1, 0, 0
175900, 261023, 1, 0, 0
176000, 260502, 1, 0, 0
176100, 259784, 1, 0, 0
176200, 260175, 1, 0, 0
176300, 260718, 1, 0, 0
176400, 260231, 1, 0, 0
176500, 260550, 1, 0, 0
176600, 259969, 1, 0, 0
176700, 261381, 1, 0, 0
176800, 262367, 1, 0, 0
176900, 261599, 1, 0, 0
177000, 262989, 1, 0, 0
177100, 259637, 1, 0, 0
177200, 262141, 1, 0, 0
177300, 261292, 1, 0, 0
177400, 262551, 1, 0, 0
177500, 258678, 1, 0, 0
177600, 260330, 1, 0, 0
177700, 259705, 1, 0, 0
177800, 259145, 1, 0, 0
177900, 261958, 1, 0, 0
178000, 261597, 1, 0, 0
178116, 260489, 1, 0, 0
178200, 259383, 1, 0, 0
178300, 260464, 1, 0, 0
178422, 261781, 1, 0, 0
178500, 262125, 1, 0, 0
178600, 263738, 1, 0, 0
178713, 261867, 1, 0, 0
178800, 261279, 1, 0, 0
178900, 259799, 1, 0, 0
179005, 261562, 1, 0, 0
179100, 258787, 1, 0, 0
179200, 262998, 1, 0, 0
179300, 259781, 1, 0, 0
179400, 258418, 1, 0, 0
179500, 261604, 1, 0, 0
179608, 260821, 1, 0, 0
179700, 261995, 1, 0, 0
179800, 260680, 1, 0, 0
179902, 261094, 1, 0, 0
180000, 259848, 1, 0, 0
