125, 212992, 0, 0, 0
125, 65536, 1, 0, 0
225, 317440, 0, 0, 0
225, 81920, 1, 0, 0
325, 307200, 0, 0, 0
325, 112640, 1, 0, 0
425, 286720, 0, 0, 0
425, 81920, 1, 0, 0
525, 276480, 0, 0, 0
525, 102400, 1, 0, 0
624, 341333, 0, 0, 0
624, 31030, 1, 0, 0
724, 358400, 0, 0, 0
724, 51200, 1, 0, 0
824, 133120, 0, 0, 0
824, 51200, 1, 0, 0
924, 122880, 0, 0, 0
924, 30720, 1, 0, 0
1024, 133120, 0, 0, 0
1024, 51200, 1, 0, 0
1125, 122880, 0, 0, 0
1125, 40960, 1, 0, 0
1225, 133120, 0, 0, 0
1225, 92160, 1, 0, 0
1325, 122880, 0, 0, 0
1325, 20480, 1, 0, 0
1425, 133120, 0, 0, 0
1425, 71680, 1, 0, 0
1525, 122880, 0, 0, 0
1525, 40960, 1, 0, 0
1625, 133120, 0, 0, 0
1625, 20480, 1, 0, 0
1725, 122880, 0, 0, 0
1725, 30720, 1, 0, 0
1825, 133120, 0, 0, 0
1825, 30720, 1, 0, 0
1925, 122880, 0, 0, 0
1925, 20480, 1, 0, 0
2025, 133120, 0, 0, 0
2025, 51200, 1, 0, 0
2124, 124121, 0, 0, 0
2124, 51717, 1, 0, 0
2224, 133120, 0, 0, 0
2224, 51200, 1, 0, 0
2324, 122880, 0, 0, 0
2424, 133120, 0, 0, 0
2424, 10240, 1, 0, 0
2524, 133120, 0, 0, 0
2524, 10240, 1, 0, 0
2624, 122880, 0, 0, 0
2624, 30720, 1, 0, 0
2724, 133120, 0, 0, 0
2724, 30720, 1, 0, 0
2824, 122880, 0, 0, 0
2824, 81920, 1, 0, 0
2924, 133120, 0, 0, 0
2924, 30720, 1, 0, 0
3024, 122880, 0, 0, 0
3024, 92160, 1, 0, 0
3124, 133120, 0, 0, 0
3124, 20480, 1, 0, 0
3224, 122880, 0, 0, 0
3224, 20480, 1, 0, 0
3324, 133120, 0, 0, 0
3324, 30720, 1, 0, 0
3424, 122880, 0, 0, 0
3424, 30720, 1, 0, 0
3525, 133120, 0, 0, 0
3525, 51200, 1, 0, 0
3625, 122880, 0, 0, 0
3625, 51200, 1, 0, 0
3725, 133120, 0, 0, 0
3725, 10240, 1, 0, 0
3825, 122880, 0, 0, 0
3825, 81920, 1, 0, 0
3925, 133120, 0, 0, 0
3925, 40960, 1, 0, 0
4025, 122880, 0, 0, 0
4025, 10240, 1, 0, 0
4125, 133120, 0, 0, 0
4125, 30720, 1, 0, 0
4225, 133120, 0, 0, 0
4225, 81920, 1, 0, 0
4325, 122880, 0, 0, 0
4325, 40960, 1, 0, 0
4425, 122880, 0, 0, 0
4425, 51200, 1, 0, 0
4525, 133120, 0, 0, 0
4525, 20480, 1, 0, 0
4624, 124121, 0, 0, 0
4624, 20686, 1, 0, 0
4724, 133120, 0, 0, 0
4724, 30720, 1, 0, 0
4824, 122880, 0, 0, 0
4824, 30720, 1, 0, 0
4924, 133120, 0, 0, 0
4924, 10240, 1, 0, 0
5024, 133120, 0, 0, 0
5024, 51200, 1, 0, 0
5124, 112640, 0, 0, 0
5124, 10240, 1, 0, 0
5224, 30720, 0, 0, 0
5224, 10240, 1, 0, 0
5324, 30720, 0, 0, 0
5324, 20480, 1, 0, 0
5424, 40960, 0, 0, 0
5424, 10240, 1, 0, 0
5524, 51200, 0, 0, 0
5524, 20480, 1, 0, 0
5624, 40960, 0, 0, 0
5725, 51200, 0, 0, 0
5725, 10240, 1, 0, 0
5825, 51200, 0, 0, 0
5925, 51200, 0, 0, 0
6025, 51200, 0, 0, 0
6025, 20480, 1, 0, 0
6125, 51200, 0, 0, 0
6125, 20480, 1, 0, 0
6225, 40960, 0, 0, 0
6325, 61440, 0, 0, 0
6325, 10240, 1, 0, 0
6425, 40960, 0, 0, 0
6525, 51200, 0, 0, 0
6525, 20480, 1, 0, 0
6624, 41373, 0, 0, 0
6624, 31030, 1, 0, 0
6724, 30720, 0, 0, 0
6824, 40960, 0, 0, 0
6824, 20480, 1, 0, 0
6924, 61440, 0, 0, 0
6924, 20480, 1, 0, 0
7024, 40960, 0, 0, 0
7124, 61440, 0, 0, 0
7224, 40960, 0, 0, 0
7224, 30720, 1, 0, 0
7324, 51200, 0, 0, 0
7324, 10240, 1, 0, 0
7425, 40960, 0, 0, 0
7425, 20480, 1, 0, 0
7525, 61440, 0, 0, 0
7525, 10240, 1, 0, 0
7625, 40960, 0, 0, 0
7625, 10240, 1, 0, 0
7725, 51200, 0, 0, 0
7725, 20480, 1, 0, 0
7825, 30720, 0, 0, 0
7925, 81920, 0, 0, 0
7925, 40960, 1, 0, 0
8025, 92160, 0, 0, 0
8025, 10240, 1, 0, 0
8124, 51717, 0, 0, 0
8124, 10343, 1, 0, 0
8224, 30720, 0, 0, 0
8324, 40960, 0, 0, 0
8324, 10240, 1, 0, 0
8424, 81920, 0, 0, 0
8424, 10240, 1, 0, 0
8524, 133120, 0, 0, 0
8524, 30720, 1, 0, 0
8624, 133120, 0, 0, 0
8624, 30720, 1, 0, 0
8724, 122880, 0, 0, 0
8724, 20480, 1, 0, 0
8824, 122880, 0, 0, 0
8824, 30720, 1, 0, 0
8925, 133120, 0, 0, 0
8925, 10240, 1, 0, 0
9025, 133120, 0, 0, 0
9125, 122880, 0, 0, 0
9125, 30720, 1, 0, 0
9225, 133120, 0, 0, 0
9225, 30720, 1, 0, 0
9325, 51200, 0, 0, 0
9325, 10240, 1, 0, 0
9525, 112640, 0, 0, 0
9525, 40960, 1, 0, 0
9624, 134464, 0, 0, 0
9724, 122880, 0, 0, 0
9724, 20480, 1, 0, 0
9824, 133120, 0, 0, 0
9824, 61440, 1, 0, 0
9924, 122880, 0, 0, 0
9924, 51200, 1, 0, 0
10024, 133120, 0, 0, 0
10024, 40960, 1, 0, 0
10124, 122880, 0, 0, 0
10124, 20480, 1, 0, 0
10224, 133120, 0, 0, 0
10224, 10240, 1, 0, 0
10324, 122880, 0, 0, 0
10324, 40960, 1, 0, 0
10424, 133120, 0, 0, 0
10424, 10240, 1, 0, 0
10524, 133120, 0, 0, 0
10524, 20480, 1, 0, 0
10625, 122880, 0, 0, 0
10625, 51200, 1, 0, 0
10725, 122880, 0, 0, 0
10725, 30720, 1, 0, 0
10825, 133120, 0, 0, 0
10825, 20480, 1, 0, 0
10925, 133120, 0, 0, 0
10925, 20480, 1, 0, 0
11025, 122880, 0, 0, 0
11025, 20480, 1, 0, 0
11124, 124121, 0, 0, 0
11124, 31030, 1, 0, 0
11224, 133120, 0, 0, 0
11324, 122880, 0, 0, 0
11324, 10240, 1, 0, 0
11424, 133120, 0, 0, 0
11424, 20480, 1, 0, 0
11524, 1187840, 0, 0, 0
11524, 358400, 1, 0, 0
11624, 122880, 0, 0, 0
11624, 51200, 1, 0, 0
11724, 133120, 0, 0, 0
11724, 10240, 1, 0, 0
11824, 122880, 0, 0, 0
11824, 10240, 1, 0, 0
11924, 133120, 0, 0, 0
11924, 51200, 1, 0, 0
12025, 122880, 0, 0, 0
12025, 81920, 1, 0, 0
12125, 133120, 0, 0, 0
12125, 10240, 1, 0, 0
12225, 122880, 0, 0, 0
12225, 51200, 1, 0, 0
12325, 133120, 0, 0, 0
12325, 10240, 1, 0, 0
12425, 122880, 0, 0, 0
12425, 40960, 1, 0, 0
12525, 133120, 0, 0, 0
12525, 40960, 1, 0, 0
12624, 124121, 0, 0, 0
12624, 51717, 1, 0, 0
12724, 133120, 0, 0, 0
12724, 20480, 1, 0, 0
12824, 122880, 0, 0, 0
12824, 40960, 1, 0, 0
12924, 133120, 0, 0, 0
12924, 40960, 1, 0, 0
13024, 133120, 0, 0, 0
13124, 122880, 0, 0, 0
13124, 20480, 1, 0, 0
13224, 122880, 0, 0, 0
13224, 51200, 1, 0, 0
13324, 133120, 0, 0, 0
13324, 10240, 1, 0, 0
13424, 133120, 0, 0, 0
13424, 20480, 1, 0, 0
13524, 122880, 0, 0, 0
13524, 40960, 1, 0, 0
13625, 133120, 0, 0, 0
13625, 51200, 1, 0, 0
13725, 122880, 0, 0, 0
13725, 71680, 1, 0, 0
13825, 133120, 0, 0, 0
13825, 10240, 1, 0, 0
13925, 122880, 0, 0, 0
13925, 20480, 1, 0, 0
14025, 133120, 0, 0, 0
14025, 20480, 1, 0, 0
14124, 124121, 0, 0, 0
14124, 10343, 1, 0, 0
14224, 122880, 0, 0, 0
14224, 20480, 1, 0, 0
14324, 133120, 0, 0, 0
14324, 20480, 1, 0, 0
14424, 133120, 0, 0, 0
14424, 10240, 1, 0, 0
14524, 122880, 0, 0, 0
14524, 40960, 1, 0, 0
14624, 133120, 0, 0, 0
14624, 40960, 1, 0, 0
14724, 122880, 0, 0, 0
14724, 61440, 1, 0, 0
14824, 133120, 0, 0, 0
14824, 20480, 1, 0, 0
14924, 122880, 0, 0, 0
14924, 51200, 1, 0, 0
15024, 133120, 0, 0, 0
15024, 71680, 1, 0, 0
15125, 122880, 0, 0, 0
15125, 20480, 1, 0, 0
15225, 133120, 0, 0, 0
15225, 10240, 1, 0, 0
15325, 122880, 0, 0, 0
15325, 10240, 1, 0, 0
15425, 133120, 0, 0, 0
15425, 40960, 1, 0, 0
15525, 133120, 0, 0, 0
15525, 61440, 1, 0, 0
15625, 122880, 0, 0, 0
15625, 30720, 1, 0, 0
15725, 133120, 0, 0, 0
15725, 20480, 1, 0, 0
15825, 122880, 0, 0, 0
15825, 10240, 1, 0, 0
15925, 133120, 0, 0, 0
15925, 40960, 1, 0, 0
16025, 112640, 0, 0, 0
16025, 30720, 1, 0, 0
16124, 134464, 0, 0, 0
16124, 10343, 1, 0, 0
16224, 122880, 0, 0, 0
16224, 61440, 1, 0, 0
16324, 122880, 0, 0, 0
16324, 10240, 1, 0, 0
16424, 133120, 0, 0, 0
16424, 40960, 1, 0, 0
16524, 133120, 0, 0, 0
16524, 40960, 1, 0, 0
16625, 122880, 0, 0, 0
16625, 30720, 1, 0, 0
16725, 133120, 0, 0, 0
16825, 92160, 0, 0, 0
16825, 40960, 1, 0, 0
18825, 10240, 0, 0, 0
18925, 122880, 0, 0, 0
18925, 30720, 1, 0, 0
19025, 133120, 0, 0, 0
19025, 40960, 1, 0, 0
19124, 124121, 0, 0, 0
19124, 10343, 1, 0, 0
19224, 133120, 0, 0, 0
19224, 51200, 1, 0, 0
19324, 122880, 0, 0, 0
19324, 10240, 1, 0, 0
19424, 133120, 0, 0, 0
19424, 40960, 1, 0, 0
19524, 133120, 0, 0, 0
19524, 51200, 1, 0, 0
19624, 122880, 0, 0, 0
19624, 20480, 1, 0, 0
19724, 122880, 0, 0, 0
19724, 10240, 1, 0, 0
19824, 133120, 0, 0, 0
19824, 30720, 1, 0, 0
19924, 133120, 0, 0, 0
19924, 102400, 1, 0, 0
20025, 122880, 0, 0, 0
20025, 71680, 1, 0, 0
20125, 133120, 0, 0, 0
20125, 20480, 1, 0, 0
20225, 122880, 0, 0, 0
20225, 20480, 1, 0, 0
20325, 122880, 0, 0, 0
20325, 40960, 1, 0, 0
20425, 122880, 0, 0, 0
20525, 133120, 0, 0, 0
20525, 51200, 1, 0, 0
20624, 124121, 0, 0, 0
20624, 41373, 1, 0, 0
20724, 133120, 0, 0, 0
20724, 30720, 1, 0, 0
20824, 122880, 0, 0, 0
20824, 30720, 1, 0, 0
20924, 133120, 0, 0, 0
20924, 30720, 1, 0, 0
21024, 122880, 0, 0, 0
21024, 20480, 1, 0, 0
21124, 133120, 0, 0, 0
21124, 20480, 1, 0, 0
21224, 122880, 0, 0, 0
21224, 92160, 1, 0, 0
21324, 133120, 0, 0, 0
21324, 40960, 1, 0, 0
21425, 133120, 0, 0, 0
21425, 30720, 1, 0, 0
21525, 122880, 0, 0, 0
21525, 20480, 1, 0, 0
21625, 122880, 0, 0, 0
21625, 10240, 1, 0, 0
21725, 3512320, 0, 0, 0
21725, 849920, 1, 0, 0
21825, 337920, 0, 0, 0
21825, 112640, 1, 0, 0
21925, 122880, 0, 0, 0
21925, 61440, 1, 0, 0
22025, 133120, 0, 0, 0
22025, 10240, 1, 0, 0
22124, 124121, 0, 0, 0
22124, 72404, 1, 0, 0
22224, 133120, 0, 0, 0
22224, 61440, 1, 0, 0
22324, 122880, 0, 0, 0
22424, 133120, 0, 0, 0
22424, 40960, 1, 0, 0
22524, 122880, 0, 0, 0
22524, 20480, 1, 0, 0
22624, 133120, 0, 0, 0
22624, 30720, 1, 0, 0
22724, 122880, 0, 0, 0
22724, 40960, 1, 0, 0
22825, 133120, 0, 0, 0
22925, 122880, 0, 0, 0
22925, 40960, 1, 0, 0
23025, 133120, 0, 0, 0
23025, 81920, 1, 0, 0
23125, 122880, 0, 0, 0
23125, 10240, 1, 0, 0
23225, 133120, 0, 0, 0
23225, 10240, 1, 0, 0
23325, 122880, 0, 0, 0
23325, 10240, 1, 0, 0
23425, 133120, 0, 0, 0
23425, 40960, 1, 0, 0
23525, 122880, 0, 0, 0
23525, 40960, 1, 0, 0
23624, 134464, 0, 0, 0
23624, 51717, 1, 0, 0
23724, 122880, 0, 0, 0
23724, 10240, 1, 0, 0
23824, 133120, 0, 0, 0
23824, 20480, 1, 0, 0
23924, 112640, 0, 0, 0
23924, 40960, 1, 0, 0
24024, 40960, 0, 0, 0
24124, 30720, 0, 0, 0
24224, 40960, 0, 0, 0
24224, 10240, 1, 0, 0
24324, 30720, 0, 0, 0
24324, 10240, 1, 0, 0
24425, 30720, 0, 0, 0
24425, 10240, 1, 0, 0
24525, 92160, 0, 0, 0
24525, 10240, 1, 0, 0
24625, 112640, 0, 0, 0
24625, 40960, 1, 0, 0
26325, 10240, 0, 0, 0
26425, 122880, 0, 0, 0
26425, 30720, 1, 0, 0
26525, 133120, 0, 0, 0
26525, 51200, 1, 0, 0
26625, 122880, 0, 0, 0
26625, 40960, 1, 0, 0
26725, 133120, 0, 0, 0
26725, 20480, 1, 0, 0
26825, 133120, 0, 0, 0
26825, 71680, 1, 0, 0
26925, 122880, 0, 0, 0
26925, 51200, 1, 0, 0
27025, 133120, 0, 0, 0
27025, 20480, 1, 0, 0
27124, 124121, 0, 0, 0
27124, 10343, 1, 0, 0
27224, 122880, 0, 0, 0
27224, 20480, 1, 0, 0
27324, 133120, 0, 0, 0
27324, 10240, 1, 0, 0
27424, 122880, 0, 0, 0
27424, 51200, 1, 0, 0
27524, 133120, 0, 0, 0
27524, 40960, 1, 0, 0
27624, 133120, 0, 0, 0
27624, 122880, 1, 0, 0
27724, 122880, 0, 0, 0
27724, 61440, 1, 0, 0
27824, 133120, 0, 0, 0
27824, 51200, 1, 0, 0
27924, 122880, 0, 0, 0
27924, 40960, 1, 0, 0
28024, 40960, 0, 0, 0
28024, 30720, 1, 0, 0
28124, 10240, 0, 0, 0
28224, 30720, 0, 0, 0
28224, 10240, 1, 0, 0
28324, 30720, 0, 0, 0
28424, 61440, 0, 0, 0
28424, 71680, 1, 0, 0
28525, 30720, 0, 0, 0
28625, 30720, 0, 0, 0
28625, 30720, 1, 0, 0
28725, 30720, 0, 0, 0
28825, 10240, 0, 0, 0
28925, 61440, 0, 0, 0
29025, 20480, 0, 0, 0
29125, 40960, 0, 0, 0
29125, 10240, 1, 0, 0
29225, 20480, 0, 0, 0
29325, 30720, 0, 0, 0
29425, 102400, 0, 0, 0
29425, 10240, 1, 0, 0
29525, 20480, 0, 0, 0
29525, 10240, 1, 0, 0
29724, 30720, 0, 0, 0
29824, 30720, 0, 0, 0
29824, 30720, 1, 0, 0
29924, 133120, 0, 0, 0
29924, 20480, 1, 0, 0
30024, 10240, 0, 0, 0
30124, 40960, 0, 0, 0
30124, 40960, 1, 0, 0
30224, 81920, 0, 0, 0
30224, 51200, 1, 0, 0
30324, 286720, 0, 0, 0
30324, 71680, 1, 0, 0
30424, 256000, 0, 0, 0
30424, 40960, 1, 0, 0
30524, 61440, 0, 0, 0
30524, 10240, 1, 0, 0
30624, 215040, 0, 0, 0
30624, 81920, 1, 0, 0
30724, 112640, 0, 0, 0
30724, 20480, 1, 0, 0
30824, 122880, 0, 0, 0
30824, 40960, 1, 0, 0
30925, 122880, 0, 0, 0
30925, 30720, 1, 0, 0
31025, 133120, 0, 0, 0
31025, 40960, 1, 0, 0
31125, 122880, 0, 0, 0
31125, 51200, 1, 0, 0
31225, 133120, 0, 0, 0
31225, 20480, 1, 0, 0
31325, 92160, 0, 0, 0
31325, 51200, 1, 0, 0
31425, 40960, 0, 0, 0
31525, 20480, 0, 0, 0
31624, 31030, 0, 0, 0
31724, 20480, 0, 0, 0
31824, 30720, 0, 0, 0
31924, 81920, 0, 0, 0
31924, 10240, 1, 0, 0
32024, 256000, 0, 0, 0
32024, 40960, 1, 0, 0
32124, 215040, 0, 0, 0
32124, 112640, 1, 0, 0
32224, 245760, 0, 0, 0
32224, 61440, 1, 0, 0
32324, 296960, 0, 0, 0
32324, 40960, 1, 0, 0
32424, 204800, 0, 0, 0
32424, 51200, 1, 0, 0
32524, 133120, 0, 0, 0
32524, 71680, 1, 0, 0
32624, 122880, 0, 0, 0
32624, 51200, 1, 0, 0
32724, 133120, 0, 0, 0
32724, 61440, 1, 0, 0
32824, 122880, 0, 0, 0
32824, 20480, 1, 0, 0
32924, 133120, 0, 0, 0
32924, 30720, 1, 0, 0
33024, 122880, 0, 0, 0
33024, 71680, 1, 0, 0
33125, 133120, 0, 0, 0
33125, 61440, 1, 0, 0
33225, 122880, 0, 0, 0
33225, 10240, 1, 0, 0
33325, 122880, 0, 0, 0
33325, 30720, 1, 0, 0
33425, 20480, 0, 0, 0
33525, 20480, 0, 0, 0
33625, 30720, 0, 0, 0
33725, 30720, 0, 0, 0
33725, 20480, 1, 0, 0
33825, 20480, 0, 0, 0
33925, 51200, 0, 0, 0
33925, 10240, 1, 0, 0
34025, 61440, 0, 0, 0
34025, 10240, 1, 0, 0
34124, 41373, 0, 0, 0
34224, 51200, 0, 0, 0
34324, 30720, 0, 0, 0
34424, 40960, 0, 0, 0
34524, 10240, 0, 0, 0
34624, 10240, 0, 0, 0
34724, 61440, 0, 0, 0
34724, 10240, 1, 0, 0
34824, 92160, 0, 0, 0
34824, 30720, 1, 0, 0
34924, 573440, 0, 0, 0
34924, 112640, 1, 0, 0
36624, 93090, 0, 0, 0
36624, 31030, 1, 0, 0
36724, 184320, 0, 0, 0
36724, 71680, 1, 0, 0
36824, 245760, 0, 0, 0
36824, 51200, 1, 0, 0
36924, 133120, 0, 0, 0
36924, 20480, 1, 0, 0
37024, 235520, 0, 0, 0
37024, 40960, 1, 0, 0
37124, 174080, 0, 0, 0
37124, 40960, 1, 0, 0
37224, 184320, 0, 0, 0
37224, 102400, 1, 0, 0
37324, 61440, 0, 0, 0
37324, 30720, 1, 0, 0
37424, 51200, 0, 0, 0
37424, 20480, 1, 0, 0
37524, 51200, 0, 0, 0
37524, 10240, 1, 0, 0
37625, 51200, 0, 0, 0
37725, 40960, 0, 0, 0
37725, 10240, 1, 0, 0
37825, 30720, 0, 0, 0
37825, 10240, 1, 0, 0
37925, 71680, 0, 0, 0
37925, 10240, 1, 0, 0
38025, 40960, 0, 0, 0
38025, 20480, 1, 0, 0
38125, 30720, 0, 0, 0
38225, 30720, 0, 0, 0
38225, 10240, 1, 0, 0
38325, 40960, 0, 0, 0
38425, 20480, 0, 0, 0
38525, 40960, 0, 0, 0
38525, 10240, 1, 0, 0
38624, 62060, 0, 0, 0
38624, 31030, 1, 0, 0
38724, 61440, 0, 0, 0
38724, 51200, 1, 0, 0
38824, 61440, 0, 0, 0
38824, 10240, 1, 0, 0
38924, 133120, 0, 0, 0
38924, 40960, 1, 0, 0
39224, 40960, 0, 0, 0
39224, 30720, 1, 0, 0
39324, 143360, 0, 0, 0
39324, 30720, 1, 0, 0
39424, 727040, 0, 0, 0
39424, 184320, 1, 0, 0
39524, 276480, 0, 0, 0
39524, 81920, 1, 0, 0
39624, 286720, 0, 0, 0
39624, 81920, 1, 0, 0
39724, 337920, 0, 0, 0
39724, 81920, 1, 0, 0
39824, 327680, 0, 0, 0
39824, 71680, 1, 0, 0
39925, 153600, 0, 0, 0
39925, 10240, 1, 0, 0
40025, 122880, 0, 0, 0
40025, 10240, 1, 0, 0
40125, 133120, 0, 0, 0
40125, 10240, 1, 0, 0
40225, 122880, 0, 0, 0
40225, 20480, 1, 0, 0
40325, 133120, 0, 0, 0
40325, 30720, 1, 0, 0
40425, 122880, 0, 0, 0
40425, 20480, 1, 0, 0
40525, 133120, 0, 0, 0
40625, 122880, 0, 0, 0
40625, 10240, 1, 0, 0
40725, 133120, 0, 0, 0
40725, 20480, 1, 0, 0
40825, 122880, 0, 0, 0
40825, 30720, 1, 0, 0
40925, 133120, 0, 0, 0
40925, 10240, 1, 0, 0
41025, 122880, 0, 0, 0
41025, 30720, 1, 0, 0
41124, 134464, 0, 0, 0
41124, 41373, 1, 0, 0
41224, 122880, 0, 0, 0
41324, 133120, 0, 0, 0
41324, 40960, 1, 0, 0
41424, 122880, 0, 0, 0
41424, 30720, 1, 0, 0
41524, 133120, 0, 0, 0
41524, 20480, 1, 0, 0
41624, 122880, 0, 0, 0
41624, 40960, 1, 0, 0
41724, 133120, 0, 0, 0
41724, 61440, 1, 0, 0
41824, 122880, 0, 0, 0
41824, 20480, 1, 0, 0
41924, 133120, 0, 0, 0
41924, 20480, 1, 0, 0
42024, 133120, 0, 0, 0
42024, 20480, 1, 0, 0
42125, 122880, 0, 0, 0
42125, 30720, 1, 0, 0
42225, 122880, 0, 0, 0
42325, 133120, 0, 0, 0
42325, 30720, 1, 0, 0
42425, 133120, 0, 0, 0
42425, 40960, 1, 0, 0
42525, 122880, 0, 0, 0
42525, 30720, 1, 0, 0
42625, 133120, 0, 0, 0
42625, 20480, 1, 0, 0
42725, 122880, 0, 0, 0
42725, 30720, 1, 0, 0
42825, 133120, 0, 0, 0
42825, 51200, 1, 0, 0
42925, 122880, 0, 0, 0
42925, 40960, 1, 0, 0
43025, 133120, 0, 0, 0
43025, 30720, 1, 0, 0
43124, 124121, 0, 0, 0
43124, 51717, 1, 0, 0
43224, 133120, 0, 0, 0
43224, 51200, 1, 0, 0
43324, 122880, 0, 0, 0
43324, 10240, 1, 0, 0
43424, 133120, 0, 0, 0
43424, 10240, 1, 0, 0
43524, 122880, 0, 0, 0
43524, 30720, 1, 0, 0
43624, 133120, 0, 0, 0
43624, 40960, 1, 0, 0
43724, 112640, 0, 0, 0
43825, 133120, 0, 0, 0
43825, 10240, 1, 0, 0
43925, 122880, 0, 0, 0
43925, 20480, 1, 0, 0
44025, 133120, 0, 0, 0
44025, 51200, 1, 0, 0
44125, 133120, 0, 0, 0
44125, 40960, 1, 0, 0
44225, 122880, 0, 0, 0
44225, 20480, 1, 0, 0
44325, 133120, 0, 0, 0
44325, 10240, 1, 0, 0
44425, 122880, 0, 0, 0
44425, 20480, 1, 0, 0
44525, 133120, 0, 0, 0
44525, 51200, 1, 0, 0
44624, 124121, 0, 0, 0
44624, 41373, 1, 0, 0
44724, 122880, 0, 0, 0
44724, 30720, 1, 0, 0
44824, 133120, 0, 0, 0
44824, 10240, 1, 0, 0
44924, 133120, 0, 0, 0
44924, 61440, 1, 0, 0
45024, 122880, 0, 0, 0
45024, 61440, 1, 0, 0
45124, 133120, 0, 0, 0
45124, 71680, 1, 0, 0
45224, 122880, 0, 0, 0
45224, 71680, 1, 0, 0
45325, 133120, 0, 0, 0
45325, 40960, 1, 0, 0
45425, 122880, 0, 0, 0
45425, 20480, 1, 0, 0
45525, 133120, 0, 0, 0
45525, 20480, 1, 0, 0
45625, 122880, 0, 0, 0
45625, 51200, 1, 0, 0
45725, 133120, 0, 0, 0
45725, 92160, 1, 0, 0
45825, 122880, 0, 0, 0
45825, 71680, 1, 0, 0
45925, 133120, 0, 0, 0
45925, 40960, 1, 0, 0
46025, 122880, 0, 0, 0
46025, 10240, 1, 0, 0
46124, 124121, 0, 0, 0
46124, 31030, 1, 0, 0
46224, 133120, 0, 0, 0
46224, 10240, 1, 0, 0
46324, 133120, 0, 0, 0
46324, 10240, 1, 0, 0
48324, 30720, 0, 0, 0
48324, 10240, 1, 0, 0
48424, 112640, 0, 0, 0
48424, 40960, 1, 0, 0
48524, 133120, 0, 0, 0
48524, 30720, 1, 0, 0
48624, 122880, 0, 0, 0
48624, 30720, 1, 0, 0
48724, 133120, 0, 0, 0
48824, 122880, 0, 0, 0
48824, 30720, 1, 0, 0
48925, 245760, 0, 0, 0
48925, 20480, 1, 0, 0
49025, 3624960, 0, 0, 0
49025, 1167360, 1, 0, 0
49125, 225280, 0, 0, 0
49125, 10240, 1, 0, 0
49225, 133120, 0, 0, 0
49225, 51200, 1, 0, 0
49325, 122880, 0, 0, 0
49325, 40960, 1, 0, 0
49425, 133120, 0, 0, 0
49425, 20480, 1, 0, 0
49525, 122880, 0, 0, 0
49525, 40960, 1, 0, 0
49624, 134464, 0, 0, 0
49624, 20686, 1, 0, 0
49724, 122880, 0, 0, 0
49724, 61440, 1, 0, 0
49824, 133120, 0, 0, 0
49824, 20480, 1, 0, 0
49924, 122880, 0, 0, 0
49924, 10240, 1, 0, 0
50024, 133120, 0, 0, 0
50024, 10240, 1, 0, 0
50124, 122880, 0, 0, 0
50224, 133120, 0, 0, 0
50224, 10240, 1, 0, 0
50324, 122880, 0, 0, 0
50324, 30720, 1, 0, 0
50424, 133120, 0, 0, 0
50424, 10240, 1, 0, 0
50525, 122880, 0, 0, 0
50525, 51200, 1, 0, 0
50625, 133120, 0, 0, 0
50625, 20480, 1, 0, 0
50725, 122880, 0, 0, 0
50725, 30720, 1, 0, 0
50825, 133120, 0, 0, 0
50825, 51200, 1, 0, 0
50925, 122880, 0, 0, 0
50925, 51200, 1, 0, 0
51025, 133120, 0, 0, 0
51025, 51200, 1, 0, 0
51124, 124121, 0, 0, 0
51124, 20686, 1, 0, 0
51224, 133120, 0, 0, 0
51224, 10240, 1, 0, 0
51324, 122880, 0, 0, 0
51324, 30720, 1, 0, 0
51424, 133120, 0, 0, 0
51424, 40960, 1, 0, 0
51524, 133120, 0, 0, 0
51524, 20480, 1, 0, 0
51624, 122880, 0, 0, 0
51624, 51200, 1, 0, 0
51724, 122880, 0, 0, 0
51724, 30720, 1, 0, 0
51824, 133120, 0, 0, 0
51824, 51200, 1, 0, 0
51925, 122880, 0, 0, 0
51925, 122880, 1, 0, 0
52025, 133120, 0, 0, 0
52025, 61440, 1, 0, 0
52125, 133120, 0, 0, 0
52125, 30720, 1, 0, 0
52225, 122880, 0, 0, 0
52225, 10240, 1, 0, 0
52325, 133120, 0, 0, 0
52325, 51200, 1, 0, 0
52425, 122880, 0, 0, 0
52425, 40960, 1, 0, 0
52525, 133120, 0, 0, 0
52624, 124121, 0, 0, 0
52624, 20686, 1, 0, 0
52724, 133120, 0, 0, 0
52824, 122880, 0, 0, 0
52824, 20480, 1, 0, 0
52924, 133120, 0, 0, 0
52924, 30720, 1, 0, 0
53024, 122880, 0, 0, 0
53024, 30720, 1, 0, 0
53124, 133120, 0, 0, 0
53124, 20480, 1, 0, 0
53224, 122880, 0, 0, 0
53224, 10240, 1, 0, 0
53324, 133120, 0, 0, 0
53324, 51200, 1, 0, 0
53424, 122880, 0, 0, 0
53424, 30720, 1, 0, 0
53524, 133120, 0, 0, 0
53524, 40960, 1, 0, 0
53625, 92160, 0, 0, 0
53625, 20480, 1, 0, 0
55825, 92160, 0, 0, 0
55825, 10240, 1, 0, 0
55925, 122880, 0, 0, 0
55925, 20480, 1, 0, 0
56025, 133120, 0, 0, 0
56025, 10240, 1, 0, 0
56125, 122880, 0, 0, 0
56125, 10240, 1, 0, 0
56225, 133120, 0, 0, 0
56225, 10240, 1, 0, 0
56325, 133120, 0, 0, 0
56325, 30720, 1, 0, 0
56425, 122880, 0, 0, 0
56425, 61440, 1, 0, 0
56525, 122880, 0, 0, 0
56525, 10240, 1, 0, 0
56625, 133120, 0, 0, 0
56625, 40960, 1, 0, 0
56725, 133120, 0, 0, 0
56725, 20480, 1, 0, 0
56825, 122880, 0, 0, 0
56825, 51200, 1, 0, 0
56925, 133120, 0, 0, 0
56925, 10240, 1, 0, 0
57025, 122880, 0, 0, 0
57025, 40960, 1, 0, 0
57124, 134464, 0, 0, 0
57124, 20686, 1, 0, 0
57224, 122880, 0, 0, 0
57224, 71680, 1, 0, 0
57324, 133120, 0, 0, 0
57324, 20480, 1, 0, 0
57424, 122880, 0, 0, 0
57424, 30720, 1, 0, 0
57524, 133120, 0, 0, 0
57524, 20480, 1, 0, 0
57624, 122880, 0, 0, 0
57624, 10240, 1, 0, 0
57724, 133120, 0, 0, 0
57724, 51200, 1, 0, 0
57824, 92160, 0, 0, 0
57824, 20480, 1, 0, 0
57924, 122880, 0, 0, 0
57924, 20480, 1, 0, 0
58024, 122880, 0, 0, 0
58024, 30720, 1, 0, 0
58125, 133120, 0, 0, 0
58125, 20480, 1, 0, 0
58225, 122880, 0, 0, 0
58225, 20480, 1, 0, 0
58325, 133120, 0, 0, 0
58325, 40960, 1, 0, 0
58425, 122880, 0, 0, 0
58425, 30720, 1, 0, 0
58525, 133120, 0, 0, 0
58525, 10240, 1, 0, 0
58625, 122880, 0, 0, 0
58625, 51200, 1, 0, 0
58725, 51200, 0, 0, 0
58725, 30720, 1, 0, 0
58825, 20480, 0, 0, 0
58925, 10240, 0, 0, 0
59025, 10240, 0, 0, 0
59025, 10240, 1, 0, 0
59124, 10343, 0, 0, 0
59224, 20480, 0, 0, 0
59224, 10240, 1, 0, 0
59324, 10240, 0, 0, 0
59424, 30720, 0, 0, 0
59524, 51200, 0, 0, 0
59524, 20480, 1, 0, 0
59624, 81920, 0, 0, 0
59624, 10240, 1, 0, 0
59724, 235520, 0, 0, 0
59724, 30720, 1, 0, 0
59824, 225280, 0, 0, 0
59824, 102400, 1, 0, 0
59924, 2191360, 0, 0, 0
59924, 532480, 1, 0, 0
60024, 1320960, 0, 0, 0
60024, 286720, 1, 0, 0
60124, 266240, 0, 0, 0
60124, 71680, 1, 0, 0
60224, 286720, 0, 0, 0
60224, 40960, 1, 0, 0
60325, 307200, 0, 0, 0
60325, 51200, 1, 0, 0
60425, 307200, 0, 0, 0
60425, 61440, 1, 0, 0
60525, 286720, 0, 0, 0
60525, 61440, 1, 0, 0
60625, 133120, 0, 0, 0
60625, 51200, 1, 0, 0
60725, 122880, 0, 0, 0
60725, 20480, 1, 0, 0
60825, 133120, 0, 0, 0
60825, 51200, 1, 0, 0
60925, 122880, 0, 0, 0
60925, 61440, 1, 0, 0
61025, 133120, 0, 0, 0
61025, 30720, 1, 0, 0
61124, 41373, 0, 0, 0
61124, 10343, 1, 0, 0
61224, 51200, 0, 0, 0
61324, 40960, 0, 0, 0
61424, 61440, 0, 0, 0
61424, 40960, 1, 0, 0
61524, 40960, 0, 0, 0
61524, 20480, 1, 0, 0
61624, 61440, 0, 0, 0
61624, 10240, 1, 0, 0
61724, 40960, 0, 0, 0
61724, 10240, 1, 0, 0
61824, 61440, 0, 0, 0
61925, 40960, 0, 0, 0
62025, 20480, 0, 0, 0
62125, 20480, 0, 0, 0
63324, 51200, 0, 0, 0
63324, 10240, 1, 0, 0
63424, 122880, 0, 0, 0
63424, 81920, 1, 0, 0
63524, 133120, 0, 0, 0
63524, 51200, 1, 0, 0
63624, 122880, 0, 0, 0
63724, 133120, 0, 0, 0
63724, 30720, 1, 0, 0
63824, 122880, 0, 0, 0
63824, 51200, 1, 0, 0
63925, 133120, 0, 0, 0
63925, 102400, 1, 0, 0
64025, 122880, 0, 0, 0
64025, 40960, 1, 0, 0
64125, 133120, 0, 0, 0
64125, 51200, 1, 0, 0
64225, 122880, 0, 0, 0
64225, 10240, 1, 0, 0
64325, 133120, 0, 0, 0
64325, 61440, 1, 0, 0
64425, 122880, 0, 0, 0
64425, 30720, 1, 0, 0
64525, 133120, 0, 0, 0
64525, 51200, 1, 0, 0
64624, 124121, 0, 0, 0
64624, 20686, 1, 0, 0
64724, 122880, 0, 0, 0
64724, 30720, 1, 0, 0
64824, 133120, 0, 0, 0
64824, 10240, 1, 0, 0
64924, 122880, 0, 0, 0
64924, 10240, 1, 0, 0
65024, 133120, 0, 0, 0
65024, 20480, 1, 0, 0
65124, 122880, 0, 0, 0
65124, 30720, 1, 0, 0
65224, 133120, 0, 0, 0
65324, 122880, 0, 0, 0
65324, 20480, 1, 0, 0
65424, 133120, 0, 0, 0
65424, 20480, 1, 0, 0
65525, 122880, 0, 0, 0
65525, 30720, 1, 0, 0
65625, 133120, 0, 0, 0
65625, 10240, 1, 0, 0
65725, 122880, 0, 0, 0
65725, 20480, 1, 0, 0
65825, 133120, 0, 0, 0
65925, 122880, 0, 0, 0
65925, 30720, 1, 0, 0
66025, 133120, 0, 0, 0
66025, 20480, 1, 0, 0
66124, 124121, 0, 0, 0
66124, 10343, 1, 0, 0
66224, 133120, 0, 0, 0
66224, 10240, 1, 0, 0
66324, 122880, 0, 0, 0
66324, 10240, 1, 0, 0
66424, 133120, 0, 0, 0
66424, 20480, 1, 0, 0
66524, 122880, 0, 0, 0
66524, 30720, 1, 0, 0
66624, 133120, 0, 0, 0
66624, 20480, 1, 0, 0
66724, 122880, 0, 0, 0
66724, 30720, 1, 0, 0
66824, 133120, 0, 0, 0
66824, 61440, 1, 0, 0
66925, 133120, 0, 0, 0
66925, 20480, 1, 0, 0
67025, 122880, 0, 0, 0
67025, 20480, 1, 0, 0
67125, 122880, 0, 0, 0
67125, 30720, 1, 0, 0
67225, 133120, 0, 0, 0
67325, 133120, 0, 0, 0
67325, 20480, 1, 0, 0
67425, 122880, 0, 0, 0
67525, 133120, 0, 0, 0
67525, 61440, 1, 0, 0
67624, 124121, 0, 0, 0
67624, 20686, 1, 0, 0
67724, 122880, 0, 0, 0
67724, 30720, 1, 0, 0
67824, 133120, 0, 0, 0
67824, 61440, 1, 0, 0
67924, 133120, 0, 0, 0
67924, 20480, 1, 0, 0
68024, 122880, 0, 0, 0
68024, 20480, 1, 0, 0
68124, 133120, 0, 0, 0
68124, 51200, 1, 0, 0
68224, 122880, 0, 0, 0
68224, 20480, 1, 0, 0
68324, 133120, 0, 0, 0
68324, 40960, 1, 0, 0
68424, 122880, 0, 0, 0
68424, 40960, 1, 0, 0
68524, 133120, 0, 0, 0
68625, 122880, 0, 0, 0
68625, 10240, 1, 0, 0
68725, 133120, 0, 0, 0
68725, 20480, 1, 0, 0
68825, 133120, 0, 0, 0
68825, 71680, 1, 0, 0
68925, 122880, 0, 0, 0
68925, 20480, 1, 0, 0
69025, 133120, 0, 0, 0
69124, 124121, 0, 0, 0
69124, 41373, 1, 0, 0
69224, 133120, 0, 0, 0
69324, 122880, 0, 0, 0
69324, 61440, 1, 0, 0
69424, 1648640, 0, 0, 0
69424, 389120, 1, 0, 0
71025, 71680, 0, 0, 0
71025, 61440, 1, 0, 0
71124, 124121, 0, 0, 0
71124, 20686, 1, 0, 0
71224, 133120, 0, 0, 0
71224, 40960, 1, 0, 0
71324, 122880, 0, 0, 0
71324, 40960, 1, 0, 0
71424, 133120, 0, 0, 0
71424, 10240, 1, 0, 0
71524, 122880, 0, 0, 0
71524, 20480, 1, 0, 0
71624, 133120, 0, 0, 0
71624, 102400, 1, 0, 0
71724, 266240, 0, 0, 0
71724, 30720, 1, 0, 0
72025, 71680, 0, 0, 0
72025, 20480, 1, 0, 0
72125, 419840, 0, 0, 0
72125, 112640, 1, 0, 0
72225, 133120, 0, 0, 0
72325, 122880, 0, 0, 0
72325, 20480, 1, 0, 0
72425, 133120, 0, 0, 0
72425, 10240, 1, 0, 0
72525, 122880, 0, 0, 0
72525, 40960, 1, 0, 0
72624, 134464, 0, 0, 0
72624, 41373, 1, 0, 0
72724, 122880, 0, 0, 0
72724, 71680, 1, 0, 0
72824, 133120, 0, 0, 0
72824, 20480, 1, 0, 0
72924, 122880, 0, 0, 0
72924, 61440, 1, 0, 0
73024, 133120, 0, 0, 0
73024, 40960, 1, 0, 0
73124, 122880, 0, 0, 0
73124, 30720, 1, 0, 0
73224, 133120, 0, 0, 0
73324, 122880, 0, 0, 0
73424, 133120, 0, 0, 0
73424, 20480, 1, 0, 0
73524, 133120, 0, 0, 0
73524, 112640, 1, 0, 0
73624, 122880, 0, 0, 0
73624, 20480, 1, 0, 0
73724, 133120, 0, 0, 0
73724, 40960, 1, 0, 0
73824, 122880, 0, 0, 0
73824, 10240, 1, 0, 0
73924, 122880, 0, 0, 0
73924, 20480, 1, 0, 0
74024, 133120, 0, 0, 0
74024, 40960, 1, 0, 0
74124, 133120, 0, 0, 0
74124, 30720, 1, 0, 0
74224, 122880, 0, 0, 0
74224, 30720, 1, 0, 0
74324, 133120, 0, 0, 0
74425, 122880, 0, 0, 0
74425, 71680, 1, 0, 0
74525, 133120, 0, 0, 0
74525, 40960, 1, 0, 0
74625, 122880, 0, 0, 0
74625, 40960, 1, 0, 0
74725, 133120, 0, 0, 0
74725, 10240, 1, 0, 0
74825, 112640, 0, 0, 0
74825, 10240, 1, 0, 0
74925, 133120, 0, 0, 0
74925, 30720, 1, 0, 0
75025, 122880, 0, 0, 0
75025, 40960, 1, 0, 0
75125, 133120, 0, 0, 0
75125, 51200, 1, 0, 0
75225, 122880, 0, 0, 0
75225, 51200, 1, 0, 0
75325, 122880, 0, 0, 0
75325, 40960, 1, 0, 0
75425, 122880, 0, 0, 0
75425, 30720, 1, 0, 0
75525, 133120, 0, 0, 0
75525, 30720, 1, 0, 0
75624, 124121, 0, 0, 0
75624, 10343, 1, 0, 0
75724, 102400, 0, 0, 0
75724, 20480, 1, 0, 0
75824, 92160, 0, 0, 0
75824, 20480, 1, 0, 0
75924, 194560, 0, 0, 0
75924, 30720, 1, 0, 0
76024, 92160, 0, 0, 0
76024, 20480, 1, 0, 0
76124, 143360, 0, 0, 0
76124, 40960, 1, 0, 0
76224, 143360, 0, 0, 0
76224, 40960, 1, 0, 0
76324, 133120, 0, 0, 0
76324, 30720, 1, 0, 0
76424, 81920, 0, 0, 0
76424, 20480, 1, 0, 0
76524, 174080, 0, 0, 0
76524, 92160, 1, 0, 0
76624, 81920, 0, 0, 0
76624, 10240, 1, 0, 0
76724, 163840, 0, 0, 0
76724, 10240, 1, 0, 0
76824, 133120, 0, 0, 0
76824, 40960, 1, 0, 0
76924, 133120, 0, 0, 0
76924, 30720, 1, 0, 0
77024, 122880, 0, 0, 0
77024, 30720, 1, 0, 0
77125, 133120, 0, 0, 0
77125, 40960, 1, 0, 0
77225, 133120, 0, 0, 0
77225, 40960, 1, 0, 0
77325, 122880, 0, 0, 0
77325, 20480, 1, 0, 0
77425, 133120, 0, 0, 0
77525, 122880, 0, 0, 0
77525, 30720, 1, 0, 0
77625, 122880, 0, 0, 0
77625, 40960, 1, 0, 0
77725, 61440, 0, 0, 0
77725, 20480, 1, 0, 0
77825, 122880, 0, 0, 0
77825, 30720, 1, 0, 0
77925, 61440, 0, 0, 0
77925, 20480, 1, 0, 0
78025, 40960, 0, 0, 0
78025, 10240, 1, 0, 0
78124, 31030, 0, 0, 0
78124, 10343, 1, 0, 0
78224, 256000, 0, 0, 0
78224, 71680, 1, 0, 0
78324, 276480, 0, 0, 0
78324, 61440, 1, 0, 0
78424, 184320, 0, 0, 0
78424, 61440, 1, 0, 0
78524, 112640, 0, 0, 0
78524, 10240, 1, 0, 0
78624, 143360, 0, 0, 0
78724, 102400, 0, 0, 0
78724, 20480, 1, 0, 0
78824, 153600, 0, 0, 0
78824, 20480, 1, 0, 0
78924, 122880, 0, 0, 0
78924, 30720, 1, 0, 0
79024, 133120, 0, 0, 0
79024, 71680, 1, 0, 0
79124, 133120, 0, 0, 0
79124, 51200, 1, 0, 0
79224, 122880, 0, 0, 0
79224, 71680, 1, 0, 0
79324, 133120, 0, 0, 0
79324, 30720, 1, 0, 0
79424, 122880, 0, 0, 0
79424, 30720, 1, 0, 0
79524, 61440, 0, 0, 0
79524, 10240, 1, 0, 0
79624, 81920, 0, 0, 0
79624, 40960, 1, 0, 0
79724, 235520, 0, 0, 0
79724, 51200, 1, 0, 0
79824, 133120, 0, 0, 0
79824, 40960, 1, 0, 0
79925, 133120, 0, 0, 0
79925, 61440, 1, 0, 0
82124, 122880, 0, 0, 0
82124, 30720, 1, 0, 0
82224, 133120, 0, 0, 0
82224, 10240, 1, 0, 0
82325, 122880, 0, 0, 0
82325, 61440, 1, 0, 0
82425, 133120, 0, 0, 0
82425, 20480, 1, 0, 0
82525, 122880, 0, 0, 0
82525, 40960, 1, 0, 0
82625, 133120, 0, 0, 0
82625, 51200, 1, 0, 0
82725, 122880, 0, 0, 0
82725, 30720, 1, 0, 0
82825, 133120, 0, 0, 0
82825, 20480, 1, 0, 0
82925, 122880, 0, 0, 0
82925, 51200, 1, 0, 0
83025, 133120, 0, 0, 0
83025, 40960, 1, 0, 0
83124, 124121, 0, 0, 0
83124, 10343, 1, 0, 0
83224, 133120, 0, 0, 0
83224, 51200, 1, 0, 0
83324, 122880, 0, 0, 0
83324, 40960, 1, 0, 0
83424, 133120, 0, 0, 0
83424, 30720, 1, 0, 0
83524, 122880, 0, 0, 0
83524, 10240, 1, 0, 0
83624, 133120, 0, 0, 0
83624, 51200, 1, 0, 0
83724, 133120, 0, 0, 0
83724, 30720, 1, 0, 0
83824, 122880, 0, 0, 0
83824, 40960, 1, 0, 0
83925, 1761280, 0, 0, 0
83925, 409600, 1, 0, 0
84025, 174080, 0, 0, 0
84025, 61440, 1, 0, 0
84125, 133120, 0, 0, 0
84125, 30720, 1, 0, 0
84225, 122880, 0, 0, 0
84225, 40960, 1, 0, 0
84325, 133120, 0, 0, 0
84325, 40960, 1, 0, 0
84425, 133120, 0, 0, 0
84425, 30720, 1, 0, 0
84525, 122880, 0, 0, 0
84525, 20480, 1, 0, 0
84624, 124121, 0, 0, 0
84624, 31030, 1, 0, 0
84724, 133120, 0, 0, 0
84724, 61440, 1, 0, 0
84824, 122880, 0, 0, 0
84824, 40960, 1, 0, 0
84924, 133120, 0, 0, 0
84924, 10240, 1, 0, 0
85024, 122880, 0, 0, 0
85024, 40960, 1, 0, 0
85124, 133120, 0, 0, 0
85224, 122880, 0, 0, 0
85224, 20480, 1, 0, 0
85325, 133120, 0, 0, 0
85325, 20480, 1, 0, 0
85425, 133120, 0, 0, 0
85425, 61440, 1, 0, 0
85525, 122880, 0, 0, 0
85525, 20480, 1, 0, 0
85625, 133120, 0, 0, 0
85625, 10240, 1, 0, 0
85725, 122880, 0, 0, 0
85725, 40960, 1, 0, 0
85825, 133120, 0, 0, 0
85825, 10240, 1, 0, 0
85925, 122880, 0, 0, 0
85925, 61440, 1, 0, 0
86025, 133120, 0, 0, 0
86025, 10240, 1, 0, 0
86124, 124121, 0, 0, 0
86124, 31030, 1, 0, 0
86224, 133120, 0, 0, 0
86224, 51200, 1, 0, 0
86324, 122880, 0, 0, 0
86324, 30720, 1, 0, 0
86424, 133120, 0, 0, 0
86424, 51200, 1, 0, 0
86524, 122880, 0, 0, 0
86524, 30720, 1, 0, 0
86624, 133120, 0, 0, 0
86624, 30720, 1, 0, 0
86724, 122880, 0, 0, 0
86724, 20480, 1, 0, 0
86825, 133120, 0, 0, 0
86825, 71680, 1, 0, 0
86925, 122880, 0, 0, 0
86925, 40960, 1, 0, 0
87025, 133120, 0, 0, 0
87025, 10240, 1, 0, 0
87125, 122880, 0, 0, 0
87125, 51200, 1, 0, 0
87225, 133120, 0, 0, 0
87225, 61440, 1, 0, 0
87325, 133120, 0, 0, 0
87325, 20480, 1, 0, 0
87425, 122880, 0, 0, 0
87425, 10240, 1, 0, 0
87525, 133120, 0, 0, 0
87525, 40960, 1, 0, 0
87624, 124121, 0, 0, 0
87624, 10343, 1, 0, 0
87724, 133120, 0, 0, 0
87724, 40960, 1, 0, 0
87824, 122880, 0, 0, 0
87824, 40960, 1, 0, 0
87924, 133120, 0, 0, 0
87924, 10240, 1, 0, 0
88024, 122880, 0, 0, 0
88024, 30720, 1, 0, 0
88124, 133120, 0, 0, 0
88124, 20480, 1, 0, 0
88224, 122880, 0, 0, 0
88224, 30720, 1, 0, 0
88325, 122880, 0, 0, 0
88325, 10240, 1, 0, 0
88425, 133120, 0, 0, 0
88425, 30720, 1, 0, 0
88525, 133120, 0, 0, 0
88525, 40960, 1, 0, 0
88625, 122880, 0, 0, 0
88625, 61440, 1, 0, 0
88725, 133120, 0, 0, 0
88725, 30720, 1, 0, 0
88825, 122880, 0, 0, 0
88825, 40960, 1, 0, 0
88925, 92160, 0, 0, 0
91025, 71680, 0, 0, 0
91025, 10240, 1, 0, 0
91124, 93090, 0, 0, 0
91124, 41373, 1, 0, 0
91224, 163840, 0, 0, 0
91224, 51200, 1, 0, 0
91324, 133120, 0, 0, 0
91324, 61440, 1, 0, 0
91424, 133120, 0, 0, 0
91424, 10240, 1, 0, 0
91524, 122880, 0, 0, 0
91524, 40960, 1, 0, 0
91624, 133120, 0, 0, 0
91624, 51200, 1, 0, 0
91724, 122880, 0, 0, 0
91724, 30720, 1, 0, 0
91824, 133120, 0, 0, 0
91824, 112640, 1, 0, 0
91925, 122880, 0, 0, 0
92025, 133120, 0, 0, 0
92025, 40960, 1, 0, 0
92125, 133120, 0, 0, 0
92125, 71680, 1, 0, 0
92225, 122880, 0, 0, 0
92325, 122880, 0, 0, 0
92325, 30720, 1, 0, 0
92425, 133120, 0, 0, 0
92425, 20480, 1, 0, 0
92525, 133120, 0, 0, 0
92525, 20480, 1, 0, 0
92624, 124121, 0, 0, 0
92624, 10343, 1, 0, 0
92724, 122880, 0, 0, 0
92724, 10240, 1, 0, 0
92824, 133120, 0, 0, 0
92824, 20480, 1, 0, 0
92924, 133120, 0, 0, 0
92924, 10240, 1, 0, 0
93024, 122880, 0, 0, 0
93024, 20480, 1, 0, 0
93124, 133120, 0, 0, 0
93124, 30720, 1, 0, 0
93224, 122880, 0, 0, 0
93224, 51200, 1, 0, 0
93324, 122880, 0, 0, 0
93324, 40960, 1, 0, 0
93424, 133120, 0, 0, 0
93424, 20480, 1, 0, 0
93525, 112640, 0, 0, 0
93525, 30720, 1, 0, 0
93625, 40960, 0, 0, 0
93725, 61440, 0, 0, 0
93725, 20480, 1, 0, 0
93825, 40960, 0, 0, 0
93925, 30720, 0, 0, 0
94025, 40960, 0, 0, 0
94025, 51200, 1, 0, 0
94125, 51200, 0, 0, 0
94225, 51200, 0, 0, 0
94225, 10240, 1, 0, 0
94325, 61440, 0, 0, 0
94325, 20480, 1, 0, 0
94425, 40960, 0, 0, 0
94425, 10240, 1, 0, 0
94525, 51200, 0, 0, 0
94525, 10240, 1, 0, 0
94624, 41373, 0, 0, 0
94624, 10343, 1, 0, 0
94724, 71680, 0, 0, 0
94824, 122880, 0, 0, 0
94824, 10240, 1, 0, 0
94924, 133120, 0, 0, 0
94924, 40960, 1, 0, 0
95024, 133120, 0, 0, 0
95024, 40960, 1, 0, 0
95124, 122880, 0, 0, 0
95124, 30720, 1, 0, 0
95224, 122880, 0, 0, 0
95224, 30720, 1, 0, 0
95325, 122880, 0, 0, 0
95325, 40960, 1, 0, 0
95425, 133120, 0, 0, 0
95425, 71680, 1, 0, 0
95525, 122880, 0, 0, 0
95525, 30720, 1, 0, 0
95625, 133120, 0, 0, 0
95625, 20480, 1, 0, 0
95725, 122880, 0, 0, 0
95725, 20480, 1, 0, 0
95825, 133120, 0, 0, 0
95825, 30720, 1, 0, 0
95925, 122880, 0, 0, 0
95925, 30720, 1, 0, 0
96025, 133120, 0, 0, 0
96025, 81920, 1, 0, 0
96124, 124121, 0, 0, 0
96124, 51717, 1, 0, 0
96224, 2007040, 0, 0, 0
96224, 409600, 1, 0, 0
96324, 143360, 0, 0, 0
96324, 40960, 1, 0, 0
96424, 133120, 0, 0, 0
96424, 71680, 1, 0, 0
96524, 122880, 0, 0, 0
96524, 20480, 1, 0, 0
96624, 133120, 0, 0, 0
96624, 20480, 1, 0, 0
96724, 122880, 0, 0, 0
96824, 133120, 0, 0, 0
96824, 40960, 1, 0, 0
96925, 122880, 0, 0, 0
96925, 51200, 1, 0, 0
97025, 133120, 0, 0, 0
97025, 30720, 1, 0, 0
97125, 133120, 0, 0, 0
97125, 20480, 1, 0, 0
97225, 122880, 0, 0, 0
97225, 20480, 1, 0, 0
97325, 133120, 0, 0, 0
97325, 40960, 1, 0, 0
97425, 122880, 0, 0, 0
97425, 30720, 1, 0, 0
97525, 133120, 0, 0, 0
97525, 40960, 1, 0, 0
97624, 124121, 0, 0, 0
97624, 41373, 1, 0, 0
97724, 122880, 0, 0, 0
97724, 10240, 1, 0, 0
97824, 133120, 0, 0, 0
97824, 30720, 1, 0, 0
97924, 122880, 0, 0, 0
97924, 10240, 1, 0, 0
98024, 133120, 0, 0, 0
98024, 51200, 1, 0, 0
98124, 122880, 0, 0, 0
98124, 20480, 1, 0, 0
98224, 133120, 0, 0, 0
98224, 40960, 1, 0, 0
98324, 133120, 0, 0, 0
98425, 122880, 0, 0, 0
98425, 10240, 1, 0, 0
98525, 10240, 0, 0, 0
99724, 81920, 0, 0, 0
99724, 10240, 1, 0, 0
99824, 122880, 0, 0, 0
99824, 30720, 1, 0, 0
99924, 133120, 0, 0, 0
99924, 51200, 1, 0, 0
100024, 122880, 0, 0, 0
100024, 40960, 1, 0, 0
100124, 122880, 0, 0, 0
100124, 40960, 1, 0, 0
100224, 133120, 0, 0, 0
100224, 40960, 1, 0, 0
100324, 133120, 0, 0, 0
100324, 30720, 1, 0, 0
100424, 133120, 0, 0, 0
100424, 61440, 1, 0, 0
100524, 122880, 0, 0, 0
100524, 20480, 1, 0, 0
100624, 133120, 0, 0, 0
100624, 10240, 1, 0, 0
100724, 122880, 0, 0, 0
100724, 30720, 1, 0, 0
100824, 133120, 0, 0, 0
100824, 30720, 1, 0, 0
100925, 122880, 0, 0, 0
100925, 40960, 1, 0, 0
101025, 133120, 0, 0, 0
101025, 30720, 1, 0, 0
101125, 122880, 0, 0, 0
101125, 10240, 1, 0, 0
101225, 133120, 0, 0, 0
101225, 30720, 1, 0, 0
101325, 122880, 0, 0, 0
101325, 40960, 1, 0, 0
101425, 133120, 0, 0, 0
101425, 30720, 1, 0, 0
101525, 122880, 0, 0, 0
101525, 51200, 1, 0, 0
101625, 133120, 0, 0, 0
101625, 20480, 1, 0, 0
101725, 122880, 0, 0, 0
101725, 40960, 1, 0, 0
101825, 133120, 0, 0, 0
101825, 20480, 1, 0, 0
101925, 122880, 0, 0, 0
101925, 40960, 1, 0, 0
102025, 133120, 0, 0, 0
102025, 51200, 1, 0, 0
102124, 124121, 0, 0, 0
102124, 51717, 1, 0, 0
102224, 133120, 0, 0, 0
102224, 10240, 1, 0, 0
102324, 122880, 0, 0, 0
102324, 20480, 1, 0, 0
102424, 133120, 0, 0, 0
102424, 30720, 1, 0, 0
102524, 122880, 0, 0, 0
102524, 61440, 1, 0, 0
102624, 133120, 0, 0, 0
102624, 30720, 1, 0, 0
102724, 122880, 0, 0, 0
102724, 20480, 1, 0, 0
102824, 133120, 0, 0, 0
102824, 51200, 1, 0, 0
102924, 122880, 0, 0, 0
102924, 30720, 1, 0, 0
103024, 133120, 0, 0, 0
103024, 20480, 1, 0, 0
103124, 133120, 0, 0, 0
103124, 40960, 1, 0, 0
103225, 122880, 0, 0, 0
103225, 71680, 1, 0, 0
103325, 133120, 0, 0, 0
103325, 30720, 1, 0, 0
103425, 122880, 0, 0, 0
103425, 40960, 1, 0, 0
103525, 133120, 0, 0, 0
103525, 30720, 1, 0, 0
103625, 122880, 0, 0, 0
103625, 61440, 1, 0, 0
103725, 133120, 0, 0, 0
103725, 20480, 1, 0, 0
103825, 122880, 0, 0, 0
103825, 30720, 1, 0, 0
103925, 133120, 0, 0, 0
103925, 20480, 1, 0, 0
104025, 122880, 0, 0, 0
104025, 10240, 1, 0, 0
104124, 134464, 0, 0, 0
104124, 10343, 1, 0, 0
104224, 122880, 0, 0, 0
104224, 40960, 1, 0, 0
104324, 133120, 0, 0, 0
104324, 71680, 1, 0, 0
104424, 122880, 0, 0, 0
104424, 51200, 1, 0, 0
104524, 133120, 0, 0, 0
104524, 10240, 1, 0, 0
104624, 122880, 0, 0, 0
104624, 10240, 1, 0, 0
104724, 133120, 0, 0, 0
104724, 10240, 1, 0, 0
104825, 122880, 0, 0, 0
104825, 81920, 1, 0, 0
104925, 133120, 0, 0, 0
104925, 40960, 1, 0, 0
105025, 122880, 0, 0, 0
105025, 20480, 1, 0, 0
105125, 133120, 0, 0, 0
105125, 30720, 1, 0, 0
105225, 133120, 0, 0, 0
105225, 40960, 1, 0, 0
105325, 122880, 0, 0, 0
105325, 71680, 1, 0, 0
105425, 133120, 0, 0, 0
105425, 30720, 1, 0, 0
105525, 788480, 0, 0, 0
105525, 225280, 1, 0, 0
107324, 102400, 0, 0, 0
107324, 40960, 1, 0, 0
107424, 122880, 0, 0, 0
107424, 20480, 1, 0, 0
107524, 133120, 0, 0, 0
107524, 30720, 1, 0, 0
107624, 133120, 0, 0, 0
107624, 30720, 1, 0, 0
107724, 122880, 0, 0, 0
107724, 20480, 1, 0, 0
107824, 133120, 0, 0, 0
107824, 20480, 1, 0, 0
107924, 122880, 0, 0, 0
108025, 133120, 0, 0, 0
108025, 51200, 1, 0, 0
108125, 122880, 0, 0, 0
108125, 20480, 1, 0, 0
108225, 133120, 0, 0, 0
108225, 30720, 1, 0, 0
108325, 122880, 0, 0, 0
108325, 51200, 1, 0, 0
108425, 133120, 0, 0, 0
108425, 20480, 1, 0, 0
108525, 122880, 0, 0, 0
108525, 30720, 1, 0, 0
108625, 133120, 0, 0, 0
108625, 30720, 1, 0, 0
108725, 122880, 0, 0, 0
108725, 40960, 1, 0, 0
108825, 133120, 0, 0, 0
108825, 10240, 1, 0, 0
108925, 133120, 0, 0, 0
108925, 10240, 1, 0, 0
109025, 122880, 0, 0, 0
109124, 20686, 0, 0, 0
109424, 30720, 0, 0, 0
109424, 10240, 1, 0, 0
109524, 122880, 0, 0, 0
109524, 10240, 1, 0, 0
109624, 133120, 0, 0, 0
109624, 71680, 1, 0, 0
109725, 460800, 0, 0, 0
109725, 122880, 1, 0, 0
109825, 122880, 0, 0, 0
109825, 40960, 1, 0, 0
109925, 133120, 0, 0, 0
109925, 92160, 1, 0, 0
110025, 122880, 0, 0, 0
110025, 71680, 1, 0, 0
110125, 133120, 0, 0, 0
110125, 30720, 1, 0, 0
110225, 122880, 0, 0, 0
110225, 61440, 1, 0, 0
110325, 133120, 0, 0, 0
110325, 30720, 1, 0, 0
110425, 122880, 0, 0, 0
110525, 133120, 0, 0, 0
110525, 10240, 1, 0, 0
110625, 122880, 0, 0, 0
110625, 30720, 1, 0, 0
110725, 133120, 0, 0, 0
110725, 30720, 1, 0, 0
110825, 122880, 0, 0, 0
110825, 20480, 1, 0, 0
110925, 133120, 0, 0, 0
110925, 10240, 1, 0, 0
111025, 122880, 0, 0, 0
111025, 51200, 1, 0, 0
111124, 134464, 0, 0, 0
111124, 31030, 1, 0, 0
111224, 122880, 0, 0, 0
111224, 40960, 1, 0, 0
111324, 133120, 0, 0, 0
111324, 51200, 1, 0, 0
111424, 122880, 0, 0, 0
111524, 133120, 0, 0, 0
111524, 51200, 1, 0, 0
111624, 122880, 0, 0, 0
111624, 20480, 1, 0, 0
111724, 133120, 0, 0, 0
111724, 20480, 1, 0, 0
111824, 122880, 0, 0, 0
111924, 133120, 0, 0, 0
111924, 40960, 1, 0, 0
112024, 133120, 0, 0, 0
112024, 10240, 1, 0, 0
112124, 122880, 0, 0, 0
112224, 133120, 0, 0, 0
112224, 51200, 1, 0, 0
112324, 122880, 0, 0, 0
112324, 30720, 1, 0, 0
112425, 133120, 0, 0, 0
112425, 51200, 1, 0, 0
112525, 122880, 0, 0, 0
112525, 10240, 1, 0, 0
112625, 133120, 0, 0, 0
112625, 40960, 1, 0, 0
112725, 122880, 0, 0, 0
112725, 40960, 1, 0, 0
112825, 133120, 0, 0, 0
112825, 71680, 1, 0, 0
112925, 122880, 0, 0, 0
113025, 133120, 0, 0, 0
113025, 10240, 1, 0, 0
113125, 122880, 0, 0, 0
113125, 40960, 1, 0, 0
113225, 133120, 0, 0, 0
113225, 20480, 1, 0, 0
113325, 122880, 0, 0, 0
113325, 10240, 1, 0, 0
113425, 133120, 0, 0, 0
113425, 10240, 1, 0, 0
113525, 112640, 0, 0, 0
113525, 40960, 1, 0, 0
113624, 134464, 0, 0, 0
113624, 62060, 1, 0, 0
113724, 122880, 0, 0, 0
113724, 20480, 1, 0, 0
113824, 133120, 0, 0, 0
113824, 40960, 1, 0, 0
113924, 122880, 0, 0, 0
114024, 133120, 0, 0, 0
114024, 20480, 1, 0, 0
114125, 122880, 0, 0, 0
114125, 10240, 1, 0, 0
114225, 133120, 0, 0, 0
114225, 20480, 1, 0, 0
114325, 122880, 0, 0, 0
114325, 10240, 1, 0, 0
114425, 133120, 0, 0, 0
114425, 10240, 1, 0, 0
114525, 133120, 0, 0, 0
114525, 20480, 1, 0, 0
114625, 122880, 0, 0, 0
114625, 61440, 1, 0, 0
114725, 133120, 0, 0, 0
114725, 20480, 1, 0, 0
114825, 122880, 0, 0, 0
114825, 30720, 1, 0, 0
114925, 133120, 0, 0, 0
114925, 20480, 1, 0, 0
115025, 122880, 0, 0, 0
115025, 61440, 1, 0, 0
115124, 124121, 0, 0, 0
115124, 51717, 1, 0, 0
115224, 133120, 0, 0, 0
115224, 40960, 1, 0, 0
115324, 133120, 0, 0, 0
115324, 81920, 1, 0, 0
115424, 122880, 0, 0, 0
115424, 20480, 1, 0, 0
115524, 133120, 0, 0, 0
115524, 20480, 1, 0, 0
115624, 122880, 0, 0, 0
115624, 40960, 1, 0, 0
115724, 133120, 0, 0, 0
115724, 10240, 1, 0, 0
115824, 122880, 0, 0, 0
115824, 10240, 1, 0, 0
115925, 133120, 0, 0, 0
115925, 20480, 1, 0, 0
116025, 122880, 0, 0, 0
116025, 30720, 1, 0, 0
116125, 133120, 0, 0, 0
116125, 51200, 1, 0, 0
116225, 122880, 0, 0, 0
116225, 20480, 1, 0, 0
116325, 133120, 0, 0, 0
116325, 10240, 1, 0, 0
116425, 122880, 0, 0, 0
116525, 133120, 0, 0, 0
116525, 30720, 1, 0, 0
116624, 124121, 0, 0, 0
116724, 133120, 0, 0, 0
116724, 20480, 1, 0, 0
116824, 122880, 0, 0, 0
116824, 10240, 1, 0, 0
116924, 133120, 0, 0, 0
116924, 30720, 1, 0, 0
117024, 133120, 0, 0, 0
117024, 40960, 1, 0, 0
117124, 122880, 0, 0, 0
117124, 40960, 1, 0, 0
117224, 133120, 0, 0, 0
117224, 20480, 1, 0, 0
117324, 122880, 0, 0, 0
117324, 61440, 1, 0, 0
117424, 10240, 0, 0, 0
119324, 92160, 0, 0, 0
119324, 30720, 1, 0, 0
119424, 122880, 0, 0, 0
119424, 30720, 1, 0, 0
119524, 133120, 0, 0, 0
119525, 20480, 1, 0, 0
119625, 122880, 0, 0, 0
119625, 51200, 1, 0, 0
119725, 133120, 0, 0, 0
119725, 30720, 1, 0, 0
119825, 3174400, 0, 0, 0
119825, 655360, 1, 0, 0
119925, 174080, 0, 0, 0
119925, 61440, 1, 0, 0
120025, 122880, 0, 0, 0
120025, 20480, 1, 0, 0
120124, 134464, 0, 0, 0
120124, 72404, 1, 0, 0
120224, 122880, 0, 0, 0
120224, 30720, 1, 0, 0
120324, 133120, 0, 0, 0
120424, 122880, 0, 0, 0
120424, 10240, 1, 0, 0
120524, 133120, 0, 0, 0
120524, 30720, 1, 0, 0
120624, 122880, 0, 0, 0
120724, 133120, 0, 0, 0
120724, 10240, 1, 0, 0
120824, 122880, 0, 0, 0
120824, 10240, 1, 0, 0
120924, 133120, 0, 0, 0
120924, 40960, 1, 0, 0
121024, 122880, 0, 0, 0
121024, 20480, 1, 0, 0
121125, 133120, 0, 0, 0
121125, 10240, 1, 0, 0
121225, 122880, 0, 0, 0
121225, 71680, 1, 0, 0
121325, 133120, 0, 0, 0
121325, 20480, 1, 0, 0
121425, 133120, 0, 0, 0
121425, 30720, 1, 0, 0
121525, 122880, 0, 0, 0
121525, 30720, 1, 0, 0
121625, 133120, 0, 0, 0
121625, 30720, 1, 0, 0
121725, 122880, 0, 0, 0
121725, 20480, 1, 0, 0
121825, 133120, 0, 0, 0
121825, 40960, 1, 0, 0
121925, 122880, 0, 0, 0
121925, 30720, 1, 0, 0
122025, 133120, 0, 0, 0
122124, 124121, 0, 0, 0
122124, 20686, 1, 0, 0
122224, 133120, 0, 0, 0
122224, 10240, 1, 0, 0
122324, 122880, 0, 0, 0
122324, 10240, 1, 0, 0
122424, 133120, 0, 0, 0
122424, 61440, 1, 0, 0
122524, 122880, 0, 0, 0
122624, 133120, 0, 0, 0
122624, 40960, 1, 0, 0
122725, 122880, 0, 0, 0
122725, 40960, 1, 0, 0
122825, 133120, 0, 0, 0
122825, 30720, 1, 0, 0
122925, 122880, 0, 0, 0
122925, 40960, 1, 0, 0
123025, 133120, 0, 0, 0
123025, 51200, 1, 0, 0
123125, 122880, 0, 0, 0
123125, 30720, 1, 0, 0
123225, 133120, 0, 0, 0
123225, 40960, 1, 0, 0
123325, 122880, 0, 0, 0
123325, 51200, 1, 0, 0
123425, 133120, 0, 0, 0
123425, 20480, 1, 0, 0
123525, 133120, 0, 0, 0
123525, 20480, 1, 0, 0
123624, 124121, 0, 0, 0
123624, 51717, 1, 0, 0
123724, 122880, 0, 0, 0
123724, 40960, 1, 0, 0
123824, 133120, 0, 0, 0
123824, 10240, 1, 0, 0
123924, 133120, 0, 0, 0
123924, 81920, 1, 0, 0
124024, 122880, 0, 0, 0
124024, 20480, 1, 0, 0
124124, 133120, 0, 0, 0
124124, 10240, 1, 0, 0
124224, 122880, 0, 0, 0
124224, 30720, 1, 0, 0
124325, 133120, 0, 0, 0
124325, 20480, 1, 0, 0
124425, 122880, 0, 0, 0
124425, 30720, 1, 0, 0
124525, 133120, 0, 0, 0
124525, 20480, 1, 0, 0
124625, 122880, 0, 0, 0
124625, 61440, 1, 0, 0
124725, 133120, 0, 0, 0
124725, 20480, 1, 0, 0
124825, 122880, 0, 0, 0
124825, 10240, 1, 0, 0
124925, 133120, 0, 0, 0
124925, 40960, 1, 0, 0
125025, 122880, 0, 0, 0
125025, 92160, 1, 0, 0
125724, 30720, 0, 0, 0
125724, 10240, 1, 0, 0
125824, 40960, 0, 0, 0
125924, 61440, 0, 0, 0
125924, 10240, 1, 0, 0
126024, 40960, 0, 0, 0
126024, 30720, 1, 0, 0
126125, 61440, 0, 0, 0
126125, 51200, 1, 0, 0
126225, 51200, 0, 0, 0
126325, 51200, 0, 0, 0
126325, 10240, 1, 0, 0
126425, 51200, 0, 0, 0
126425, 10240, 1, 0, 0
126525, 61440, 0, 0, 0
126625, 51200, 0, 0, 0
126725, 51200, 0, 0, 0
126825, 51200, 0, 0, 0
126825, 10240, 1, 0, 0
126925, 51200, 0, 0, 0
127025, 51200, 0, 0, 0
127025, 51200, 1, 0, 0
127124, 41373, 0, 0, 0
127124, 10343, 1, 0, 0
127224, 61440, 0, 0, 0
127324, 40960, 0, 0, 0
127324, 10240, 1, 0, 0
127424, 61440, 0, 0, 0
127424, 20480, 1, 0, 0
127524, 40960, 0, 0, 0
127524, 10240, 1, 0, 0
127624, 61440, 0, 0, 0
127624, 20480, 1, 0, 0
127724, 40960, 0, 0, 0
127724, 20480, 1, 0, 0
127824, 61440, 0, 0, 0
127824, 30720, 1, 0, 0
127924, 30720, 0, 0, 0
127924, 20480, 1, 0, 0
128024, 40960, 0, 0, 0
128024, 30720, 1, 0, 0
128124, 40960, 0, 0, 0
128224, 81920, 0, 0, 0
128224, 20480, 1, 0, 0
128324, 133120, 0, 0, 0
128324, 40960, 1, 0, 0
128425, 133120, 0, 0, 0
128425, 51200, 1, 0, 0
128525, 122880, 0, 0, 0
128525, 102400, 1, 0, 0
128625, 133120, 0, 0, 0
128625, 40960, 1, 0, 0
128725, 122880, 0, 0, 0
128725, 51200, 1, 0, 0
128825, 133120, 0, 0, 0
128925, 122880, 0, 0, 0
128925, 40960, 1, 0, 0
129025, 133120, 0, 0, 0
129025, 20480, 1, 0, 0
129125, 122880, 0, 0, 0
129125, 40960, 1, 0, 0
129225, 133120, 0, 0, 0
129225, 51200, 1, 0, 0
129325, 122880, 0, 0, 0
129425, 133120, 0, 0, 0
129425, 51200, 1, 0, 0
129525, 122880, 0, 0, 0
129525, 20480, 1, 0, 0
129624, 134464, 0, 0, 0
129624, 31030, 1, 0, 0
129724, 112640, 0, 0, 0
129724, 20480, 1, 0, 0
129824, 133120, 0, 0, 0
129824, 20480, 1, 0, 0
129924, 133120, 0, 0, 0
130024, 122880, 0, 0, 0
130024, 30720, 1, 0, 0
130124, 2293760, 0, 0, 0
130124, 604160, 1, 0, 0
130224, 1761280, 0, 0, 0
130224, 563200, 1, 0, 0
130324, 122880, 0, 0, 0
130424, 133120, 0, 0, 0
130424, 20480, 1, 0, 0
130524, 122880, 0, 0, 0
130524, 20480, 1, 0, 0
130625, 133120, 0, 0, 0
130625, 30720, 1, 0, 0
130725, 122880, 0, 0, 0
130725, 10240, 1, 0, 0
130825, 133120, 0, 0, 0
130825, 30720, 1, 0, 0
130925, 133120, 0, 0, 0
130925, 40960, 1, 0, 0
131025, 122880, 0, 0, 0
131025, 51200, 1, 0, 0
131125, 133120, 0, 0, 0
131125, 30720, 1, 0, 0
131225, 122880, 0, 0, 0
131225, 20480, 1, 0, 0
131325, 133120, 0, 0, 0
131325, 20480, 1, 0, 0
131425, 122880, 0, 0, 0
131425, 20480, 1, 0, 0
131525, 133120, 0, 0, 0
131525, 30720, 1, 0, 0
131624, 124121, 0, 0, 0
131624, 10343, 1, 0, 0
131724, 133120, 0, 0, 0
131824, 122880, 0, 0, 0
131924, 133120, 0, 0, 0
131924, 61440, 1, 0, 0
132024, 122880, 0, 0, 0
132024, 30720, 1, 0, 0
132124, 133120, 0, 0, 0
132124, 81920, 1, 0, 0
132224, 122880, 0, 0, 0
132224, 20480, 1, 0, 0
132324, 133120, 0, 0, 0
132324, 20480, 1, 0, 0
132424, 122880, 0, 0, 0
132424, 51200, 1, 0, 0
134324, 40960, 0, 0, 0
134324, 10240, 1, 0, 0
134424, 133120, 0, 0, 0
134424, 20480, 1, 0, 0
134524, 122880, 0, 0, 0
134524, 10240, 1, 0, 0
134624, 133120, 0, 0, 0
134624, 40960, 1, 0, 0
134724, 122880, 0, 0, 0
134724, 10240, 1, 0, 0
134824, 133120, 0, 0, 0
134824, 30720, 1, 0, 0
134924, 122880, 0, 0, 0
134924, 51200, 1, 0, 0
135024, 133120, 0, 0, 0
135024, 51200, 1, 0, 0
135124, 133120, 0, 0, 0
135124, 10240, 1, 0, 0
135224, 122880, 0, 0, 0
135224, 40960, 1, 0, 0
135324, 133120, 0, 0, 0
135324, 40960, 1, 0, 0
135425, 122880, 0, 0, 0
135425, 20480, 1, 0, 0
135525, 133120, 0, 0, 0
135525, 61440, 1, 0, 0
135625, 122880, 0, 0, 0
135625, 51200, 1, 0, 0
135725, 133120, 0, 0, 0
135725, 61440, 1, 0, 0
135825, 122880, 0, 0, 0
135825, 61440, 1, 0, 0
135925, 133120, 0, 0, 0
135925, 20480, 1, 0, 0
136025, 122880, 0, 0, 0
136025, 81920, 1, 0, 0
136124, 134464, 0, 0, 0
136124, 31030, 1, 0, 0
136224, 122880, 0, 0, 0
136224, 51200, 1, 0, 0
136324, 122880, 0, 0, 0
136324, 92160, 1, 0, 0
136424, 122880, 0, 0, 0
136424, 30720, 1, 0, 0
136524, 133120, 0, 0, 0
136524, 40960, 1, 0, 0
136624, 122880, 0, 0, 0
136624, 20480, 1, 0, 0
136724, 133120, 0, 0, 0
136724, 10240, 1, 0, 0
136824, 122880, 0, 0, 0
136824, 30720, 1, 0, 0
136925, 133120, 0, 0, 0
136925, 20480, 1, 0, 0
137025, 122880, 0, 0, 0
137025, 40960, 1, 0, 0
137125, 133120, 0, 0, 0
137125, 30720, 1, 0, 0
137225, 122880, 0, 0, 0
137225, 51200, 1, 0, 0
137325, 133120, 0, 0, 0
137325, 20480, 1, 0, 0
137425, 133120, 0, 0, 0
137425, 10240, 1, 0, 0
137525, 122880, 0, 0, 0
137525, 40960, 1, 0, 0
137624, 124121, 0, 0, 0
137624, 31030, 1, 0, 0
137724, 133120, 0, 0, 0
137724, 61440, 1, 0, 0
137824, 122880, 0, 0, 0
137824, 61440, 1, 0, 0
137924, 133120, 0, 0, 0
137924, 20480, 1, 0, 0
138024, 122880, 0, 0, 0
138024, 61440, 1, 0, 0
138124, 133120, 0, 0, 0
138124, 30720, 1, 0, 0
138224, 122880, 0, 0, 0
138224, 51200, 1, 0, 0
138324, 133120, 0, 0, 0
138324, 61440, 1, 0, 0
138425, 133120, 0, 0, 0
138425, 51200, 1, 0, 0
138525, 122880, 0, 0, 0
138525, 20480, 1, 0, 0
138625, 133120, 0, 0, 0
138625, 61440, 1, 0, 0
138725, 122880, 0, 0, 0
138725, 30720, 1, 0, 0
138825, 133120, 0, 0, 0
138825, 10240, 1, 0, 0
138925, 122880, 0, 0, 0
138925, 20480, 1, 0, 0
139025, 133120, 0, 0, 0
139025, 61440, 1, 0, 0
139124, 124121, 0, 0, 0
139124, 20686, 1, 0, 0
139224, 133120, 0, 0, 0
139224, 20480, 1, 0, 0
139324, 122880, 0, 0, 0
139324, 10240, 1, 0, 0
139424, 133120, 0, 0, 0
139424, 20480, 1, 0, 0
139524, 122880, 0, 0, 0
139524, 20480, 1, 0, 0
139624, 133120, 0, 0, 0
139624, 20480, 1, 0, 0
139724, 122880, 0, 0, 0
139724, 40960, 1, 0, 0
139824, 133120, 0, 0, 0
139824, 71680, 1, 0, 0
139924, 122880, 0, 0, 0
139924, 10240, 1, 0, 0
140025, 133120, 0, 0, 0
140025, 20480, 1, 0, 0
140125, 829440, 0, 0, 0
140125, 276480, 1, 0, 0
141925, 71680, 0, 0, 0
141925, 30720, 1, 0, 0
142025, 122880, 0, 0, 0
142025, 10240, 1, 0, 0
142125, 133120, 0, 0, 0
142125, 71680, 1, 0, 0
142225, 122880, 0, 0, 0
142225, 71680, 1, 0, 0
142325, 133120, 0, 0, 0
142325, 40960, 1, 0, 0
142425, 122880, 0, 0, 0
142425, 51200, 1, 0, 0
142525, 133120, 0, 0, 0
142624, 124121, 0, 0, 0
142624, 20686, 1, 0, 0
142724, 133120, 0, 0, 0
142724, 20480, 1, 0, 0
142824, 122880, 0, 0, 0
142824, 20480, 1, 0, 0
142924, 133120, 0, 0, 0
142924, 10240, 1, 0, 0
143024, 122880, 0, 0, 0
143024, 40960, 1, 0, 0
143124, 133120, 0, 0, 0
143124, 51200, 1, 0, 0
143224, 122880, 0, 0, 0
143224, 20480, 1, 0, 0
143324, 133120, 0, 0, 0
143324, 10240, 1, 0, 0
143425, 122880, 0, 0, 0
143425, 30720, 1, 0, 0
143525, 133120, 0, 0, 0
143525, 40960, 1, 0, 0
143625, 194560, 0, 0, 0
143625, 81920, 1, 0, 0
144124, 20686, 0, 0, 0
144124, 10343, 1, 0, 0
144224, 122880, 0, 0, 0
144224, 61440, 1, 0, 0
144324, 133120, 0, 0, 0
144324, 20480, 1, 0, 0
144424, 122880, 0, 0, 0
144424, 92160, 1, 0, 0
144524, 675840, 0, 0, 0
144524, 245760, 1, 0, 0
144624, 122880, 0, 0, 0
144724, 133120, 0, 0, 0
144724, 30720, 1, 0, 0
144824, 122880, 0, 0, 0
144824, 30720, 1, 0, 0
144924, 133120, 0, 0, 0
144924, 10240, 1, 0, 0
145025, 133120, 0, 0, 0
145025, 51200, 1, 0, 0
145125, 122880, 0, 0, 0
145125, 20480, 1, 0, 0
145225, 133120, 0, 0, 0
145225, 61440, 1, 0, 0
145325, 122880, 0, 0, 0
145325, 20480, 1, 0, 0
145425, 133120, 0, 0, 0
145425, 20480, 1, 0, 0
145525, 122880, 0, 0, 0
145525, 61440, 1, 0, 0
145624, 134464, 0, 0, 0
145624, 41373, 1, 0, 0
145724, 122880, 0, 0, 0
145724, 10240, 1, 0, 0
145824, 122880, 0, 0, 0
145824, 61440, 1, 0, 0
145924, 133120, 0, 0, 0
145924, 40960, 1, 0, 0
146024, 122880, 0, 0, 0
146024, 10240, 1, 0, 0
146124, 122880, 0, 0, 0
146124, 30720, 1, 0, 0
146224, 133120, 0, 0, 0
146224, 20480, 1, 0, 0
146324, 122880, 0, 0, 0
146324, 10240, 1, 0, 0
146424, 133120, 0, 0, 0
146424, 10240, 1, 0, 0
146525, 122880, 0, 0, 0
146525, 20480, 1, 0, 0
146625, 133120, 0, 0, 0
146625, 20480, 1, 0, 0
146725, 122880, 0, 0, 0
146725, 20480, 1, 0, 0
146825, 133120, 0, 0, 0
146825, 30720, 1, 0, 0
146925, 122880, 0, 0, 0
146925, 20480, 1, 0, 0
147025, 133120, 0, 0, 0
147025, 30720, 1, 0, 0
147125, 122880, 0, 0, 0
147125, 10240, 1, 0, 0
147225, 133120, 0, 0, 0
147225, 30720, 1, 0, 0
147325, 122880, 0, 0, 0
147325, 40960, 1, 0, 0
147425, 133120, 0, 0, 0
147425, 61440, 1, 0, 0
147525, 133120, 0, 0, 0
147525, 40960, 1, 0, 0
147624, 124121, 0, 0, 0
147624, 20686, 1, 0, 0
147724, 133120, 0, 0, 0
147724, 40960, 1, 0, 0
147824, 122880, 0, 0, 0
147824, 30720, 1, 0, 0
147924, 122880, 0, 0, 0
147924, 10240, 1, 0, 0
148024, 133120, 0, 0, 0
148024, 30720, 1, 0, 0
148125, 133120, 0, 0, 0
148125, 40960, 1, 0, 0
148225, 122880, 0, 0, 0
148225, 40960, 1, 0, 0
148325, 133120, 0, 0, 0
148425, 122880, 0, 0, 0
148425, 30720, 1, 0, 0
148525, 133120, 0, 0, 0
148525, 20480, 1, 0, 0
148625, 122880, 0, 0, 0
148625, 40960, 1, 0, 0
148725, 133120, 0, 0, 0
148725, 51200, 1, 0, 0
148825, 122880, 0, 0, 0
148825, 10240, 1, 0, 0
148925, 133120, 0, 0, 0
148925, 30720, 1, 0, 0
149025, 122880, 0, 0, 0
149025, 20480, 1, 0, 0
149124, 134464, 0, 0, 0
149124, 62060, 1, 0, 0
149224, 122880, 0, 0, 0
149224, 30720, 1, 0, 0
149324, 133120, 0, 0, 0
149324, 51200, 1, 0, 0
149424, 122880, 0, 0, 0
149424, 10240, 1, 0, 0
149524, 133120, 0, 0, 0
149625, 122880, 0, 0, 0
149625, 61440, 1, 0, 0
149725, 133120, 0, 0, 0
149825, 122880, 0, 0, 0
149925, 133120, 0, 0, 0
149925, 30720, 1, 0, 0
150025, 133120, 0, 0, 0
150025, 61440, 1, 0, 0
150125, 122880, 0, 0, 0
150125, 20480, 1, 0, 0
150225, 122880, 0, 0, 0
150225, 30720, 1, 0, 0
150325, 133120, 0, 0, 0
150325, 30720, 1, 0, 0
150425, 133120, 0, 0, 0
150425, 61440, 1, 0, 0
150525, 122880, 0, 0, 0
150525, 20480, 1, 0, 0
150624, 124121, 0, 0, 0
150624, 31030, 1, 0, 0
150724, 133120, 0, 0, 0
150724, 51200, 1, 0, 0
150824, 133120, 0, 0, 0
150824, 71680, 1, 0, 0
150924, 122880, 0, 0, 0
150924, 51200, 1, 0, 0
151024, 133120, 0, 0, 0
151024, 10240, 1, 0, 0
151124, 122880, 0, 0, 0
151124, 61440, 1, 0, 0
151225, 133120, 0, 0, 0
151225, 40960, 1, 0, 0
151325, 122880, 0, 0, 0
151325, 30720, 1, 0, 0
151425, 133120, 0, 0, 0
151525, 122880, 0, 0, 0
151625, 133120, 0, 0, 0
151625, 20480, 1, 0, 0
151725, 122880, 0, 0, 0
151725, 51200, 1, 0, 0
151825, 133120, 0, 0, 0
151825, 40960, 1, 0, 0
151925, 61440, 0, 0, 0
151925, 10240, 1, 0, 0
154025, 102400, 0, 0, 0
154025, 10240, 1, 0, 0
154124, 134464, 0, 0, 0
154124, 62060, 1, 0, 0
154224, 122880, 0, 0, 0
154224, 10240, 1, 0, 0
154324, 133120, 0, 0, 0
154324, 20480, 1, 0, 0
154424, 122880, 0, 0, 0
154424, 51200, 1, 0, 0
154524, 133120, 0, 0, 0
154524, 40960, 1, 0, 0
154624, 122880, 0, 0, 0
154624, 30720, 1, 0, 0
154724, 2201600, 0, 0, 0
154724, 440320, 1, 0, 0
154824, 1331200, 0, 0, 0
154824, 327680, 1, 0, 0
154925, 133120, 0, 0, 0
154925, 40960, 1, 0, 0
155025, 122880, 0, 0, 0
155125, 133120, 0, 0, 0
155125, 10240, 1, 0, 0
155225, 133120, 0, 0, 0
155225, 20480, 1, 0, 0
155325, 122880, 0, 0, 0
155425, 122880, 0, 0, 0
155425, 61440, 1, 0, 0
155525, 133120, 0, 0, 0
155525, 30720, 1, 0, 0
155624, 134464, 0, 0, 0
155624, 41373, 1, 0, 0
155724, 122880, 0, 0, 0
155724, 30720, 1, 0, 0
155824, 133120, 0, 0, 0
155824, 30720, 1, 0, 0
155924, 122880, 0, 0, 0
155924, 10240, 1, 0, 0
156024, 133120, 0, 0, 0
156024, 20480, 1, 0, 0
156124, 122880, 0, 0, 0
156124, 30720, 1, 0, 0
156224, 133120, 0, 0, 0
156224, 40960, 1, 0, 0
156324, 122880, 0, 0, 0
156324, 61440, 1, 0, 0
156425, 133120, 0, 0, 0
156425, 40960, 1, 0, 0
156525, 122880, 0, 0, 0
156525, 30720, 1, 0, 0
156625, 133120, 0, 0, 0
156725, 122880, 0, 0, 0
156725, 10240, 1, 0, 0
156825, 133120, 0, 0, 0
156825, 40960, 1, 0, 0
156925, 122880, 0, 0, 0
156925, 30720, 1, 0, 0
157025, 133120, 0, 0, 0
157025, 30720, 1, 0, 0
157124, 124121, 0, 0, 0
157124, 41373, 1, 0, 0
157224, 133120, 0, 0, 0
157224, 51200, 1, 0, 0
157324, 122880, 0, 0, 0
157324, 30720, 1, 0, 0
157424, 133120, 0, 0, 0
157424, 20480, 1, 0, 0
157524, 122880, 0, 0, 0
157524, 102400, 1, 0, 0
157624, 133120, 0, 0, 0
157624, 20480, 1, 0, 0
157724, 122880, 0, 0, 0
157724, 40960, 1, 0, 0
157825, 133120, 0, 0, 0
157825, 30720, 1, 0, 0
157925, 133120, 0, 0, 0
157925, 10240, 1, 0, 0
158025, 122880, 0, 0, 0
158025, 71680, 1, 0, 0
158125, 133120, 0, 0, 0
158125, 40960, 1, 0, 0
158225, 122880, 0, 0, 0
158225, 51200, 1, 0, 0
158325, 133120, 0, 0, 0
158325, 51200, 1, 0, 0
158425, 112640, 0, 0, 0
158425, 20480, 1, 0, 0
158525, 71680, 0, 0, 0
158525, 30720, 1, 0, 0
158624, 41373, 0, 0, 0
158624, 10343, 1, 0, 0
158724, 40960, 0, 0, 0
158724, 10240, 1, 0, 0
158824, 61440, 0, 0, 0
158824, 30720, 1, 0, 0
158924, 40960, 0, 0, 0
159024, 30720, 0, 0, 0
159024, 10240, 1, 0, 0
159124, 40960, 0, 0, 0
159124, 10240, 1, 0, 0
159224, 61440, 0, 0, 0
159224, 51200, 1, 0, 0
159325, 40960, 0, 0, 0
159325, 30720, 1, 0, 0
159425, 51200, 0, 0, 0
159425, 20480, 1, 0, 0
159525, 40960, 0, 0, 0
159525, 10240, 1, 0, 0
159625, 61440, 0, 0, 0
159625, 10240, 1, 0, 0
159725, 40960, 0, 0, 0
159825, 30720, 0, 0, 0
159925, 40960, 0, 0, 0
160025, 61440, 0, 0, 0
160025, 20480, 1, 0, 0
160124, 41373, 0, 0, 0
160124, 10343, 1, 0, 0
160224, 61440, 0, 0, 0
160224, 10240, 1, 0, 0
160324, 40960, 0, 0, 0
160324, 10240, 1, 0, 0
160424, 51200, 0, 0, 0
160424, 10240, 1, 0, 0
160524, 40960, 0, 0, 0
160624, 61440, 0, 0, 0
160724, 40960, 0, 0, 0
160824, 51200, 0, 0, 0
160824, 10240, 1, 0, 0
160924, 71680, 0, 0, 0
161025, 81920, 0, 0, 0
161125, 51200, 0, 0, 0
161125, 20480, 1, 0, 0
161225, 51200, 0, 0, 0
161225, 10240, 1, 0, 0
161325, 40960, 0, 0, 0
161325, 10240, 1, 0, 0
161425, 30720, 0, 0, 0
161625, 112640, 0, 0, 0
161625, 40960, 1, 0, 0
161725, 122880, 0, 0, 0
161725, 10240, 1, 0, 0
161825, 133120, 0, 0, 0
161825, 40960, 1, 0, 0
161925, 122880, 0, 0, 0
161925, 20480, 1, 0, 0
162025, 133120, 0, 0, 0
162025, 40960, 1, 0, 0
162124, 124121, 0, 0, 0
162124, 20686, 1, 0, 0
162224, 133120, 0, 0, 0
162224, 10240, 1, 0, 0
162324, 122880, 0, 0, 0
162324, 20480, 1, 0, 0
162424, 133120, 0, 0, 0
162424, 40960, 1, 0, 0
162524, 122880, 0, 0, 0
162524, 71680, 1, 0, 0
162624, 133120, 0, 0, 0
162624, 10240, 1, 0, 0
162724, 122880, 0, 0, 0
162724, 30720, 1, 0, 0
162824, 133120, 0, 0, 0
162925, 122880, 0, 0, 0
162925, 61440, 1, 0, 0
163025, 133120, 0, 0, 0
163025, 20480, 1, 0, 0
163125, 122880, 0, 0, 0
163125, 51200, 1, 0, 0
163225, 133120, 0, 0, 0
163225, 30720, 1, 0, 0
163325, 133120, 0, 0, 0
163325, 10240, 1, 0, 0
163425, 122880, 0, 0, 0
163425, 10240, 1, 0, 0
163525, 122880, 0, 0, 0
163525, 51200, 1, 0, 0
163625, 133120, 0, 0, 0
163625, 20480, 1, 0, 0
163725, 133120, 0, 0, 0
163825, 122880, 0, 0, 0
163825, 51200, 1, 0, 0
163925, 133120, 0, 0, 0
163925, 30720, 1, 0, 0
164025, 112640, 0, 0, 0
164025, 30720, 1, 0, 0
164124, 134464, 0, 0, 0
164124, 31030, 1, 0, 0
164224, 122880, 0, 0, 0
164224, 40960, 1, 0, 0
164324, 133120, 0, 0, 0
164324, 20480, 1, 0, 0
164424, 122880, 0, 0, 0
164424, 20480, 1, 0, 0
164524, 133120, 0, 0, 0
164524, 40960, 1, 0, 0
164624, 122880, 0, 0, 0
164624, 20480, 1, 0, 0
164724, 133120, 0, 0, 0
164724, 10240, 1, 0, 0
164824, 122880, 0, 0, 0
164824, 40960, 1, 0, 0
164924, 133120, 0, 0, 0
164924, 40960, 1, 0, 0
165024, 122880, 0, 0, 0
165024, 40960, 1, 0, 0
165124, 133120, 0, 0, 0
165124, 40960, 1, 0, 0
165224, 122880, 0, 0, 0
165224, 30720, 1, 0, 0
165325, 133120, 0, 0, 0
165325, 20480, 1, 0, 0
165425, 122880, 0, 0, 0
165425, 10240, 1, 0, 0
165525, 133120, 0, 0, 0
165525, 20480, 1, 0, 0
165625, 122880, 0, 0, 0
165725, 133120, 0, 0, 0
165725, 20480, 1, 0, 0
165825, 133120, 0, 0, 0
165825, 20480, 1, 0, 0
165925, 122880, 0, 0, 0
165925, 61440, 1, 0, 0
166025, 122880, 0, 0, 0
166025, 10240, 1, 0, 0
166125, 1689600, 0, 0, 0
166125, 327680, 1, 0, 0
166225, 153600, 0, 0, 0
166225, 20480, 1, 0, 0
166325, 133120, 0, 0, 0
166325, 10240, 1, 0, 0
166425, 122880, 0, 0, 0
166425, 51200, 1, 0, 0
166525, 133120, 0, 0, 0
166525, 30720, 1, 0, 0
166624, 124121, 0, 0, 0
166624, 41373, 1, 0, 0
166724, 133120, 0, 0, 0
166724, 51200, 1, 0, 0
166824, 133120, 0, 0, 0
166824, 143360, 1, 0, 0
166924, 122880, 0, 0, 0
166924, 30720, 1, 0, 0
167024, 133120, 0, 0, 0
167024, 30720, 1, 0, 0
167124, 122880, 0, 0, 0
167224, 122880, 0, 0, 0
167224, 30720, 1, 0, 0
167324, 133120, 0, 0, 0
167324, 20480, 1, 0, 0
167424, 133120, 0, 0, 0
167424, 20480, 1, 0, 0
167524, 122880, 0, 0, 0
167524, 51200, 1, 0, 0
167624, 133120, 0, 0, 0
167624, 30720, 1, 0, 0
167724, 122880, 0, 0, 0
167825, 133120, 0, 0, 0
167825, 81920, 1, 0, 0
167925, 122880, 0, 0, 0
168025, 133120, 0, 0, 0
168025, 10240, 1, 0, 0
168125, 122880, 0, 0, 0
168125, 51200, 1, 0, 0
168225, 133120, 0, 0, 0
168225, 30720, 1, 0, 0
168325, 122880, 0, 0, 0
168325, 30720, 1, 0, 0
168425, 133120, 0, 0, 0
168425, 61440, 1, 0, 0
168525, 81920, 0, 0, 0
168525, 10240, 1, 0, 0
170425, 51200, 0, 0, 0
170425, 20480, 1, 0, 0
170525, 133120, 0, 0, 0
170525, 10240, 1, 0, 0
170625, 122880, 0, 0, 0
170625, 61440, 1, 0, 0
170725, 133120, 0, 0, 0
170725, 40960, 1, 0, 0
170825, 122880, 0, 0, 0
170825, 40960, 1, 0, 0
170925, 133120, 0, 0, 0
170925, 40960, 1, 0, 0
171025, 122880, 0, 0, 0
171025, 20480, 1, 0, 0
171125, 133120, 0, 0, 0
171125, 30720, 1, 0, 0
171225, 133120, 0, 0, 0
171225, 20480, 1, 0, 0
171325, 122880, 0, 0, 0
171325, 51200, 1, 0, 0
171425, 133120, 0, 0, 0
171425, 20480, 1, 0, 0
171525, 122880, 0, 0, 0
171525, 51200, 1, 0, 0
171624, 134464, 0, 0, 0
171724, 122880, 0, 0, 0
171724, 51200, 1, 0, 0
171824, 133120, 0, 0, 0
171824, 10240, 1, 0, 0
171924, 122880, 0, 0, 0
171924, 30720, 1, 0, 0
172024, 133120, 0, 0, 0
172024, 20480, 1, 0, 0
172124, 122880, 0, 0, 0
172124, 40960, 1, 0, 0
172224, 133120, 0, 0, 0
172224, 61440, 1, 0, 0
172324, 122880, 0, 0, 0
172324, 30720, 1, 0, 0
172424, 133120, 0, 0, 0
172424, 20480, 1, 0, 0
172524, 122880, 0, 0, 0
172524, 20480, 1, 0, 0
172624, 133120, 0, 0, 0
172624, 40960, 1, 0, 0
172725, 122880, 0, 0, 0
172725, 20480, 1, 0, 0
172825, 133120, 0, 0, 0
172825, 40960, 1, 0, 0
172925, 122880, 0, 0, 0
172925, 51200, 1, 0, 0
173025, 133120, 0, 0, 0
173025, 40960, 1, 0, 0
173125, 122880, 0, 0, 0
173125, 40960, 1, 0, 0
173225, 133120, 0, 0, 0
173225, 51200, 1, 0, 0
173325, 122880, 0, 0, 0
173325, 10240, 1, 0, 0
173425, 133120, 0, 0, 0
173425, 30720, 1, 0, 0
173525, 122880, 0, 0, 0
173525, 20480, 1, 0, 0
173624, 134464, 0, 0, 0
173624, 51717, 1, 0, 0
173724, 122880, 0, 0, 0
173724, 51200, 1, 0, 0
173824, 133120, 0, 0, 0
173824, 61440, 1, 0, 0
173924, 122880, 0, 0, 0
173924, 10240, 1, 0, 0
174024, 133120, 0, 0, 0
174124, 122880, 0, 0, 0
174124, 10240, 1, 0, 0
174224, 133120, 0, 0, 0
174224, 40960, 1, 0, 0
174324, 122880, 0, 0, 0
174324, 40960, 1, 0, 0
174424, 133120, 0, 0, 0
174424, 10240, 1, 0, 0
174524, 133120, 0, 0, 0
174524, 40960, 1, 0, 0
174624, 122880, 0, 0, 0
174624, 20480, 1, 0, 0
174725, 133120, 0, 0, 0
174725, 61440, 1, 0, 0
174825, 122880, 0, 0, 0
174825, 61440, 1, 0, 0
174925, 133120, 0, 0, 0
174925, 10240, 1, 0, 0
175025, 122880, 0, 0, 0
175025, 20480, 1, 0, 0
175125, 133120, 0, 0, 0
175225, 122880, 0, 0, 0
175225, 20480, 1, 0, 0
175325, 133120, 0, 0, 0
175325, 10240, 1, 0, 0
175425, 122880, 0, 0, 0
175425, 40960, 1, 0, 0
175525, 133120, 0, 0, 0
175525, 51200, 1, 0, 0
175624, 124121, 0, 0, 0
175624, 41373, 1, 0, 0
175724, 133120, 0, 0, 0
175724, 30720, 1, 0, 0
175824, 122880, 0, 0, 0
175824, 10240, 1, 0, 0
175924, 133120, 0, 0, 0
175924, 81920, 1, 0, 0
176024, 122880, 0, 0, 0
176024, 30720, 1, 0, 0
176124, 1566720, 0, 0, 0
176124, 378880, 1, 0, 0
177925, 112640, 0, 0, 0
177925, 61440, 1, 0, 0
178025, 122880, 0, 0, 0
178025, 30720, 1, 0, 0
178124, 134464, 0, 0, 0
178124, 20686, 1, 0, 0
178224, 122880, 0, 0, 0
178224, 20480, 1, 0, 0
178324, 133120, 0, 0, 0
178324, 30720, 1, 0, 0
178424, 122880, 0, 0, 0
178424, 61440, 1, 0, 0
178524, 133120, 0, 0, 0
178524, 20480, 1, 0, 0
178624, 122880, 0, 0, 0
178624, 20480, 1, 0, 0
178724, 133120, 0, 0, 0
178724, 40960, 1, 0, 0
178825, 122880, 0, 0, 0
178825, 10240, 1, 0, 0
178925, 133120, 0, 0, 0
178925, 81920, 1, 0, 0
179025, 122880, 0, 0, 0
179025, 51200, 1, 0, 0
179125, 133120, 0, 0, 0
179125, 20480, 1, 0, 0
179225, 40960, 0, 0, 0
179225, 10240, 1, 0, 0
179624, 124121, 0, 0, 0
179624, 20686, 1, 0, 0
179724, 133120, 0, 0, 0
179724, 51200, 1, 0, 0
179824, 440320, 0, 0, 0
179824, 112640, 1, 0, 0
179924, 133120, 0, 0, 0
