100, 3111770, 0, 0, 0
101, 255772, 1, 0, 0
203, 3104097, 0, 0, 0
213, 252209, 1, 0, 0
300, 3236503, 0, 0, 0
306, 265096, 1, 0, 0
403, 3464309, 0, 0, 0
418, 271229, 1, 0, 0
502, 3549478, 0, 0, 0
527, 262693, 1, 0, 0
602, 3002371, 0, 0, 0
653, 269573, 1, 0, 0
702, 2828446, 0, 0, 0
702, 264244, 1, 0, 0
805, 5974209, 0, 0, 0
879, 263769, 1, 0, 0
903, 8108665, 0, 0, 0
911, 273029, 1, 0, 0
1006, 7786954, 0, 0, 0
1038, 261985, 1, 0, 0
1102, 7941770, 0, 0, 0
1102, 263006, 1, 0, 0
1207, 7868859, 0, 0, 0
1207, 261688, 1, 0, 0
1301, 7740267, 0, 0, 0
1301, 265030, 1, 0, 0
1405, 7909094, 0, 0, 0
1413, 263762, 1, 0, 0
1502, 7896690, 0, 0, 0
1502, 259976, 1, 0, 0
1605, 7949863, 0, 0, 0
1621, 269479, 1, 0, 0
1702, 7988410, 0, 0, 0
1709, 262847, 1, 0, 0
1805, 7787753, 0, 0, 0
1869, 260776, 1, 0, 0
1900, 7882812, 0, 0, 0
1964, 271523, 1, 0, 0
2005, 7975596, 0, 0, 0
2029, 259435, 1, 0, 0
2100, 7811267, 0, 0, 0
2124, 265502, 1, 0, 0
2205, 7993948, 0, 0, 0
2221, 273088, 1, 0, 0
2302, 7996970, 0, 0, 0
2404, 7879958, 0, 0, 0
2420, 268074, 1, 0, 0
2508, 7924471, 0, 0, 0
2524, 267952, 1, 0, 0
2604, 7997806, 0, 0, 0
2611, 265661, 1, 0, 0
2701, 7984104, 0, 0, 0
2716, 266487, 1, 0, 0
2802, 7590834, 0, 0, 0
2836, 264099, 1, 0, 0
2907, 7949331, 0, 0, 0
2931, 270214, 1, 0, 0
3004, 7936474, 0, 0, 0
3060, 258837, 1, 0, 0
3106, 7794445, 0, 0, 0
3122, 267477, 1, 0, 0
3203, 8007312, 0, 0, 0
3258, 266768, 1, 0, 0
3307, 7972344, 0, 0, 0
3307, 270070, 1, 0, 0
3402, 7791866, 0, 0, 0
3428, 264616, 1, 0, 0
3505, 7819853, 0, 0, 0
3530, 260956, 1, 0, 0
3602, 8032573, 0, 0, 0
3603, 263477, 1, 0, 0
3700, 8054121, 0, 0, 0
3746, 264920, 1, 0, 0
3801, 7669189, 0, 0, 0
3819, 261042, 1, 0, 0
3906, 7885442, 0, 0, 0
3930, 262662, 1, 0, 0
4001, 7923668, 0, 0, 0
4051, 263587, 1, 0, 0
4107, 8049934, 0, 0, 0
4137, 269193, 1, 0, 0
4202, 7824914, 0, 0, 0
4203, 259899, 1, 0, 0
4304, 7751032, 0, 0, 0
4305, 259470, 1, 0, 0
4409, 7881487, 0, 0, 0
4489, 264678, 1, 0, 0
4504, 7948280, 0, 0, 0
4505, 268212, 1, 0, 0
4603, 8140894, 0, 0, 0
4603, 265447, 1, 0, 0
4705, 7796091, 0, 0, 0
4745, 266575, 1, 0, 0
4800, 7843042, 0, 0, 0
4872, 266218, 1, 0, 0
4904, 7975651, 0, 0, 0
4944, 279274, 1, 0, 0
5007, 7789194, 0, 0, 0
5087, 260912, 1, 0, 0
5103, 7971426, 0, 0, 0
5135, 273729, 1, 0, 0
5214, 27781459, 0, 0, 0
5278, 260586, 1, 0, 0
5317, 34178566, 0, 0, 0
5317, 265439, 1, 0, 0
5422, 26186807, 0, 0, 0
5446, 268156, 1, 0, 0
5501, 19518696, 0, 0, 0
5501, 258064, 1, 0, 0
5613, 22358419, 0, 0, 0
5662, 266538, 1, 0, 0
5709, 19127303, 0, 0, 0
5823, 22787281, 0, 0, 0
5909, 17283990, 0, 0, 0
5925, 259475, 1, 0, 0
6021, 22171397, 0, 0, 0
6076, 272591, 1, 0, 0
6108, 17339010, 0, 0, 0
6205, 24273510, 0, 0, 0
6263, 260711, 1, 0, 0
6317, 18639239, 0, 0, 0
6414, 24220966, 0, 0, 0
6468, 271836, 1, 0, 0
6500, 17089633, 0, 0, 0
6526, 258673, 1, 0, 0
6636, 26977774, 0, 0, 0
6715, 39557246, 0, 0, 0
6788, 263289, 1, 0, 0
6812, 24232598, 0, 0, 0
6835, 260101, 1, 0, 0
6923, 18371348, 0, 0, 0
7020, 24068012, 0, 0, 0
7107, 17479119, 0, 0, 0
7171, 264358, 1, 0, 0
7219, 22270282, 0, 0, 0
7261, 265969, 1, 0, 0
7315, 19156390, 0, 0, 0
7339, 257907, 1, 0, 0
7411, 23759759, 0, 0, 0
7411, 275395, 1, 0, 0
7500, 17886025, 0, 0, 0
7524, 258471, 1, 0, 0
7613, 22461091, 0, 0, 0
7658, 266218, 1, 0, 0
7700, 269083, 1, 0, 0
7730, 19311902, 0, 0, 0
7826, 32143979, 0, 0, 0
7826, 257981, 1, 0, 0
7902, 18768466, 0, 0, 0
7910, 270213, 1, 0, 0
8000, 258773, 1, 0, 0
8016, 9468557, 0, 0, 0
8112, 19149702, 0, 0, 0
8215, 34288617, 0, 0, 0
8295, 265276, 1, 0, 0
8319, 25882099, 0, 0, 0
8393, 266428, 1, 0, 0
8400, 13430021, 0, 0, 0
8465, 259214, 1, 0, 0
8505, 8092178, 0, 0, 0
8513, 264376, 1, 0, 0
8601, 7842236, 0, 0, 0
8624, 258965, 1, 0, 0
8704, 7863020, 0, 0, 0
8785, 261693, 1, 0, 0
8807, 7937031, 0, 0, 0
8817, 261250, 1, 0, 0
8903, 7886810, 0, 0, 0
9007, 8017790, 0, 0, 0
9039, 267874, 1, 0, 0
9103, 7913236, 0, 0, 0
9128, 261395, 1, 0, 0
9200, 8042656, 0, 0, 0
9231, 259230, 1, 0, 0
9439, 10023576, 0, 0, 0
9439, 396060, 1, 0, 0
9503, 7906163, 0, 0, 0
9511, 385446, 1, 0, 0
9607, 7935884, 0, 0, 0
9662, 389807, 1, 0, 0
9703, 7931238, 0, 0, 0
9800, 391328, 1, 0, 0
9806, 7894858, 0, 0, 0
9902, 7755051, 0, 0, 0
9919, 385821, 1, 0, 0
10006, 7794208, 0, 0, 0
10069, 371876, 1, 0, 0
10101, 7880060, 0, 0, 0
10119, 378044, 1, 0, 0
10206, 8008827, 0, 0, 0
10247, 380374, 1, 0, 0
10302, 7881903, 0, 0, 0
10309, 368972, 1, 0, 0
10404, 7845331, 0, 0, 0
10438, 377963, 1, 0, 0
10500, 7910550, 0, 0, 0
10550, 375535, 1, 0, 0
10605, 7890265, 0, 0, 0
10637, 373833, 1, 0, 0
10701, 7962577, 0, 0, 0
10732, 366896, 1, 0, 0
10805, 7892025, 0, 0, 0
10844, 375638, 1, 0, 0
10901, 8010046, 0, 0, 0
10924, 389148, 1, 0, 0
11005, 7841148, 0, 0, 0
11052, 383545, 1, 0, 0
11101, 7902518, 0, 0, 0
11206, 8098108, 0, 0, 0
11229, 378052, 1, 0, 0
11301, 7859818, 0, 0, 0
11404, 7938280, 0, 0, 0
11421, 369204, 1, 0, 0
11500, 360242, 1, 0, 0
11507, 768339, 0, 0, 0
11603, 7947665, 0, 0, 0
11619, 244026, 1, 0, 0
11708, 8017827, 0, 0, 0
11754, 257628, 1, 0, 0
11804, 7909793, 0, 0, 0
11845, 257375, 1, 0, 0
11907, 7843453, 0, 0, 0
11955, 262663, 1, 0, 0
12003, 7869253, 0, 0, 0
12011, 267489, 1, 0, 0
12106, 7839567, 0, 0, 0
12124, 256337, 1, 0, 0
12202, 7930154, 0, 0, 0
12202, 259481, 1, 0, 0
12307, 8008241, 0, 0, 0
12362, 266090, 1, 0, 0
12403, 7961671, 0, 0, 0
12403, 259980, 1, 0, 0
12506, 7826276, 0, 0, 0
12539, 260517, 1, 0, 0
12602, 7914267, 0, 0, 0
12609, 260754, 1, 0, 0
12707, 7974626, 0, 0, 0
12769, 261224, 1, 0, 0
12801, 7810491, 0, 0, 0
12802, 260587, 1, 0, 0
12907, 8014488, 0, 0, 0
12907, 258782, 1, 0, 0
13001, 7819441, 0, 0, 0
13104, 7914880, 0, 0, 0
13112, 271292, 1, 0, 0
13200, 7866919, 0, 0, 0
13217, 258959, 1, 0, 0
13305, 8004367, 0, 0, 0
13337, 261824, 1, 0, 0
13400, 7879532, 0, 0, 0
13481, 261491, 1, 0, 0
13504, 7955311, 0, 0, 0
13505, 255114, 1, 0, 0
13601, 7971009, 0, 0, 0
13601, 260448, 1, 0, 0
13706, 7996888, 0, 0, 0
13707, 259078, 1, 0, 0
13800, 7645284, 0, 0, 0
13847, 260446, 1, 0, 0
13903, 7927076, 0, 0, 0
14001, 8127411, 0, 0, 0
14007, 262444, 1, 0, 0
14104, 7879938, 0, 0, 0
14120, 262924, 1, 0, 0
14201, 8008007, 0, 0, 0
14272, 265257, 1, 0, 0
14303, 7813953, 0, 0, 0
14311, 258192, 1, 0, 0
14400, 8081766, 0, 0, 0
14439, 260925, 1, 0, 0
14502, 7738633, 0, 0, 0
14502, 261698, 1, 0, 0
14600, 8115118, 0, 0, 0
14614, 265845, 1, 0, 0
14702, 7745422, 0, 0, 0
14703, 257733, 1, 0, 0
14801, 8089719, 0, 0, 0
14861, 266606, 1, 0, 0
14903, 7845055, 0, 0, 0
14904, 260664, 1, 0, 0
15006, 7670876, 0, 0, 0
15030, 261142, 1, 0, 0
15102, 7982762, 0, 0, 0
15207, 8032452, 0, 0, 0
15207, 261428, 1, 0, 0
15301, 7824849, 0, 0, 0
15325, 262577, 1, 0, 0
15406, 7963539, 0, 0, 0
15413, 274159, 1, 0, 0
15501, 7799494, 0, 0, 0
15501, 261368, 1, 0, 0
15605, 7936014, 0, 0, 0
15661, 262672, 1, 0, 0
15702, 8009892, 0, 0, 0
15718, 259202, 1, 0, 0
15804, 7837151, 0, 0, 0
15860, 261261, 1, 0, 0
15900, 7965598, 0, 0, 0
15916, 271518, 1, 0, 0
16006, 8674457, 0, 0, 0
16013, 261385, 1, 0, 0
16101, 7902835, 0, 0, 0
16101, 267599, 1, 0, 0
16206, 7971847, 0, 0, 0
16206, 265192, 1, 0, 0
16301, 7871773, 0, 0, 0
16341, 258792, 1, 0, 0
16403, 7815323, 0, 0, 0
16404, 260563, 1, 0, 0
16500, 7960262, 0, 0, 0
16516, 259754, 1, 0, 0
16604, 7864293, 0, 0, 0
16708, 8028228, 0, 0, 0
16725, 260610, 1, 0, 0
18822, 9083612, 0, 0, 0
18870, 291934, 1, 0, 0
18902, 7940944, 0, 0, 0
18903, 371610, 1, 0, 0
19005, 7779577, 0, 0, 0
19005, 366130, 1, 0, 0
19101, 7916016, 0, 0, 0
19134, 367457, 1, 0, 0
19205, 7927083, 0, 0, 0
19215, 391905, 1, 0, 0
19301, 7920048, 0, 0, 0
19325, 392573, 1, 0, 0
19406, 7925225, 0, 0, 0
19406, 401548, 1, 0, 0
19501, 7737327, 0, 0, 0
19573, 378567, 1, 0, 0
19605, 8000452, 0, 0, 0
19612, 378935, 1, 0, 0
19709, 7898283, 0, 0, 0
19733, 374068, 1, 0, 0
19804, 7795130, 0, 0, 0
19836, 374609, 1, 0, 0
19900, 7746623, 0, 0, 0
19900, 369918, 1, 0, 0
20004, 7756814, 0, 0, 0
20059, 373069, 1, 0, 0
20106, 7847129, 0, 0, 0
20116, 380814, 1, 0, 0
20204, 8028244, 0, 0, 0
20300, 374663, 1, 0, 0
20314, 8379101, 0, 0, 0
20403, 8051165, 0, 0, 0
20427, 379228, 1, 0, 0
20506, 7841633, 0, 0, 0
20507, 372122, 1, 0, 0
20602, 7784024, 0, 0, 0
20659, 370487, 1, 0, 0
20706, 7874727, 0, 0, 0
20747, 368073, 1, 0, 0
20803, 8021911, 0, 0, 0
20874, 384823, 1, 0, 0
20906, 7880075, 0, 0, 0
20906, 366750, 1, 0, 0
21003, 7966362, 0, 0, 0
21074, 371443, 1, 0, 0
21107, 7897103, 0, 0, 0
21161, 372567, 1, 0, 0
21202, 7776644, 0, 0, 0
21202, 371206, 1, 0, 0
21307, 7804251, 0, 0, 0
21361, 371501, 1, 0, 0
21402, 7826353, 0, 0, 0
21449, 371832, 1, 0, 0
21505, 7858978, 0, 0, 0
21601, 8036734, 0, 0, 0
21609, 373165, 1, 0, 0
21700, 314920, 0, 0, 0
21700, 365788, 1, 0, 0
21801, 678373, 0, 0, 0
21816, 339196, 1, 0, 0
21906, 7985871, 0, 0, 0
21906, 253839, 1, 0, 0
22001, 7775761, 0, 0, 0
22048, 251267, 1, 0, 0
22103, 7801451, 0, 0, 0
22112, 259805, 1, 0, 0
22208, 7937309, 0, 0, 0
22216, 258337, 1, 0, 0
22303, 7881200, 0, 0, 0
22328, 279600, 1, 0, 0
22400, 7945367, 0, 0, 0
22407, 260689, 1, 0, 0
22503, 7921728, 0, 0, 0
22511, 263221, 1, 0, 0
22608, 8018441, 0, 0, 0
22608, 263710, 1, 0, 0
22703, 7831888, 0, 0, 0
22703, 262458, 1, 0, 0
22806, 7865167, 0, 0, 0
22855, 271485, 1, 0, 0
22903, 8023497, 0, 0, 0
22919, 272032, 1, 0, 0
23007, 7847448, 0, 0, 0
23007, 256705, 1, 0, 0
23103, 7923958, 0, 0, 0
23119, 256927, 1, 0, 0
23207, 7961904, 0, 0, 0
23246, 262548, 1, 0, 0
23301, 7824577, 0, 0, 0
23326, 264379, 1, 0, 0
23405, 7893561, 0, 0, 0
23437, 259196, 1, 0, 0
23503, 8083559, 0, 0, 0
23510, 260712, 1, 0, 0
23607, 7886214, 0, 0, 0
23607, 261377, 1, 0, 0
23701, 7794999, 0, 0, 0
23726, 261430, 1, 0, 0
23805, 7971749, 0, 0, 0
23838, 260994, 1, 0, 0
23901, 7924764, 0, 0, 0
24011, 21920580, 0, 0, 0
24114, 34461162, 0, 0, 0
24220, 26297781, 0, 0, 0
24220, 263062, 1, 0, 0
24308, 29212802, 0, 0, 0
24308, 259943, 1, 0, 0
24403, 31485945, 0, 0, 0
24476, 266903, 1, 0, 0
24500, 16251732, 0, 0, 0
24565, 267414, 1, 0, 0
24605, 7945497, 0, 0, 0
26320, 8430667, 0, 0, 0
26371, 306922, 1, 0, 0
26403, 8159054, 0, 0, 0
26410, 390411, 1, 0, 0
26506, 7763779, 0, 0, 0
26506, 401542, 1, 0, 0
26601, 7729022, 0, 0, 0
26706, 8101744, 0, 0, 0
26713, 394587, 1, 0, 0
26802, 7688349, 0, 0, 0
26802, 382880, 1, 0, 0
26905, 7838318, 0, 0, 0
26906, 380343, 1, 0, 0
27001, 7864852, 0, 0, 0
27025, 376548, 1, 0, 0
27105, 7963161, 0, 0, 0
27184, 374791, 1, 0, 0
27200, 7856598, 0, 0, 0
27217, 395391, 1, 0, 0
27305, 7994991, 0, 0, 0
27337, 386672, 1, 0, 0
27400, 7759336, 0, 0, 0
27417, 379535, 1, 0, 0
27505, 7942984, 0, 0, 0
27505, 389529, 1, 0, 0
27606, 7536356, 0, 0, 0
27615, 375657, 1, 0, 0
27703, 7810817, 0, 0, 0
27719, 375657, 1, 0, 0
27808, 7911210, 0, 0, 0
27808, 375927, 1, 0, 0
27903, 7717997, 0, 0, 0
27911, 373849, 1, 0, 0
28036, 18850052, 0, 0, 0
28126, 89455638, 0, 0, 0
28177, 374471, 1, 0, 0
28211, 42439321, 0, 0, 0
28325, 28498366, 0, 0, 0
28325, 393585, 1, 0, 0
28400, 370166, 1, 0, 0
28423, 19305670, 0, 0, 0
28500, 38051330, 0, 0, 0
28549, 376307, 1, 0, 0
28619, 29650796, 0, 0, 0
28620, 381024, 1, 0, 0
28723, 34301880, 0, 0, 0
28846, 61544773, 0, 0, 0
28911, 21653263, 0, 0, 0
29002, 22622147, 0, 0, 0
29105, 34334699, 0, 0, 0
29117, 382084, 1, 0, 0
29258, 38331570, 0, 0, 0
29306, 47487528, 0, 0, 0
29401, 10606661, 0, 0, 0
29409, 388371, 1, 0, 0
29520, 29640188, 0, 0, 0
29521, 408907, 1, 0, 0
29632, 110969943, 0, 0, 0
29711, 39475655, 0, 0, 0
29740, 385438, 1, 0, 0
29803, 30253659, 0, 0, 0
29891, 397250, 1, 0, 0
29903, 7656727, 0, 0, 0
29903, 372894, 1, 0, 0
30035, 66068818, 0, 0, 0
30036, 395270, 1, 0, 0
30112, 25209457, 0, 0, 0
30113, 377244, 1, 0, 0
30200, 378374, 1, 0, 0
30208, 13358378, 0, 0, 0
30302, 3975629, 0, 0, 0
30353, 380726, 1, 0, 0
30401, 3567489, 0, 0, 0
30505, 11566290, 0, 0, 0
30505, 398775, 1, 0, 0
30600, 4584719, 0, 0, 0
30664, 381396, 1, 0, 0
30718, 9003429, 0, 0, 0
30808, 8982541, 0, 0, 0
30815, 378569, 1, 0, 0
30904, 7751700, 0, 0, 0
30936, 375519, 1, 0, 0
31000, 7874703, 0, 0, 0
31064, 376562, 1, 0, 0
31103, 7795175, 0, 0, 0
31111, 379322, 1, 0, 0
31208, 8006510, 0, 0, 0
31208, 379278, 1, 0, 0
31334, 10352063, 0, 0, 0
31407, 36422319, 0, 0, 0
31532, 31304561, 0, 0, 0
31611, 39548371, 0, 0, 0
31754, 47520724, 0, 0, 0
31821, 33427191, 0, 0, 0
31832, 372902, 1, 0, 0
31914, 15510283, 0, 0, 0
31927, 370175, 1, 0, 0
32000, 4258445, 0, 0, 0
32001, 398981, 1, 0, 0
32100, 3979006, 0, 0, 0
32100, 382921, 1, 0, 0
32200, 4641942, 0, 0, 0
32201, 377602, 1, 0, 0
32302, 3322984, 0, 0, 0
32312, 374240, 1, 0, 0
32404, 4145494, 0, 0, 0
32404, 380801, 1, 0, 0
32501, 7886775, 0, 0, 0
32501, 373388, 1, 0, 0
32603, 7675367, 0, 0, 0
32628, 373174, 1, 0, 0
32701, 8645325, 0, 0, 0
32748, 372835, 1, 0, 0
32804, 7297374, 0, 0, 0
32875, 375364, 1, 0, 0
32908, 7960712, 0, 0, 0
32917, 377464, 1, 0, 0
33003, 7710057, 0, 0, 0
33003, 378916, 1, 0, 0
33107, 7791267, 0, 0, 0
33115, 378768, 1, 0, 0
33203, 7923005, 0, 0, 0
33211, 373011, 1, 0, 0
33307, 7894534, 0, 0, 0
33415, 36158206, 0, 0, 0
33537, 40425036, 0, 0, 0
33600, 31786948, 0, 0, 0
33634, 373214, 1, 0, 0
33726, 31224287, 0, 0, 0
33834, 53980900, 0, 0, 0
33855, 374970, 1, 0, 0
33903, 17217022, 0, 0, 0
33942, 388214, 1, 0, 0
34021, 19595212, 0, 0, 0
34118, 24135454, 0, 0, 0
34219, 20144142, 0, 0, 0
34309, 30229447, 0, 0, 0
34410, 25170703, 0, 0, 0
34557, 73731337, 0, 0, 0
34636, 78293623, 0, 0, 0
34689, 381154, 1, 0, 0
34702, 16493321, 0, 0, 0
34734, 395905, 1, 0, 0
34803, 12509964, 0, 0, 0
34841, 373951, 1, 0, 0
36576, 379996, 1, 0, 0
36590, 1152573, 0, 0, 0
36601, 5052975, 0, 0, 0
36615, 422767, 1, 0, 0
36722, 4901848, 0, 0, 0
36748, 385124, 1, 0, 0
36808, 4238427, 0, 0, 0
36809, 400724, 1, 0, 0
36902, 6127001, 0, 0, 0
36955, 395119, 1, 0, 0
37002, 4980169, 0, 0, 0
37021, 399026, 1, 0, 0
37108, 5460365, 0, 0, 0
37126, 380983, 1, 0, 0
37204, 4362379, 0, 0, 0
37204, 380094, 1, 0, 0
37318, 18738587, 0, 0, 0
37421, 20742420, 0, 0, 0
37422, 381274, 1, 0, 0
37548, 20938820, 0, 0, 0
37611, 21016645, 0, 0, 0
37629, 375130, 1, 0, 0
37700, 17575137, 0, 0, 0
37813, 37684525, 0, 0, 0
37813, 387794, 1, 0, 0
37911, 13892272, 0, 0, 0
37942, 382530, 1, 0, 0
38042, 26146614, 0, 0, 0
38126, 27835865, 0, 0, 0
38126, 389505, 1, 0, 0
38207, 40437309, 0, 0, 0
38301, 31419872, 0, 0, 0
38403, 33748458, 0, 0, 0
38507, 34894824, 0, 0, 0
38508, 376620, 1, 0, 0
38609, 16638402, 0, 0, 0
38666, 381789, 1, 0, 0
38727, 14481452, 0, 0, 0
38812, 17102169, 0, 0, 0
38813, 378148, 1, 0, 0
39191, 5741141, 0, 0, 0
39203, 11663356, 0, 0, 0
39207, 379306, 1, 0, 0
39303, 7585243, 0, 0, 0
39319, 388383, 1, 0, 0
39405, 1375400, 0, 0, 0
39409, 371312, 1, 0, 0
39502, 3623115, 0, 0, 0
39516, 248543, 1, 0, 0
39600, 3428869, 0, 0, 0
39629, 255826, 1, 0, 0
39701, 3184229, 0, 0, 0
39717, 262026, 1, 0, 0
39803, 3053878, 0, 0, 0
39805, 266216, 1, 0, 0
39901, 5068469, 0, 0, 0
39972, 267435, 1, 0, 0
40004, 7924144, 0, 0, 0
40077, 272882, 1, 0, 0
40108, 7921593, 0, 0, 0
40148, 263375, 1, 0, 0
40204, 7969613, 0, 0, 0
40276, 280186, 1, 0, 0
40308, 7929620, 0, 0, 0
40308, 261147, 1, 0, 0
40403, 7956975, 0, 0, 0
40412, 267115, 1, 0, 0
40500, 7968831, 0, 0, 0
40540, 259605, 1, 0, 0
40602, 7871808, 0, 0, 0
40651, 286249, 1, 0, 0
40707, 8016350, 0, 0, 0
40747, 266492, 1, 0, 0
40803, 7879544, 0, 0, 0
40828, 263836, 1, 0, 0
40907, 7985623, 0, 0, 0
40929, 264492, 1, 0, 0
41002, 7923040, 0, 0, 0
41003, 266344, 1, 0, 0
41107, 7930869, 0, 0, 0
41113, 263948, 1, 0, 0
41203, 7981056, 0, 0, 0
41226, 290796, 1, 0, 0
41306, 7889490, 0, 0, 0
41323, 270445, 1, 0, 0
41401, 7823976, 0, 0, 0
41458, 267682, 1, 0, 0
41506, 8025933, 0, 0, 0
41537, 265234, 1, 0, 0
41601, 7858631, 0, 0, 0
41616, 264068, 1, 0, 0
41706, 7937300, 0, 0, 0
41706, 269895, 1, 0, 0
41801, 7813865, 0, 0, 0
41834, 264341, 1, 0, 0
41906, 8039608, 0, 0, 0
41986, 267026, 1, 0, 0
42000, 7741572, 0, 0, 0
42018, 273790, 1, 0, 0
42104, 8011894, 0, 0, 0
42112, 270402, 1, 0, 0
42200, 7945812, 0, 0, 0
42241, 260235, 1, 0, 0
42304, 7943081, 0, 0, 0
42328, 262747, 1, 0, 0
42402, 8020612, 0, 0, 0
42424, 263347, 1, 0, 0
42504, 7819150, 0, 0, 0
42600, 7971572, 0, 0, 0
42609, 259132, 1, 0, 0
42704, 7929720, 0, 0, 0
42711, 263502, 1, 0, 0
42806, 7730651, 0, 0, 0
42856, 257311, 1, 0, 0
42903, 7966978, 0, 0, 0
42903, 263745, 1, 0, 0
43006, 7894421, 0, 0, 0
43023, 260818, 1, 0, 0
43102, 7823568, 0, 0, 0
43127, 257422, 1, 0, 0
43206, 7902127, 0, 0, 0
43238, 257894, 1, 0, 0
43303, 8057333, 0, 0, 0
43399, 273048, 1, 0, 0
43407, 7933446, 0, 0, 0
43447, 257907, 1, 0, 0
43502, 7860001, 0, 0, 0
43510, 261045, 1, 0, 0
43605, 7875587, 0, 0, 0
43622, 258439, 1, 0, 0
43702, 8814305, 0, 0, 0
43805, 7928197, 0, 0, 0
43806, 271465, 1, 0, 0
43903, 8068741, 0, 0, 0
43903, 259921, 1, 0, 0
44000, 8749873, 0, 0, 0
44000, 267009, 1, 0, 0
44103, 7181687, 0, 0, 0
44165, 259206, 1, 0, 0
44205, 7894244, 0, 0, 0
44213, 257957, 1, 0, 0
44301, 7889341, 0, 0, 0
44333, 262208, 1, 0, 0
44404, 7954129, 0, 0, 0
44413, 265292, 1, 0, 0
44510, 7987978, 0, 0, 0
44525, 258730, 1, 0, 0
44604, 7726688, 0, 0, 0
44621, 257995, 1, 0, 0
44700, 7969616, 0, 0, 0
44717, 265269, 1, 0, 0
44804, 7970521, 0, 0, 0
44830, 265013, 1, 0, 0
44900, 260495, 1, 0, 0
44908, 7848955, 0, 0, 0
45003, 7823729, 0, 0, 0
45012, 261629, 1, 0, 0
45100, 261249, 1, 0, 0
45108, 7887337, 0, 0, 0
45204, 7881725, 0, 0, 0
45211, 258555, 1, 0, 0
45308, 7851555, 0, 0, 0
45332, 257069, 1, 0, 0
45402, 7823999, 0, 0, 0
45491, 262734, 1, 0, 0
45500, 8091025, 0, 0, 0
45516, 256989, 1, 0, 0
45603, 7837303, 0, 0, 0
45603, 260428, 1, 0, 0
45707, 7815756, 0, 0, 0
45730, 259272, 1, 0, 0
45803, 7835398, 0, 0, 0
45810, 260393, 1, 0, 0
45906, 7871486, 0, 0, 0
45906, 261220, 1, 0, 0
46001, 7857065, 0, 0, 0
46043, 259732, 1, 0, 0
46100, 8154125, 0, 0, 0
46126, 258865, 1, 0, 0
46204, 7979457, 0, 0, 0
46301, 8044240, 0, 0, 0
46309, 265718, 1, 0, 0
48306, 11192289, 0, 0, 0
48314, 375391, 1, 0, 0
48403, 8674681, 0, 0, 0
48410, 378080, 1, 0, 0
48506, 7789315, 0, 0, 0
48545, 391102, 1, 0, 0
48604, 8091128, 0, 0, 0
48619, 391234, 1, 0, 0
48706, 7808202, 0, 0, 0
48738, 399237, 1, 0, 0
48802, 7912949, 0, 0, 0
48810, 390413, 1, 0, 0
48905, 7930462, 0, 0, 0
48915, 398589, 1, 0, 0
49000, 184863, 0, 0, 0
49000, 365558, 1, 0, 0
49105, 1175832, 0, 0, 0
49169, 353048, 1, 0, 0
49200, 7840023, 0, 0, 0
49217, 248273, 1, 0, 0
49304, 7884654, 0, 0, 0
49312, 268441, 1, 0, 0
49400, 7945420, 0, 0, 0
49410, 264332, 1, 0, 0
49504, 7913445, 0, 0, 0
49504, 266769, 1, 0, 0
49608, 7924220, 0, 0, 0
49671, 263415, 1, 0, 0
49704, 7950672, 0, 0, 0
49704, 259662, 1, 0, 0
49800, 7894048, 0, 0, 0
49815, 261554, 1, 0, 0
49903, 7876556, 0, 0, 0
49992, 273924, 1, 0, 0
50000, 8075459, 0, 0, 0
50103, 7894906, 0, 0, 0
50153, 261235, 1, 0, 0
50200, 8025993, 0, 0, 0
50264, 267872, 1, 0, 0
50302, 7870809, 0, 0, 0
50303, 261102, 1, 0, 0
50406, 7928814, 0, 0, 0
50422, 257752, 1, 0, 0
50503, 7959131, 0, 0, 0
50510, 259745, 1, 0, 0
50606, 7872394, 0, 0, 0
50654, 263551, 1, 0, 0
50702, 7988428, 0, 0, 0
50718, 258968, 1, 0, 0
50805, 7809129, 0, 0, 0
50813, 265521, 1, 0, 0
50902, 7930376, 0, 0, 0
50918, 261860, 1, 0, 0
51005, 7779939, 0, 0, 0
51030, 259881, 1, 0, 0
51102, 8052120, 0, 0, 0
51174, 261836, 1, 0, 0
51205, 7881132, 0, 0, 0
51238, 265115, 1, 0, 0
51301, 7994746, 0, 0, 0
51302, 260764, 1, 0, 0
51404, 7844089, 0, 0, 0
51421, 261875, 1, 0, 0
51501, 8000627, 0, 0, 0
51509, 259614, 1, 0, 0
51605, 7894580, 0, 0, 0
51612, 262037, 1, 0, 0
51701, 7928120, 0, 0, 0
51740, 258465, 1, 0, 0
51804, 7777690, 0, 0, 0
51804, 261551, 1, 0, 0
51900, 7726641, 0, 0, 0
51915, 260512, 1, 0, 0
52005, 7973067, 0, 0, 0
52037, 260836, 1, 0, 0
52100, 7869255, 0, 0, 0
52108, 262171, 1, 0, 0
52205, 7993317, 0, 0, 0
52260, 263445, 1, 0, 0
52300, 260289, 1, 0, 0
52307, 7788526, 0, 0, 0
52404, 7950092, 0, 0, 0
52507, 7936635, 0, 0, 0
52547, 260206, 1, 0, 0
52603, 7958268, 0, 0, 0
52611, 280767, 1, 0, 0
52708, 8004899, 0, 0, 0
52746, 323147, 1, 0, 0
52803, 7857028, 0, 0, 0
52908, 8084544, 0, 0, 0
52908, 307933, 1, 0, 0
53003, 7826449, 0, 0, 0
53010, 271812, 1, 0, 0
53106, 7824844, 0, 0, 0
53138, 261103, 1, 0, 0
53202, 8016451, 0, 0, 0
53242, 270605, 1, 0, 0
53306, 7879374, 0, 0, 0
53393, 265024, 1, 0, 0
53401, 7887292, 0, 0, 0
53401, 270288, 1, 0, 0
53505, 7906077, 0, 0, 0
53505, 264202, 1, 0, 0
55760, 8422259, 0, 0, 0
55760, 308209, 1, 0, 0
55807, 7731310, 0, 0, 0
55847, 388413, 1, 0, 0
55901, 7824498, 0, 0, 0
55918, 382063, 1, 0, 0
56005, 7943214, 0, 0, 0
56085, 369731, 1, 0, 0
56101, 7974806, 0, 0, 0
56204, 7919187, 0, 0, 0
56213, 364970, 1, 0, 0
56302, 7986293, 0, 0, 0
56335, 367417, 1, 0, 0
56405, 7787767, 0, 0, 0
56485, 393364, 1, 0, 0
56500, 7824451, 0, 0, 0
56525, 405582, 1, 0, 0
56604, 7901544, 0, 0, 0
56621, 399234, 1, 0, 0
56700, 7876889, 0, 0, 0
56732, 396874, 1, 0, 0
56804, 7840971, 0, 0, 0
56836, 382642, 1, 0, 0
56900, 8024397, 0, 0, 0
56973, 401982, 1, 0, 0
57005, 7922221, 0, 0, 0
57005, 381916, 1, 0, 0
57107, 7764683, 0, 0, 0
57147, 394324, 1, 0, 0
57203, 7816599, 0, 0, 0
57300, 8082975, 0, 0, 0
57301, 375811, 1, 0, 0
57403, 7760284, 0, 0, 0
57492, 375864, 1, 0, 0
57507, 7946923, 0, 0, 0
57524, 382377, 1, 0, 0
57603, 7940588, 0, 0, 0
57636, 393530, 1, 0, 0
57706, 7793307, 0, 0, 0
57722, 376283, 1, 0, 0
57805, 10795946, 0, 0, 0
57835, 376204, 1, 0, 0
57907, 8486013, 0, 0, 0
57924, 381313, 1, 0, 0
58001, 7764354, 0, 0, 0
58010, 381079, 1, 0, 0
58107, 8068791, 0, 0, 0
58114, 375850, 1, 0, 0
58201, 7786353, 0, 0, 0
58202, 376959, 1, 0, 0
58306, 7984192, 0, 0, 0
58307, 380444, 1, 0, 0
58402, 7871475, 0, 0, 0
58419, 376011, 1, 0, 0
58506, 7934777, 0, 0, 0
58521, 375814, 1, 0, 0
58602, 7804875, 0, 0, 0
58611, 376744, 1, 0, 0
58747, 17990688, 0, 0, 0
58812, 64640145, 0, 0, 0
58995, 91291592, 0, 0, 0
58995, 374792, 1, 0, 0
59072, 76685930, 0, 0, 0
59128, 56340810, 0, 0, 0
59128, 402914, 1, 0, 0
59262, 67041565, 0, 0, 0
59329, 66956908, 0, 0, 0
59415, 42593203, 0, 0, 0
59477, 373805, 1, 0, 0
59509, 18761132, 0, 0, 0
59606, 19337214, 0, 0, 0
59613, 381461, 1, 0, 0
59702, 4993359, 0, 0, 0
59711, 387417, 1, 0, 0
59807, 3744487, 0, 0, 0
59808, 373603, 1, 0, 0
59900, 370452, 1, 0, 0
59900, 709759, 0, 0, 0
60004, 369294, 0, 0, 0
60004, 370045, 1, 0, 0
60101, 4137176, 0, 0, 0
60104, 269877, 1, 0, 0
60202, 3571055, 0, 0, 0
60212, 261827, 1, 0, 0
60302, 3262129, 0, 0, 0
60321, 258057, 1, 0, 0
60402, 3165407, 0, 0, 0
60416, 260076, 1, 0, 0
60501, 3368571, 0, 0, 0
60543, 257443, 1, 0, 0
60607, 6590779, 0, 0, 0
60608, 261771, 1, 0, 0
60704, 7940788, 0, 0, 0
60704, 264171, 1, 0, 0
60806, 7747368, 0, 0, 0
60806, 260363, 1, 0, 0
60901, 7834873, 0, 0, 0
60902, 260374, 1, 0, 0
61005, 7885337, 0, 0, 0
61013, 260231, 1, 0, 0
61108, 17052716, 0, 0, 0
61204, 19285616, 0, 0, 0
61300, 23911848, 0, 0, 0
61325, 267878, 1, 0, 0
61411, 18299866, 0, 0, 0
61435, 260031, 1, 0, 0
61508, 24043787, 0, 0, 0
61508, 274468, 1, 0, 0
61611, 17143827, 0, 0, 0
61707, 24104598, 0, 0, 0
61708, 263383, 1, 0, 0
61802, 18907224, 0, 0, 0
61915, 22516549, 0, 0, 0
62026, 37011037, 0, 0, 0
63290, 21219803, 0, 0, 0
63290, 382763, 1, 0, 0
63307, 8504544, 0, 0, 0
63324, 405678, 1, 0, 0
63402, 7655397, 0, 0, 0
63402, 379596, 1, 0, 0
63507, 7863088, 0, 0, 0
63603, 8013074, 0, 0, 0
63635, 388751, 1, 0, 0
63700, 404621, 1, 0, 0
63707, 7943279, 0, 0, 0
63802, 7718096, 0, 0, 0
63843, 375215, 1, 0, 0
63906, 7944323, 0, 0, 0
63915, 376270, 1, 0, 0
64002, 7667879, 0, 0, 0
64003, 367643, 1, 0, 0
64105, 7710130, 0, 0, 0
64114, 368886, 1, 0, 0
64201, 7926691, 0, 0, 0
64274, 373339, 1, 0, 0
64305, 7914412, 0, 0, 0
64305, 368844, 1, 0, 0
64401, 7829551, 0, 0, 0
64410, 368039, 1, 0, 0
64505, 7904657, 0, 0, 0
64514, 369135, 1, 0, 0
64600, 7855159, 0, 0, 0
64609, 371984, 1, 0, 0
64709, 8256700, 0, 0, 0
64791, 372636, 1, 0, 0
64808, 8166966, 0, 0, 0
64840, 366315, 1, 0, 0
64904, 7954944, 0, 0, 0
64944, 380600, 1, 0, 0
65007, 7928350, 0, 0, 0
65048, 371422, 1, 0, 0
65103, 7851326, 0, 0, 0
65111, 371460, 1, 0, 0
65206, 7941660, 0, 0, 0
65256, 367912, 1, 0, 0
65304, 8095419, 0, 0, 0
65313, 377086, 1, 0, 0
65407, 7851847, 0, 0, 0
65423, 371299, 1, 0, 0
65502, 7818751, 0, 0, 0
65512, 369096, 1, 0, 0
65606, 7991590, 0, 0, 0
65631, 371747, 1, 0, 0
65702, 7928255, 0, 0, 0
65807, 8074944, 0, 0, 0
65878, 375163, 1, 0, 0
65903, 7894136, 0, 0, 0
65926, 370809, 1, 0, 0
66006, 7853474, 0, 0, 0
66053, 376052, 1, 0, 0
66101, 7863136, 0, 0, 0
66189, 371710, 1, 0, 0
66205, 7935847, 0, 0, 0
66277, 381424, 1, 0, 0
66301, 7951514, 0, 0, 0
66373, 367218, 1, 0, 0
66404, 7925980, 0, 0, 0
66445, 366885, 1, 0, 0
66500, 7898011, 0, 0, 0
66597, 373484, 1, 0, 0
66605, 7972744, 0, 0, 0
66662, 366381, 1, 0, 0
66700, 7838669, 0, 0, 0
66709, 364852, 1, 0, 0
66804, 7886190, 0, 0, 0
66814, 368642, 1, 0, 0
66901, 7931011, 0, 0, 0
66924, 372153, 1, 0, 0
67004, 7841206, 0, 0, 0
67052, 371892, 1, 0, 0
67102, 8099310, 0, 0, 0
67117, 375101, 1, 0, 0
67204, 7805842, 0, 0, 0
67261, 402606, 1, 0, 0
67300, 7996984, 0, 0, 0
67300, 365995, 1, 0, 0
67404, 7963512, 0, 0, 0
67435, 379941, 1, 0, 0
67507, 7767963, 0, 0, 0
67571, 366050, 1, 0, 0
67603, 7952557, 0, 0, 0
67604, 367521, 1, 0, 0
67707, 7916828, 0, 0, 0
67708, 372484, 1, 0, 0
67802, 7741412, 0, 0, 0
67803, 377033, 1, 0, 0
67907, 7950002, 0, 0, 0
67907, 375343, 1, 0, 0
68002, 7899603, 0, 0, 0
68003, 371093, 1, 0, 0
68108, 7956000, 0, 0, 0
68115, 370866, 1, 0, 0
68203, 7841219, 0, 0, 0
68211, 383948, 1, 0, 0
68305, 7735066, 0, 0, 0
68354, 367633, 1, 0, 0
68402, 7957182, 0, 0, 0
68410, 366892, 1, 0, 0
68507, 8067069, 0, 0, 0
68578, 386435, 1, 0, 0
68601, 7801124, 0, 0, 0
68625, 366446, 1, 0, 0
68704, 7901083, 0, 0, 0
68723, 374572, 1, 0, 0
68801, 7853577, 0, 0, 0
68817, 366649, 1, 0, 0
68906, 7950808, 0, 0, 0
68906, 373240, 1, 0, 0
69001, 7928325, 0, 0, 0
69058, 380907, 1, 0, 0
69104, 7890498, 0, 0, 0
69105, 366079, 1, 0, 0
69201, 7942216, 0, 0, 0
69249, 381631, 1, 0, 0
69304, 7862029, 0, 0, 0
69304, 375956, 1, 0, 0
70966, 367691, 1, 0, 0
70977, 315432, 0, 0, 0
71000, 363980, 1, 0, 0
71007, 7337202, 0, 0, 0
71103, 7845943, 0, 0, 0
71134, 381448, 1, 0, 0
71205, 7794430, 0, 0, 0
71223, 391204, 1, 0, 0
71302, 7980543, 0, 0, 0
71303, 392837, 1, 0, 0
71406, 7894383, 0, 0, 0
71440, 389259, 1, 0, 0
71502, 7875389, 0, 0, 0
71563, 380492, 1, 0, 0
71606, 7978765, 0, 0, 0
71606, 381678, 1, 0, 0
71707, 7439010, 0, 0, 0
71709, 366544, 1, 0, 0
71974, 1619478, 0, 0, 0
71983, 384014, 1, 0, 0
72000, 366570, 1, 0, 0
72007, 7828140, 0, 0, 0
72100, 379534, 1, 0, 0
72100, 3109719, 0, 0, 0
72208, 4279078, 0, 0, 0
72231, 354037, 1, 0, 0
72302, 7739498, 0, 0, 0
72382, 264766, 1, 0, 0
72406, 7993479, 0, 0, 0
72438, 271939, 1, 0, 0
72501, 7862890, 0, 0, 0
72501, 261335, 1, 0, 0
72606, 7953245, 0, 0, 0
72647, 267820, 1, 0, 0
72702, 7816657, 0, 0, 0
72702, 262772, 1, 0, 0
72806, 8022754, 0, 0, 0
72822, 263297, 1, 0, 0
72902, 7849765, 0, 0, 0
72909, 265644, 1, 0, 0
73004, 7736042, 0, 0, 0
73021, 263778, 1, 0, 0
73101, 7996515, 0, 0, 0
73206, 8075406, 0, 0, 0
73301, 7872739, 0, 0, 0
73325, 265642, 1, 0, 0
73405, 7952331, 0, 0, 0
73436, 267032, 1, 0, 0
73501, 7768567, 0, 0, 0
73558, 261887, 1, 0, 0
73604, 7864264, 0, 0, 0
73668, 269407, 1, 0, 0
73700, 7891781, 0, 0, 0
73789, 262223, 1, 0, 0
73804, 7992031, 0, 0, 0
73885, 274559, 1, 0, 0
73900, 7902939, 0, 0, 0
73940, 261997, 1, 0, 0
74003, 7856296, 0, 0, 0
74035, 267608, 1, 0, 0
74100, 8017217, 0, 0, 0
74117, 276067, 1, 0, 0
74203, 7883488, 0, 0, 0
74307, 7983501, 0, 0, 0
74340, 264682, 1, 0, 0
74402, 7793252, 0, 0, 0
74411, 267925, 1, 0, 0
74500, 7994425, 0, 0, 0
74539, 265084, 1, 0, 0
74602, 7830501, 0, 0, 0
74603, 263983, 1, 0, 0
74708, 8041965, 0, 0, 0
74764, 265797, 1, 0, 0
74801, 8450366, 0, 0, 0
74826, 261954, 1, 0, 0
74904, 7825185, 0, 0, 0
74936, 266014, 1, 0, 0
75000, 7894724, 0, 0, 0
75048, 262815, 1, 0, 0
75104, 7880900, 0, 0, 0
75137, 268697, 1, 0, 0
75202, 8100092, 0, 0, 0
75216, 263149, 1, 0, 0
75305, 7804943, 0, 0, 0
75353, 267069, 1, 0, 0
75401, 7935383, 0, 0, 0
75425, 262972, 1, 0, 0
75505, 7910360, 0, 0, 0
75574, 265884, 1, 0, 0
75612, 10721213, 0, 0, 0
75626, 264395, 1, 0, 0
75726, 7543264, 0, 0, 0
75802, 37982734, 0, 0, 0
75802, 263156, 1, 0, 0
75904, 4360098, 0, 0, 0
75959, 267651, 1, 0, 0
76033, 10688982, 0, 0, 0
76082, 266255, 1, 0, 0
76102, 9815453, 0, 0, 0
76121, 276238, 1, 0, 0
76202, 5463347, 0, 0, 0
76209, 264123, 1, 0, 0
76304, 7821345, 0, 0, 0
76314, 264951, 1, 0, 0
76413, 10760415, 0, 0, 0
76427, 263312, 1, 0, 0
76506, 6093282, 0, 0, 0
76506, 265950, 1, 0, 0
76600, 9273713, 0, 0, 0
76705, 8099983, 0, 0, 0
76706, 263571, 1, 0, 0
76803, 8023121, 0, 0, 0
76856, 263683, 1, 0, 0
76905, 7740990, 0, 0, 0
76959, 263791, 1, 0, 0
77008, 6821513, 0, 0, 0
77008, 265244, 1, 0, 0
77104, 7882453, 0, 0, 0
77128, 264803, 1, 0, 0
77200, 7941991, 0, 0, 0
77224, 274345, 1, 0, 0
77305, 8004638, 0, 0, 0
77400, 7954943, 0, 0, 0
77473, 266182, 1, 0, 0
77501, 7725512, 0, 0, 0
77519, 264251, 1, 0, 0
77613, 8499859, 0, 0, 0
77653, 269708, 1, 0, 0
77702, 14733377, 0, 0, 0
77718, 268187, 1, 0, 0
77804, 10105696, 0, 0, 0
77826, 266101, 1, 0, 0
77900, 10600788, 0, 0, 0
77900, 261538, 1, 0, 0
78015, 28623570, 0, 0, 0
78116, 33664432, 0, 0, 0
78116, 269172, 1, 0, 0
78200, 4331560, 0, 0, 0
78211, 268985, 1, 0, 0
78300, 3617263, 0, 0, 0
78307, 265530, 1, 0, 0
78405, 4712671, 0, 0, 0
78406, 261855, 1, 0, 0
78506, 9990111, 0, 0, 0
78516, 263233, 1, 0, 0
78605, 6576617, 0, 0, 0
78628, 267895, 1, 0, 0
78702, 8787872, 0, 0, 0
78789, 264351, 1, 0, 0
78804, 7258126, 0, 0, 0
78804, 268480, 1, 0, 0
78900, 7891675, 0, 0, 0
78935, 264833, 1, 0, 0
79005, 7937297, 0, 0, 0
79020, 262456, 1, 0, 0
79100, 7819375, 0, 0, 0
79164, 265317, 1, 0, 0
79203, 7845155, 0, 0, 0
79220, 262456, 1, 0, 0
79300, 7905475, 0, 0, 0
79332, 263762, 1, 0, 0
79403, 7893084, 0, 0, 0
79444, 263868, 1, 0, 0
79529, 13944082, 0, 0, 0
79530, 261967, 1, 0, 0
79611, 20349697, 0, 0, 0
79618, 260266, 1, 0, 0
79700, 3608411, 0, 0, 0
79755, 270518, 1, 0, 0
79802, 7754436, 0, 0, 0
79844, 260491, 1, 0, 0
79906, 7856133, 0, 0, 0
82031, 14558710, 0, 0, 0
82031, 290440, 1, 0, 0
82104, 8018292, 0, 0, 0
82175, 389940, 1, 0, 0
82207, 7888336, 0, 0, 0
82225, 416482, 1, 0, 0
82303, 7825330, 0, 0, 0
82303, 393204, 1, 0, 0
82408, 7937483, 0, 0, 0
82408, 384499, 1, 0, 0
82503, 7880313, 0, 0, 0
82503, 380135, 1, 0, 0
82607, 7830157, 0, 0, 0
82608, 378163, 1, 0, 0
82702, 7712908, 0, 0, 0
82751, 375421, 1, 0, 0
82800, 8197808, 0, 0, 0
82815, 374892, 1, 0, 0
82902, 7662925, 0, 0, 0
82910, 371657, 1, 0, 0
83006, 7810532, 0, 0, 0
83031, 379531, 1, 0, 0
83102, 8032041, 0, 0, 0
83135, 378140, 1, 0, 0
83205, 7738883, 0, 0, 0
83229, 370745, 1, 0, 0
83303, 8034908, 0, 0, 0
83374, 372489, 1, 0, 0
83405, 7756764, 0, 0, 0
83405, 374914, 1, 0, 0
83502, 7999449, 0, 0, 0
83525, 379463, 1, 0, 0
83604, 7751135, 0, 0, 0
83613, 374627, 1, 0, 0
83700, 7931820, 0, 0, 0
83700, 374351, 1, 0, 0
83806, 7983914, 0, 0, 0
83814, 374399, 1, 0, 0
83900, 1122648, 0, 0, 0
83900, 366270, 1, 0, 0
84002, 835622, 0, 0, 0
84003, 335693, 1, 0, 0
84106, 7908741, 0, 0, 0
84122, 254551, 1, 0, 0
84202, 7928857, 0, 0, 0
84203, 256209, 1, 0, 0
84305, 7779898, 0, 0, 0
84323, 256999, 1, 0, 0
84401, 7933177, 0, 0, 0
84449, 259108, 1, 0, 0
84506, 8005136, 0, 0, 0
84522, 265170, 1, 0, 0
84602, 7947263, 0, 0, 0
84602, 262072, 1, 0, 0
84700, 259485, 1, 0, 0
84705, 7782270, 0, 0, 0
84801, 7918856, 0, 0, 0
84810, 259629, 1, 0, 0
84906, 8024434, 0, 0, 0
84915, 259820, 1, 0, 0
85002, 7916953, 0, 0, 0
85010, 260906, 1, 0, 0
85105, 7930449, 0, 0, 0
85146, 257505, 1, 0, 0
85201, 7940638, 0, 0, 0
85225, 260868, 1, 0, 0
85304, 7843830, 0, 0, 0
85328, 260189, 1, 0, 0
85400, 7949619, 0, 0, 0
85408, 260807, 1, 0, 0
85503, 7856654, 0, 0, 0
85568, 262516, 1, 0, 0
85607, 7955441, 0, 0, 0
85649, 264405, 1, 0, 0
85705, 8030110, 0, 0, 0
85745, 261297, 1, 0, 0
85800, 7889347, 0, 0, 0
85832, 257279, 1, 0, 0
85905, 7944031, 0, 0, 0
85959, 260470, 1, 0, 0
86007, 7870820, 0, 0, 0
86071, 269539, 1, 0, 0
86104, 7992419, 0, 0, 0
86110, 258280, 1, 0, 0
86200, 7907266, 0, 0, 0
86200, 261682, 1, 0, 0
86303, 7842793, 0, 0, 0
86310, 261917, 1, 0, 0
86406, 7812961, 0, 0, 0
86447, 259675, 1, 0, 0
86501, 7846015, 0, 0, 0
86552, 265825, 1, 0, 0
86606, 8027156, 0, 0, 0
86622, 264194, 1, 0, 0
86702, 7881814, 0, 0, 0
86743, 261836, 1, 0, 0
86805, 7850821, 0, 0, 0
86806, 257570, 1, 0, 0
86902, 7987710, 0, 0, 0
86902, 265943, 1, 0, 0
87005, 7868038, 0, 0, 0
87022, 264114, 1, 0, 0
87101, 7894447, 0, 0, 0
87110, 263272, 1, 0, 0
87205, 7814226, 0, 0, 0
87269, 260620, 1, 0, 0
87300, 7946833, 0, 0, 0
87309, 266797, 1, 0, 0
87405, 7999445, 0, 0, 0
87453, 262847, 1, 0, 0
87500, 7853075, 0, 0, 0
87588, 262336, 1, 0, 0
87604, 7939422, 0, 0, 0
87628, 268332, 1, 0, 0
87700, 7963210, 0, 0, 0
87717, 266475, 1, 0, 0
87805, 7939023, 0, 0, 0
87805, 259915, 1, 0, 0
87907, 7883402, 0, 0, 0
87916, 258891, 1, 0, 0
88003, 7883572, 0, 0, 0
88068, 265375, 1, 0, 0
88100, 265858, 1, 0, 0
88108, 8031722, 0, 0, 0
88203, 7886672, 0, 0, 0
88212, 261969, 1, 0, 0
88300, 7976288, 0, 0, 0
88372, 264638, 1, 0, 0
88403, 7902559, 0, 0, 0
88506, 7897997, 0, 0, 0
88506, 262624, 1, 0, 0
88602, 7810853, 0, 0, 0
88602, 256638, 1, 0, 0
88707, 7952683, 0, 0, 0
88739, 257654, 1, 0, 0
88802, 7888986, 0, 0, 0
88812, 260784, 1, 0, 0
90969, 7702960, 0, 0, 0
91008, 9579993, 0, 0, 0
91025, 327575, 1, 0, 0
91107, 8827173, 0, 0, 0
91155, 387872, 1, 0, 0
91207, 6574738, 0, 0, 0
91207, 390166, 1, 0, 0
91301, 8413339, 0, 0, 0
91301, 382781, 1, 0, 0
91407, 7448914, 0, 0, 0
91464, 380481, 1, 0, 0
91504, 7965082, 0, 0, 0
91504, 378787, 1, 0, 0
91607, 7860497, 0, 0, 0
91615, 379300, 1, 0, 0
91704, 7859632, 0, 0, 0
91719, 375043, 1, 0, 0
91800, 7674449, 0, 0, 0
91823, 368983, 1, 0, 0
91902, 7773901, 0, 0, 0
91926, 371244, 1, 0, 0
92006, 7982848, 0, 0, 0
92014, 376695, 1, 0, 0
92101, 7674914, 0, 0, 0
92101, 368003, 1, 0, 0
92206, 8036533, 0, 0, 0
92231, 377044, 1, 0, 0
92300, 7734927, 0, 0, 0
92349, 365594, 1, 0, 0
92405, 7973277, 0, 0, 0
92485, 375264, 1, 0, 0
92500, 7888726, 0, 0, 0
92509, 383711, 1, 0, 0
92604, 7962240, 0, 0, 0
92669, 372958, 1, 0, 0
92701, 8034638, 0, 0, 0
92796, 377591, 1, 0, 0
92804, 7890906, 0, 0, 0
92820, 384007, 1, 0, 0
92900, 7922032, 0, 0, 0
92950, 377831, 1, 0, 0
93003, 7896714, 0, 0, 0
93068, 374933, 1, 0, 0
93108, 7952279, 0, 0, 0
93156, 365113, 1, 0, 0
93204, 7844296, 0, 0, 0
93213, 368490, 1, 0, 0
93301, 7947078, 0, 0, 0
93325, 372481, 1, 0, 0
93404, 7825100, 0, 0, 0
93452, 375257, 1, 0, 0
93515, 8489421, 0, 0, 0
93609, 23491033, 0, 0, 0
93683, 368643, 1, 0, 0
93715, 17520067, 0, 0, 0
93715, 532850, 1, 0, 0
93810, 23620724, 0, 0, 0
93906, 32142194, 0, 0, 0
93938, 369810, 1, 0, 0
94009, 25261786, 0, 0, 0
94104, 18978300, 0, 0, 0
94177, 371563, 1, 0, 0
94201, 24034044, 0, 0, 0
94241, 387459, 1, 0, 0
94320, 16999807, 0, 0, 0
94370, 371548, 1, 0, 0
94416, 23845921, 0, 0, 0
94489, 381908, 1, 0, 0
94505, 17738629, 0, 0, 0
94599, 367747, 1, 0, 0
94625, 23951546, 0, 0, 0
94712, 17220119, 0, 0, 0
94770, 376653, 1, 0, 0
94801, 8101275, 0, 0, 0
94825, 366377, 1, 0, 0
94904, 7875554, 0, 0, 0
94914, 370264, 1, 0, 0
95001, 7850823, 0, 0, 0
95080, 373918, 1, 0, 0
95104, 7836832, 0, 0, 0
95137, 367346, 1, 0, 0
95201, 7990088, 0, 0, 0
95201, 374380, 1, 0, 0
95304, 8556900, 0, 0, 0
95305, 371935, 1, 0, 0
95400, 7787834, 0, 0, 0
95401, 373872, 1, 0, 0
95504, 7801152, 0, 0, 0
95512, 369193, 1, 0, 0
95607, 7909467, 0, 0, 0
95608, 371593, 1, 0, 0
95705, 8001480, 0, 0, 0
95729, 373713, 1, 0, 0
95800, 7807691, 0, 0, 0
95840, 374274, 1, 0, 0
95903, 7873206, 0, 0, 0
95929, 371288, 1, 0, 0
96000, 7798498, 0, 0, 0
96055, 371673, 1, 0, 0
96102, 7734870, 0, 0, 0
96160, 369144, 1, 0, 0
96205, 453896, 0, 0, 0
96208, 362489, 1, 0, 0
96303, 5695216, 0, 0, 0
96326, 238084, 1, 0, 0
96407, 7861257, 0, 0, 0
96407, 247617, 1, 0, 0
96502, 7864991, 0, 0, 0
96582, 257787, 1, 0, 0
96606, 7954762, 0, 0, 0
96615, 263476, 1, 0, 0
96702, 8017596, 0, 0, 0
96759, 258458, 1, 0, 0
96806, 7864502, 0, 0, 0
96814, 258572, 1, 0, 0
96901, 7857718, 0, 0, 0
96919, 260865, 1, 0, 0
97005, 7886067, 0, 0, 0
97030, 260063, 1, 0, 0
97101, 7990440, 0, 0, 0
97110, 272452, 1, 0, 0
97206, 7971223, 0, 0, 0
97237, 261767, 1, 0, 0
97301, 7886995, 0, 0, 0
97301, 266980, 1, 0, 0
97405, 7922069, 0, 0, 0
97429, 261380, 1, 0, 0
97502, 7940265, 0, 0, 0
97542, 265842, 1, 0, 0
97606, 7919913, 0, 0, 0
97677, 259412, 1, 0, 0
97701, 7916724, 0, 0, 0
97740, 266713, 1, 0, 0
97804, 7867348, 0, 0, 0
97845, 262576, 1, 0, 0
97900, 7964178, 0, 0, 0
97973, 260437, 1, 0, 0
98004, 7894697, 0, 0, 0
98013, 263825, 1, 0, 0
98101, 7997321, 0, 0, 0
98133, 260469, 1, 0, 0
98204, 7817283, 0, 0, 0
98301, 8144035, 0, 0, 0
98396, 259740, 1, 0, 0
98404, 7847119, 0, 0, 0
99666, 10474304, 0, 0, 0
99707, 8144210, 0, 0, 0
99714, 373408, 1, 0, 0
99801, 7771831, 0, 0, 0
99809, 389220, 1, 0, 0
99905, 7791064, 0, 0, 0
99945, 361816, 1, 0, 0
100001, 7885276, 0, 0, 0
100057, 365902, 1, 0, 0
100105, 7886119, 0, 0, 0
100105, 379033, 1, 0, 0
100200, 7813625, 0, 0, 0
100216, 398070, 1, 0, 0
100306, 7957200, 0, 0, 0
100377, 396688, 1, 0, 0
100400, 7698589, 0, 0, 0
100448, 383295, 1, 0, 0
100504, 7877011, 0, 0, 0
100600, 391391, 1, 0, 0
100608, 7989730, 0, 0, 0
100703, 7840363, 0, 0, 0
100744, 382510, 1, 0, 0
100800, 7950326, 0, 0, 0
100800, 386125, 1, 0, 0
100903, 7843623, 0, 0, 0
100903, 389183, 1, 0, 0
101009, 7981517, 0, 0, 0
101103, 7887354, 0, 0, 0
101104, 374684, 1, 0, 0
101207, 7901099, 0, 0, 0
101216, 378020, 1, 0, 0
101302, 7743776, 0, 0, 0
101328, 374241, 1, 0, 0
101400, 8010662, 0, 0, 0
101431, 386418, 1, 0, 0
101502, 7782489, 0, 0, 0
101512, 378534, 1, 0, 0
101606, 7887229, 0, 0, 0
101606, 379215, 1, 0, 0
101703, 7904485, 0, 0, 0
101735, 371601, 1, 0, 0
101807, 7974777, 0, 0, 0
101831, 392586, 1, 0, 0
101902, 7798443, 0, 0, 0
101934, 372463, 1, 0, 0
102006, 7886527, 0, 0, 0
102006, 376045, 1, 0, 0
102102, 7747911, 0, 0, 0
102205, 7936164, 0, 0, 0
102222, 372026, 1, 0, 0
102302, 7961140, 0, 0, 0
102326, 374979, 1, 0, 0
102405, 7832003, 0, 0, 0
102431, 381337, 1, 0, 0
102501, 7802615, 0, 0, 0
102501, 374131, 1, 0, 0
102605, 7966531, 0, 0, 0
102621, 382387, 1, 0, 0
102700, 7872820, 0, 0, 0
102710, 380872, 1, 0, 0
102805, 7840328, 0, 0, 0
102861, 374348, 1, 0, 0
102900, 7819294, 0, 0, 0
102916, 378697, 1, 0, 0
103005, 8034115, 0, 0, 0
103022, 388076, 1, 0, 0
103100, 7744368, 0, 0, 0
103133, 371137, 1, 0, 0
103204, 7851771, 0, 0, 0
103212, 373906, 1, 0, 0
103307, 7855624, 0, 0, 0
103316, 377187, 1, 0, 0
103403, 7783588, 0, 0, 0
103420, 374894, 1, 0, 0
103500, 8034530, 0, 0, 0
103500, 392579, 1, 0, 0
103604, 7761815, 0, 0, 0
103620, 369790, 1, 0, 0
103700, 7938694, 0, 0, 0
103796, 372923, 1, 0, 0
103803, 7835964, 0, 0, 0
103803, 365914, 1, 0, 0
103907, 7900634, 0, 0, 0
104002, 7968943, 0, 0, 0
104011, 374696, 1, 0, 0
104107, 7963525, 0, 0, 0
104138, 374607, 1, 0, 0
104202, 7891751, 0, 0, 0
104202, 368375, 1, 0, 0
104306, 7728825, 0, 0, 0
104346, 366688, 1, 0, 0
104402, 7885964, 0, 0, 0
104403, 370574, 1, 0, 0
104505, 7833432, 0, 0, 0
104594, 368684, 1, 0, 0
104601, 7953253, 0, 0, 0
104628, 374264, 1, 0, 0
104705, 7968186, 0, 0, 0
104730, 374333, 1, 0, 0
104802, 7842351, 0, 0, 0
104841, 367420, 1, 0, 0
104906, 7877082, 0, 0, 0
104970, 369114, 1, 0, 0
105001, 7836446, 0, 0, 0
105106, 8068235, 0, 0, 0
105106, 376344, 1, 0, 0
105202, 7768035, 0, 0, 0
105256, 375270, 1, 0, 0
105304, 7622403, 0, 0, 0
105336, 368715, 1, 0, 0
105401, 7978397, 0, 0, 0
105441, 377876, 1, 0, 0
105500, 368263, 1, 0, 0
105500, 1622532, 0, 0, 0
107243, 383022, 1, 0, 0
107248, 351826, 0, 0, 0
107304, 7821672, 0, 0, 0
107304, 367294, 1, 0, 0
107401, 7962423, 0, 0, 0
107449, 364838, 1, 0, 0
107504, 7826397, 0, 0, 0
107593, 373450, 1, 0, 0
107601, 8038474, 0, 0, 0
107601, 390203, 1, 0, 0
107704, 7827168, 0, 0, 0
107800, 7974196, 0, 0, 0
107800, 401444, 1, 0, 0
107902, 7830592, 0, 0, 0
107991, 413233, 1, 0, 0
108000, 382872, 1, 0, 0
108007, 7864598, 0, 0, 0
108103, 8002596, 0, 0, 0
108111, 391440, 1, 0, 0
108206, 7751644, 0, 0, 0
108247, 381785, 1, 0, 0
108302, 8003737, 0, 0, 0
108303, 371526, 1, 0, 0
108407, 7925652, 0, 0, 0
108407, 370549, 1, 0, 0
108502, 7798644, 0, 0, 0
108606, 7962801, 0, 0, 0
108622, 376199, 1, 0, 0
108702, 7885593, 0, 0, 0
108702, 367105, 1, 0, 0
108805, 7774809, 0, 0, 0
108901, 8054452, 0, 0, 0
108918, 369009, 1, 0, 0
109003, 7759725, 0, 0, 0
109404, 10572414, 0, 0, 0
109404, 390187, 1, 0, 0
109504, 8324904, 0, 0, 0
109541, 396990, 1, 0, 0
109602, 7302222, 0, 0, 0
109618, 380008, 1, 0, 0
109701, 2134687, 0, 0, 0
109748, 350084, 1, 0, 0
109804, 7864989, 0, 0, 0
109804, 255652, 1, 0, 0
109909, 8004130, 0, 0, 0
109910, 260695, 1, 0, 0
110004, 7569976, 0, 0, 0
110043, 256776, 1, 0, 0
110107, 7877910, 0, 0, 0
110116, 259426, 1, 0, 0
110203, 7905919, 0, 0, 0
110219, 260587, 1, 0, 0
110307, 7918307, 0, 0, 0
110403, 8006590, 0, 0, 0
110427, 262844, 1, 0, 0
110507, 7944431, 0, 0, 0
110540, 271421, 1, 0, 0
110603, 7934464, 0, 0, 0
110603, 260889, 1, 0, 0
110708, 8024667, 0, 0, 0
110724, 262493, 1, 0, 0
110802, 7781492, 0, 0, 0
110905, 7918716, 0, 0, 0
110906, 264141, 1, 0, 0
111002, 7941880, 0, 0, 0
111043, 259813, 1, 0, 0
111106, 7903258, 0, 0, 0
111106, 265989, 1, 0, 0
111203, 7982100, 0, 0, 0
111235, 269327, 1, 0, 0
111306, 7839770, 0, 0, 0
111323, 263062, 1, 0, 0
111402, 7980315, 0, 0, 0
111442, 261459, 1, 0, 0
111505, 7781008, 0, 0, 0
111545, 261868, 1, 0, 0
111601, 7988821, 0, 0, 0
111601, 266025, 1, 0, 0
111705, 7942715, 0, 0, 0
111713, 264923, 1, 0, 0
111801, 8009302, 0, 0, 0
111833, 267097, 1, 0, 0
111904, 7878526, 0, 0, 0
111914, 268043, 1, 0, 0
112001, 8028248, 0, 0, 0
112105, 7994418, 0, 0, 0
112137, 264822, 1, 0, 0
112200, 7730148, 0, 0, 0
112280, 261108, 1, 0, 0
112304, 7938002, 0, 0, 0
112336, 269348, 1, 0, 0
112400, 7924800, 0, 0, 0
112408, 261938, 1, 0, 0
112504, 7919975, 0, 0, 0
112527, 264431, 1, 0, 0
112600, 7951359, 0, 0, 0
112616, 268816, 1, 0, 0
112704, 7875454, 0, 0, 0
112735, 267798, 1, 0, 0
112807, 7856094, 0, 0, 0
112807, 263319, 1, 0, 0
112903, 7959447, 0, 0, 0
112991, 261666, 1, 0, 0
113006, 7888160, 0, 0, 0
113055, 258631, 1, 0, 0
113103, 8010186, 0, 0, 0
113103, 260933, 1, 0, 0
113207, 7890189, 0, 0, 0
113278, 267683, 1, 0, 0
113302, 7948353, 0, 0, 0
113326, 269439, 1, 0, 0
113405, 7886323, 0, 0, 0
113463, 256807, 1, 0, 0
113508, 8423133, 0, 0, 0
113536, 255211, 1, 0, 0
113607, 8208162, 0, 0, 0
113622, 260990, 1, 0, 0
113701, 7749306, 0, 0, 0
113751, 266450, 1, 0, 0
113806, 7976542, 0, 0, 0
113806, 261432, 1, 0, 0
113902, 7973351, 0, 0, 0
113974, 257256, 1, 0, 0
114005, 7870156, 0, 0, 0
114015, 271183, 1, 0, 0
114101, 8036612, 0, 0, 0
114102, 258739, 1, 0, 0
114206, 7995132, 0, 0, 0
114206, 264203, 1, 0, 0
114301, 7901253, 0, 0, 0
114301, 268801, 1, 0, 0
114407, 8128286, 0, 0, 0
114422, 259847, 1, 0, 0
114502, 7872374, 0, 0, 0
114516, 260619, 1, 0, 0
114605, 7843573, 0, 0, 0
114620, 265317, 1, 0, 0
114702, 7924244, 0, 0, 0
114732, 267099, 1, 0, 0
114804, 7771281, 0, 0, 0
114900, 8017726, 0, 0, 0
114908, 260056, 1, 0, 0
115005, 7896824, 0, 0, 0
115038, 259727, 1, 0, 0
115107, 7747110, 0, 0, 0
115125, 260421, 1, 0, 0
115204, 8036134, 0, 0, 0
115204, 259428, 1, 0, 0
115308, 7797997, 0, 0, 0
115331, 258001, 1, 0, 0
115404, 7966702, 0, 0, 0
115461, 261890, 1, 0, 0
115501, 8034118, 0, 0, 0
115531, 259527, 1, 0, 0
115604, 7826733, 0, 0, 0
115620, 260315, 1, 0, 0
115706, 7854684, 0, 0, 0
115715, 275064, 1, 0, 0
115802, 7930247, 0, 0, 0
115811, 258693, 1, 0, 0
115907, 8024848, 0, 0, 0
115947, 264254, 1, 0, 0
116002, 7868212, 0, 0, 0
116051, 256817, 1, 0, 0
116105, 7851524, 0, 0, 0
116114, 259629, 1, 0, 0
116202, 8006299, 0, 0, 0
116298, 262308, 1, 0, 0
116307, 7988980, 0, 0, 0
116401, 7889221, 0, 0, 0
116434, 257857, 1, 0, 0
116505, 7949401, 0, 0, 0
116521, 261799, 1, 0, 0
116601, 7945924, 0, 0, 0
116625, 266297, 1, 0, 0
116705, 7960341, 0, 0, 0
116713, 258566, 1, 0, 0
116801, 8008716, 0, 0, 0
116841, 262281, 1, 0, 0
116904, 7877741, 0, 0, 0
116913, 269525, 1, 0, 0
117002, 8043342, 0, 0, 0
117016, 268767, 1, 0, 0
117104, 7696784, 0, 0, 0
117161, 260740, 1, 0, 0
117201, 8086284, 0, 0, 0
117201, 258919, 1, 0, 0
117304, 7791627, 0, 0, 0
117313, 260555, 1, 0, 0
119258, 10599872, 0, 0, 0
119283, 397320, 1, 0, 0
119300, 8116500, 0, 0, 0
119339, 364872, 1, 0, 0
119401, 7762713, 0, 0, 0
119411, 387409, 1, 0, 0
119505, 7884394, 0, 0, 0
119538, 383848, 1, 0, 0
119601, 7813297, 0, 0, 0
119634, 390214, 1, 0, 0
119706, 8028452, 0, 0, 0
119715, 388013, 1, 0, 0
119805, 243513, 0, 0, 0
119805, 364364, 1, 0, 0
119907, 4688185, 0, 0, 0
119931, 334903, 1, 0, 0
120005, 8129062, 0, 0, 0
120028, 255439, 1, 0, 0
120100, 256003, 1, 0, 0
120106, 7697070, 0, 0, 0
120203, 7968206, 0, 0, 0
120219, 261755, 1, 0, 0
120307, 7994959, 0, 0, 0
120363, 267573, 1, 0, 0
120403, 7996337, 0, 0, 0
120443, 259158, 1, 0, 0
120506, 7821278, 0, 0, 0
120506, 267206, 1, 0, 0
120601, 7919697, 0, 0, 0
120652, 269039, 1, 0, 0
120705, 7985337, 0, 0, 0
120729, 259213, 1, 0, 0
120801, 7957913, 0, 0, 0
120826, 267338, 1, 0, 0
120906, 8000993, 0, 0, 0
120938, 266185, 1, 0, 0
121001, 7886542, 0, 0, 0
121051, 267613, 1, 0, 0
121104, 7882579, 0, 0, 0
121161, 277733, 1, 0, 0
121201, 7964287, 0, 0, 0
121201, 259063, 1, 0, 0
121304, 7818584, 0, 0, 0
121369, 259733, 1, 0, 0
121401, 8026646, 0, 0, 0
121401, 261886, 1, 0, 0
121504, 7804086, 0, 0, 0
121537, 262618, 1, 0, 0
121600, 7976093, 0, 0, 0
121697, 256616, 1, 0, 0
121704, 7982845, 0, 0, 0
121721, 264075, 1, 0, 0
121800, 7868525, 0, 0, 0
121856, 264761, 1, 0, 0
121905, 8002048, 0, 0, 0
121912, 258501, 1, 0, 0
122001, 7986126, 0, 0, 0
122072, 285172, 1, 0, 0
122104, 7876602, 0, 0, 0
122159, 264432, 1, 0, 0
122207, 7876639, 0, 0, 0
122280, 258523, 1, 0, 0
122302, 7960916, 0, 0, 0
122329, 265443, 1, 0, 0
122407, 7956045, 0, 0, 0
122415, 259134, 1, 0, 0
122504, 8008030, 0, 0, 0
122527, 267149, 1, 0, 0
122608, 7923780, 0, 0, 0
122630, 256569, 1, 0, 0
122702, 7762129, 0, 0, 0
122735, 264639, 1, 0, 0
122807, 8034078, 0, 0, 0
122807, 260595, 1, 0, 0
122902, 7742552, 0, 0, 0
122942, 259472, 1, 0, 0
123006, 7906079, 0, 0, 0
123055, 261415, 1, 0, 0
123102, 7954915, 0, 0, 0
123118, 260999, 1, 0, 0
123207, 7985960, 0, 0, 0
123207, 258647, 1, 0, 0
123301, 7783706, 0, 0, 0
123317, 258119, 1, 0, 0
123406, 7995997, 0, 0, 0
123469, 258386, 1, 0, 0
123500, 7790680, 0, 0, 0
123533, 261545, 1, 0, 0
123605, 7972382, 0, 0, 0
123606, 259232, 1, 0, 0
123701, 7835246, 0, 0, 0
123740, 256295, 1, 0, 0
123805, 7990125, 0, 0, 0
123830, 264750, 1, 0, 0
123900, 7759176, 0, 0, 0
123909, 257945, 1, 0, 0
124004, 7960030, 0, 0, 0
124012, 266995, 1, 0, 0
124101, 8071472, 0, 0, 0
124101, 264218, 1, 0, 0
124204, 7824658, 0, 0, 0
124228, 263370, 1, 0, 0
124301, 8019280, 0, 0, 0
124332, 269847, 1, 0, 0
124403, 7849620, 0, 0, 0
124404, 259135, 1, 0, 0
124508, 7968861, 0, 0, 0
124508, 266275, 1, 0, 0
124604, 7895728, 0, 0, 0
124604, 260009, 1, 0, 0
124701, 8022384, 0, 0, 0
124717, 264658, 1, 0, 0
124806, 8015853, 0, 0, 0
124812, 260305, 1, 0, 0
124909, 7869996, 0, 0, 0
124909, 262947, 1, 0, 0
125004, 7741382, 0, 0, 0
125004, 259382, 1, 0, 0
125651, 18755740, 0, 0, 0
125714, 31691104, 0, 0, 0
125714, 300640, 1, 0, 0
125810, 23859653, 0, 0, 0
125829, 381019, 1, 0, 0
125914, 17247456, 0, 0, 0
125986, 365442, 1, 0, 0
126012, 24227287, 0, 0, 0
126035, 365936, 1, 0, 0
126113, 16496141, 0, 0, 0
126204, 22797433, 0, 0, 0
126267, 367490, 1, 0, 0
126313, 18131840, 0, 0, 0
126337, 376479, 1, 0, 0
126411, 19408368, 0, 0, 0
126521, 18367958, 0, 0, 0
126602, 20339276, 0, 0, 0
126720, 19712100, 0, 0, 0
126800, 19907621, 0, 0, 0
126801, 400330, 1, 0, 0
126920, 19907049, 0, 0, 0
126985, 407968, 1, 0, 0
127010, 17689581, 0, 0, 0
127010, 390263, 1, 0, 0
127105, 23383948, 0, 0, 0
127200, 19063662, 0, 0, 0
127264, 407188, 1, 0, 0
127312, 22315148, 0, 0, 0
127336, 395337, 1, 0, 0
127400, 17505327, 0, 0, 0
127400, 417686, 1, 0, 0
127504, 20668847, 0, 0, 0
127504, 399734, 1, 0, 0
127600, 19045388, 0, 0, 0
127624, 420312, 1, 0, 0
127718, 23406614, 0, 0, 0
127783, 388791, 1, 0, 0
127821, 16897889, 0, 0, 0
127845, 382412, 1, 0, 0
127926, 26085313, 0, 0, 0
127926, 376595, 1, 0, 0
128021, 31523265, 0, 0, 0
128022, 385399, 1, 0, 0
128118, 24176627, 0, 0, 0
128184, 394501, 1, 0, 0
128200, 13462119, 0, 0, 0
128272, 379493, 1, 0, 0
128304, 7945941, 0, 0, 0
128304, 373594, 1, 0, 0
128400, 7784206, 0, 0, 0
128400, 378283, 1, 0, 0
128503, 7692127, 0, 0, 0
128503, 378075, 1, 0, 0
128607, 7820814, 0, 0, 0
128607, 371512, 1, 0, 0
128702, 7762091, 0, 0, 0
128711, 384640, 1, 0, 0
128806, 7932205, 0, 0, 0
128854, 388998, 1, 0, 0
128902, 7961882, 0, 0, 0
128902, 372889, 1, 0, 0
129008, 8026052, 0, 0, 0
129047, 375629, 1, 0, 0
129102, 7649610, 0, 0, 0
129159, 373047, 1, 0, 0
129207, 7959060, 0, 0, 0
129223, 369259, 1, 0, 0
129302, 7926763, 0, 0, 0
129342, 370877, 1, 0, 0
129406, 7836758, 0, 0, 0
129445, 372319, 1, 0, 0
129502, 7912451, 0, 0, 0
129550, 373548, 1, 0, 0
129607, 8011985, 0, 0, 0
129613, 374875, 1, 0, 0
129700, 8400390, 0, 0, 0
129718, 377645, 1, 0, 0
129805, 7929557, 0, 0, 0
129908, 7982556, 0, 0, 0
129925, 372949, 1, 0, 0
130004, 7831820, 0, 0, 0
130072, 380363, 1, 0, 0
130100, 727308, 0, 0, 0
130101, 369449, 1, 0, 0
130200, 253730, 0, 0, 0
130200, 363971, 1, 0, 0
130300, 5852754, 0, 0, 0
130332, 272569, 1, 0, 0
130404, 7981980, 0, 0, 0
130443, 264695, 1, 0, 0
130500, 7961226, 0, 0, 0
130533, 258713, 1, 0, 0
130603, 7864295, 0, 0, 0
130620, 266182, 1, 0, 0
130700, 8050029, 0, 0, 0
130740, 265699, 1, 0, 0
130803, 7870861, 0, 0, 0
130819, 267429, 1, 0, 0
130907, 7892505, 0, 0, 0
130980, 269203, 1, 0, 0
131004, 7971311, 0, 0, 0
131019, 266109, 1, 0, 0
131106, 7777338, 0, 0, 0
131155, 262808, 1, 0, 0
131203, 7997404, 0, 0, 0
131261, 278095, 1, 0, 0
131307, 7978205, 0, 0, 0
131339, 264682, 1, 0, 0
131402, 7856570, 0, 0, 0
131418, 268591, 1, 0, 0
131507, 7998802, 0, 0, 0
131595, 263116, 1, 0, 0
131603, 7940044, 0, 0, 0
131706, 7933854, 0, 0, 0
131801, 7916340, 0, 0, 0
131865, 264093, 1, 0, 0
131906, 8013330, 0, 0, 0
131906, 269443, 1, 0, 0
132003, 7916416, 0, 0, 0
132058, 265927, 1, 0, 0
132105, 7748383, 0, 0, 0
132105, 262241, 1, 0, 0
132200, 7861558, 0, 0, 0
132200, 263563, 1, 0, 0
132304, 7934708, 0, 0, 0
132304, 262911, 1, 0, 0
132400, 7851035, 0, 0, 0
134293, 8098196, 0, 0, 0
134301, 8112752, 0, 0, 0
134317, 279767, 1, 0, 0
134405, 7875307, 0, 0, 0
134469, 374813, 1, 0, 0
134503, 8150451, 0, 0, 0
134558, 363467, 1, 0, 0
134605, 7738137, 0, 0, 0
134613, 369898, 1, 0, 0
134702, 7983845, 0, 0, 0
134765, 380735, 1, 0, 0
134804, 7834581, 0, 0, 0
134805, 399308, 1, 0, 0
134900, 7775264, 0, 0, 0
134933, 398714, 1, 0, 0
135004, 7806854, 0, 0, 0
135101, 8099324, 0, 0, 0
135124, 394393, 1, 0, 0
135206, 7925845, 0, 0, 0
135206, 392299, 1, 0, 0
135300, 7716195, 0, 0, 0
135300, 385395, 1, 0, 0
135404, 7882895, 0, 0, 0
135451, 382026, 1, 0, 0
135500, 374470, 1, 0, 0
135507, 7742684, 0, 0, 0
135602, 7865218, 0, 0, 0
135612, 371539, 1, 0, 0
135700, 7857073, 0, 0, 0
135731, 370122, 1, 0, 0
135804, 7821517, 0, 0, 0
135820, 371187, 1, 0, 0
135907, 7831429, 0, 0, 0
135930, 380048, 1, 0, 0
136002, 7699218, 0, 0, 0
136051, 373169, 1, 0, 0
136106, 7918662, 0, 0, 0
136170, 374529, 1, 0, 0
136202, 7842590, 0, 0, 0
136202, 367003, 1, 0, 0
136313, 8241696, 0, 0, 0
136313, 369663, 1, 0, 0
136404, 8133156, 0, 0, 0
136458, 374787, 1, 0, 0
136506, 7770146, 0, 0, 0
136523, 379446, 1, 0, 0
136602, 7876232, 0, 0, 0
136698, 370600, 1, 0, 0
136707, 8042745, 0, 0, 0
136786, 374888, 1, 0, 0
136802, 7895483, 0, 0, 0
136810, 371406, 1, 0, 0
136907, 7978594, 0, 0, 0
136914, 374246, 1, 0, 0
137002, 7801575, 0, 0, 0
137051, 371353, 1, 0, 0
137106, 7893225, 0, 0, 0
137114, 371859, 1, 0, 0
137201, 7742354, 0, 0, 0
137201, 369260, 1, 0, 0
137305, 7960048, 0, 0, 0
137395, 368591, 1, 0, 0
137401, 7958508, 0, 0, 0
137433, 376550, 1, 0, 0
137504, 7814371, 0, 0, 0
137530, 368260, 1, 0, 0
137600, 7880738, 0, 0, 0
137600, 377857, 1, 0, 0
137706, 7958970, 0, 0, 0
137723, 370133, 1, 0, 0
137801, 7683244, 0, 0, 0
137826, 369542, 1, 0, 0
137906, 8019581, 0, 0, 0
137969, 371219, 1, 0, 0
138001, 7815893, 0, 0, 0
138002, 369782, 1, 0, 0
138103, 7715948, 0, 0, 0
138137, 367681, 1, 0, 0
138200, 365221, 1, 0, 0
138208, 7932485, 0, 0, 0
138304, 7845341, 0, 0, 0
138304, 375271, 1, 0, 0
138400, 7889195, 0, 0, 0
138400, 371845, 1, 0, 0
138503, 7752319, 0, 0, 0
138520, 369471, 1, 0, 0
138600, 7907711, 0, 0, 0
138600, 371893, 1, 0, 0
138703, 7899824, 0, 0, 0
138712, 372497, 1, 0, 0
138806, 7826778, 0, 0, 0
138816, 369622, 1, 0, 0
138903, 7963197, 0, 0, 0
138974, 374836, 1, 0, 0
139008, 7932161, 0, 0, 0
139017, 363834, 1, 0, 0
139103, 7839861, 0, 0, 0
139166, 373993, 1, 0, 0
139206, 7873155, 0, 0, 0
139254, 367516, 1, 0, 0
139301, 7892545, 0, 0, 0
139343, 366132, 1, 0, 0
139406, 7970987, 0, 0, 0
139430, 370456, 1, 0, 0
139502, 7998684, 0, 0, 0
139517, 374797, 1, 0, 0
139606, 7902086, 0, 0, 0
139645, 367249, 1, 0, 0
139702, 7819763, 0, 0, 0
139726, 368825, 1, 0, 0
139805, 7769566, 0, 0, 0
139869, 366416, 1, 0, 0
139902, 8040027, 0, 0, 0
139925, 368283, 1, 0, 0
140005, 7812283, 0, 0, 0
140030, 386352, 1, 0, 0
141864, 369284, 1, 0, 0
141878, 570085, 0, 0, 0
141900, 7055666, 0, 0, 0
142005, 8133113, 0, 0, 0
142013, 366840, 1, 0, 0
142100, 7703693, 0, 0, 0
142107, 374339, 1, 0, 0
142203, 7629953, 0, 0, 0
142243, 389367, 1, 0, 0
142307, 7869636, 0, 0, 0
142349, 381916, 1, 0, 0
142403, 7895647, 0, 0, 0
142410, 375399, 1, 0, 0
142506, 7890391, 0, 0, 0
142530, 371809, 1, 0, 0
142603, 7941460, 0, 0, 0
142666, 377501, 1, 0, 0
142707, 7967472, 0, 0, 0
142771, 369065, 1, 0, 0
142803, 7911810, 0, 0, 0
142899, 371144, 1, 0, 0
142907, 7997141, 0, 0, 0
142939, 387662, 1, 0, 0
143002, 7794466, 0, 0, 0
143044, 371154, 1, 0, 0
143106, 7835674, 0, 0, 0
143106, 369450, 1, 0, 0
143201, 7894885, 0, 0, 0
143202, 372336, 1, 0, 0
143307, 8036200, 0, 0, 0
143362, 370919, 1, 0, 0
143403, 7939692, 0, 0, 0
143498, 368913, 1, 0, 0
143506, 7896888, 0, 0, 0
143506, 377612, 1, 0, 0
143601, 7668450, 0, 0, 0
143610, 369941, 1, 0, 0
144113, 4593027, 0, 0, 0
144121, 371362, 1, 0, 0
144200, 7732097, 0, 0, 0
144240, 369144, 1, 0, 0
144305, 8024220, 0, 0, 0
144312, 391580, 1, 0, 0
144400, 7594281, 0, 0, 0
144400, 385708, 1, 0, 0
144500, 373024, 1, 0, 0
144500, 1614329, 0, 0, 0
144602, 4751278, 0, 0, 0
144641, 344980, 1, 0, 0
144707, 8002304, 0, 0, 0
144770, 257520, 1, 0, 0
144803, 7964872, 0, 0, 0
144817, 263629, 1, 0, 0
144906, 7930347, 0, 0, 0
144952, 265983, 1, 0, 0
145000, 7724259, 0, 0, 0
145008, 259042, 1, 0, 0
145104, 7950256, 0, 0, 0
145130, 259123, 1, 0, 0
145200, 7837169, 0, 0, 0
145200, 258625, 1, 0, 0
145304, 7951697, 0, 0, 0
145400, 7937203, 0, 0, 0
145400, 266145, 1, 0, 0
145505, 7964313, 0, 0, 0
145553, 260636, 1, 0, 0
145600, 7816720, 0, 0, 0
145624, 262456, 1, 0, 0
145705, 8004675, 0, 0, 0
145728, 262132, 1, 0, 0
145801, 7891052, 0, 0, 0
145816, 258848, 1, 0, 0
145903, 7780020, 0, 0, 0
146000, 259663, 1, 0, 0
146007, 8638459, 0, 0, 0
146103, 7918518, 0, 0, 0
146151, 263948, 1, 0, 0
146200, 7986099, 0, 0, 0
146287, 261571, 1, 0, 0
146303, 7910954, 0, 0, 0
146400, 8086395, 0, 0, 0
146400, 267722, 1, 0, 0
146502, 7755548, 0, 0, 0
146527, 266469, 1, 0, 0
146601, 8204001, 0, 0, 0
146632, 263267, 1, 0, 0
146702, 7757994, 0, 0, 0
146718, 257982, 1, 0, 0
146806, 7933034, 0, 0, 0
146871, 260277, 1, 0, 0
146902, 7977566, 0, 0, 0
146966, 273019, 1, 0, 0
147006, 7917132, 0, 0, 0
147006, 277316, 1, 0, 0
147101, 7879761, 0, 0, 0
147101, 261583, 1, 0, 0
147206, 8077356, 0, 0, 0
147214, 265250, 1, 0, 0
147302, 7809168, 0, 0, 0
147326, 257732, 1, 0, 0
147406, 7909625, 0, 0, 0
147437, 263440, 1, 0, 0
147503, 7951426, 0, 0, 0
147525, 253900, 1, 0, 0
147605, 7824681, 0, 0, 0
147637, 262793, 1, 0, 0
147702, 8044928, 0, 0, 0
147702, 258915, 1, 0, 0
147804, 7695852, 0, 0, 0
147812, 262293, 1, 0, 0
147900, 8022582, 0, 0, 0
147925, 266128, 1, 0, 0
148005, 7947467, 0, 0, 0
148054, 259773, 1, 0, 0
148101, 7940390, 0, 0, 0
148110, 261676, 1, 0, 0
148206, 7992133, 0, 0, 0
148213, 258579, 1, 0, 0
148301, 7897382, 0, 0, 0
148395, 257117, 1, 0, 0
148403, 7828117, 0, 0, 0
148420, 256925, 1, 0, 0
148507, 7937558, 0, 0, 0
148515, 260464, 1, 0, 0
148603, 7941419, 0, 0, 0
148604, 264880, 1, 0, 0
148700, 259836, 1, 0, 0
148707, 7832361, 0, 0, 0
148802, 7956311, 0, 0, 0
148819, 258930, 1, 0, 0
148907, 7952932, 0, 0, 0
148922, 266574, 1, 0, 0
149003, 8000448, 0, 0, 0
149004, 270804, 1, 0, 0
149107, 7800470, 0, 0, 0
149155, 258335, 1, 0, 0
149203, 7942433, 0, 0, 0
149258, 261849, 1, 0, 0
149306, 7870749, 0, 0, 0
149314, 255500, 1, 0, 0
149403, 7971326, 0, 0, 0
149507, 8039953, 0, 0, 0
149530, 261295, 1, 0, 0
149601, 7729389, 0, 0, 0
149610, 257044, 1, 0, 0
149705, 7947050, 0, 0, 0
149801, 8038889, 0, 0, 0
149826, 265742, 1, 0, 0
149906, 7941361, 0, 0, 0
149937, 260666, 1, 0, 0
150000, 7803897, 0, 0, 0
150018, 259069, 1, 0, 0
150105, 7970785, 0, 0, 0
150138, 261344, 1, 0, 0
150201, 7877584, 0, 0, 0
150233, 262007, 1, 0, 0
150304, 7883008, 0, 0, 0
150352, 256633, 1, 0, 0
150400, 7952975, 0, 0, 0
150400, 266751, 1, 0, 0
150506, 8045832, 0, 0, 0
150506, 260699, 1, 0, 0
150601, 7828063, 0, 0, 0
150632, 260784, 1, 0, 0
150704, 7841972, 0, 0, 0
150720, 261847, 1, 0, 0
150800, 7904660, 0, 0, 0
150801, 264325, 1, 0, 0
150903, 7718136, 0, 0, 0
151008, 8089123, 0, 0, 0
151008, 258821, 1, 0, 0
151104, 7858402, 0, 0, 0
151104, 265395, 1, 0, 0
151201, 7942280, 0, 0, 0
151201, 257495, 1, 0, 0
151305, 7935019, 0, 0, 0
151320, 259024, 1, 0, 0
151400, 7948908, 0, 0, 0
151502, 7819541, 0, 0, 0
151558, 258961, 1, 0, 0
151605, 7906482, 0, 0, 0
151638, 261921, 1, 0, 0
151704, 8077676, 0, 0, 0
151718, 258863, 1, 0, 0
151807, 7845801, 0, 0, 0
151839, 258673, 1, 0, 0
153947, 9842491, 0, 0, 0
153964, 370221, 1, 0, 0
154003, 7978676, 0, 0, 0
154027, 379275, 1, 0, 0
154100, 7884253, 0, 0, 0
154100, 370083, 1, 0, 0
154204, 7919457, 0, 0, 0
154243, 367147, 1, 0, 0
154306, 7835180, 0, 0, 0
154363, 369883, 1, 0, 0
154403, 7889106, 0, 0, 0
154421, 392836, 1, 0, 0
154507, 7860270, 0, 0, 0
154547, 389915, 1, 0, 0
154602, 7905554, 0, 0, 0
154610, 389143, 1, 0, 0
154700, 925659, 0, 0, 0
154702, 371275, 1, 0, 0
154802, 328738, 0, 0, 0
154810, 353177, 1, 0, 0
154907, 7975953, 0, 0, 0
155001, 7778871, 0, 0, 0
155105, 7990434, 0, 0, 0
155121, 262387, 1, 0, 0
155201, 7986861, 0, 0, 0
155305, 7983237, 0, 0, 0
155360, 261184, 1, 0, 0
155402, 7986845, 0, 0, 0
155409, 262655, 1, 0, 0
155506, 7849477, 0, 0, 0
155527, 255085, 1, 0, 0
155600, 7756340, 0, 0, 0
155624, 261067, 1, 0, 0
155703, 7881392, 0, 0, 0
155792, 260547, 1, 0, 0
155800, 261453, 1, 0, 0
155809, 8096326, 0, 0, 0
155905, 7928254, 0, 0, 0
156000, 261903, 1, 0, 0
156007, 7860541, 0, 0, 0
156103, 7868112, 0, 0, 0
156168, 262267, 1, 0, 0
156200, 8025732, 0, 0, 0
156216, 264446, 1, 0, 0
156302, 7712182, 0, 0, 0
156320, 261258, 1, 0, 0
156406, 7926471, 0, 0, 0
156416, 259213, 1, 0, 0
156503, 7934566, 0, 0, 0
156607, 8018365, 0, 0, 0
156631, 262205, 1, 0, 0
156702, 7898379, 0, 0, 0
156751, 266811, 1, 0, 0
156806, 7938622, 0, 0, 0
156806, 258643, 1, 0, 0
156902, 7877323, 0, 0, 0
156934, 263756, 1, 0, 0
157007, 8001493, 0, 0, 0
157031, 266536, 1, 0, 0
157102, 7859574, 0, 0, 0
157134, 258906, 1, 0, 0
157206, 7952382, 0, 0, 0
157222, 262969, 1, 0, 0
157302, 7869207, 0, 0, 0
157302, 256914, 1, 0, 0
157404, 7842812, 0, 0, 0
157413, 262071, 1, 0, 0
157500, 7735518, 0, 0, 0
157517, 256822, 1, 0, 0
157605, 7994333, 0, 0, 0
157693, 268877, 1, 0, 0
157701, 7988764, 0, 0, 0
157701, 259789, 1, 0, 0
157804, 7799194, 0, 0, 0
157812, 267134, 1, 0, 0
157900, 8007893, 0, 0, 0
157908, 272478, 1, 0, 0
158005, 7850490, 0, 0, 0
158044, 259599, 1, 0, 0
158108, 7888173, 0, 0, 0
158108, 264344, 1, 0, 0
158204, 7924120, 0, 0, 0
158204, 261956, 1, 0, 0
158300, 7843100, 0, 0, 0
158317, 263847, 1, 0, 0
158404, 8603577, 0, 0, 0
158411, 263715, 1, 0, 0
158525, 12014664, 0, 0, 0
158621, 31834304, 0, 0, 0
158621, 265713, 1, 0, 0
158715, 23520801, 0, 0, 0
158741, 263697, 1, 0, 0
158819, 17111899, 0, 0, 0
158907, 21914895, 0, 0, 0
158965, 258016, 1, 0, 0
159003, 32017032, 0, 0, 0
159059, 293723, 1, 0, 0
159106, 25777806, 0, 0, 0
159172, 258650, 1, 0, 0
159210, 20521718, 0, 0, 0
159220, 264362, 1, 0, 0
159314, 20609317, 0, 0, 0
159314, 259036, 1, 0, 0
159409, 18918795, 0, 0, 0
159507, 24262524, 0, 0, 0
159507, 260692, 1, 0, 0
159610, 17068863, 0, 0, 0
159706, 24002826, 0, 0, 0
159801, 31837448, 0, 0, 0
159906, 26128759, 0, 0, 0
159929, 264034, 1, 0, 0
160002, 19140172, 0, 0, 0
160011, 274279, 1, 0, 0
160106, 20867916, 0, 0, 0
160107, 258040, 1, 0, 0
160209, 20484360, 0, 0, 0
160289, 266806, 1, 0, 0
160313, 20708855, 0, 0, 0
160361, 282855, 1, 0, 0
160401, 21843885, 0, 0, 0
160512, 22309988, 0, 0, 0
160608, 19023172, 0, 0, 0
160721, 22683798, 0, 0, 0
160744, 272316, 1, 0, 0
160800, 19717172, 0, 0, 0
160912, 13955103, 0, 0, 0
161007, 13650373, 0, 0, 0
161040, 281286, 1, 0, 0
161104, 16029544, 0, 0, 0
161135, 264354, 1, 0, 0
161208, 25857895, 0, 0, 0
161280, 261663, 1, 0, 0
161304, 19166607, 0, 0, 0
161543, 19406609, 0, 0, 0
161576, 402813, 1, 0, 0
161600, 7787571, 0, 0, 0
161672, 381408, 1, 0, 0
161703, 7934281, 0, 0, 0
161728, 386500, 1, 0, 0
161802, 8132329, 0, 0, 0
161880, 389582, 1, 0, 0
161903, 7643972, 0, 0, 0
161927, 404778, 1, 0, 0
162007, 7965529, 0, 0, 0
162007, 391231, 1, 0, 0
162103, 7848984, 0, 0, 0
162144, 377370, 1, 0, 0
162207, 7953132, 0, 0, 0
162239, 383717, 1, 0, 0
162304, 8040206, 0, 0, 0
162343, 375953, 1, 0, 0
162406, 7755716, 0, 0, 0
162430, 374642, 1, 0, 0
162502, 7797160, 0, 0, 0
162520, 375420, 1, 0, 0
162606, 7920396, 0, 0, 0
162623, 381152, 1, 0, 0
162701, 7819239, 0, 0, 0
162807, 8121157, 0, 0, 0
162879, 373396, 1, 0, 0
162902, 7799735, 0, 0, 0
162902, 374455, 1, 0, 0
163005, 7831611, 0, 0, 0
163022, 378390, 1, 0, 0
163101, 7851680, 0, 0, 0
163101, 374675, 1, 0, 0
163205, 7876640, 0, 0, 0
163301, 7972307, 0, 0, 0
163317, 372307, 1, 0, 0
163404, 7891055, 0, 0, 0
163445, 376291, 1, 0, 0
163500, 7808460, 0, 0, 0
163581, 371504, 1, 0, 0
163604, 7967362, 0, 0, 0
163605, 372704, 1, 0, 0
163701, 8019962, 0, 0, 0
163740, 380225, 1, 0, 0
163806, 7916215, 0, 0, 0
163837, 372031, 1, 0, 0
163900, 7776054, 0, 0, 0
163949, 389763, 1, 0, 0
164002, 8397289, 0, 0, 0
164012, 371895, 1, 0, 0
164108, 8045940, 0, 0, 0
164141, 382051, 1, 0, 0
164203, 7818407, 0, 0, 0
164203, 374377, 1, 0, 0
164308, 7953975, 0, 0, 0
164332, 383939, 1, 0, 0
164404, 7938894, 0, 0, 0
164404, 390511, 1, 0, 0
164500, 7836002, 0, 0, 0
164579, 377785, 1, 0, 0
164602, 7835550, 0, 0, 0
164706, 7990528, 0, 0, 0
164723, 386256, 1, 0, 0
164803, 7933930, 0, 0, 0
164810, 376472, 1, 0, 0
164906, 7720235, 0, 0, 0
164987, 374991, 1, 0, 0
165003, 8044808, 0, 0, 0
165020, 384176, 1, 0, 0
165105, 7682187, 0, 0, 0
165122, 375322, 1, 0, 0
165203, 8034022, 0, 0, 0
165227, 371580, 1, 0, 0
165305, 7800409, 0, 0, 0
165338, 379288, 1, 0, 0
165401, 7949504, 0, 0, 0
165481, 371534, 1, 0, 0
165506, 8043690, 0, 0, 0
165521, 386696, 1, 0, 0
165602, 7954134, 0, 0, 0
165675, 372680, 1, 0, 0
165707, 8028837, 0, 0, 0
165770, 375751, 1, 0, 0
165802, 7843548, 0, 0, 0
165834, 375060, 1, 0, 0
165905, 7792689, 0, 0, 0
165914, 374762, 1, 0, 0
166000, 7870733, 0, 0, 0
166009, 371071, 1, 0, 0
166100, 371466, 1, 0, 0
166100, 1091187, 0, 0, 0
166200, 986511, 0, 0, 0
166306, 8168014, 0, 0, 0
166307, 339590, 1, 0, 0
166402, 7818312, 0, 0, 0
166457, 264799, 1, 0, 0
166506, 7936130, 0, 0, 0
166514, 265456, 1, 0, 0
166600, 7742869, 0, 0, 0
166649, 267218, 1, 0, 0
166704, 7900115, 0, 0, 0
166704, 265124, 1, 0, 0
166801, 7748613, 0, 0, 0
166824, 260062, 1, 0, 0
166904, 7850904, 0, 0, 0
166959, 268608, 1, 0, 0
167000, 7925857, 0, 0, 0
167103, 7896398, 0, 0, 0
167127, 271173, 1, 0, 0
167200, 7981232, 0, 0, 0
167255, 263836, 1, 0, 0
167303, 7883269, 0, 0, 0
167400, 8066265, 0, 0, 0
167407, 270176, 1, 0, 0
167502, 7765909, 0, 0, 0
167503, 261027, 1, 0, 0
167608, 8026189, 0, 0, 0
167616, 266651, 1, 0, 0
167702, 7840474, 0, 0, 0
167742, 261044, 1, 0, 0
167800, 266432, 1, 0, 0
167808, 7953328, 0, 0, 0
167903, 7913951, 0, 0, 0
168006, 7944402, 0, 0, 0
168006, 258952, 1, 0, 0
168102, 7882926, 0, 0, 0
168118, 266612, 1, 0, 0
168206, 7955531, 0, 0, 0
168214, 271783, 1, 0, 0
168303, 7949439, 0, 0, 0
168342, 263542, 1, 0, 0
168405, 7685612, 0, 0, 0
168454, 261360, 1, 0, 0
170387, 8432485, 0, 0, 0
170396, 392506, 1, 0, 0
170403, 7758682, 0, 0, 0
170403, 372541, 1, 0, 0
170500, 8034339, 0, 0, 0
170530, 381794, 1, 0, 0
170602, 7728862, 0, 0, 0
170602, 372508, 1, 0, 0
170706, 7802140, 0, 0, 0
170714, 387930, 1, 0, 0
170801, 7789559, 0, 0, 0
170826, 397303, 1, 0, 0
170905, 7914256, 0, 0, 0
170914, 401348, 1, 0, 0
171001, 7871601, 0, 0, 0
171097, 392484, 1, 0, 0
171107, 8098664, 0, 0, 0
171107, 388657, 1, 0, 0
171202, 7824892, 0, 0, 0
171202, 384078, 1, 0, 0
171305, 7747753, 0, 0, 0
171328, 380912, 1, 0, 0
171401, 7907113, 0, 0, 0
171435, 378410, 1, 0, 0
171504, 7808193, 0, 0, 0
171512, 371247, 1, 0, 0
171600, 7944656, 0, 0, 0
171640, 382739, 1, 0, 0
171704, 7900617, 0, 0, 0
171714, 378576, 1, 0, 0
171800, 7910128, 0, 0, 0
171832, 393826, 1, 0, 0
171904, 7920599, 0, 0, 0
171919, 388202, 1, 0, 0
172000, 7876001, 0, 0, 0
172032, 377538, 1, 0, 0
172104, 7931036, 0, 0, 0
172113, 381944, 1, 0, 0
172200, 375834, 1, 0, 0
172208, 7762367, 0, 0, 0
172303, 7875569, 0, 0, 0
172391, 378379, 1, 0, 0
172400, 7956084, 0, 0, 0
172431, 374608, 1, 0, 0
172502, 7817064, 0, 0, 0
172528, 387111, 1, 0, 0
172600, 8008349, 0, 0, 0
172622, 378905, 1, 0, 0
172702, 7862995, 0, 0, 0
172703, 404136, 1, 0, 0
172808, 7955185, 0, 0, 0
172822, 347860, 1, 0, 0
172902, 7784653, 0, 0, 0
172919, 373727, 1, 0, 0
173007, 7877956, 0, 0, 0
173007, 369016, 1, 0, 0
173102, 7773857, 0, 0, 0
173111, 367022, 1, 0, 0
173205, 7776991, 0, 0, 0
173213, 368722, 1, 0, 0
173301, 7933160, 0, 0, 0
173334, 370644, 1, 0, 0
173405, 7927501, 0, 0, 0
173470, 379262, 1, 0, 0
173501, 7905841, 0, 0, 0
173534, 379506, 1, 0, 0
173605, 7927052, 0, 0, 0
173614, 367222, 1, 0, 0
173701, 7780212, 0, 0, 0
173725, 367886, 1, 0, 0
173806, 7922361, 0, 0, 0
173806, 370268, 1, 0, 0
173901, 7851183, 0, 0, 0
173901, 376096, 1, 0, 0
174004, 7899919, 0, 0, 0
174100, 8004512, 0, 0, 0
174118, 374578, 1, 0, 0
174204, 7897045, 0, 0, 0
174204, 372930, 1, 0, 0
174301, 7851876, 0, 0, 0
174398, 366403, 1, 0, 0
174405, 7988696, 0, 0, 0
174484, 366572, 1, 0, 0
174500, 7780855, 0, 0, 0
174556, 367050, 1, 0, 0
174604, 7968688, 0, 0, 0
174644, 375034, 1, 0, 0
174701, 7972861, 0, 0, 0
174707, 363853, 1, 0, 0
174804, 7700270, 0, 0, 0
174805, 367859, 1, 0, 0
174907, 7815812, 0, 0, 0
175005, 8204623, 0, 0, 0
175006, 379169, 1, 0, 0
175100, 7819549, 0, 0, 0
175155, 370775, 1, 0, 0
175204, 7962712, 0, 0, 0
175219, 365591, 1, 0, 0
175307, 7900402, 0, 0, 0
175355, 372890, 1, 0, 0
175403, 7867160, 0, 0, 0
175419, 373836, 1, 0, 0
175507, 7876741, 0, 0, 0
175507, 371771, 1, 0, 0
175603, 7856108, 0, 0, 0
175643, 368860, 1, 0, 0
175705, 7750726, 0, 0, 0
175715, 368300, 1, 0, 0
175801, 7926953, 0, 0, 0
175834, 368800, 1, 0, 0
175906, 7920255, 0, 0, 0
175913, 368911, 1, 0, 0
176002, 7874273, 0, 0, 0
176002, 370261, 1, 0, 0
176100, 531841, 0, 0, 0
177830, 366908, 1, 0, 0
177844, 14229883, 0, 0, 0
177901, 7888439, 0, 0, 0
177917, 380018, 1, 0, 0
178005, 7856040, 0, 0, 0
178060, 389232, 1, 0, 0
178107, 7834065, 0, 0, 0
178122, 396999, 1, 0, 0
178203, 7922361, 0, 0, 0
178213, 395085, 1, 0, 0
178307, 7888107, 0, 0, 0
178323, 393385, 1, 0, 0
178402, 7668657, 0, 0, 0
178412, 377300, 1, 0, 0
178508, 8119238, 0, 0, 0
178516, 382079, 1, 0, 0
178604, 7870394, 0, 0, 0
178628, 384395, 1, 0, 0
178706, 7785414, 0, 0, 0
178715, 373321, 1, 0, 0
178803, 7980609, 0, 0, 0
178827, 374756, 1, 0, 0
178906, 7777317, 0, 0, 0
178906, 376344, 1, 0, 0
179001, 7678312, 0, 0, 0
179081, 369510, 1, 0, 0
179103, 7744382, 0, 0, 0
179151, 370435, 1, 0, 0
179530, 10242167, 0, 0, 0
179539, 378997, 1, 0, 0
179601, 7812679, 0, 0, 0
179642, 381243, 1, 0, 0
179705, 7871014, 0, 0, 0
179705, 383248, 1, 0, 0
179801, 2134756, 0, 0, 0
179818, 356742, 1, 0, 0
179904, 7888771, 0, 0, 0
180000, 7960268, 0, 0, 0
