125, 208, 0, 0, 0
125, 64, 1, 0, 0
225, 310, 0, 0, 0
225, 80, 1, 0, 0
325, 300, 0, 0, 0
325, 110, 1, 0, 0
425, 280, 0, 0, 0
425, 80, 1, 0, 0
525, 270, 0, 0, 0
525, 100, 1, 0, 0
624, 333, 0, 0, 0
624, 30, 1, 0, 0
724, 350, 0, 0, 0
724, 50, 1, 0, 0
824, 130, 0, 0, 0
824, 50, 1, 0, 0
924, 120, 0, 0, 0
924, 30, 1, 0, 0
1024, 130, 0, 0, 0
1024, 50, 1, 0, 0
1125, 120, 0, 0, 0
1125, 40, 1, 0, 0
1225, 130, 0, 0, 0
1225, 90, 1, 0, 0
1325, 120, 0, 0, 0
1325, 20, 1, 0, 0
1425, 130, 0, 0, 0
1425, 70, 1, 0, 0
1525, 120, 0, 0, 0
1525, 40, 1, 0, 0
1625, 130, 0, 0, 0
1625, 20, 1, 0, 0
1725, 120, 0, 0, 0
1725, 30, 1, 0, 0
1825, 130, 0, 0, 0
1825, 30, 1, 0, 0
1925, 120, 0, 0, 0
1925, 20, 1, 0, 0
2025, 130, 0, 0, 0
2025, 50, 1, 0, 0
2124, 121, 0, 0, 0
2124, 50, 1, 0, 0
2224, 130, 0, 0, 0
2224, 50, 1, 0, 0
2324, 120, 0, 0, 0
2424, 130, 0, 0, 0
2424, 10, 1, 0, 0
2524, 130, 0, 0, 0
2524, 10, 1, 0, 0
2624, 120, 0, 0, 0
2624, 30, 1, 0, 0
2724, 130, 0, 0, 0
2724, 30, 1, 0, 0
2824, 120, 0, 0, 0
2824, 80, 1, 0, 0
2924, 130, 0, 0, 0
2924, 30, 1, 0, 0
3024, 120, 0, 0, 0
3024, 90, 1, 0, 0
3124, 130, 0, 0, 0
3124, 20, 1, 0, 0
3224, 120, 0, 0, 0
3224, 20, 1, 0, 0
3324, 130, 0, 0, 0
3324, 30, 1, 0, 0
3424, 120, 0, 0, 0
3424, 30, 1, 0, 0
3525, 130, 0, 0, 0
3525, 50, 1, 0, 0
3625, 120, 0, 0, 0
3625, 50, 1, 0, 0
3725, 130, 0, 0, 0
3725, 10, 1, 0, 0
3825, 120, 0, 0, 0
3825, 80, 1, 0, 0
3925, 130, 0, 0, 0
3925, 40, 1, 0, 0
4025, 120, 0, 0, 0
4025, 10, 1, 0, 0
4125, 130, 0, 0, 0
4125, 30, 1, 0, 0
4225, 130, 0, 0, 0
4225, 80, 1, 0, 0
4325, 120, 0, 0, 0
4325, 40, 1, 0, 0
4425, 120, 0, 0, 0
4425, 50, 1, 0, 0
4525, 130, 0, 0, 0
4525, 20, 1, 0, 0
4624, 121, 0, 0, 0
4624, 20, 1, 0, 0
4724, 130, 0, 0, 0
4724, 30, 1, 0, 0
4824, 120, 0, 0, 0
4824, 30, 1, 0, 0
4924, 130, 0, 0, 0
4924, 10, 1, 0, 0
5024, 130, 0, 0, 0
5024, 50, 1, 0, 0
5124, 110, 0, 0, 0
5124, 10, 1, 0, 0
5224, 30, 0, 0, 0
5224, 10, 1, 0, 0
5324, 30, 0, 0, 0
5324, 20, 1, 0, 0
5424, 40, 0, 0, 0
5424, 10, 1, 0, 0
5524, 50, 0, 0, 0
5524, 20, 1, 0, 0
5624, 40, 0, 0, 0
5725, 50, 0, 0, 0
5725, 10, 1, 0, 0
5825, 50, 0, 0, 0
5925, 50, 0, 0, 0
6025, 50, 0, 0, 0
6025, 20, 1, 0, 0
6125, 50, 0, 0, 0
6125, 20, 1, 0, 0
6225, 40, 0, 0, 0
6325, 60, 0, 0, 0
6325, 10, 1, 0, 0
6425, 40, 0, 0, 0
6525, 50, 0, 0, 0
6525, 20, 1, 0, 0
6624, 40, 0, 0, 0
6624, 30, 1, 0, 0
6724, 30, 0, 0, 0
6824, 40, 0, 0, 0
6824, 20, 1, 0, 0
6924, 60, 0, 0, 0
6924, 20, 1, 0, 0
7024, 40, 0, 0, 0
7124, 60, 0, 0, 0
7224, 40, 0, 0, 0
7224, 30, 1, 0, 0
7324, 50, 0, 0, 0
7324, 10, 1, 0, 0
7425, 40, 0, 0, 0
7425, 20, 1, 0, 0
7525, 60, 0, 0, 0
7525, 10, 1, 0, 0
7625, 40, 0, 0, 0
7625, 10, 1, 0, 0
7725, 50, 0, 0, 0
7725, 20, 1, 0, 0
7825, 30, 0, 0, 0
7925, 80, 0, 0, 0
7925, 40, 1, 0, 0
8025, 90, 0, 0, 0
8025, 10, 1, 0, 0
8124, 50, 0, 0, 0
8124, 10, 1, 0, 0
8224, 30, 0, 0, 0
8324, 40, 0, 0, 0
8324, 10, 1, 0, 0
8424, 80, 0, 0, 0
8424, 10, 1, 0, 0
8524, 130, 0, 0, 0
8524, 30, 1, 0, 0
8624, 130, 0, 0, 0
8624, 30, 1, 0, 0
8724, 120, 0, 0, 0
8724, 20, 1, 0, 0
8824, 120, 0, 0, 0
8824, 30, 1, 0, 0
8925, 130, 0, 0, 0
8925, 10, 1, 0, 0
9025, 130, 0, 0, 0
9125, 120, 0, 0, 0
9125, 30, 1, 0, 0
9225, 130, 0, 0, 0
9225, 30, 1, 0, 0
9325, 50, 0, 0, 0
9325, 10, 1, 0, 0
9525, 110, 0, 0, 0
9525, 40, 1, 0, 0
9624, 131, 0, 0, 0
9724, 120, 0, 0, 0
9724, 20, 1, 0, 0
9824, 130, 0, 0, 0
9824, 60, 1, 0, 0
9924, 120, 0, 0, 0
9924, 50, 1, 0, 0
10024, 130, 0, 0, 0
10024, 40, 1, 0, 0
10124, 120, 0, 0, 0
10124, 20, 1, 0, 0
10224, 130, 0, 0, 0
10224, 10, 1, 0, 0
10324, 120, 0, 0, 0
10324, 40, 1, 0, 0
10424, 130, 0, 0, 0
10424, 10, 1, 0, 0
10524, 130, 0, 0, 0
10524, 20, 1, 0, 0
10625, 120, 0, 0, 0
10625, 50, 1, 0, 0
10725, 120, 0, 0, 0
10725, 30, 1, 0, 0
10825, 130, 0, 0, 0
10825, 20, 1, 0, 0
10925, 130, 0, 0, 0
10925, 20, 1, 0, 0
11025, 120, 0, 0, 0
11025, 20, 1, 0, 0
11124, 121, 0, 0, 0
11124, 30, 1, 0, 0
11224, 130, 0, 0, 0
11324, 120, 0, 0, 0
11324, 10, 1, 0, 0
11424, 130, 0, 0, 0
11424, 20, 1, 0, 0
11524, 1160, 0, 0, 0
11524, 350, 1, 0, 0
11624, 120, 0, 0, 0
11624, 50, 1, 0, 0
11724, 130, 0, 0, 0
11724, 10, 1, 0, 0
11824, 120, 0, 0, 0
11824, 10, 1, 0, 0
11924, 130, 0, 0, 0
11924, 50, 1, 0, 0
12025, 120, 0, 0, 0
12025, 80, 1, 0, 0
12125, 130, 0, 0, 0
12125, 10, 1, 0, 0
12225, 120, 0, 0, 0
12225, 50, 1, 0, 0
12325, 130, 0, 0, 0
12325, 10, 1, 0, 0
12425, 120, 0, 0, 0
12425, 40, 1, 0, 0
12525, 130, 0, 0, 0
12525, 40, 1, 0, 0
12624, 121, 0, 0, 0
12624, 50, 1, 0, 0
12724, 130, 0, 0, 0
12724, 20, 1, 0, 0
12824, 120, 0, 0, 0
12824, 40, 1, 0, 0
12924, 130, 0, 0, 0
12924, 40, 1, 0, 0
13024, 130, 0, 0, 0
13124, 120, 0, 0, 0
13124, 20, 1, 0, 0
13224, 120, 0, 0, 0
13224, 50, 1, 0, 0
13324, 130, 0, 0, 0
13324, 10, 1, 0, 0
13424, 130, 0, 0, 0
13424, 20, 1, 0, 0
13524, 120, 0, 0, 0
13524, 40, 1, 0, 0
13625, 130, 0, 0, 0
13625, 50, 1, 0, 0
13725, 120, 0, 0, 0
13725, 70, 1, 0, 0
13825, 130, 0, 0, 0
13825, 10, 1, 0, 0
13925, 120, 0, 0, 0
13925, 20, 1, 0, 0
14025, 130, 0, 0, 0
14025, 20, 1, 0, 0
14124, 121, 0, 0, 0
14124, 10, 1, 0, 0
14224, 120, 0, 0, 0
14224, 20, 1, 0, 0
14324, 130, 0, 0, 0
14324, 20, 1, 0, 0
14424, 130, 0, 0, 0
14424, 10, 1, 0, 0
14524, 120, 0, 0, 0
14524, 40, 1, 0, 0
14624, 130, 0, 0, 0
14624, 40, 1, 0, 0
14724, 120, 0, 0, 0
14724, 60, 1, 0, 0
14824, 130, 0, 0, 0
14824, 20, 1, 0, 0
14924, 120, 0, 0, 0
14924, 50, 1, 0, 0
15024, 130, 0, 0, 0
15024, 70, 1, 0, 0
15125, 120, 0, 0, 0
15125, 20, 1, 0, 0
15225, 130, 0, 0, 0
15225, 10, 1, 0, 0
15325, 120, 0, 0, 0
15325, 10, 1, 0, 0
15425, 130, 0, 0, 0
15425, 40, 1, 0, 0
15525, 130, 0, 0, 0
15525, 60, 1, 0, 0
15625, 120, 0, 0, 0
15625, 30, 1, 0, 0
15725, 130, 0, 0, 0
15725, 20, 1, 0, 0
15825, 120, 0, 0, 0
15825, 10, 1, 0, 0
15925, 130, 0, 0, 0
15925, 40, 1, 0, 0
16025, 110, 0, 0, 0
16025, 30, 1, 0, 0
16124, 131, 0, 0, 0
16124, 10, 1, 0, 0
16224, 120, 0, 0, 0
16224, 60, 1, 0, 0
16324, 120, 0, 0, 0
16324, 10, 1, 0, 0
16424, 130, 0, 0, 0
16424, 40, 1, 0, 0
16524, 130, 0, 0, 0
16524, 40, 1, 0, 0
16625, 120, 0, 0, 0
16625, 30, 1, 0, 0
16725, 130, 0, 0, 0
16825, 90, 0, 0, 0
16825, 40, 1, 0, 0
18825, 10, 0, 0, 0
18925, 120, 0, 0, 0
18925, 30, 1, 0, 0
19025, 130, 0, 0, 0
19025, 40, 1, 0, 0
19124, 121, 0, 0, 0
19124, 10, 1, 0, 0
19224, 130, 0, 0, 0
19224, 50, 1, 0, 0
19324, 120, 0, 0, 0
19324, 10, 1, 0, 0
19424, 130, 0, 0, 0
19424, 40, 1, 0, 0
19524, 130, 0, 0, 0
19524, 50, 1, 0, 0
19624, 120, 0, 0, 0
19624, 20, 1, 0, 0
19724, 120, 0, 0, 0
19724, 10, 1, 0, 0
19824, 130, 0, 0, 0
19824, 30, 1, 0, 0
19924, 130, 0, 0, 0
19924, 100, 1, 0, 0
20025, 120, 0, 0, 0
20025, 70, 1, 0, 0
20125, 130, 0, 0, 0
20125, 20, 1, 0, 0
20225, 120, 0, 0, 0
20225, 20, 1, 0, 0
20325, 120, 0, 0, 0
20325, 40, 1, 0, 0
20425, 120, 0, 0, 0
20525, 130, 0, 0, 0
20525, 50, 1, 0, 0
20624, 121, 0, 0, 0
20624, 40, 1, 0, 0
20724, 130, 0, 0, 0
20724, 30, 1, 0, 0
20824, 120, 0, 0, 0
20824, 30, 1, 0, 0
20924, 130, 0, 0, 0
20924, 30, 1, 0, 0
21024, 120, 0, 0, 0
21024, 20, 1, 0, 0
21124, 130, 0, 0, 0
21124, 20, 1, 0, 0
21224, 120, 0, 0, 0
21224, 90, 1, 0, 0
21324, 130, 0, 0, 0
21324, 40, 1, 0, 0
21425, 130, 0, 0, 0
21425, 30, 1, 0, 0
21525, 120, 0, 0, 0
21525, 20, 1, 0, 0
21625, 120, 0, 0, 0
21625, 10, 1, 0, 0
21725, 3430, 0, 0, 0
21725, 830, 1, 0, 0
21825, 330, 0, 0, 0
21825, 110, 1, 0, 0
21925, 120, 0, 0, 0
21925, 60, 1, 0, 0
22025, 130, 0, 0, 0
22025, 10, 1, 0, 0
22124, 121, 0, 0, 0
22124, 70, 1, 0, 0
22224, 130, 0, 0, 0
22224, 60, 1, 0, 0
22324, 120, 0, 0, 0
22424, 130, 0, 0, 0
22424, 40, 1, 0, 0
22524, 120, 0, 0, 0
22524, 20, 1, 0, 0
22624, 130, 0, 0, 0
22624, 30, 1, 0, 0
22724, 120, 0, 0, 0
22724, 40, 1, 0, 0
22825, 130, 0, 0, 0
22925, 120, 0, 0, 0
22925, 40, 1, 0, 0
23025, 130, 0, 0, 0
23025, 80, 1, 0, 0
23125, 120, 0, 0, 0
23125, 10, 1, 0, 0
23225, 130, 0, 0, 0
23225, 10, 1, 0, 0
23325, 120, 0, 0, 0
23325, 10, 1, 0, 0
23425, 130, 0, 0, 0
23425, 40, 1, 0, 0
23525, 120, 0, 0, 0
23525, 40, 1, 0, 0
23624, 131, 0, 0, 0
23624, 50, 1, 0, 0
23724, 120, 0, 0, 0
23724, 10, 1, 0, 0
23824, 130, 0, 0, 0
23824, 20, 1, 0, 0
23924, 110, 0, 0, 0
23924, 40, 1, 0, 0
24024, 40, 0, 0, 0
24124, 30, 0, 0, 0
24224, 40, 0, 0, 0
24224, 10, 1, 0, 0
24324, 30, 0, 0, 0
24324, 10, 1, 0, 0
24425, 30, 0, 0, 0
24425, 10, 1, 0, 0
24525, 90, 0, 0, 0
24525, 10, 1, 0, 0
24625, 110, 0, 0, 0
24625, 40, 1, 0, 0
26325, 10, 0, 0, 0
26425, 120, 0, 0, 0
26425, 30, 1, 0, 0
26525, 130, 0, 0, 0
26525, 50, 1, 0, 0
26625, 120, 0, 0, 0
26625, 40, 1, 0, 0
26725, 130, 0, 0, 0
26725, 20, 1, 0, 0
26825, 130, 0, 0, 0
26825, 70, 1, 0, 0
26925, 120, 0, 0, 0
26925, 50, 1, 0, 0
27025, 130, 0, 0, 0
27025, 20, 1, 0, 0
27124, 121, 0, 0, 0
27124, 10, 1, 0, 0
27224, 120, 0, 0, 0
27224, 20, 1, 0, 0
27324, 130, 0, 0, 0
27324, 10, 1, 0, 0
27424, 120, 0, 0, 0
27424, 50, 1, 0, 0
27524, 130, 0, 0, 0
27524, 40, 1, 0, 0
27624, 130, 0, 0, 0
27624, 120, 1, 0, 0
27724, 120, 0, 0, 0
27724, 60, 1, 0, 0
27824, 130, 0, 0, 0
27824, 50, 1, 0, 0
27924, 120, 0, 0, 0
27924, 40, 1, 0, 0
28024, 40, 0, 0, 0
28024, 30, 1, 0, 0
28124, 10, 0, 0, 0
28224, 30, 0, 0, 0
28224, 10, 1, 0, 0
28324, 30, 0, 0, 0
28424, 60, 0, 0, 0
28424, 70, 1, 0, 0
28525, 30, 0, 0, 0
28625, 30, 0, 0, 0
28625, 30, 1, 0, 0
28725, 30, 0, 0, 0
28825, 10, 0, 0, 0
28925, 60, 0, 0, 0
29025, 20, 0, 0, 0
29125, 40, 0, 0, 0
29125, 10, 1, 0, 0
29225, 20, 0, 0, 0
29325, 30, 0, 0, 0
29425, 100, 0, 0, 0
29425, 10, 1, 0, 0
29525, 20, 0, 0, 0
29525, 10, 1, 0, 0
29724, 30, 0, 0, 0
29824, 30, 0, 0, 0
29824, 30, 1, 0, 0
29924, 130, 0, 0, 0
29924, 20, 1, 0, 0
30024, 10, 0, 0, 0
30124, 40, 0, 0, 0
30124, 40, 1, 0, 0
30224, 80, 0, 0, 0
30224, 50, 1, 0, 0
30324, 280, 0, 0, 0
30324, 70, 1, 0, 0
30424, 250, 0, 0, 0
30424, 40, 1, 0, 0
30524, 60, 0, 0, 0
30524, 10, 1, 0, 0
30624, 210, 0, 0, 0
30624, 80, 1, 0, 0
30724, 110, 0, 0, 0
30724, 20, 1, 0, 0
30824, 120, 0, 0, 0
30824, 40, 1, 0, 0
30925, 120, 0, 0, 0
30925, 30, 1, 0, 0
31025, 130, 0, 0, 0
31025, 40, 1, 0, 0
31125, 120, 0, 0, 0
31125, 50, 1, 0, 0
31225, 130, 0, 0, 0
31225, 20, 1, 0, 0
31325, 90, 0, 0, 0
31325, 50, 1, 0, 0
31425, 40, 0, 0, 0
31525, 20, 0, 0, 0
31624, 30, 0, 0, 0
31724, 20, 0, 0, 0
31824, 30, 0, 0, 0
31924, 80, 0, 0, 0
31924, 10, 1, 0, 0
32024, 250, 0, 0, 0
32024, 40, 1, 0, 0
32124, 210, 0, 0, 0
32124, 110, 1, 0, 0
32224, 240, 0, 0, 0
32224, 60, 1, 0, 0
32324, 290, 0, 0, 0
32324, 40, 1, 0, 0
32424, 200, 0, 0, 0
32424, 50, 1, 0, 0
32524, 130, 0, 0, 0
32524, 70, 1, 0, 0
32624, 120, 0, 0, 0
32624, 50, 1, 0, 0
32724, 130, 0, 0, 0
32724, 60, 1, 0, 0
32824, 120, 0, 0, 0
32824, 20, 1, 0, 0
32924, 130, 0, 0, 0
32924, 30, 1, 0, 0
33024, 120, 0, 0, 0
33024, 70, 1, 0, 0
33125, 130, 0, 0, 0
33125, 60, 1, 0, 0
33225, 120, 0, 0, 0
33225, 10, 1, 0, 0
33325, 120, 0, 0, 0
33325, 30, 1, 0, 0
33425, 20, 0, 0, 0
33525, 20, 0, 0, 0
33625, 30, 0, 0, 0
33725, 30, 0, 0, 0
33725, 20, 1, 0, 0
33825, 20, 0, 0, 0
33925, 50, 0, 0, 0
33925, 10, 1, 0, 0
34025, 60, 0, 0, 0
34025, 10, 1, 0, 0
34124, 40, 0, 0, 0
34224, 50, 0, 0, 0
34324, 30, 0, 0, 0
34424, 40, 0, 0, 0
34524, 10, 0, 0, 0
34624, 10, 0, 0, 0
34724, 60, 0, 0, 0
34724, 10, 1, 0, 0
34824, 90, 0, 0, 0
34824, 30, 1, 0, 0
34924, 560, 0, 0, 0
34924, 110, 1, 0, 0
36624, 90, 0, 0, 0
36624, 30, 1, 0, 0
36724, 180, 0, 0, 0
36724, 70, 1, 0, 0
36824, 240, 0, 0, 0
36824, 50, 1, 0, 0
36924, 130, 0, 0, 0
36924, 20, 1, 0, 0
37024, 230, 0, 0, 0
37024, 40, 1, 0, 0
37124, 170, 0, 0, 0
37124, 40, 1, 0, 0
37224, 180, 0, 0, 0
37224, 100, 1, 0, 0
37324, 60, 0, 0, 0
37324, 30, 1, 0, 0
37424, 50, 0, 0, 0
37424, 20, 1, 0, 0
37524, 50, 0, 0, 0
37524, 10, 1, 0, 0
37625, 50, 0, 0, 0
37725, 40, 0, 0, 0
37725, 10, 1, 0, 0
37825, 30, 0, 0, 0
37825, 10, 1, 0, 0
37925, 70, 0, 0, 0
37925, 10, 1, 0, 0
38025, 40, 0, 0, 0
38025, 20, 1, 0, 0
38125, 30, 0, 0, 0
38225, 30, 0, 0, 0
38225, 10, 1, 0, 0
38325, 40, 0, 0, 0
38425, 20, 0, 0, 0
38525, 40, 0, 0, 0
38525, 10, 1, 0, 0
38624, 60, 0, 0, 0
38624, 30, 1, 0, 0
38724, 60, 0, 0, 0
38724, 50, 1, 0, 0
38824, 60, 0, 0, 0
38824, 10, 1, 0, 0
38924, 130, 0, 0, 0
38924, 40, 1, 0, 0
39224, 40, 0, 0, 0
39224, 30, 1, 0, 0
39324, 140, 0, 0, 0
39324, 30, 1, 0, 0
39424, 710, 0, 0, 0
39424, 180, 1, 0, 0
39524, 270, 0, 0, 0
39524, 80, 1, 0, 0
39624, 280, 0, 0, 0
39624, 80, 1, 0, 0
39724, 330, 0, 0, 0
39724, 80, 1, 0, 0
39824, 320, 0, 0, 0
39824, 70, 1, 0, 0
39925, 150, 0, 0, 0
39925, 10, 1, 0, 0
40025, 120, 0, 0, 0
40025, 10, 1, 0, 0
40125, 130, 0, 0, 0
40125, 10, 1, 0, 0
40225, 120, 0, 0, 0
40225, 20, 1, 0, 0
40325, 130, 0, 0, 0
40325, 30, 1, 0, 0
40425, 120, 0, 0, 0
40425, 20, 1, 0, 0
40525, 130, 0, 0, 0
40625, 120, 0, 0, 0
40625, 10, 1, 0, 0
40725, 130, 0, 0, 0
40725, 20, 1, 0, 0
40825, 120, 0, 0, 0
40825, 30, 1, 0, 0
40925, 130, 0, 0, 0
40925, 10, 1, 0, 0
41025, 120, 0, 0, 0
41025, 30, 1, 0, 0
41124, 131, 0, 0, 0
41124, 40, 1, 0, 0
41224, 120, 0, 0, 0
41324, 130, 0, 0, 0
41324, 40, 1, 0, 0
41424, 120, 0, 0, 0
41424, 30, 1, 0, 0
41524, 130, 0, 0, 0
41524, 20, 1, 0, 0
41624, 120, 0, 0, 0
41624, 40, 1, 0, 0
41724, 130, 0, 0, 0
41724, 60, 1, 0, 0
41824, 120, 0, 0, 0
41824, 20, 1, 0, 0
41924, 130, 0, 0, 0
41924, 20, 1, 0, 0
42024, 130, 0, 0, 0
42024, 20, 1, 0, 0
42125, 120, 0, 0, 0
42125, 30, 1, 0, 0
42225, 120, 0, 0, 0
42325, 130, 0, 0, 0
42325, 30, 1, 0, 0
42425, 130, 0, 0, 0
42425, 40, 1, 0, 0
42525, 120, 0, 0, 0
42525, 30, 1, 0, 0
42625, 130, 0, 0, 0
42625, 20, 1, 0, 0
42725, 120, 0, 0, 0
42725, 30, 1, 0, 0
42825, 130, 0, 0, 0
42825, 50, 1, 0, 0
42925, 120, 0, 0, 0
42925, 40, 1, 0, 0
43025, 130, 0, 0, 0
43025, 30, 1, 0, 0
43124, 121, 0, 0, 0
43124, 50, 1, 0, 0
43224, 130, 0, 0, 0
43224, 50, 1, 0, 0
43324, 120, 0, 0, 0
43324, 10, 1, 0, 0
43424, 130, 0, 0, 0
43424, 10, 1, 0, 0
43524, 120, 0, 0, 0
43524, 30, 1, 0, 0
43624, 130, 0, 0, 0
43624, 40, 1, 0, 0
43724, 110, 0, 0, 0
43825, 130, 0, 0, 0
43825, 10, 1, 0, 0
43925, 120, 0, 0, 0
43925, 20, 1, 0, 0
44025, 130, 0, 0, 0
44025, 50, 1, 0, 0
44125, 130, 0, 0, 0
44125, 40, 1, 0, 0
44225, 120, 0, 0, 0
44225, 20, 1, 0, 0
44325, 130, 0, 0, 0
44325, 10, 1, 0, 0
44425, 120, 0, 0, 0
44425, 20, 1, 0, 0
44525, 130, 0, 0, 0
44525, 50, 1, 0, 0
44624, 121, 0, 0, 0
44624, 40, 1, 0, 0
44724, 120, 0, 0, 0
44724, 30, 1, 0, 0
44824, 130, 0, 0, 0
44824, 10, 1, 0, 0
44924, 130, 0, 0, 0
44924, 60, 1, 0, 0
45024, 120, 0, 0, 0
45024, 60, 1, 0, 0
45124, 130, 0, 0, 0
45124, 70, 1, 0, 0
45224, 120, 0, 0, 0
45224, 70, 1, 0, 0
45325, 130, 0, 0, 0
45325, 40, 1, 0, 0
45425, 120, 0, 0, 0
45425, 20, 1, 0, 0
45525, 130, 0, 0, 0
45525, 20, 1, 0, 0
45625, 120, 0, 0, 0
45625, 50, 1, 0, 0
45725, 130, 0, 0, 0
45725, 90, 1, 0, 0
45825, 120, 0, 0, 0
45825, 70, 1, 0, 0
45925, 130, 0, 0, 0
45925, 40, 1, 0, 0
46025, 120, 0, 0, 0
46025, 10, 1, 0, 0
46124, 121, 0, 0, 0
46124, 30, 1, 0, 0
46224, 130, 0, 0, 0
46224, 10, 1, 0, 0
46324, 130, 0, 0, 0
46324, 10, 1, 0, 0
48324, 30, 0, 0, 0
48324, 10, 1, 0, 0
48424, 110, 0, 0, 0
48424, 40, 1, 0, 0
48524, 130, 0, 0, 0
48524, 30, 1, 0, 0
48624, 120, 0, 0, 0
48624, 30, 1, 0, 0
48724, 130, 0, 0, 0
48824, 120, 0, 0, 0
48824, 30, 1, 0, 0
48925, 240, 0, 0, 0
48925, 20, 1, 0, 0
49025, 3540, 0, 0, 0
49025, 1140, 1, 0, 0
49125, 220, 0, 0, 0
49125, 10, 1, 0, 0
49225, 130, 0, 0, 0
49225, 50, 1, 0, 0
49325, 120, 0, 0, 0
49325, 40, 1, 0, 0
49425, 130, 0, 0, 0
49425, 20, 1, 0, 0
49525, 120, 0, 0, 0
49525, 40, 1, 0, 0
49624, 131, 0, 0, 0
49624, 20, 1, 0, 0
49724, 120, 0, 0, 0
49724, 60, 1, 0, 0
49824, 130, 0, 0, 0
49824, 20, 1, 0, 0
49924, 120, 0, 0, 0
49924, 10, 1, 0, 0
50024, 130, 0, 0, 0
50024, 10, 1, 0, 0
50124, 120, 0, 0, 0
50224, 130, 0, 0, 0
50224, 10, 1, 0, 0
50324, 120, 0, 0, 0
50324, 30, 1, 0, 0
50424, 130, 0, 0, 0
50424, 10, 1, 0, 0
50525, 120, 0, 0, 0
50525, 50, 1, 0, 0
50625, 130, 0, 0, 0
50625, 20, 1, 0, 0
50725, 120, 0, 0, 0
50725, 30, 1, 0, 0
50825, 130, 0, 0, 0
50825, 50, 1, 0, 0
50925, 120, 0, 0, 0
50925, 50, 1, 0, 0
51025, 130, 0, 0, 0
51025, 50, 1, 0, 0
51124, 121, 0, 0, 0
51124, 20, 1, 0, 0
51224, 130, 0, 0, 0
51224, 10, 1, 0, 0
51324, 120, 0, 0, 0
51324, 30, 1, 0, 0
51424, 130, 0, 0, 0
51424, 40, 1, 0, 0
51524, 130, 0, 0, 0
51524, 20, 1, 0, 0
51624, 120, 0, 0, 0
51624, 50, 1, 0, 0
51724, 120, 0, 0, 0
51724, 30, 1, 0, 0
51824, 130, 0, 0, 0
51824, 50, 1, 0, 0
51925, 120, 0, 0, 0
51925, 120, 1, 0, 0
52025, 130, 0, 0, 0
52025, 60, 1, 0, 0
52125, 130, 0, 0, 0
52125, 30, 1, 0, 0
52225, 120, 0, 0, 0
52225, 10, 1, 0, 0
52325, 130, 0, 0, 0
52325, 50, 1, 0, 0
52425, 120, 0, 0, 0
52425, 40, 1, 0, 0
52525, 130, 0, 0, 0
52624, 121, 0, 0, 0
52624, 20, 1, 0, 0
52724, 130, 0, 0, 0
52824, 120, 0, 0, 0
52824, 20, 1, 0, 0
52924, 130, 0, 0, 0
52924, 30, 1, 0, 0
53024, 120, 0, 0, 0
53024, 30, 1, 0, 0
53124, 130, 0, 0, 0
53124, 20, 1, 0, 0
53224, 120, 0, 0, 0
53224, 10, 1, 0, 0
53324, 130, 0, 0, 0
53324, 50, 1, 0, 0
53424, 120, 0, 0, 0
53424, 30, 1, 0, 0
53524, 130, 0, 0, 0
53524, 40, 1, 0, 0
53625, 90, 0, 0, 0
53625, 20, 1, 0, 0
55825, 90, 0, 0, 0
55825, 10, 1, 0, 0
55925, 120, 0, 0, 0
55925, 20, 1, 0, 0
56025, 130, 0, 0, 0
56025, 10, 1, 0, 0
56125, 120, 0, 0, 0
56125, 10, 1, 0, 0
56225, 130, 0, 0, 0
56225, 10, 1, 0, 0
56325, 130, 0, 0, 0
56325, 30, 1, 0, 0
56425, 120, 0, 0, 0
56425, 60, 1, 0, 0
56525, 120, 0, 0, 0
56525, 10, 1, 0, 0
56625, 130, 0, 0, 0
56625, 40, 1, 0, 0
56725, 130, 0, 0, 0
56725, 20, 1, 0, 0
56825, 120, 0, 0, 0
56825, 50, 1, 0, 0
56925, 130, 0, 0, 0
56925, 10, 1, 0, 0
57025, 120, 0, 0, 0
57025, 40, 1, 0, 0
57124, 131, 0, 0, 0
57124, 20, 1, 0, 0
57224, 120, 0, 0, 0
57224, 70, 1, 0, 0
57324, 130, 0, 0, 0
57324, 20, 1, 0, 0
57424, 120, 0, 0, 0
57424, 30, 1, 0, 0
57524, 130, 0, 0, 0
57524, 20, 1, 0, 0
57624, 120, 0, 0, 0
57624, 10, 1, 0, 0
57724, 130, 0, 0, 0
57724, 50, 1, 0, 0
57824, 90, 0, 0, 0
57824, 20, 1, 0, 0
57924, 120, 0, 0, 0
57924, 20, 1, 0, 0
58024, 120, 0, 0, 0
58024, 30, 1, 0, 0
58125, 130, 0, 0, 0
58125, 20, 1, 0, 0
58225, 120, 0, 0, 0
58225, 20, 1, 0, 0
58325, 130, 0, 0, 0
58325, 40, 1, 0, 0
58425, 120, 0, 0, 0
58425, 30, 1, 0, 0
58525, 130, 0, 0, 0
58525, 10, 1, 0, 0
58625, 120, 0, 0, 0
58625, 50, 1, 0, 0
58725, 50, 0, 0, 0
58725, 30, 1, 0, 0
58825, 20, 0, 0, 0
58925, 10, 0, 0, 0
59025, 10, 0, 0, 0
59025, 10, 1, 0, 0
59124, 10, 0, 0, 0
59224, 20, 0, 0, 0
59224, 10, 1, 0, 0
59324, 10, 0, 0, 0
59424, 30, 0, 0, 0
59524, 50, 0, 0, 0
59524, 20, 1, 0, 0
59624, 80, 0, 0, 0
59624, 10, 1, 0, 0
59724, 230, 0, 0, 0
59724, 30, 1, 0, 0
59824, 220, 0, 0, 0
59824, 100, 1, 0, 0
59924, 2140, 0, 0, 0
59924, 520, 1, 0, 0
60024, 1290, 0, 0, 0
60024, 280, 1, 0, 0
60124, 260, 0, 0, 0
60124, 70, 1, 0, 0
60224, 280, 0, 0, 0
60224, 40, 1, 0, 0
60325, 300, 0, 0, 0
60325, 50, 1, 0, 0
60425, 300, 0, 0, 0
60425, 60, 1, 0, 0
60525, 280, 0, 0, 0
60525, 60, 1, 0, 0
60625, 130, 0, 0, 0
60625, 50, 1, 0, 0
60725, 120, 0, 0, 0
60725, 20, 1, 0, 0
60825, 130, 0, 0, 0
60825, 50, 1, 0, 0
60925, 120, 0, 0, 0
60925, 60, 1, 0, 0
61025, 130, 0, 0, 0
61025, 30, 1, 0, 0
61124, 40, 0, 0, 0
61124, 10, 1, 0, 0
61224, 50, 0, 0, 0
61324, 40, 0, 0, 0
61424, 60, 0, 0, 0
61424, 40, 1, 0, 0
61524, 40, 0, 0, 0
61524, 20, 1, 0, 0
61624, 60, 0, 0, 0
61624, 10, 1, 0, 0
61724, 40, 0, 0, 0
61724, 10, 1, 0, 0
61824, 60, 0, 0, 0
61925, 40, 0, 0, 0
62025, 20, 0, 0, 0
62125, 20, 0, 0, 0
63324, 50, 0, 0, 0
63324, 10, 1, 0, 0
63424, 120, 0, 0, 0
63424, 80, 1, 0, 0
63524, 130, 0, 0, 0
63524, 50, 1, 0, 0
63624, 120, 0, 0, 0
63724, 130, 0, 0, 0
63724, 30, 1, 0, 0
63824, 120, 0, 0, 0
63824, 50, 1, 0, 0
63925, 130, 0, 0, 0
63925, 100, 1, 0, 0
64025, 120, 0, 0, 0
64025, 40, 1, 0, 0
64125, 130, 0, 0, 0
64125, 50, 1, 0, 0
64225, 120, 0, 0, 0
64225, 10, 1, 0, 0
64325, 130, 0, 0, 0
64325, 60, 1, 0, 0
64425, 120, 0, 0, 0
64425, 30, 1, 0, 0
64525, 130, 0, 0, 0
64525, 50, 1, 0, 0
64624, 121, 0, 0, 0
64624, 20, 1, 0, 0
64724, 120, 0, 0, 0
64724, 30, 1, 0, 0
64824, 130, 0, 0, 0
64824, 10, 1, 0, 0
64924, 120, 0, 0, 0
64924, 10, 1, 0, 0
65024, 130, 0, 0, 0
65024, 20, 1, 0, 0
65124, 120, 0, 0, 0
65124, 30, 1, 0, 0
65224, 130, 0, 0, 0
65324, 120, 0, 0, 0
65324, 20, 1, 0, 0
65424, 130, 0, 0, 0
65424, 20, 1, 0, 0
65525, 120, 0, 0, 0
65525, 30, 1, 0, 0
65625, 130, 0, 0, 0
65625, 10, 1, 0, 0
65725, 120, 0, 0, 0
65725, 20, 1, 0, 0
65825, 130, 0, 0, 0
65925, 120, 0, 0, 0
65925, 30, 1, 0, 0
66025, 130, 0, 0, 0
66025, 20, 1, 0, 0
66124, 121, 0, 0, 0
66124, 10, 1, 0, 0
66224, 130, 0, 0, 0
66224, 10, 1, 0, 0
66324, 120, 0, 0, 0
66324, 10, 1, 0, 0
66424, 130, 0, 0, 0
66424, 20, 1, 0, 0
66524, 120, 0, 0, 0
66524, 30, 1, 0, 0
66624, 130, 0, 0, 0
66624, 20, 1, 0, 0
66724, 120, 0, 0, 0
66724, 30, 1, 0, 0
66824, 130, 0, 0, 0
66824, 60, 1, 0, 0
66925, 130, 0, 0, 0
66925, 20, 1, 0, 0
67025, 120, 0, 0, 0
67025, 20, 1, 0, 0
67125, 120, 0, 0, 0
67125, 30, 1, 0, 0
67225, 130, 0, 0, 0
67325, 130, 0, 0, 0
67325, 20, 1, 0, 0
67425, 120, 0, 0, 0
67525, 130, 0, 0, 0
67525, 60, 1, 0, 0
67624, 121, 0, 0, 0
67624, 20, 1, 0, 0
67724, 120, 0, 0, 0
67724, 30, 1, 0, 0
67824, 130, 0, 0, 0
67824, 60, 1, 0, 0
67924, 130, 0, 0, 0
67924, 20, 1, 0, 0
68024, 120, 0, 0, 0
68024, 20, 1, 0, 0
68124, 130, 0, 0, 0
68124, 50, 1, 0, 0
68224, 120, 0, 0, 0
68224, 20, 1, 0, 0
68324, 130, 0, 0, 0
68324, 40, 1, 0, 0
68424, 120, 0, 0, 0
68424, 40, 1, 0, 0
68524, 130, 0, 0, 0
68625, 120, 0, 0, 0
68625, 10, 1, 0, 0
68725, 130, 0, 0, 0
68725, 20, 1, 0, 0
68825, 130, 0, 0, 0
68825, 70, 1, 0, 0
68925, 120, 0, 0, 0
68925, 20, 1, 0, 0
69025, 130, 0, 0, 0
69124, 121, 0, 0, 0
69124, 40, 1, 0, 0
69224, 130, 0, 0, 0
69324, 120, 0, 0, 0
69324, 60, 1, 0, 0
69424, 1610, 0, 0, 0
69424, 380, 1, 0, 0
71025, 70, 0, 0, 0
71025, 60, 1, 0, 0
71124, 121, 0, 0, 0
71124, 20, 1, 0, 0
71224, 130, 0, 0, 0
71224, 40, 1, 0, 0
71324, 120, 0, 0, 0
71324, 40, 1, 0, 0
71424, 130, 0, 0, 0
71424, 10, 1, 0, 0
71524, 120, 0, 0, 0
71524, 20, 1, 0, 0
71624, 130, 0, 0, 0
71624, 100, 1, 0, 0
71724, 260, 0, 0, 0
71724, 30, 1, 0, 0
72025, 70, 0, 0, 0
72025, 20, 1, 0, 0
72125, 410, 0, 0, 0
72125, 110, 1, 0, 0
72225, 130, 0, 0, 0
72325, 120, 0, 0, 0
72325, 20, 1, 0, 0
72425, 130, 0, 0, 0
72425, 10, 1, 0, 0
72525, 120, 0, 0, 0
72525, 40, 1, 0, 0
72624, 131, 0, 0, 0
72624, 40, 1, 0, 0
72724, 120, 0, 0, 0
72724, 70, 1, 0, 0
72824, 130, 0, 0, 0
72824, 20, 1, 0, 0
72924, 120, 0, 0, 0
72924, 60, 1, 0, 0
73024, 130, 0, 0, 0
73024, 40, 1, 0, 0
73124, 120, 0, 0, 0
73124, 30, 1, 0, 0
73224, 130, 0, 0, 0
73324, 120, 0, 0, 0
73424, 130, 0, 0, 0
73424, 20, 1, 0, 0
73524, 130, 0, 0, 0
73524, 110, 1, 0, 0
73624, 120, 0, 0, 0
73624, 20, 1, 0, 0
73724, 130, 0, 0, 0
73724, 40, 1, 0, 0
73824, 120, 0, 0, 0
73824, 10, 1, 0, 0
73924, 120, 0, 0, 0
73924, 20, 1, 0, 0
74024, 130, 0, 0, 0
74024, 40, 1, 0, 0
74124, 130, 0, 0, 0
74124, 30, 1, 0, 0
74224, 120, 0, 0, 0
74224, 30, 1, 0, 0
74324, 130, 0, 0, 0
74425, 120, 0, 0, 0
74425, 70, 1, 0, 0
74525, 130, 0, 0, 0
74525, 40, 1, 0, 0
74625, 120, 0, 0, 0
74625, 40, 1, 0, 0
74725, 130, 0, 0, 0
74725, 10, 1, 0, 0
74825, 110, 0, 0, 0
74825, 10, 1, 0, 0
74925, 130, 0, 0, 0
74925, 30, 1, 0, 0
75025, 120, 0, 0, 0
75025, 40, 1, 0, 0
75125, 130, 0, 0, 0
75125, 50, 1, 0, 0
75225, 130, 0, 0, 0
75225, 50, 1, 0, 0
75325, 120, 0, 0, 0
75325, 40, 1, 0, 0
75425, 120, 0, 0, 0
75425, 30, 1, 0, 0
75525, 130, 0, 0, 0
75525, 30, 1, 0, 0
75624, 121, 0, 0, 0
75624, 10, 1, 0, 0
75724, 100, 0, 0, 0
75724, 20, 1, 0, 0
75824, 90, 0, 0, 0
75824, 20, 1, 0, 0
75924, 190, 0, 0, 0
75924, 30, 1, 0, 0
76024, 90, 0, 0, 0
76024, 20, 1, 0, 0
76124, 140, 0, 0, 0
76124, 40, 1, 0, 0
76224, 140, 0, 0, 0
76224, 40, 1, 0, 0
76324, 130, 0, 0, 0
76324, 30, 1, 0, 0
76424, 80, 0, 0, 0
76424, 20, 1, 0, 0
76524, 170, 0, 0, 0
76524, 90, 1, 0, 0
76624, 80, 0, 0, 0
76624, 10, 1, 0, 0
76724, 160, 0, 0, 0
76724, 10, 1, 0, 0
76824, 130, 0, 0, 0
76824, 40, 1, 0, 0
76924, 130, 0, 0, 0
76924, 30, 1, 0, 0
77024, 120, 0, 0, 0
77024, 30, 1, 0, 0
77125, 130, 0, 0, 0
77125, 40, 1, 0, 0
77225, 130, 0, 0, 0
77225, 40, 1, 0, 0
77325, 120, 0, 0, 0
77325, 20, 1, 0, 0
77425, 130, 0, 0, 0
77525, 120, 0, 0, 0
77525, 30, 1, 0, 0
77625, 120, 0, 0, 0
77625, 40, 1, 0, 0
77725, 60, 0, 0, 0
77725, 20, 1, 0, 0
77825, 120, 0, 0, 0
77825, 30, 1, 0, 0
77925, 60, 0, 0, 0
77925, 20, 1, 0, 0
78025, 40, 0, 0, 0
78025, 10, 1, 0, 0
78124, 30, 0, 0, 0
78124, 10, 1, 0, 0
78224, 250, 0, 0, 0
78224, 70, 1, 0, 0
78324, 270, 0, 0, 0
78324, 60, 1, 0, 0
78424, 180, 0, 0, 0
78424, 60, 1, 0, 0
78524, 110, 0, 0, 0
78524, 10, 1, 0, 0
78624, 140, 0, 0, 0
78724, 100, 0, 0, 0
78724, 20, 1, 0, 0
78824, 150, 0, 0, 0
78824, 20, 1, 0, 0
78924, 120, 0, 0, 0
78924, 30, 1, 0, 0
79024, 130, 0, 0, 0
79024, 70, 1, 0, 0
79124, 130, 0, 0, 0
79124, 50, 1, 0, 0
79224, 120, 0, 0, 0
79224, 70, 1, 0, 0
79324, 130, 0, 0, 0
79324, 30, 1, 0, 0
79424, 120, 0, 0, 0
79424, 30, 1, 0, 0
79524, 60, 0, 0, 0
79524, 10, 1, 0, 0
79624, 80, 0, 0, 0
79624, 40, 1, 0, 0
79724, 230, 0, 0, 0
79724, 50, 1, 0, 0
79824, 130, 0, 0, 0
79824, 40, 1, 0, 0
79925, 130, 0, 0, 0
79925, 60, 1, 0, 0
82124, 120, 0, 0, 0
82124, 30, 1, 0, 0
82224, 130, 0, 0, 0
82225, 10, 1, 0, 0
82325, 120, 0, 0, 0
82325, 60, 1, 0, 0
82425, 130, 0, 0, 0
82425, 20, 1, 0, 0
82525, 120, 0, 0, 0
82525, 40, 1, 0, 0
82625, 130, 0, 0, 0
82625, 50, 1, 0, 0
82725, 120, 0, 0, 0
82725, 30, 1, 0, 0
82825, 130, 0, 0, 0
82825, 20, 1, 0, 0
82925, 120, 0, 0, 0
82925, 50, 1, 0, 0
83025, 130, 0, 0, 0
83025, 40, 1, 0, 0
83124, 121, 0, 0, 0
83124, 10, 1, 0, 0
83224, 130, 0, 0, 0
83224, 50, 1, 0, 0
83324, 120, 0, 0, 0
83324, 40, 1, 0, 0
83424, 130, 0, 0, 0
83424, 30, 1, 0, 0
83524, 120, 0, 0, 0
83524, 10, 1, 0, 0
83624, 130, 0, 0, 0
83624, 50, 1, 0, 0
83724, 130, 0, 0, 0
83724, 30, 1, 0, 0
83824, 120, 0, 0, 0
83824, 40, 1, 0, 0
83925, 1720, 0, 0, 0
83925, 400, 1, 0, 0
84025, 170, 0, 0, 0
84025, 60, 1, 0, 0
84125, 130, 0, 0, 0
84125, 30, 1, 0, 0
84225, 120, 0, 0, 0
84225, 40, 1, 0, 0
84325, 130, 0, 0, 0
84325, 40, 1, 0, 0
84425, 130, 0, 0, 0
84425, 30, 1, 0, 0
84525, 120, 0, 0, 0
84525, 20, 1, 0, 0
84624, 121, 0, 0, 0
84624, 30, 1, 0, 0
84724, 130, 0, 0, 0
84724, 60, 1, 0, 0
84824, 120, 0, 0, 0
84824, 40, 1, 0, 0
84924, 130, 0, 0, 0
84924, 10, 1, 0, 0
85024, 120, 0, 0, 0
85024, 40, 1, 0, 0
85124, 130, 0, 0, 0
85224, 120, 0, 0, 0
85224, 20, 1, 0, 0
85325, 130, 0, 0, 0
85325, 20, 1, 0, 0
85425, 130, 0, 0, 0
85425, 60, 1, 0, 0
85525, 120, 0, 0, 0
85525, 20, 1, 0, 0
85625, 130, 0, 0, 0
85625, 10, 1, 0, 0
85725, 120, 0, 0, 0
85725, 40, 1, 0, 0
85825, 130, 0, 0, 0
85825, 10, 1, 0, 0
85925, 120, 0, 0, 0
85925, 60, 1, 0, 0
86025, 130, 0, 0, 0
86025, 10, 1, 0, 0
86124, 121, 0, 0, 0
86124, 30, 1, 0, 0
86224, 130, 0, 0, 0
86224, 50, 1, 0, 0
86324, 120, 0, 0, 0
86324, 30, 1, 0, 0
86424, 130, 0, 0, 0
86424, 50, 1, 0, 0
86524, 120, 0, 0, 0
86524, 30, 1, 0, 0
86624, 130, 0, 0, 0
86624, 30, 1, 0, 0
86724, 120, 0, 0, 0
86724, 20, 1, 0, 0
86825, 130, 0, 0, 0
86825, 70, 1, 0, 0
86925, 120, 0, 0, 0
86925, 40, 1, 0, 0
87025, 130, 0, 0, 0
87025, 10, 1, 0, 0
87125, 120, 0, 0, 0
87125, 50, 1, 0, 0
87225, 130, 0, 0, 0
87225, 60, 1, 0, 0
87325, 130, 0, 0, 0
87325, 20, 1, 0, 0
87425, 120, 0, 0, 0
87425, 10, 1, 0, 0
87525, 130, 0, 0, 0
87525, 40, 1, 0, 0
87624, 121, 0, 0, 0
87624, 10, 1, 0, 0
87724, 130, 0, 0, 0
87724, 40, 1, 0, 0
87824, 120, 0, 0, 0
87824, 40, 1, 0, 0
87924, 130, 0, 0, 0
87924, 10, 1, 0, 0
88024, 120, 0, 0, 0
88024, 30, 1, 0, 0
88124, 130, 0, 0, 0
88124, 20, 1, 0, 0
88224, 120, 0, 0, 0
88224, 30, 1, 0, 0
88325, 120, 0, 0, 0
88325, 10, 1, 0, 0
88425, 130, 0, 0, 0
88425, 30, 1, 0, 0
88525, 130, 0, 0, 0
88525, 40, 1, 0, 0
88625, 120, 0, 0, 0
88625, 60, 1, 0, 0
88725, 130, 0, 0, 0
88725, 30, 1, 0, 0
88825, 120, 0, 0, 0
88825, 40, 1, 0, 0
88925, 90, 0, 0, 0
91025, 70, 0, 0, 0
91025, 10, 1, 0, 0
91124, 90, 0, 0, 0
91124, 40, 1, 0, 0
91224, 160, 0, 0, 0
91224, 50, 1, 0, 0
91324, 130, 0, 0, 0
91324, 60, 1, 0, 0
91424, 130, 0, 0, 0
91424, 10, 1, 0, 0
91524, 120, 0, 0, 0
91524, 40, 1, 0, 0
91624, 130, 0, 0, 0
91624, 50, 1, 0, 0
91724, 120, 0, 0, 0
91724, 30, 1, 0, 0
91824, 130, 0, 0, 0
91824, 110, 1, 0, 0
91925, 120, 0, 0, 0
92025, 130, 0, 0, 0
92025, 40, 1, 0, 0
92125, 130, 0, 0, 0
92125, 70, 1, 0, 0
92225, 120, 0, 0, 0
92325, 120, 0, 0, 0
92325, 30, 1, 0, 0
92425, 130, 0, 0, 0
92425, 20, 1, 0, 0
92525, 130, 0, 0, 0
92525, 20, 1, 0, 0
92624, 121, 0, 0, 0
92624, 10, 1, 0, 0
92724, 120, 0, 0, 0
92724, 10, 1, 0, 0
92824, 130, 0, 0, 0
92824, 20, 1, 0, 0
92924, 130, 0, 0, 0
92924, 10, 1, 0, 0
93024, 120, 0, 0, 0
93024, 20, 1, 0, 0
93124, 130, 0, 0, 0
93124, 30, 1, 0, 0
93224, 120, 0, 0, 0
93224, 50, 1, 0, 0
93324, 120, 0, 0, 0
93324, 40, 1, 0, 0
93424, 130, 0, 0, 0
93424, 20, 1, 0, 0
93525, 110, 0, 0, 0
93525, 30, 1, 0, 0
93625, 40, 0, 0, 0
93725, 60, 0, 0, 0
93725, 20, 1, 0, 0
93825, 40, 0, 0, 0
93925, 30, 0, 0, 0
94025, 40, 0, 0, 0
94025, 50, 1, 0, 0
94125, 50, 0, 0, 0
94225, 50, 0, 0, 0
94225, 10, 1, 0, 0
94325, 60, 0, 0, 0
94325, 20, 1, 0, 0
94425, 40, 0, 0, 0
94425, 10, 1, 0, 0
94525, 50, 0, 0, 0
94525, 10, 1, 0, 0
94624, 40, 0, 0, 0
94624, 10, 1, 0, 0
94724, 70, 0, 0, 0
94824, 120, 0, 0, 0
94824, 10, 1, 0, 0
94924, 130, 0, 0, 0
94924, 40, 1, 0, 0
95024, 130, 0, 0, 0
95024, 40, 1, 0, 0
95124, 120, 0, 0, 0
95124, 30, 1, 0, 0
95224, 120, 0, 0, 0
95224, 30, 1, 0, 0
95325, 120, 0, 0, 0
95325, 40, 1, 0, 0
95425, 130, 0, 0, 0
95425, 70, 1, 0, 0
95525, 120, 0, 0, 0
95525, 30, 1, 0, 0
95625, 130, 0, 0, 0
95625, 20, 1, 0, 0
95725, 120, 0, 0, 0
95725, 20, 1, 0, 0
95825, 130, 0, 0, 0
95825, 30, 1, 0, 0
95925, 120, 0, 0, 0
95925, 30, 1, 0, 0
96025, 130, 0, 0, 0
96025, 80, 1, 0, 0
96124, 121, 0, 0, 0
96124, 50, 1, 0, 0
96224, 1960, 0, 0, 0
96224, 400, 1, 0, 0
96324, 140, 0, 0, 0
96324, 40, 1, 0, 0
96424, 130, 0, 0, 0
96424, 70, 1, 0, 0
96524, 120, 0, 0, 0
96524, 20, 1, 0, 0
96624, 130, 0, 0, 0
96624, 20, 1, 0, 0
96724, 120, 0, 0, 0
96824, 130, 0, 0, 0
96824, 40, 1, 0, 0
96925, 120, 0, 0, 0
96925, 50, 1, 0, 0
97025, 130, 0, 0, 0
97025, 30, 1, 0, 0
97125, 130, 0, 0, 0
97125, 20, 1, 0, 0
97225, 120, 0, 0, 0
97225, 20, 1, 0, 0
97325, 130, 0, 0, 0
97325, 40, 1, 0, 0
97425, 120, 0, 0, 0
97425, 30, 1, 0, 0
97525, 130, 0, 0, 0
97525, 40, 1, 0, 0
97624, 121, 0, 0, 0
97624, 40, 1, 0, 0
97724, 120, 0, 0, 0
97724, 10, 1, 0, 0
97824, 130, 0, 0, 0
97824, 30, 1, 0, 0
97924, 120, 0, 0, 0
97924, 10, 1, 0, 0
98024, 130, 0, 0, 0
98024, 50, 1, 0, 0
98124, 120, 0, 0, 0
98124, 20, 1, 0, 0
98224, 130, 0, 0, 0
98224, 40, 1, 0, 0
98324, 130, 0, 0, 0
98425, 120, 0, 0, 0
98425, 10, 1, 0, 0
98525, 10, 0, 0, 0
99724, 80, 0, 0, 0
99724, 10, 1, 0, 0
99824, 120, 0, 0, 0
99824, 30, 1, 0, 0
99924, 130, 0, 0, 0
99924, 50, 1, 0, 0
100024, 120, 0, 0, 0
100024, 40, 1, 0, 0
100124, 120, 0, 0, 0
100124, 40, 1, 0, 0
100224, 130, 0, 0, 0
100224, 40, 1, 0, 0
100324, 130, 0, 0, 0
100324, 30, 1, 0, 0
100424, 130, 0, 0, 0
100424, 60, 1, 0, 0
100524, 120, 0, 0, 0
100524, 20, 1, 0, 0
100624, 130, 0, 0, 0
100624, 10, 1, 0, 0
100724, 120, 0, 0, 0
100724, 30, 1, 0, 0
100824, 130, 0, 0, 0
100824, 30, 1, 0, 0
100925, 120, 0, 0, 0
100925, 40, 1, 0, 0
101025, 130, 0, 0, 0
101025, 30, 1, 0, 0
101125, 120, 0, 0, 0
101125, 10, 1, 0, 0
101225, 130, 0, 0, 0
101225, 30, 1, 0, 0
101325, 120, 0, 0, 0
101325, 40, 1, 0, 0
101425, 130, 0, 0, 0
101425, 30, 1, 0, 0
101525, 120, 0, 0, 0
101525, 50, 1, 0, 0
101625, 130, 0, 0, 0
101625, 20, 1, 0, 0
101725, 120, 0, 0, 0
101725, 40, 1, 0, 0
101825, 130, 0, 0, 0
101825, 20, 1, 0, 0
101925, 120, 0, 0, 0
101925, 40, 1, 0, 0
102025, 130, 0, 0, 0
102025, 50, 1, 0, 0
102124, 121, 0, 0, 0
102124, 50, 1, 0, 0
102224, 130, 0, 0, 0
102224, 10, 1, 0, 0
102324, 120, 0, 0, 0
102324, 20, 1, 0, 0
102424, 130, 0, 0, 0
102424, 30, 1, 0, 0
102524, 120, 0, 0, 0
102524, 60, 1, 0, 0
102624, 130, 0, 0, 0
102624, 30, 1, 0, 0
102724, 120, 0, 0, 0
102724, 20, 1, 0, 0
102824, 130, 0, 0, 0
102824, 50, 1, 0, 0
102924, 120, 0, 0, 0
102924, 30, 1, 0, 0
103024, 130, 0, 0, 0
103024, 20, 1, 0, 0
103124, 130, 0, 0, 0
103124, 40, 1, 0, 0
103225, 120, 0, 0, 0
103225, 70, 1, 0, 0
103325, 130, 0, 0, 0
103325, 30, 1, 0, 0
103425, 120, 0, 0, 0
103425, 40, 1, 0, 0
103525, 130, 0, 0, 0
103525, 30, 1, 0, 0
103625, 120, 0, 0, 0
103625, 60, 1, 0, 0
103725, 130, 0, 0, 0
103725, 20, 1, 0, 0
103825, 120, 0, 0, 0
103825, 30, 1, 0, 0
103925, 130, 0, 0, 0
103925, 20, 1, 0, 0
104025, 120, 0, 0, 0
104025, 10, 1, 0, 0
104124, 131, 0, 0, 0
104124, 10, 1, 0, 0
104224, 120, 0, 0, 0
104224, 40, 1, 0, 0
104324, 130, 0, 0, 0
104324, 70, 1, 0, 0
104424, 120, 0, 0, 0
104424, 50, 1, 0, 0
104524, 130, 0, 0, 0
104524, 10, 1, 0, 0
104624, 120, 0, 0, 0
104624, 10, 1, 0, 0
104724, 130, 0, 0, 0
104724, 10, 1, 0, 0
104825, 120, 0, 0, 0
104825, 80, 1, 0, 0
104925, 130, 0, 0, 0
104925, 40, 1, 0, 0
105025, 120, 0, 0, 0
105025, 20, 1, 0, 0
105125, 130, 0, 0, 0
105125, 30, 1, 0, 0
105225, 130, 0, 0, 0
105225, 40, 1, 0, 0
105325, 120, 0, 0, 0
105325, 70, 1, 0, 0
105425, 130, 0, 0, 0
105425, 30, 1, 0, 0
105525, 770, 0, 0, 0
105525, 220, 1, 0, 0
107324, 100, 0, 0, 0
107324, 40, 1, 0, 0
107424, 120, 0, 0, 0
107424, 20, 1, 0, 0
107524, 130, 0, 0, 0
107524, 30, 1, 0, 0
107624, 130, 0, 0, 0
107624, 30, 1, 0, 0
107724, 120, 0, 0, 0
107724, 20, 1, 0, 0
107824, 130, 0, 0, 0
107824, 20, 1, 0, 0
107924, 120, 0, 0, 0
108025, 130, 0, 0, 0
108025, 50, 1, 0, 0
108125, 120, 0, 0, 0
108125, 20, 1, 0, 0
108225, 130, 0, 0, 0
108225, 30, 1, 0, 0
108325, 120, 0, 0, 0
108325, 50, 1, 0, 0
108425, 130, 0, 0, 0
108425, 20, 1, 0, 0
108525, 120, 0, 0, 0
108525, 30, 1, 0, 0
108625, 130, 0, 0, 0
108625, 30, 1, 0, 0
108725, 120, 0, 0, 0
108725, 40, 1, 0, 0
108825, 130, 0, 0, 0
108825, 10, 1, 0, 0
108925, 130, 0, 0, 0
108925, 10, 1, 0, 0
109025, 120, 0, 0, 0
109124, 20, 0, 0, 0
109424, 30, 0, 0, 0
109424, 10, 1, 0, 0
109524, 120, 0, 0, 0
109524, 10, 1, 0, 0
109624, 130, 0, 0, 0
109624, 70, 1, 0, 0
109725, 450, 0, 0, 0
109725, 120, 1, 0, 0
109825, 120, 0, 0, 0
109825, 40, 1, 0, 0
109925, 130, 0, 0, 0
109925, 90, 1, 0, 0
110025, 120, 0, 0, 0
110025, 70, 1, 0, 0
110125, 130, 0, 0, 0
110125, 30, 1, 0, 0
110225, 120, 0, 0, 0
110225, 60, 1, 0, 0
110325, 130, 0, 0, 0
110325, 30, 1, 0, 0
110425, 120, 0, 0, 0
110525, 130, 0, 0, 0
110525, 10, 1, 0, 0
110625, 120, 0, 0, 0
110625, 30, 1, 0, 0
110725, 130, 0, 0, 0
110725, 30, 1, 0, 0
110825, 120, 0, 0, 0
110825, 20, 1, 0, 0
110925, 130, 0, 0, 0
110925, 10, 1, 0, 0
111025, 120, 0, 0, 0
111025, 50, 1, 0, 0
111124, 131, 0, 0, 0
111124, 30, 1, 0, 0
111224, 120, 0, 0, 0
111224, 40, 1, 0, 0
111324, 130, 0, 0, 0
111324, 50, 1, 0, 0
111424, 120, 0, 0, 0
111524, 130, 0, 0, 0
111524, 50, 1, 0, 0
111624, 120, 0, 0, 0
111624, 20, 1, 0, 0
111724, 130, 0, 0, 0
111724, 20, 1, 0, 0
111824, 120, 0, 0, 0
111924, 130, 0, 0, 0
111924, 40, 1, 0, 0
112024, 130, 0, 0, 0
112024, 10, 1, 0, 0
112124, 120, 0, 0, 0
112224, 130, 0, 0, 0
112224, 50, 1, 0, 0
112324, 120, 0, 0, 0
112324, 30, 1, 0, 0
112425, 130, 0, 0, 0
112425, 50, 1, 0, 0
112525, 120, 0, 0, 0
112525, 10, 1, 0, 0
112625, 130, 0, 0, 0
112625, 40, 1, 0, 0
112725, 120, 0, 0, 0
112725, 40, 1, 0, 0
112825, 130, 0, 0, 0
112825, 70, 1, 0, 0
112925, 120, 0, 0, 0
113025, 130, 0, 0, 0
113025, 10, 1, 0, 0
113125, 120, 0, 0, 0
113125, 40, 1, 0, 0
113225, 130, 0, 0, 0
113225, 20, 1, 0, 0
113325, 120, 0, 0, 0
113325, 10, 1, 0, 0
113425, 130, 0, 0, 0
113425, 10, 1, 0, 0
113525, 110, 0, 0, 0
113525, 40, 1, 0, 0
113624, 131, 0, 0, 0
113624, 60, 1, 0, 0
113724, 120, 0, 0, 0
113724, 20, 1, 0, 0
113824, 130, 0, 0, 0
113824, 40, 1, 0, 0
113924, 120, 0, 0, 0
114024, 130, 0, 0, 0
114024, 20, 1, 0, 0
114125, 120, 0, 0, 0
114125, 10, 1, 0, 0
114225, 130, 0, 0, 0
114225, 20, 1, 0, 0
114325, 120, 0, 0, 0
114325, 10, 1, 0, 0
114425, 130, 0, 0, 0
114425, 10, 1, 0, 0
114525, 130, 0, 0, 0
114525, 20, 1, 0, 0
114625, 120, 0, 0, 0
114625, 60, 1, 0, 0
114725, 130, 0, 0, 0
114725, 20, 1, 0, 0
114825, 120, 0, 0, 0
114825, 30, 1, 0, 0
114925, 130, 0, 0, 0
114925, 20, 1, 0, 0
115025, 120, 0, 0, 0
115025, 60, 1, 0, 0
115124, 121, 0, 0, 0
115124, 50, 1, 0, 0
115224, 130, 0, 0, 0
115224, 40, 1, 0, 0
115324, 130, 0, 0, 0
115324, 80, 1, 0, 0
115424, 120, 0, 0, 0
115424, 20, 1, 0, 0
115524, 130, 0, 0, 0
115524, 20, 1, 0, 0
115624, 120, 0, 0, 0
115624, 40, 1, 0, 0
115724, 130, 0, 0, 0
115724, 10, 1, 0, 0
115824, 120, 0, 0, 0
115824, 10, 1, 0, 0
115925, 130, 0, 0, 0
115925, 20, 1, 0, 0
116025, 120, 0, 0, 0
116025, 30, 1, 0, 0
116125, 130, 0, 0, 0
116125, 50, 1, 0, 0
116225, 120, 0, 0, 0
116225, 20, 1, 0, 0
116325, 130, 0, 0, 0
116325, 10, 1, 0, 0
116425, 120, 0, 0, 0
116525, 130, 0, 0, 0
116525, 30, 1, 0, 0
116624, 121, 0, 0, 0
116724, 130, 0, 0, 0
116724, 20, 1, 0, 0
116824, 120, 0, 0, 0
116824, 10, 1, 0, 0
116924, 130, 0, 0, 0
116924, 30, 1, 0, 0
117024, 130, 0, 0, 0
117024, 40, 1, 0, 0
117124, 120, 0, 0, 0
117124, 40, 1, 0, 0
117224, 130, 0, 0, 0
117224, 20, 1, 0, 0
117324, 120, 0, 0, 0
117324, 60, 1, 0, 0
117424, 10, 0, 0, 0
119324, 90, 0, 0, 0
119324, 30, 1, 0, 0
119424, 120, 0, 0, 0
119424, 30, 1, 0, 0
119525, 130, 0, 0, 0
119525, 20, 1, 0, 0
119625, 120, 0, 0, 0
119625, 50, 1, 0, 0
119725, 130, 0, 0, 0
119725, 30, 1, 0, 0
119825, 3100, 0, 0, 0
119825, 640, 1, 0, 0
119925, 170, 0, 0, 0
119925, 60, 1, 0, 0
120025, 120, 0, 0, 0
120025, 20, 1, 0, 0
120124, 131, 0, 0, 0
120124, 70, 1, 0, 0
120224, 120, 0, 0, 0
120224, 30, 1, 0, 0
120324, 130, 0, 0, 0
120424, 120, 0, 0, 0
120424, 10, 1, 0, 0
120524, 130, 0, 0, 0
120524, 30, 1, 0, 0
120624, 120, 0, 0, 0
120724, 130, 0, 0, 0
120724, 10, 1, 0, 0
120824, 120, 0, 0, 0
120824, 10, 1, 0, 0
120924, 130, 0, 0, 0
120924, 40, 1, 0, 0
121024, 120, 0, 0, 0
121024, 20, 1, 0, 0
121125, 130, 0, 0, 0
121125, 10, 1, 0, 0
121225, 120, 0, 0, 0
121225, 70, 1, 0, 0
121325, 130, 0, 0, 0
121325, 20, 1, 0, 0
121425, 130, 0, 0, 0
121425, 30, 1, 0, 0
121525, 120, 0, 0, 0
121525, 30, 1, 0, 0
121625, 130, 0, 0, 0
121625, 30, 1, 0, 0
121725, 120, 0, 0, 0
121725, 20, 1, 0, 0
121825, 130, 0, 0, 0
121825, 40, 1, 0, 0
121925, 120, 0, 0, 0
121925, 30, 1, 0, 0
122025, 130, 0, 0, 0
122124, 121, 0, 0, 0
122124, 20, 1, 0, 0
122224, 130, 0, 0, 0
122224, 10, 1, 0, 0
122324, 120, 0, 0, 0
122324, 10, 1, 0, 0
122424, 130, 0, 0, 0
122424, 60, 1, 0, 0
122524, 120, 0, 0, 0
122624, 130, 0, 0, 0
122624, 40, 1, 0, 0
122725, 120, 0, 0, 0
122725, 40, 1, 0, 0
122825, 130, 0, 0, 0
122825, 30, 1, 0, 0
122925, 120, 0, 0, 0
122925, 40, 1, 0, 0
123025, 130, 0, 0, 0
123025, 50, 1, 0, 0
123125, 120, 0, 0, 0
123125, 30, 1, 0, 0
123225, 130, 0, 0, 0
123225, 40, 1, 0, 0
123325, 120, 0, 0, 0
123325, 50, 1, 0, 0
123425, 130, 0, 0, 0
123425, 20, 1, 0, 0
123525, 130, 0, 0, 0
123525, 20, 1, 0, 0
123624, 121, 0, 0, 0
123624, 50, 1, 0, 0
123724, 120, 0, 0, 0
123724, 40, 1, 0, 0
123824, 130, 0, 0, 0
123824, 10, 1, 0, 0
123924, 130, 0, 0, 0
123924, 80, 1, 0, 0
124024, 120, 0, 0, 0
124024, 20, 1, 0, 0
124124, 130, 0, 0, 0
124124, 10, 1, 0, 0
124224, 120, 0, 0, 0
124224, 30, 1, 0, 0
124325, 130, 0, 0, 0
124325, 20, 1, 0, 0
124425, 120, 0, 0, 0
124425, 30, 1, 0, 0
124525, 130, 0, 0, 0
124525, 20, 1, 0, 0
124625, 120, 0, 0, 0
124625, 60, 1, 0, 0
124725, 130, 0, 0, 0
124725, 20, 1, 0, 0
124825, 120, 0, 0, 0
124825, 10, 1, 0, 0
124925, 130, 0, 0, 0
124925, 40, 1, 0, 0
125025, 120, 0, 0, 0
125025, 90, 1, 0, 0
125724, 30, 0, 0, 0
125724, 10, 1, 0, 0
125824, 40, 0, 0, 0
125924, 60, 0, 0, 0
125924, 10, 1, 0, 0
126024, 40, 0, 0, 0
126024, 30, 1, 0, 0
126125, 60, 0, 0, 0
126125, 50, 1, 0, 0
126225, 50, 0, 0, 0
126325, 50, 0, 0, 0
126325, 10, 1, 0, 0
126425, 50, 0, 0, 0
126425, 10, 1, 0, 0
126525, 60, 0, 0, 0
126625, 50, 0, 0, 0
126725, 50, 0, 0, 0
126825, 50, 0, 0, 0
126825, 10, 1, 0, 0
126925, 50, 0, 0, 0
127025, 50, 0, 0, 0
127025, 50, 1, 0, 0
127124, 40, 0, 0, 0
127124, 10, 1, 0, 0
127224, 60, 0, 0, 0
127324, 40, 0, 0, 0
127324, 10, 1, 0, 0
127424, 60, 0, 0, 0
127424, 20, 1, 0, 0
127524, 40, 0, 0, 0
127524, 10, 1, 0, 0
127624, 60, 0, 0, 0
127624, 20, 1, 0, 0
127724, 40, 0, 0, 0
127724, 20, 1, 0, 0
127824, 60, 0, 0, 0
127824, 30, 1, 0, 0
127924, 30, 0, 0, 0
127924, 20, 1, 0, 0
128024, 40, 0, 0, 0
128024, 30, 1, 0, 0
128124, 40, 0, 0, 0
128224, 80, 0, 0, 0
128224, 20, 1, 0, 0
128324, 130, 0, 0, 0
128324, 40, 1, 0, 0
128425, 130, 0, 0, 0
128425, 50, 1, 0, 0
128525, 120, 0, 0, 0
128525, 100, 1, 0, 0
128625, 130, 0, 0, 0
128625, 40, 1, 0, 0
128725, 120, 0, 0, 0
128725, 50, 1, 0, 0
128825, 130, 0, 0, 0
128925, 120, 0, 0, 0
128925, 40, 1, 0, 0
129025, 130, 0, 0, 0
129025, 20, 1, 0, 0
129125, 120, 0, 0, 0
129125, 40, 1, 0, 0
129225, 130, 0, 0, 0
129225, 50, 1, 0, 0
129325, 120, 0, 0, 0
129425, 130, 0, 0, 0
129425, 50, 1, 0, 0
129525, 120, 0, 0, 0
129525, 20, 1, 0, 0
129624, 131, 0, 0, 0
129624, 30, 1, 0, 0
129724, 110, 0, 0, 0
129724, 20, 1, 0, 0
129824, 130, 0, 0, 0
129824, 20, 1, 0, 0
129924, 130, 0, 0, 0
130024, 120, 0, 0, 0
130024, 30, 1, 0, 0
130124, 2240, 0, 0, 0
130124, 590, 1, 0, 0
130224, 1720, 0, 0, 0
130224, 550, 1, 0, 0
130324, 120, 0, 0, 0
130424, 130, 0, 0, 0
130424, 20, 1, 0, 0
130524, 120, 0, 0, 0
130524, 20, 1, 0, 0
130625, 130, 0, 0, 0
130625, 30, 1, 0, 0
130725, 120, 0, 0, 0
130725, 10, 1, 0, 0
130825, 130, 0, 0, 0
130825, 30, 1, 0, 0
130925, 130, 0, 0, 0
130925, 40, 1, 0, 0
131025, 120, 0, 0, 0
131025, 50, 1, 0, 0
131125, 130, 0, 0, 0
131125, 30, 1, 0, 0
131225, 120, 0, 0, 0
131225, 20, 1, 0, 0
131325, 130, 0, 0, 0
131325, 20, 1, 0, 0
131425, 120, 0, 0, 0
131425, 20, 1, 0, 0
131525, 130, 0, 0, 0
131525, 30, 1, 0, 0
131624, 121, 0, 0, 0
131624, 10, 1, 0, 0
131724, 130, 0, 0, 0
131824, 120, 0, 0, 0
131924, 130, 0, 0, 0
131924, 60, 1, 0, 0
132024, 120, 0, 0, 0
132024, 30, 1, 0, 0
132124, 130, 0, 0, 0
132124, 80, 1, 0, 0
132224, 120, 0, 0, 0
132224, 20, 1, 0, 0
132324, 130, 0, 0, 0
132324, 20, 1, 0, 0
132424, 120, 0, 0, 0
132424, 50, 1, 0, 0
134324, 40, 0, 0, 0
134324, 10, 1, 0, 0
134424, 130, 0, 0, 0
134424, 20, 1, 0, 0
134524, 120, 0, 0, 0
134524, 10, 1, 0, 0
134624, 130, 0, 0, 0
134624, 40, 1, 0, 0
134724, 120, 0, 0, 0
134724, 10, 1, 0, 0
134824, 130, 0, 0, 0
134824, 30, 1, 0, 0
134924, 120, 0, 0, 0
134924, 50, 1, 0, 0
135024, 130, 0, 0, 0
135024, 50, 1, 0, 0
135124, 130, 0, 0, 0
135124, 10, 1, 0, 0
135224, 120, 0, 0, 0
135224, 40, 1, 0, 0
135324, 130, 0, 0, 0
135324, 40, 1, 0, 0
135425, 120, 0, 0, 0
135425, 20, 1, 0, 0
135525, 130, 0, 0, 0
135525, 60, 1, 0, 0
135625, 120, 0, 0, 0
135625, 50, 1, 0, 0
135725, 130, 0, 0, 0
135725, 60, 1, 0, 0
135825, 120, 0, 0, 0
135825, 60, 1, 0, 0
135925, 130, 0, 0, 0
135925, 20, 1, 0, 0
136025, 120, 0, 0, 0
136025, 80, 1, 0, 0
136124, 131, 0, 0, 0
136124, 30, 1, 0, 0
136224, 120, 0, 0, 0
136224, 50, 1, 0, 0
136324, 120, 0, 0, 0
136324, 90, 1, 0, 0
136424, 120, 0, 0, 0
136424, 30, 1, 0, 0
136524, 130, 0, 0, 0
136524, 40, 1, 0, 0
136624, 120, 0, 0, 0
136624, 20, 1, 0, 0
136724, 130, 0, 0, 0
136724, 10, 1, 0, 0
136824, 120, 0, 0, 0
136824, 30, 1, 0, 0
136925, 130, 0, 0, 0
136925, 20, 1, 0, 0
137025, 120, 0, 0, 0
137025, 40, 1, 0, 0
137125, 130, 0, 0, 0
137125, 30, 1, 0, 0
137225, 120, 0, 0, 0
137225, 50, 1, 0, 0
137325, 130, 0, 0, 0
137325, 20, 1, 0, 0
137425, 130, 0, 0, 0
137425, 10, 1, 0, 0
137525, 120, 0, 0, 0
137525, 40, 1, 0, 0
137624, 121, 0, 0, 0
137624, 30, 1, 0, 0
137724, 130, 0, 0, 0
137724, 60, 1, 0, 0
137824, 120, 0, 0, 0
137824, 60, 1, 0, 0
137924, 130, 0, 0, 0
137924, 20, 1, 0, 0
138024, 120, 0, 0, 0
138024, 60, 1, 0, 0
138124, 130, 0, 0, 0
138124, 30, 1, 0, 0
138224, 120, 0, 0, 0
138224, 50, 1, 0, 0
138324, 130, 0, 0, 0
138324, 60, 1, 0, 0
138425, 130, 0, 0, 0
138425, 50, 1, 0, 0
138525, 120, 0, 0, 0
138525, 20, 1, 0, 0
138625, 130, 0, 0, 0
138625, 60, 1, 0, 0
138725, 120, 0, 0, 0
138725, 30, 1, 0, 0
138825, 130, 0, 0, 0
138825, 10, 1, 0, 0
138925, 120, 0, 0, 0
138925, 20, 1, 0, 0
139025, 130, 0, 0, 0
139025, 60, 1, 0, 0
139124, 121, 0, 0, 0
139124, 20, 1, 0, 0
139224, 130, 0, 0, 0
139224, 20, 1, 0, 0
139324, 120, 0, 0, 0
139324, 10, 1, 0, 0
139424, 130, 0, 0, 0
139424, 20, 1, 0, 0
139524, 120, 0, 0, 0
139524, 20, 1, 0, 0
139624, 130, 0, 0, 0
139624, 20, 1, 0, 0
139724, 120, 0, 0, 0
139724, 40, 1, 0, 0
139824, 130, 0, 0, 0
139824, 70, 1, 0, 0
139924, 120, 0, 0, 0
139924, 10, 1, 0, 0
140025, 130, 0, 0, 0
140025, 20, 1, 0, 0
140125, 810, 0, 0, 0
140125, 270, 1, 0, 0
141925, 70, 0, 0, 0
141925, 30, 1, 0, 0
142025, 120, 0, 0, 0
142025, 10, 1, 0, 0
142125, 130, 0, 0, 0
142125, 70, 1, 0, 0
142225, 120, 0, 0, 0
142225, 70, 1, 0, 0
142325, 130, 0, 0, 0
142325, 40, 1, 0, 0
142425, 120, 0, 0, 0
142425, 50, 1, 0, 0
142525, 130, 0, 0, 0
142624, 121, 0, 0, 0
142624, 20, 1, 0, 0
142724, 130, 0, 0, 0
142724, 20, 1, 0, 0
142824, 120, 0, 0, 0
142824, 20, 1, 0, 0
142924, 130, 0, 0, 0
142924, 10, 1, 0, 0
143024, 120, 0, 0, 0
143024, 40, 1, 0, 0
143124, 130, 0, 0, 0
143124, 50, 1, 0, 0
143224, 120, 0, 0, 0
143224, 20, 1, 0, 0
143324, 130, 0, 0, 0
143324, 10, 1, 0, 0
143425, 120, 0, 0, 0
143425, 30, 1, 0, 0
143525, 130, 0, 0, 0
143525, 40, 1, 0, 0
143625, 190, 0, 0, 0
143625, 80, 1, 0, 0
144124, 20, 0, 0, 0
144124, 10, 1, 0, 0
144224, 120, 0, 0, 0
144224, 60, 1, 0, 0
144324, 130, 0, 0, 0
144324, 20, 1, 0, 0
144424, 120, 0, 0, 0
144424, 90, 1, 0, 0
144524, 660, 0, 0, 0
144524, 240, 1, 0, 0
144624, 120, 0, 0, 0
144724, 130, 0, 0, 0
144724, 30, 1, 0, 0
144824, 120, 0, 0, 0
144824, 30, 1, 0, 0
144924, 130, 0, 0, 0
144924, 10, 1, 0, 0
145025, 130, 0, 0, 0
145025, 50, 1, 0, 0
145125, 120, 0, 0, 0
145125, 20, 1, 0, 0
145225, 130, 0, 0, 0
145225, 60, 1, 0, 0
145325, 120, 0, 0, 0
145325, 20, 1, 0, 0
145425, 130, 0, 0, 0
145425, 20, 1, 0, 0
145525, 120, 0, 0, 0
145525, 60, 1, 0, 0
145624, 131, 0, 0, 0
145624, 40, 1, 0, 0
145724, 120, 0, 0, 0
145724, 10, 1, 0, 0
145824, 120, 0, 0, 0
145824, 60, 1, 0, 0
145924, 130, 0, 0, 0
145924, 40, 1, 0, 0
146024, 120, 0, 0, 0
146024, 10, 1, 0, 0
146124, 120, 0, 0, 0
146124, 30, 1, 0, 0
146224, 130, 0, 0, 0
146224, 20, 1, 0, 0
146324, 120, 0, 0, 0
146324, 10, 1, 0, 0
146424, 130, 0, 0, 0
146424, 10, 1, 0, 0
146525, 120, 0, 0, 0
146525, 20, 1, 0, 0
146625, 130, 0, 0, 0
146625, 20, 1, 0, 0
146725, 120, 0, 0, 0
146725, 20, 1, 0, 0
146825, 130, 0, 0, 0
146825, 30, 1, 0, 0
146925, 120, 0, 0, 0
146925, 20, 1, 0, 0
147025, 130, 0, 0, 0
147025, 30, 1, 0, 0
147125, 120, 0, 0, 0
147125, 10, 1, 0, 0
147225, 130, 0, 0, 0
147225, 30, 1, 0, 0
147325, 120, 0, 0, 0
147325, 40, 1, 0, 0
147425, 130, 0, 0, 0
147425, 60, 1, 0, 0
147525, 130, 0, 0, 0
147525, 40, 1, 0, 0
147624, 121, 0, 0, 0
147624, 20, 1, 0, 0
147724, 130, 0, 0, 0
147724, 40, 1, 0, 0
147824, 120, 0, 0, 0
147824, 30, 1, 0, 0
147924, 120, 0, 0, 0
147924, 10, 1, 0, 0
148024, 130, 0, 0, 0
148024, 30, 1, 0, 0
148125, 130, 0, 0, 0
148125, 40, 1, 0, 0
148225, 120, 0, 0, 0
148225, 40, 1, 0, 0
148325, 130, 0, 0, 0
148425, 120, 0, 0, 0
148425, 30, 1, 0, 0
148525, 130, 0, 0, 0
148525, 20, 1, 0, 0
148625, 120, 0, 0, 0
148625, 40, 1, 0, 0
148725, 130, 0, 0, 0
148725, 50, 1, 0, 0
148825, 120, 0, 0, 0
148825, 10, 1, 0, 0
148925, 130, 0, 0, 0
148925, 30, 1, 0, 0
149025, 120, 0, 0, 0
149025, 20, 1, 0, 0
149124, 131, 0, 0, 0
149124, 60, 1, 0, 0
149224, 120, 0, 0, 0
149224, 30, 1, 0, 0
149324, 130, 0, 0, 0
149324, 50, 1, 0, 0
149424, 120, 0, 0, 0
149424, 10, 1, 0, 0
149524, 130, 0, 0, 0
149625, 120, 0, 0, 0
149625, 60, 1, 0, 0
149725, 130, 0, 0, 0
149825, 120, 0, 0, 0
149925, 130, 0, 0, 0
149925, 30, 1, 0, 0
150025, 130, 0, 0, 0
150025, 60, 1, 0, 0
150125, 120, 0, 0, 0
150125, 20, 1, 0, 0
150225, 120, 0, 0, 0
150225, 30, 1, 0, 0
150325, 130, 0, 0, 0
150325, 30, 1, 0, 0
150425, 130, 0, 0, 0
150425, 60, 1, 0, 0
150525, 120, 0, 0, 0
150525, 20, 1, 0, 0
150624, 121, 0, 0, 0
150624, 30, 1, 0, 0
150724, 130, 0, 0, 0
150724, 50, 1, 0, 0
150824, 130, 0, 0, 0
150824, 70, 1, 0, 0
150924, 120, 0, 0, 0
150924, 50, 1, 0, 0
151024, 130, 0, 0, 0
151024, 10, 1, 0, 0
151124, 120, 0, 0, 0
151124, 60, 1, 0, 0
151225, 130, 0, 0, 0
151225, 40, 1, 0, 0
151325, 120, 0, 0, 0
151325, 30, 1, 0, 0
151425, 130, 0, 0, 0
151525, 120, 0, 0, 0
151625, 130, 0, 0, 0
151625, 20, 1, 0, 0
151725, 120, 0, 0, 0
151725, 50, 1, 0, 0
151825, 130, 0, 0, 0
151825, 40, 1, 0, 0
151925, 60, 0, 0, 0
151925, 10, 1, 0, 0
154025, 100, 0, 0, 0
154025, 10, 1, 0, 0
154124, 131, 0, 0, 0
154124, 60, 1, 0, 0
154224, 120, 0, 0, 0
154224, 10, 1, 0, 0
154324, 130, 0, 0, 0
154324, 20, 1, 0, 0
154424, 120, 0, 0, 0
154424, 50, 1, 0, 0
154524, 130, 0, 0, 0
154524, 40, 1, 0, 0
154624, 120, 0, 0, 0
154624, 30, 1, 0, 0
154724, 2150, 0, 0, 0
154724, 430, 1, 0, 0
154824, 1300, 0, 0, 0
154824, 320, 1, 0, 0
154925, 130, 0, 0, 0
154925, 40, 1, 0, 0
155025, 120, 0, 0, 0
155125, 130, 0, 0, 0
155125, 10, 1, 0, 0
155225, 130, 0, 0, 0
155225, 20, 1, 0, 0
155325, 120, 0, 0, 0
155425, 120, 0, 0, 0
155425, 60, 1, 0, 0
155525, 130, 0, 0, 0
155525, 30, 1, 0, 0
155624, 131, 0, 0, 0
155624, 40, 1, 0, 0
155724, 120, 0, 0, 0
155724, 30, 1, 0, 0
155824, 130, 0, 0, 0
155824, 30, 1, 0, 0
155924, 120, 0, 0, 0
155924, 10, 1, 0, 0
156024, 130, 0, 0, 0
156024, 20, 1, 0, 0
156124, 120, 0, 0, 0
156124, 30, 1, 0, 0
156224, 130, 0, 0, 0
156224, 40, 1, 0, 0
156324, 120, 0, 0, 0
156324, 60, 1, 0, 0
156425, 130, 0, 0, 0
156425, 40, 1, 0, 0
156525, 120, 0, 0, 0
156525, 30, 1, 0, 0
156625, 130, 0, 0, 0
156725, 120, 0, 0, 0
156725, 10, 1, 0, 0
156825, 130, 0, 0, 0
156825, 40, 1, 0, 0
156925, 120, 0, 0, 0
156925, 30, 1, 0, 0
157025, 130, 0, 0, 0
157025, 30, 1, 0, 0
157124, 121, 0, 0, 0
157124, 40, 1, 0, 0
157224, 130, 0, 0, 0
157224, 50, 1, 0, 0
157324, 120, 0, 0, 0
157324, 30, 1, 0, 0
157424, 130, 0, 0, 0
157424, 20, 1, 0, 0
157524, 120, 0, 0, 0
157524, 100, 1, 0, 0
157624, 130, 0, 0, 0
157624, 20, 1, 0, 0
157724, 120, 0, 0, 0
157724, 40, 1, 0, 0
157825, 130, 0, 0, 0
157825, 30, 1, 0, 0
157925, 130, 0, 0, 0
157925, 10, 1, 0, 0
158025, 120, 0, 0, 0
158025, 70, 1, 0, 0
158125, 130, 0, 0, 0
158125, 40, 1, 0, 0
158225, 120, 0, 0, 0
158225, 50, 1, 0, 0
158325, 130, 0, 0, 0
158325, 50, 1, 0, 0
158425, 110, 0, 0, 0
158425, 20, 1, 0, 0
158525, 70, 0, 0, 0
158525, 30, 1, 0, 0
158624, 40, 0, 0, 0
158624, 10, 1, 0, 0
158724, 40, 0, 0, 0
158724, 10, 1, 0, 0
158824, 60, 0, 0, 0
158824, 30, 1, 0, 0
158924, 40, 0, 0, 0
159024, 30, 0, 0, 0
159024, 10, 1, 0, 0
159124, 40, 0, 0, 0
159124, 10, 1, 0, 0
159224, 60, 0, 0, 0
159224, 50, 1, 0, 0
159325, 40, 0, 0, 0
159325, 30, 1, 0, 0
159425, 50, 0, 0, 0
159425, 20, 1, 0, 0
159525, 40, 0, 0, 0
159525, 10, 1, 0, 0
159625, 60, 0, 0, 0
159625, 10, 1, 0, 0
159725, 40, 0, 0, 0
159825, 30, 0, 0, 0
159925, 40, 0, 0, 0
160025, 60, 0, 0, 0
160025, 20, 1, 0, 0
160124, 40, 0, 0, 0
160124, 10, 1, 0, 0
160224, 60, 0, 0, 0
160224, 10, 1, 0, 0
160324, 40, 0, 0, 0
160324, 10, 1, 0, 0
160424, 50, 0, 0, 0
160424, 10, 1, 0, 0
160524, 40, 0, 0, 0
160624, 60, 0, 0, 0
160724, 40, 0, 0, 0
160824, 50, 0, 0, 0
160824, 10, 1, 0, 0
160924, 70, 0, 0, 0
161025, 80, 0, 0, 0
161125, 50, 0, 0, 0
161125, 20, 1, 0, 0
161225, 50, 0, 0, 0
161225, 10, 1, 0, 0
161325, 40, 0, 0, 0
161325, 10, 1, 0, 0
161425, 30, 0, 0, 0
161625, 110, 0, 0, 0
161625, 40, 1, 0, 0
161725, 120, 0, 0, 0
161725, 10, 1, 0, 0
161825, 130, 0, 0, 0
161825, 40, 1, 0, 0
161925, 120, 0, 0, 0
161925, 20, 1, 0, 0
162025, 130, 0, 0, 0
162025, 40, 1, 0, 0
162124, 121, 0, 0, 0
162124, 20, 1, 0, 0
162224, 130, 0, 0, 0
162224, 10, 1, 0, 0
162324, 120, 0, 0, 0
162324, 20, 1, 0, 0
162424, 130, 0, 0, 0
162424, 40, 1, 0, 0
162524, 120, 0, 0, 0
162524, 70, 1, 0, 0
162624, 130, 0, 0, 0
162624, 10, 1, 0, 0
162724, 120, 0, 0, 0
162724, 30, 1, 0, 0
162824, 130, 0, 0, 0
162925, 120, 0, 0, 0
162925, 60, 1, 0, 0
163025, 130, 0, 0, 0
163025, 20, 1, 0, 0
163125, 120, 0, 0, 0
163125, 50, 1, 0, 0
163225, 130, 0, 0, 0
163225, 30, 1, 0, 0
163325, 130, 0, 0, 0
163325, 10, 1, 0, 0
163425, 120, 0, 0, 0
163425, 10, 1, 0, 0
163525, 120, 0, 0, 0
163525, 50, 1, 0, 0
163625, 130, 0, 0, 0
163625, 20, 1, 0, 0
163725, 130, 0, 0, 0
163825, 120, 0, 0, 0
163825, 50, 1, 0, 0
163925, 130, 0, 0, 0
163925, 30, 1, 0, 0
164025, 110, 0, 0, 0
164025, 30, 1, 0, 0
164124, 131, 0, 0, 0
164124, 30, 1, 0, 0
164224, 120, 0, 0, 0
164224, 40, 1, 0, 0
164324, 130, 0, 0, 0
164324, 20, 1, 0, 0
164424, 120, 0, 0, 0
164424, 20, 1, 0, 0
164524, 130, 0, 0, 0
164524, 40, 1, 0, 0
164624, 120, 0, 0, 0
164624, 20, 1, 0, 0
164724, 130, 0, 0, 0
164724, 10, 1, 0, 0
164824, 120, 0, 0, 0
164824, 40, 1, 0, 0
164924, 130, 0, 0, 0
164924, 40, 1, 0, 0
165024, 120, 0, 0, 0
165024, 40, 1, 0, 0
165124, 130, 0, 0, 0
165124, 40, 1, 0, 0
165224, 120, 0, 0, 0
165224, 30, 1, 0, 0
165325, 130, 0, 0, 0
165325, 20, 1, 0, 0
165425, 120, 0, 0, 0
165425, 10, 1, 0, 0
165525, 130, 0, 0, 0
165525, 20, 1, 0, 0
165625, 120, 0, 0, 0
165725, 130, 0, 0, 0
165725, 20, 1, 0, 0
165825, 130, 0, 0, 0
165825, 20, 1, 0, 0
165925, 120, 0, 0, 0
165925, 60, 1, 0, 0
166025, 120, 0, 0, 0
166025, 10, 1, 0, 0
166125, 1650, 0, 0, 0
166125, 320, 1, 0, 0
166225, 150, 0, 0, 0
166225, 20, 1, 0, 0
166325, 130, 0, 0, 0
166325, 10, 1, 0, 0
166425, 120, 0, 0, 0
166425, 50, 1, 0, 0
166525, 130, 0, 0, 0
166525, 30, 1, 0, 0
166624, 121, 0, 0, 0
166624, 40, 1, 0, 0
166724, 130, 0, 0, 0
166724, 50, 1, 0, 0
166824, 130, 0, 0, 0
166824, 140, 1, 0, 0
166924, 120, 0, 0, 0
166924, 30, 1, 0, 0
167024, 130, 0, 0, 0
167024, 30, 1, 0, 0
167124, 120, 0, 0, 0
167224, 120, 0, 0, 0
167224, 30, 1, 0, 0
167324, 130, 0, 0, 0
167324, 20, 1, 0, 0
167424, 130, 0, 0, 0
167424, 20, 1, 0, 0
167524, 120, 0, 0, 0
167524, 50, 1, 0, 0
167624, 130, 0, 0, 0
167624, 30, 1, 0, 0
167724, 120, 0, 0, 0
167825, 130, 0, 0, 0
167825, 80, 1, 0, 0
167925, 120, 0, 0, 0
168025, 130, 0, 0, 0
168025, 10, 1, 0, 0
168125, 120, 0, 0, 0
168125, 50, 1, 0, 0
168225, 130, 0, 0, 0
168225, 30, 1, 0, 0
168325, 120, 0, 0, 0
168325, 30, 1, 0, 0
168425, 130, 0, 0, 0
168425, 60, 1, 0, 0
168525, 80, 0, 0, 0
168525, 10, 1, 0, 0
170425, 50, 0, 0, 0
170425, 20, 1, 0, 0
170525, 130, 0, 0, 0
170525, 10, 1, 0, 0
170625, 120, 0, 0, 0
170625, 60, 1, 0, 0
170725, 130, 0, 0, 0
170725, 40, 1, 0, 0
170825, 120, 0, 0, 0
170825, 40, 1, 0, 0
170925, 130, 0, 0, 0
170925, 40, 1, 0, 0
171025, 120, 0, 0, 0
171025, 20, 1, 0, 0
171125, 130, 0, 0, 0
171125, 30, 1, 0, 0
171225, 130, 0, 0, 0
171225, 20, 1, 0, 0
171325, 120, 0, 0, 0
171325, 50, 1, 0, 0
171425, 130, 0, 0, 0
171425, 20, 1, 0, 0
171525, 120, 0, 0, 0
171525, 50, 1, 0, 0
171624, 131, 0, 0, 0
171724, 120, 0, 0, 0
171724, 50, 1, 0, 0
171824, 130, 0, 0, 0
171824, 10, 1, 0, 0
171924, 120, 0, 0, 0
171924, 30, 1, 0, 0
172024, 130, 0, 0, 0
172024, 20, 1, 0, 0
172124, 120, 0, 0, 0
172124, 40, 1, 0, 0
172224, 130, 0, 0, 0
172224, 60, 1, 0, 0
172324, 120, 0, 0, 0
172324, 30, 1, 0, 0
172424, 130, 0, 0, 0
172424, 20, 1, 0, 0
172524, 120, 0, 0, 0
172524, 20, 1, 0, 0
172624, 130, 0, 0, 0
172624, 40, 1, 0, 0
172725, 120, 0, 0, 0
172725, 20, 1, 0, 0
172825, 130, 0, 0, 0
172825, 40, 1, 0, 0
172925, 120, 0, 0, 0
172925, 50, 1, 0, 0
173025, 130, 0, 0, 0
173025, 40, 1, 0, 0
173125, 120, 0, 0, 0
173125, 40, 1, 0, 0
173225, 130, 0, 0, 0
173225, 50, 1, 0, 0
173325, 120, 0, 0, 0
173325, 10, 1, 0, 0
173425, 130, 0, 0, 0
173425, 30, 1, 0, 0
173525, 120, 0, 0, 0
173525, 20, 1, 0, 0
173624, 131, 0, 0, 0
173624, 50, 1, 0, 0
173724, 120, 0, 0, 0
173724, 50, 1, 0, 0
173824, 130, 0, 0, 0
173824, 60, 1, 0, 0
173924, 120, 0, 0, 0
173924, 10, 1, 0, 0
174024, 130, 0, 0, 0
174124, 120, 0, 0, 0
174124, 10, 1, 0, 0
174224, 130, 0, 0, 0
174224, 40, 1, 0, 0
174324, 120, 0, 0, 0
174324, 40, 1, 0, 0
174424, 130, 0, 0, 0
174424, 10, 1, 0, 0
174524, 130, 0, 0, 0
174524, 40, 1, 0, 0
174624, 120, 0, 0, 0
174624, 20, 1, 0, 0
174725, 130, 0, 0, 0
174725, 60, 1, 0, 0
174825, 120, 0, 0, 0
174825, 60, 1, 0, 0
174925, 130, 0, 0, 0
174925, 10, 1, 0, 0
175025, 120, 0, 0, 0
175025, 20, 1, 0, 0
175125, 130, 0, 0, 0
175225, 120, 0, 0, 0
175225, 20, 1, 0, 0
175325, 130, 0, 0, 0
175325, 10, 1, 0, 0
175425, 120, 0, 0, 0
175425, 40, 1, 0, 0
175525, 130, 0, 0, 0
175525, 50, 1, 0, 0
175624, 121, 0, 0, 0
175624, 40, 1, 0, 0
175724, 130, 0, 0, 0
175724, 30, 1, 0, 0
175824, 120, 0, 0, 0
175824, 10, 1, 0, 0
175924, 130, 0, 0, 0
175924, 80, 1, 0, 0
176024, 120, 0, 0, 0
176024, 30, 1, 0, 0
176124, 1530, 0, 0, 0
176124, 370, 1, 0, 0
177925, 110, 0, 0, 0
177925, 60, 1, 0, 0
178025, 120, 0, 0, 0
178025, 30, 1, 0, 0
178124, 131, 0, 0, 0
178124, 20, 1, 0, 0
178224, 120, 0, 0, 0
178224, 20, 1, 0, 0
178324, 130, 0, 0, 0
178324, 30, 1, 0, 0
178424, 120, 0, 0, 0
178424, 60, 1, 0, 0
178524, 130, 0, 0, 0
178524, 20, 1, 0, 0
178624, 120, 0, 0, 0
178624, 20, 1, 0, 0
178724, 130, 0, 0, 0
178724, 40, 1, 0, 0
178825, 120, 0, 0, 0
178825, 10, 1, 0, 0
178925, 130, 0, 0, 0
178925, 80, 1, 0, 0
179025, 120, 0, 0, 0
179025, 50, 1, 0, 0
179125, 130, 0, 0, 0
179125, 20, 1, 0, 0
179225, 40, 0, 0, 0
179225, 10, 1, 0, 0
179624, 121, 0, 0, 0
179624, 20, 1, 0, 0
179724, 130, 0, 0, 0
179724, 50, 1, 0, 0
179824, 430, 0, 0, 0
179824, 110, 1, 0, 0
179924, 130, 0, 0, 0
