100, 3113285, 0, 0, 0
101, 275680, 1, 0, 0
203, 3105072, 0, 0, 0
213, 269377, 1, 0, 0
300, 3238023, 0, 0, 0
306, 282991, 1, 0, 0
403, 3465820, 0, 0, 0
418, 290170, 1, 0, 0
502, 3551770, 0, 0, 0
527, 279029, 1, 0, 0
602, 3003914, 0, 0, 0
653, 286455, 1, 0, 0
702, 2830006, 0, 0, 0
702, 283948, 1, 0, 0
805, 5975684, 0, 0, 0
879, 280879, 1, 0, 0
903, 8110320, 0, 0, 0
911, 289459, 1, 0, 0
1006, 7788430, 0, 0, 0
1038, 277369, 1, 0, 0
1102, 7943402, 0, 0, 0
1102, 282668, 1, 0, 0
1207, 7870063, 0, 0, 0
1207, 277935, 1, 0, 0
1301, 7741909, 0, 0, 0
1301, 285357, 1, 0, 0
1405, 7910359, 0, 0, 0
1413, 280913, 1, 0, 0
1502, 7898130, 0, 0, 0
1502, 274692, 1, 0, 0
1605, 7951491, 0, 0, 0
1621, 289129, 1, 0, 0
1702, 7989869, 0, 0, 0
1709, 280767, 1, 0, 0
1805, 7789316, 0, 0, 0
1869, 276488, 1, 0, 0
1900, 7884412, 0, 0, 0
1964, 291253, 1, 0, 0
2005, 7977124, 0, 0, 0
2029, 275560, 1, 0, 0
2100, 7813912, 0, 0, 0
2124, 282715, 1, 0, 0
2205, 7995560, 0, 0, 0
2221, 290413, 1, 0, 0
2302, 7998579, 0, 0, 0
2404, 7881623, 0, 0, 0
2420, 284555, 1, 0, 0
2508, 7926135, 0, 0, 0
2524, 288345, 1, 0, 0
2604, 7999387, 0, 0, 0
2611, 286746, 1, 0, 0
2701, 7985604, 0, 0, 0
2716, 284716, 1, 0, 0
2802, 7592059, 0, 0, 0
2836, 282234, 1, 0, 0
2907, 7950933, 0, 0, 0
2931, 286598, 1, 0, 0
3004, 7937899, 0, 0, 0
3060, 273949, 1, 0, 0
3106, 7796050, 0, 0, 0
3122, 288547, 1, 0, 0
3203, 8008790, 0, 0, 0
3258, 283532, 1, 0, 0
3307, 7974026, 0, 0, 0
3307, 289927, 1, 0, 0
3402, 7793348, 0, 0, 0
3428, 279040, 1, 0, 0
3505, 7821361, 0, 0, 0
3530, 277592, 1, 0, 0
3602, 8034048, 0, 0, 0
3603, 280567, 1, 0, 0
3700, 8055611, 0, 0, 0
3746, 284972, 1, 0, 0
3801, 7670610, 0, 0, 0
3819, 277338, 1, 0, 0
3906, 7886908, 0, 0, 0
3930, 276013, 1, 0, 0
4001, 7925265, 0, 0, 0
4051, 275397, 1, 0, 0
4107, 8052559, 0, 0, 0
4137, 289241, 1, 0, 0
4202, 7826265, 0, 0, 0
4203, 274730, 1, 0, 0
4304, 7752565, 0, 0, 0
4305, 273391, 1, 0, 0
4409, 7882872, 0, 0, 0
4489, 282276, 1, 0, 0
4504, 7949903, 0, 0, 0
4505, 288578, 1, 0, 0
4603, 8142460, 0, 0, 0
4603, 281388, 1, 0, 0
4705, 7797599, 0, 0, 0
4745, 283688, 1, 0, 0
4800, 7844521, 0, 0, 0
4872, 286085, 1, 0, 0
4904, 7977317, 0, 0, 0
4944, 299639, 1, 0, 0
5007, 7790751, 0, 0, 0
5087, 274993, 1, 0, 0
5103, 7974247, 0, 0, 0
5135, 291941, 1, 0, 0
5214, 27783077, 0, 0, 0
5278, 279108, 1, 0, 0
5317, 34179837, 0, 0, 0
5317, 282585, 1, 0, 0
5422, 26187844, 0, 0, 0
5446, 287099, 1, 0, 0
5501, 19519814, 0, 0, 0
5501, 276305, 1, 0, 0
5613, 22359544, 0, 0, 0
5662, 284209, 1, 0, 0
5709, 19128538, 0, 0, 0
5823, 22788542, 0, 0, 0
5909, 17285505, 0, 0, 0
5925, 278184, 1, 0, 0
6021, 22172475, 0, 0, 0
6076, 286402, 1, 0, 0
6108, 17342025, 0, 0, 0
6205, 24274875, 0, 0, 0
6263, 275899, 1, 0, 0
6317, 18640417, 0, 0, 0
6414, 24222339, 0, 0, 0
6468, 291480, 1, 0, 0
6500, 17090807, 0, 0, 0
6526, 270041, 1, 0, 0
6636, 26978721, 0, 0, 0
6715, 39558625, 0, 0, 0
6788, 281185, 1, 0, 0
6812, 24233837, 0, 0, 0
6835, 273553, 1, 0, 0
6923, 18372605, 0, 0, 0
7020, 24069364, 0, 0, 0
7107, 17480434, 0, 0, 0
7171, 282797, 1, 0, 0
7219, 22271413, 0, 0, 0
7261, 282479, 1, 0, 0
7315, 19157717, 0, 0, 0
7339, 276475, 1, 0, 0
7411, 23761061, 0, 0, 0
7411, 293360, 1, 0, 0
7500, 17887201, 0, 0, 0
7524, 276717, 1, 0, 0
7613, 22462118, 0, 0, 0
7658, 284697, 1, 0, 0
7700, 286714, 1, 0, 0
7730, 19313090, 0, 0, 0
7826, 32150117, 0, 0, 0
7826, 276070, 1, 0, 0
7902, 18769571, 0, 0, 0
7910, 288384, 1, 0, 0
8000, 273650, 1, 0, 0
8016, 9469706, 0, 0, 0
8112, 19150914, 0, 0, 0
8215, 34289999, 0, 0, 0
8295, 280139, 1, 0, 0
8319, 25883240, 0, 0, 0
8393, 284230, 1, 0, 0
8400, 13431238, 0, 0, 0
8465, 270066, 1, 0, 0
8505, 8093309, 0, 0, 0
8513, 283430, 1, 0, 0
8601, 7843275, 0, 0, 0
8624, 275544, 1, 0, 0
8704, 7864139, 0, 0, 0
8785, 274912, 1, 0, 0
8807, 7938080, 0, 0, 0
8817, 275630, 1, 0, 0
8903, 7888039, 0, 0, 0
9007, 8019044, 0, 0, 0
9039, 285345, 1, 0, 0
9103, 7914348, 0, 0, 0
9128, 274755, 1, 0, 0
9200, 8045020, 0, 0, 0
9231, 274761, 1, 0, 0
9439, 10024784, 0, 0, 0
9439, 417098, 1, 0, 0
9503, 7907218, 0, 0, 0
9511, 403222, 1, 0, 0
9607, 7937028, 0, 0, 0
9662, 408551, 1, 0, 0
9703, 7932406, 0, 0, 0
9800, 409890, 1, 0, 0
9806, 7896003, 0, 0, 0
9902, 7756183, 0, 0, 0
9919, 399147, 1, 0, 0
10006, 7795325, 0, 0, 0
10069, 386895, 1, 0, 0
10101, 7881306, 0, 0, 0
10119, 397261, 1, 0, 0
10206, 8010023, 0, 0, 0
10247, 394674, 1, 0, 0
10302, 7883173, 0, 0, 0
10309, 385543, 1, 0, 0
10404, 7847630, 0, 0, 0
10438, 392821, 1, 0, 0
10500, 7911726, 0, 0, 0
10550, 394575, 1, 0, 0
10605, 7891277, 0, 0, 0
10637, 392857, 1, 0, 0
10701, 7963813, 0, 0, 0
10732, 382886, 1, 0, 0
10805, 7893181, 0, 0, 0
10844, 393667, 1, 0, 0
10901, 8011390, 0, 0, 0
10924, 408641, 1, 0, 0
11005, 7842424, 0, 0, 0
11052, 400026, 1, 0, 0
11101, 7903745, 0, 0, 0
11206, 8099396, 0, 0, 0
11229, 394501, 1, 0, 0
11301, 7861053, 0, 0, 0
11404, 7939560, 0, 0, 0
11421, 379935, 1, 0, 0
11500, 376397, 1, 0, 0
11507, 769131, 0, 0, 0
11603, 7948827, 0, 0, 0
11619, 260108, 1, 0, 0
11708, 8020107, 0, 0, 0
11754, 273696, 1, 0, 0
11804, 7910989, 0, 0, 0
11845, 275726, 1, 0, 0
11907, 7844545, 0, 0, 0
11955, 279800, 1, 0, 0
12003, 7870452, 0, 0, 0
12011, 283399, 1, 0, 0
12106, 7840748, 0, 0, 0
12124, 267769, 1, 0, 0
12202, 7931281, 0, 0, 0
12202, 276365, 1, 0, 0
12307, 8009454, 0, 0, 0
12362, 283870, 1, 0, 0
12403, 7962875, 0, 0, 0
12403, 272560, 1, 0, 0
12506, 7827357, 0, 0, 0
12539, 278612, 1, 0, 0
12602, 7915439, 0, 0, 0
12609, 283932, 1, 0, 0
12707, 7975729, 0, 0, 0
12769, 275762, 1, 0, 0
12801, 7811676, 0, 0, 0
12802, 279007, 1, 0, 0
12907, 8015627, 0, 0, 0
12907, 275264, 1, 0, 0
13001, 7820657, 0, 0, 0
13104, 7916109, 0, 0, 0
13112, 288884, 1, 0, 0
13200, 7868058, 0, 0, 0
13217, 274478, 1, 0, 0
13305, 8005556, 0, 0, 0
13337, 280532, 1, 0, 0
13400, 7880837, 0, 0, 0
13481, 280883, 1, 0, 0
13504, 7956519, 0, 0, 0
13505, 270905, 1, 0, 0
13601, 7972192, 0, 0, 0
13601, 279306, 1, 0, 0
13706, 7998021, 0, 0, 0
13707, 274084, 1, 0, 0
13800, 7646418, 0, 0, 0
13847, 273870, 1, 0, 0
13903, 7928335, 0, 0, 0
14001, 8129069, 0, 0, 0
14007, 281624, 1, 0, 0
14104, 7881174, 0, 0, 0
14120, 277426, 1, 0, 0
14201, 8009254, 0, 0, 0
14272, 278342, 1, 0, 0
14303, 7815194, 0, 0, 0
14311, 269213, 1, 0, 0
14400, 8082929, 0, 0, 0
14439, 278954, 1, 0, 0
14502, 7739822, 0, 0, 0
14502, 280287, 1, 0, 0
14600, 8116364, 0, 0, 0
14614, 280349, 1, 0, 0
14702, 7747547, 0, 0, 0
14703, 273408, 1, 0, 0
14801, 8090870, 0, 0, 0
14861, 282994, 1, 0, 0
14903, 7846314, 0, 0, 0
14904, 274807, 1, 0, 0
15006, 7671818, 0, 0, 0
15030, 275242, 1, 0, 0
15102, 7983936, 0, 0, 0
15207, 8033725, 0, 0, 0
15207, 279669, 1, 0, 0
15301, 7826314, 0, 0, 0
15325, 277641, 1, 0, 0
15406, 7964866, 0, 0, 0
15413, 287881, 1, 0, 0
15501, 7800589, 0, 0, 0
15501, 278017, 1, 0, 0
15605, 7937088, 0, 0, 0
15661, 285771, 1, 0, 0
15702, 8011233, 0, 0, 0
15718, 277377, 1, 0, 0
15804, 7838374, 0, 0, 0
15860, 275692, 1, 0, 0
15900, 7966922, 0, 0, 0
15916, 289863, 1, 0, 0
16006, 8675558, 0, 0, 0
16013, 279502, 1, 0, 0
16101, 7904094, 0, 0, 0
16101, 285455, 1, 0, 0
16206, 7973025, 0, 0, 0
16206, 283438, 1, 0, 0
16301, 7872930, 0, 0, 0
16341, 273403, 1, 0, 0
16403, 7816554, 0, 0, 0
16404, 274474, 1, 0, 0
16500, 7961410, 0, 0, 0
16516, 275708, 1, 0, 0
16604, 7865491, 0, 0, 0
16708, 8030690, 0, 0, 0
16725, 277495, 1, 0, 0
18822, 9085036, 0, 0, 0
18870, 310359, 1, 0, 0
18902, 7942420, 0, 0, 0
18903, 391192, 1, 0, 0
19005, 7780778, 0, 0, 0
19005, 385281, 1, 0, 0
19101, 7917255, 0, 0, 0
19134, 386269, 1, 0, 0
19205, 7928296, 0, 0, 0
19215, 410609, 1, 0, 0
19301, 7921305, 0, 0, 0
19325, 406161, 1, 0, 0
19406, 7926500, 0, 0, 0
19406, 418209, 1, 0, 0
19501, 7738529, 0, 0, 0
19573, 392924, 1, 0, 0
19605, 8001681, 0, 0, 0
19612, 389805, 1, 0, 0
19709, 7900562, 0, 0, 0
19733, 391710, 1, 0, 0
19804, 7796269, 0, 0, 0
19836, 393002, 1, 0, 0
19900, 7747761, 0, 0, 0
19900, 385106, 1, 0, 0
20004, 7757937, 0, 0, 0
20059, 388509, 1, 0, 0
20106, 7848475, 0, 0, 0
20116, 400307, 1, 0, 0
20204, 8029437, 0, 0, 0
20300, 391886, 1, 0, 0
20314, 8380331, 0, 0, 0
20403, 8052446, 0, 0, 0
20427, 393998, 1, 0, 0
20506, 7842774, 0, 0, 0
20507, 390614, 1, 0, 0
20602, 7785069, 0, 0, 0
20659, 388348, 1, 0, 0
20706, 7877275, 0, 0, 0
20747, 384897, 1, 0, 0
20803, 8023107, 0, 0, 0
20874, 402041, 1, 0, 0
20906, 7881410, 0, 0, 0
20906, 386303, 1, 0, 0
21003, 7967613, 0, 0, 0
21074, 388802, 1, 0, 0
21107, 7898332, 0, 0, 0
21161, 387959, 1, 0, 0
21202, 7777836, 0, 0, 0
21202, 384433, 1, 0, 0
21307, 7805332, 0, 0, 0
21361, 387496, 1, 0, 0
21402, 7827495, 0, 0, 0
21449, 388033, 1, 0, 0
21505, 7860217, 0, 0, 0
21601, 8038055, 0, 0, 0
21609, 391165, 1, 0, 0
21700, 315680, 0, 0, 0
21700, 380565, 1, 0, 0
21801, 679173, 0, 0, 0
21816, 353706, 1, 0, 0
21906, 7988079, 0, 0, 0
21906, 270020, 1, 0, 0
22001, 7776887, 0, 0, 0
22048, 265811, 1, 0, 0
22103, 7802626, 0, 0, 0
22112, 272372, 1, 0, 0
22208, 7938342, 0, 0, 0
22216, 274390, 1, 0, 0
22303, 7882415, 0, 0, 0
22328, 299364, 1, 0, 0
22400, 7946547, 0, 0, 0
22407, 276807, 1, 0, 0
22503, 7922906, 0, 0, 0
22511, 278203, 1, 0, 0
22608, 8019605, 0, 0, 0
22608, 278356, 1, 0, 0
22703, 7833100, 0, 0, 0
22703, 277431, 1, 0, 0
22806, 7866335, 0, 0, 0
22855, 289642, 1, 0, 0
22903, 8025957, 0, 0, 0
22919, 290613, 1, 0, 0
23007, 7848621, 0, 0, 0
23007, 272305, 1, 0, 0
23103, 7925116, 0, 0, 0
23119, 270807, 1, 0, 0
23207, 7963146, 0, 0, 0
23246, 276578, 1, 0, 0
23301, 7825803, 0, 0, 0
23326, 281864, 1, 0, 0
23405, 7894698, 0, 0, 0
23437, 275948, 1, 0, 0
23503, 8084789, 0, 0, 0
23510, 274546, 1, 0, 0
23607, 7887269, 0, 0, 0
23607, 278773, 1, 0, 0
23701, 7796254, 0, 0, 0
23726, 281048, 1, 0, 0
23805, 7972939, 0, 0, 0
23838, 278400, 1, 0, 0
23901, 7927186, 0, 0, 0
24011, 21921968, 0, 0, 0
24114, 34462585, 0, 0, 0
24220, 26299226, 0, 0, 0
24220, 281822, 1, 0, 0
24308, 29214010, 0, 0, 0
24308, 278193, 1, 0, 0
24403, 31486930, 0, 0, 0
24476, 281621, 1, 0, 0
24500, 16252917, 0, 0, 0
24565, 286155, 1, 0, 0
24605, 7946697, 0, 0, 0
26320, 8433735, 0, 0, 0
26371, 324700, 1, 0, 0
26403, 8160893, 0, 0, 0
26410, 410144, 1, 0, 0
26506, 7765336, 0, 0, 0
26506, 419588, 1, 0, 0
26601, 7730636, 0, 0, 0
26706, 8103638, 0, 0, 0
26713, 413131, 1, 0, 0
26802, 7689754, 0, 0, 0
26802, 400465, 1, 0, 0
26905, 7839847, 0, 0, 0
26906, 404485, 1, 0, 0
27001, 7866377, 0, 0, 0
27025, 394270, 1, 0, 0
27105, 7964862, 0, 0, 0
27184, 391549, 1, 0, 0
27200, 7858284, 0, 0, 0
27217, 416659, 1, 0, 0
27305, 7996607, 0, 0, 0
27337, 407174, 1, 0, 0
27400, 7760756, 0, 0, 0
27417, 399413, 1, 0, 0
27505, 7944566, 0, 0, 0
27505, 409509, 1, 0, 0
27606, 7537651, 0, 0, 0
27615, 393439, 1, 0, 0
27703, 7812208, 0, 0, 0
27719, 392693, 1, 0, 0
27808, 7912715, 0, 0, 0
27808, 392511, 1, 0, 0
27903, 7720540, 0, 0, 0
27911, 391054, 1, 0, 0
28036, 18851419, 0, 0, 0
28126, 89457688, 0, 0, 0
28177, 392518, 1, 0, 0
28211, 42440799, 0, 0, 0
28325, 28500008, 0, 0, 0
28325, 412637, 1, 0, 0
28400, 383139, 1, 0, 0
28423, 19306955, 0, 0, 0
28500, 38052783, 0, 0, 0
28549, 392772, 1, 0, 0
28619, 29652248, 0, 0, 0
28620, 400591, 1, 0, 0
28723, 34303444, 0, 0, 0
28846, 61546599, 0, 0, 0
28911, 21655257, 0, 0, 0
29002, 22623942, 0, 0, 0
29105, 34336498, 0, 0, 0
29117, 399348, 1, 0, 0
29258, 38333359, 0, 0, 0
29306, 47489145, 0, 0, 0
29401, 10608377, 0, 0, 0
29409, 408285, 1, 0, 0
29520, 29641825, 0, 0, 0
29521, 428685, 1, 0, 0
29632, 110971470, 0, 0, 0
29711, 39477582, 0, 0, 0
29740, 406659, 1, 0, 0
29803, 30255462, 0, 0, 0
29891, 413572, 1, 0, 0
29903, 7658546, 0, 0, 0
29903, 393208, 1, 0, 0
30035, 66070196, 0, 0, 0
30036, 421972, 1, 0, 0
30112, 25211135, 0, 0, 0
30113, 396887, 1, 0, 0
30200, 397084, 1, 0, 0
30208, 13359646, 0, 0, 0
30302, 3977273, 0, 0, 0
30353, 402245, 1, 0, 0
30401, 3569206, 0, 0, 0
30505, 11568119, 0, 0, 0
30505, 418986, 1, 0, 0
30600, 4586456, 0, 0, 0
30664, 398451, 1, 0, 0
30718, 9005239, 0, 0, 0
30808, 8984288, 0, 0, 0
30815, 394325, 1, 0, 0
30904, 7753022, 0, 0, 0
30936, 393102, 1, 0, 0
31000, 7876285, 0, 0, 0
31064, 394738, 1, 0, 0
31103, 7796691, 0, 0, 0
31111, 398118, 1, 0, 0
31208, 8009218, 0, 0, 0
31208, 399137, 1, 0, 0
31334, 10353565, 0, 0, 0
31407, 36424075, 0, 0, 0
31532, 31306366, 0, 0, 0
31611, 39550199, 0, 0, 0
31754, 47522550, 0, 0, 0
31821, 33429003, 0, 0, 0
31832, 387340, 1, 0, 0
31914, 15511902, 0, 0, 0
31927, 389679, 1, 0, 0
32000, 4260032, 0, 0, 0
32001, 419048, 1, 0, 0
32100, 3980448, 0, 0, 0
32100, 399851, 1, 0, 0
32200, 4643396, 0, 0, 0
32201, 394820, 1, 0, 0
32302, 3324889, 0, 0, 0
32312, 393916, 1, 0, 0
32404, 4147104, 0, 0, 0
32404, 396534, 1, 0, 0
32501, 7888262, 0, 0, 0
32501, 390785, 1, 0, 0
32603, 7676786, 0, 0, 0
32628, 389776, 1, 0, 0
32701, 8646877, 0, 0, 0
32748, 388246, 1, 0, 0
32804, 7299113, 0, 0, 0
32875, 391156, 1, 0, 0
32908, 7962318, 0, 0, 0
32917, 397420, 1, 0, 0
33003, 7711594, 0, 0, 0
33003, 395902, 1, 0, 0
33107, 7792688, 0, 0, 0
33115, 399253, 1, 0, 0
33203, 7924700, 0, 0, 0
33211, 389108, 1, 0, 0
33307, 7896042, 0, 0, 0
33415, 36160074, 0, 0, 0
33537, 40426853, 0, 0, 0
33600, 31788807, 0, 0, 0
33634, 392619, 1, 0, 0
33726, 31225583, 0, 0, 0
33834, 53982860, 0, 0, 0
33855, 394531, 1, 0, 0
33903, 17218613, 0, 0, 0
33942, 408156, 1, 0, 0
34021, 19596844, 0, 0, 0
34118, 24137324, 0, 0, 0
34219, 20145941, 0, 0, 0
34309, 30231252, 0, 0, 0
34410, 25172479, 0, 0, 0
34557, 73733167, 0, 0, 0
34636, 78295413, 0, 0, 0
34689, 393658, 1, 0, 0
34702, 16494842, 0, 0, 0
34734, 416543, 1, 0, 0
34803, 12511429, 0, 0, 0
34841, 399716, 1, 0, 0
36576, 401979, 1, 0, 0
36590, 1153619, 0, 0, 0
36601, 5054655, 0, 0, 0
36615, 448218, 1, 0, 0
36722, 4903334, 0, 0, 0
36748, 401256, 1, 0, 0
36808, 4240013, 0, 0, 0
36809, 417366, 1, 0, 0
36902, 6128530, 0, 0, 0
36955, 413685, 1, 0, 0
37002, 4981731, 0, 0, 0
37021, 416826, 1, 0, 0
37108, 5461796, 0, 0, 0
37126, 399917, 1, 0, 0
37204, 4363754, 0, 0, 0
37204, 400384, 1, 0, 0
37318, 18740091, 0, 0, 0
37421, 20744197, 0, 0, 0
37422, 401676, 1, 0, 0
37548, 20940180, 0, 0, 0
37611, 21018552, 0, 0, 0
37629, 393621, 1, 0, 0
37700, 17576671, 0, 0, 0
37813, 37686287, 0, 0, 0
37813, 407152, 1, 0, 0
37911, 13893772, 0, 0, 0
37942, 405808, 1, 0, 0
38042, 26147911, 0, 0, 0
38126, 27837768, 0, 0, 0
38126, 409849, 1, 0, 0
38207, 40438706, 0, 0, 0
38301, 31421706, 0, 0, 0
38403, 33750217, 0, 0, 0
38507, 34896613, 0, 0, 0
38508, 388852, 1, 0, 0
38609, 16639676, 0, 0, 0
38666, 399569, 1, 0, 0
38727, 14483089, 0, 0, 0
38812, 17103924, 0, 0, 0
38813, 393270, 1, 0, 0
39191, 5742580, 0, 0, 0
39203, 11665275, 0, 0, 0
39207, 400605, 1, 0, 0
39303, 7586670, 0, 0, 0
39319, 407109, 1, 0, 0
39405, 1376674, 0, 0, 0
39409, 387866, 1, 0, 0
39502, 3624509, 0, 0, 0
39516, 265681, 1, 0, 0
39600, 3430290, 0, 0, 0
39629, 273799, 1, 0, 0
39701, 3186434, 0, 0, 0
39717, 280737, 1, 0, 0
39803, 3055392, 0, 0, 0
39805, 279337, 1, 0, 0
39901, 5069841, 0, 0, 0
39972, 286801, 1, 0, 0
40004, 7925784, 0, 0, 0
40077, 285083, 1, 0, 0
40108, 7923226, 0, 0, 0
40148, 282977, 1, 0, 0
40204, 7971200, 0, 0, 0
40276, 299915, 1, 0, 0
40308, 7931254, 0, 0, 0
40308, 278608, 1, 0, 0
40403, 7958601, 0, 0, 0
40412, 294702, 1, 0, 0
40500, 7971559, 0, 0, 0
40540, 273249, 1, 0, 0
40602, 7873481, 0, 0, 0
40651, 306574, 1, 0, 0
40707, 8017942, 0, 0, 0
40747, 286297, 1, 0, 0
40803, 7881086, 0, 0, 0
40828, 281030, 1, 0, 0
40907, 7987254, 0, 0, 0
40929, 275974, 1, 0, 0
41002, 7924590, 0, 0, 0
41003, 285586, 1, 0, 0
41107, 7932285, 0, 0, 0
41113, 284289, 1, 0, 0
41203, 7982721, 0, 0, 0
41226, 311420, 1, 0, 0
41306, 7891014, 0, 0, 0
41323, 287658, 1, 0, 0
41401, 7825456, 0, 0, 0
41458, 285573, 1, 0, 0
41506, 8028705, 0, 0, 0
41537, 284649, 1, 0, 0
41601, 7860152, 0, 0, 0
41616, 284329, 1, 0, 0
41706, 7938904, 0, 0, 0
41706, 282272, 1, 0, 0
41801, 7815379, 0, 0, 0
41834, 279704, 1, 0, 0
41906, 8041172, 0, 0, 0
41986, 287783, 1, 0, 0
42000, 7743239, 0, 0, 0
42018, 294348, 1, 0, 0
42104, 8013580, 0, 0, 0
42112, 290562, 1, 0, 0
42200, 7947466, 0, 0, 0
42241, 276663, 1, 0, 0
42304, 7944629, 0, 0, 0
42328, 279372, 1, 0, 0
42402, 8022097, 0, 0, 0
42424, 279975, 1, 0, 0
42504, 7820485, 0, 0, 0
42600, 7974223, 0, 0, 0
42609, 275380, 1, 0, 0
42704, 7931026, 0, 0, 0
42711, 282570, 1, 0, 0
42806, 7731971, 0, 0, 0
42856, 270744, 1, 0, 0
42903, 7968413, 0, 0, 0
42903, 278879, 1, 0, 0
43006, 7895636, 0, 0, 0
43023, 279574, 1, 0, 0
43102, 7824841, 0, 0, 0
43127, 271979, 1, 0, 0
43206, 7903250, 0, 0, 0
43238, 274769, 1, 0, 0
43303, 8058590, 0, 0, 0
43399, 290832, 1, 0, 0
43407, 7934744, 0, 0, 0
43447, 276752, 1, 0, 0
43502, 7861224, 0, 0, 0
43510, 286469, 1, 0, 0
43605, 7876681, 0, 0, 0
43622, 271876, 1, 0, 0
43702, 8815615, 0, 0, 0
43805, 7929416, 0, 0, 0
43806, 290200, 1, 0, 0
43903, 8070016, 0, 0, 0
43903, 278368, 1, 0, 0
44000, 8751053, 0, 0, 0
44000, 284648, 1, 0, 0
44103, 7182669, 0, 0, 0
44165, 274255, 1, 0, 0
44205, 7895469, 0, 0, 0
44213, 275868, 1, 0, 0
44301, 7890510, 0, 0, 0
44333, 276676, 1, 0, 0
44404, 7955308, 0, 0, 0
44413, 284037, 1, 0, 0
44510, 7989072, 0, 0, 0
44525, 272564, 1, 0, 0
44604, 7729005, 0, 0, 0
44621, 270663, 1, 0, 0
44700, 7970782, 0, 0, 0
44717, 280556, 1, 0, 0
44804, 7971662, 0, 0, 0
44830, 282551, 1, 0, 0
44900, 277353, 1, 0, 0
44908, 7850111, 0, 0, 0
45003, 7824939, 0, 0, 0
45012, 277487, 1, 0, 0
45100, 276141, 1, 0, 0
45108, 7888353, 0, 0, 0
45204, 7882845, 0, 0, 0
45211, 274873, 1, 0, 0
45308, 7852646, 0, 0, 0
45332, 272186, 1, 0, 0
45402, 7825197, 0, 0, 0
45491, 283838, 1, 0, 0
45500, 8092300, 0, 0, 0
45516, 276134, 1, 0, 0
45603, 7838354, 0, 0, 0
45603, 278348, 1, 0, 0
45707, 7816689, 0, 0, 0
45730, 274471, 1, 0, 0
45803, 7836575, 0, 0, 0
45810, 275068, 1, 0, 0
45906, 7872790, 0, 0, 0
45906, 280639, 1, 0, 0
46001, 7858264, 0, 0, 0
46043, 274630, 1, 0, 0
46100, 8155367, 0, 0, 0
46126, 277532, 1, 0, 0
46204, 7980723, 0, 0, 0
46301, 8045550, 0, 0, 0
46309, 283894, 1, 0, 0
48306, 11194280, 0, 0, 0
48314, 395029, 1, 0, 0
48403, 8675879, 0, 0, 0
48410, 397134, 1, 0, 0
48506, 7791660, 0, 0, 0
48545, 404829, 1, 0, 0
48604, 8092326, 0, 0, 0
48619, 409700, 1, 0, 0
48706, 7809440, 0, 0, 0
48738, 417335, 1, 0, 0
48802, 7914143, 0, 0, 0
48810, 409718, 1, 0, 0
48905, 7931724, 0, 0, 0
48915, 418055, 1, 0, 0
49000, 185610, 0, 0, 0
49000, 380376, 1, 0, 0
49105, 1176744, 0, 0, 0
49169, 369528, 1, 0, 0
49200, 7841648, 0, 0, 0
49217, 262532, 1, 0, 0
49304, 7886677, 0, 0, 0
49312, 286495, 1, 0, 0
49400, 7946901, 0, 0, 0
49410, 284586, 1, 0, 0
49504, 7915959, 0, 0, 0
49504, 282413, 1, 0, 0
49608, 7925748, 0, 0, 0
49671, 280744, 1, 0, 0
49704, 7952152, 0, 0, 0
49704, 276616, 1, 0, 0
49800, 7895280, 0, 0, 0
49815, 278476, 1, 0, 0
49903, 7877901, 0, 0, 0
49992, 291601, 1, 0, 0
50000, 8076812, 0, 0, 0
50103, 7896105, 0, 0, 0
50153, 279209, 1, 0, 0
50200, 8027209, 0, 0, 0
50264, 290649, 1, 0, 0
50302, 7871923, 0, 0, 0
50303, 278477, 1, 0, 0
50406, 7930037, 0, 0, 0
50422, 277394, 1, 0, 0
50503, 7960168, 0, 0, 0
50510, 277521, 1, 0, 0
50606, 7873530, 0, 0, 0
50654, 279997, 1, 0, 0
50702, 7989657, 0, 0, 0
50718, 273293, 1, 0, 0
50805, 7810288, 0, 0, 0
50813, 279887, 1, 0, 0
50902, 7931456, 0, 0, 0
50918, 277466, 1, 0, 0
51005, 7782294, 0, 0, 0
51030, 276894, 1, 0, 0
51102, 8053230, 0, 0, 0
51174, 275809, 1, 0, 0
51205, 7882325, 0, 0, 0
51238, 283392, 1, 0, 0
51301, 7995931, 0, 0, 0
51302, 278586, 1, 0, 0
51404, 7845188, 0, 0, 0
51421, 279933, 1, 0, 0
51501, 8001860, 0, 0, 0
51509, 277498, 1, 0, 0
51605, 7895737, 0, 0, 0
51612, 281756, 1, 0, 0
51701, 7929232, 0, 0, 0
51740, 274374, 1, 0, 0
51804, 7778811, 0, 0, 0
51804, 278197, 1, 0, 0
51900, 7727681, 0, 0, 0
51915, 273159, 1, 0, 0
52005, 7974064, 0, 0, 0
52037, 277081, 1, 0, 0
52100, 7870475, 0, 0, 0
52108, 280543, 1, 0, 0
52205, 7994453, 0, 0, 0
52260, 281436, 1, 0, 0
52300, 273639, 1, 0, 0
52307, 7789716, 0, 0, 0
52404, 7951156, 0, 0, 0
52507, 7938974, 0, 0, 0
52547, 276122, 1, 0, 0
52603, 7959457, 0, 0, 0
52611, 299140, 1, 0, 0
52708, 8006672, 0, 0, 0
52746, 344099, 1, 0, 0
52803, 7859027, 0, 0, 0
52908, 8086109, 0, 0, 0
52908, 328605, 1, 0, 0
53003, 7827674, 0, 0, 0
53010, 286819, 1, 0, 0
53106, 7826050, 0, 0, 0
53138, 280262, 1, 0, 0
53202, 8017825, 0, 0, 0
53242, 281798, 1, 0, 0
53306, 7880591, 0, 0, 0
53393, 281709, 1, 0, 0
53401, 7888773, 0, 0, 0
53401, 290222, 1, 0, 0
53505, 7908555, 0, 0, 0
53505, 280596, 1, 0, 0
55760, 8424019, 0, 0, 0
55760, 332416, 1, 0, 0
55807, 7733271, 0, 0, 0
55847, 400848, 1, 0, 0
55901, 7826473, 0, 0, 0
55918, 403770, 1, 0, 0
56005, 7944947, 0, 0, 0
56085, 389838, 1, 0, 0
56101, 7976506, 0, 0, 0
56204, 7920960, 0, 0, 0
56213, 384308, 1, 0, 0
56302, 7987776, 0, 0, 0
56335, 383303, 1, 0, 0
56405, 7789269, 0, 0, 0
56485, 409397, 1, 0, 0
56500, 7826085, 0, 0, 0
56525, 425661, 1, 0, 0
56604, 7903099, 0, 0, 0
56621, 414730, 1, 0, 0
56700, 7879683, 0, 0, 0
56732, 411269, 1, 0, 0
56804, 7842499, 0, 0, 0
56836, 401468, 1, 0, 0
56900, 8026178, 0, 0, 0
56973, 422450, 1, 0, 0
57005, 7924098, 0, 0, 0
57005, 400223, 1, 0, 0
57107, 7766250, 0, 0, 0
57147, 414352, 1, 0, 0
57203, 7818097, 0, 0, 0
57300, 8084681, 0, 0, 0
57301, 392721, 1, 0, 0
57403, 7761674, 0, 0, 0
57492, 394481, 1, 0, 0
57507, 7948574, 0, 0, 0
57524, 400870, 1, 0, 0
57603, 7942204, 0, 0, 0
57636, 413324, 1, 0, 0
57706, 7795849, 0, 0, 0
57722, 396550, 1, 0, 0
57805, 10797422, 0, 0, 0
57835, 393867, 1, 0, 0
57907, 8487765, 0, 0, 0
57924, 401762, 1, 0, 0
58001, 7765907, 0, 0, 0
58010, 400680, 1, 0, 0
58107, 8070400, 0, 0, 0
58114, 396968, 1, 0, 0
58201, 7787944, 0, 0, 0
58202, 396457, 1, 0, 0
58306, 7985690, 0, 0, 0
58307, 399669, 1, 0, 0
58402, 7873017, 0, 0, 0
58419, 394034, 1, 0, 0
58506, 7936425, 0, 0, 0
58521, 392188, 1, 0, 0
58602, 7806292, 0, 0, 0
58611, 393821, 1, 0, 0
58747, 17992058, 0, 0, 0
58812, 64641918, 0, 0, 0
58995, 91293856, 0, 0, 0
58995, 391912, 1, 0, 0
59072, 76686906, 0, 0, 0
59128, 56342868, 0, 0, 0
59128, 423408, 1, 0, 0
59262, 67042918, 0, 0, 0
59329, 66959636, 0, 0, 0
59415, 42603523, 0, 0, 0
59477, 395052, 1, 0, 0
59509, 18762449, 0, 0, 0
59606, 19338968, 0, 0, 0
59613, 396891, 1, 0, 0
59702, 4994945, 0, 0, 0
59711, 407444, 1, 0, 0
59807, 3745857, 0, 0, 0
59808, 391189, 1, 0, 0
59900, 386720, 1, 0, 0
59900, 710667, 0, 0, 0
60004, 370037, 0, 0, 0
60004, 387048, 1, 0, 0
60101, 4138681, 0, 0, 0
60104, 288826, 1, 0, 0
60202, 3572225, 0, 0, 0
60212, 278646, 1, 0, 0
60302, 3263839, 0, 0, 0
60321, 271716, 1, 0, 0
60402, 3166504, 0, 0, 0
60416, 276138, 1, 0, 0
60501, 3370197, 0, 0, 0
60543, 273006, 1, 0, 0
60607, 6591939, 0, 0, 0
60608, 279907, 1, 0, 0
60704, 7941945, 0, 0, 0
60704, 279051, 1, 0, 0
60806, 7748438, 0, 0, 0
60806, 276303, 1, 0, 0
60901, 7836003, 0, 0, 0
60902, 276078, 1, 0, 0
61005, 7886569, 0, 0, 0
61013, 276885, 1, 0, 0
61108, 17054425, 0, 0, 0
61204, 19287226, 0, 0, 0
61300, 23913551, 0, 0, 0
61325, 286111, 1, 0, 0
61411, 18301226, 0, 0, 0
61435, 275157, 1, 0, 0
61508, 24045179, 0, 0, 0
61508, 293617, 1, 0, 0
61611, 17147382, 0, 0, 0
61707, 24106237, 0, 0, 0
61708, 278281, 1, 0, 0
61802, 18908602, 0, 0, 0
61915, 22518158, 0, 0, 0
62026, 37012597, 0, 0, 0
63290, 21222624, 0, 0, 0
63290, 412133, 1, 0, 0
63307, 8505756, 0, 0, 0
63324, 431331, 1, 0, 0
63402, 7656607, 0, 0, 0
63402, 394491, 1, 0, 0
63507, 7864189, 0, 0, 0
63603, 8014428, 0, 0, 0
63635, 403374, 1, 0, 0
63700, 422600, 1, 0, 0
63707, 7944488, 0, 0, 0
63802, 7719230, 0, 0, 0
63843, 389653, 1, 0, 0
63906, 7945576, 0, 0, 0
63915, 394075, 1, 0, 0
64002, 7669077, 0, 0, 0
64003, 381075, 1, 0, 0
64105, 7712425, 0, 0, 0
64114, 386131, 1, 0, 0
64201, 7927964, 0, 0, 0
64274, 391555, 1, 0, 0
64305, 7915543, 0, 0, 0
64305, 390732, 1, 0, 0
64401, 7830723, 0, 0, 0
64410, 383462, 1, 0, 0
64505, 7905782, 0, 0, 0
64514, 386272, 1, 0, 0
64600, 7856375, 0, 0, 0
64609, 388589, 1, 0, 0
64709, 8257876, 0, 0, 0
64791, 389283, 1, 0, 0
64808, 8168215, 0, 0, 0
64840, 388986, 1, 0, 0
64904, 7956371, 0, 0, 0
64944, 399394, 1, 0, 0
65007, 7929647, 0, 0, 0
65048, 385753, 1, 0, 0
65103, 7853934, 0, 0, 0
65111, 389797, 1, 0, 0
65206, 7942938, 0, 0, 0
65256, 378685, 1, 0, 0
65304, 8096659, 0, 0, 0
65313, 387731, 1, 0, 0
65407, 7853403, 0, 0, 0
65423, 381942, 1, 0, 0
65502, 7819908, 0, 0, 0
65512, 384956, 1, 0, 0
65606, 7992802, 0, 0, 0
65631, 390208, 1, 0, 0
65702, 7929490, 0, 0, 0
65807, 8076231, 0, 0, 0
65878, 394342, 1, 0, 0
65903, 7895377, 0, 0, 0
65926, 385166, 1, 0, 0
66006, 7854734, 0, 0, 0
66053, 395472, 1, 0, 0
66101, 7864413, 0, 0, 0
66189, 389929, 1, 0, 0
66205, 7938107, 0, 0, 0
66277, 399536, 1, 0, 0
66301, 7952787, 0, 0, 0
66373, 386167, 1, 0, 0
66404, 7927241, 0, 0, 0
66445, 382055, 1, 0, 0
66500, 7899216, 0, 0, 0
66597, 391597, 1, 0, 0
66605, 7973997, 0, 0, 0
66662, 381854, 1, 0, 0
66700, 7839961, 0, 0, 0
66709, 379959, 1, 0, 0
66804, 7887269, 0, 0, 0
66814, 387494, 1, 0, 0
66901, 7932275, 0, 0, 0
66924, 390612, 1, 0, 0
67004, 7842423, 0, 0, 0
67052, 390142, 1, 0, 0
67102, 8100507, 0, 0, 0
67117, 385664, 1, 0, 0
67204, 7807069, 0, 0, 0
67261, 420167, 1, 0, 0
67300, 7999673, 0, 0, 0
67300, 384697, 1, 0, 0
67404, 7964806, 0, 0, 0
67435, 391009, 1, 0, 0
67507, 7769182, 0, 0, 0
67571, 380446, 1, 0, 0
67603, 7953782, 0, 0, 0
67604, 385780, 1, 0, 0
67707, 7918006, 0, 0, 0
67708, 391570, 1, 0, 0
67802, 7742515, 0, 0, 0
67803, 395734, 1, 0, 0
67907, 7951274, 0, 0, 0
67907, 393987, 1, 0, 0
68002, 7900828, 0, 0, 0
68003, 389449, 1, 0, 0
68108, 7957078, 0, 0, 0
68115, 387484, 1, 0, 0
68203, 7842504, 0, 0, 0
68211, 401628, 1, 0, 0
68305, 7736244, 0, 0, 0
68354, 386178, 1, 0, 0
68402, 7958400, 0, 0, 0
68410, 381752, 1, 0, 0
68507, 8068318, 0, 0, 0
68578, 405765, 1, 0, 0
68601, 7802361, 0, 0, 0
68625, 384907, 1, 0, 0
68704, 7902335, 0, 0, 0
68723, 391776, 1, 0, 0
68801, 7854588, 0, 0, 0
68817, 383444, 1, 0, 0
68906, 7952109, 0, 0, 0
68906, 391752, 1, 0, 0
69001, 7929602, 0, 0, 0
69058, 398932, 1, 0, 0
69104, 7891728, 0, 0, 0
69105, 384363, 1, 0, 0
69201, 7943438, 0, 0, 0
69249, 400708, 1, 0, 0
69304, 7863249, 0, 0, 0
69304, 400798, 1, 0, 0
70966, 384747, 1, 0, 0
70977, 316160, 0, 0, 0
71000, 380844, 1, 0, 0
71007, 7338155, 0, 0, 0
71103, 7847101, 0, 0, 0
71134, 399261, 1, 0, 0
71205, 7795585, 0, 0, 0
71223, 408980, 1, 0, 0
71302, 7981720, 0, 0, 0
71303, 409036, 1, 0, 0
71406, 7895575, 0, 0, 0
71440, 407930, 1, 0, 0
71502, 7876596, 0, 0, 0
71563, 398875, 1, 0, 0
71606, 7979907, 0, 0, 0
71606, 399184, 1, 0, 0
71707, 7441027, 0, 0, 0
71709, 381159, 1, 0, 0
71974, 1620331, 0, 0, 0
71983, 404409, 1, 0, 0
72000, 386736, 1, 0, 0
72007, 7829910, 0, 0, 0
72100, 396479, 1, 0, 0
72100, 3110779, 0, 0, 0
72208, 4280066, 0, 0, 0
72231, 367439, 1, 0, 0
72302, 7740686, 0, 0, 0
72382, 284196, 1, 0, 0
72406, 7995430, 0, 0, 0
72438, 291464, 1, 0, 0
72501, 7864618, 0, 0, 0
72501, 279120, 1, 0, 0
72606, 7955864, 0, 0, 0
72647, 285034, 1, 0, 0
72702, 7818191, 0, 0, 0
72702, 280195, 1, 0, 0
72806, 8024531, 0, 0, 0
72822, 283174, 1, 0, 0
72902, 7851306, 0, 0, 0
72909, 281023, 1, 0, 0
73004, 7737462, 0, 0, 0
73021, 281746, 1, 0, 0
73101, 7997972, 0, 0, 0
73206, 8077177, 0, 0, 0
73301, 7874459, 0, 0, 0
73325, 285198, 1, 0, 0
73405, 7953913, 0, 0, 0
73436, 287560, 1, 0, 0
73501, 7769733, 0, 0, 0
73558, 277889, 1, 0, 0
73604, 7867007, 0, 0, 0
73668, 288327, 1, 0, 0
73700, 7893420, 0, 0, 0
73789, 278252, 1, 0, 0
73804, 7993662, 0, 0, 0
73885, 295361, 1, 0, 0
73900, 7904573, 0, 0, 0
73940, 273758, 1, 0, 0
74003, 7857901, 0, 0, 0
74035, 283425, 1, 0, 0
74100, 8018831, 0, 0, 0
74117, 292451, 1, 0, 0
74203, 7884952, 0, 0, 0
74307, 7985218, 0, 0, 0
74340, 284815, 1, 0, 0
74402, 7794713, 0, 0, 0
74411, 283021, 1, 0, 0
74500, 7995805, 0, 0, 0
74539, 282251, 1, 0, 0
74602, 7832027, 0, 0, 0
74603, 291151, 1, 0, 0
74708, 8043517, 0, 0, 0
74764, 280647, 1, 0, 0
74801, 8452043, 0, 0, 0
74826, 282251, 1, 0, 0
74904, 7826799, 0, 0, 0
74936, 280286, 1, 0, 0
75000, 7896094, 0, 0, 0
75048, 282127, 1, 0, 0
75104, 7882369, 0, 0, 0
75137, 285855, 1, 0, 0
75202, 8101589, 0, 0, 0
75216, 280064, 1, 0, 0
75305, 7806498, 0, 0, 0
75353, 283735, 1, 0, 0
75401, 7936839, 0, 0, 0
75425, 280194, 1, 0, 0
75505, 7911813, 0, 0, 0
75574, 285114, 1, 0, 0
75612, 10724263, 0, 0, 0
75626, 275577, 1, 0, 0
75726, 7545903, 0, 0, 0
75802, 37984454, 0, 0, 0
75802, 282772, 1, 0, 0
75904, 4361538, 0, 0, 0
75959, 286187, 1, 0, 0
76033, 10690633, 0, 0, 0
76082, 282281, 1, 0, 0
76102, 9816897, 0, 0, 0
76121, 291823, 1, 0, 0
76202, 5464807, 0, 0, 0
76209, 281176, 1, 0, 0
76304, 7822838, 0, 0, 0
76314, 284501, 1, 0, 0
76413, 10761829, 0, 0, 0
76427, 280220, 1, 0, 0
76506, 6094697, 0, 0, 0
76506, 283178, 1, 0, 0
76600, 9276452, 0, 0, 0
76705, 8101662, 0, 0, 0
76706, 283124, 1, 0, 0
76803, 8024471, 0, 0, 0
76856, 278011, 1, 0, 0
76905, 7742515, 0, 0, 0
76959, 281052, 1, 0, 0
77008, 6823068, 0, 0, 0
77008, 285655, 1, 0, 0
77104, 7883794, 0, 0, 0
77128, 281345, 1, 0, 0
77200, 7943682, 0, 0, 0
77224, 294095, 1, 0, 0
77305, 8006152, 0, 0, 0
77400, 7956634, 0, 0, 0
77473, 285690, 1, 0, 0
77501, 7727059, 0, 0, 0
77519, 279694, 1, 0, 0
77613, 8502477, 0, 0, 0
77653, 285038, 1, 0, 0
77702, 14734920, 0, 0, 0
77718, 289582, 1, 0, 0
77804, 10107001, 0, 0, 0
77826, 283399, 1, 0, 0
77900, 10602328, 0, 0, 0
77900, 282121, 1, 0, 0
78015, 28624822, 0, 0, 0
78116, 33666356, 0, 0, 0
78116, 285389, 1, 0, 0
78200, 4332922, 0, 0, 0
78211, 287803, 1, 0, 0
78300, 3618766, 0, 0, 0
78307, 283368, 1, 0, 0
78405, 4714103, 0, 0, 0
78406, 281014, 1, 0, 0
78506, 9991774, 0, 0, 0
78516, 282928, 1, 0, 0
78605, 6579202, 0, 0, 0
78628, 288040, 1, 0, 0
78702, 8789382, 0, 0, 0
78789, 283977, 1, 0, 0
78804, 7259757, 0, 0, 0
78804, 287738, 1, 0, 0
78900, 7893248, 0, 0, 0
78935, 281035, 1, 0, 0
79005, 7938828, 0, 0, 0
79020, 277991, 1, 0, 0
79100, 7820682, 0, 0, 0
79164, 284253, 1, 0, 0
79203, 7846733, 0, 0, 0
79220, 280529, 1, 0, 0
79300, 7906945, 0, 0, 0
79332, 280896, 1, 0, 0
79403, 7894646, 0, 0, 0
79444, 281364, 1, 0, 0
79529, 13945687, 0, 0, 0
79530, 280085, 1, 0, 0
79611, 20351206, 0, 0, 0
79618, 275924, 1, 0, 0
79700, 3610434, 0, 0, 0
79755, 289857, 1, 0, 0
79802, 7755918, 0, 0, 0
79844, 279419, 1, 0, 0
79906, 7857549, 0, 0, 0
82031, 14561311, 0, 0, 0
82031, 309873, 1, 0, 0
82104, 8019676, 0, 0, 0
82175, 409429, 1, 0, 0
82207, 7889878, 0, 0, 0
82225, 427554, 1, 0, 0
82303, 7826587, 0, 0, 0
82303, 411955, 1, 0, 0
82408, 7938854, 0, 0, 0
82408, 401463, 1, 0, 0
82503, 7881653, 0, 0, 0
82503, 398292, 1, 0, 0
82607, 7831271, 0, 0, 0
82608, 394208, 1, 0, 0
82702, 7715281, 0, 0, 0
82751, 393469, 1, 0, 0
82800, 8199117, 0, 0, 0
82815, 394647, 1, 0, 0
82902, 7664209, 0, 0, 0
82910, 387373, 1, 0, 0
83006, 7811809, 0, 0, 0
83031, 396036, 1, 0, 0
83102, 8033437, 0, 0, 0
83135, 396579, 1, 0, 0
83205, 7740230, 0, 0, 0
83229, 388932, 1, 0, 0
83303, 8036356, 0, 0, 0
83374, 390243, 1, 0, 0
83405, 7758414, 0, 0, 0
83405, 398032, 1, 0, 0
83502, 8000672, 0, 0, 0
83525, 400247, 1, 0, 0
83604, 7752250, 0, 0, 0
83613, 390860, 1, 0, 0
83700, 7934151, 0, 0, 0
83700, 392156, 1, 0, 0
83806, 7985443, 0, 0, 0
83814, 392724, 1, 0, 0
83900, 1123397, 0, 0, 0
83900, 382097, 1, 0, 0
84002, 836443, 0, 0, 0
84003, 350747, 1, 0, 0
84106, 7909849, 0, 0, 0
84122, 270978, 1, 0, 0
84202, 7930090, 0, 0, 0
84203, 272561, 1, 0, 0
84305, 7780970, 0, 0, 0
84323, 274136, 1, 0, 0
84401, 7935538, 0, 0, 0
84449, 275110, 1, 0, 0
84506, 8006423, 0, 0, 0
84522, 282816, 1, 0, 0
84602, 7948457, 0, 0, 0
84602, 276073, 1, 0, 0
84700, 273487, 1, 0, 0
84705, 7783412, 0, 0, 0
84801, 7919999, 0, 0, 0
84810, 275157, 1, 0, 0
84906, 8025707, 0, 0, 0
84915, 271441, 1, 0, 0
85002, 7918069, 0, 0, 0
85010, 278980, 1, 0, 0
85105, 7931656, 0, 0, 0
85146, 275256, 1, 0, 0
85201, 7941924, 0, 0, 0
85225, 279141, 1, 0, 0
85304, 7844986, 0, 0, 0
85328, 274699, 1, 0, 0
85400, 7951783, 0, 0, 0
85408, 277279, 1, 0, 0
85503, 7857759, 0, 0, 0
85568, 280782, 1, 0, 0
85607, 7956651, 0, 0, 0
85649, 282362, 1, 0, 0
85705, 8031265, 0, 0, 0
85745, 279195, 1, 0, 0
85800, 7890637, 0, 0, 0
85832, 274886, 1, 0, 0
85905, 7945185, 0, 0, 0
85959, 275189, 1, 0, 0
86007, 7872050, 0, 0, 0
86071, 287303, 1, 0, 0
86104, 7993731, 0, 0, 0
86110, 276219, 1, 0, 0
86200, 7908371, 0, 0, 0
86200, 276733, 1, 0, 0
86303, 7843914, 0, 0, 0
86310, 280159, 1, 0, 0
86406, 7814164, 0, 0, 0
86447, 278375, 1, 0, 0
86501, 7847183, 0, 0, 0
86552, 283119, 1, 0, 0
86606, 8028360, 0, 0, 0
86622, 282366, 1, 0, 0
86702, 7882983, 0, 0, 0
86743, 277739, 1, 0, 0
86805, 7851881, 0, 0, 0
86806, 271673, 1, 0, 0
86902, 7988947, 0, 0, 0
86902, 280947, 1, 0, 0
87005, 7869278, 0, 0, 0
87022, 277245, 1, 0, 0
87101, 7895571, 0, 0, 0
87110, 276925, 1, 0, 0
87205, 7815419, 0, 0, 0
87269, 273393, 1, 0, 0
87300, 7949342, 0, 0, 0
87309, 286358, 1, 0, 0
87405, 8000633, 0, 0, 0
87453, 281640, 1, 0, 0
87500, 7854235, 0, 0, 0
87588, 276980, 1, 0, 0
87604, 7940678, 0, 0, 0
87628, 286322, 1, 0, 0
87700, 7964321, 0, 0, 0
87717, 282424, 1, 0, 0
87805, 7940126, 0, 0, 0
87805, 276385, 1, 0, 0
87907, 7884708, 0, 0, 0
87916, 278226, 1, 0, 0
88003, 7884698, 0, 0, 0
88068, 283573, 1, 0, 0
88100, 282976, 1, 0, 0
88108, 8032910, 0, 0, 0
88203, 7887947, 0, 0, 0
88212, 281459, 1, 0, 0
88300, 7977479, 0, 0, 0
88372, 282587, 1, 0, 0
88403, 7904859, 0, 0, 0
88506, 7899304, 0, 0, 0
88506, 281431, 1, 0, 0
88602, 7811939, 0, 0, 0
88602, 272345, 1, 0, 0
88707, 7953848, 0, 0, 0
88739, 271968, 1, 0, 0
88802, 7890251, 0, 0, 0
88812, 278525, 1, 0, 0
90969, 7704510, 0, 0, 0
91008, 9581498, 0, 0, 0
91025, 343732, 1, 0, 0
91107, 8828355, 0, 0, 0
91155, 404258, 1, 0, 0
91207, 6575903, 0, 0, 0
91207, 408432, 1, 0, 0
91301, 8414479, 0, 0, 0
91301, 396442, 1, 0, 0
91407, 7450862, 0, 0, 0
91464, 397724, 1, 0, 0
91504, 7966408, 0, 0, 0
91504, 394751, 1, 0, 0
91607, 7861666, 0, 0, 0
91615, 393899, 1, 0, 0
91704, 7860793, 0, 0, 0
91719, 392228, 1, 0, 0
91800, 7675515, 0, 0, 0
91823, 384338, 1, 0, 0
91902, 7775204, 0, 0, 0
91926, 387571, 1, 0, 0
92006, 7983978, 0, 0, 0
92014, 394694, 1, 0, 0
92101, 7676123, 0, 0, 0
92101, 383634, 1, 0, 0
92206, 8037769, 0, 0, 0
92231, 392263, 1, 0, 0
92300, 7736112, 0, 0, 0
92349, 382472, 1, 0, 0
92405, 7975579, 0, 0, 0
92485, 394572, 1, 0, 0
92500, 7890014, 0, 0, 0
92509, 401256, 1, 0, 0
92604, 7963462, 0, 0, 0
92669, 387283, 1, 0, 0
92701, 8035964, 0, 0, 0
92796, 396798, 1, 0, 0
92804, 7892142, 0, 0, 0
92820, 402769, 1, 0, 0
92900, 7923346, 0, 0, 0
92950, 396165, 1, 0, 0
93003, 7897965, 0, 0, 0
93068, 390495, 1, 0, 0
93108, 7953484, 0, 0, 0
93156, 381477, 1, 0, 0
93204, 7845453, 0, 0, 0
93213, 385514, 1, 0, 0
93301, 7948245, 0, 0, 0
93325, 388426, 1, 0, 0
93404, 7827152, 0, 0, 0
93452, 393883, 1, 0, 0
93515, 8490566, 0, 0, 0
93609, 23492458, 0, 0, 0
93683, 386838, 1, 0, 0
93715, 17521374, 0, 0, 0
93715, 551700, 1, 0, 0
93810, 23622021, 0, 0, 0
93906, 32143651, 0, 0, 0
93938, 388615, 1, 0, 0
94009, 25262877, 0, 0, 0
94104, 18979767, 0, 0, 0
94177, 387756, 1, 0, 0
94201, 24035263, 0, 0, 0
94241, 398328, 1, 0, 0
94320, 17001137, 0, 0, 0
94370, 386014, 1, 0, 0
94416, 23847210, 0, 0, 0
94489, 399920, 1, 0, 0
94505, 17739893, 0, 0, 0
94599, 386629, 1, 0, 0
94625, 23952802, 0, 0, 0
94712, 17221500, 0, 0, 0
94770, 387461, 1, 0, 0
94801, 8102638, 0, 0, 0
94825, 377265, 1, 0, 0
94904, 7876885, 0, 0, 0
94914, 389865, 1, 0, 0
95001, 7851885, 0, 0, 0
95080, 392689, 1, 0, 0
95104, 7838089, 0, 0, 0
95137, 382053, 1, 0, 0
95201, 7992426, 0, 0, 0
95201, 388652, 1, 0, 0
95304, 8558083, 0, 0, 0
95305, 390506, 1, 0, 0
95400, 7788814, 0, 0, 0
95401, 390834, 1, 0, 0
95504, 7802842, 0, 0, 0
95512, 383428, 1, 0, 0
95607, 7910635, 0, 0, 0
95608, 389886, 1, 0, 0
95705, 8002676, 0, 0, 0
95729, 392575, 1, 0, 0
95800, 7808845, 0, 0, 0
95840, 392298, 1, 0, 0
95903, 7874422, 0, 0, 0
95929, 387726, 1, 0, 0
96000, 7799554, 0, 0, 0
96055, 386193, 1, 0, 0
96102, 7736030, 0, 0, 0
96160, 385997, 1, 0, 0
96205, 454637, 0, 0, 0
96208, 377729, 1, 0, 0
96303, 5696292, 0, 0, 0
96326, 252360, 1, 0, 0
96407, 7862416, 0, 0, 0
96407, 261957, 1, 0, 0
96502, 7866353, 0, 0, 0
96582, 273878, 1, 0, 0
96606, 7955971, 0, 0, 0
96615, 282724, 1, 0, 0
96702, 8018878, 0, 0, 0
96759, 276863, 1, 0, 0
96806, 7866706, 0, 0, 0
96814, 275399, 1, 0, 0
96901, 7858861, 0, 0, 0
96919, 279224, 1, 0, 0
97005, 7887244, 0, 0, 0
97030, 275328, 1, 0, 0
97101, 7991667, 0, 0, 0
97110, 289907, 1, 0, 0
97206, 7972386, 0, 0, 0
97237, 277650, 1, 0, 0
97301, 7888165, 0, 0, 0
97301, 282998, 1, 0, 0
97405, 7923192, 0, 0, 0
97429, 278314, 1, 0, 0
97502, 7941378, 0, 0, 0
97542, 282276, 1, 0, 0
97606, 7921077, 0, 0, 0
97677, 274434, 1, 0, 0
97701, 7918065, 0, 0, 0
97740, 285733, 1, 0, 0
97804, 7869636, 0, 0, 0
97845, 281429, 1, 0, 0
97900, 7965505, 0, 0, 0
97973, 278592, 1, 0, 0
98004, 7895816, 0, 0, 0
98013, 281741, 1, 0, 0
98101, 7998556, 0, 0, 0
98133, 276609, 1, 0, 0
98204, 7818447, 0, 0, 0
98301, 8145307, 0, 0, 0
98396, 273336, 1, 0, 0
98404, 7848420, 0, 0, 0
99666, 10476722, 0, 0, 0
99707, 8146248, 0, 0, 0
99714, 393742, 1, 0, 0
99801, 7773698, 0, 0, 0
99809, 410611, 1, 0, 0
99905, 7792737, 0, 0, 0
99945, 374781, 1, 0, 0
100001, 7886767, 0, 0, 0
100057, 387894, 1, 0, 0
100105, 7887649, 0, 0, 0
100105, 399505, 1, 0, 0
100200, 7815063, 0, 0, 0
100216, 416006, 1, 0, 0
100306, 7958668, 0, 0, 0
100377, 414273, 1, 0, 0
100400, 7700139, 0, 0, 0
100448, 396664, 1, 0, 0
100504, 7878704, 0, 0, 0
100600, 414060, 1, 0, 0
100608, 7991367, 0, 0, 0
100703, 7842015, 0, 0, 0
100744, 401042, 1, 0, 0
100800, 7952000, 0, 0, 0
100800, 406520, 1, 0, 0
100903, 7845211, 0, 0, 0
100903, 408892, 1, 0, 0
101009, 7984003, 0, 0, 0
101103, 7889090, 0, 0, 0
101104, 393370, 1, 0, 0
101207, 7902574, 0, 0, 0
101216, 395642, 1, 0, 0
101302, 7745237, 0, 0, 0
101328, 391618, 1, 0, 0
101400, 8012147, 0, 0, 0
101431, 405879, 1, 0, 0
101502, 7784046, 0, 0, 0
101512, 396387, 1, 0, 0
101606, 7888847, 0, 0, 0
101606, 398845, 1, 0, 0
101703, 7905944, 0, 0, 0
101735, 385715, 1, 0, 0
101807, 7976312, 0, 0, 0
101831, 412679, 1, 0, 0
101902, 7800002, 0, 0, 0
101934, 389906, 1, 0, 0
102006, 7888976, 0, 0, 0
102006, 395938, 1, 0, 0
102102, 7749238, 0, 0, 0
102205, 7937847, 0, 0, 0
102222, 389418, 1, 0, 0
102302, 7962578, 0, 0, 0
102326, 394832, 1, 0, 0
102405, 7833471, 0, 0, 0
102431, 402084, 1, 0, 0
102501, 7804121, 0, 0, 0
102501, 390292, 1, 0, 0
102605, 7968063, 0, 0, 0
102621, 402368, 1, 0, 0
102700, 7874754, 0, 0, 0
102710, 401091, 1, 0, 0
102805, 7841800, 0, 0, 0
102861, 392944, 1, 0, 0
102900, 7820875, 0, 0, 0
102916, 395254, 1, 0, 0
103005, 8036413, 0, 0, 0
103022, 407989, 1, 0, 0
103100, 7745532, 0, 0, 0
103133, 385454, 1, 0, 0
103204, 7852931, 0, 0, 0
103212, 388865, 1, 0, 0
103307, 7856822, 0, 0, 0
103316, 395910, 1, 0, 0
103403, 7784645, 0, 0, 0
103420, 390121, 1, 0, 0
103500, 8035786, 0, 0, 0
103500, 409944, 1, 0, 0
103604, 7762936, 0, 0, 0
103620, 384559, 1, 0, 0
103700, 7939849, 0, 0, 0
103796, 391576, 1, 0, 0
103803, 7837165, 0, 0, 0
103803, 381147, 1, 0, 0
103907, 7902889, 0, 0, 0
104002, 7970239, 0, 0, 0
104011, 393312, 1, 0, 0
104107, 7964737, 0, 0, 0
104138, 393135, 1, 0, 0
104202, 7893009, 0, 0, 0
104202, 386056, 1, 0, 0
104306, 7729811, 0, 0, 0
104346, 382925, 1, 0, 0
104402, 7887051, 0, 0, 0
104403, 386273, 1, 0, 0
104505, 7834644, 0, 0, 0
104594, 387294, 1, 0, 0
104601, 7954488, 0, 0, 0
104628, 392737, 1, 0, 0
104705, 7969441, 0, 0, 0
104730, 394239, 1, 0, 0
104802, 7843511, 0, 0, 0
104841, 380668, 1, 0, 0
104906, 7879265, 0, 0, 0
104970, 380609, 1, 0, 0
105001, 7837696, 0, 0, 0
105106, 8069498, 0, 0, 0
105106, 395889, 1, 0, 0
105202, 7770752, 0, 0, 0
105256, 391323, 1, 0, 0
105304, 7623472, 0, 0, 0
105336, 384876, 1, 0, 0
105401, 7979566, 0, 0, 0
105441, 393311, 1, 0, 0
105500, 384072, 1, 0, 0
105500, 1623266, 0, 0, 0
107243, 404840, 1, 0, 0
107248, 352486, 0, 0, 0
107304, 7822788, 0, 0, 0
107304, 390806, 1, 0, 0
107401, 7964095, 0, 0, 0
107449, 380480, 1, 0, 0
107504, 7827568, 0, 0, 0
107593, 390456, 1, 0, 0
107601, 8039710, 0, 0, 0
107601, 403179, 1, 0, 0
107704, 7828345, 0, 0, 0
107800, 7975548, 0, 0, 0
107800, 419538, 1, 0, 0
107902, 7832319, 0, 0, 0
107991, 432351, 1, 0, 0
108000, 399691, 1, 0, 0
108007, 7865857, 0, 0, 0
108103, 8003956, 0, 0, 0
108111, 405839, 1, 0, 0
108206, 7752864, 0, 0, 0
108247, 396799, 1, 0, 0
108302, 8005042, 0, 0, 0
108303, 386804, 1, 0, 0
108407, 7926844, 0, 0, 0
108407, 388523, 1, 0, 0
108502, 7799726, 0, 0, 0
108606, 7964080, 0, 0, 0
108622, 393064, 1, 0, 0
108702, 7886894, 0, 0, 0
108702, 380452, 1, 0, 0
108805, 7776075, 0, 0, 0
108901, 8055858, 0, 0, 0
108918, 383522, 1, 0, 0
109003, 7762073, 0, 0, 0
109404, 10574070, 0, 0, 0
109404, 411170, 1, 0, 0
109504, 8326157, 0, 0, 0
109541, 416616, 1, 0, 0
109602, 7303247, 0, 0, 0
109618, 397993, 1, 0, 0
109701, 2135695, 0, 0, 0
109748, 368564, 1, 0, 0
109804, 7866570, 0, 0, 0
109804, 275513, 1, 0, 0
109909, 8006031, 0, 0, 0
109910, 276548, 1, 0, 0
110004, 7571220, 0, 0, 0
110043, 272252, 1, 0, 0
110107, 7880723, 0, 0, 0
110116, 271073, 1, 0, 0
110203, 7907289, 0, 0, 0
110219, 277967, 1, 0, 0
110307, 7919735, 0, 0, 0
110403, 8008292, 0, 0, 0
110427, 282379, 1, 0, 0
110507, 7946078, 0, 0, 0
110540, 282883, 1, 0, 0
110603, 7936103, 0, 0, 0
110603, 277476, 1, 0, 0
110708, 8026210, 0, 0, 0
110724, 276624, 1, 0, 0
110802, 7782925, 0, 0, 0
110905, 7920447, 0, 0, 0
110906, 278449, 1, 0, 0
111002, 7943300, 0, 0, 0
111043, 275522, 1, 0, 0
111106, 7905829, 0, 0, 0
111106, 285717, 1, 0, 0
111203, 7983642, 0, 0, 0
111235, 287761, 1, 0, 0
111306, 7841153, 0, 0, 0
111323, 280607, 1, 0, 0
111402, 7981892, 0, 0, 0
111442, 280413, 1, 0, 0
111505, 7782492, 0, 0, 0
111545, 277865, 1, 0, 0
111601, 7990467, 0, 0, 0
111601, 277931, 1, 0, 0
111705, 7944285, 0, 0, 0
111713, 284915, 1, 0, 0
111801, 8010937, 0, 0, 0
111833, 286937, 1, 0, 0
111904, 7880115, 0, 0, 0
111914, 288648, 1, 0, 0
112001, 8029719, 0, 0, 0
112105, 7997273, 0, 0, 0
112137, 284769, 1, 0, 0
112200, 7731612, 0, 0, 0
112280, 276033, 1, 0, 0
112304, 7939575, 0, 0, 0
112336, 286159, 1, 0, 0
112400, 7926263, 0, 0, 0
112408, 279021, 1, 0, 0
112504, 7921518, 0, 0, 0
112527, 283655, 1, 0, 0
112600, 7952816, 0, 0, 0
112616, 288683, 1, 0, 0
112704, 7876863, 0, 0, 0
112735, 282512, 1, 0, 0
112807, 7857387, 0, 0, 0
112807, 278036, 1, 0, 0
112903, 7960830, 0, 0, 0
112991, 275542, 1, 0, 0
113006, 7889587, 0, 0, 0
113055, 276658, 1, 0, 0
113103, 8012831, 0, 0, 0
113103, 278755, 1, 0, 0
113207, 7891440, 0, 0, 0
113278, 284176, 1, 0, 0
113302, 7949758, 0, 0, 0
113326, 287033, 1, 0, 0
113405, 7887764, 0, 0, 0
113463, 274530, 1, 0, 0
113508, 8424534, 0, 0, 0
113536, 269942, 1, 0, 0
113607, 8209345, 0, 0, 0
113622, 274808, 1, 0, 0
113701, 7750555, 0, 0, 0
113751, 282563, 1, 0, 0
113806, 7977729, 0, 0, 0
113806, 277204, 1, 0, 0
113902, 7974638, 0, 0, 0
113974, 275294, 1, 0, 0
114005, 7871411, 0, 0, 0
114015, 281742, 1, 0, 0
114101, 8039166, 0, 0, 0
114102, 277680, 1, 0, 0
114206, 7996291, 0, 0, 0
114206, 282141, 1, 0, 0
114301, 7902494, 0, 0, 0
114301, 286118, 1, 0, 0
114407, 8129491, 0, 0, 0
114422, 277937, 1, 0, 0
114502, 7873558, 0, 0, 0
114516, 270860, 1, 0, 0
114605, 7844717, 0, 0, 0
114620, 282894, 1, 0, 0
114702, 7925580, 0, 0, 0
114732, 280443, 1, 0, 0
114804, 7772461, 0, 0, 0
114900, 8019064, 0, 0, 0
114908, 275223, 1, 0, 0
115005, 7897915, 0, 0, 0
115038, 274726, 1, 0, 0
115107, 7749384, 0, 0, 0
115125, 275146, 1, 0, 0
115204, 8037312, 0, 0, 0
115204, 274580, 1, 0, 0
115308, 7799110, 0, 0, 0
115331, 271080, 1, 0, 0
115404, 7967946, 0, 0, 0
115461, 276046, 1, 0, 0
115501, 8035382, 0, 0, 0
115531, 277856, 1, 0, 0
115604, 7827963, 0, 0, 0
115620, 276471, 1, 0, 0
115706, 7856045, 0, 0, 0
115715, 292691, 1, 0, 0
115802, 7931555, 0, 0, 0
115811, 276851, 1, 0, 0
115907, 8026045, 0, 0, 0
115947, 282416, 1, 0, 0
116002, 7869463, 0, 0, 0
116051, 268452, 1, 0, 0
116105, 7852593, 0, 0, 0
116114, 280795, 1, 0, 0
116202, 8007499, 0, 0, 0
116298, 275094, 1, 0, 0
116307, 7990359, 0, 0, 0
116401, 7890570, 0, 0, 0
116434, 277652, 1, 0, 0
116505, 7950618, 0, 0, 0
116521, 280679, 1, 0, 0
116601, 7947154, 0, 0, 0
116625, 285694, 1, 0, 0
116705, 7961615, 0, 0, 0
116713, 277101, 1, 0, 0
116801, 8009973, 0, 0, 0
116841, 280841, 1, 0, 0
116904, 7878971, 0, 0, 0
116913, 289530, 1, 0, 0
117002, 8044600, 0, 0, 0
117016, 284921, 1, 0, 0
117104, 7698006, 0, 0, 0
117161, 273866, 1, 0, 0
117201, 8088809, 0, 0, 0
117201, 277528, 1, 0, 0
117304, 7792818, 0, 0, 0
117313, 276313, 1, 0, 0
119258, 10603262, 0, 0, 0
119283, 419081, 1, 0, 0
119300, 8118027, 0, 0, 0
119339, 379712, 1, 0, 0
119401, 7764077, 0, 0, 0
119411, 405613, 1, 0, 0
119505, 7885630, 0, 0, 0
119538, 399924, 1, 0, 0
119601, 7814402, 0, 0, 0
119634, 408457, 1, 0, 0
119706, 8029733, 0, 0, 0
119715, 404266, 1, 0, 0
119805, 244325, 0, 0, 0
119805, 380583, 1, 0, 0
119907, 4689259, 0, 0, 0
119931, 349850, 1, 0, 0
120005, 8130360, 0, 0, 0
120028, 274361, 1, 0, 0
120100, 271547, 1, 0, 0
120106, 7698186, 0, 0, 0
120203, 7969379, 0, 0, 0
120219, 278311, 1, 0, 0
120307, 7996272, 0, 0, 0
120363, 286296, 1, 0, 0
120403, 7997688, 0, 0, 0
120443, 278067, 1, 0, 0
120506, 7822506, 0, 0, 0
120506, 277809, 1, 0, 0
120601, 7920882, 0, 0, 0
120652, 288349, 1, 0, 0
120705, 7987658, 0, 0, 0
120729, 270196, 1, 0, 0
120801, 7959323, 0, 0, 0
120826, 278400, 1, 0, 0
120906, 8002227, 0, 0, 0
120938, 283118, 1, 0, 0
121001, 7887963, 0, 0, 0
121051, 286994, 1, 0, 0
121104, 7883884, 0, 0, 0
121161, 296063, 1, 0, 0
121201, 7965465, 0, 0, 0
121201, 275440, 1, 0, 0
121304, 7819633, 0, 0, 0
121369, 275496, 1, 0, 0
121401, 8027850, 0, 0, 0
121401, 280479, 1, 0, 0
121504, 7805144, 0, 0, 0
121537, 279636, 1, 0, 0
121600, 7977284, 0, 0, 0
121697, 270922, 1, 0, 0
121704, 7985270, 0, 0, 0
121721, 281983, 1, 0, 0
121800, 7869567, 0, 0, 0
121856, 283505, 1, 0, 0
121905, 8003326, 0, 0, 0
121912, 273158, 1, 0, 0
122001, 7987424, 0, 0, 0
122072, 296476, 1, 0, 0
122104, 7877825, 0, 0, 0
122159, 273475, 1, 0, 0
122207, 7877891, 0, 0, 0
122280, 277749, 1, 0, 0
122302, 7962156, 0, 0, 0
122329, 283543, 1, 0, 0
122407, 7957125, 0, 0, 0
122415, 279482, 1, 0, 0
122504, 8009285, 0, 0, 0
122527, 286594, 1, 0, 0
122608, 7924938, 0, 0, 0
122630, 271809, 1, 0, 0
122702, 7763322, 0, 0, 0
122735, 279236, 1, 0, 0
122807, 8036433, 0, 0, 0
122807, 279580, 1, 0, 0
122902, 7743610, 0, 0, 0
122942, 277213, 1, 0, 0
123006, 7907160, 0, 0, 0
123055, 277056, 1, 0, 0
123102, 7956122, 0, 0, 0
123118, 278971, 1, 0, 0
123207, 7987101, 0, 0, 0
123207, 273802, 1, 0, 0
123301, 7784829, 0, 0, 0
123317, 274503, 1, 0, 0
123406, 7997157, 0, 0, 0
123469, 273311, 1, 0, 0
123500, 7791919, 0, 0, 0
123533, 280244, 1, 0, 0
123605, 7973506, 0, 0, 0
123606, 273757, 1, 0, 0
123701, 7837514, 0, 0, 0
123740, 270891, 1, 0, 0
123805, 7991355, 0, 0, 0
123830, 275767, 1, 0, 0
123900, 7760234, 0, 0, 0
123909, 271988, 1, 0, 0
124004, 7961207, 0, 0, 0
124012, 281634, 1, 0, 0
124101, 8072705, 0, 0, 0
124101, 281726, 1, 0, 0
124204, 7825755, 0, 0, 0
124228, 277269, 1, 0, 0
124301, 8020459, 0, 0, 0
124332, 288867, 1, 0, 0
124403, 7850873, 0, 0, 0
124404, 269752, 1, 0, 0
124508, 7970004, 0, 0, 0
124508, 282223, 1, 0, 0
124604, 7896838, 0, 0, 0
124604, 274843, 1, 0, 0
124701, 8024738, 0, 0, 0
124717, 281342, 1, 0, 0
124806, 8017045, 0, 0, 0
124812, 277014, 1, 0, 0
124909, 7871178, 0, 0, 0
124909, 281356, 1, 0, 0
125004, 7742447, 0, 0, 0
125004, 275730, 1, 0, 0
125651, 18757761, 0, 0, 0
125714, 31693207, 0, 0, 0
125714, 314756, 1, 0, 0
125810, 23861252, 0, 0, 0
125829, 400054, 1, 0, 0
125914, 17249164, 0, 0, 0
125986, 385542, 1, 0, 0
126012, 24228974, 0, 0, 0
126035, 380852, 1, 0, 0
126113, 16497516, 0, 0, 0
126204, 22799195, 0, 0, 0
126267, 384500, 1, 0, 0
126313, 18133399, 0, 0, 0
126337, 397789, 1, 0, 0
126411, 19409875, 0, 0, 0
126521, 18369793, 0, 0, 0
126602, 20340989, 0, 0, 0
126720, 19713833, 0, 0, 0
126800, 19909363, 0, 0, 0
126801, 414837, 1, 0, 0
126920, 19908715, 0, 0, 0
126985, 429184, 1, 0, 0
127010, 17691117, 0, 0, 0
127010, 404148, 1, 0, 0
127104, 23389571, 0, 0, 0
127200, 19065622, 0, 0, 0
127264, 426237, 1, 0, 0
127312, 22316762, 0, 0, 0
127336, 407036, 1, 0, 0
127400, 17506844, 0, 0, 0
127400, 438283, 1, 0, 0
127504, 20670582, 0, 0, 0
127504, 419713, 1, 0, 0
127600, 19046975, 0, 0, 0
127624, 440857, 1, 0, 0
127718, 23408154, 0, 0, 0
127783, 406310, 1, 0, 0
127821, 16899383, 0, 0, 0
127845, 397289, 1, 0, 0
127926, 26086858, 0, 0, 0
127926, 393344, 1, 0, 0
128021, 31524412, 0, 0, 0
128022, 396919, 1, 0, 0
128118, 24178236, 0, 0, 0
128184, 406662, 1, 0, 0
128200, 13463662, 0, 0, 0
128272, 400001, 1, 0, 0
128304, 7947618, 0, 0, 0
128304, 386051, 1, 0, 0
128400, 7785535, 0, 0, 0
128400, 394067, 1, 0, 0
128503, 7693514, 0, 0, 0
128503, 394243, 1, 0, 0
128607, 7822416, 0, 0, 0
128607, 385419, 1, 0, 0
128702, 7764650, 0, 0, 0
128711, 401900, 1, 0, 0
128806, 7933915, 0, 0, 0
128854, 401755, 1, 0, 0
128902, 7963619, 0, 0, 0
128902, 393157, 1, 0, 0
129008, 8027474, 0, 0, 0
129047, 394090, 1, 0, 0
129102, 7651112, 0, 0, 0
129159, 390953, 1, 0, 0
129207, 7960690, 0, 0, 0
129223, 385377, 1, 0, 0
129302, 7928370, 0, 0, 0
129342, 390830, 1, 0, 0
129406, 7838241, 0, 0, 0
129445, 388504, 1, 0, 0
129502, 7914013, 0, 0, 0
129550, 393543, 1, 0, 0
129607, 8013566, 0, 0, 0
129613, 394532, 1, 0, 0
129700, 8403360, 0, 0, 0
129718, 397992, 1, 0, 0
129805, 7931049, 0, 0, 0
129908, 7984230, 0, 0, 0
129925, 393148, 1, 0, 0
130004, 7833369, 0, 0, 0
130072, 397700, 1, 0, 0
130100, 728118, 0, 0, 0
130101, 386607, 1, 0, 0
130200, 254519, 0, 0, 0
130200, 379768, 1, 0, 0
130300, 5854394, 0, 0, 0
130332, 292663, 1, 0, 0
130404, 7983553, 0, 0, 0
130443, 284257, 1, 0, 0
130500, 7962846, 0, 0, 0
130533, 272773, 1, 0, 0
130603, 7865830, 0, 0, 0
130620, 282051, 1, 0, 0
130700, 8052818, 0, 0, 0
130740, 285095, 1, 0, 0
130803, 7872394, 0, 0, 0
130819, 283132, 1, 0, 0
130907, 7893927, 0, 0, 0
130980, 285650, 1, 0, 0
131004, 7972870, 0, 0, 0
131019, 283017, 1, 0, 0
131106, 7778814, 0, 0, 0
131155, 279832, 1, 0, 0
131203, 7998948, 0, 0, 0
131261, 298219, 1, 0, 0
131307, 7979797, 0, 0, 0
131339, 284262, 1, 0, 0
131402, 7858136, 0, 0, 0
131418, 287782, 1, 0, 0
131507, 8000260, 0, 0, 0
131595, 278697, 1, 0, 0
131603, 7941647, 0, 0, 0
131706, 7936910, 0, 0, 0
131801, 7918052, 0, 0, 0
131865, 284738, 1, 0, 0
131906, 8014891, 0, 0, 0
131906, 288820, 1, 0, 0
132003, 7917716, 0, 0, 0
132058, 283061, 1, 0, 0
132105, 7749846, 0, 0, 0
132105, 280666, 1, 0, 0
132200, 7863081, 0, 0, 0
132200, 279854, 1, 0, 0
132304, 7936303, 0, 0, 0
132304, 286338, 1, 0, 0
132400, 7852349, 0, 0, 0
134293, 8101016, 0, 0, 0
134301, 8115440, 0, 0, 0
134317, 297924, 1, 0, 0
134405, 7876893, 0, 0, 0
134469, 394831, 1, 0, 0
134503, 8153313, 0, 0, 0
134558, 383087, 1, 0, 0
134605, 7739754, 0, 0, 0
134613, 387226, 1, 0, 0
134702, 7985497, 0, 0, 0
134765, 400730, 1, 0, 0
134804, 7836197, 0, 0, 0
134805, 419653, 1, 0, 0
134900, 7776519, 0, 0, 0
134933, 417394, 1, 0, 0
135004, 7808259, 0, 0, 0
135101, 8100997, 0, 0, 0
135124, 411454, 1, 0, 0
135206, 7927504, 0, 0, 0
135206, 406245, 1, 0, 0
135300, 7717710, 0, 0, 0
135300, 405799, 1, 0, 0
135404, 7884390, 0, 0, 0
135451, 399057, 1, 0, 0
135500, 389767, 1, 0, 0
135507, 7744850, 0, 0, 0
135602, 7866501, 0, 0, 0
135612, 387667, 1, 0, 0
135700, 7858174, 0, 0, 0
135731, 385218, 1, 0, 0
135804, 7822689, 0, 0, 0
135820, 387792, 1, 0, 0
135907, 7832801, 0, 0, 0
135930, 396927, 1, 0, 0
136002, 7700405, 0, 0, 0
136051, 386596, 1, 0, 0
136106, 7919813, 0, 0, 0
136170, 392281, 1, 0, 0
136202, 7843839, 0, 0, 0
136202, 382979, 1, 0, 0
136313, 8242723, 0, 0, 0
136313, 384936, 1, 0, 0
136404, 8135448, 0, 0, 0
136458, 386633, 1, 0, 0
136506, 7771374, 0, 0, 0
136523, 397371, 1, 0, 0
136602, 7877390, 0, 0, 0
136698, 386136, 1, 0, 0
136707, 8043954, 0, 0, 0
136786, 393123, 1, 0, 0
136802, 7896666, 0, 0, 0
136810, 385420, 1, 0, 0
136907, 7979881, 0, 0, 0
136914, 392341, 1, 0, 0
137002, 7802749, 0, 0, 0
137051, 388454, 1, 0, 0
137106, 7894464, 0, 0, 0
137114, 388036, 1, 0, 0
137201, 7743480, 0, 0, 0
137201, 386599, 1, 0, 0
137305, 7961226, 0, 0, 0
137395, 386697, 1, 0, 0
137401, 7961024, 0, 0, 0
137433, 394018, 1, 0, 0
137504, 7815490, 0, 0, 0
137530, 384909, 1, 0, 0
137600, 7881899, 0, 0, 0
137600, 396701, 1, 0, 0
137706, 7960079, 0, 0, 0
137723, 383841, 1, 0, 0
137801, 7684356, 0, 0, 0
137826, 384030, 1, 0, 0
137906, 8020845, 0, 0, 0
137969, 385893, 1, 0, 0
138001, 7817078, 0, 0, 0
138002, 384085, 1, 0, 0
138103, 7717072, 0, 0, 0
138137, 384011, 1, 0, 0
138200, 380945, 1, 0, 0
138208, 7933702, 0, 0, 0
138304, 7846516, 0, 0, 0
138304, 395123, 1, 0, 0
138400, 7890393, 0, 0, 0
138400, 387984, 1, 0, 0
138503, 7753536, 0, 0, 0
138520, 385099, 1, 0, 0
138600, 7908812, 0, 0, 0
138600, 388791, 1, 0, 0
138703, 7901009, 0, 0, 0
138712, 388256, 1, 0, 0
138806, 7827989, 0, 0, 0
138816, 387735, 1, 0, 0
138903, 7964424, 0, 0, 0
138974, 392324, 1, 0, 0
139008, 7933359, 0, 0, 0
139017, 376992, 1, 0, 0
139103, 7841013, 0, 0, 0
139166, 390417, 1, 0, 0
139206, 7874456, 0, 0, 0
139254, 382684, 1, 0, 0
139301, 7895019, 0, 0, 0
139343, 383923, 1, 0, 0
139406, 7972196, 0, 0, 0
139430, 388118, 1, 0, 0
139502, 7999915, 0, 0, 0
139517, 392778, 1, 0, 0
139606, 7903207, 0, 0, 0
139645, 382521, 1, 0, 0
139702, 7820958, 0, 0, 0
139726, 384978, 1, 0, 0
139805, 7770659, 0, 0, 0
139869, 381883, 1, 0, 0
139902, 8041403, 0, 0, 0
139925, 386802, 1, 0, 0
140005, 7813508, 0, 0, 0
140030, 404695, 1, 0, 0
141864, 385164, 1, 0, 0
141878, 570907, 0, 0, 0
141900, 7057267, 0, 0, 0
142005, 8134371, 0, 0, 0
142013, 382320, 1, 0, 0
142100, 7704695, 0, 0, 0
142107, 392206, 1, 0, 0
142203, 7631077, 0, 0, 0
142243, 403113, 1, 0, 0
142307, 7870693, 0, 0, 0
142349, 397953, 1, 0, 0
142403, 7897949, 0, 0, 0
142410, 390656, 1, 0, 0
142506, 7891596, 0, 0, 0
142530, 382350, 1, 0, 0
142603, 7942646, 0, 0, 0
142666, 392446, 1, 0, 0
142707, 7968726, 0, 0, 0
142771, 384292, 1, 0, 0
142803, 7913050, 0, 0, 0
142899, 386195, 1, 0, 0
142907, 7998445, 0, 0, 0
142939, 405252, 1, 0, 0
143002, 7795713, 0, 0, 0
143044, 386489, 1, 0, 0
143106, 7836840, 0, 0, 0
143106, 386499, 1, 0, 0
143201, 7896075, 0, 0, 0
143202, 387450, 1, 0, 0
143307, 8037367, 0, 0, 0
143362, 386100, 1, 0, 0
143403, 7942064, 0, 0, 0
143498, 382982, 1, 0, 0
143506, 7898121, 0, 0, 0
143506, 396001, 1, 0, 0
143601, 7669420, 0, 0, 0
143610, 387692, 1, 0, 0
144113, 4594070, 0, 0, 0
144121, 389736, 1, 0, 0
144200, 7733253, 0, 0, 0
144240, 384909, 1, 0, 0
144305, 8025484, 0, 0, 0
144312, 409936, 1, 0, 0
144400, 7595356, 0, 0, 0
144400, 401541, 1, 0, 0
144500, 388462, 1, 0, 0
144500, 1615313, 0, 0, 0
144602, 4752296, 0, 0, 0
144641, 364172, 1, 0, 0
144707, 8003493, 0, 0, 0
144770, 273678, 1, 0, 0
144803, 7966082, 0, 0, 0
144817, 281866, 1, 0, 0
144906, 7931576, 0, 0, 0
144952, 284123, 1, 0, 0
145000, 7725430, 0, 0, 0
145008, 275205, 1, 0, 0
145104, 7951381, 0, 0, 0
145130, 272844, 1, 0, 0
145200, 7838352, 0, 0, 0
145200, 274021, 1, 0, 0
145304, 7953902, 0, 0, 0
145400, 7938489, 0, 0, 0
145400, 284398, 1, 0, 0
145505, 7965365, 0, 0, 0
145553, 275267, 1, 0, 0
145600, 7817854, 0, 0, 0
145624, 278006, 1, 0, 0
145705, 8005928, 0, 0, 0
145728, 280898, 1, 0, 0
145801, 7892177, 0, 0, 0
145816, 272927, 1, 0, 0
145903, 7781235, 0, 0, 0
146000, 273438, 1, 0, 0
146007, 8639693, 0, 0, 0
146103, 7919665, 0, 0, 0
146151, 281357, 1, 0, 0
146200, 7987267, 0, 0, 0
146287, 276286, 1, 0, 0
146303, 7913200, 0, 0, 0
146400, 8087717, 0, 0, 0
146400, 278752, 1, 0, 0
146502, 7756672, 0, 0, 0
146527, 285060, 1, 0, 0
146601, 8205148, 0, 0, 0
146632, 281235, 1, 0, 0
146702, 7759646, 0, 0, 0
146718, 275977, 1, 0, 0
146806, 7934217, 0, 0, 0
146871, 273512, 1, 0, 0
146902, 7978929, 0, 0, 0
146966, 293577, 1, 0, 0
147006, 7919045, 0, 0, 0
147006, 289172, 1, 0, 0
147101, 7881526, 0, 0, 0
147101, 277189, 1, 0, 0
147206, 8078528, 0, 0, 0
147214, 283434, 1, 0, 0
147302, 7811406, 0, 0, 0
147326, 273788, 1, 0, 0
147406, 7910676, 0, 0, 0
147437, 280418, 1, 0, 0
147503, 7952577, 0, 0, 0
147525, 267463, 1, 0, 0
147605, 7825818, 0, 0, 0
147637, 281526, 1, 0, 0
147702, 8046161, 0, 0, 0
147702, 278079, 1, 0, 0
147804, 7696880, 0, 0, 0
147812, 280364, 1, 0, 0
147900, 8023751, 0, 0, 0
147925, 284663, 1, 0, 0
148005, 7948618, 0, 0, 0
148054, 276053, 1, 0, 0
148101, 7941455, 0, 0, 0
148110, 279485, 1, 0, 0
148206, 7993303, 0, 0, 0
148213, 272830, 1, 0, 0
148301, 7899685, 0, 0, 0
148395, 271555, 1, 0, 0
148403, 7829299, 0, 0, 0
148420, 270040, 1, 0, 0
148507, 7938705, 0, 0, 0
148515, 279123, 1, 0, 0
148603, 7942482, 0, 0, 0
148604, 278925, 1, 0, 0
148700, 276094, 1, 0, 0
148707, 7833416, 0, 0, 0
148802, 7957557, 0, 0, 0
148819, 276489, 1, 0, 0
148907, 7954156, 0, 0, 0
148922, 280351, 1, 0, 0
149003, 8001641, 0, 0, 0
149004, 285215, 1, 0, 0
149107, 7801402, 0, 0, 0
149155, 274250, 1, 0, 0
149203, 7943610, 0, 0, 0
149258, 277712, 1, 0, 0
149306, 7872926, 0, 0, 0
149314, 270275, 1, 0, 0
149403, 7972579, 0, 0, 0
149507, 8041217, 0, 0, 0
149530, 280805, 1, 0, 0
149601, 7730495, 0, 0, 0
149610, 272511, 1, 0, 0
149705, 7948255, 0, 0, 0
149801, 8040143, 0, 0, 0
149826, 284416, 1, 0, 0
149906, 7942470, 0, 0, 0
149937, 277073, 1, 0, 0
150000, 7805035, 0, 0, 0
150018, 275303, 1, 0, 0
150105, 7971863, 0, 0, 0
150138, 279280, 1, 0, 0
150201, 7878688, 0, 0, 0
150233, 280074, 1, 0, 0
150304, 7885224, 0, 0, 0
150352, 270419, 1, 0, 0
150400, 7954112, 0, 0, 0
150400, 284792, 1, 0, 0
150506, 8046950, 0, 0, 0
150506, 276263, 1, 0, 0
150601, 7829110, 0, 0, 0
150632, 274945, 1, 0, 0
150704, 7843084, 0, 0, 0
150720, 277844, 1, 0, 0
150800, 7905734, 0, 0, 0
150801, 280344, 1, 0, 0
150903, 7719216, 0, 0, 0
151008, 8090371, 0, 0, 0
151008, 274774, 1, 0, 0
151104, 7859484, 0, 0, 0
151104, 281579, 1, 0, 0
151201, 7943361, 0, 0, 0
151201, 276916, 1, 0, 0
151305, 7936100, 0, 0, 0
151320, 272598, 1, 0, 0
151400, 7950124, 0, 0, 0
151502, 7820768, 0, 0, 0
151558, 278277, 1, 0, 0
151605, 7907633, 0, 0, 0
151638, 276592, 1, 0, 0
151704, 8078827, 0, 0, 0
151718, 273644, 1, 0, 0
151807, 7846858, 0, 0, 0
151839, 275319, 1, 0, 0
153947, 9844006, 0, 0, 0
153964, 390796, 1, 0, 0
154003, 7980137, 0, 0, 0
154027, 397820, 1, 0, 0
154100, 7885427, 0, 0, 0
154100, 386763, 1, 0, 0
154204, 7920703, 0, 0, 0
154243, 385891, 1, 0, 0
154306, 7837306, 0, 0, 0
154363, 382905, 1, 0, 0
154403, 7890363, 0, 0, 0
154421, 406879, 1, 0, 0
154507, 7861446, 0, 0, 0
154547, 407391, 1, 0, 0
154602, 7906786, 0, 0, 0
154610, 408503, 1, 0, 0
154700, 926511, 0, 0, 0
154702, 387035, 1, 0, 0
154802, 329478, 0, 0, 0
154810, 369587, 1, 0, 0
154907, 7977140, 0, 0, 0
155001, 7780208, 0, 0, 0
155105, 7991738, 0, 0, 0
155121, 279102, 1, 0, 0
155201, 7988073, 0, 0, 0
155305, 7984511, 0, 0, 0
155360, 277273, 1, 0, 0
155402, 7988100, 0, 0, 0
155409, 281514, 1, 0, 0
155506, 7850685, 0, 0, 0
155527, 266110, 1, 0, 0
155600, 7757468, 0, 0, 0
155624, 277156, 1, 0, 0
155703, 7882555, 0, 0, 0
155792, 277554, 1, 0, 0
155800, 271752, 1, 0, 0
155809, 8098594, 0, 0, 0
155905, 7929531, 0, 0, 0
156000, 279895, 1, 0, 0
156007, 7861874, 0, 0, 0
156103, 7869195, 0, 0, 0
156168, 279134, 1, 0, 0
156200, 8026977, 0, 0, 0
156216, 283659, 1, 0, 0
156302, 7713278, 0, 0, 0
156320, 277937, 1, 0, 0
156406, 7927676, 0, 0, 0
156416, 276451, 1, 0, 0
156503, 7935679, 0, 0, 0
156607, 8019703, 0, 0, 0
156631, 279144, 1, 0, 0
156702, 7899682, 0, 0, 0
156751, 299937, 1, 0, 0
156806, 7939748, 0, 0, 0
156806, 277180, 1, 0, 0
156902, 7878434, 0, 0, 0
156934, 278901, 1, 0, 0
157007, 8002663, 0, 0, 0
157031, 297325, 1, 0, 0
157102, 7860733, 0, 0, 0
157134, 273739, 1, 0, 0
157206, 7953603, 0, 0, 0
157222, 281312, 1, 0, 0
157302, 7870348, 0, 0, 0
157302, 271744, 1, 0, 0
157404, 7844072, 0, 0, 0
157413, 279939, 1, 0, 0
157500, 7736648, 0, 0, 0
157517, 270919, 1, 0, 0
157605, 7995412, 0, 0, 0
157693, 292768, 1, 0, 0
157701, 7990048, 0, 0, 0
157701, 278693, 1, 0, 0
157804, 7800250, 0, 0, 0
157812, 282914, 1, 0, 0
157900, 8009275, 0, 0, 0
157908, 291880, 1, 0, 0
158005, 7851696, 0, 0, 0
158044, 273495, 1, 0, 0
158108, 7889414, 0, 0, 0
158108, 278191, 1, 0, 0
158204, 7925254, 0, 0, 0
158204, 282986, 1, 0, 0
158300, 7844149, 0, 0, 0
158317, 281074, 1, 0, 0
158404, 8604727, 0, 0, 0
158411, 282052, 1, 0, 0
158525, 12015724, 0, 0, 0
158621, 31835730, 0, 0, 0
158621, 283807, 1, 0, 0
158715, 23521890, 0, 0, 0
158741, 282176, 1, 0, 0
158819, 17112977, 0, 0, 0
158907, 21916380, 0, 0, 0
158965, 273782, 1, 0, 0
159003, 32023130, 0, 0, 0
159059, 312212, 1, 0, 0
159106, 25779064, 0, 0, 0
159172, 277733, 1, 0, 0
159210, 20522900, 0, 0, 0
159220, 278804, 1, 0, 0
159314, 20610483, 0, 0, 0
159314, 273832, 1, 0, 0
159409, 18919867, 0, 0, 0
159507, 24264088, 0, 0, 0
159507, 279157, 1, 0, 0
159610, 17070100, 0, 0, 0
159706, 24004380, 0, 0, 0
159801, 31838990, 0, 0, 0
159906, 26130390, 0, 0, 0
159929, 282734, 1, 0, 0
160002, 19141422, 0, 0, 0
160011, 292626, 1, 0, 0
160106, 20869275, 0, 0, 0
160107, 277109, 1, 0, 0
160209, 20485561, 0, 0, 0
160289, 285617, 1, 0, 0
160313, 20710205, 0, 0, 0
160361, 302542, 1, 0, 0
160401, 21845375, 0, 0, 0
160512, 22311448, 0, 0, 0
160608, 19024741, 0, 0, 0
160721, 22685384, 0, 0, 0
160744, 291565, 1, 0, 0
160800, 19718543, 0, 0, 0
160912, 13956598, 0, 0, 0
161007, 13651783, 0, 0, 0
161040, 300190, 1, 0, 0
161104, 16030724, 0, 0, 0
161135, 282991, 1, 0, 0
161208, 25859188, 0, 0, 0
161280, 281897, 1, 0, 0
161304, 19168018, 0, 0, 0
161543, 19408311, 0, 0, 0
161576, 421284, 1, 0, 0
161600, 7790277, 0, 0, 0
161672, 398842, 1, 0, 0
161703, 7935523, 0, 0, 0
161728, 405026, 1, 0, 0
161802, 8133513, 0, 0, 0
161880, 406842, 1, 0, 0
161903, 7645282, 0, 0, 0
161927, 420024, 1, 0, 0
162007, 7966760, 0, 0, 0
162007, 411456, 1, 0, 0
162103, 7850149, 0, 0, 0
162144, 393725, 1, 0, 0
162207, 7954323, 0, 0, 0
162239, 403455, 1, 0, 0
162304, 8041469, 0, 0, 0
162343, 393951, 1, 0, 0
162406, 7756838, 0, 0, 0
162430, 389012, 1, 0, 0
162502, 7798344, 0, 0, 0
162520, 391870, 1, 0, 0
162606, 7922169, 0, 0, 0
162623, 398189, 1, 0, 0
162701, 7821918, 0, 0, 0
162807, 8122902, 0, 0, 0
162879, 391405, 1, 0, 0
162902, 7801323, 0, 0, 0
162902, 389480, 1, 0, 0
163005, 7833247, 0, 0, 0
163022, 391634, 1, 0, 0
163101, 7853191, 0, 0, 0
163101, 392941, 1, 0, 0
163205, 7878101, 0, 0, 0
163301, 7974060, 0, 0, 0
163317, 389931, 1, 0, 0
163404, 7892676, 0, 0, 0
163445, 392316, 1, 0, 0
163500, 7809954, 0, 0, 0
163581, 386824, 1, 0, 0
163604, 7969028, 0, 0, 0
163605, 392543, 1, 0, 0
163701, 8022546, 0, 0, 0
163740, 399830, 1, 0, 0
163806, 7917654, 0, 0, 0
163837, 392083, 1, 0, 0
163900, 7777714, 0, 0, 0
163949, 407445, 1, 0, 0
164002, 8399041, 0, 0, 0
164012, 391971, 1, 0, 0
164108, 8047591, 0, 0, 0
164141, 397764, 1, 0, 0
164203, 7820076, 0, 0, 0
164203, 393992, 1, 0, 0
164308, 7955491, 0, 0, 0
164332, 404127, 1, 0, 0
164404, 7940619, 0, 0, 0
164404, 410995, 1, 0, 0
164500, 7837603, 0, 0, 0
164579, 396717, 1, 0, 0
164602, 7837211, 0, 0, 0
164706, 7993572, 0, 0, 0
164723, 407232, 1, 0, 0
164803, 7935476, 0, 0, 0
164810, 396643, 1, 0, 0
164906, 7721865, 0, 0, 0
164987, 391179, 1, 0, 0
165003, 8046508, 0, 0, 0
165020, 404945, 1, 0, 0
165105, 7683779, 0, 0, 0
165122, 391745, 1, 0, 0
165203, 8035659, 0, 0, 0
165227, 387992, 1, 0, 0
165305, 7802014, 0, 0, 0
165338, 399388, 1, 0, 0
165401, 7951256, 0, 0, 0
165481, 392768, 1, 0, 0
165506, 8045447, 0, 0, 0
165521, 407721, 1, 0, 0
165602, 7955859, 0, 0, 0
165675, 392970, 1, 0, 0
165707, 8031671, 0, 0, 0
165770, 395084, 1, 0, 0
165802, 7845161, 0, 0, 0
165834, 394836, 1, 0, 0
165905, 7794263, 0, 0, 0
165914, 391797, 1, 0, 0
166000, 7872442, 0, 0, 0
166009, 391084, 1, 0, 0
166100, 387848, 1, 0, 0
166100, 1092202, 0, 0, 0
166200, 987329, 0, 0, 0
166306, 8169776, 0, 0, 0
166307, 355786, 1, 0, 0
166402, 7819893, 0, 0, 0
166457, 282142, 1, 0, 0
166506, 7938817, 0, 0, 0
166514, 285483, 1, 0, 0
166600, 7744261, 0, 0, 0
166649, 285276, 1, 0, 0
166704, 7901727, 0, 0, 0
166704, 282346, 1, 0, 0
166801, 7749763, 0, 0, 0
166824, 275394, 1, 0, 0
166904, 7852610, 0, 0, 0
166959, 286886, 1, 0, 0
167000, 7927383, 0, 0, 0
167103, 7898182, 0, 0, 0
167127, 291975, 1, 0, 0
167200, 7982863, 0, 0, 0
167255, 278477, 1, 0, 0
167303, 7884995, 0, 0, 0
167400, 8068045, 0, 0, 0
167407, 290224, 1, 0, 0
167502, 7768572, 0, 0, 0
167503, 278226, 1, 0, 0
167608, 8027678, 0, 0, 0
167616, 280716, 1, 0, 0
167702, 7842142, 0, 0, 0
167742, 280095, 1, 0, 0
167800, 283508, 1, 0, 0
167808, 7954708, 0, 0, 0
167903, 7915730, 0, 0, 0
168006, 7946149, 0, 0, 0
168006, 275093, 1, 0, 0
168102, 7884409, 0, 0, 0
168118, 286691, 1, 0, 0
168206, 7957128, 0, 0, 0
168214, 285108, 1, 0, 0
168303, 7950830, 0, 0, 0
168342, 281942, 1, 0, 0
168405, 7687050, 0, 0, 0
168454, 281130, 1, 0, 0
170387, 8434464, 0, 0, 0
170396, 414807, 1, 0, 0
170403, 7760369, 0, 0, 0
170403, 392782, 1, 0, 0
170500, 8036073, 0, 0, 0
170530, 402474, 1, 0, 0
170602, 7730355, 0, 0, 0
170602, 392736, 1, 0, 0
170706, 7803674, 0, 0, 0
170714, 405209, 1, 0, 0
170801, 7791202, 0, 0, 0
170826, 413433, 1, 0, 0
170905, 7915842, 0, 0, 0
170914, 419001, 1, 0, 0
171001, 7873160, 0, 0, 0
171097, 412373, 1, 0, 0
171107, 8100365, 0, 0, 0
171107, 409197, 1, 0, 0
171202, 7826446, 0, 0, 0
171202, 401758, 1, 0, 0
171305, 7749174, 0, 0, 0
171328, 402621, 1, 0, 0
171401, 7908725, 0, 0, 0
171435, 394707, 1, 0, 0
171504, 7809758, 0, 0, 0
171512, 387512, 1, 0, 0
171600, 7946341, 0, 0, 0
171640, 408956, 1, 0, 0
171704, 7902049, 0, 0, 0
171714, 398847, 1, 0, 0
171800, 7911726, 0, 0, 0
171832, 414736, 1, 0, 0
171904, 7922372, 0, 0, 0
171919, 409358, 1, 0, 0
172000, 7877593, 0, 0, 0
172032, 395283, 1, 0, 0
172104, 7932673, 0, 0, 0
172113, 397710, 1, 0, 0
172200, 392415, 1, 0, 0
172208, 7763790, 0, 0, 0
172303, 7878321, 0, 0, 0
172391, 398207, 1, 0, 0
172400, 7957748, 0, 0, 0
172431, 391541, 1, 0, 0
172502, 7818810, 0, 0, 0
172528, 407717, 1, 0, 0
172600, 8009943, 0, 0, 0
172622, 396664, 1, 0, 0
172702, 7865191, 0, 0, 0
172703, 424619, 1, 0, 0
172808, 7956843, 0, 0, 0
172822, 367266, 1, 0, 0
172902, 7786163, 0, 0, 0
172919, 393002, 1, 0, 0
173007, 7879242, 0, 0, 0
173007, 384161, 1, 0, 0
173102, 7775088, 0, 0, 0
173111, 381081, 1, 0, 0
173205, 7778124, 0, 0, 0
173213, 387937, 1, 0, 0
173301, 7934390, 0, 0, 0
173334, 385083, 1, 0, 0
173405, 7928780, 0, 0, 0
173470, 392823, 1, 0, 0
173501, 7907201, 0, 0, 0
173534, 395241, 1, 0, 0
173605, 7928282, 0, 0, 0
173614, 384923, 1, 0, 0
173701, 7781291, 0, 0, 0
173725, 384137, 1, 0, 0
173806, 7923625, 0, 0, 0
173806, 387181, 1, 0, 0
173901, 7852555, 0, 0, 0
173901, 387095, 1, 0, 0
174004, 7901238, 0, 0, 0
174100, 8005900, 0, 0, 0
174118, 392462, 1, 0, 0
174204, 7899328, 0, 0, 0
174204, 390705, 1, 0, 0
174301, 7853087, 0, 0, 0
174398, 380921, 1, 0, 0
174405, 7989955, 0, 0, 0
174484, 384412, 1, 0, 0
174500, 7782112, 0, 0, 0
174556, 382198, 1, 0, 0
174604, 7969964, 0, 0, 0
174644, 389551, 1, 0, 0
174701, 7974160, 0, 0, 0
174707, 379512, 1, 0, 0
174804, 7701400, 0, 0, 0
174805, 382869, 1, 0, 0
174907, 7817067, 0, 0, 0
175005, 8205992, 0, 0, 0
175006, 395054, 1, 0, 0
175100, 7820823, 0, 0, 0
175155, 384859, 1, 0, 0
175204, 7965154, 0, 0, 0
175219, 383899, 1, 0, 0
175307, 7901651, 0, 0, 0
175355, 391954, 1, 0, 0
175403, 7868421, 0, 0, 0
175419, 389335, 1, 0, 0
175507, 7877901, 0, 0, 0
175507, 389679, 1, 0, 0
175603, 7857260, 0, 0, 0
175643, 383275, 1, 0, 0
175705, 7752024, 0, 0, 0
175715, 386502, 1, 0, 0
175801, 7928211, 0, 0, 0
175834, 386855, 1, 0, 0
175906, 7921421, 0, 0, 0
175913, 384645, 1, 0, 0
176002, 7875570, 0, 0, 0
176002, 385467, 1, 0, 0
176100, 532663, 0, 0, 0
177830, 383421, 1, 0, 0
177844, 14231041, 0, 0, 0
177901, 7889971, 0, 0, 0
177917, 401443, 1, 0, 0
178005, 7857258, 0, 0, 0
178060, 403501, 1, 0, 0
178107, 7835365, 0, 0, 0
178122, 416441, 1, 0, 0
178203, 7923650, 0, 0, 0
178213, 414224, 1, 0, 0
178307, 7889363, 0, 0, 0
178323, 407980, 1, 0, 0
178402, 7669899, 0, 0, 0
178412, 391823, 1, 0, 0
178508, 8120581, 0, 0, 0
178516, 401037, 1, 0, 0
178604, 7871712, 0, 0, 0
178628, 403103, 1, 0, 0
178706, 7787840, 0, 0, 0
178715, 386965, 1, 0, 0
178803, 7981825, 0, 0, 0
178827, 389697, 1, 0, 0
178906, 7778442, 0, 0, 0
178906, 392015, 1, 0, 0
179001, 7679293, 0, 0, 0
179081, 386378, 1, 0, 0
179103, 7745599, 0, 0, 0
179151, 380104, 1, 0, 0
179530, 10243582, 0, 0, 0
179539, 398250, 1, 0, 0
179601, 7813897, 0, 0, 0
179642, 399565, 1, 0, 0
179705, 7872233, 0, 0, 0
179705, 397849, 1, 0, 0
179801, 2135783, 0, 0, 0
179818, 373511, 1, 0, 0
179904, 7890085, 0, 0, 0
180000, 7961584, 0, 0, 0
