101, 32758037, 1, 0, 0
122, 18950506, 0, 0, 0
390, 108441250, 1, 0, 0
480, 35182889, 0, 0, 0
595, 115227349, 0, 0, 0
829, 233855836, 0, 0, 0
1592, 763409800, 1, 0, 0
1807, 215094741, 0, 0, 0
2167, 179915470, 0, 0, 0
2559, 195858599, 0, 0, 0
2942, 383075772, 1, 0, 0
3052, 109529940, 0, 0, 0
3373, 321760812, 0, 0, 0
3611, 237293908, 0, 0, 0
3853, 121060013, 0, 0, 0
4216, 363368081, 0, 0, 0
4900, 683227646, 1, 0, 0
5032, 132665491, 0, 0, 0
5314, 282021168, 0, 0, 0
5482, 167510546, 0, 0, 0
5553, 35759495, 0, 0, 0
5757, 203689601, 0, 0, 0
6451, 694134447, 1, 0, 0
6629, 178179896, 0, 0, 0
6979, 349454418, 0, 0, 0
7171, 192138315, 0, 0, 0
7202, 30534293, 0, 0, 0
8066, 864818951, 1, 0, 0
8086, 19589469, 0, 0, 0
9080, 993968902, 1, 0, 0
9338, 257743278, 0, 0, 0
9595, 257258388, 0, 0, 0
10094, 498879700, 1, 0, 0
10104, 10178513, 0, 0, 0
10472, 184088950, 0, 0, 0
10621, 148527978, 0, 0, 0
10747, 62946651, 0, 0, 0
11373, 626389334, 1, 0, 0
11406, 10324378, 0, 0, 0
12216, 416192881, 1, 0, 0
12500, 284325304, 0, 0, 0
13141, 640556581, 1, 0, 0
13155, 13945578, 0, 0, 0
13365, 210074577, 0, 0, 0
13799, 434362287, 0, 0, 0
14396, 596522746, 1, 0, 0
14403, 7554647, 0, 0, 0
14512, 108406754, 0, 0, 0
14789, 277731912, 0, 0, 0
14832, 42074538, 0, 0, 0
14919, 87855665, 1, 0, 0
14934, 14613406, 0, 0, 0
15570, 635635506, 0, 0, 0
15979, 409365844, 0, 0, 0
16264, 285001216, 0, 0, 0
16377, 90921203, 1, 0, 0
16417, 20673631, 0, 0, 0
16640, 223190890, 0, 0, 0
16702, 30731161, 0, 0, 0
16773, 71345954, 1, 0, 0
17078, 152489317, 0, 0, 0
17313, 234819270, 0, 0, 0
17530, 217354818, 0, 0, 0
17723, 192924743, 0, 0, 0
18546, 823049636, 1, 0, 0
18546, 97833, 0, 0, 0
18600, 11229199, 0, 0, 0
18751, 150995453, 0, 0, 0
18830, 54916270, 1, 0, 0
18868, 38350121, 0, 0, 0
18939, 70528879, 1, 0, 0
19110, 171467876, 0, 0, 0
19825, 715185755, 1, 0, 0
19856, 30159822, 0, 0, 0
19947, 91603228, 0, 0, 0
20869, 921327007, 1, 0, 0
21116, 247005315, 0, 0, 0
21620, 503990505, 0, 0, 0
22045, 425366666, 0, 0, 0
22199, 153829672, 0, 0, 0
22511, 312415655, 0, 0, 0
23021, 510075935, 0, 0, 0
23460, 438464889, 0, 0, 0
23572, 111917357, 1, 0, 0
23585, 13709064, 0, 0, 0
24257, 671740163, 0, 0, 0
24466, 104337176, 0, 0, 0
25225, 759199449, 0, 0, 0
26032, 807407293, 0, 0, 0
26470, 437213281, 0, 0, 0
26780, 309923261, 1, 0, 0
26864, 83951966, 0, 0, 0
27072, 208784026, 0, 0, 0
27598, 525938575, 1, 0, 0
27635, 36868442, 1, 0, 0
27657, 38916, 0, 0, 0
27712, 25565620, 1, 0, 0
27750, 6158182, 0, 0, 0
28355, 604900510, 0, 0, 0
28730, 375253082, 0, 0, 0
28844, 114436575, 0, 0, 0
29051, 206234006, 0, 0, 0
29091, 32870912, 1, 0, 0
29117, 25896662, 0, 0, 0
29582, 464814471, 1, 0, 0
29592, 10359116, 0, 0, 0
29620, 28132660, 0, 0, 0
30027, 406704956, 1, 0, 0
30198, 170441871, 0, 0, 0
30750, 552277419, 1, 0, 0
30919, 168752355, 0, 0, 0
31417, 498351496, 0, 0, 0
32089, 335973672, 0, 0, 0
32890, 800943596, 0, 0, 0
33027, 137186090, 0, 0, 0
33281, 253931108, 0, 0, 0
33334, 26685916, 0, 0, 0
33764, 429439073, 0, 0, 0
34085, 320734103, 0, 0, 0
34480, 395456782, 0, 0, 0
34533, 26684843, 0, 0, 0
34665, 65522798, 0, 0, 0
35322, 657690964, 1, 0, 0
35353, 30627838, 0, 0, 0
35883, 265251502, 0, 0, 0
35900, 8324667, 0, 0, 0
36149, 82932513, 0, 0, 0
36792, 642716138, 1, 0, 0
36842, 25335189, 0, 0, 0
37134, 291751067, 0, 0, 0
37255, 40383808, 0, 0, 0
37313, 57383899, 1, 0, 0
37337, 24826903, 0, 0, 0
37787, 449649246, 0, 0, 0
37802, 14575329, 0, 0, 0
37931, 64896445, 0, 0, 0
38111, 89950422, 0, 0, 0
38347, 236048938, 0, 0, 0
38615, 267980430, 0, 0, 0
38857, 120575325, 0, 0, 0
39406, 183258490, 0, 0, 0
39693, 47676311, 0, 0, 0
39884, 191193165, 0, 0, 0
40203, 159526356, 0, 0, 0
40491, 144294079, 0, 0, 0
40813, 321778119, 0, 0, 0
41208, 394623829, 0, 0, 0
41552, 343846050, 0, 0, 0
41827, 275103628, 1, 0, 0
42024, 98476773, 0, 0, 0
42314, 290088428, 0, 0, 0
42422, 107757273, 0, 0, 0
42795, 373684481, 0, 0, 0
43534, 738830184, 0, 0, 0
43844, 310253168, 0, 0, 0
44224, 379349048, 0, 0, 0
44786, 561799850, 0, 0, 0
44857, 71868855, 1, 0, 0
44925, 67023902, 0, 0, 0
45357, 431992440, 0, 0, 0
45589, 116456306, 0, 0, 0
45731, 141887987, 0, 0, 0
46068, 336334807, 0, 0, 0
46224, 156464331, 0, 0, 0
46485, 260736535, 0, 0, 0
46640, 77499620, 0, 0, 0
47314, 673978396, 1, 0, 0
47390, 75629265, 0, 0, 0
47573, 183380405, 0, 0, 0
47820, 247342138, 0, 0, 0
48416, 595181379, 1, 0, 0
48501, 85143136, 1, 0, 0
48665, 164500550, 0, 0, 0
48931, 266095699, 0, 0, 0
49089, 157978426, 0, 0, 0
49120, 15415074, 0, 0, 0
49960, 839533409, 1, 0, 0
50023, 33769641, 0, 0, 0
50223, 200018577, 0, 0, 0
50589, 197604595, 1, 0, 0
50736, 146813641, 0, 0, 0
50978, 242194024, 0, 0, 0
51096, 117726430, 1, 0, 0
51143, 47835705, 1, 0, 0
51150, 6833125, 0, 0, 0
51465, 314509978, 0, 0, 0
51699, 233705344, 0, 0, 0
52050, 351885315, 0, 0, 0
52318, 267112681, 0, 0, 0
52951, 633847691, 0, 0, 0
53174, 111117811, 0, 0, 0
53273, 99436988, 0, 0, 0
53610, 336473949, 0, 0, 0
53807, 197454087, 0, 0, 0
54181, 124663652, 0, 0, 0
54380, 198621730, 1, 0, 0
54467, 87445572, 1, 0, 0
54474, 6942483, 0, 0, 0
54686, 211843563, 0, 0, 0
55409, 723490269, 0, 0, 0
56021, 563398618, 1, 0, 0
56021, 24041409, 0, 0, 0
56213, 96202882, 0, 0, 0
56570, 356906155, 0, 0, 0
56773, 202474075, 1, 0, 0
56835, 61742084, 0, 0, 0
57129, 294767362, 0, 0, 0
57420, 290502738, 0, 0, 0
57651, 230612629, 0, 0, 0
57700, 49811045, 1, 0, 0
57723, 22691286, 0, 0, 0
58114, 390927944, 1, 0, 0
58201, 86992524, 1, 0, 0
58253, 21099564, 0, 0, 0
58418, 164882497, 0, 0, 0
58922, 503441211, 0, 0, 0
59206, 284396350, 0, 0, 0
59311, 105258382, 0, 0, 0
59586, 127334606, 1, 0, 0
59600, 21779931, 0, 0, 0
59824, 74427511, 0, 0, 0
60072, 248558605, 0, 0, 0
60814, 741891896, 0, 0, 0
61045, 115594480, 0, 0, 0
61759, 713399370, 1, 0, 0
61801, 42388972, 0, 0, 0
62119, 317993719, 0, 0, 0
62543, 424412328, 1, 0, 0
62639, 95436154, 1, 0, 0
62859, 219914415, 0, 0, 0
63276, 417029053, 0, 0, 0
63694, 417637678, 1, 0, 0
63744, 50186056, 1, 0, 0
63760, 16226544, 0, 0, 0
63954, 193981091, 0, 0, 0
64531, 576940432, 1, 0, 0
64567, 36334172, 0, 0, 0
64775, 207450511, 0, 0, 0
65049, 273868098, 0, 0, 0
65205, 155932355, 1, 0, 0
65205, 44022, 0, 0, 0
65319, 32796538, 0, 0, 0
65627, 129785937, 1, 0, 0
65639, 11947875, 0, 0, 0
65843, 194459380, 1, 0, 0
65876, 21525001, 0, 0, 0
66241, 364882959, 0, 0, 0
66319, 77694304, 1, 0, 0
66334, 15252832, 0, 0, 0
66868, 533271050, 0, 0, 0
67563, 695195938, 0, 0, 0
68069, 253007629, 0, 0, 0
68107, 38659580, 0, 0, 0
68203, 95772826, 0, 0, 0
68427, 223681502, 0, 0, 0
68795, 368270641, 0, 0, 0
69182, 386586042, 1, 0, 0
69231, 49039562, 1, 0, 0
69345, 56906008, 0, 0, 0
69738, 393622292, 0, 0, 0
69886, 147647742, 0, 0, 0
70117, 230662447, 0, 0, 0
70927, 809998340, 1, 0, 0
70970, 43542786, 0, 0, 0
71474, 503207218, 1, 0, 0
71478, 4756053, 0, 0, 0
71545, 66640451, 1, 0, 0
71553, 8027544, 0, 0, 0
71780, 226907835, 0, 0, 0
72409, 629112644, 1, 0, 0
72560, 150787414, 0, 0, 0
73252, 691658520, 1, 0, 0
73282, 30693559, 0, 0, 0
73452, 169363467, 0, 0, 0
73681, 114639108, 0, 0, 0
73816, 134810375, 0, 0, 0
74488, 671994401, 1, 0, 0
74576, 88507504, 1, 0, 0
74616, 39246546, 0, 0, 0
74957, 263070014, 1, 0, 0
75182, 139599463, 0, 0, 0
75793, 610926524, 0, 0, 0
76128, 335669714, 0, 0, 0
76211, 27478594, 0, 0, 0
76401, 189654904, 0, 0, 0
76510, 66623839, 1, 0, 0
76705, 97776680, 0, 0, 0
77365, 659728065, 1, 0, 0
77506, 140529696, 0, 0, 0
77861, 354828998, 0, 0, 0
78019, 158109147, 0, 0, 0
78241, 73993050, 0, 0, 0
81577, 3336088517, 0, 0, 0
81640, 63414766, 0, 0, 0
81940, 299883914, 0, 0, 0
82089, 49711271, 0, 0, 0
82115, 25744774, 0, 0, 0
82313, 99008130, 0, 0, 0
83263, 949540141, 1, 0, 0
84083, 820771110, 1, 0, 0
84316, 232229962, 0, 0, 0
84549, 233526549, 0, 0, 0
85117, 567453877, 1, 0, 0
85138, 21420111, 0, 0, 0
85325, 186815087, 0, 0, 0
85661, 336435901, 0, 0, 0
85807, 145840794, 0, 0, 0
86081, 273371901, 0, 0, 0
86153, 71903136, 1, 0, 0
86362, 209523723, 0, 0, 0
86691, 328825827, 0, 0, 0
86843, 151591386, 0, 0, 0
86928, 69804481, 1, 0, 0
86963, 25366173, 0, 0, 0
87139, 176197761, 0, 0, 0
87367, 227740299, 0, 0, 0
88056, 688915041, 1, 0, 0
88115, 59431254, 1, 0, 0
88193, 24289904, 0, 0, 0
88349, 155698496, 0, 0, 0
88566, 217325746, 0, 0, 0
90739, 2173044354, 0, 0, 0
90909, 169614441, 0, 0, 0
91246, 337343096, 0, 0, 0
91448, 101085814, 0, 0, 0
91866, 417250950, 0, 0, 0
92301, 435510259, 0, 0, 0
92628, 163447747, 0, 0, 0
93175, 182159944, 0, 0, 0
93458, 283089868, 0, 0, 0
93701, 243774347, 0, 0, 0
94118, 234723316, 1, 0, 0
94170, 52327635, 0, 0, 0
94313, 142725144, 1, 0, 0
94503, 190000771, 0, 0, 0
95239, 736170775, 0, 0, 0
95380, 141103424, 0, 0, 0
95680, 300117620, 0, 0, 0
95738, 57699000, 0, 0, 0
95959, 220802067, 0, 0, 0
96509, 550228293, 0, 0, 0
96885, 376105839, 0, 0, 0
97155, 269703147, 0, 0, 0
97348, 192791576, 0, 0, 0
97370, 22027019, 1, 0, 0
97486, 58257460, 0, 0, 0
98140, 653531544, 1, 0, 0
98158, 18079422, 0, 0, 0
98456, 297951993, 1, 0, 0
98537, 81369414, 1, 0, 0
98602, 24711844, 0, 0, 0
98773, 170669987, 0, 0, 0
99049, 276460579, 0, 0, 0
99344, 147382194, 0, 0, 0
99818, 473708262, 0, 0, 0
100550, 386141602, 1, 0, 0
100816, 266512654, 0, 0, 0
101233, 416831426, 0, 0, 0
101840, 607021075, 1, 0, 0
101855, 14511544, 0, 0, 0
102387, 532126714, 0, 0, 0
102512, 125370785, 0, 0, 0
103290, 769298459, 1, 0, 0
103368, 78225939, 1, 0, 0
103492, 124094065, 1, 0, 0
103710, 112955964, 0, 0, 0
104156, 446353515, 0, 0, 0
104225, 68729632, 0, 0, 0
104500, 274568274, 0, 0, 0
104724, 112112934, 0, 0, 0
105500, 775895124, 1, 0, 0
105561, 25417800, 0, 0, 0
105725, 163257833, 0, 0, 0
106035, 155162631, 0, 0, 0
106364, 328604100, 0, 0, 0
106771, 407380018, 0, 0, 0
106846, 75201507, 0, 0, 0
107447, 318345692, 1, 0, 0
107447, 88441, 0, 0, 0
108036, 294293646, 0, 0, 0
108161, 68958676, 1, 0, 0
108201, 40234835, 1, 0, 0
108216, 23675409, 0, 0, 0
108772, 556017501, 0, 0, 0
109666, 447154869, 0, 0, 0
109935, 268353904, 0, 0, 0
110120, 185190415, 0, 0, 0
110284, 164346828, 0, 0, 0
110625, 341023026, 0, 0, 0
111209, 194582382, 0, 0, 0
112225, 1015727319, 0, 0, 0
112444, 218831525, 0, 0, 0
112674, 76924634, 0, 0, 0
113006, 331499700, 0, 0, 0
113151, 145013353, 0, 0, 0
113430, 139490254, 0, 0, 0
113690, 260111998, 0, 0, 0
114448, 758248887, 0, 0, 0
114745, 148523733, 0, 0, 0
114924, 178920533, 0, 0, 0
115607, 682535155, 1, 0, 0
115607, 86022, 0, 0, 0
115824, 216780703, 0, 0, 0
116196, 372482135, 0, 0, 0
116569, 372845531, 0, 0, 0
117014, 445267962, 0, 0, 0
117225, 210777887, 0, 0, 0
117516, 290862830, 0, 0, 0
117856, 170005562, 0, 0, 0
118131, 274703124, 0, 0, 0
118601, 469934451, 0, 0, 0
118831, 115021737, 0, 0, 0
119552, 721546582, 1, 0, 0
119563, 10829325, 0, 0, 0
120104, 540441797, 0, 0, 0
120425, 321121936, 0, 0, 0
120652, 227244240, 0, 0, 0
120824, 171569492, 0, 0, 0
120903, 79682409, 1, 0, 0
121117, 214113971, 0, 0, 0
121423, 305935658, 0, 0, 0
121676, 252563929, 0, 0, 0
121707, 31506808, 0, 0, 0
122200, 470422265, 1, 0, 0
122220, 14053034, 0, 0, 0
122568, 348028881, 1, 0, 0
122772, 203758944, 0, 0, 0
123108, 335772334, 0, 0, 0
123478, 370030313, 0, 0, 0
123718, 240462839, 0, 0, 0
123952, 233720801, 1, 0, 0
124228, 237347862, 0, 0, 0
124563, 334755300, 0, 0, 0
124823, 260736653, 0, 0, 0
125162, 338337767, 0, 0, 0
125266, 104190258, 0, 0, 0
125302, 18195280, 0, 0, 0
125854, 280844760, 1, 0, 0
125864, 19184720, 0, 0, 0
126158, 293997134, 1, 0, 0
126381, 223014842, 0, 0, 0
127007, 626393991, 0, 0, 0
127080, 72977435, 1, 0, 0
127254, 173234127, 0, 0, 0
128002, 748296146, 1, 0, 0
128029, 27337972, 0, 0, 0
128136, 107065878, 0, 0, 0
128680, 522714787, 1, 0, 0
128693, 17178221, 0, 0, 0
128786, 92423842, 1, 0, 0
128811, 25346966, 0, 0, 0
129253, 441733732, 1, 0, 0
129265, 12364400, 0, 0, 0
129927, 661553036, 1, 0, 0
130494, 566638814, 1, 0, 0
130539, 45141405, 0, 0, 0
130873, 334311400, 0, 0, 0
131248, 374576262, 0, 0, 0
131474, 113125932, 0, 0, 0
132122, 647724387, 1, 0, 0
132199, 9231798, 0, 0, 0
132718, 518598114, 0, 0, 0
132956, 118871429, 0, 0, 0
133185, 229060165, 0, 0, 0
133378, 130698597, 1, 0, 0
133399, 21510746, 0, 0, 0
133838, 438903563, 0, 0, 0
134112, 273824712, 0, 0, 0
134557, 444497101, 0, 0, 0
134725, 168354359, 0, 0, 0
135287, 280939572, 0, 0, 0
135815, 527756236, 1, 0, 0
136032, 216871650, 0, 0, 0
136705, 673176124, 1, 0, 0
136924, 186831197, 0, 0, 0
137492, 299926087, 1, 0, 0
137521, 29145733, 0, 0, 0
137661, 140598605, 0, 0, 0
137704, 21478509, 0, 0, 0
137920, 216069940, 0, 0, 0
138281, 360252901, 0, 0, 0
138858, 577050714, 1, 0, 0
138918, 60108385, 1, 0, 0
139010, 30738219, 1, 0, 0
139062, 52159995, 0, 0, 0
139496, 433667667, 0, 0, 0
139825, 164331611, 0, 0, 0
140123, 298354499, 0, 0, 0
140424, 150728334, 0, 0, 0
141349, 924943012, 0, 0, 0
141972, 622220420, 1, 0, 0
142186, 214286151, 0, 0, 0
142612, 426331999, 0, 0, 0
142908, 295827067, 0, 0, 0
143352, 443871878, 0, 0, 0
143547, 97504508, 0, 0, 0
143857, 310373166, 0, 0, 0
144037, 140883695, 1, 0, 0
144254, 127567451, 0, 0, 0
145545, 1291767275, 0, 0, 0
145695, 149804419, 0, 0, 0
146528, 832481879, 1, 0, 0
146946, 418206723, 0, 0, 0
147100, 77212931, 0, 0, 0
147894, 794006406, 1, 0, 0
147913, 18690024, 0, 0, 0
148105, 192392872, 0, 0, 0
148559, 454017048, 0, 0, 0
148674, 114139927, 0, 0, 0
148747, 36454817, 0, 0, 0
149201, 454598059, 0, 0, 0
150122, 921286935, 0, 0, 0
150298, 87692454, 0, 0, 0
150309, 11480436, 0, 0, 0
150464, 154599969, 1, 0, 0
150630, 166180495, 0, 0, 0
150934, 303421782, 0, 0, 0
151197, 263590949, 0, 0, 0
151277, 80008740, 0, 0, 0
151581, 303928532, 0, 0, 0
151662, 80460550, 0, 0, 0
152555, 893751198, 1, 0, 0
152614, 58731905, 1, 0, 0
152627, 13174777, 0, 0, 0
152800, 172492251, 0, 0, 0
153155, 355286841, 0, 0, 0
153650, 494794646, 0, 0, 0
153724, 36890786, 0, 0, 0
153920, 196656942, 0, 0, 0
154076, 134346059, 1, 0, 0
154123, 47151933, 1, 0, 0
154123, 5207510, 0, 0, 0
154392, 232362323, 0, 0, 0
154682, 290343888, 0, 0, 0
155043, 361160558, 0, 0, 0
155252, 209023651, 0, 0, 0
155894, 339313689, 1, 0, 0
155904, 9874984, 0, 0, 0
156261, 356785086, 1, 0, 0
156270, 9147192, 0, 0, 0
156351, 80897730, 0, 0, 0
156364, 12891843, 1, 0, 0
156424, 29949406, 1, 0, 0
156437, 12731553, 0, 0, 0
157030, 296671076, 0, 0, 0
157397, 367257561, 0, 0, 0
157742, 345055795, 0, 0, 0
157868, 125800209, 0, 0, 0
158092, 111722350, 0, 0, 0
158340, 248286819, 0, 0, 0
158722, 381750990, 0, 0, 0
159339, 617077291, 1, 0, 0
159350, 11423835, 0, 0, 0
159747, 396677365, 1, 0, 0
159763, 8038132, 0, 0, 0
159928, 165292892, 0, 0, 0
160173, 244508125, 0, 0, 0
160341, 167838489, 0, 0, 0
160558, 216801397, 0, 0, 0
161253, 695636781, 1, 0, 0
161341, 87915387, 0, 0, 0
161470, 128508922, 0, 0, 0
161574, 103803879, 1, 0, 0
161643, 69451267, 0, 0, 0
162300, 657256696, 1, 0, 0
162300, 84856, 0, 0, 0
162501, 100202418, 0, 0, 0
162887, 193082724, 0, 0, 0
162905, 17831082, 0, 0, 0
163125, 219815320, 0, 0, 0
163240, 57464135, 0, 0, 0
163362, 121938881, 1, 0, 0
163454, 92814390, 0, 0, 0
163580, 125255845, 0, 0, 0
163695, 115091957, 0, 0, 0
164030, 335083135, 0, 0, 0
164119, 44541175, 0, 0, 0
164574, 455303568, 0, 0, 0
164955, 380704674, 0, 0, 0
165167, 211685284, 1, 0, 0
165181, 13914145, 0, 0, 0
166260, 1079800800, 1, 0, 0
166461, 200376880, 0, 0, 0
166647, 186455791, 1, 0, 0
166660, 13144822, 0, 0, 0
166819, 79114282, 0, 0, 0
167620, 801704570, 1, 0, 0
167662, 65887, 0, 0, 0
168185, 261119090, 0, 0, 0
168431, 246193539, 0, 0, 0
168522, 66283441, 1, 0, 0
168606, 13702523, 0, 0, 0
168778, 172052667, 0, 0, 0
168973, 194214264, 0, 0, 0
169057, 83957757, 0, 0, 0
169622, 212002154, 1, 0, 0
169681, 13341196, 0, 0, 0
169931, 249856960, 0, 0, 0
170048, 81676073, 1, 0, 0
170107, 58669787, 0, 0, 0
170713, 606200441, 1, 0, 0
170713, 99630, 0, 0, 0
170884, 85517790, 0, 0, 0
171409, 524515018, 0, 0, 0
171539, 43527060, 0, 0, 0
171671, 131156745, 1, 0, 0
171870, 199085644, 0, 0, 0
172241, 370947487, 0, 0, 0
172838, 597275982, 0, 0, 0
173057, 109793674, 0, 0, 0
173129, 71091245, 0, 0, 0
173687, 111656611, 0, 0, 0
174022, 335242459, 0, 0, 0
174639, 308210078, 0, 0, 0
174992, 353112590, 0, 0, 0
175760, 768374465, 1, 0, 0
175770, 9477253, 0, 0, 0
175998, 228882013, 0, 0, 0
177002, 1003285317, 0, 0, 0
177072, 70459203, 1, 0, 0
177121, 48825270, 0, 0, 0
177285, 163733084, 0, 0, 0
177586, 301530142, 0, 0, 0
177975, 388899293, 1, 0, 0
178100, 124988756, 0, 0, 0
178430, 329801993, 0, 0, 0
178687, 256824553, 0, 0, 0
179242, 554919822, 0, 0, 0
179558, 315977598, 0, 0, 0
179903, 345576665, 1, 0, 0
179904, 51338, 0, 0, 0
180031, 127127419, 0, 0, 0
