122, 75540, 0, 0, 0
122, 16786, 1, 0, 0
222, 204800, 0, 0, 0
222, 71680, 1, 0, 0
322, 184320, 0, 0, 0
322, 51200, 1, 0, 0
422, 163840, 0, 0, 0
422, 51200, 1, 0, 0
522, 153600, 0, 0, 0
522, 61440, 1, 0, 0
622, 155151, 0, 0, 0
622, 41373, 1, 0, 0
722, 194560, 0, 0, 0
722, 51200, 1, 0, 0
822, 215040, 0, 0, 0
822, 112640, 1, 0, 0
922, 204800, 0, 0, 0
922, 20480, 1, 0, 0
1022, 184320, 0, 0, 0
1022, 10240, 1, 0, 0
1122, 153600, 0, 0, 0
1122, 10240, 1, 0, 0
1222, 174080, 0, 0, 0
1222, 10240, 1, 0, 0
1322, 204800, 0, 0, 0
1322, 81920, 1, 0, 0
1422, 225280, 0, 0, 0
1422, 81920, 1, 0, 0
1522, 184320, 0, 0, 0
1522, 61440, 1, 0, 0
1621, 186181, 0, 0, 0
1621, 72404, 1, 0, 0
1721, 143360, 0, 0, 0
1721, 71680, 1, 0, 0
1821, 61440, 0, 0, 0
1821, 40960, 1, 0, 0
1921, 184320, 0, 0, 0
1921, 20480, 1, 0, 0
2021, 194560, 0, 0, 0
2021, 81920, 1, 0, 0
2122, 174080, 0, 0, 0
2122, 20480, 1, 0, 0
2222, 143360, 0, 0, 0
2222, 51200, 1, 0, 0
2322, 163840, 0, 0, 0
2322, 51200, 1, 0, 0
2422, 184320, 0, 0, 0
2422, 51200, 1, 0, 0
2522, 194560, 0, 0, 0
2622, 174080, 0, 0, 0
2622, 20480, 1, 0, 0
2722, 163840, 0, 0, 0
2722, 51200, 1, 0, 0
2822, 143360, 0, 0, 0
2822, 71680, 1, 0, 0
2922, 143360, 0, 0, 0
2922, 51200, 1, 0, 0
3022, 174080, 0, 0, 0
3022, 92160, 1, 0, 0
3121, 196525, 0, 0, 0
3121, 41373, 1, 0, 0
3221, 184320, 0, 0, 0
3221, 30720, 1, 0, 0
3321, 163840, 0, 0, 0
3321, 81920, 1, 0, 0
3421, 153600, 0, 0, 0
3421, 20480, 1, 0, 0
3521, 133120, 0, 0, 0
3521, 40960, 1, 0, 0
3622, 163840, 0, 0, 0
3622, 51200, 1, 0, 0
3722, 143360, 0, 0, 0
3722, 71680, 1, 0, 0
3822, 204800, 0, 0, 0
3822, 30720, 1, 0, 0
3922, 174080, 0, 0, 0
3922, 92160, 1, 0, 0
4022, 194560, 0, 0, 0
4022, 81920, 1, 0, 0
4122, 184320, 0, 0, 0
4122, 30720, 1, 0, 0
4222, 163840, 0, 0, 0
4222, 30720, 1, 0, 0
4322, 143360, 0, 0, 0
4322, 40960, 1, 0, 0
4422, 194560, 0, 0, 0
4422, 20480, 1, 0, 0
4522, 194560, 0, 0, 0
4522, 51200, 1, 0, 0
4621, 186181, 0, 0, 0
4621, 62060, 1, 0, 0
4721, 163840, 0, 0, 0
4721, 20480, 1, 0, 0
4821, 153600, 0, 0, 0
4821, 40960, 1, 0, 0
4921, 163840, 0, 0, 0
4921, 10240, 1, 0, 0
5022, 194560, 0, 0, 0
5022, 92160, 1, 0, 0
5122, 184320, 0, 0, 0
5122, 30720, 1, 0, 0
5222, 102400, 0, 0, 0
5222, 30720, 1, 0, 0
5322, 215040, 0, 0, 0
5322, 61440, 1, 0, 0
5422, 71680, 0, 0, 0
5422, 20480, 1, 0, 0
5622, 10240, 0, 0, 0
5922, 133120, 0, 0, 0
5922, 20480, 1, 0, 0
6022, 143360, 0, 0, 0
6022, 20480, 1, 0, 0
6121, 165494, 0, 0, 0
6121, 51717, 1, 0, 0
6221, 163840, 0, 0, 0
6221, 30720, 1, 0, 0
6321, 143360, 0, 0, 0
6321, 20480, 1, 0, 0
6421, 204800, 0, 0, 0
6421, 20480, 1, 0, 0
6521, 245760, 0, 0, 0
6521, 61440, 1, 0, 0
6622, 2549760, 0, 0, 0
6622, 512000, 1, 0, 0
6722, 1392640, 0, 0, 0
6722, 409600, 1, 0, 0
6922, 215040, 0, 0, 0
6922, 30720, 1, 0, 0
7022, 266240, 0, 0, 0
7022, 71680, 1, 0, 0
7122, 245760, 0, 0, 0
7122, 92160, 1, 0, 0
7222, 256000, 0, 0, 0
7222, 51200, 1, 0, 0
7322, 143360, 0, 0, 0
7322, 51200, 1, 0, 0
7422, 30720, 0, 0, 0
7422, 20480, 1, 0, 0
7522, 40960, 0, 0, 0
7522, 10240, 1, 0, 0
7621, 268929, 0, 0, 0
7621, 72404, 1, 0, 0
7721, 235520, 0, 0, 0
7721, 81920, 1, 0, 0
7821, 194560, 0, 0, 0
8022, 51200, 0, 0, 0
8122, 153600, 0, 0, 0
8122, 71680, 1, 0, 0
8222, 256000, 0, 0, 0
8222, 30720, 1, 0, 0
8322, 71680, 0, 0, 0
8622, 20480, 0, 0, 0
8622, 30720, 1, 0, 0
8722, 143360, 0, 0, 0
8722, 61440, 1, 0, 0
8822, 215040, 0, 0, 0
8822, 81920, 1, 0, 0
10622, 10240, 0, 0, 0
10722, 256000, 0, 0, 0
10722, 20480, 1, 0, 0
10822, 235520, 0, 0, 0
10822, 40960, 1, 0, 0
10922, 204800, 0, 0, 0
10922, 30720, 1, 0, 0
11921, 143360, 0, 0, 0
11921, 10240, 1, 0, 0
12021, 204800, 0, 0, 0
12021, 51200, 1, 0, 0
12222, 174080, 0, 0, 0
12222, 92160, 1, 0, 0
12322, 174080, 0, 0, 0
12322, 30720, 1, 0, 0
13022, 174080, 0, 0, 0
13022, 112640, 1, 0, 0
13121, 175838, 0, 0, 0
13121, 20686, 1, 0, 0
13622, 20480, 0, 0, 0
13822, 122880, 0, 0, 0
13822, 20480, 1, 0, 0
13922, 235520, 0, 0, 0
13922, 40960, 1, 0, 0
14022, 235520, 0, 0, 0
14022, 92160, 1, 0, 0
14122, 235520, 0, 0, 0
14122, 30720, 1, 0, 0
14222, 256000, 0, 0, 0
14222, 61440, 1, 0, 0
14322, 245760, 0, 0, 0
14322, 51200, 1, 0, 0
14422, 143360, 0, 0, 0
14422, 40960, 1, 0, 0
15322, 122880, 0, 0, 0
15322, 30720, 1, 0, 0
15422, 225280, 0, 0, 0
15422, 81920, 1, 0, 0
16522, 122880, 0, 0, 0
16622, 153600, 0, 0, 0
16622, 40960, 1, 0, 0
16822, 92160, 0, 0, 0
16822, 20480, 1, 0, 0
16922, 245760, 0, 0, 0
16922, 61440, 1, 0, 0
17022, 245760, 0, 0, 0
17022, 61440, 1, 0, 0
17121, 268929, 0, 0, 0
17121, 82747, 1, 0, 0
17221, 266240, 0, 0, 0
17221, 40960, 1, 0, 0
17322, 225280, 0, 0, 0
17322, 92160, 1, 0, 0
18321, 122880, 0, 0, 0
18321, 81920, 1, 0, 0
18521, 215040, 0, 0, 0
18521, 51200, 1, 0, 0
18621, 143360, 0, 0, 0
18621, 20480, 1, 0, 0
18721, 133120, 0, 0, 0
18721, 40960, 1, 0, 0
18822, 235520, 0, 0, 0
18822, 51200, 1, 0, 0
18922, 235520, 0, 0, 0
18922, 71680, 1, 0, 0
19022, 163840, 0, 0, 0
19022, 30720, 1, 0, 0
19122, 1126400, 0, 0, 0
19122, 276480, 1, 0, 0
19222, 3491840, 0, 0, 0
19222, 849920, 1, 0, 0
19322, 92160, 0, 0, 0
19322, 30720, 1, 0, 0
19422, 174080, 0, 0, 0
19422, 81920, 1, 0, 0
19522, 153600, 0, 0, 0
19522, 61440, 1, 0, 0
19621, 103434, 0, 0, 0
19621, 20686, 1, 0, 0
19721, 184320, 0, 0, 0
19721, 102400, 1, 0, 0
19822, 184320, 0, 0, 0
19822, 30720, 1, 0, 0
19922, 194560, 0, 0, 0
19922, 30720, 1, 0, 0
20022, 163840, 0, 0, 0
20022, 40960, 1, 0, 0
20122, 153600, 0, 0, 0
20122, 40960, 1, 0, 0
20222, 163840, 0, 0, 0
20222, 20480, 1, 0, 0
20322, 194560, 0, 0, 0
20322, 102400, 1, 0, 0
20422, 194560, 0, 0, 0
20422, 20480, 1, 0, 0
20522, 163840, 0, 0, 0
20522, 10240, 1, 0, 0
20621, 124121, 0, 0, 0
20621, 41373, 1, 0, 0
20721, 184320, 0, 0, 0
20721, 61440, 1, 0, 0
20821, 174080, 0, 0, 0
20821, 40960, 1, 0, 0
20922, 194560, 0, 0, 0
20922, 20480, 1, 0, 0
21022, 184320, 0, 0, 0
21022, 40960, 1, 0, 0
21122, 143360, 0, 0, 0
21122, 40960, 1, 0, 0
21222, 153600, 0, 0, 0
21222, 40960, 1, 0, 0
21422, 215040, 0, 0, 0
21422, 71680, 1, 0, 0
21522, 163840, 0, 0, 0
21522, 51200, 1, 0, 0
21621, 10343, 0, 0, 0
21721, 215040, 0, 0, 0
21721, 61440, 1, 0, 0
21821, 245760, 0, 0, 0
21821, 92160, 1, 0, 0
21921, 245760, 0, 0, 0
21921, 20480, 1, 0, 0
22022, 266240, 0, 0, 0
22022, 61440, 1, 0, 0
22122, 184320, 0, 0, 0
22122, 61440, 1, 0, 0
22222, 245760, 0, 0, 0
22222, 174080, 1, 0, 0
22422, 30720, 0, 0, 0
22422, 10240, 1, 0, 0
22522, 276480, 0, 0, 0
22522, 122880, 1, 0, 0
22621, 186181, 0, 0, 0
22621, 93090, 1, 0, 0
22721, 276480, 0, 0, 0
22721, 30720, 1, 0, 0
22821, 133120, 0, 0, 0
22821, 51200, 1, 0, 0
22921, 51200, 0, 0, 0
23522, 10240, 0, 0, 0
23622, 40960, 0, 0, 0
23722, 163840, 0, 0, 0
23722, 112640, 1, 0, 0
23822, 225280, 0, 0, 0
23822, 71680, 1, 0, 0
23922, 102400, 0, 0, 0
28622, 20480, 0, 0, 0
28922, 112640, 0, 0, 0
28922, 30720, 1, 0, 0
29022, 245760, 0, 0, 0
29022, 71680, 1, 0, 0
29121, 237898, 0, 0, 0
29121, 51717, 1, 0, 0
29221, 215040, 0, 0, 0
29221, 71680, 1, 0, 0
29321, 256000, 0, 0, 0
29321, 81920, 1, 0, 0
29421, 184320, 0, 0, 0
29421, 40960, 1, 0, 0
29521, 225280, 0, 0, 0
29521, 51200, 1, 0, 0
33621, 10240, 0, 0, 0
33722, 10240, 0, 0, 0
33822, 40960, 0, 0, 0
33922, 245760, 0, 0, 0
33922, 40960, 1, 0, 0
34022, 256000, 0, 0, 0
34022, 122880, 1, 0, 0
34122, 2979840, 0, 0, 0
34122, 747520, 1, 0, 0
34222, 849920, 0, 0, 0
34222, 204800, 1, 0, 0
34322, 2252800, 0, 0, 0
34322, 675840, 1, 0, 0
34422, 276480, 0, 0, 0
34422, 81920, 1, 0, 0
34522, 184320, 0, 0, 0
34522, 71680, 1, 0, 0
34821, 174080, 0, 0, 0
34821, 40960, 1, 0, 0
34921, 174080, 0, 0, 0
34921, 20480, 1, 0, 0
35021, 153600, 0, 0, 0
35021, 20480, 1, 0, 0
35121, 225280, 0, 0, 0
35121, 61440, 1, 0, 0
35221, 286720, 0, 0, 0
35221, 30720, 1, 0, 0
35322, 184320, 0, 0, 0
35322, 20480, 1, 0, 0
35522, 20480, 0, 0, 0
35622, 40960, 0, 0, 0
35622, 10240, 1, 0, 0
35822, 81920, 0, 0, 0
35822, 20480, 1, 0, 0
35922, 245760, 0, 0, 0
35922, 30720, 1, 0, 0
36022, 215040, 0, 0, 0
36022, 10240, 1, 0, 0
36121, 217212, 0, 0, 0
36121, 51717, 1, 0, 0
36221, 245760, 0, 0, 0
36221, 30720, 1, 0, 0
36321, 256000, 0, 0, 0
36321, 51200, 1, 0, 0
36421, 225280, 0, 0, 0
36421, 61440, 1, 0, 0
36621, 215040, 0, 0, 0
36621, 40960, 1, 0, 0
36722, 20480, 0, 0, 0
36922, 184320, 0, 0, 0
36922, 61440, 1, 0, 0
37022, 266240, 0, 0, 0
37022, 71680, 1, 0, 0
37122, 204800, 0, 0, 0
37122, 30720, 1, 0, 0
37222, 81920, 0, 0, 0
37222, 20480, 1, 0, 0
37322, 20480, 0, 0, 0
37422, 174080, 0, 0, 0
37422, 20480, 1, 0, 0
37522, 112640, 0, 0, 0
37522, 40960, 1, 0, 0
37621, 217212, 0, 0, 0
37621, 41373, 1, 0, 0
37721, 256000, 0, 0, 0
37721, 51200, 1, 0, 0
37821, 184320, 0, 0, 0
37821, 71680, 1, 0, 0
37921, 194560, 0, 0, 0
37921, 51200, 1, 0, 0
38021, 133120, 0, 0, 0
38021, 61440, 1, 0, 0
38121, 184320, 0, 0, 0
38121, 51200, 1, 0, 0
38221, 245760, 0, 0, 0
38221, 20480, 1, 0, 0
38321, 256000, 0, 0, 0
38321, 61440, 1, 0, 0
38421, 194560, 0, 0, 0
38421, 10240, 1, 0, 0
38522, 122880, 0, 0, 0
38522, 20480, 1, 0, 0
38622, 122880, 0, 0, 0
38622, 51200, 1, 0, 0
38722, 245760, 0, 0, 0
38722, 61440, 1, 0, 0
38822, 153600, 0, 0, 0
38822, 20480, 1, 0, 0
38922, 1669120, 0, 0, 0
38922, 573440, 1, 0, 0
39022, 890880, 0, 0, 0
39022, 235520, 1, 0, 0
39122, 20480, 0, 0, 0
39122, 10240, 1, 0, 0
39621, 268929, 0, 0, 0
39621, 72404, 1, 0, 0
39721, 81920, 0, 0, 0
39721, 20480, 1, 0, 0
39921, 102400, 0, 0, 0
39921, 10240, 1, 0, 0
40021, 1976320, 0, 0, 0
40021, 686080, 1, 0, 0
40121, 2037760, 0, 0, 0
40121, 532480, 1, 0, 0
40221, 10240, 0, 0, 0
40322, 102400, 0, 0, 0
40422, 71680, 0, 0, 0
40422, 10240, 1, 0, 0
40522, 112640, 0, 0, 0
40722, 122880, 0, 0, 0
40722, 61440, 1, 0, 0
40822, 245760, 0, 0, 0
40822, 61440, 1, 0, 0
40922, 225280, 0, 0, 0
40922, 51200, 1, 0, 0
41022, 215040, 0, 0, 0
41022, 71680, 1, 0, 0
41121, 93090, 0, 0, 0
41121, 20686, 1, 0, 0
41221, 163840, 0, 0, 0
41321, 163840, 0, 0, 0
41321, 10240, 1, 0, 0
41421, 184320, 0, 0, 0
41421, 10240, 1, 0, 0
41521, 184320, 0, 0, 0
41521, 30720, 1, 0, 0
41621, 143360, 0, 0, 0
41621, 61440, 1, 0, 0
41721, 153600, 0, 0, 0
41721, 20480, 1, 0, 0
41821, 143360, 0, 0, 0
41821, 30720, 1, 0, 0
41921, 153600, 0, 0, 0
41921, 81920, 1, 0, 0
42021, 194560, 0, 0, 0
42021, 71680, 1, 0, 0
42122, 112640, 0, 0, 0
42122, 20480, 1, 0, 0
42222, 143360, 0, 0, 0
42222, 10240, 1, 0, 0
42322, 143360, 0, 0, 0
42322, 30720, 1, 0, 0
42422, 184320, 0, 0, 0
42422, 40960, 1, 0, 0
42522, 225280, 0, 0, 0
42522, 81920, 1, 0, 0
42622, 102400, 0, 0, 0
42622, 20480, 1, 0, 0
42722, 61440, 0, 0, 0
42722, 20480, 1, 0, 0
42822, 81920, 0, 0, 0
42822, 61440, 1, 0, 0
42922, 81920, 0, 0, 0
42922, 81920, 1, 0, 0
43022, 184320, 0, 0, 0
43022, 81920, 1, 0, 0
43121, 62060, 0, 0, 0
43121, 10343, 1, 0, 0
43221, 174080, 0, 0, 0
43221, 20480, 1, 0, 0
43321, 194560, 0, 0, 0
43321, 92160, 1, 0, 0
43421, 81920, 0, 0, 0
43521, 153600, 0, 0, 0
43521, 10240, 1, 0, 0
43621, 10240, 0, 0, 0
43721, 40960, 0, 0, 0
43821, 133120, 0, 0, 0
43821, 10240, 1, 0, 0
43922, 256000, 0, 0, 0
43922, 20480, 1, 0, 0
44022, 225280, 0, 0, 0
44022, 81920, 1, 0, 0
44222, 163840, 0, 0, 0
44222, 10240, 1, 0, 0
44322, 61440, 0, 0, 0
44322, 20480, 1, 0, 0
44422, 20480, 0, 0, 0
44422, 10240, 1, 0, 0
44522, 81920, 0, 0, 0
44522, 20480, 1, 0, 0
44722, 184320, 0, 0, 0
44722, 40960, 1, 0, 0
44822, 143360, 0, 0, 0
44822, 51200, 1, 0, 0
44922, 174080, 0, 0, 0
44922, 20480, 1, 0, 0
45022, 276480, 0, 0, 0
45022, 30720, 1, 0, 0
45121, 165494, 0, 0, 0
45121, 10343, 1, 0, 0
45421, 10240, 0, 0, 0
45521, 194560, 0, 0, 0
45521, 92160, 1, 0, 0
45621, 266240, 0, 0, 0
45621, 40960, 1, 0, 0
45721, 10240, 0, 0, 0
45821, 286720, 0, 0, 0
45821, 81920, 1, 0, 0
45922, 266240, 0, 0, 0
45922, 51200, 1, 0, 0
46022, 61440, 0, 0, 0
46022, 10240, 1, 0, 0
46322, 204800, 0, 0, 0
46322, 81920, 1, 0, 0
46422, 143360, 0, 0, 0
46422, 20480, 1, 0, 0
46722, 245760, 0, 0, 0
46722, 61440, 1, 0, 0
46822, 266240, 0, 0, 0
46822, 71680, 1, 0, 0
46922, 245760, 0, 0, 0
46922, 40960, 1, 0, 0
47022, 81920, 0, 0, 0
47022, 20480, 1, 0, 0
47221, 92160, 0, 0, 0
47221, 10240, 1, 0, 0
47321, 122880, 0, 0, 0
47321, 20480, 1, 0, 0
47421, 3481600, 0, 0, 0
47421, 880640, 1, 0, 0
47521, 1300480, 0, 0, 0
47521, 286720, 1, 0, 0
47621, 245760, 0, 0, 0
47621, 61440, 1, 0, 0
47722, 256000, 0, 0, 0
47722, 30720, 1, 0, 0
47822, 256000, 0, 0, 0
47822, 51200, 1, 0, 0
47922, 102400, 0, 0, 0
47922, 20480, 1, 0, 0
48322, 143360, 0, 0, 0
48322, 51200, 1, 0, 0
48422, 225280, 0, 0, 0
48422, 30720, 1, 0, 0
48522, 122880, 0, 0, 0
48522, 30720, 1, 0, 0
48621, 248242, 0, 0, 0
48621, 62060, 1, 0, 0
48721, 143360, 0, 0, 0
48721, 30720, 1, 0, 0
48821, 256000, 0, 0, 0
48821, 112640, 1, 0, 0
48921, 194560, 0, 0, 0
48921, 30720, 1, 0, 0
49021, 184320, 0, 0, 0
49021, 71680, 1, 0, 0
49121, 215040, 0, 0, 0
49121, 10240, 1, 0, 0
49222, 10240, 0, 0, 0
49222, 10240, 1, 0, 0
49322, 215040, 0, 0, 0
49322, 112640, 1, 0, 0
49422, 276480, 0, 0, 0
49422, 30720, 1, 0, 0
49522, 92160, 0, 0, 0
49522, 61440, 1, 0, 0
49622, 30720, 0, 0, 0
50022, 20480, 0, 0, 0
50121, 20686, 0, 0, 0
50121, 10343, 1, 0, 0
50321, 163840, 0, 0, 0
50321, 102400, 1, 0, 0
50421, 133120, 0, 0, 0
50421, 40960, 1, 0, 0
50521, 194560, 0, 0, 0
50521, 61440, 1, 0, 0
50622, 61440, 0, 0, 0
50722, 61440, 0, 0, 0
50722, 30720, 1, 0, 0
50822, 286720, 0, 0, 0
50822, 92160, 1, 0, 0
50922, 204800, 0, 0, 0
50922, 51200, 1, 0, 0
51022, 174080, 0, 0, 0
51022, 30720, 1, 0, 0
51122, 174080, 0, 0, 0
51122, 20480, 1, 0, 0
51222, 143360, 0, 0, 0
51222, 20480, 1, 0, 0
51322, 143360, 0, 0, 0
51322, 20480, 1, 0, 0
51422, 163840, 0, 0, 0
51422, 10240, 1, 0, 0
51522, 81920, 0, 0, 0
51522, 10240, 1, 0, 0
51621, 103434, 0, 0, 0
51621, 20686, 1, 0, 0
51721, 184320, 0, 0, 0
51721, 40960, 1, 0, 0
51821, 163840, 0, 0, 0
51821, 20480, 1, 0, 0
51921, 143360, 0, 0, 0
52021, 81920, 0, 0, 0
52021, 30720, 1, 0, 0
52121, 215040, 0, 0, 0
52121, 20480, 1, 0, 0
52221, 194560, 0, 0, 0
52221, 20480, 1, 0, 0
52322, 184320, 0, 0, 0
52322, 10240, 1, 0, 0
52422, 102400, 0, 0, 0
52422, 20480, 1, 0, 0
52522, 184320, 0, 0, 0
52522, 30720, 1, 0, 0
52622, 194560, 0, 0, 0
52622, 51200, 1, 0, 0
52722, 174080, 0, 0, 0
52722, 71680, 1, 0, 0
52822, 143360, 0, 0, 0
52822, 30720, 1, 0, 0
52922, 184320, 0, 0, 0
52922, 30720, 1, 0, 0
53022, 194560, 0, 0, 0
53022, 10240, 1, 0, 0
53121, 258585, 0, 0, 0
53121, 72404, 1, 0, 0
53221, 184320, 0, 0, 0
53221, 20480, 1, 0, 0
53321, 163840, 0, 0, 0
53321, 40960, 1, 0, 0
53421, 204800, 0, 0, 0
53421, 61440, 1, 0, 0
53821, 184320, 0, 0, 0
53821, 51200, 1, 0, 0
53922, 204800, 0, 0, 0
53922, 40960, 1, 0, 0
54022, 204800, 0, 0, 0
54022, 61440, 1, 0, 0
54122, 2877440, 0, 0, 0
54122, 645120, 1, 0, 0
54222, 1566720, 0, 0, 0
54222, 460800, 1, 0, 0
54322, 133120, 0, 0, 0
54422, 276480, 0, 0, 0
54422, 30720, 1, 0, 0
54522, 276480, 0, 0, 0
54522, 81920, 1, 0, 0
54621, 93090, 0, 0, 0
54621, 62060, 1, 0, 0
54721, 10240, 1, 0, 0
55121, 204800, 0, 0, 0
55121, 30720, 1, 0, 0
55221, 143360, 0, 0, 0
55221, 71680, 1, 0, 0
55321, 10240, 0, 0, 0
55422, 122880, 0, 0, 0
55422, 40960, 1, 0, 0
55522, 256000, 0, 0, 0
55522, 10240, 1, 0, 0
55622, 276480, 0, 0, 0
55622, 133120, 1, 0, 0
55722, 256000, 0, 0, 0
55722, 61440, 1, 0, 0
55822, 204800, 0, 0, 0
55822, 10240, 1, 0, 0
55922, 256000, 0, 0, 0
55922, 71680, 1, 0, 0
56022, 235520, 0, 0, 0
56022, 51200, 1, 0, 0
56122, 215040, 0, 0, 0
56122, 51200, 1, 0, 0
56322, 61440, 0, 0, 0
56322, 30720, 1, 0, 0
56422, 20480, 0, 0, 0
56422, 10240, 1, 0, 0
56621, 186181, 0, 0, 0
56621, 62060, 1, 0, 0
56721, 81920, 0, 0, 0
56821, 174080, 0, 0, 0
56821, 20480, 1, 0, 0
56922, 194560, 0, 0, 0
56922, 61440, 1, 0, 0
57022, 184320, 0, 0, 0
57022, 61440, 1, 0, 0
57122, 184320, 0, 0, 0
57122, 92160, 1, 0, 0
57222, 143360, 0, 0, 0
57222, 10240, 1, 0, 0
57322, 163840, 0, 0, 0
57322, 51200, 1, 0, 0
57422, 163840, 0, 0, 0
57422, 20480, 1, 0, 0
57522, 163840, 0, 0, 0
57522, 30720, 1, 0, 0
57621, 186181, 0, 0, 0
57621, 31030, 1, 0, 0
57721, 184320, 0, 0, 0
57721, 40960, 1, 0, 0
57821, 204800, 0, 0, 0
57821, 51200, 1, 0, 0
57921, 184320, 0, 0, 0
57921, 51200, 1, 0, 0
58021, 184320, 0, 0, 0
58021, 61440, 1, 0, 0
58121, 61440, 0, 0, 0
58121, 51200, 1, 0, 0
58222, 204800, 0, 0, 0
58222, 10240, 1, 0, 0
58322, 153600, 0, 0, 0
58322, 40960, 1, 0, 0
58422, 153600, 0, 0, 0
58422, 30720, 1, 0, 0
58522, 61440, 0, 0, 0
58522, 10240, 1, 0, 0
58622, 184320, 0, 0, 0
58622, 71680, 1, 0, 0
58722, 215040, 0, 0, 0
58722, 51200, 1, 0, 0
58822, 153600, 0, 0, 0
58922, 245760, 0, 0, 0
58922, 71680, 1, 0, 0
59022, 245760, 0, 0, 0
59022, 61440, 1, 0, 0
59121, 103434, 0, 0, 0
59121, 41373, 1, 0, 0
59221, 245760, 0, 0, 0
59221, 61440, 1, 0, 0
59321, 163840, 0, 0, 0
59321, 30720, 1, 0, 0
59422, 1699840, 0, 0, 0
59422, 471040, 1, 0, 0
59522, 522240, 0, 0, 0
59522, 174080, 1, 0, 0
59922, 81920, 0, 0, 0
59922, 20480, 1, 0, 0
60022, 880640, 0, 0, 0
60022, 225280, 1, 0, 0
60121, 3113373, 0, 0, 0
60121, 775757, 1, 0, 0
60521, 61440, 0, 0, 0
60521, 30720, 1, 0, 0
60621, 225280, 0, 0, 0
60621, 61440, 1, 0, 0
60721, 122880, 0, 0, 0
60721, 30720, 1, 0, 0
60822, 266240, 0, 0, 0
60822, 92160, 1, 0, 0
60922, 256000, 0, 0, 0
60922, 51200, 1, 0, 0
61022, 256000, 0, 0, 0
61022, 81920, 1, 0, 0
61122, 133120, 0, 0, 0
61122, 20480, 1, 0, 0
61322, 30720, 0, 0, 0
61322, 10240, 1, 0, 0
61422, 256000, 0, 0, 0
61422, 40960, 1, 0, 0
61522, 256000, 0, 0, 0
61522, 51200, 1, 0, 0
61621, 248242, 0, 0, 0
61621, 72404, 1, 0, 0
61721, 266240, 0, 0, 0
61721, 51200, 1, 0, 0
61821, 204800, 0, 0, 0
61821, 61440, 1, 0, 0
61922, 245760, 0, 0, 0
61922, 30720, 1, 0, 0
62022, 266240, 0, 0, 0
62022, 92160, 1, 0, 0
62122, 235520, 0, 0, 0
62122, 81920, 1, 0, 0
62222, 235520, 0, 0, 0
62222, 51200, 1, 0, 0
62322, 266240, 0, 0, 0
62322, 92160, 1, 0, 0
62422, 245760, 0, 0, 0
62422, 61440, 1, 0, 0
62522, 256000, 0, 0, 0
62522, 92160, 1, 0, 0
62621, 258585, 0, 0, 0
62621, 41373, 1, 0, 0
62721, 266240, 0, 0, 0
62721, 61440, 1, 0, 0
62821, 225280, 0, 0, 0
62821, 61440, 1, 0, 0
63522, 163840, 0, 0, 0
63522, 30720, 1, 0, 0
63622, 184320, 0, 0, 0
63622, 30720, 1, 0, 0
63822, 20480, 0, 0, 0
64022, 143360, 0, 0, 0
64022, 30720, 1, 0, 0
64121, 206868, 0, 0, 0
64121, 41373, 1, 0, 0
64221, 122880, 0, 0, 0
64321, 266240, 0, 0, 0
64321, 133120, 1, 0, 0
64422, 10240, 0, 0, 0
65122, 235520, 0, 0, 0
65122, 40960, 1, 0, 0
65322, 174080, 0, 0, 0
65322, 51200, 1, 0, 0
65422, 184320, 0, 0, 0
65422, 51200, 1, 0, 0
65522, 286720, 0, 0, 0
65522, 92160, 1, 0, 0
65621, 248242, 0, 0, 0
65621, 82747, 1, 0, 0
65721, 204800, 0, 0, 0
65721, 112640, 1, 0, 0
65821, 204800, 0, 0, 0
65821, 51200, 1, 0, 0
66021, 51200, 0, 0, 0
66021, 10240, 1, 0, 0
66122, 276480, 0, 0, 0
66122, 92160, 1, 0, 0
66222, 276480, 0, 0, 0
66222, 30720, 1, 0, 0
66322, 92160, 0, 0, 0
66322, 20480, 1, 0, 0
66722, 71680, 0, 0, 0
66722, 10240, 1, 0, 0
66822, 276480, 0, 0, 0
66822, 10240, 1, 0, 0
67121, 144808, 0, 0, 0
67121, 31030, 1, 0, 0
67221, 245760, 0, 0, 0
67221, 51200, 1, 0, 0
67321, 266240, 0, 0, 0
67321, 92160, 1, 0, 0
67421, 3819520, 0, 0, 0
67421, 870400, 1, 0, 0
67521, 768000, 0, 0, 0
67521, 235520, 1, 0, 0
67621, 30720, 0, 0, 0
67621, 20480, 1, 0, 0
67721, 174080, 0, 0, 0
67721, 61440, 1, 0, 0
67821, 184320, 0, 0, 0
67821, 71680, 1, 0, 0
67922, 184320, 0, 0, 0
67922, 20480, 1, 0, 0
68022, 133120, 0, 0, 0
68122, 235520, 0, 0, 0
68122, 81920, 1, 0, 0
68222, 245760, 0, 0, 0
68222, 51200, 1, 0, 0
68322, 256000, 0, 0, 0
68322, 61440, 1, 0, 0
68422, 256000, 0, 0, 0
68422, 81920, 1, 0, 0
68522, 245760, 0, 0, 0
68522, 51200, 1, 0, 0
68621, 248242, 0, 0, 0
68621, 41373, 1, 0, 0
68721, 194560, 0, 0, 0
68721, 51200, 1, 0, 0
68821, 153600, 0, 0, 0
68821, 40960, 1, 0, 0
68921, 204800, 0, 0, 0
68921, 20480, 1, 0, 0
69021, 153600, 0, 0, 0
69021, 10240, 1, 0, 0
69122, 92160, 0, 0, 0
69122, 10240, 1, 0, 0
69222, 266240, 0, 0, 0
69222, 81920, 1, 0, 0
69322, 204800, 0, 0, 0
69322, 71680, 1, 0, 0
69422, 286720, 0, 0, 0
69422, 81920, 1, 0, 0
69522, 81920, 0, 0, 0
69522, 61440, 1, 0, 0
69722, 30720, 0, 0, 0
69822, 276480, 0, 0, 0
69822, 30720, 1, 0, 0
69922, 225280, 0, 0, 0
69922, 61440, 1, 0, 0
70022, 215040, 0, 0, 0
70022, 51200, 1, 0, 0
70121, 279272, 0, 0, 0
70121, 51717, 1, 0, 0
70221, 245760, 0, 0, 0
70221, 81920, 1, 0, 0
70322, 256000, 0, 0, 0
70322, 51200, 1, 0, 0
70422, 276480, 0, 0, 0
70422, 71680, 1, 0, 0
70522, 122880, 0, 0, 0
70522, 51200, 1, 0, 0
70822, 143360, 0, 0, 0
70822, 30720, 1, 0, 0
70922, 204800, 0, 0, 0
70922, 71680, 1, 0, 0
71221, 10240, 0, 0, 0
71521, 30720, 0, 0, 0
71622, 102400, 0, 0, 0
71622, 20480, 1, 0, 0
71722, 256000, 0, 0, 0
71722, 71680, 1, 0, 0
71822, 256000, 0, 0, 0
71822, 61440, 1, 0, 0
71922, 245760, 0, 0, 0
71922, 81920, 1, 0, 0
72022, 256000, 0, 0, 0
72022, 40960, 1, 0, 0
72121, 217212, 0, 0, 0
72121, 113777, 1, 0, 0
72221, 20480, 0, 0, 0
72321, 133120, 0, 0, 0
72321, 40960, 1, 0, 0
72421, 71680, 0, 0, 0
72421, 20480, 1, 0, 0
72521, 184320, 0, 0, 0
72521, 71680, 1, 0, 0
72621, 163840, 0, 0, 0
72621, 51200, 1, 0, 0
72721, 81920, 0, 0, 0
72821, 61440, 0, 0, 0
72922, 102400, 0, 0, 0
72922, 40960, 1, 0, 0
73022, 184320, 0, 0, 0
73022, 20480, 1, 0, 0
73122, 2600960, 0, 0, 0
73122, 747520, 1, 0, 0
73222, 30720, 0, 0, 0
73222, 30720, 1, 0, 0
73322, 2928640, 0, 0, 0
73322, 624640, 1, 0, 0
73422, 20480, 0, 0, 0
73522, 194560, 0, 0, 0
73522, 61440, 1, 0, 0
73621, 155151, 0, 0, 0
73621, 93090, 1, 0, 0
73821, 30720, 0, 0, 0
73821, 51200, 1, 0, 0
73921, 276480, 0, 0, 0
73921, 102400, 1, 0, 0
74021, 40960, 0, 0, 0
74222, 122880, 0, 0, 0
74222, 40960, 1, 0, 0
74322, 256000, 0, 0, 0
74322, 10240, 1, 0, 0
74422, 256000, 0, 0, 0
74422, 51200, 1, 0, 0
74522, 256000, 0, 0, 0
74522, 40960, 1, 0, 0
74622, 245760, 0, 0, 0
74622, 71680, 1, 0, 0
74722, 286720, 0, 0, 0
74722, 102400, 1, 0, 0
74822, 256000, 0, 0, 0
74822, 51200, 1, 0, 0
74922, 235520, 0, 0, 0
74922, 30720, 1, 0, 0
75022, 266240, 0, 0, 0
75022, 40960, 1, 0, 0
75121, 134464, 0, 0, 0
75121, 20686, 1, 0, 0
75221, 10240, 0, 0, 0
75422, 20480, 0, 0, 0
75622, 20480, 0, 0, 0
75722, 143360, 0, 0, 0
75722, 20480, 1, 0, 0
75822, 256000, 0, 0, 0
75822, 102400, 1, 0, 0
75922, 194560, 0, 0, 0
75922, 20480, 1, 0, 0
76022, 204800, 0, 0, 0
76022, 61440, 1, 0, 0
76121, 82747, 0, 0, 0
76121, 31030, 1, 0, 0
76221, 266240, 0, 0, 0
76221, 61440, 1, 0, 0
76321, 112640, 0, 0, 0
76321, 10240, 1, 0, 0
76421, 256000, 0, 0, 0
76421, 61440, 1, 0, 0
76521, 235520, 0, 0, 0
76521, 20480, 1, 0, 0
76622, 215040, 0, 0, 0
76622, 92160, 1, 0, 0
77222, 133120, 0, 0, 0
77222, 30720, 1, 0, 0
77322, 215040, 0, 0, 0
77322, 40960, 1, 0, 0
77522, 20480, 0, 0, 0
77621, 62060, 0, 0, 0
77721, 266240, 0, 0, 0
77721, 40960, 1, 0, 0
77821, 245760, 0, 0, 0
77821, 20480, 1, 0, 0
77922, 163840, 0, 0, 0
77922, 20480, 1, 0, 0
78022, 266240, 0, 0, 0
78022, 71680, 1, 0, 0
78122, 266240, 0, 0, 0
78122, 51200, 1, 0, 0
78222, 266240, 0, 0, 0
78222, 133120, 1, 0, 0
78322, 256000, 0, 0, 0
78322, 122880, 1, 0, 0
78422, 256000, 0, 0, 0
78422, 40960, 1, 0, 0
78522, 225280, 0, 0, 0
78522, 40960, 1, 0, 0
78621, 2161777, 0, 0, 0
78621, 413737, 1, 0, 0
78921, 10240, 0, 0, 0
79021, 10240, 0, 0, 0
79121, 256000, 0, 0, 0
79122, 71680, 1, 0, 0
79222, 266240, 0, 0, 0
79222, 81920, 1, 0, 0
79322, 3164160, 0, 0, 0
79322, 624640, 1, 0, 0
79422, 153600, 0, 0, 0
79422, 92160, 1, 0, 0
79522, 245760, 0, 0, 0
79522, 61440, 1, 0, 0
79622, 235520, 0, 0, 0
79622, 71680, 1, 0, 0
79722, 133120, 0, 0, 0
79822, 225280, 0, 0, 0
79822, 40960, 1, 0, 0
79922, 122880, 0, 0, 0
80022, 122880, 0, 0, 0
80022, 10240, 1, 0, 0
80121, 258585, 0, 0, 0
80121, 51717, 1, 0, 0
80221, 256000, 0, 0, 0
80221, 30720, 1, 0, 0
80321, 20480, 0, 0, 0
80422, 40960, 0, 0, 0
80522, 204800, 0, 0, 0
80522, 92160, 1, 0, 0
80622, 204800, 0, 0, 0
80622, 61440, 1, 0, 0
80822, 20480, 0, 0, 0
81121, 186181, 0, 0, 0
81121, 31030, 1, 0, 0
81221, 204800, 0, 0, 0
81221, 51200, 1, 0, 0
81321, 184320, 0, 0, 0
81321, 40960, 1, 0, 0
81421, 122880, 0, 0, 0
81521, 153600, 0, 0, 0
81521, 20480, 1, 0, 0
81622, 174080, 0, 0, 0
81622, 20480, 1, 0, 0
81722, 163840, 0, 0, 0
81722, 51200, 1, 0, 0
81822, 163840, 0, 0, 0
81822, 40960, 1, 0, 0
81922, 174080, 0, 0, 0
81922, 40960, 1, 0, 0
82022, 174080, 0, 0, 0
82022, 30720, 1, 0, 0
82122, 163840, 0, 0, 0
82122, 51200, 1, 0, 0
82222, 40960, 0, 0, 0
82222, 10240, 1, 0, 0
82322, 225280, 0, 0, 0
82322, 92160, 1, 0, 0
82422, 61440, 0, 0, 0
82522, 194560, 0, 0, 0
82522, 81920, 1, 0, 0
82621, 196525, 0, 0, 0
82621, 31030, 1, 0, 0
82721, 163840, 0, 0, 0
82721, 51200, 1, 0, 0
82821, 143360, 0, 0, 0
82821, 40960, 1, 0, 0
82922, 153600, 0, 0, 0
82922, 51200, 1, 0, 0
83022, 112640, 0, 0, 0
83022, 51200, 1, 0, 0
83122, 184320, 0, 0, 0
83122, 10240, 1, 0, 0
83222, 184320, 0, 0, 0
83222, 51200, 1, 0, 0
83322, 184320, 0, 0, 0
83322, 20480, 1, 0, 0
83422, 184320, 0, 0, 0
83422, 40960, 1, 0, 0
83522, 163840, 0, 0, 0
83522, 61440, 1, 0, 0
83621, 165494, 0, 0, 0
83621, 20686, 1, 0, 0
83721, 184320, 0, 0, 0
83721, 51200, 1, 0, 0
83821, 133120, 0, 0, 0
83821, 92160, 1, 0, 0
83921, 174080, 0, 0, 0
83921, 51200, 1, 0, 0
84022, 163840, 0, 0, 0
84022, 61440, 1, 0, 0
84122, 20480, 0, 0, 0
84122, 10240, 1, 0, 0
84222, 143360, 0, 0, 0
84322, 143360, 0, 0, 0
84322, 10240, 1, 0, 0
84522, 102400, 0, 0, 0
84522, 61440, 1, 0, 0
84622, 245760, 0, 0, 0
84622, 51200, 1, 0, 0
84722, 40960, 0, 0, 0
84722, 30720, 1, 0, 0
84822, 204800, 0, 0, 0
84822, 81920, 1, 0, 0
84922, 61440, 0, 0, 0
84922, 20480, 1, 0, 0
85522, 122880, 0, 0, 0
85522, 30720, 1, 0, 0
85622, 102400, 0, 0, 0
85622, 51200, 1, 0, 0
85722, 194560, 0, 0, 0
85722, 112640, 1, 0, 0
85822, 102400, 0, 0, 0
85822, 40960, 1, 0, 0
86022, 133120, 0, 0, 0
86022, 51200, 1, 0, 0
86121, 51717, 0, 0, 0
86221, 102400, 0, 0, 0
86321, 51200, 0, 0, 0
86321, 10240, 1, 0, 0
86521, 143360, 0, 0, 0
86521, 51200, 1, 0, 0
86621, 112640, 0, 0, 0
86621, 40960, 1, 0, 0
86721, 71680, 0, 0, 0
86821, 81920, 0, 0, 0
86821, 40960, 1, 0, 0
86922, 71680, 0, 0, 0
86922, 10240, 1, 0, 0
87022, 71680, 0, 0, 0
87122, 92160, 0, 0, 0
87122, 51200, 1, 0, 0
87222, 2385920, 0, 0, 0
87222, 593920, 1, 0, 0
87322, 2283520, 0, 0, 0
87322, 655360, 1, 0, 0
87422, 133120, 0, 0, 0
87422, 40960, 1, 0, 0
87522, 102400, 0, 0, 0
87621, 165494, 0, 0, 0
87621, 20686, 1, 0, 0
87721, 153600, 0, 0, 0
87721, 20480, 1, 0, 0
87821, 174080, 0, 0, 0
87821, 30720, 1, 0, 0
87921, 194560, 0, 0, 0
87921, 30720, 1, 0, 0
88022, 194560, 0, 0, 0
88022, 51200, 1, 0, 0
88122, 174080, 0, 0, 0
88122, 71680, 1, 0, 0
88222, 153600, 0, 0, 0
88222, 30720, 1, 0, 0
88322, 174080, 0, 0, 0
88322, 20480, 1, 0, 0
88422, 194560, 0, 0, 0
88422, 51200, 1, 0, 0
88522, 163840, 0, 0, 0
88522, 10240, 1, 0, 0
88621, 165494, 0, 0, 0
88721, 184320, 0, 0, 0
88721, 10240, 1, 0, 0
88821, 143360, 0, 0, 0
88821, 81920, 1, 0, 0
88921, 143360, 0, 0, 0
88921, 71680, 1, 0, 0
89021, 122880, 0, 0, 0
89021, 30720, 1, 0, 0
89122, 143360, 0, 0, 0
89122, 20480, 1, 0, 0
89222, 122880, 0, 0, 0
89222, 51200, 1, 0, 0
89322, 10240, 0, 0, 0
89422, 10240, 0, 0, 0
89522, 92160, 0, 0, 0
89522, 30720, 1, 0, 0
89722, 92160, 0, 0, 0
89822, 286720, 0, 0, 0
89822, 61440, 1, 0, 0
89922, 112640, 0, 0, 0
90022, 30720, 0, 0, 0
90022, 10240, 1, 0, 0
90121, 196525, 0, 0, 0
90121, 72404, 1, 0, 0
90221, 153600, 0, 0, 0
90221, 51200, 1, 0, 0
90522, 266240, 0, 0, 0
90522, 61440, 1, 0, 0
90622, 225280, 0, 0, 0
90622, 51200, 1, 0, 0
90722, 225280, 0, 0, 0
90722, 92160, 1, 0, 0
90822, 266240, 0, 0, 0
90822, 133120, 1, 0, 0
90922, 245760, 0, 0, 0
90922, 112640, 1, 0, 0
91022, 286720, 0, 0, 0
91022, 81920, 1, 0, 0
91121, 62060, 0, 0, 0
91121, 51717, 1, 0, 0
91221, 61440, 0, 0, 0
91221, 61440, 1, 0, 0
91321, 20480, 0, 0, 0
91722, 194560, 0, 0, 0
91722, 40960, 1, 0, 0
91822, 92160, 0, 0, 0
91822, 10240, 1, 0, 0
91922, 122880, 0, 0, 0
91922, 20480, 1, 0, 0
92022, 92160, 0, 0, 0
92022, 10240, 1, 0, 0
92122, 153600, 0, 0, 0
92122, 30720, 1, 0, 0
92222, 122880, 0, 0, 0
92222, 40960, 1, 0, 0
92322, 184320, 0, 0, 0
92322, 40960, 1, 0, 0
92422, 143360, 0, 0, 0
92422, 61440, 1, 0, 0
92522, 184320, 0, 0, 0
92522, 20480, 1, 0, 0
92621, 144808, 0, 0, 0
92621, 20686, 1, 0, 0
92721, 163840, 0, 0, 0
92721, 51200, 1, 0, 0
92821, 174080, 0, 0, 0
92821, 81920, 1, 0, 0
92922, 174080, 0, 0, 0
92922, 71680, 1, 0, 0
93022, 40960, 0, 0, 0
93122, 225280, 0, 0, 0
93122, 81920, 1, 0, 0
93222, 61440, 0, 0, 0
93222, 10240, 1, 0, 0
93322, 61440, 0, 0, 0
93322, 30720, 1, 0, 0
93422, 194560, 0, 0, 0
93422, 81920, 1, 0, 0
93522, 71680, 0, 0, 0
93522, 10240, 1, 0, 0
93622, 174080, 0, 0, 0
93622, 51200, 1, 0, 0
93722, 2764800, 0, 0, 0
93722, 727040, 1, 0, 0
93822, 2314240, 0, 0, 0
93822, 624640, 1, 0, 0
93922, 1024000, 0, 0, 0
93922, 399360, 1, 0, 0
94022, 20480, 0, 0, 0
94022, 20480, 1, 0, 0
94121, 10343, 0, 0, 0
94321, 92160, 0, 0, 0
94321, 10240, 1, 0, 0
94422, 235520, 0, 0, 0
94422, 30720, 1, 0, 0
94722, 153600, 0, 0, 0
94722, 40960, 1, 0, 0
94822, 225280, 0, 0, 0
94822, 71680, 1, 0, 0
94922, 266240, 0, 0, 0
94922, 81920, 1, 0, 0
95022, 225280, 0, 0, 0
95022, 40960, 1, 0, 0
95121, 289616, 0, 0, 0
95121, 82747, 1, 0, 0
95221, 174080, 0, 0, 0
95221, 61440, 1, 0, 0
95321, 10240, 0, 0, 0
95421, 225280, 0, 0, 0
95421, 51200, 1, 0, 0
95521, 122880, 0, 0, 0
95521, 40960, 1, 0, 0
95721, 102400, 0, 0, 0
95721, 10240, 1, 0, 0
95821, 245760, 0, 0, 0
95821, 20480, 1, 0, 0
95922, 194560, 0, 0, 0
95922, 30720, 1, 0, 0
96022, 194560, 0, 0, 0
96022, 30720, 1, 0, 0
96122, 102400, 0, 0, 0
96122, 40960, 1, 0, 0
96322, 51200, 0, 0, 0
96422, 256000, 0, 0, 0
96422, 30720, 1, 0, 0
96522, 143360, 0, 0, 0
96522, 20480, 1, 0, 0
96622, 256000, 0, 0, 0
96622, 81920, 1, 0, 0
96722, 71680, 0, 0, 0
96722, 40960, 1, 0, 0
97322, 61440, 0, 0, 0
97322, 20480, 1, 0, 0
97422, 256000, 0, 0, 0
97422, 61440, 1, 0, 0
97522, 30720, 0, 0, 0
97622, 20480, 0, 0, 0
97622, 10240, 1, 0, 0
97722, 102400, 0, 0, 0
97722, 20480, 1, 0, 0
97822, 266240, 0, 0, 0
97822, 61440, 1, 0, 0
97922, 235520, 0, 0, 0
97922, 61440, 1, 0, 0
98022, 215040, 0, 0, 0
98022, 40960, 1, 0, 0
98121, 82747, 0, 0, 0
98221, 245760, 0, 0, 0
98221, 61440, 1, 0, 0
98321, 245760, 0, 0, 0
98321, 81920, 1, 0, 0
98421, 235520, 0, 0, 0
98421, 30720, 1, 0, 0
98521, 112640, 0, 0, 0
98521, 20480, 1, 0, 0
98622, 235520, 0, 0, 0
98622, 92160, 1, 0, 0
98922, 256000, 0, 0, 0
98922, 71680, 1, 0, 0
99022, 92160, 0, 0, 0
99521, 92160, 0, 0, 0
99621, 256000, 0, 0, 0
99621, 61440, 1, 0, 0
100322, 174080, 0, 0, 0
100322, 20480, 1, 0, 0
100422, 174080, 0, 0, 0
100422, 51200, 1, 0, 0
101322, 174080, 0, 0, 0
101322, 40960, 1, 0, 0
101422, 2232320, 0, 0, 0
101422, 614400, 1, 0, 0
101522, 20480, 0, 0, 0
101622, 225280, 0, 0, 0
101622, 71680, 1, 0, 0
101722, 71680, 0, 0, 0
101722, 10240, 1, 0, 0
101922, 40960, 0, 0, 0
102022, 563200, 0, 0, 0
102022, 143360, 1, 0, 0
102121, 3340929, 0, 0, 0
102121, 724040, 1, 0, 0
102221, 81920, 0, 0, 0
102221, 30720, 1, 0, 0
102321, 184320, 0, 0, 0
102321, 51200, 1, 0, 0
102421, 51200, 0, 0, 0
102421, 10240, 1, 0, 0
102622, 112640, 0, 0, 0
102722, 256000, 0, 0, 0
102722, 30720, 1, 0, 0
102822, 225280, 0, 0, 0
102822, 20480, 1, 0, 0
102922, 71680, 0, 0, 0
102922, 71680, 1, 0, 0
103022, 10240, 0, 0, 0
103222, 40960, 0, 0, 0
103322, 266240, 0, 0, 0
103322, 71680, 1, 0, 0
103422, 40960, 0, 0, 0
103522, 102400, 0, 0, 0
103522, 30720, 1, 0, 0
103621, 51717, 0, 0, 0
103721, 256000, 0, 0, 0
103721, 40960, 1, 0, 0
103821, 184320, 0, 0, 0
103821, 40960, 1, 0, 0
103921, 266240, 0, 0, 0
103921, 112640, 1, 0, 0
104021, 184320, 0, 0, 0
104021, 40960, 1, 0, 0
104122, 245760, 0, 0, 0
104122, 10240, 1, 0, 0
104222, 266240, 0, 0, 0
104222, 81920, 1, 0, 0
104322, 20480, 0, 0, 0
104322, 20480, 1, 0, 0
104922, 235520, 0, 0, 0
104922, 51200, 1, 0, 0
105022, 112640, 0, 0, 0
105022, 51200, 1, 0, 0
105421, 235520, 0, 0, 0
105421, 40960, 1, 0, 0
105521, 256000, 0, 0, 0
105521, 122880, 1, 0, 0
105622, 266240, 0, 0, 0
105622, 71680, 1, 0, 0
105722, 245760, 0, 0, 0
105722, 81920, 1, 0, 0
105822, 10240, 0, 0, 0
106422, 10240, 0, 0, 0
106522, 30720, 0, 0, 0
106522, 10240, 1, 0, 0
106621, 206868, 0, 0, 0
106621, 72404, 1, 0, 0
106721, 235520, 0, 0, 0
106721, 71680, 1, 0, 0
106821, 174080, 0, 0, 0
106821, 61440, 1, 0, 0
107422, 10240, 0, 0, 0
107422, 10240, 1, 0, 0
107922, 235520, 0, 0, 0
107922, 92160, 1, 0, 0
108022, 133120, 0, 0, 0
108022, 61440, 1, 0, 0
108221, 122880, 0, 0, 0
108221, 10240, 1, 0, 0
108321, 153600, 0, 0, 0
108321, 30720, 1, 0, 0
108422, 71680, 0, 0, 0
108422, 10240, 1, 0, 0
108522, 163840, 0, 0, 0
108522, 20480, 1, 0, 0
108622, 215040, 0, 0, 0
108622, 10240, 1, 0, 0
108722, 225280, 0, 0, 0
108722, 40960, 1, 0, 0
108822, 266240, 0, 0, 0
108822, 81920, 1, 0, 0
108922, 163840, 0, 0, 0
108922, 30720, 1, 0, 0
109022, 20480, 0, 0, 0
109122, 20480, 0, 0, 0
109322, 112640, 0, 0, 0
109322, 10240, 1, 0, 0
109422, 276480, 0, 0, 0
109422, 61440, 1, 0, 0
109522, 276480, 0, 0, 0
109522, 71680, 1, 0, 0
109621, 279272, 0, 0, 0
109621, 82747, 1, 0, 0
109721, 143360, 0, 0, 0
109721, 20480, 1, 0, 0
109921, 61440, 0, 0, 0
110021, 276480, 0, 0, 0
110021, 81920, 1, 0, 0
110122, 245760, 0, 0, 0
110122, 81920, 1, 0, 0
110222, 10240, 0, 0, 0
110322, 92160, 0, 0, 0
110422, 256000, 0, 0, 0
110422, 71680, 1, 0, 0
110522, 143360, 0, 0, 0
110522, 20480, 1, 0, 0
110622, 204800, 0, 0, 0
110622, 10240, 1, 0, 0
110722, 20480, 0, 0, 0
110722, 10240, 1, 0, 0
111121, 206868, 0, 0, 0
111121, 62060, 1, 0, 0
111221, 204800, 0, 0, 0
111221, 61440, 1, 0, 0
111421, 20480, 0, 0, 0
111521, 143360, 0, 0, 0
111521, 51200, 1, 0, 0
111621, 1075200, 0, 0, 0
111621, 245760, 1, 0, 0
111721, 2877440, 0, 0, 0
111721, 532480, 1, 0, 0
111821, 92160, 0, 0, 0
111821, 20480, 1, 0, 0
111922, 184320, 0, 0, 0
111922, 10240, 1, 0, 0
112022, 143360, 0, 0, 0
112022, 61440, 1, 0, 0
112122, 174080, 0, 0, 0
112122, 40960, 1, 0, 0
112222, 194560, 0, 0, 0
112222, 61440, 1, 0, 0
112322, 163840, 0, 0, 0
112322, 163840, 1, 0, 0
112422, 184320, 0, 0, 0
112422, 40960, 1, 0, 0
112522, 174080, 0, 0, 0
112522, 20480, 1, 0, 0
112621, 155151, 0, 0, 0
112621, 31030, 1, 0, 0
112721, 184320, 0, 0, 0
112721, 20480, 1, 0, 0
112821, 184320, 0, 0, 0
112821, 71680, 1, 0, 0
112921, 184320, 0, 0, 0
112921, 30720, 1, 0, 0
113021, 184320, 0, 0, 0
113021, 81920, 1, 0, 0
113121, 143360, 0, 0, 0
113221, 184320, 0, 0, 0
113221, 20480, 1, 0, 0
113322, 184320, 0, 0, 0
113322, 51200, 1, 0, 0
113422, 194560, 0, 0, 0
113422, 61440, 1, 0, 0
113522, 174080, 0, 0, 0
113522, 61440, 1, 0, 0
113622, 61440, 0, 0, 0
113622, 20480, 1, 0, 0
113722, 256000, 0, 0, 0
113722, 81920, 1, 0, 0
113822, 276480, 0, 0, 0
113822, 81920, 1, 0, 0
113922, 256000, 0, 0, 0
113922, 51200, 1, 0, 0
114022, 245760, 0, 0, 0
114022, 51200, 1, 0, 0
114121, 279272, 0, 0, 0
114121, 113777, 1, 0, 0
114221, 20480, 0, 0, 0
114822, 51200, 0, 0, 0
114922, 276480, 0, 0, 0
114922, 61440, 1, 0, 0
115022, 20480, 0, 0, 0
115122, 112640, 0, 0, 0
115122, 10240, 1, 0, 0
115222, 215040, 0, 0, 0
115222, 51200, 1, 0, 0
115322, 194560, 0, 0, 0
115322, 40960, 1, 0, 0
115422, 102400, 0, 0, 0
115422, 61440, 1, 0, 0
115522, 92160, 0, 0, 0
115522, 30720, 1, 0, 0
115722, 10240, 0, 0, 0
115822, 225280, 0, 0, 0
115822, 40960, 1, 0, 0
115922, 266240, 0, 0, 0
115922, 40960, 1, 0, 0
116022, 245760, 0, 0, 0
116022, 81920, 1, 0, 0
116121, 248242, 0, 0, 0
116121, 72404, 1, 0, 0
116221, 256000, 0, 0, 0
116221, 102400, 1, 0, 0
116321, 174080, 0, 0, 0
116321, 30720, 1, 0, 0
116421, 184320, 0, 0, 0
116421, 30720, 1, 0, 0
116521, 112640, 0, 0, 0
116521, 61440, 1, 0, 0
116622, 204800, 0, 0, 0
116622, 71680, 1, 0, 0
116722, 194560, 0, 0, 0
116722, 30720, 1, 0, 0
117122, 20480, 0, 0, 0
117222, 102400, 0, 0, 0
117322, 61440, 0, 0, 0
117422, 184320, 0, 0, 0
117422, 51200, 1, 0, 0
117522, 194560, 0, 0, 0
117522, 40960, 1, 0, 0
117621, 93090, 0, 0, 0
117621, 10343, 1, 0, 0
117721, 122880, 0, 0, 0
117721, 51200, 1, 0, 0
117821, 184320, 0, 0, 0
117821, 30720, 1, 0, 0
117922, 163840, 0, 0, 0
117922, 102400, 1, 0, 0
118022, 20480, 0, 0, 0
118122, 839680, 0, 0, 0
118122, 122880, 1, 0, 0
118222, 2232320, 0, 0, 0
118222, 604160, 1, 0, 0
118322, 2344960, 0, 0, 0
118322, 645120, 1, 0, 0
118422, 286720, 0, 0, 0
118422, 30720, 1, 0, 0
118522, 245760, 0, 0, 0
118522, 30720, 1, 0, 0
118621, 186181, 0, 0, 0
118621, 20686, 1, 0, 0
118721, 174080, 0, 0, 0
118721, 71680, 1, 0, 0
119021, 215040, 0, 0, 0
119021, 30720, 1, 0, 0
119122, 133120, 0, 0, 0
119122, 61440, 1, 0, 0
119622, 10240, 0, 0, 0
119622, 10240, 1, 0, 0
119822, 276480, 0, 0, 0
119822, 102400, 1, 0, 0
119922, 235520, 0, 0, 0
119922, 81920, 1, 0, 0
120022, 235520, 0, 0, 0
120022, 122880, 1, 0, 0
120121, 196525, 0, 0, 0
120121, 31030, 1, 0, 0
120221, 174080, 0, 0, 0
120221, 61440, 1, 0, 0
120321, 153600, 0, 0, 0
120321, 71680, 1, 0, 0
120421, 266240, 0, 0, 0
120421, 30720, 1, 0, 0
120522, 245760, 0, 0, 0
120522, 40960, 1, 0, 0
120622, 256000, 0, 0, 0
120622, 61440, 1, 0, 0
120722, 256000, 0, 0, 0
120722, 81920, 1, 0, 0
120822, 40960, 0, 0, 0
121122, 184320, 0, 0, 0
121122, 20480, 1, 0, 0
121222, 245760, 0, 0, 0
121222, 71680, 1, 0, 0
121322, 266240, 0, 0, 0
121322, 143360, 1, 0, 0
121422, 184320, 0, 0, 0
121422, 30720, 1, 0, 0
121522, 102400, 0, 0, 0
121522, 10240, 1, 0, 0
121721, 81920, 0, 0, 0
121721, 10240, 1, 0, 0
121821, 245760, 0, 0, 0
121821, 51200, 1, 0, 0
121922, 266240, 0, 0, 0
121922, 51200, 1, 0, 0
122022, 92160, 0, 0, 0
122022, 30720, 1, 0, 0
122222, 40960, 0, 0, 0
122222, 10240, 1, 0, 0
122322, 112640, 0, 0, 0
122322, 51200, 1, 0, 0
122422, 61440, 0, 0, 0
122422, 10240, 1, 0, 0
122522, 194560, 0, 0, 0
122522, 51200, 1, 0, 0
122622, 174080, 0, 0, 0
122622, 20480, 1, 0, 0
122722, 153600, 0, 0, 0
122722, 30720, 1, 0, 0
122822, 174080, 0, 0, 0
122822, 20480, 1, 0, 0
122922, 184320, 0, 0, 0
122922, 40960, 1, 0, 0
123022, 194560, 0, 0, 0
123022, 61440, 1, 0, 0
123121, 41373, 0, 0, 0
123121, 10343, 1, 0, 0
123221, 225280, 0, 0, 0
123221, 20480, 1, 0, 0
123321, 153600, 0, 0, 0
123321, 71680, 1, 0, 0
123422, 143360, 0, 0, 0
123422, 20480, 1, 0, 0
123522, 143360, 0, 0, 0
123522, 51200, 1, 0, 0
123622, 133120, 0, 0, 0
123622, 30720, 1, 0, 0
123722, 153600, 0, 0, 0
123722, 10240, 1, 0, 0
123822, 2293760, 0, 0, 0
123822, 512000, 1, 0, 0
123922, 10240, 0, 0, 0
124022, 215040, 0, 0, 0
124022, 20480, 1, 0, 0
124122, 573440, 0, 0, 0
124122, 194560, 1, 0, 0
124222, 3328000, 0, 0, 0
124222, 880640, 1, 0, 0
124422, 133120, 0, 0, 0
124422, 20480, 1, 0, 0
124522, 204800, 0, 0, 0
124522, 51200, 1, 0, 0
124621, 248242, 0, 0, 0
124621, 41373, 1, 0, 0
124721, 215040, 0, 0, 0
124721, 51200, 1, 0, 0
124821, 256000, 0, 0, 0
124821, 122880, 1, 0, 0
124922, 112640, 0, 0, 0
124922, 51200, 1, 0, 0
125022, 30720, 0, 0, 0
125122, 235520, 0, 0, 0
125122, 61440, 1, 0, 0
125222, 112640, 0, 0, 0
125222, 10240, 1, 0, 0
125522, 143360, 0, 0, 0
125522, 40960, 1, 0, 0
125622, 204800, 0, 0, 0
125622, 71680, 1, 0, 0
125722, 184320, 0, 0, 0
125722, 20480, 1, 0, 0
125822, 194560, 0, 0, 0
125822, 51200, 1, 0, 0
125922, 256000, 0, 0, 0
125922, 61440, 1, 0, 0
126022, 245760, 0, 0, 0
126022, 61440, 1, 0, 0
126121, 258585, 0, 0, 0
126121, 20686, 1, 0, 0
126221, 122880, 0, 0, 0
126221, 20480, 1, 0, 0
126621, 10240, 0, 0, 0
126722, 245760, 0, 0, 0
126722, 71680, 1, 0, 0
126822, 245760, 0, 0, 0
126822, 71680, 1, 0, 0
126922, 256000, 0, 0, 0
126922, 51200, 1, 0, 0
127022, 215040, 0, 0, 0
127022, 71680, 1, 0, 0
127122, 102400, 0, 0, 0
127122, 20480, 1, 0, 0
127322, 143360, 0, 0, 0
127322, 20480, 1, 0, 0
127422, 122880, 0, 0, 0
127422, 30720, 1, 0, 0
127522, 215040, 0, 0, 0
127522, 71680, 1, 0, 0
127621, 175838, 0, 0, 0
127621, 31030, 1, 0, 0
127721, 81920, 0, 0, 0
127721, 10240, 1, 0, 0
127821, 122880, 0, 0, 0
127821, 30720, 1, 0, 0
127921, 245760, 0, 0, 0
127921, 81920, 1, 0, 0
128021, 194560, 0, 0, 0
128021, 30720, 1, 0, 0
128122, 163840, 0, 0, 0
128122, 40960, 1, 0, 0
128222, 112640, 0, 0, 0
128222, 40960, 1, 0, 0
128322, 102400, 0, 0, 0
128322, 51200, 1, 0, 0
128422, 256000, 0, 0, 0
128422, 81920, 1, 0, 0
128522, 194560, 0, 0, 0
128522, 30720, 1, 0, 0
128722, 61440, 0, 0, 0
128722, 30720, 1, 0, 0
128822, 276480, 0, 0, 0
128822, 81920, 1, 0, 0
128922, 143360, 0, 0, 0
128922, 10240, 1, 0, 0
129421, 40960, 0, 0, 0
129421, 20480, 1, 0, 0
129521, 122880, 0, 0, 0
129521, 10240, 1, 0, 0
130022, 266240, 0, 0, 0
130022, 81920, 1, 0, 0
130122, 204800, 0, 0, 0
130122, 61440, 1, 0, 0
130222, 184320, 0, 0, 0
130222, 20480, 1, 0, 0
130322, 61440, 0, 0, 0
130422, 20480, 0, 0, 0
130621, 20686, 0, 0, 0
130721, 143360, 0, 0, 0
130721, 10240, 1, 0, 0
130821, 10240, 0, 0, 0
130921, 215040, 0, 0, 0
130921, 102400, 1, 0, 0
131021, 81920, 0, 0, 0
131021, 10240, 1, 0, 0
131121, 102400, 0, 0, 0
131121, 10240, 1, 0, 0
131222, 163840, 0, 0, 0
131222, 20480, 1, 0, 0
131322, 163840, 0, 0, 0
131322, 40960, 1, 0, 0
131422, 174080, 0, 0, 0
131422, 51200, 1, 0, 0
131522, 153600, 0, 0, 0
131522, 81920, 1, 0, 0
131622, 20480, 0, 0, 0
131622, 10240, 1, 0, 0
131722, 40960, 0, 0, 0
131722, 30720, 1, 0, 0
131922, 133120, 0, 0, 0
131922, 40960, 1, 0, 0
132022, 40960, 0, 0, 0
132022, 20480, 1, 0, 0
132121, 10343, 0, 0, 0
132221, 163840, 0, 0, 0
132221, 10240, 1, 0, 0
132321, 4167680, 0, 0, 0
132321, 972800, 1, 0, 0
132421, 327680, 0, 0, 0
132421, 40960, 1, 0, 0
132521, 184320, 0, 0, 0
132521, 61440, 1, 0, 0
132622, 184320, 0, 0, 0
132622, 40960, 1, 0, 0
132722, 163840, 0, 0, 0
132722, 71680, 1, 0, 0
132822, 163840, 0, 0, 0
132822, 51200, 1, 0, 0
132922, 163840, 0, 0, 0
132922, 30720, 1, 0, 0
133022, 184320, 0, 0, 0
133022, 71680, 1, 0, 0
133122, 194560, 0, 0, 0
133122, 10240, 1, 0, 0
133222, 174080, 0, 0, 0
133222, 30720, 1, 0, 0
133322, 163840, 0, 0, 0
133322, 51200, 1, 0, 0
133422, 163840, 0, 0, 0
133422, 30720, 1, 0, 0
133522, 194560, 0, 0, 0
133522, 61440, 1, 0, 0
133621, 186181, 0, 0, 0
133621, 72404, 1, 0, 0
133721, 194560, 0, 0, 0
133721, 30720, 1, 0, 0
133821, 143360, 0, 0, 0
133821, 40960, 1, 0, 0
133922, 163840, 0, 0, 0
133922, 102400, 1, 0, 0
134022, 194560, 0, 0, 0
134022, 61440, 1, 0, 0
134122, 153600, 0, 0, 0
134122, 40960, 1, 0, 0
134222, 30720, 0, 0, 0
134222, 10240, 1, 0, 0
134322, 286720, 0, 0, 0
134322, 71680, 1, 0, 0
134422, 20480, 0, 0, 0
134422, 10240, 1, 0, 0
134922, 163840, 0, 0, 0
134922, 61440, 1, 0, 0
135022, 184320, 0, 0, 0
135022, 61440, 1, 0, 0
135521, 204800, 0, 0, 0
135521, 61440, 1, 0, 0
135622, 184320, 0, 0, 0
135622, 10240, 1, 0, 0
135722, 163840, 0, 0, 0
135722, 30720, 1, 0, 0
135822, 276480, 0, 0, 0
135822, 71680, 1, 0, 0
135922, 20480, 0, 0, 0
135922, 30720, 1, 0, 0
136022, 112640, 0, 0, 0
136022, 20480, 1, 0, 0
136122, 286720, 0, 0, 0
136122, 133120, 1, 0, 0
136222, 133120, 0, 0, 0
136222, 102400, 1, 0, 0
136322, 204800, 0, 0, 0
136322, 61440, 1, 0, 0
136422, 215040, 0, 0, 0
136422, 122880, 1, 0, 0
136522, 204800, 0, 0, 0
136522, 102400, 1, 0, 0
136621, 165494, 0, 0, 0
136621, 51717, 1, 0, 0
136721, 184320, 0, 0, 0
136721, 20480, 1, 0, 0
136821, 143360, 0, 0, 0
136821, 30720, 1, 0, 0
136921, 102400, 0, 0, 0
136921, 10240, 1, 0, 0
137021, 102400, 0, 0, 0
137021, 40960, 1, 0, 0
137122, 61440, 0, 0, 0
137122, 30720, 1, 0, 0
137222, 194560, 0, 0, 0
137222, 51200, 1, 0, 0
137322, 163840, 0, 0, 0
137322, 40960, 1, 0, 0
137422, 112640, 0, 0, 0
137422, 51200, 1, 0, 0
137522, 122880, 0, 0, 0
137522, 40960, 1, 0, 0
137622, 143360, 0, 0, 0
137622, 61440, 1, 0, 0
137722, 174080, 0, 0, 0
137722, 30720, 1, 0, 0
137822, 194560, 0, 0, 0
137822, 40960, 1, 0, 0
137922, 40960, 0, 0, 0
137922, 30720, 1, 0, 0
138022, 184320, 0, 0, 0
138022, 30720, 1, 0, 0
138121, 144808, 0, 0, 0
138221, 184320, 0, 0, 0
138221, 61440, 1, 0, 0
138321, 194560, 0, 0, 0
138321, 30720, 1, 0, 0
138421, 194560, 0, 0, 0
138421, 71680, 1, 0, 0
138521, 163840, 0, 0, 0
138521, 10240, 1, 0, 0
138622, 1259520, 0, 0, 0
138622, 450560, 1, 0, 0
138722, 10240, 0, 0, 0
138822, 204800, 0, 0, 0
138822, 30720, 1, 0, 0
138922, 225280, 0, 0, 0
138922, 61440, 1, 0, 0
139022, 266240, 0, 0, 0
139022, 51200, 1, 0, 0
139122, 163840, 0, 0, 0
139122, 10240, 1, 0, 0
139222, 266240, 0, 0, 0
139222, 92160, 1, 0, 0
139322, 266240, 0, 0, 0
139322, 40960, 1, 0, 0
139422, 3092480, 0, 0, 0
139422, 849920, 1, 0, 0
139522, 266240, 0, 0, 0
139522, 40960, 1, 0, 0
139621, 10343, 0, 0, 0
139721, 51200, 0, 0, 0
139721, 10240, 1, 0, 0
139821, 276480, 0, 0, 0
139821, 102400, 1, 0, 0
139922, 276480, 0, 0, 0
139922, 30720, 1, 0, 0
140022, 215040, 0, 0, 0
140022, 51200, 1, 0, 0
140122, 204800, 0, 0, 0
140122, 10240, 1, 0, 0
140222, 204800, 0, 0, 0
140222, 81920, 1, 0, 0
140322, 204800, 0, 0, 0
140322, 71680, 1, 0, 0
140422, 266240, 0, 0, 0
140422, 40960, 1, 0, 0
140522, 30720, 0, 0, 0
140622, 10240, 0, 0, 0
140822, 40960, 0, 0, 0
140822, 10240, 1, 0, 0
140922, 174080, 0, 0, 0
140922, 81920, 1, 0, 0
141022, 215040, 0, 0, 0
141022, 40960, 1, 0, 0
141122, 248242, 0, 0, 0
141122, 31030, 1, 0, 0
141222, 184320, 0, 0, 0
141222, 40960, 1, 0, 0
141322, 256000, 0, 0, 0
141322, 40960, 1, 0, 0
141422, 235520, 0, 0, 0
141422, 30720, 1, 0, 0
141522, 245760, 0, 0, 0
141522, 71680, 1, 0, 0
141622, 81920, 0, 0, 0
141622, 10240, 1, 0, 0
141722, 256000, 0, 0, 0
141722, 122880, 1, 0, 0
141822, 194560, 0, 0, 0
141822, 30720, 1, 0, 0
141922, 225280, 0, 0, 0
141922, 81920, 1, 0, 0
142022, 256000, 0, 0, 0
142022, 81920, 1, 0, 0
142121, 258585, 0, 0, 0
142121, 31030, 1, 0, 0
142221, 40960, 0, 0, 0
142221, 10240, 1, 0, 0
142321, 10240, 0, 0, 0
142621, 51200, 0, 0, 0
142721, 20480, 0, 0, 0
142821, 163840, 0, 0, 0
142821, 40960, 1, 0, 0
142922, 256000, 0, 0, 0
142922, 40960, 1, 0, 0
143022, 256000, 0, 0, 0
143022, 30720, 1, 0, 0
143122, 245760, 0, 0, 0
143122, 71680, 1, 0, 0
143222, 122880, 0, 0, 0
143222, 20480, 1, 0, 0
143422, 215040, 0, 0, 0
143422, 20480, 1, 0, 0
143522, 256000, 0, 0, 0
143522, 81920, 1, 0, 0
143621, 196525, 0, 0, 0
143621, 31030, 1, 0, 0
143721, 92160, 0, 0, 0
143721, 10240, 1, 0, 0
143821, 256000, 0, 0, 0
143821, 40960, 1, 0, 0
143921, 194560, 0, 0, 0
143921, 20480, 1, 0, 0
144021, 143360, 0, 0, 0
144021, 51200, 1, 0, 0
144121, 10240, 0, 0, 0
144221, 133120, 0, 0, 0
144221, 71680, 1, 0, 0
144422, 184320, 0, 0, 0
144422, 51200, 1, 0, 0
144522, 1536000, 0, 0, 0
144522, 368640, 1, 0, 0
144622, 133120, 0, 0, 0
144622, 10240, 1, 0, 0
144722, 153600, 0, 0, 0
144722, 20480, 1, 0, 0
144822, 10240, 0, 0, 0
144922, 71680, 0, 0, 0
144922, 10240, 1, 0, 0
145022, 92160, 0, 0, 0
145121, 289616, 0, 0, 0
145121, 51717, 1, 0, 0
145221, 20480, 0, 0, 0
145221, 10240, 1, 0, 0
145621, 61440, 0, 0, 0
145721, 276480, 0, 0, 0
145721, 10240, 1, 0, 0
145821, 10240, 0, 0, 0
146122, 1597440, 0, 0, 0
146122, 460800, 1, 0, 0
146222, 2007040, 0, 0, 0
146222, 593920, 1, 0, 0
146322, 133120, 0, 0, 0
146322, 20480, 1, 0, 0
146422, 10240, 0, 0, 0
146422, 10240, 1, 0, 0
146522, 51200, 0, 0, 0
146522, 10240, 1, 0, 0
146622, 256000, 0, 0, 0
146622, 92160, 1, 0, 0
146722, 256000, 0, 0, 0
146722, 30720, 1, 0, 0
146822, 245760, 0, 0, 0
146822, 30720, 1, 0, 0
146922, 256000, 0, 0, 0
146922, 61440, 1, 0, 0
147221, 174080, 0, 0, 0
147221, 10240, 1, 0, 0
147321, 81920, 0, 0, 0
147321, 40960, 1, 0, 0
147422, 245760, 0, 0, 0
147422, 112640, 1, 0, 0
147522, 256000, 0, 0, 0
147522, 71680, 1, 0, 0
147622, 174080, 0, 0, 0
147622, 40960, 1, 0, 0
147722, 184320, 0, 0, 0
147722, 20480, 1, 0, 0
147822, 143360, 0, 0, 0
147822, 20480, 1, 0, 0
147922, 163840, 0, 0, 0
147922, 102400, 1, 0, 0
148022, 194560, 0, 0, 0
148022, 51200, 1, 0, 0
148121, 196525, 0, 0, 0
148121, 20686, 1, 0, 0
148221, 184320, 0, 0, 0
148321, 143360, 0, 0, 0
148321, 20480, 1, 0, 0
148421, 122880, 0, 0, 0
148421, 61440, 1, 0, 0
148521, 174080, 0, 0, 0
148521, 71680, 1, 0, 0
148621, 174080, 0, 0, 0
148621, 30720, 1, 0, 0
148721, 184320, 0, 0, 0
148721, 40960, 1, 0, 0
148822, 184320, 0, 0, 0
148822, 20480, 1, 0, 0
148922, 184320, 0, 0, 0
148922, 71680, 1, 0, 0
149022, 143360, 0, 0, 0
149122, 184320, 0, 0, 0
149122, 40960, 1, 0, 0
149222, 184320, 0, 0, 0
149222, 51200, 1, 0, 0
149322, 153600, 0, 0, 0
149322, 51200, 1, 0, 0
149422, 102400, 0, 0, 0
149422, 20480, 1, 0, 0
149522, 215040, 0, 0, 0
149522, 30720, 1, 0, 0
149621, 165494, 0, 0, 0
149621, 51717, 1, 0, 0
149721, 81920, 0, 0, 0
149721, 20480, 1, 0, 0
149821, 163840, 0, 0, 0
149821, 10240, 1, 0, 0
149921, 194560, 0, 0, 0
149921, 92160, 1, 0, 0
150021, 92160, 0, 0, 0
150021, 61440, 1, 0, 0
150122, 71680, 0, 0, 0
150322, 20480, 0, 0, 0
150422, 40960, 0, 0, 0
150422, 10240, 1, 0, 0
150522, 266240, 0, 0, 0
150522, 102400, 1, 0, 0
150622, 102400, 0, 0, 0
150622, 30720, 1, 0, 0
150822, 163840, 0, 0, 0
150822, 30720, 1, 0, 0
150922, 245760, 0, 0, 0
150922, 20480, 1, 0, 0
151521, 40960, 0, 0, 0
151621, 102400, 0, 0, 0
151621, 61440, 1, 0, 0
151721, 40960, 0, 0, 0
151822, 81920, 0, 0, 0
151822, 30720, 1, 0, 0
151922, 102400, 0, 0, 0
152022, 204800, 0, 0, 0
152022, 61440, 1, 0, 0
152121, 289616, 0, 0, 0
152121, 31030, 1, 0, 0
152221, 225280, 0, 0, 0
152221, 40960, 1, 0, 0
152321, 184320, 0, 0, 0
152321, 40960, 1, 0, 0
152421, 163840, 0, 0, 0
152421, 51200, 1, 0, 0
152521, 266240, 0, 0, 0
152521, 10240, 1, 0, 0
152822, 30720, 0, 0, 0
152822, 10240, 1, 0, 0
152922, 215040, 0, 0, 0
152922, 51200, 1, 0, 0
153022, 184320, 0, 0, 0
153022, 10240, 1, 0, 0
153122, 163840, 0, 0, 0
153122, 51200, 1, 0, 0
153222, 71680, 0, 0, 0
153222, 71680, 1, 0, 0
153322, 3512320, 0, 0, 0
153322, 880640, 1, 0, 0
153422, 942080, 0, 0, 0
153422, 194560, 1, 0, 0
153522, 163840, 0, 0, 0
153522, 10240, 1, 0, 0
153621, 186181, 0, 0, 0
153621, 62060, 1, 0, 0
153721, 184320, 0, 0, 0
153721, 40960, 1, 0, 0
153821, 184320, 0, 0, 0
153821, 30720, 1, 0, 0
153921, 184320, 0, 0, 0
153921, 51200, 1, 0, 0
154022, 163840, 0, 0, 0
154022, 40960, 1, 0, 0
154122, 163840, 0, 0, 0
154222, 194560, 0, 0, 0
154222, 102400, 1, 0, 0
154322, 194560, 0, 0, 0
154322, 92160, 1, 0, 0
154422, 174080, 0, 0, 0
154422, 30720, 1, 0, 0
154522, 153600, 0, 0, 0
154522, 40960, 1, 0, 0
154622, 194560, 0, 0, 0
154622, 30720, 1, 0, 0
154722, 133120, 0, 0, 0
154722, 51200, 1, 0, 0
154822, 122880, 0, 0, 0
154822, 20480, 1, 0, 0
154922, 184320, 0, 0, 0
154922, 30720, 1, 0, 0
155022, 174080, 0, 0, 0
155022, 40960, 1, 0, 0
155121, 10343, 0, 0, 0
155321, 10240, 0, 0, 0
156121, 217212, 0, 0, 0
156121, 41373, 1, 0, 0
156221, 276480, 0, 0, 0
156221, 92160, 1, 0, 0
156321, 256000, 0, 0, 0
156321, 61440, 1, 0, 0
156421, 286720, 0, 0, 0
156421, 61440, 1, 0, 0
156522, 122880, 0, 0, 0
156522, 30720, 1, 0, 0
156622, 61440, 0, 0, 0
156622, 20480, 1, 0, 0
156722, 276480, 0, 0, 0
156722, 122880, 1, 0, 0
156822, 276480, 0, 0, 0
156822, 30720, 1, 0, 0
156922, 163840, 0, 0, 0
156922, 81920, 1, 0, 0
157422, 184320, 0, 0, 0
157422, 40960, 1, 0, 0
157522, 235520, 0, 0, 0
157522, 61440, 1, 0, 0
157621, 206868, 0, 0, 0
157621, 72404, 1, 0, 0
157721, 256000, 0, 0, 0
157721, 102400, 1, 0, 0
157821, 266240, 0, 0, 0
157821, 81920, 1, 0, 0
157922, 40960, 0, 0, 0
158022, 81920, 0, 0, 0
158022, 20480, 1, 0, 0
158122, 184320, 0, 0, 0
158122, 40960, 1, 0, 0
158222, 245760, 0, 0, 0
158222, 30720, 1, 0, 0
158322, 266240, 0, 0, 0
158322, 112640, 1, 0, 0
158422, 61440, 0, 0, 0
158422, 10240, 1, 0, 0
158522, 40960, 0, 0, 0
158522, 20480, 1, 0, 0
158622, 61440, 0, 0, 0
158622, 20480, 1, 0, 0
158722, 266240, 0, 0, 0
158722, 112640, 1, 0, 0
158822, 245760, 0, 0, 0
158822, 51200, 1, 0, 0
158922, 204800, 0, 0, 0
158922, 10240, 1, 0, 0
159022, 204800, 0, 0, 0
159022, 40960, 1, 0, 0
159121, 144808, 0, 0, 0
159121, 72404, 1, 0, 0
160121, 165494, 0, 0, 0
160121, 10343, 1, 0, 0
160221, 184320, 0, 0, 0
160221, 30720, 1, 0, 0
162421, 10240, 0, 0, 0
162522, 133120, 0, 0, 0
162522, 61440, 1, 0, 0
162622, 245760, 0, 0, 0
162622, 92160, 1, 0, 0
162722, 1648640, 0, 0, 0
162722, 450560, 1, 0, 0
162822, 61440, 0, 0, 0
162822, 10240, 1, 0, 0
162922, 112640, 0, 0, 0
162922, 20480, 1, 0, 0
163221, 30720, 0, 0, 0
163321, 256000, 0, 0, 0
163321, 40960, 1, 0, 0
163421, 245760, 0, 0, 0
163421, 40960, 1, 0, 0
163521, 2037760, 0, 0, 0
163521, 501760, 1, 0, 0
163622, 1208320, 0, 0, 0
163622, 389120, 1, 0, 0
163722, 30720, 0, 0, 0
163722, 20480, 1, 0, 0
163822, 266240, 0, 0, 0
163822, 71680, 1, 0, 0
163922, 286720, 0, 0, 0
163922, 61440, 1, 0, 0
164022, 163840, 0, 0, 0
164022, 30720, 1, 0, 0
164322, 10240, 0, 0, 0
164422, 256000, 0, 0, 0
164422, 92160, 1, 0, 0
164522, 92160, 0, 0, 0
164522, 51200, 1, 0, 0
164721, 51200, 0, 0, 0
164721, 10240, 1, 0, 0
164821, 163840, 0, 0, 0
164821, 10240, 1, 0, 0
164922, 225280, 0, 0, 0
164922, 81920, 1, 0, 0
165022, 225280, 0, 0, 0
165022, 92160, 1, 0, 0
165122, 153600, 0, 0, 0
165222, 174080, 0, 0, 0
165222, 40960, 1, 0, 0
165322, 143360, 0, 0, 0
165322, 30720, 1, 0, 0
165422, 184320, 0, 0, 0
165422, 92160, 1, 0, 0
165522, 194560, 0, 0, 0
165522, 20480, 1, 0, 0
165621, 124121, 0, 0, 0
165621, 10343, 1, 0, 0
165721, 194560, 0, 0, 0
165721, 71680, 1, 0, 0
165821, 163840, 0, 0, 0
165821, 40960, 1, 0, 0
165921, 143360, 0, 0, 0
165921, 20480, 1, 0, 0
166022, 194560, 0, 0, 0
166022, 51200, 1, 0, 0
166122, 194560, 0, 0, 0
166222, 163840, 0, 0, 0
166222, 71680, 1, 0, 0
166322, 163840, 0, 0, 0
166322, 51200, 1, 0, 0
166422, 143360, 0, 0, 0
166422, 20480, 1, 0, 0
166522, 174080, 0, 0, 0
166522, 61440, 1, 0, 0
166622, 215040, 0, 0, 0
166622, 51200, 1, 0, 0
166722, 184320, 0, 0, 0
166722, 40960, 1, 0, 0
166822, 184320, 0, 0, 0
166822, 61440, 1, 0, 0
166922, 143360, 0, 0, 0
166922, 30720, 1, 0, 0
167022, 184320, 0, 0, 0
167022, 10240, 1, 0, 0
167122, 186181, 0, 0, 0
167122, 41373, 1, 0, 0
167222, 184320, 0, 0, 0
167222, 30720, 1, 0, 0
167322, 184320, 0, 0, 0
167322, 61440, 1, 0, 0
167422, 153600, 0, 0, 0
167422, 30720, 1, 0, 0
167522, 174080, 0, 0, 0
167522, 61440, 1, 0, 0
167622, 163840, 0, 0, 0
167622, 30720, 1, 0, 0
167722, 143360, 0, 0, 0
167722, 40960, 1, 0, 0
167822, 256000, 0, 0, 0
167822, 20480, 1, 0, 0
167922, 174080, 0, 0, 0
167922, 30720, 1, 0, 0
168022, 122880, 0, 0, 0
168022, 40960, 1, 0, 0
168121, 82747, 0, 0, 0
168121, 31030, 1, 0, 0
168221, 184320, 0, 0, 0
168221, 40960, 1, 0, 0
168321, 184320, 0, 0, 0
168321, 51200, 1, 0, 0
168422, 71680, 0, 0, 0
168422, 20480, 1, 0, 0
168522, 194560, 0, 0, 0
168522, 71680, 1, 0, 0
168622, 163840, 0, 0, 0
168622, 30720, 1, 0, 0
168722, 81920, 0, 0, 0
168722, 20480, 1, 0, 0
168822, 194560, 0, 0, 0
168822, 30720, 1, 0, 0
168922, 194560, 0, 0, 0
168922, 10240, 1, 0, 0
169022, 10240, 0, 0, 0
169521, 10240, 0, 0, 0
169721, 1177600, 0, 0, 0
169721, 276480, 1, 0, 0
169822, 20480, 0, 0, 0
169822, 10240, 1, 0, 0
170022, 245760, 0, 0, 0
170022, 92160, 1, 0, 0
170122, 276480, 0, 0, 0
170122, 81920, 1, 0, 0
170222, 256000, 0, 0, 0
170222, 92160, 1, 0, 0
170322, 3655680, 0, 0, 0
170322, 901120, 1, 0, 0
170422, 245760, 0, 0, 0
170422, 61440, 1, 0, 0
170522, 235520, 0, 0, 0
170522, 92160, 1, 0, 0
170621, 268929, 0, 0, 0
170621, 20686, 1, 0, 0
170721, 163840, 0, 0, 0
170921, 122880, 0, 0, 0
170922, 40960, 1, 0, 0
171022, 256000, 0, 0, 0
171022, 30720, 1, 0, 0
171122, 235520, 0, 0, 0
171122, 92160, 1, 0, 0
171222, 163840, 0, 0, 0
171222, 51200, 1, 0, 0
171722, 143360, 0, 0, 0
171722, 30720, 1, 0, 0
171822, 204800, 0, 0, 0
171822, 71680, 1, 0, 0
172421, 40960, 0, 0, 0
172421, 40960, 1, 0, 0
172522, 266240, 0, 0, 0
172522, 61440, 1, 0, 0
172622, 235520, 0, 0, 0
172622, 81920, 1, 0, 0
172722, 215040, 0, 0, 0
172722, 71680, 1, 0, 0
172822, 102400, 0, 0, 0
172822, 51200, 1, 0, 0
172922, 266240, 0, 0, 0
172922, 71680, 1, 0, 0
173022, 245760, 0, 0, 0
173022, 30720, 1, 0, 0
173121, 237898, 0, 0, 0
173121, 103434, 1, 0, 0
173221, 256000, 0, 0, 0
173221, 92160, 1, 0, 0
173321, 266240, 0, 0, 0
173321, 112640, 1, 0, 0
173421, 245760, 0, 0, 0
173421, 92160, 1, 0, 0
173521, 256000, 0, 0, 0
173521, 81920, 1, 0, 0
173621, 235520, 0, 0, 0
173622, 20480, 1, 0, 0
173722, 266240, 0, 0, 0
173722, 92160, 1, 0, 0
173822, 266240, 0, 0, 0
173822, 92160, 1, 0, 0
173922, 40960, 0, 0, 0
173922, 10240, 1, 0, 0
174422, 245760, 0, 0, 0
174422, 40960, 1, 0, 0
174522, 184320, 0, 0, 0
174522, 30720, 1, 0, 0
174621, 124121, 0, 0, 0
174621, 51717, 1, 0, 0
174821, 153600, 0, 0, 0
174821, 10240, 1, 0, 0
174922, 225280, 0, 0, 0
174922, 81920, 1, 0, 0
175022, 286720, 0, 0, 0
175022, 30720, 1, 0, 0
175122, 81920, 0, 0, 0
175122, 10240, 1, 0, 0
175522, 20480, 0, 0, 0
175522, 10240, 1, 0, 0
176221, 266240, 0, 0, 0
176221, 51200, 1, 0, 0
176321, 204800, 0, 0, 0
176321, 51200, 1, 0, 0
176422, 184320, 0, 0, 0
176422, 51200, 1, 0, 0
176522, 163840, 0, 0, 0
176522, 92160, 1, 0, 0
176622, 174080, 0, 0, 0
176622, 20480, 1, 0, 0
176722, 10240, 0, 0, 0
176822, 245760, 0, 0, 0
176822, 81920, 1, 0, 0
176922, 225280, 0, 0, 0
176922, 51200, 1, 0, 0
177022, 163840, 0, 0, 0
177022, 30720, 1, 0, 0
177121, 206868, 0, 0, 0
177121, 134464, 1, 0, 0
177221, 215040, 0, 0, 0
177221, 61440, 1, 0, 0
177321, 184320, 0, 0, 0
177321, 71680, 1, 0, 0
177421, 194560, 0, 0, 0
177421, 20480, 1, 0, 0
177521, 3112960, 0, 0, 0
177521, 675840, 1, 0, 0
177622, 1996800, 0, 0, 0
177622, 604160, 1, 0, 0
177722, 112640, 0, 0, 0
177722, 40960, 1, 0, 0
177822, 204800, 0, 0, 0
177822, 20480, 1, 0, 0
177922, 204800, 0, 0, 0
177922, 102400, 1, 0, 0
178022, 184320, 0, 0, 0
178022, 61440, 1, 0, 0
178122, 153600, 0, 0, 0
178122, 30720, 1, 0, 0
178222, 215040, 0, 0, 0
178222, 40960, 1, 0, 0
178322, 143360, 0, 0, 0
178322, 81920, 1, 0, 0
178422, 163840, 0, 0, 0
178422, 61440, 1, 0, 0
178522, 143360, 0, 0, 0
178522, 102400, 1, 0, 0
178621, 186181, 0, 0, 0
178621, 62060, 1, 0, 0
178721, 81920, 0, 0, 0
178721, 40960, 1, 0, 0
178821, 163840, 0, 0, 0
178821, 30720, 1, 0, 0
178921, 184320, 0, 0, 0
178921, 40960, 1, 0, 0
179021, 40960, 0, 0, 0
179121, 40960, 0, 0, 0
179121, 20480, 1, 0, 0
179222, 30720, 0, 0, 0
179222, 30720, 1, 0, 0
179322, 51200, 0, 0, 0
179322, 10240, 1, 0, 0
179522, 61440, 0, 0, 0
179522, 10240, 1, 0, 0
179622, 20480, 0, 0, 0
179822, 40960, 0, 0, 0
179922, 286720, 0, 0, 0
179922, 51200, 1, 0, 0
