104, 6893005, 0, 0, 0
112, 296320, 1, 0, 0
203, 4860359, 0, 0, 0
211, 237679, 1, 0, 0
302, 4841615, 0, 0, 0
342, 253376, 1, 0, 0
426, 6139503, 0, 0, 0
435, 260103, 1, 0, 0
546, 7913521, 0, 0, 0
559, 253211, 1, 0, 0
628, 5396493, 0, 0, 0
631, 263972, 1, 0, 0
705, 5389618, 0, 0, 0
722, 259625, 1, 0, 0
805, 4811021, 0, 0, 0
883, 256023, 1, 0, 0
904, 4925972, 0, 0, 0
919, 271427, 1, 0, 0
1003, 4931494, 0, 0, 0
1094, 272502, 1, 0, 0
1138, 7096251, 0, 0, 0
1166, 260781, 1, 0, 0
1228, 5250043, 0, 0, 0
1228, 273820, 1, 0, 0
1304, 5325173, 0, 0, 0
1349, 262156, 1, 0, 0
1402, 4397567, 0, 0, 0
1410, 263519, 1, 0, 0
1502, 5482262, 0, 0, 0
1503, 262527, 1, 0, 0
1601, 4768725, 0, 0, 0
1672, 263864, 1, 0, 0
1702, 8237020, 0, 0, 0
1704, 262023, 1, 0, 0
1826, 10185408, 0, 0, 0
1844, 261416, 1, 0, 0
1901, 5745424, 0, 0, 0
1934, 268788, 1, 0, 0
2005, 5441937, 0, 0, 0
2006, 263000, 1, 0, 0
2103, 5375645, 0, 0, 0
2112, 260770, 1, 0, 0
2234, 7174694, 0, 0, 0
2251, 259506, 1, 0, 0
2317, 5770472, 0, 0, 0
2325, 264292, 1, 0, 0
2400, 5459713, 0, 0, 0
2505, 5497274, 0, 0, 0
2523, 260467, 1, 0, 0
2603, 6110714, 0, 0, 0
2611, 272016, 1, 0, 0
2701, 5374755, 0, 0, 0
2701, 268153, 1, 0, 0
2800, 261564, 1, 0, 0
2801, 7616737, 0, 0, 0
2931, 6698425, 0, 0, 0
2941, 263022, 1, 0, 0
3013, 5652622, 0, 0, 0
3031, 256374, 1, 0, 0
3102, 5569704, 0, 0, 0
3103, 267224, 1, 0, 0
3200, 5386171, 0, 0, 0
3209, 273134, 1, 0, 0
3300, 5162485, 0, 0, 0
3307, 263542, 1, 0, 0
3457, 8603860, 0, 0, 0
3457, 265302, 1, 0, 0
3504, 4182883, 0, 0, 0
3506, 267793, 1, 0, 0
3602, 6020273, 0, 0, 0
3652, 268980, 1, 0, 0
3701, 9706475, 0, 0, 0
3725, 268540, 1, 0, 0
3800, 4724537, 0, 0, 0
3801, 260641, 1, 0, 0
3907, 5765619, 0, 0, 0
3913, 268403, 1, 0, 0
4003, 5559564, 0, 0, 0
4011, 263319, 1, 0, 0
4101, 5357418, 0, 0, 0
4109, 259724, 1, 0, 0
4201, 5205988, 0, 0, 0
4209, 264356, 1, 0, 0
4322, 7055511, 0, 0, 0
4330, 263236, 1, 0, 0
4412, 5547286, 0, 0, 0
4438, 264208, 1, 0, 0
4502, 5543499, 0, 0, 0
4537, 263534, 1, 0, 0
4600, 5391150, 0, 0, 0
4600, 264374, 1, 0, 0
4700, 5193744, 0, 0, 0
4766, 264446, 1, 0, 0
4823, 6770189, 0, 0, 0
4856, 261298, 1, 0, 0
4913, 6432974, 0, 0, 0
4930, 275552, 1, 0, 0
5001, 5756068, 0, 0, 0
5003, 262020, 1, 0, 0
5101, 5187303, 0, 0, 0
5108, 262094, 1, 0, 0
5206, 7952914, 0, 0, 0
5250, 265738, 1, 0, 0
5304, 5370631, 0, 0, 0
5304, 267177, 1, 0, 0
5611, 25509213, 0, 0, 0
5849, 237238638, 0, 0, 0
5855, 266112, 1, 0, 0
5904, 5468273, 0, 0, 0
5929, 278755, 1, 0, 0
6001, 7447287, 0, 0, 0
6042, 275098, 1, 0, 0
6101, 5772712, 0, 0, 0
6101, 263846, 1, 0, 0
6201, 6185216, 0, 0, 0
6214, 277185, 1, 0, 0
6312, 7378265, 0, 0, 0
6329, 264277, 1, 0, 0
6402, 5563472, 0, 0, 0
6459, 266720, 1, 0, 0
6501, 3930243, 0, 0, 0
6501, 263702, 1, 0, 0
6600, 597418, 0, 0, 0
6600, 368713, 1, 0, 0
6704, 335908, 0, 0, 0
6712, 351581, 1, 0, 0
6828, 24618933, 0, 0, 0
6854, 237379, 1, 0, 0
6901, 4532400, 0, 0, 0
6923, 250684, 1, 0, 0
7001, 3931828, 0, 0, 0
7019, 255571, 1, 0, 0
7103, 4177632, 0, 0, 0
7111, 250088, 1, 0, 0
7205, 3842182, 0, 0, 0
7229, 264014, 1, 0, 0
7309, 5690835, 0, 0, 0
7309, 261187, 1, 0, 0
7459, 37352829, 0, 0, 0
7461, 266052, 1, 0, 0
7515, 27952594, 0, 0, 0
7532, 260307, 1, 0, 0
7602, 3846246, 0, 0, 0
7602, 262245, 1, 0, 0
7705, 4203688, 0, 0, 0
7714, 263127, 1, 0, 0
7940, 9768356, 0, 0, 0
8006, 16442168, 0, 0, 0
8036, 275798, 1, 0, 0
8103, 9583501, 0, 0, 0
8103, 259805, 1, 0, 0
8205, 3853020, 0, 0, 0
8314, 9982443, 0, 0, 0
8586, 271056315, 0, 0, 0
8586, 274419, 1, 0, 0
8643, 28463889, 0, 0, 0
8670, 257626, 1, 0, 0
8701, 6384309, 0, 0, 0
8709, 270134, 1, 0, 0
8801, 3860002, 0, 0, 0
8801, 259219, 1, 0, 0
10620, 1819002805, 0, 0, 0
10658, 267110, 1, 0, 0
10704, 3960215, 0, 0, 0
10736, 280232, 1, 0, 0
10801, 4151249, 0, 0, 0
10814, 270592, 1, 0, 0
11868, 42629168, 0, 0, 0
11893, 273623, 1, 0, 0
11900, 3620382, 0, 0, 0
11922, 267793, 1, 0, 0
12159, 10283535, 0, 0, 0
12167, 269711, 1, 0, 0
12206, 3704268, 0, 0, 0
12208, 262233, 1, 0, 0
12959, 34166497, 0, 0, 0
12959, 273030, 1, 0, 0
13005, 3695348, 0, 0, 0
13007, 268160, 1, 0, 0
13576, 25850287, 0, 0, 0
13774, 99265494, 0, 0, 0
13798, 266184, 1, 0, 0
13800, 3588828, 0, 0, 0
13808, 277808, 1, 0, 0
13900, 3943641, 0, 0, 0
13900, 278163, 1, 0, 0
14003, 5054205, 0, 0, 0
14003, 267368, 1, 0, 0
14100, 4144987, 0, 0, 0
14106, 276280, 1, 0, 0
14201, 3846259, 0, 0, 0
14208, 267249, 1, 0, 0
14302, 4322786, 0, 0, 0
14310, 270044, 1, 0, 0
15280, 48825233, 0, 0, 0
15290, 268999, 1, 0, 0
15304, 3833588, 0, 0, 0
15314, 266860, 1, 0, 0
15400, 3746859, 0, 0, 0
15408, 267828, 1, 0, 0
16480, 360001448, 0, 0, 0
16504, 3880725, 0, 0, 0
16545, 275998, 1, 0, 0
16770, 4523406, 0, 0, 0
16792, 301377, 1, 0, 0
16838, 7474826, 0, 0, 0
16840, 378712, 1, 0, 0
16904, 3577699, 0, 0, 0
16905, 387996, 1, 0, 0
17000, 3893580, 0, 0, 0
17016, 381547, 1, 0, 0
17105, 3751254, 0, 0, 0
17120, 380700, 1, 0, 0
17200, 3721178, 0, 0, 0
17239, 383815, 1, 0, 0
17304, 3898414, 0, 0, 0
17306, 374440, 1, 0, 0
18236, 465661557, 0, 0, 0
18237, 372797, 1, 0, 0
18447, 17265926, 0, 0, 0
18447, 377945, 1, 0, 0
18500, 3432924, 0, 0, 0
18515, 378641, 1, 0, 0
18651, 7497631, 0, 0, 0
18701, 7088524, 0, 0, 0
18701, 376300, 1, 0, 0
18801, 4210552, 0, 0, 0
18808, 377139, 1, 0, 0
18903, 4318546, 0, 0, 0
18913, 379656, 1, 0, 0
19004, 6190071, 0, 0, 0
19035, 377865, 1, 0, 0
19100, 2590616, 0, 0, 0
19100, 378447, 1, 0, 0
19200, 142819, 0, 0, 0
19200, 375781, 1, 0, 0
19300, 6641394, 0, 0, 0
19315, 204992, 1, 0, 0
19404, 5379611, 0, 0, 0
19412, 235872, 1, 0, 0
19503, 6010543, 0, 0, 0
19603, 14320500, 0, 0, 0
19619, 254197, 1, 0, 0
19708, 5374614, 0, 0, 0
19710, 258142, 1, 0, 0
19800, 5375050, 0, 0, 0
19809, 276088, 1, 0, 0
19904, 5420328, 0, 0, 0
19906, 266554, 1, 0, 0
20002, 6073336, 0, 0, 0
20011, 268895, 1, 0, 0
20101, 5358335, 0, 0, 0
20184, 272230, 1, 0, 0
20215, 7146849, 0, 0, 0
20218, 277732, 1, 0, 0
20305, 5477162, 0, 0, 0
20314, 272321, 1, 0, 0
20403, 5376657, 0, 0, 0
20404, 262972, 1, 0, 0
20501, 5404846, 0, 0, 0
20551, 270282, 1, 0, 0
20625, 7661797, 0, 0, 0
20641, 265802, 1, 0, 0
20708, 5470318, 0, 0, 0
20709, 266421, 1, 0, 0
20805, 6320993, 0, 0, 0
20846, 270476, 1, 0, 0
20903, 5402334, 0, 0, 0
20928, 273594, 1, 0, 0
21001, 5369276, 0, 0, 0
21059, 265902, 1, 0, 0
21101, 5206499, 0, 0, 0
21165, 273094, 1, 0, 0
21328, 8410005, 0, 0, 0
21367, 299041, 1, 0, 0
21402, 4839926, 0, 0, 0
21402, 398780, 1, 0, 0
21621, 9762689, 0, 0, 0
21686, 397478, 1, 0, 0
21700, 4876268, 0, 0, 0
21700, 388227, 1, 0, 0
21804, 4148379, 0, 0, 0
21843, 378847, 1, 0, 0
21900, 3645018, 0, 0, 0
21934, 376190, 1, 0, 0
22005, 4317879, 0, 0, 0
22005, 391713, 1, 0, 0
22104, 5330018, 0, 0, 0
22114, 378394, 1, 0, 0
22200, 3421924, 0, 0, 0
22200, 371825, 1, 0, 0
22414, 53478933, 0, 0, 0
22415, 414218, 1, 0, 0
22503, 3523602, 0, 0, 0
22503, 375028, 1, 0, 0
22602, 5288053, 0, 0, 0
22602, 373947, 1, 0, 0
22705, 3594160, 0, 0, 0
22734, 378490, 1, 0, 0
22830, 6823596, 0, 0, 0
23429, 119888311, 0, 0, 0
23586, 156794676, 0, 0, 0
23613, 9145200, 0, 0, 0
23639, 379285, 1, 0, 0
23702, 7826934, 0, 0, 0
23703, 375044, 1, 0, 0
23800, 4265698, 0, 0, 0
23808, 375503, 1, 0, 0
28616, 300948075, 0, 0, 0
28874, 128900936, 0, 0, 0
28884, 385818, 1, 0, 0
28900, 4996352, 0, 0, 0
28921, 377445, 1, 0, 0
29001, 3779324, 0, 0, 0
29042, 385432, 1, 0, 0
29102, 4718130, 0, 0, 0
29102, 365600, 1, 0, 0
29213, 4495807, 0, 0, 0
29213, 410131, 1, 0, 0
29300, 384286, 1, 0, 0
29301, 3707745, 0, 0, 0
29403, 5878548, 0, 0, 0
29403, 378799, 1, 0, 0
29505, 3837488, 0, 0, 0
29505, 377318, 1, 0, 0
33621, 2058063563, 0, 0, 0
33771, 74628631, 0, 0, 0
33819, 24364639, 0, 0, 0
33824, 407167, 1, 0, 0
33900, 3764713, 0, 0, 0
33916, 392168, 1, 0, 0
34000, 3843420, 0, 0, 0
34001, 374133, 1, 0, 0
34100, 406242, 0, 0, 0
34101, 374800, 1, 0, 0
34203, 377708, 1, 0, 0
34203, 137510, 0, 0, 0
34303, 203559, 0, 0, 0
34313, 365950, 1, 0, 0
34401, 3577648, 0, 0, 0
34401, 224119, 1, 0, 0
34503, 4744565, 0, 0, 0
34757, 84588790, 0, 0, 0
34786, 252385, 1, 0, 0
34801, 3638879, 0, 0, 0
34801, 279360, 1, 0, 0
34966, 7430508, 0, 0, 0
34979, 262871, 1, 0, 0
35001, 3813049, 0, 0, 0
35040, 271295, 1, 0, 0
35101, 3941645, 0, 0, 0
35101, 268515, 1, 0, 0
35203, 4026496, 0, 0, 0
35248, 275081, 1, 0, 0
35509, 12705646, 0, 0, 0
35543, 269831, 1, 0, 0
35798, 48100587, 0, 0, 0
35805, 3551837, 0, 0, 0
35822, 268183, 1, 0, 0
35900, 3757231, 0, 0, 0
35972, 271308, 1, 0, 0
36004, 4932400, 0, 0, 0
36029, 269759, 1, 0, 0
36102, 4829602, 0, 0, 0
36135, 274907, 1, 0, 0
36201, 3937980, 0, 0, 0
36208, 274181, 1, 0, 0
36305, 4054445, 0, 0, 0
36338, 274562, 1, 0, 0
36402, 4018079, 0, 0, 0
36403, 268646, 1, 0, 0
36537, 44836532, 0, 0, 0
36544, 269534, 1, 0, 0
36600, 4125565, 0, 0, 0
36619, 265436, 1, 0, 0
36850, 31177899, 0, 0, 0
36852, 286835, 1, 0, 0
36900, 3700771, 0, 0, 0
36923, 267961, 1, 0, 0
37004, 4074720, 0, 0, 0
37012, 264869, 1, 0, 0
37102, 4855915, 0, 0, 0
37118, 270336, 1, 0, 0
37300, 14094743, 0, 0, 0
37368, 268863, 1, 0, 0
37427, 6654082, 0, 0, 0
37445, 282201, 1, 0, 0
37506, 8594249, 0, 0, 0
37563, 266046, 1, 0, 0
37603, 5352947, 0, 0, 0
37654, 264125, 1, 0, 0
37701, 4033397, 0, 0, 0
37709, 265544, 1, 0, 0
37823, 4990375, 0, 0, 0
37832, 263911, 1, 0, 0
37905, 5763799, 0, 0, 0
37905, 267618, 1, 0, 0
38012, 6561081, 0, 0, 0
38012, 267572, 1, 0, 0
38102, 6304315, 0, 0, 0
38102, 264689, 1, 0, 0
38201, 3954300, 0, 0, 0
38207, 270625, 1, 0, 0
38304, 4043758, 0, 0, 0
38386, 268805, 1, 0, 0
38477, 7197260, 0, 0, 0
38501, 3937478, 0, 0, 0
38510, 266737, 1, 0, 0
38624, 6734729, 0, 0, 0
38633, 269206, 1, 0, 0
38706, 3978379, 0, 0, 0
38716, 263651, 1, 0, 0
38812, 6635801, 0, 0, 0
38820, 272767, 1, 0, 0
38900, 266622, 1, 0, 0
38900, 872097, 0, 0, 0
39019, 199179, 0, 0, 0
39064, 269929, 1, 0, 0
39529, 170076026, 0, 0, 0
39532, 394339, 1, 0, 0
39603, 3540966, 0, 0, 0
39626, 402518, 1, 0, 0
39889, 20325395, 0, 0, 0
39891, 416522, 1, 0, 0
39903, 3469043, 0, 0, 0
39948, 434898, 1, 0, 0
40000, 373796, 1, 0, 0
40000, 665800, 0, 0, 0
40201, 613607, 0, 0, 0
40306, 15009034, 0, 0, 0
40413, 13447389, 0, 0, 0
40415, 368636, 1, 0, 0
40653, 17114819, 0, 0, 0
40681, 284237, 1, 0, 0
40703, 8098550, 0, 0, 0
40705, 248492, 1, 0, 0
40800, 3970698, 0, 0, 0
40802, 264927, 1, 0, 0
40900, 3898039, 0, 0, 0
40964, 265565, 1, 0, 0
41004, 5375677, 0, 0, 0
41036, 267694, 1, 0, 0
41136, 9355917, 0, 0, 0
41209, 6147034, 0, 0, 0
41226, 269982, 1, 0, 0
41301, 6093784, 0, 0, 0
41340, 267882, 1, 0, 0
41405, 5464221, 0, 0, 0
41422, 277158, 1, 0, 0
41504, 5409225, 0, 0, 0
41553, 265354, 1, 0, 0
41627, 6751170, 0, 0, 0
41653, 267176, 1, 0, 0
41752, 8306262, 0, 0, 0
41761, 270988, 1, 0, 0
41801, 3992927, 0, 0, 0
41834, 268592, 1, 0, 0
41914, 7386054, 0, 0, 0
41931, 265810, 1, 0, 0
42004, 5467082, 0, 0, 0
42028, 266592, 1, 0, 0
42113, 8368223, 0, 0, 0
42113, 280095, 1, 0, 0
42201, 5805087, 0, 0, 0
42251, 289290, 1, 0, 0
42324, 7679071, 0, 0, 0
42333, 267612, 1, 0, 0
42408, 5465536, 0, 0, 0
42439, 268488, 1, 0, 0
42503, 4974595, 0, 0, 0
42506, 267963, 1, 0, 0
42669, 10217903, 0, 0, 0
42669, 266055, 1, 0, 0
42768, 16474999, 0, 0, 0
42768, 272677, 1, 0, 0
42801, 16267402, 0, 0, 0
42803, 270519, 1, 0, 0
42918, 8739636, 0, 0, 0
42927, 261823, 1, 0, 0
43000, 5713641, 0, 0, 0
43015, 272224, 1, 0, 0
43106, 15037805, 0, 0, 0
43106, 281175, 1, 0, 0
43204, 6067714, 0, 0, 0
43236, 280480, 1, 0, 0
43302, 5355700, 0, 0, 0
43302, 265532, 1, 0, 0
43401, 12288686, 0, 0, 0
43499, 274934, 1, 0, 0
43501, 5213709, 0, 0, 0
43617, 58301683, 0, 0, 0
43724, 21248896, 0, 0, 0
43724, 301200, 1, 0, 0
43814, 7484267, 0, 0, 0
43841, 270409, 1, 0, 0
43903, 4433720, 0, 0, 0
43922, 267551, 1, 0, 0
44001, 3978848, 0, 0, 0
44009, 277016, 1, 0, 0
44134, 33097094, 0, 0, 0
44158, 274181, 1, 0, 0
44209, 5797275, 0, 0, 0
44308, 16491001, 0, 0, 0
44309, 298470, 1, 0, 0
44439, 25990907, 0, 0, 0
44441, 269183, 1, 0, 0
44505, 16416288, 0, 0, 0
44630, 31247970, 0, 0, 0
44654, 274261, 1, 0, 0
44704, 6018287, 0, 0, 0
44720, 272600, 1, 0, 0
44856, 4690084, 0, 0, 0
44856, 290801, 1, 0, 0
44904, 4334870, 0, 0, 0
44904, 377751, 1, 0, 0
45000, 3630889, 0, 0, 0
45014, 385443, 1, 0, 0
45408, 17705460, 0, 0, 0
45469, 390538, 1, 0, 0
45500, 6471333, 0, 0, 0
45501, 370556, 1, 0, 0
45601, 3645210, 0, 0, 0
45617, 377439, 1, 0, 0
45718, 23166401, 0, 0, 0
45726, 372847, 1, 0, 0
45804, 3589568, 0, 0, 0
45827, 376857, 1, 0, 0
45901, 3541231, 0, 0, 0
45901, 377775, 1, 0, 0
46252, 31831063, 0, 0, 0
46252, 378401, 1, 0, 0
46304, 3451411, 0, 0, 0
46348, 377287, 1, 0, 0
46636, 16554004, 0, 0, 0
46636, 387959, 1, 0, 0
46701, 3545716, 0, 0, 0
46709, 386903, 1, 0, 0
46805, 3903306, 0, 0, 0
46807, 383533, 1, 0, 0
46901, 3600042, 0, 0, 0
46908, 381311, 1, 0, 0
47144, 20155971, 0, 0, 0
47207, 7885864, 0, 0, 0
47208, 384393, 1, 0, 0
47311, 10247572, 0, 0, 0
47315, 404786, 1, 0, 0
47400, 247595, 0, 0, 0
47400, 385964, 1, 0, 0
47500, 381493, 0, 0, 0
47509, 370558, 1, 0, 0
47600, 3925123, 0, 0, 0
47606, 255208, 1, 0, 0
47703, 4072416, 0, 0, 0
47728, 262640, 1, 0, 0
47801, 4022954, 0, 0, 0
47811, 263589, 1, 0, 0
48257, 28466614, 0, 0, 0
48268, 268226, 1, 0, 0
48300, 4674483, 0, 0, 0
48309, 281793, 1, 0, 0
48404, 4082376, 0, 0, 0
48406, 274145, 1, 0, 0
48511, 10581084, 0, 0, 0
48527, 265873, 1, 0, 0
48600, 4029580, 0, 0, 0
48611, 268015, 1, 0, 0
48704, 6366775, 0, 0, 0
48717, 270132, 1, 0, 0
48804, 4073175, 0, 0, 0
48804, 265880, 1, 0, 0
48902, 5377448, 0, 0, 0
48903, 272444, 1, 0, 0
49000, 5339589, 0, 0, 0
49009, 266558, 1, 0, 0
49100, 3927668, 0, 0, 0
49217, 30285692, 0, 0, 0
49217, 300354, 1, 0, 0
49301, 5038120, 0, 0, 0
49308, 366227, 1, 0, 0
49402, 3687108, 0, 0, 0
49403, 374093, 1, 0, 0
49533, 8517467, 0, 0, 0
49936, 134310717, 0, 0, 0
50117, 90644553, 0, 0, 0
50118, 403332, 1, 0, 0
50242, 62350767, 0, 0, 0
50257, 406710, 1, 0, 0
50376, 8099520, 0, 0, 0
50400, 3428473, 0, 0, 0
50401, 401500, 1, 0, 0
50500, 4760036, 0, 0, 0
50692, 17484928, 0, 0, 0
50708, 7888680, 0, 0, 0
50716, 381977, 1, 0, 0
50804, 3533650, 0, 0, 0
50804, 374821, 1, 0, 0
50903, 4858508, 0, 0, 0
50911, 380731, 1, 0, 0
51002, 4878577, 0, 0, 0
51003, 385112, 1, 0, 0
51121, 6193530, 0, 0, 0
51121, 385905, 1, 0, 0
51253, 8749450, 0, 0, 0
51255, 387519, 1, 0, 0
51330, 5423657, 0, 0, 0
51367, 383347, 1, 0, 0
51422, 5736796, 0, 0, 0
51425, 406862, 1, 0, 0
51512, 22386277, 0, 0, 0
51528, 378523, 1, 0, 0
51600, 10918749, 0, 0, 0
51610, 377236, 1, 0, 0
51703, 5600841, 0, 0, 0
51779, 374054, 1, 0, 0
51801, 6104807, 0, 0, 0
51901, 5247473, 0, 0, 0
52001, 24903242, 0, 0, 0
52016, 376986, 1, 0, 0
52105, 4855350, 0, 0, 0
52121, 378345, 1, 0, 0
52203, 5433572, 0, 0, 0
52213, 372881, 1, 0, 0
52301, 5390350, 0, 0, 0
52376, 376005, 1, 0, 0
52408, 8865540, 0, 0, 0
52427, 378028, 1, 0, 0
52500, 5315208, 0, 0, 0
52531, 377009, 1, 0, 0
52604, 5400743, 0, 0, 0
52613, 369149, 1, 0, 0
52702, 5307084, 0, 0, 0
52713, 371312, 1, 0, 0
52825, 6740245, 0, 0, 0
52860, 374436, 1, 0, 0
52907, 5795834, 0, 0, 0
52918, 377436, 1, 0, 0
53005, 5415296, 0, 0, 0
53016, 384250, 1, 0, 0
53102, 4018609, 0, 0, 0
53105, 386790, 1, 0, 0
53200, 5305962, 0, 0, 0
53201, 367874, 1, 0, 0
53300, 5161733, 0, 0, 0
53309, 371383, 1, 0, 0
53406, 4930270, 0, 0, 0
53407, 374174, 1, 0, 0
53729, 161292398, 0, 0, 0
53730, 377768, 1, 0, 0
53803, 6050860, 0, 0, 0
53803, 372168, 1, 0, 0
53901, 3955124, 0, 0, 0
53926, 373164, 1, 0, 0
54000, 5759721, 0, 0, 0
54015, 377115, 1, 0, 0
54100, 335973, 0, 0, 0
54101, 372674, 1, 0, 0
54203, 138829, 0, 0, 0
54204, 366874, 1, 0, 0
54302, 1813367, 0, 0, 0
54334, 357416, 1, 0, 0
54400, 3603260, 0, 0, 0
54406, 258235, 1, 0, 0
54502, 3687107, 0, 0, 0
54527, 248160, 1, 0, 0
54621, 8351558, 0, 0, 0
54621, 251185, 1, 0, 0
55048, 426547635, 0, 0, 0
55100, 260708, 1, 0, 0
55105, 3793084, 0, 0, 0
55261, 8094347, 0, 0, 0
55371, 109457826, 0, 0, 0
55373, 263219, 1, 0, 0
55401, 5009619, 0, 0, 0
55403, 263695, 1, 0, 0
55505, 3671051, 0, 0, 0
55543, 266943, 1, 0, 0
55602, 3995907, 0, 0, 0
55603, 267804, 1, 0, 0
55701, 3827276, 0, 0, 0
55709, 260233, 1, 0, 0
55807, 4333842, 0, 0, 0
55836, 266251, 1, 0, 0
55901, 4193482, 0, 0, 0
55909, 260938, 1, 0, 0
56004, 4435556, 0, 0, 0
56072, 265985, 1, 0, 0
56102, 4016884, 0, 0, 0
56102, 262350, 1, 0, 0
56301, 99600444, 0, 0, 0
56302, 259063, 1, 0, 0
56534, 28925873, 0, 0, 0
56551, 264204, 1, 0, 0
56601, 5066436, 0, 0, 0
56616, 263068, 1, 0, 0
56732, 9995746, 0, 0, 0
56733, 270076, 1, 0, 0
56816, 5560062, 0, 0, 0
56823, 268131, 1, 0, 0
56903, 5780445, 0, 0, 0
56905, 271482, 1, 0, 0
57001, 5345172, 0, 0, 0
57001, 263343, 1, 0, 0
57101, 5133754, 0, 0, 0
57110, 261339, 1, 0, 0
57206, 6895182, 0, 0, 0
57208, 259411, 1, 0, 0
57304, 6035515, 0, 0, 0
57306, 263747, 1, 0, 0
57402, 6117038, 0, 0, 0
57412, 266273, 1, 0, 0
57500, 5390291, 0, 0, 0
57519, 269739, 1, 0, 0
57607, 6615705, 0, 0, 0
57617, 264685, 1, 0, 0
57705, 5388607, 0, 0, 0
57705, 268920, 1, 0, 0
57803, 5342542, 0, 0, 0
57803, 266514, 1, 0, 0
57901, 5394913, 0, 0, 0
57903, 265612, 1, 0, 0
58001, 4630803, 0, 0, 0
58099, 262396, 1, 0, 0
58100, 24826197, 0, 0, 0
58101, 270580, 1, 0, 0
58204, 5417576, 0, 0, 0
58220, 265267, 1, 0, 0
58302, 5354310, 0, 0, 0
58354, 267711, 1, 0, 0
58419, 6832077, 0, 0, 0
58434, 264463, 1, 0, 0
58525, 15055638, 0, 0, 0
58525, 271014, 1, 0, 0
58600, 5698196, 0, 0, 0
58601, 267764, 1, 0, 0
58704, 4855997, 0, 0, 0
58705, 270003, 1, 0, 0
58803, 7023659, 0, 0, 0
58852, 285238, 1, 0, 0
58900, 3970017, 0, 0, 0
58933, 263997, 1, 0, 0
59000, 3904423, 0, 0, 0
59000, 274739, 1, 0, 0
59115, 8162595, 0, 0, 0
59156, 272284, 1, 0, 0
59202, 4500638, 0, 0, 0
59205, 271408, 1, 0, 0
59301, 6088344, 0, 0, 0
59303, 268249, 1, 0, 0
59400, 994544, 0, 0, 0
59400, 264040, 1, 0, 0
59516, 199592, 0, 0, 0
59516, 264913, 1, 0, 0
59897, 380467818, 0, 0, 0
59899, 366687, 1, 0, 0
59904, 3521031, 0, 0, 0
59914, 383567, 1, 0, 0
60001, 3621117, 0, 0, 0
60003, 371487, 1, 0, 0
60468, 1172206, 0, 0, 0
60468, 373457, 1, 0, 0
60507, 6740058, 0, 0, 0
60507, 9295124, 1, 0, 0
60603, 4110874, 0, 0, 0
60645, 245609, 1, 0, 0
60702, 12180418, 0, 0, 0
60725, 255939, 1, 0, 0
60803, 3840131, 0, 0, 0
60811, 253650, 1, 0, 0
60905, 3849813, 0, 0, 0
60915, 263503, 1, 0, 0
61001, 3728405, 0, 0, 0
61001, 257043, 1, 0, 0
61307, 16943936, 0, 0, 0
61307, 264964, 1, 0, 0
61405, 4213039, 0, 0, 0
61429, 267919, 1, 0, 0
61500, 3892219, 0, 0, 0
61502, 277007, 1, 0, 0
61602, 4134402, 0, 0, 0
61643, 269560, 1, 0, 0
61703, 3858539, 0, 0, 0
61703, 266279, 1, 0, 0
61800, 4516341, 0, 0, 0
61822, 263815, 1, 0, 0
61900, 3967293, 0, 0, 0
61916, 271584, 1, 0, 0
62003, 4177442, 0, 0, 0
62011, 266626, 1, 0, 0
62105, 4153100, 0, 0, 0
62107, 266482, 1, 0, 0
62209, 4093081, 0, 0, 0
62233, 264986, 1, 0, 0
62301, 3897707, 0, 0, 0
62304, 266179, 1, 0, 0
62404, 4227492, 0, 0, 0
62406, 263733, 1, 0, 0
62500, 3703836, 0, 0, 0
62529, 263006, 1, 0, 0
62600, 3956341, 0, 0, 0
62617, 268977, 1, 0, 0
62701, 3848343, 0, 0, 0
62703, 262985, 1, 0, 0
62803, 3815389, 0, 0, 0
63461, 329191461, 0, 0, 0
63494, 266846, 1, 0, 0
63500, 3882693, 0, 0, 0
63501, 279952, 1, 0, 0
63803, 12533448, 0, 0, 0
63969, 82926609, 0, 0, 0
63969, 267079, 1, 0, 0
64000, 3915558, 0, 0, 0
64008, 286284, 1, 0, 0
64122, 4631923, 0, 0, 0
64201, 13008805, 0, 0, 0
64226, 268965, 1, 0, 0
64302, 3789017, 0, 0, 0
64310, 261747, 1, 0, 0
65028, 103571908, 0, 0, 0
65041, 265369, 1, 0, 0
65104, 3932919, 0, 0, 0
65258, 9096200, 0, 0, 0
65281, 301104, 1, 0, 0
65301, 3726702, 0, 0, 0
65301, 366094, 1, 0, 0
65401, 5446554, 0, 0, 0
65401, 372296, 1, 0, 0
65502, 3508410, 0, 0, 0
65520, 371867, 1, 0, 0
65601, 4022315, 0, 0, 0
65602, 380661, 1, 0, 0
65701, 4689440, 0, 0, 0
65701, 372428, 1, 0, 0
65964, 10023782, 0, 0, 0
66013, 24492047, 0, 0, 0
66021, 379069, 1, 0, 0
66102, 3562896, 0, 0, 0
66119, 372554, 1, 0, 0
66205, 3627978, 0, 0, 0
66237, 382130, 1, 0, 0
66699, 35199268, 0, 0, 0
66701, 1589798, 0, 0, 0
66721, 382375, 1, 0, 0
66803, 3744116, 0, 0, 0
67075, 45396802, 0, 0, 0
67075, 390395, 1, 0, 0
67104, 3471094, 0, 0, 0
67143, 388628, 1, 0, 0
67209, 3988307, 0, 0, 0
67209, 387353, 1, 0, 0
67302, 3743094, 0, 0, 0
67303, 372148, 1, 0, 0
67400, 369922, 1, 0, 0
67400, 255501, 0, 0, 0
67603, 1019665, 0, 0, 0
67603, 366089, 1, 0, 0
67702, 6954550, 0, 0, 0
67720, 203953, 1, 0, 0
67817, 5120640, 0, 0, 0
67818, 251805, 1, 0, 0
67901, 5559349, 0, 0, 0
67901, 252469, 1, 0, 0
68013, 6563753, 0, 0, 0
68048, 260835, 1, 0, 0
68102, 4889952, 0, 0, 0
68103, 263987, 1, 0, 0
68200, 3957787, 0, 0, 0
68226, 257093, 1, 0, 0
68305, 3997390, 0, 0, 0
68307, 265489, 1, 0, 0
68402, 3981769, 0, 0, 0
68405, 263666, 1, 0, 0
68500, 3987812, 0, 0, 0
68516, 259708, 1, 0, 0
68600, 262114, 1, 0, 0
68606, 3998865, 0, 0, 0
68720, 5142825, 0, 0, 0
68736, 264263, 1, 0, 0
68818, 6912809, 0, 0, 0
68837, 259941, 1, 0, 0
68900, 5076013, 0, 0, 0
68965, 263411, 1, 0, 0
69092, 6058873, 0, 0, 0
69104, 4223920, 0, 0, 0
69114, 393437, 1, 0, 0
69201, 3559248, 0, 0, 0
69223, 387997, 1, 0, 0
69307, 4156562, 0, 0, 0
69323, 379635, 1, 0, 0
69404, 4053826, 0, 0, 0
69406, 383276, 1, 0, 0
69714, 21966135, 0, 0, 0
69738, 369433, 1, 0, 0
69803, 3663275, 0, 0, 0
69810, 378274, 1, 0, 0
69901, 4361640, 0, 0, 0
69909, 374698, 1, 0, 0
70009, 4590146, 0, 0, 0
70030, 374820, 1, 0, 0
70103, 3715537, 0, 0, 0
70106, 383240, 1, 0, 0
70201, 3928043, 0, 0, 0
70203, 373910, 1, 0, 0
70305, 3912368, 0, 0, 0
70322, 374189, 1, 0, 0
70401, 3594938, 0, 0, 0
70424, 372350, 1, 0, 0
70770, 20365332, 0, 0, 0
70789, 370714, 1, 0, 0
70803, 4015164, 0, 0, 0
70805, 398573, 1, 0, 0
70900, 3906733, 0, 0, 0
71179, 139609847, 0, 0, 0
71447, 268261574, 0, 0, 0
71533, 28393044, 0, 0, 0
71543, 370369, 1, 0, 0
71601, 9600072, 0, 0, 0
71626, 380477, 1, 0, 0
71704, 4405217, 0, 0, 0
71715, 378178, 1, 0, 0
71802, 3940213, 0, 0, 0
71843, 375057, 1, 0, 0
71901, 3871867, 0, 0, 0
71918, 369737, 1, 0, 0
72005, 4048371, 0, 0, 0
72029, 374805, 1, 0, 0
72102, 3890312, 0, 0, 0
72268, 41473856, 0, 0, 0
72285, 372325, 1, 0, 0
72301, 4008957, 0, 0, 0
72301, 392818, 1, 0, 0
72400, 16364938, 0, 0, 0
72402, 375911, 1, 0, 0
72500, 5124118, 0, 0, 0
72508, 374935, 1, 0, 0
72605, 5353200, 0, 0, 0
72605, 384442, 1, 0, 0
72745, 13997932, 0, 0, 0
72836, 15178039, 0, 0, 0
72836, 372587, 1, 0, 0
72902, 16266211, 0, 0, 0
72921, 376831, 1, 0, 0
73000, 5391056, 0, 0, 0
73019, 374024, 1, 0, 0
73100, 440869, 0, 0, 0
73101, 372097, 1, 0, 0
73200, 207340, 0, 0, 0
73201, 369783, 1, 0, 0
73300, 365507, 1, 0, 0
73300, 248755, 0, 0, 0
73457, 9149511, 0, 0, 0
73457, 324661, 1, 0, 0
73504, 3588932, 0, 0, 0
73513, 216662, 1, 0, 0
73611, 5186383, 0, 0, 0
73812, 201699676, 0, 0, 0
73818, 246009, 1, 0, 0
73901, 3556132, 0, 0, 0
73901, 251639, 1, 0, 0
74165, 26302982, 0, 0, 0
74165, 261112, 1, 0, 0
74201, 5903957, 0, 0, 0
74209, 260148, 1, 0, 0
74302, 3715276, 0, 0, 0
74343, 261984, 1, 0, 0
74400, 4390606, 0, 0, 0
74415, 263397, 1, 0, 0
74504, 3946034, 0, 0, 0
74520, 262800, 1, 0, 0
74602, 3844380, 0, 0, 0
74617, 264547, 1, 0, 0
74703, 3641128, 0, 0, 0
74703, 260961, 1, 0, 0
74800, 275278, 1, 0, 0
74801, 3876745, 0, 0, 0
74901, 4275407, 0, 0, 0
74917, 261552, 1, 0, 0
75003, 3884737, 0, 0, 0
75021, 275986, 1, 0, 0
75107, 5724409, 0, 0, 0
75348, 120524249, 0, 0, 0
75617, 134665846, 0, 0, 0
75703, 8599982, 0, 0, 0
75705, 265361, 1, 0, 0
75805, 3818727, 0, 0, 0
75805, 263731, 1, 0, 0
75901, 5228336, 0, 0, 0
75901, 264548, 1, 0, 0
76014, 4848123, 0, 0, 0
76022, 269107, 1, 0, 0
76104, 14867187, 0, 0, 0
76114, 270782, 1, 0, 0
76203, 3896080, 0, 0, 0
76243, 265929, 1, 0, 0
76316, 7027392, 0, 0, 0
76333, 268500, 1, 0, 0
76403, 4250567, 0, 0, 0
76443, 266385, 1, 0, 0
76506, 4248458, 0, 0, 0
76539, 280704, 1, 0, 0
76601, 3735202, 0, 0, 0
76601, 261764, 1, 0, 0
77174, 572702261, 0, 0, 0
77182, 273125, 1, 0, 0
77200, 264479, 1, 0, 0
77205, 3713242, 0, 0, 0
77301, 3794576, 0, 0, 0
77499, 198249692, 0, 0, 0
77501, 1332229, 0, 0, 0
77622, 17340443, 0, 0, 0
77638, 268863, 1, 0, 0
77700, 3868281, 0, 0, 0
77700, 273297, 1, 0, 0
77803, 4237514, 0, 0, 0
77805, 283957, 1, 0, 0
77908, 5508725, 0, 0, 0
77946, 268137, 1, 0, 0
78000, 3909411, 0, 0, 0
78024, 265781, 1, 0, 0
78102, 3852200, 0, 0, 0
78137, 261935, 1, 0, 0
78204, 3836818, 0, 0, 0
78204, 261396, 1, 0, 0
78300, 3725862, 0, 0, 0
78300, 263202, 1, 0, 0
78400, 3880577, 0, 0, 0
78408, 260409, 1, 0, 0
78503, 4057861, 0, 0, 0
78547, 266318, 1, 0, 0
78894, 1687697, 0, 0, 0
78985, 90784292, 0, 0, 0
79033, 47437362, 0, 0, 0
79038, 260569, 1, 0, 0
79105, 3666429, 0, 0, 0
79113, 364927, 1, 0, 0
79201, 3592279, 0, 0, 0
79201, 374120, 1, 0, 0
79300, 290373, 0, 0, 0
79301, 374968, 1, 0, 0
79402, 1654419, 0, 0, 0
79404, 437812, 1, 0, 0
79501, 3907602, 0, 0, 0
79509, 216596, 1, 0, 0
79605, 4388587, 0, 0, 0
79615, 255581, 1, 0, 0
79737, 7305251, 0, 0, 0
79747, 274263, 1, 0, 0
79801, 3998493, 0, 0, 0
79812, 261773, 1, 0, 0
79975, 9614009, 0, 0, 0
79993, 270675, 1, 0, 0
80001, 3658136, 0, 0, 0
80033, 263370, 1, 0, 0
80104, 4068922, 0, 0, 0
80139, 265228, 1, 0, 0
80202, 4032407, 0, 0, 0
80318, 19301805, 0, 0, 0
80442, 20705144, 0, 0, 0
80444, 266313, 1, 0, 0
80501, 3772094, 0, 0, 0
80509, 263431, 1, 0, 0
80605, 4426069, 0, 0, 0
80738, 66619772, 0, 0, 0
81048, 154962571, 0, 0, 0
81079, 264458, 1, 0, 0
81103, 4509539, 0, 0, 0
81160, 261878, 1, 0, 0
81201, 4875914, 0, 0, 0
81201, 265643, 1, 0, 0
81301, 5151895, 0, 0, 0
81309, 262209, 1, 0, 0
81447, 8572843, 0, 0, 0
81482, 276663, 1, 0, 0
81504, 5680274, 0, 0, 0
81529, 264610, 1, 0, 0
81627, 5556249, 0, 0, 0
81645, 267478, 1, 0, 0
81717, 6360540, 0, 0, 0
81717, 261564, 1, 0, 0
81809, 6072619, 0, 0, 0
81815, 277441, 1, 0, 0
81905, 6322247, 0, 0, 0
81907, 262028, 1, 0, 0
82003, 6073262, 0, 0, 0
82004, 265802, 1, 0, 0
82102, 6021790, 0, 0, 0
82126, 264060, 1, 0, 0
82226, 12373539, 0, 0, 0
82226, 276880, 1, 0, 0
82301, 4325095, 0, 0, 0
82307, 261394, 1, 0, 0
82416, 11452069, 0, 0, 0
82423, 259810, 1, 0, 0
82504, 5786597, 0, 0, 0
82507, 262692, 1, 0, 0
82602, 5373299, 0, 0, 0
82611, 260932, 1, 0, 0
82700, 5344416, 0, 0, 0
82703, 264188, 1, 0, 0
82824, 6783493, 0, 0, 0
82824, 261257, 1, 0, 0
82957, 8795775, 0, 0, 0
82966, 263010, 1, 0, 0
83030, 6441721, 0, 0, 0
83062, 262779, 1, 0, 0
83113, 5569224, 0, 0, 0
83129, 275395, 1, 0, 0
83201, 5768105, 0, 0, 0
83201, 264105, 1, 0, 0
83301, 5186573, 0, 0, 0
83333, 266092, 1, 0, 0
83405, 5436842, 0, 0, 0
83413, 265044, 1, 0, 0
83503, 5346936, 0, 0, 0
83538, 260473, 1, 0, 0
83618, 7137399, 0, 0, 0
83643, 267484, 1, 0, 0
83700, 5829093, 0, 0, 0
83702, 267217, 1, 0, 0
83849, 5021503, 0, 0, 0
83866, 268912, 1, 0, 0
83901, 4634610, 0, 0, 0
83916, 376493, 1, 0, 0
84062, 7171190, 0, 0, 0
84063, 368757, 1, 0, 0
84173, 55175393, 0, 0, 0
84203, 3675799, 0, 0, 0
84255, 400087, 1, 0, 0
84485, 14107726, 0, 0, 0
84495, 408471, 1, 0, 0
84500, 3326226, 0, 0, 0
84502, 366291, 1, 0, 0
84603, 3589329, 0, 0, 0
84655, 374202, 1, 0, 0
84743, 22990502, 0, 0, 0
84768, 379154, 1, 0, 0
84803, 4102011, 0, 0, 0
84803, 368183, 1, 0, 0
85481, 56382077, 0, 0, 0
85502, 3640614, 0, 0, 0
85505, 385514, 1, 0, 0
85653, 9238602, 0, 0, 0
85654, 374593, 1, 0, 0
85700, 3301374, 0, 0, 0
85706, 370042, 1, 0, 0
85959, 16046970, 0, 0, 0
85973, 370981, 1, 0, 0
86003, 6155517, 0, 0, 0
86011, 376148, 1, 0, 0
86100, 11965559, 0, 0, 0
86204, 13049030, 0, 0, 0
86302, 16226235, 0, 0, 0
86302, 377548, 1, 0, 0
86458, 38945680, 0, 0, 0
86466, 373810, 1, 0, 0
86503, 3595663, 0, 0, 0
86505, 379199, 1, 0, 0
86649, 11086375, 0, 0, 0
86743, 13498179, 0, 0, 0
86751, 371110, 1, 0, 0
86848, 12864351, 0, 0, 0
86856, 368853, 1, 0, 0
86913, 16119900, 0, 0, 0
87068, 15565931, 0, 0, 0
87076, 375169, 1, 0, 0
87121, 6390603, 0, 0, 0
87121, 371769, 1, 0, 0
87200, 467202, 0, 0, 0
87200, 368156, 1, 0, 0
87357, 385397, 0, 0, 0
87381, 369422, 1, 0, 0
87403, 4157057, 0, 0, 0
87404, 202297, 1, 0, 0
87503, 16535357, 0, 0, 0
87587, 274235, 1, 0, 0
87601, 5417876, 0, 0, 0
87601, 256923, 1, 0, 0
87726, 6547909, 0, 0, 0
87740, 256726, 1, 0, 0
87814, 5796084, 0, 0, 0
87847, 260655, 1, 0, 0
87904, 5569748, 0, 0, 0
87906, 264149, 1, 0, 0
88002, 5363968, 0, 0, 0
88068, 262131, 1, 0, 0
88100, 5327755, 0, 0, 0
88151, 260819, 1, 0, 0
88200, 5221161, 0, 0, 0
88257, 263781, 1, 0, 0
88313, 7506541, 0, 0, 0
88323, 266059, 1, 0, 0
88403, 5546432, 0, 0, 0
88403, 265541, 1, 0, 0
88501, 6102258, 0, 0, 0
88511, 262161, 1, 0, 0
88601, 5881317, 0, 0, 0
88706, 5485122, 0, 0, 0
88708, 268343, 1, 0, 0
88829, 6684904, 0, 0, 0
88855, 262196, 1, 0, 0
88961, 9285729, 0, 0, 0
88961, 266718, 1, 0, 0
89001, 4000880, 0, 0, 0
89003, 275337, 1, 0, 0
89174, 10766647, 0, 0, 0
89177, 260688, 1, 0, 0
89201, 3546376, 0, 0, 0
89417, 25450411, 0, 0, 0
89430, 285928, 1, 0, 0
89687, 26901220, 0, 0, 0
89700, 4372031, 0, 0, 0
89732, 407947, 1, 0, 0
89804, 3611522, 0, 0, 0
89806, 399747, 1, 0, 0
89926, 7156716, 0, 0, 0
89931, 414245, 1, 0, 0
90053, 42243015, 0, 0, 0
90055, 413559, 1, 0, 0
90105, 3491989, 0, 0, 0
90122, 390304, 1, 0, 0
90429, 16106626, 0, 0, 0
90460, 378609, 1, 0, 0
90503, 3590228, 0, 0, 0
90511, 376931, 1, 0, 0
90601, 4362738, 0, 0, 0
90603, 375717, 1, 0, 0
90714, 4235361, 0, 0, 0
90714, 371540, 1, 0, 0
90803, 3844227, 0, 0, 0
90804, 372038, 1, 0, 0
90901, 3946839, 0, 0, 0
90903, 375501, 1, 0, 0
91000, 378241, 1, 0, 0
91004, 3502854, 0, 0, 0
91115, 9844108, 0, 0, 0
91145, 373292, 1, 0, 0
91321, 29053599, 0, 0, 0
91654, 166254820, 0, 0, 0
91670, 372984, 1, 0, 0
91700, 3504595, 0, 0, 0
91700, 377442, 1, 0, 0
91828, 8454627, 0, 0, 0
91829, 380112, 1, 0, 0
91902, 12265898, 0, 0, 0
91937, 375940, 1, 0, 0
92036, 8896794, 0, 0, 0
92059, 390772, 1, 0, 0
92116, 6037359, 0, 0, 0
92159, 375158, 1, 0, 0
92215, 8132316, 0, 0, 0
92215, 391167, 1, 0, 0
92367, 7477600, 0, 0, 0
92368, 378075, 1, 0, 0
92403, 4409429, 0, 0, 0
92404, 373149, 1, 0, 0
92501, 5351047, 0, 0, 0
92567, 372609, 1, 0, 0
92601, 5225512, 0, 0, 0
92633, 375818, 1, 0, 0
92715, 7414834, 0, 0, 0
92723, 371896, 1, 0, 0
92805, 6294338, 0, 0, 0
92805, 367760, 1, 0, 0
92903, 5243924, 0, 0, 0
92913, 374659, 1, 0, 0
93010, 26791855, 0, 0, 0
93068, 372378, 1, 0, 0
93100, 4364468, 0, 0, 0
93102, 374635, 1, 0, 0
93200, 370251, 1, 0, 0
93201, 14296417, 0, 0, 0
93323, 10944810, 0, 0, 0
93333, 373296, 1, 0, 0
93405, 5685700, 0, 0, 0
93413, 371083, 1, 0, 0
93553, 12278116, 0, 0, 0
93562, 372866, 1, 0, 0
93611, 6998415, 0, 0, 0
93613, 366944, 1, 0, 0
93758, 369991, 1, 0, 0
93758, 193794, 0, 0, 0
93800, 138151, 0, 0, 0
93802, 366317, 1, 0, 0
93929, 643070, 0, 0, 0
93929, 359277, 1, 0, 0
94062, 65557738, 0, 0, 0
94293, 230858942, 0, 0, 0
94293, 895205, 1, 0, 0
94303, 3569116, 0, 0, 0
94349, 252437, 1, 0, 0
94401, 3573115, 0, 0, 0
94649, 123882134, 0, 0, 0
94649, 243390, 1, 0, 0
94702, 5763037, 0, 0, 0
94753, 259294, 1, 0, 0
94808, 4030585, 0, 0, 0
94859, 260482, 1, 0, 0
94902, 4194248, 0, 0, 0
94904, 260358, 1, 0, 0
95007, 4322510, 0, 0, 0
95017, 264384, 1, 0, 0
95103, 3581889, 0, 0, 0
95103, 261894, 1, 0, 0
95217, 5098770, 0, 0, 0
95341, 62072145, 0, 0, 0
95342, 260526, 1, 0, 0
95400, 3562214, 0, 0, 0
95422, 261885, 1, 0, 0
95682, 15631290, 0, 0, 0
95705, 3717629, 0, 0, 0
95707, 262721, 1, 0, 0
95802, 4004144, 0, 0, 0
95866, 265111, 1, 0, 0
95906, 5756016, 0, 0, 0
95906, 286772, 1, 0, 0
96008, 5066428, 0, 0, 0
96048, 271777, 1, 0, 0
96281, 19357732, 0, 0, 0
96301, 9999741, 0, 0, 0
96362, 259592, 1, 0, 0
96401, 4338280, 0, 0, 0
96409, 267649, 1, 0, 0
96506, 6474310, 0, 0, 0
96528, 268276, 1, 0, 0
96600, 4208503, 0, 0, 0
96607, 260066, 1, 0, 0
97303, 53980439, 0, 0, 0
97305, 266777, 1, 0, 0
97405, 3813598, 0, 0, 0
97578, 21702017, 0, 0, 0
97580, 265101, 1, 0, 0
97636, 28593790, 0, 0, 0
97694, 264582, 1, 0, 0
97717, 10056788, 0, 0, 0
97725, 272294, 1, 0, 0
97803, 3860449, 0, 0, 0
97821, 264374, 1, 0, 0
97905, 4200103, 0, 0, 0
97906, 272032, 1, 0, 0
98000, 3845411, 0, 0, 0
98114, 19032272, 0, 0, 0
98155, 260951, 1, 0, 0
98201, 3899463, 0, 0, 0
98211, 272795, 1, 0, 0
98303, 4167652, 0, 0, 0
98303, 265821, 1, 0, 0
98405, 3865184, 0, 0, 0
98487, 263110, 1, 0, 0
98503, 12137525, 0, 0, 0
98527, 264505, 1, 0, 0
98605, 3819862, 0, 0, 0
98605, 260626, 1, 0, 0
98824, 72872830, 0, 0, 0
98824, 259118, 1, 0, 0
98901, 3785800, 0, 0, 0
98901, 263631, 1, 0, 0
99489, 42006237, 0, 0, 0
99503, 4622636, 0, 0, 0
99527, 282937, 1, 0, 0
99605, 3839984, 0, 0, 0
100256, 130224132, 0, 0, 0
100301, 4079671, 0, 0, 0
100304, 269636, 1, 0, 0
101256, 41432853, 0, 0, 0
101264, 264029, 1, 0, 0
101301, 3976705, 0, 0, 0
101325, 263324, 1, 0, 0
101506, 306894, 0, 0, 0
101524, 258300, 1, 0, 0
101613, 4998629, 0, 0, 0
101696, 363059, 1, 0, 0
101713, 11031368, 0, 0, 0
101909, 195384221, 0, 0, 0
101931, 379786, 1, 0, 0
102005, 3602202, 0, 0, 0
102013, 385739, 1, 0, 0
102193, 442875, 0, 0, 0
102193, 364029, 1, 0, 0
102200, 186047, 1, 0, 0
102205, 3879677, 0, 0, 0
102321, 5195092, 0, 0, 0
102322, 228870, 1, 0, 0
102408, 21673840, 0, 0, 0
102574, 82982133, 0, 0, 0
102605, 5220901, 0, 0, 0
102670, 282814, 1, 0, 0
102701, 3816304, 0, 0, 0
102707, 249466, 1, 0, 0
102802, 4779074, 0, 0, 0
102804, 252689, 1, 0, 0
102942, 10572604, 0, 0, 0
103207, 265112609, 0, 0, 0
103238, 258669, 1, 0, 0
103301, 3848980, 0, 0, 0
103317, 262031, 1, 0, 0
103482, 18070996, 0, 0, 0
103505, 3889843, 0, 0, 0
103507, 264028, 1, 0, 0
103610, 17284996, 0, 0, 0
103644, 264921, 1, 0, 0
103700, 3870219, 0, 0, 0
103716, 261643, 1, 0, 0
103802, 5958201, 0, 0, 0
103810, 263535, 1, 0, 0
103903, 3775004, 0, 0, 0
103921, 263749, 1, 0, 0
104001, 5045543, 0, 0, 0
104062, 261661, 1, 0, 0
104102, 4377408, 0, 0, 0
104128, 270633, 1, 0, 0
104203, 3826733, 0, 0, 0
104220, 261331, 1, 0, 0
104835, 78891528, 0, 0, 0
104866, 266548, 1, 0, 0
104905, 3798555, 0, 0, 0
104916, 266117, 1, 0, 0
105335, 26758250, 0, 0, 0
105352, 261978, 1, 0, 0
105405, 3864350, 0, 0, 0
105405, 265960, 1, 0, 0
105501, 3696432, 0, 0, 0
105508, 258558, 1, 0, 0
105601, 3924213, 0, 0, 0
105603, 262691, 1, 0, 0
105704, 4158322, 0, 0, 0
106354, 92856236, 0, 0, 0
106502, 148462336, 0, 0, 0
106503, 260347, 1, 0, 0
106605, 5648928, 0, 0, 0
106605, 268001, 1, 0, 0
106708, 4179486, 0, 0, 0
106723, 263484, 1, 0, 0
107421, 33849556, 0, 0, 0
107421, 270655, 1, 0, 0
107836, 414259911, 0, 0, 0
107843, 262984, 1, 0, 0
107900, 3697109, 0, 0, 0
107906, 271661, 1, 0, 0
108143, 12651242, 0, 0, 0
108152, 263148, 1, 0, 0
108200, 9350642, 0, 0, 0
108239, 268895, 1, 0, 0
108322, 5761426, 0, 0, 0
108328, 275165, 1, 0, 0
108460, 19707599, 0, 0, 0
108460, 283373, 1, 0, 0
108500, 3634710, 0, 0, 0
108540, 269835, 1, 0, 0
108607, 4608131, 0, 0, 0
108643, 277208, 1, 0, 0
108704, 4352105, 0, 0, 0
108741, 294603, 1, 0, 0
108805, 3919049, 0, 0, 0
108813, 366313, 1, 0, 0
108904, 4859920, 0, 0, 0
108906, 370650, 1, 0, 0
109044, 34858857, 0, 0, 0
109285, 120251581, 0, 0, 0
109287, 373453, 1, 0, 0
109301, 3223637, 0, 0, 0
109324, 397075, 1, 0, 0
109403, 3684281, 0, 0, 0
109433, 388209, 1, 0, 0
109501, 3545694, 0, 0, 0
109507, 405260, 1, 0, 0
109603, 3637386, 0, 0, 0
109611, 393910, 1, 0, 0
109902, 14898042, 0, 0, 0
109954, 389616, 1, 0, 0
110000, 3508440, 0, 0, 0
110021, 380361, 1, 0, 0
110102, 3640625, 0, 0, 0
110292, 47402111, 0, 0, 0
110301, 3115429, 0, 0, 0
110331, 380134, 1, 0, 0
110403, 3671684, 0, 0, 0
110403, 376790, 1, 0, 0
110528, 6897867, 0, 0, 0
110596, 382995, 1, 0, 0
110602, 4108143, 0, 0, 0
110648, 382382, 1, 0, 0
111037, 108491448, 0, 0, 0
111037, 397092, 1, 0, 0
111102, 4494711, 0, 0, 0
111127, 374616, 1, 0, 0
111201, 3866930, 0, 0, 0
111416, 214694053, 0, 0, 0
111426, 376314, 1, 0, 0
111500, 6360840, 0, 0, 0
111500, 374749, 1, 0, 0
111600, 3898342, 0, 0, 0
111601, 392830, 1, 0, 0
111787, 432326, 0, 0, 0
111787, 378496, 1, 0, 0
111801, 4697086, 0, 0, 0
111801, 180298, 1, 0, 0
111901, 5244310, 0, 0, 0
111949, 243181, 1, 0, 0
112031, 6712325, 0, 0, 0
112049, 247581, 1, 0, 0
112112, 5765388, 0, 0, 0
112112, 253842, 1, 0, 0
112202, 5542380, 0, 0, 0
112219, 260666, 1, 0, 0
112300, 5834603, 0, 0, 0
112319, 257488, 1, 0, 0
112400, 5207192, 0, 0, 0
112415, 274621, 1, 0, 0
112505, 5433872, 0, 0, 0
112540, 268813, 1, 0, 0
112628, 6777546, 0, 0, 0
112638, 266057, 1, 0, 0
112710, 5816066, 0, 0, 0
112742, 270896, 1, 0, 0
112801, 5332898, 0, 0, 0
112810, 268111, 1, 0, 0
112900, 5350725, 0, 0, 0
112988, 261229, 1, 0, 0
113004, 5423234, 0, 0, 0
113004, 263775, 1, 0, 0
113127, 6780052, 0, 0, 0
113169, 259948, 1, 0, 0
113211, 5549546, 0, 0, 0
113217, 270038, 1, 0, 0
113300, 5510613, 0, 0, 0
113315, 264921, 1, 0, 0
113404, 5390459, 0, 0, 0
113415, 264340, 1, 0, 0
113503, 6048625, 0, 0, 0
113505, 259086, 1, 0, 0
113602, 6078536, 0, 0, 0
113602, 393163, 1, 0, 0
113703, 4138120, 0, 0, 0
113704, 375226, 1, 0, 0
113800, 3518986, 0, 0, 0
113814, 373279, 1, 0, 0
113904, 3926728, 0, 0, 0
113949, 382261, 1, 0, 0
114003, 3888298, 0, 0, 0
114003, 375470, 1, 0, 0
114105, 3653619, 0, 0, 0
114113, 379002, 1, 0, 0
114804, 99598559, 0, 0, 0
114825, 380134, 1, 0, 0
114900, 3647720, 0, 0, 0
114906, 388066, 1, 0, 0
115080, 22373127, 0, 0, 0
115086, 374948, 1, 0, 0
115100, 3901088, 0, 0, 0
115123, 391676, 1, 0, 0
115214, 4653662, 0, 0, 0
115238, 377704, 1, 0, 0
115300, 4984020, 0, 0, 0
115300, 376477, 1, 0, 0
115402, 11184608, 0, 0, 0
115404, 377984, 1, 0, 0
115504, 7070271, 0, 0, 0
115719, 215071705, 0, 0, 0
115782, 382958, 1, 0, 0
115804, 4932706, 0, 0, 0
115804, 389075, 1, 0, 0
115903, 3752139, 0, 0, 0
115930, 380189, 1, 0, 0
116001, 3952295, 0, 0, 0
116009, 382777, 1, 0, 0
116100, 3836874, 0, 0, 0
116123, 371520, 1, 0, 0
116204, 3998950, 0, 0, 0
116206, 375253, 1, 0, 0
116327, 5508906, 0, 0, 0
116353, 377843, 1, 0, 0
116408, 5769211, 0, 0, 0
116411, 373397, 1, 0, 0
116507, 6874603, 0, 0, 0
116507, 382320, 1, 0, 0
116605, 5928240, 0, 0, 0
116605, 380709, 1, 0, 0
117102, 20655771, 0, 0, 0
117202, 16548044, 0, 0, 0
117309, 13440651, 0, 0, 0
117334, 387625, 1, 0, 0
117401, 5334245, 0, 0, 0
117402, 382703, 1, 0, 0
117505, 5360063, 0, 0, 0
117549, 371780, 1, 0, 0
117670, 11754389, 0, 0, 0
117679, 372727, 1, 0, 0
117703, 3872946, 0, 0, 0
117713, 369418, 1, 0, 0
117817, 5637604, 0, 0, 0
117826, 377558, 1, 0, 0
117991, 9408899, 0, 0, 0
118074, 41552370, 0, 0, 0
118084, 377212, 1, 0, 0
118100, 3692325, 0, 0, 0
118106, 383969, 1, 0, 0
118244, 369235, 1, 0, 0
118245, 167568, 0, 0, 0
118300, 369747, 1, 0, 0
118300, 137476, 0, 0, 0
118404, 1945865, 0, 0, 0
118419, 315352, 1, 0, 0
118500, 3655333, 0, 0, 0
118536, 275703, 1, 0, 0
118601, 6267817, 0, 0, 0
118625, 275437, 1, 0, 0
118943, 14780273, 0, 0, 0
118987, 265437, 1, 0, 0
119000, 3782573, 0, 0, 0
119002, 259759, 1, 0, 0
119577, 30236963, 0, 0, 0
119577, 263627, 1, 0, 0
119725, 147408798, 0, 0, 0
119725, 272435, 1, 0, 0
119800, 3489577, 0, 0, 0
119808, 262293, 1, 0, 0
119904, 4411385, 0, 0, 0
119906, 265229, 1, 0, 0
120001, 3896378, 0, 0, 0
120070, 259712, 1, 0, 0
120100, 4891283, 0, 0, 0
120174, 271662, 1, 0, 0
120202, 5892475, 0, 0, 0
120215, 261918, 1, 0, 0
120305, 5928904, 0, 0, 0
120346, 262079, 1, 0, 0
120402, 4391015, 0, 0, 0
120453, 261424, 1, 0, 0
120500, 4006849, 0, 0, 0
120526, 260238, 1, 0, 0
120600, 267759, 1, 0, 0
120605, 3988753, 0, 0, 0
120703, 4030181, 0, 0, 0
120703, 262754, 1, 0, 0
121044, 33914978, 0, 0, 0
121060, 259304, 1, 0, 0
121101, 4733959, 0, 0, 0
121109, 281154, 1, 0, 0
121200, 3883355, 0, 0, 0
121206, 261667, 1, 0, 0
121303, 3984229, 0, 0, 0
121314, 263732, 1, 0, 0
121410, 5275556, 0, 0, 0
121420, 271177, 1, 0, 0
121667, 18291840, 0, 0, 0
121700, 268087, 1, 0, 0
121701, 6891101, 0, 0, 0
121805, 4474815, 0, 0, 0
121814, 267629, 1, 0, 0
121903, 3983485, 0, 0, 0
121911, 262125, 1, 0, 0
122170, 17736141, 0, 0, 0
122176, 269647, 1, 0, 0
122277, 26790545, 0, 0, 0
122286, 260209, 1, 0, 0
122300, 4451548, 0, 0, 0
122300, 278620, 1, 0, 0
122403, 12724831, 0, 0, 0
122424, 261376, 1, 0, 0
122505, 5612625, 0, 0, 0
122514, 266549, 1, 0, 0
122603, 5405227, 0, 0, 0
122606, 265927, 1, 0, 0
122701, 5397273, 0, 0, 0
122761, 264196, 1, 0, 0
122816, 7137236, 0, 0, 0
122835, 270218, 1, 0, 0
122900, 5527761, 0, 0, 0
122915, 268233, 1, 0, 0
123004, 5404645, 0, 0, 0
123021, 263481, 1, 0, 0
123106, 20176733, 0, 0, 0
123114, 266134, 1, 0, 0
123201, 4510162, 0, 0, 0
123253, 269973, 1, 0, 0
123300, 6026187, 0, 0, 0
123341, 262243, 1, 0, 0
123423, 6793504, 0, 0, 0
123431, 264692, 1, 0, 0
123555, 9325854, 0, 0, 0
123571, 264625, 1, 0, 0
123603, 3966758, 0, 0, 0
123655, 259544, 1, 0, 0
123721, 7797402, 0, 0, 0
123729, 274537, 1, 0, 0
123921, 543840, 0, 0, 0
123979, 263623, 1, 0, 0
124002, 4999026, 0, 0, 0
124016, 359339, 1, 0, 0
124103, 3660872, 0, 0, 0
124113, 361613, 1, 0, 0
124372, 639321, 0, 0, 0
124402, 4302432, 0, 0, 0
124419, 368642, 1, 0, 0
124502, 3905588, 0, 0, 0
124535, 249817, 1, 0, 0
124606, 4899501, 0, 0, 0
124640, 253963, 1, 0, 0
124703, 4871035, 0, 0, 0
124712, 257228, 1, 0, 0
124801, 3895668, 0, 0, 0
124811, 254932, 1, 0, 0
124908, 6603116, 0, 0, 0
124908, 264268, 1, 0, 0
125032, 30952626, 0, 0, 0
125033, 261736, 1, 0, 0
125105, 3980957, 0, 0, 0
125107, 264417, 1, 0, 0
125470, 22765331, 0, 0, 0
125480, 261348, 1, 0, 0
125502, 3939497, 0, 0, 0
125505, 265944, 1, 0, 0
125600, 3972986, 0, 0, 0
125602, 263467, 1, 0, 0
125700, 7061210, 0, 0, 0
125700, 261267, 1, 0, 0
125805, 5191502, 0, 0, 0
125813, 269060, 1, 0, 0
125902, 3979023, 0, 0, 0
125904, 268996, 1, 0, 0
126000, 263753, 1, 0, 0
126001, 3875828, 0, 0, 0
126105, 4141577, 0, 0, 0
126113, 258554, 1, 0, 0
126607, 29481413, 0, 0, 0
126631, 265766, 1, 0, 0
126701, 4846340, 0, 0, 0
126726, 266160, 1, 0, 0
126800, 3895216, 0, 0, 0
126807, 262359, 1, 0, 0
126904, 4074296, 0, 0, 0
126904, 266077, 1, 0, 0
127001, 3982960, 0, 0, 0
127001, 262442, 1, 0, 0
127267, 22049877, 0, 0, 0
127269, 264610, 1, 0, 0
127301, 3754322, 0, 0, 0
127308, 274589, 1, 0, 0
127406, 8012153, 0, 0, 0
127408, 268995, 1, 0, 0
127503, 3945834, 0, 0, 0
127537, 261862, 1, 0, 0
127618, 7160125, 0, 0, 0
127619, 267954, 1, 0, 0
127709, 11238383, 0, 0, 0
127744, 268585, 1, 0, 0
127816, 8863183, 0, 0, 0
127824, 265196, 1, 0, 0
127905, 3947766, 0, 0, 0
127948, 265468, 1, 0, 0
128004, 5426311, 0, 0, 0
128020, 263352, 1, 0, 0
128101, 5387538, 0, 0, 0
128102, 263699, 1, 0, 0
128201, 12189737, 0, 0, 0
128227, 262186, 1, 0, 0
128300, 8997417, 0, 0, 0
128300, 260040, 1, 0, 0
128405, 4068505, 0, 0, 0
128413, 261448, 1, 0, 0
128503, 5407781, 0, 0, 0
128520, 266159, 1, 0, 0
128626, 11440486, 0, 0, 0
128706, 80260514, 0, 0, 0
128714, 374250, 1, 0, 0
128802, 3593942, 0, 0, 0
128803, 371388, 1, 0, 0
129410, 30281181, 0, 0, 0
129418, 372921, 1, 0, 0
129928, 32283250, 0, 0, 0
129928, 383309, 1, 0, 0
130001, 3585236, 0, 0, 0
130017, 372227, 1, 0, 0
130101, 4841094, 0, 0, 0
130101, 373825, 1, 0, 0
130200, 4242545, 0, 0, 0
130378, 25391727, 0, 0, 0
130527, 74556116, 0, 0, 0
130651, 62103383, 0, 0, 0
130652, 379390, 1, 0, 0
130721, 5742380, 0, 0, 0
130820, 49576498, 0, 0, 0
130829, 374127, 1, 0, 0
130904, 5097168, 0, 0, 0
130906, 371185, 1, 0, 0
131064, 11331419, 0, 0, 0
131087, 371149, 1, 0, 0
131168, 10311439, 0, 0, 0
131168, 372286, 1, 0, 0
131205, 3608031, 0, 0, 0
131262, 374867, 1, 0, 0
131304, 4898391, 0, 0, 0
131304, 375857, 1, 0, 0
131413, 6679945, 0, 0, 0
131413, 372259, 1, 0, 0
131571, 8608919, 0, 0, 0
131572, 371190, 1, 0, 0
131646, 36876835, 0, 0, 0
131658, 376527, 1, 0, 0
131848, 50364591, 0, 0, 0
131875, 376998, 1, 0, 0
131922, 5990610, 0, 0, 0
131929, 377052, 1, 0, 0
132030, 21472677, 0, 0, 0
132146, 115717967, 0, 0, 0
132189, 377288, 1, 0, 0
132203, 5689880, 0, 0, 0
132227, 367175, 1, 0, 0
132300, 370114, 1, 0, 0
132300, 212572, 0, 0, 0
132411, 855234, 0, 0, 0
132419, 364711, 1, 0, 0
132501, 5521372, 0, 0, 0
132567, 223189, 1, 0, 0
132606, 5454159, 0, 0, 0
132614, 253341, 1, 0, 0
132703, 5302756, 0, 0, 0
132739, 252115, 1, 0, 0
132819, 7107662, 0, 0, 0
132835, 265993, 1, 0, 0
132911, 6103826, 0, 0, 0
132911, 261685, 1, 0, 0
133001, 5504765, 0, 0, 0
133001, 258054, 1, 0, 0
133105, 5435437, 0, 0, 0
133164, 263829, 1, 0, 0
133203, 5385233, 0, 0, 0
133254, 264774, 1, 0, 0
133301, 5357258, 0, 0, 0
133366, 256167, 1, 0, 0
133416, 7158473, 0, 0, 0
133418, 261884, 1, 0, 0
133500, 5476497, 0, 0, 0
133514, 262206, 1, 0, 0
133604, 5393078, 0, 0, 0
133606, 262562, 1, 0, 0
133702, 5375064, 0, 0, 0
133712, 268470, 1, 0, 0
133800, 5373405, 0, 0, 0
133800, 265550, 1, 0, 0
133917, 6704973, 0, 0, 0
133923, 262748, 1, 0, 0
134005, 5777816, 0, 0, 0
134021, 260178, 1, 0, 0
134103, 5378609, 0, 0, 0
134105, 259947, 1, 0, 0
134209, 21719273, 0, 0, 0
134215, 429458, 1, 0, 0
134303, 3673081, 0, 0, 0
134313, 394064, 1, 0, 0
134867, 70251543, 0, 0, 0
134876, 395694, 1, 0, 0
134903, 3444337, 0, 0, 0
134911, 389318, 1, 0, 0
135450, 22674925, 0, 0, 0
135460, 386021, 1, 0, 0
135502, 3580317, 0, 0, 0
135517, 382570, 1, 0, 0
135602, 5495375, 0, 0, 0
135627, 376568, 1, 0, 0
135703, 6285127, 0, 0, 0
135704, 380808, 1, 0, 0
135800, 3579021, 0, 0, 0
135800, 375209, 1, 0, 0
135975, 19273193, 0, 0, 0
135987, 377097, 1, 0, 0
136001, 5275595, 0, 0, 0
136016, 389395, 1, 0, 0
136105, 3587400, 0, 0, 0
136107, 376478, 1, 0, 0
136214, 6485134, 0, 0, 0
136216, 371079, 1, 0, 0
136300, 4851525, 0, 0, 0
136345, 372217, 1, 0, 0
136405, 4795573, 0, 0, 0
136415, 368240, 1, 0, 0
136504, 4800378, 0, 0, 0
136504, 378882, 1, 0, 0
136603, 4763301, 0, 0, 0
136689, 373427, 1, 0, 0
136703, 7118875, 0, 0, 0
136703, 395036, 1, 0, 0
136859, 7720404, 0, 0, 0
136859, 380076, 1, 0, 0
136983, 12363390, 0, 0, 0
136991, 373475, 1, 0, 0
137001, 3453857, 0, 0, 0
137010, 378754, 1, 0, 0
137148, 13144867, 0, 0, 0
137148, 383750, 1, 0, 0
137205, 3924821, 0, 0, 0
137223, 369443, 1, 0, 0
137303, 5370230, 0, 0, 0
137311, 375775, 1, 0, 0
137460, 11042835, 0, 0, 0
137478, 373932, 1, 0, 0
137500, 3990291, 0, 0, 0
137500, 376712, 1, 0, 0
137632, 8040216, 0, 0, 0
137633, 373864, 1, 0, 0
137708, 5712538, 0, 0, 0
137738, 369698, 1, 0, 0
137804, 5547902, 0, 0, 0
137828, 374495, 1, 0, 0
137902, 12310717, 0, 0, 0
137903, 385364, 1, 0, 0
138001, 6899480, 0, 0, 0
138124, 6150227, 0, 0, 0
138132, 376185, 1, 0, 0
138214, 5482904, 0, 0, 0
138214, 375329, 1, 0, 0
138304, 5505804, 0, 0, 0
138328, 379296, 1, 0, 0
138402, 5303436, 0, 0, 0
138418, 373402, 1, 0, 0
138500, 5412028, 0, 0, 0
138556, 426732, 1, 0, 0
138620, 410014, 1, 0, 0
138697, 1243576, 0, 0, 0
138745, 47878915, 0, 0, 0
138754, 372539, 1, 0, 0
138800, 3810992, 0, 0, 0
138841, 370540, 1, 0, 0
138902, 4597869, 0, 0, 0
138904, 371256, 1, 0, 0
139004, 3827930, 0, 0, 0
139006, 374359, 1, 0, 0
139100, 5937826, 0, 0, 0
139116, 399057, 1, 0, 0
139202, 3835264, 0, 0, 0
139202, 376532, 1, 0, 0
139304, 3801563, 0, 0, 0
139306, 372207, 1, 0, 0
139400, 271038, 0, 0, 0
139401, 373981, 1, 0, 0
139617, 1758645, 0, 0, 0
139708, 45387572, 0, 0, 0
139714, 361582, 1, 0, 0
139802, 3708811, 0, 0, 0
139804, 230017, 1, 0, 0
139900, 3564728, 0, 0, 0
139900, 252393, 1, 0, 0
140044, 5258281, 0, 0, 0
140067, 258539, 1, 0, 0
140104, 4273616, 0, 0, 0
140126, 260390, 1, 0, 0
140251, 5579960, 0, 0, 0
140252, 260724, 1, 0, 0
140302, 3515941, 0, 0, 0
140310, 262362, 1, 0, 0
140400, 3699279, 0, 0, 0
140568, 18681388, 0, 0, 0
140801, 232506748, 0, 0, 0
140808, 263895, 1, 0, 0
140900, 264282, 1, 0, 0
140906, 6447635, 0, 0, 0
141011, 4730898, 0, 0, 0
141022, 265603, 1, 0, 0
141101, 4013073, 0, 0, 0
141101, 263211, 1, 0, 0
141201, 4972012, 0, 0, 0
141205, 263828, 1, 0, 0
141304, 4244112, 0, 0, 0
141313, 265756, 1, 0, 0
141402, 4393852, 0, 0, 0
141420, 266139, 1, 0, 0
141501, 3900193, 0, 0, 0
141508, 265982, 1, 0, 0
141600, 12283020, 0, 0, 0
141623, 265733, 1, 0, 0
141704, 4065820, 0, 0, 0
141704, 261751, 1, 0, 0
141802, 5345725, 0, 0, 0
141810, 262143, 1, 0, 0
141900, 3977152, 0, 0, 0
141918, 261379, 1, 0, 0
142005, 4318474, 0, 0, 0
142007, 259650, 1, 0, 0
142103, 3980817, 0, 0, 0
142127, 266208, 1, 0, 0
142252, 14927959, 0, 0, 0
142570, 317346652, 0, 0, 0
142685, 23040790, 0, 0, 0
142740, 27660029, 0, 0, 0
142751, 281932, 1, 0, 0
142800, 5858221, 0, 0, 0
142808, 267015, 1, 0, 0
142905, 4009512, 0, 0, 0
142907, 275174, 1, 0, 0
143002, 4002541, 0, 0, 0
143029, 274027, 1, 0, 0
143100, 3992769, 0, 0, 0
143102, 266432, 1, 0, 0
143340, 13264056, 0, 0, 0
143372, 267241, 1, 0, 0
143404, 4006546, 0, 0, 0
143431, 265135, 1, 0, 0
143502, 3971182, 0, 0, 0
143520, 261799, 1, 0, 0
143622, 4755087, 0, 0, 0
143701, 19687668, 0, 0, 0
143715, 263927, 1, 0, 0
143804, 4087128, 0, 0, 0
143823, 264330, 1, 0, 0
143903, 5443505, 0, 0, 0
143911, 264854, 1, 0, 0
144001, 5386491, 0, 0, 0
144001, 272760, 1, 0, 0
144162, 53524931, 0, 0, 0
144167, 256971, 1, 0, 0
144200, 7435172, 0, 0, 0
144207, 270423, 1, 0, 0
144349, 18433247, 0, 0, 0
144359, 260073, 1, 0, 0
144400, 262928, 1, 0, 0
144406, 3966964, 0, 0, 0
144545, 840111, 0, 0, 0
144586, 259271, 1, 0, 0
144617, 6528624, 0, 0, 0
144668, 272372, 1, 0, 0
144700, 5524583, 0, 0, 0
144705, 259938, 1, 0, 0
144801, 14434118, 0, 0, 0
144866, 401893, 1, 0, 0
144989, 23405874, 0, 0, 0
145002, 4409940, 0, 0, 0
145032, 385309, 1, 0, 0
145100, 3577304, 0, 0, 0
145114, 393381, 1, 0, 0
145602, 55644750, 0, 0, 0
145654, 377717, 1, 0, 0
145700, 3604838, 0, 0, 0
146061, 51633647, 0, 0, 0
146070, 412823, 1, 0, 0
146100, 630718, 0, 0, 0
146100, 369254, 1, 0, 0
146252, 397676, 0, 0, 0
146275, 367807, 1, 0, 0
146301, 3984644, 0, 0, 0
146349, 231781, 1, 0, 0
146484, 91485051, 0, 0, 0
146505, 20897170, 0, 0, 0
146510, 259797, 1, 0, 0
146604, 4035311, 0, 0, 0
146612, 245193, 1, 0, 0
146701, 4021683, 0, 0, 0
146720, 254999, 1, 0, 0
146801, 3946560, 0, 0, 0
146809, 262282, 1, 0, 0
146904, 4059902, 0, 0, 0
146921, 263875, 1, 0, 0
147123, 43736080, 0, 0, 0
147180, 281347, 1, 0, 0
147203, 6070050, 0, 0, 0
147252, 260968, 1, 0, 0
147301, 9772947, 0, 0, 0
147301, 266492, 1, 0, 0
147401, 4662981, 0, 0, 0
147401, 262550, 1, 0, 0
147505, 4031635, 0, 0, 0
147515, 263511, 1, 0, 0
147603, 6057987, 0, 0, 0
147603, 262203, 1, 0, 0
147701, 5396749, 0, 0, 0
147791, 264733, 1, 0, 0
147801, 5217874, 0, 0, 0
147834, 267133, 1, 0, 0
147914, 7421365, 0, 0, 0
147915, 261692, 1, 0, 0
148004, 5518263, 0, 0, 0
148004, 264685, 1, 0, 0
148102, 5386892, 0, 0, 0
148104, 271205, 1, 0, 0
148200, 5424881, 0, 0, 0
148300, 5873392, 0, 0, 0
148300, 274381, 1, 0, 0
148430, 8507641, 0, 0, 0
148440, 263237, 1, 0, 0
148520, 5504577, 0, 0, 0
148520, 264644, 1, 0, 0
148610, 6361206, 0, 0, 0
148620, 263189, 1, 0, 0
148700, 5580610, 0, 0, 0
148717, 266291, 1, 0, 0
148800, 5204503, 0, 0, 0
148816, 262485, 1, 0, 0
148904, 5376210, 0, 0, 0
148904, 264990, 1, 0, 0
149027, 6830867, 0, 0, 0
149028, 265202, 1, 0, 0
149109, 5810754, 0, 0, 0
149111, 269193, 1, 0, 0
149201, 5300946, 0, 0, 0
149207, 268846, 1, 0, 0
149301, 5167591, 0, 0, 0
149380, 261563, 1, 0, 0
149407, 15078454, 0, 0, 0
149413, 270306, 1, 0, 0
149502, 4966547, 0, 0, 0
149502, 265314, 1, 0, 0
149601, 6047230, 0, 0, 0
149625, 265807, 1, 0, 0
149732, 9361205, 0, 0, 0
149741, 269677, 1, 0, 0
149806, 6127106, 0, 0, 0
149825, 292947, 1, 0, 0
149904, 5311569, 0, 0, 0
149904, 262337, 1, 0, 0
150047, 6645838, 0, 0, 0
150304, 36751238, 0, 0, 0
150418, 28623870, 0, 0, 0
150420, 278010, 1, 0, 0
150500, 3485982, 0, 0, 0
150523, 398777, 1, 0, 0
150768, 16673319, 0, 0, 0
150784, 391226, 1, 0, 0
150804, 3534455, 0, 0, 0
150858, 377459, 1, 0, 0
150905, 3568773, 0, 0, 0
151432, 263523972, 0, 0, 0
151515, 41202984, 0, 0, 0
151530, 384270, 1, 0, 0
151634, 9749729, 0, 0, 0
151717, 41263162, 0, 0, 0
151774, 374023, 1, 0, 0
151804, 10866388, 0, 0, 0
151805, 395189, 1, 0, 0
151903, 16319824, 0, 0, 0
151924, 382220, 1, 0, 0
152001, 4790899, 0, 0, 0
152010, 386792, 1, 0, 0
152104, 3643350, 0, 0, 0
152142, 376119, 1, 0, 0
152201, 3636096, 0, 0, 0
152233, 373746, 1, 0, 0
152341, 6942234, 0, 0, 0
152354, 373240, 1, 0, 0
152403, 6149208, 0, 0, 0
152411, 384360, 1, 0, 0
152500, 3636551, 0, 0, 0
152813, 52298366, 0, 0, 0
152821, 385948, 1, 0, 0
152900, 377315, 1, 0, 0
152905, 4980947, 0, 0, 0
153003, 5414601, 0, 0, 0
153013, 388067, 1, 0, 0
153101, 5303020, 0, 0, 0
153144, 372121, 1, 0, 0
153235, 11953441, 0, 0, 0
153236, 370003, 1, 0, 0
153300, 157609, 0, 0, 0
153301, 372995, 1, 0, 0
153422, 573074, 0, 0, 0
153444, 368591, 1, 0, 0
153510, 6744962, 0, 0, 0
153526, 262157, 1, 0, 0
153600, 5580245, 0, 0, 0
153602, 259519, 1, 0, 0
153700, 5189549, 0, 0, 0
153706, 256957, 1, 0, 0
153804, 4871818, 0, 0, 0
153845, 256233, 1, 0, 0
153902, 5381661, 0, 0, 0
153959, 259497, 1, 0, 0
154017, 7175163, 0, 0, 0
154019, 271475, 1, 0, 0
154107, 6363663, 0, 0, 0
154133, 248942, 1, 0, 0
154205, 5340838, 0, 0, 0
154205, 258727, 1, 0, 0
154303, 5296590, 0, 0, 0
154305, 262914, 1, 0, 0
154401, 5349265, 0, 0, 0
154475, 258976, 1, 0, 0
154524, 6075803, 0, 0, 0
154532, 264275, 1, 0, 0
154605, 5767930, 0, 0, 0
154624, 279403, 1, 0, 0
154754, 8157050, 0, 0, 0
154754, 260673, 1, 0, 0
154827, 6070508, 0, 0, 0
154860, 274909, 1, 0, 0
154909, 5815310, 0, 0, 0
154911, 260992, 1, 0, 0
155001, 5315695, 0, 0, 0
155013, 266423, 1, 0, 0
155227, 33026610, 0, 0, 0
156047, 820038288, 0, 0, 0
156051, 411015, 1, 0, 0
156102, 3578310, 0, 0, 0
156104, 597651, 1, 0, 0
156205, 3532496, 0, 0, 0
156214, 380449, 1, 0, 0
156302, 3906427, 0, 0, 0
156325, 377054, 1, 0, 0
156404, 3589432, 0, 0, 0
156405, 379022, 1, 0, 0
156596, 10553974, 0, 0, 0
156596, 386265, 1, 0, 0
156611, 7552015, 0, 0, 0
156621, 377350, 1, 0, 0
156701, 3404762, 0, 0, 0
156708, 377970, 1, 0, 0
156802, 3672412, 0, 0, 0
156824, 380787, 1, 0, 0
157325, 23611358, 0, 0, 0
157325, 375866, 1, 0, 0
157402, 6372035, 0, 0, 0
157404, 386973, 1, 0, 0
157518, 4018966, 0, 0, 0
157591, 375158, 1, 0, 0
157600, 5337708, 0, 0, 0
157600, 370111, 1, 0, 0
157702, 3936551, 0, 0, 0
157709, 372921, 1, 0, 0
157804, 3533591, 0, 0, 0
157805, 372974, 1, 0, 0
157919, 18996306, 0, 0, 0
157968, 381849, 1, 0, 0
158005, 12166534, 0, 0, 0
158005, 368592, 1, 0, 0
158101, 5874791, 0, 0, 0
158138, 373263, 1, 0, 0
158201, 3961093, 0, 0, 0
158201, 375364, 1, 0, 0
158303, 4103042, 0, 0, 0
158306, 370840, 1, 0, 0
158509, 17046130, 0, 0, 0
158509, 380417, 1, 0, 0
158612, 12685450, 0, 0, 0
158623, 373173, 1, 0, 0
158701, 3867773, 0, 0, 0
158709, 368750, 1, 0, 0
158803, 4148643, 0, 0, 0
158845, 379639, 1, 0, 0
158947, 5515182, 0, 0, 0
158947, 390453, 1, 0, 0
159002, 3851650, 0, 0, 0
159010, 382731, 1, 0, 0
160063, 52886200, 0, 0, 0
160066, 369503, 1, 0, 0
160102, 3908356, 0, 0, 0
160136, 396293, 1, 0, 0
162371, 94482919, 0, 0, 0
162472, 100415247, 0, 0, 0
162478, 377797, 1, 0, 0
162503, 4220475, 0, 0, 0
162503, 370775, 1, 0, 0
162605, 3754431, 0, 0, 0
162613, 372305, 1, 0, 0
162700, 885446, 0, 0, 0
162701, 370701, 1, 0, 0
162805, 546362, 0, 0, 0
162838, 371742, 1, 0, 0
163178, 23290083, 0, 0, 0
163213, 35182378, 0, 0, 0
163244, 402923, 1, 0, 0
163301, 4070793, 0, 0, 0
163374, 404254, 1, 0, 0
163400, 3895981, 0, 0, 0
163433, 397366, 1, 0, 0
163500, 368669, 1, 0, 0
163500, 825425, 0, 0, 0
163714, 819610, 0, 0, 0
163721, 374009, 1, 0, 0
163801, 3699991, 0, 0, 0
163817, 209404, 1, 0, 0
163904, 3634547, 0, 0, 0
163929, 252262, 1, 0, 0
164228, 14654533, 0, 0, 0
164331, 103486593, 0, 0, 0
164331, 269502, 1, 0, 0
164401, 3594950, 0, 0, 0
164403, 260444, 1, 0, 0
164701, 19843746, 0, 0, 0
164720, 261442, 1, 0, 0
164826, 5937370, 0, 0, 0
164844, 265551, 1, 0, 0
164902, 4656890, 0, 0, 0
164912, 261151, 1, 0, 0
165000, 4312186, 0, 0, 0
165003, 261724, 1, 0, 0
165104, 5148746, 0, 0, 0
165131, 264043, 1, 0, 0
165219, 7137585, 0, 0, 0
165221, 265895, 1, 0, 0
165317, 6934209, 0, 0, 0
165336, 265822, 1, 0, 0
165401, 5474661, 0, 0, 0
165409, 263385, 1, 0, 0
165505, 5407039, 0, 0, 0
165524, 261127, 1, 0, 0
165604, 8216347, 0, 0, 0
165638, 270468, 1, 0, 0
165702, 5358518, 0, 0, 0
165712, 261851, 1, 0, 0
165800, 5360098, 0, 0, 0
165802, 267234, 1, 0, 0
165923, 6800346, 0, 0, 0
165925, 264313, 1, 0, 0
166005, 5769443, 0, 0, 0
166007, 265854, 1, 0, 0
166103, 5398909, 0, 0, 0
166129, 276667, 1, 0, 0
166201, 6061091, 0, 0, 0
166201, 260864, 1, 0, 0
166301, 5813687, 0, 0, 0
166302, 264497, 1, 0, 0
166431, 6737639, 0, 0, 0
166441, 261822, 1, 0, 0
166513, 5730284, 0, 0, 0
166529, 258974, 1, 0, 0
166602, 4908846, 0, 0, 0
166613, 260868, 1, 0, 0
166700, 5383428, 0, 0, 0
166700, 265270, 1, 0, 0
166800, 5158918, 0, 0, 0
166807, 262585, 1, 0, 0
166930, 6760610, 0, 0, 0
166930, 265518, 1, 0, 0
167012, 5829110, 0, 0, 0
167028, 262402, 1, 0, 0
167101, 5528683, 0, 0, 0
167109, 268509, 1, 0, 0
167201, 5204463, 0, 0, 0
167234, 266519, 1, 0, 0
167305, 5406621, 0, 0, 0
167315, 259765, 1, 0, 0
167404, 6964081, 0, 0, 0
167428, 268227, 1, 0, 0
167519, 5650481, 0, 0, 0
167535, 265857, 1, 0, 0
167600, 6735926, 0, 0, 0
167617, 265204, 1, 0, 0
167706, 6544813, 0, 0, 0
167725, 269675, 1, 0, 0
167804, 4056347, 0, 0, 0
167854, 267450, 1, 0, 0
167902, 4869429, 0, 0, 0
167902, 263837, 1, 0, 0
168001, 12223339, 0, 0, 0
168020, 267542, 1, 0, 0
168102, 11174468, 0, 0, 0
168111, 264638, 1, 0, 0
168200, 5366095, 0, 0, 0
168209, 261609, 1, 0, 0
168304, 5391214, 0, 0, 0
168305, 268405, 1, 0, 0
168404, 16512742, 0, 0, 0
168412, 261606, 1, 0, 0
168502, 5398364, 0, 0, 0
168502, 259408, 1, 0, 0
168600, 5342351, 0, 0, 0
168608, 261202, 1, 0, 0
168701, 14386936, 0, 0, 0
168718, 263216, 1, 0, 0
168806, 5408125, 0, 0, 0
168844, 268102, 1, 0, 0
168903, 4867938, 0, 0, 0
169430, 105294581, 0, 0, 0
169661, 231275326, 0, 0, 0
169678, 266897, 1, 0, 0
169700, 261169, 1, 0, 0
169700, 481459, 0, 0, 0
169815, 2002721, 0, 0, 0
169935, 120569395, 0, 0, 0
169936, 291498, 1, 0, 0
170000, 3515913, 0, 0, 0
170000, 375946, 1, 0, 0
170102, 3599154, 0, 0, 0
170102, 382103, 1, 0, 0
170201, 3545622, 0, 0, 0
170202, 395834, 1, 0, 0
170300, 272011, 0, 0, 0
170300, 370134, 1, 0, 0
170405, 819858, 0, 0, 0
170415, 344464, 1, 0, 0
170508, 4193460, 0, 0, 0
170508, 252740, 1, 0, 0
170601, 3846536, 0, 0, 0
170619, 248494, 1, 0, 0
170705, 5171244, 0, 0, 0
170871, 83132573, 0, 0, 0
170897, 268353, 1, 0, 0
170902, 5182275, 0, 0, 0
170903, 256265, 1, 0, 0
171004, 3866517, 0, 0, 0
171012, 263811, 1, 0, 0
171100, 4041530, 0, 0, 0
171132, 261286, 1, 0, 0
171669, 26999091, 0, 0, 0
171670, 263680, 1, 0, 0
171701, 3537939, 0, 0, 0
171717, 269859, 1, 0, 0
172352, 25941119, 0, 0, 0
172354, 262376, 1, 0, 0
172413, 30407466, 0, 0, 0
172414, 269136, 1, 0, 0
172504, 4012755, 0, 0, 0
172514, 264487, 1, 0, 0
172600, 4080679, 0, 0, 0
172624, 261257, 1, 0, 0
172700, 3914380, 0, 0, 0
172774, 260863, 1, 0, 0
172807, 13186571, 0, 0, 0
172817, 258227, 1, 0, 0
172900, 3852967, 0, 0, 0
172909, 265727, 1, 0, 0
173003, 4204544, 0, 0, 0
173003, 262747, 1, 0, 0
173101, 3963241, 0, 0, 0
173129, 264335, 1, 0, 0
173201, 3943165, 0, 0, 0
173201, 264835, 1, 0, 0
173301, 3838985, 0, 0, 0
173303, 260674, 1, 0, 0
173403, 4132432, 0, 0, 0
173403, 262521, 1, 0, 0
173500, 263003, 1, 0, 0
173505, 3842392, 0, 0, 0
173600, 4237522, 0, 0, 0
173625, 264843, 1, 0, 0
173702, 3851170, 0, 0, 0
173702, 261690, 1, 0, 0
173803, 3816879, 0, 0, 0
173805, 263934, 1, 0, 0
174334, 52962794, 0, 0, 0
174334, 261758, 1, 0, 0
174405, 3868319, 0, 0, 0
174407, 271668, 1, 0, 0
174500, 5259421, 0, 0, 0
174508, 263821, 1, 0, 0
174751, 4802292, 0, 0, 0
174803, 5743205, 0, 0, 0
174818, 280147, 1, 0, 0
174916, 4202889, 0, 0, 0
174998, 376430, 1, 0, 0
175000, 368837, 1, 0, 0
175005, 3648484, 0, 0, 0
175515, 36412225, 0, 0, 0
175515, 380132, 1, 0, 0
176131, 307885836, 0, 0, 0
176140, 385128, 1, 0, 0
176204, 3566714, 0, 0, 0
176221, 378399, 1, 0, 0
176304, 4879438, 0, 0, 0
176321, 375417, 1, 0, 0
176402, 4821426, 0, 0, 0
176445, 373814, 1, 0, 0
176527, 6033883, 0, 0, 0
176619, 5789484, 0, 0, 0
176620, 371570, 1, 0, 0
176717, 97109923, 0, 0, 0
176727, 374731, 1, 0, 0
176802, 4290179, 0, 0, 0
176802, 379733, 1, 0, 0
176900, 3550335, 0, 0, 0
176900, 380466, 1, 0, 0
177023, 7162100, 0, 0, 0
177023, 379299, 1, 0, 0
177107, 4941964, 0, 0, 0
177117, 379036, 1, 0, 0
177200, 4788287, 0, 0, 0
177216, 377203, 1, 0, 0
177303, 5246398, 0, 0, 0
177378, 381940, 1, 0, 0
177401, 5389652, 0, 0, 0
177449, 379891, 1, 0, 0
177500, 367716, 0, 0, 0
177501, 384605, 1, 0, 0
177657, 436088, 0, 0, 0
177674, 375674, 1, 0, 0
177729, 6454852, 0, 0, 0
177729, 199726, 1, 0, 0
177802, 5195158, 0, 0, 0
177837, 257814, 1, 0, 0
177909, 4716933, 0, 0, 0
177909, 248031, 1, 0, 0
178000, 5319117, 0, 0, 0
178001, 262109, 1, 0, 0
178105, 6855660, 0, 0, 0
178144, 256129, 1, 0, 0
178203, 4822648, 0, 0, 0
178252, 274370, 1, 0, 0
178300, 5308670, 0, 0, 0
178334, 266536, 1, 0, 0
178416, 7120684, 0, 0, 0
178416, 277189, 1, 0, 0
178530, 6953732, 0, 0, 0
178541, 267995, 1, 0, 0
178679, 8142368, 0, 0, 0
178679, 268904, 1, 0, 0
178703, 3805081, 0, 0, 0
178753, 263487, 1, 0, 0
178818, 7159990, 0, 0, 0
178820, 273140, 1, 0, 0
178900, 5763936, 0, 0, 0
178900, 274539, 1, 0, 0
179021, 6929554, 0, 0, 0
179028, 344973, 1, 0, 0
179159, 27328452, 0, 0, 0
179159, 406944, 1, 0, 0
179215, 27657751, 0, 0, 0
179292, 401439, 1, 0, 0
179446, 38414775, 0, 0, 0
179447, 426188, 1, 0, 0
179514, 33761573, 0, 0, 0
179618, 25963043, 0, 0, 0
179735, 58357004, 0, 0, 0
179816, 40729952, 0, 0, 0
179838, 404099, 1, 0, 0
179904, 3604727, 0, 0, 0
179906, 428483, 1, 0, 0
180002, 3535966, 0, 0, 0
180002, 406032, 1, 0, 0
