122, 73, 0, 0, 0
122, 16, 1, 0, 0
222, 200, 0, 0, 0
222, 70, 1, 0, 0
322, 180, 0, 0, 0
322, 50, 1, 0, 0
422, 160, 0, 0, 0
422, 50, 1, 0, 0
522, 150, 0, 0, 0
522, 60, 1, 0, 0
622, 151, 0, 0, 0
622, 40, 1, 0, 0
722, 190, 0, 0, 0
722, 50, 1, 0, 0
822, 210, 0, 0, 0
822, 110, 1, 0, 0
922, 200, 0, 0, 0
922, 20, 1, 0, 0
1022, 180, 0, 0, 0
1022, 10, 1, 0, 0
1122, 150, 0, 0, 0
1122, 10, 1, 0, 0
1222, 170, 0, 0, 0
1222, 10, 1, 0, 0
1322, 200, 0, 0, 0
1322, 80, 1, 0, 0
1422, 220, 0, 0, 0
1422, 80, 1, 0, 0
1522, 180, 0, 0, 0
1522, 60, 1, 0, 0
1621, 181, 0, 0, 0
1621, 70, 1, 0, 0
1721, 140, 0, 0, 0
1721, 70, 1, 0, 0
1821, 60, 0, 0, 0
1821, 40, 1, 0, 0
1921, 180, 0, 0, 0
1921, 20, 1, 0, 0
2021, 190, 0, 0, 0
2021, 80, 1, 0, 0
2122, 170, 0, 0, 0
2122, 20, 1, 0, 0
2222, 140, 0, 0, 0
2222, 50, 1, 0, 0
2322, 160, 0, 0, 0
2322, 50, 1, 0, 0
2422, 180, 0, 0, 0
2422, 50, 1, 0, 0
2522, 190, 0, 0, 0
2622, 170, 0, 0, 0
2622, 20, 1, 0, 0
2722, 160, 0, 0, 0
2722, 50, 1, 0, 0
2822, 140, 0, 0, 0
2822, 70, 1, 0, 0
2922, 140, 0, 0, 0
2922, 50, 1, 0, 0
3022, 170, 0, 0, 0
3022, 90, 1, 0, 0
3121, 191, 0, 0, 0
3121, 40, 1, 0, 0
3221, 180, 0, 0, 0
3221, 30, 1, 0, 0
3321, 160, 0, 0, 0
3321, 80, 1, 0, 0
3421, 150, 0, 0, 0
3421, 20, 1, 0, 0
3521, 130, 0, 0, 0
3521, 40, 1, 0, 0
3622, 160, 0, 0, 0
3622, 50, 1, 0, 0
3722, 140, 0, 0, 0
3722, 70, 1, 0, 0
3822, 200, 0, 0, 0
3822, 30, 1, 0, 0
3922, 170, 0, 0, 0
3922, 90, 1, 0, 0
4022, 190, 0, 0, 0
4022, 80, 1, 0, 0
4122, 180, 0, 0, 0
4122, 30, 1, 0, 0
4222, 160, 0, 0, 0
4222, 30, 1, 0, 0
4322, 140, 0, 0, 0
4322, 40, 1, 0, 0
4422, 190, 0, 0, 0
4422, 20, 1, 0, 0
4522, 190, 0, 0, 0
4522, 50, 1, 0, 0
4621, 181, 0, 0, 0
4621, 60, 1, 0, 0
4721, 160, 0, 0, 0
4721, 20, 1, 0, 0
4821, 150, 0, 0, 0
4821, 40, 1, 0, 0
4921, 160, 0, 0, 0
4921, 10, 1, 0, 0
5022, 190, 0, 0, 0
5022, 90, 1, 0, 0
5122, 180, 0, 0, 0
5122, 30, 1, 0, 0
5222, 100, 0, 0, 0
5222, 30, 1, 0, 0
5322, 210, 0, 0, 0
5322, 60, 1, 0, 0
5422, 70, 0, 0, 0
5422, 20, 1, 0, 0
5622, 10, 0, 0, 0
5922, 130, 0, 0, 0
5922, 20, 1, 0, 0
6022, 140, 0, 0, 0
6022, 20, 1, 0, 0
6121, 161, 0, 0, 0
6121, 50, 1, 0, 0
6221, 160, 0, 0, 0
6221, 30, 1, 0, 0
6321, 140, 0, 0, 0
6321, 20, 1, 0, 0
6421, 200, 0, 0, 0
6421, 20, 1, 0, 0
6521, 240, 0, 0, 0
6521, 60, 1, 0, 0
6622, 2490, 0, 0, 0
6622, 500, 1, 0, 0
6722, 1360, 0, 0, 0
6722, 400, 1, 0, 0
6922, 210, 0, 0, 0
6922, 30, 1, 0, 0
7022, 260, 0, 0, 0
7022, 70, 1, 0, 0
7122, 240, 0, 0, 0
7122, 90, 1, 0, 0
7222, 250, 0, 0, 0
7222, 50, 1, 0, 0
7322, 140, 0, 0, 0
7322, 50, 1, 0, 0
7422, 30, 0, 0, 0
7422, 20, 1, 0, 0
7522, 40, 0, 0, 0
7522, 10, 1, 0, 0
7621, 262, 0, 0, 0
7621, 70, 1, 0, 0
7721, 230, 0, 0, 0
7721, 80, 1, 0, 0
7821, 190, 0, 0, 0
8022, 50, 0, 0, 0
8122, 150, 0, 0, 0
8122, 70, 1, 0, 0
8222, 250, 0, 0, 0
8222, 30, 1, 0, 0
8322, 70, 0, 0, 0
8622, 20, 0, 0, 0
8622, 30, 1, 0, 0
8722, 140, 0, 0, 0
8722, 60, 1, 0, 0
8822, 210, 0, 0, 0
8822, 80, 1, 0, 0
10622, 10, 0, 0, 0
10722, 250, 0, 0, 0
10722, 20, 1, 0, 0
10822, 230, 0, 0, 0
10822, 40, 1, 0, 0
10922, 200, 0, 0, 0
10922, 30, 1, 0, 0
11921, 140, 0, 0, 0
11921, 10, 1, 0, 0
12021, 200, 0, 0, 0
12021, 50, 1, 0, 0
12222, 170, 0, 0, 0
12222, 90, 1, 0, 0
12322, 170, 0, 0, 0
12322, 30, 1, 0, 0
13022, 170, 0, 0, 0
13022, 110, 1, 0, 0
13121, 171, 0, 0, 0
13121, 20, 1, 0, 0
13622, 20, 0, 0, 0
13822, 120, 0, 0, 0
13822, 20, 1, 0, 0
13922, 230, 0, 0, 0
13922, 40, 1, 0, 0
14022, 230, 0, 0, 0
14022, 90, 1, 0, 0
14122, 230, 0, 0, 0
14122, 30, 1, 0, 0
14222, 250, 0, 0, 0
14222, 60, 1, 0, 0
14322, 240, 0, 0, 0
14322, 50, 1, 0, 0
14422, 140, 0, 0, 0
14422, 40, 1, 0, 0
15322, 120, 0, 0, 0
15322, 30, 1, 0, 0
15422, 220, 0, 0, 0
15422, 80, 1, 0, 0
16522, 120, 0, 0, 0
16622, 150, 0, 0, 0
16622, 40, 1, 0, 0
16822, 90, 0, 0, 0
16822, 20, 1, 0, 0
16922, 240, 0, 0, 0
16922, 60, 1, 0, 0
17022, 240, 0, 0, 0
17022, 60, 1, 0, 0
17121, 262, 0, 0, 0
17121, 80, 1, 0, 0
17221, 260, 0, 0, 0
17221, 40, 1, 0, 0
17322, 220, 0, 0, 0
17322, 90, 1, 0, 0
18321, 120, 0, 0, 0
18321, 80, 1, 0, 0
18521, 210, 0, 0, 0
18521, 50, 1, 0, 0
18621, 140, 0, 0, 0
18621, 20, 1, 0, 0
18721, 130, 0, 0, 0
18721, 40, 1, 0, 0
18822, 230, 0, 0, 0
18822, 50, 1, 0, 0
18922, 230, 0, 0, 0
18922, 70, 1, 0, 0
19022, 160, 0, 0, 0
19022, 30, 1, 0, 0
19122, 1100, 0, 0, 0
19122, 270, 1, 0, 0
19222, 3410, 0, 0, 0
19222, 830, 1, 0, 0
19322, 90, 0, 0, 0
19322, 30, 1, 0, 0
19422, 170, 0, 0, 0
19422, 80, 1, 0, 0
19522, 150, 0, 0, 0
19522, 60, 1, 0, 0
19621, 101, 0, 0, 0
19621, 20, 1, 0, 0
19721, 180, 0, 0, 0
19721, 100, 1, 0, 0
19822, 180, 0, 0, 0
19822, 30, 1, 0, 0
19922, 190, 0, 0, 0
19922, 30, 1, 0, 0
20022, 160, 0, 0, 0
20022, 40, 1, 0, 0
20122, 150, 0, 0, 0
20122, 40, 1, 0, 0
20222, 160, 0, 0, 0
20222, 20, 1, 0, 0
20322, 190, 0, 0, 0
20322, 100, 1, 0, 0
20422, 190, 0, 0, 0
20422, 20, 1, 0, 0
20522, 160, 0, 0, 0
20522, 10, 1, 0, 0
20621, 121, 0, 0, 0
20621, 40, 1, 0, 0
20721, 180, 0, 0, 0
20721, 60, 1, 0, 0
20821, 170, 0, 0, 0
20821, 40, 1, 0, 0
20922, 190, 0, 0, 0
20922, 20, 1, 0, 0
21022, 180, 0, 0, 0
21022, 40, 1, 0, 0
21122, 140, 0, 0, 0
21122, 40, 1, 0, 0
21222, 150, 0, 0, 0
21222, 40, 1, 0, 0
21422, 210, 0, 0, 0
21422, 70, 1, 0, 0
21522, 160, 0, 0, 0
21522, 50, 1, 0, 0
21621, 10, 0, 0, 0
21721, 210, 0, 0, 0
21721, 60, 1, 0, 0
21821, 240, 0, 0, 0
21821, 90, 1, 0, 0
21921, 240, 0, 0, 0
21921, 20, 1, 0, 0
22022, 260, 0, 0, 0
22022, 60, 1, 0, 0
22122, 180, 0, 0, 0
22122, 60, 1, 0, 0
22222, 240, 0, 0, 0
22222, 170, 1, 0, 0
22422, 30, 0, 0, 0
22422, 10, 1, 0, 0
22522, 270, 0, 0, 0
22522, 120, 1, 0, 0
22621, 181, 0, 0, 0
22621, 90, 1, 0, 0
22721, 270, 0, 0, 0
22721, 30, 1, 0, 0
22821, 130, 0, 0, 0
22821, 50, 1, 0, 0
22921, 50, 0, 0, 0
23522, 10, 0, 0, 0
23622, 40, 0, 0, 0
23722, 160, 0, 0, 0
23722, 110, 1, 0, 0
23822, 220, 0, 0, 0
23822, 70, 1, 0, 0
23922, 100, 0, 0, 0
28622, 20, 0, 0, 0
28922, 110, 0, 0, 0
28922, 30, 1, 0, 0
29022, 240, 0, 0, 0
29022, 70, 1, 0, 0
29121, 232, 0, 0, 0
29121, 50, 1, 0, 0
29221, 210, 0, 0, 0
29221, 70, 1, 0, 0
29321, 250, 0, 0, 0
29321, 80, 1, 0, 0
29421, 180, 0, 0, 0
29421, 40, 1, 0, 0
29521, 220, 0, 0, 0
29521, 50, 1, 0, 0
33621, 10, 0, 0, 0
33722, 10, 0, 0, 0
33822, 40, 0, 0, 0
33922, 240, 0, 0, 0
33922, 40, 1, 0, 0
34022, 250, 0, 0, 0
34022, 120, 1, 0, 0
34122, 2910, 0, 0, 0
34122, 730, 1, 0, 0
34222, 830, 0, 0, 0
34222, 200, 1, 0, 0
34322, 2200, 0, 0, 0
34322, 660, 1, 0, 0
34422, 270, 0, 0, 0
34422, 80, 1, 0, 0
34522, 180, 0, 0, 0
34522, 70, 1, 0, 0
34821, 170, 0, 0, 0
34821, 40, 1, 0, 0
34921, 170, 0, 0, 0
34921, 20, 1, 0, 0
35021, 150, 0, 0, 0
35021, 20, 1, 0, 0
35121, 220, 0, 0, 0
35121, 60, 1, 0, 0
35221, 280, 0, 0, 0
35221, 30, 1, 0, 0
35322, 180, 0, 0, 0
35322, 20, 1, 0, 0
35522, 20, 0, 0, 0
35622, 40, 0, 0, 0
35622, 10, 1, 0, 0
35822, 80, 0, 0, 0
35822, 20, 1, 0, 0
35922, 240, 0, 0, 0
35922, 30, 1, 0, 0
36022, 210, 0, 0, 0
36022, 10, 1, 0, 0
36121, 212, 0, 0, 0
36121, 50, 1, 0, 0
36221, 240, 0, 0, 0
36221, 30, 1, 0, 0
36321, 250, 0, 0, 0
36321, 50, 1, 0, 0
36421, 220, 0, 0, 0
36421, 60, 1, 0, 0
36621, 210, 0, 0, 0
36621, 40, 1, 0, 0
36722, 20, 0, 0, 0
36922, 180, 0, 0, 0
36922, 60, 1, 0, 0
37022, 260, 0, 0, 0
37022, 70, 1, 0, 0
37122, 200, 0, 0, 0
37122, 30, 1, 0, 0
37222, 80, 0, 0, 0
37222, 20, 1, 0, 0
37322, 20, 0, 0, 0
37422, 170, 0, 0, 0
37422, 20, 1, 0, 0
37522, 110, 0, 0, 0
37522, 40, 1, 0, 0
37621, 212, 0, 0, 0
37621, 40, 1, 0, 0
37721, 250, 0, 0, 0
37721, 50, 1, 0, 0
37821, 180, 0, 0, 0
37821, 70, 1, 0, 0
37921, 190, 0, 0, 0
37921, 50, 1, 0, 0
38021, 130, 0, 0, 0
38021, 60, 1, 0, 0
38121, 180, 0, 0, 0
38121, 50, 1, 0, 0
38221, 240, 0, 0, 0
38221, 20, 1, 0, 0
38321, 250, 0, 0, 0
38321, 60, 1, 0, 0
38421, 190, 0, 0, 0
38421, 10, 1, 0, 0
38522, 120, 0, 0, 0
38522, 20, 1, 0, 0
38622, 120, 0, 0, 0
38622, 50, 1, 0, 0
38722, 240, 0, 0, 0
38722, 60, 1, 0, 0
38822, 150, 0, 0, 0
38822, 20, 1, 0, 0
38922, 1630, 0, 0, 0
38922, 560, 1, 0, 0
39022, 870, 0, 0, 0
39022, 230, 1, 0, 0
39122, 20, 0, 0, 0
39122, 10, 1, 0, 0
39621, 262, 0, 0, 0
39621, 70, 1, 0, 0
39721, 80, 0, 0, 0
39721, 20, 1, 0, 0
39921, 100, 0, 0, 0
39921, 10, 1, 0, 0
40021, 1930, 0, 0, 0
40021, 670, 1, 0, 0
40121, 1990, 0, 0, 0
40121, 520, 1, 0, 0
40221, 10, 0, 0, 0
40322, 100, 0, 0, 0
40422, 70, 0, 0, 0
40422, 10, 1, 0, 0
40522, 110, 0, 0, 0
40722, 120, 0, 0, 0
40722, 60, 1, 0, 0
40822, 240, 0, 0, 0
40822, 60, 1, 0, 0
40922, 220, 0, 0, 0
40922, 50, 1, 0, 0
41022, 210, 0, 0, 0
41022, 70, 1, 0, 0
41121, 90, 0, 0, 0
41121, 20, 1, 0, 0
41221, 160, 0, 0, 0
41321, 160, 0, 0, 0
41321, 10, 1, 0, 0
41421, 180, 0, 0, 0
41421, 10, 1, 0, 0
41521, 180, 0, 0, 0
41521, 30, 1, 0, 0
41621, 140, 0, 0, 0
41621, 60, 1, 0, 0
41721, 150, 0, 0, 0
41721, 20, 1, 0, 0
41821, 140, 0, 0, 0
41821, 30, 1, 0, 0
41921, 150, 0, 0, 0
41921, 80, 1, 0, 0
42021, 190, 0, 0, 0
42021, 70, 1, 0, 0
42122, 110, 0, 0, 0
42122, 20, 1, 0, 0
42222, 140, 0, 0, 0
42222, 10, 1, 0, 0
42322, 140, 0, 0, 0
42322, 30, 1, 0, 0
42422, 180, 0, 0, 0
42422, 40, 1, 0, 0
42522, 220, 0, 0, 0
42522, 80, 1, 0, 0
42622, 100, 0, 0, 0
42622, 20, 1, 0, 0
42722, 60, 0, 0, 0
42722, 20, 1, 0, 0
42822, 80, 0, 0, 0
42822, 60, 1, 0, 0
42922, 80, 0, 0, 0
42922, 80, 1, 0, 0
43022, 180, 0, 0, 0
43022, 80, 1, 0, 0
43121, 60, 0, 0, 0
43121, 10, 1, 0, 0
43221, 170, 0, 0, 0
43221, 20, 1, 0, 0
43321, 190, 0, 0, 0
43321, 90, 1, 0, 0
43421, 80, 0, 0, 0
43521, 150, 0, 0, 0
43521, 10, 1, 0, 0
43621, 10, 0, 0, 0
43721, 40, 0, 0, 0
43821, 130, 0, 0, 0
43821, 10, 1, 0, 0
43922, 250, 0, 0, 0
43922, 20, 1, 0, 0
44022, 220, 0, 0, 0
44022, 80, 1, 0, 0
44222, 160, 0, 0, 0
44222, 10, 1, 0, 0
44322, 60, 0, 0, 0
44322, 20, 1, 0, 0
44422, 20, 0, 0, 0
44422, 10, 1, 0, 0
44522, 80, 0, 0, 0
44522, 20, 1, 0, 0
44722, 180, 0, 0, 0
44722, 40, 1, 0, 0
44822, 140, 0, 0, 0
44822, 50, 1, 0, 0
44922, 170, 0, 0, 0
44922, 20, 1, 0, 0
45022, 270, 0, 0, 0
45022, 30, 1, 0, 0
45121, 161, 0, 0, 0
45121, 10, 1, 0, 0
45421, 10, 0, 0, 0
45521, 190, 0, 0, 0
45521, 90, 1, 0, 0
45621, 260, 0, 0, 0
45621, 40, 1, 0, 0
45721, 10, 0, 0, 0
45821, 280, 0, 0, 0
45821, 80, 1, 0, 0
45922, 260, 0, 0, 0
45922, 50, 1, 0, 0
46022, 60, 0, 0, 0
46022, 10, 1, 0, 0
46322, 200, 0, 0, 0
46322, 80, 1, 0, 0
46422, 140, 0, 0, 0
46422, 20, 1, 0, 0
46722, 240, 0, 0, 0
46722, 60, 1, 0, 0
46822, 260, 0, 0, 0
46822, 70, 1, 0, 0
46922, 240, 0, 0, 0
46922, 40, 1, 0, 0
47022, 80, 0, 0, 0
47022, 20, 1, 0, 0
47221, 90, 0, 0, 0
47221, 10, 1, 0, 0
47321, 120, 0, 0, 0
47321, 20, 1, 0, 0
47421, 3400, 0, 0, 0
47421, 860, 1, 0, 0
47521, 1270, 0, 0, 0
47521, 280, 1, 0, 0
47621, 240, 0, 0, 0
47621, 60, 1, 0, 0
47722, 250, 0, 0, 0
47722, 30, 1, 0, 0
47822, 250, 0, 0, 0
47822, 50, 1, 0, 0
47922, 100, 0, 0, 0
47922, 20, 1, 0, 0
48322, 140, 0, 0, 0
48322, 50, 1, 0, 0
48422, 220, 0, 0, 0
48422, 30, 1, 0, 0
48522, 120, 0, 0, 0
48522, 30, 1, 0, 0
48621, 242, 0, 0, 0
48621, 60, 1, 0, 0
48721, 140, 0, 0, 0
48721, 30, 1, 0, 0
48821, 250, 0, 0, 0
48821, 110, 1, 0, 0
48921, 190, 0, 0, 0
48921, 30, 1, 0, 0
49021, 180, 0, 0, 0
49021, 70, 1, 0, 0
49121, 210, 0, 0, 0
49121, 10, 1, 0, 0
49222, 10, 0, 0, 0
49222, 10, 1, 0, 0
49322, 210, 0, 0, 0
49322, 110, 1, 0, 0
49422, 270, 0, 0, 0
49422, 30, 1, 0, 0
49522, 90, 0, 0, 0
49522, 60, 1, 0, 0
49622, 30, 0, 0, 0
50022, 20, 0, 0, 0
50121, 20, 0, 0, 0
50121, 10, 1, 0, 0
50321, 160, 0, 0, 0
50321, 100, 1, 0, 0
50421, 130, 0, 0, 0
50421, 40, 1, 0, 0
50521, 190, 0, 0, 0
50521, 60, 1, 0, 0
50622, 60, 0, 0, 0
50722, 60, 0, 0, 0
50722, 30, 1, 0, 0
50822, 280, 0, 0, 0
50822, 90, 1, 0, 0
50922, 200, 0, 0, 0
50922, 50, 1, 0, 0
51022, 170, 0, 0, 0
51022, 30, 1, 0, 0
51122, 170, 0, 0, 0
51122, 20, 1, 0, 0
51222, 140, 0, 0, 0
51222, 20, 1, 0, 0
51322, 140, 0, 0, 0
51322, 20, 1, 0, 0
51422, 160, 0, 0, 0
51422, 10, 1, 0, 0
51522, 80, 0, 0, 0
51522, 10, 1, 0, 0
51621, 101, 0, 0, 0
51621, 20, 1, 0, 0
51721, 180, 0, 0, 0
51721, 40, 1, 0, 0
51821, 160, 0, 0, 0
51821, 20, 1, 0, 0
51921, 140, 0, 0, 0
52021, 80, 0, 0, 0
52021, 30, 1, 0, 0
52121, 210, 0, 0, 0
52121, 20, 1, 0, 0
52221, 190, 0, 0, 0
52221, 20, 1, 0, 0
52322, 180, 0, 0, 0
52322, 10, 1, 0, 0
52422, 100, 0, 0, 0
52422, 20, 1, 0, 0
52522, 180, 0, 0, 0
52522, 30, 1, 0, 0
52622, 190, 0, 0, 0
52622, 50, 1, 0, 0
52722, 170, 0, 0, 0
52722, 70, 1, 0, 0
52822, 140, 0, 0, 0
52822, 30, 1, 0, 0
52922, 180, 0, 0, 0
52922, 30, 1, 0, 0
53022, 190, 0, 0, 0
53022, 10, 1, 0, 0
53121, 252, 0, 0, 0
53121, 70, 1, 0, 0
53221, 180, 0, 0, 0
53221, 20, 1, 0, 0
53321, 160, 0, 0, 0
53321, 40, 1, 0, 0
53421, 200, 0, 0, 0
53421, 60, 1, 0, 0
53821, 180, 0, 0, 0
53821, 50, 1, 0, 0
53922, 200, 0, 0, 0
53922, 40, 1, 0, 0
54022, 200, 0, 0, 0
54022, 60, 1, 0, 0
54122, 2810, 0, 0, 0
54122, 630, 1, 0, 0
54222, 1530, 0, 0, 0
54222, 450, 1, 0, 0
54322, 130, 0, 0, 0
54422, 270, 0, 0, 0
54422, 30, 1, 0, 0
54522, 270, 0, 0, 0
54522, 80, 1, 0, 0
54621, 90, 0, 0, 0
54621, 60, 1, 0, 0
54721, 10, 1, 0, 0
55121, 200, 0, 0, 0
55121, 30, 1, 0, 0
55221, 140, 0, 0, 0
55221, 70, 1, 0, 0
55321, 10, 0, 0, 0
55422, 120, 0, 0, 0
55422, 40, 1, 0, 0
55522, 250, 0, 0, 0
55522, 10, 1, 0, 0
55622, 270, 0, 0, 0
55622, 130, 1, 0, 0
55722, 250, 0, 0, 0
55722, 60, 1, 0, 0
55822, 200, 0, 0, 0
55822, 10, 1, 0, 0
55922, 250, 0, 0, 0
55922, 70, 1, 0, 0
56022, 230, 0, 0, 0
56022, 50, 1, 0, 0
56122, 210, 0, 0, 0
56122, 50, 1, 0, 0
56322, 60, 0, 0, 0
56322, 30, 1, 0, 0
56422, 20, 0, 0, 0
56422, 10, 1, 0, 0
56621, 181, 0, 0, 0
56621, 60, 1, 0, 0
56721, 80, 0, 0, 0
56821, 170, 0, 0, 0
56821, 20, 1, 0, 0
56922, 190, 0, 0, 0
56922, 60, 1, 0, 0
57022, 180, 0, 0, 0
57022, 60, 1, 0, 0
57122, 180, 0, 0, 0
57122, 90, 1, 0, 0
57222, 140, 0, 0, 0
57222, 10, 1, 0, 0
57322, 160, 0, 0, 0
57322, 50, 1, 0, 0
57422, 160, 0, 0, 0
57422, 20, 1, 0, 0
57522, 160, 0, 0, 0
57522, 30, 1, 0, 0
57621, 181, 0, 0, 0
57621, 30, 1, 0, 0
57721, 180, 0, 0, 0
57721, 40, 1, 0, 0
57821, 200, 0, 0, 0
57821, 50, 1, 0, 0
57921, 180, 0, 0, 0
57921, 50, 1, 0, 0
58021, 180, 0, 0, 0
58021, 60, 1, 0, 0
58121, 60, 0, 0, 0
58121, 50, 1, 0, 0
58222, 200, 0, 0, 0
58222, 10, 1, 0, 0
58322, 150, 0, 0, 0
58322, 40, 1, 0, 0
58422, 150, 0, 0, 0
58422, 30, 1, 0, 0
58522, 60, 0, 0, 0
58522, 10, 1, 0, 0
58622, 180, 0, 0, 0
58622, 70, 1, 0, 0
58722, 210, 0, 0, 0
58722, 50, 1, 0, 0
58822, 150, 0, 0, 0
58922, 240, 0, 0, 0
58922, 70, 1, 0, 0
59022, 240, 0, 0, 0
59022, 60, 1, 0, 0
59121, 101, 0, 0, 0
59121, 40, 1, 0, 0
59221, 240, 0, 0, 0
59221, 60, 1, 0, 0
59321, 160, 0, 0, 0
59321, 30, 1, 0, 0
59422, 1660, 0, 0, 0
59422, 460, 1, 0, 0
59522, 510, 0, 0, 0
59522, 170, 1, 0, 0
59922, 80, 0, 0, 0
59922, 20, 1, 0, 0
60022, 860, 0, 0, 0
60022, 220, 1, 0, 0
60121, 3040, 0, 0, 0
60121, 757, 1, 0, 0
60521, 60, 0, 0, 0
60521, 30, 1, 0, 0
60621, 220, 0, 0, 0
60621, 60, 1, 0, 0
60721, 120, 0, 0, 0
60721, 30, 1, 0, 0
60822, 260, 0, 0, 0
60822, 90, 1, 0, 0
60922, 250, 0, 0, 0
60922, 50, 1, 0, 0
61022, 250, 0, 0, 0
61022, 80, 1, 0, 0
61122, 130, 0, 0, 0
61122, 20, 1, 0, 0
61322, 30, 0, 0, 0
61322, 10, 1, 0, 0
61422, 250, 0, 0, 0
61422, 40, 1, 0, 0
61522, 250, 0, 0, 0
61522, 50, 1, 0, 0
61621, 242, 0, 0, 0
61621, 70, 1, 0, 0
61721, 260, 0, 0, 0
61721, 50, 1, 0, 0
61821, 200, 0, 0, 0
61821, 60, 1, 0, 0
61922, 240, 0, 0, 0
61922, 30, 1, 0, 0
62022, 260, 0, 0, 0
62022, 90, 1, 0, 0
62122, 230, 0, 0, 0
62122, 80, 1, 0, 0
62222, 230, 0, 0, 0
62222, 50, 1, 0, 0
62322, 260, 0, 0, 0
62322, 90, 1, 0, 0
62422, 240, 0, 0, 0
62422, 60, 1, 0, 0
62522, 250, 0, 0, 0
62522, 90, 1, 0, 0
62621, 252, 0, 0, 0
62621, 40, 1, 0, 0
62721, 260, 0, 0, 0
62721, 60, 1, 0, 0
62821, 220, 0, 0, 0
62821, 60, 1, 0, 0
63522, 160, 0, 0, 0
63522, 30, 1, 0, 0
63622, 180, 0, 0, 0
63622, 30, 1, 0, 0
63822, 20, 0, 0, 0
64022, 140, 0, 0, 0
64022, 30, 1, 0, 0
64121, 202, 0, 0, 0
64121, 40, 1, 0, 0
64221, 120, 0, 0, 0
64321, 260, 0, 0, 0
64321, 130, 1, 0, 0
64422, 10, 0, 0, 0
65122, 230, 0, 0, 0
65122, 40, 1, 0, 0
65322, 170, 0, 0, 0
65322, 50, 1, 0, 0
65422, 180, 0, 0, 0
65422, 50, 1, 0, 0
65522, 280, 0, 0, 0
65522, 90, 1, 0, 0
65621, 242, 0, 0, 0
65621, 80, 1, 0, 0
65721, 200, 0, 0, 0
65721, 110, 1, 0, 0
65821, 200, 0, 0, 0
65821, 50, 1, 0, 0
66021, 50, 0, 0, 0
66021, 10, 1, 0, 0
66122, 270, 0, 0, 0
66122, 90, 1, 0, 0
66222, 270, 0, 0, 0
66222, 30, 1, 0, 0
66322, 90, 0, 0, 0
66322, 20, 1, 0, 0
66722, 70, 0, 0, 0
66722, 10, 1, 0, 0
66822, 270, 0, 0, 0
66822, 10, 1, 0, 0
67121, 141, 0, 0, 0
67121, 30, 1, 0, 0
67221, 240, 0, 0, 0
67221, 50, 1, 0, 0
67321, 260, 0, 0, 0
67321, 90, 1, 0, 0
67421, 3730, 0, 0, 0
67421, 850, 1, 0, 0
67521, 750, 0, 0, 0
67521, 230, 1, 0, 0
67621, 30, 0, 0, 0
67621, 20, 1, 0, 0
67721, 170, 0, 0, 0
67721, 60, 1, 0, 0
67821, 180, 0, 0, 0
67821, 70, 1, 0, 0
67922, 180, 0, 0, 0
67922, 20, 1, 0, 0
68022, 130, 0, 0, 0
68122, 230, 0, 0, 0
68122, 80, 1, 0, 0
68222, 240, 0, 0, 0
68222, 50, 1, 0, 0
68322, 250, 0, 0, 0
68322, 60, 1, 0, 0
68422, 250, 0, 0, 0
68422, 80, 1, 0, 0
68522, 240, 0, 0, 0
68522, 50, 1, 0, 0
68621, 242, 0, 0, 0
68621, 40, 1, 0, 0
68721, 190, 0, 0, 0
68721, 50, 1, 0, 0
68821, 150, 0, 0, 0
68821, 40, 1, 0, 0
68921, 200, 0, 0, 0
68921, 20, 1, 0, 0
69021, 150, 0, 0, 0
69021, 10, 1, 0, 0
69122, 90, 0, 0, 0
69122, 10, 1, 0, 0
69222, 260, 0, 0, 0
69222, 80, 1, 0, 0
69322, 200, 0, 0, 0
69322, 70, 1, 0, 0
69422, 280, 0, 0, 0
69422, 80, 1, 0, 0
69522, 80, 0, 0, 0
69522, 60, 1, 0, 0
69722, 30, 0, 0, 0
69822, 270, 0, 0, 0
69822, 30, 1, 0, 0
69922, 220, 0, 0, 0
69922, 60, 1, 0, 0
70022, 210, 0, 0, 0
70022, 50, 1, 0, 0
70121, 272, 0, 0, 0
70121, 50, 1, 0, 0
70221, 240, 0, 0, 0
70221, 80, 1, 0, 0
70322, 250, 0, 0, 0
70322, 50, 1, 0, 0
70422, 270, 0, 0, 0
70422, 70, 1, 0, 0
70522, 120, 0, 0, 0
70522, 50, 1, 0, 0
70822, 140, 0, 0, 0
70822, 30, 1, 0, 0
70922, 200, 0, 0, 0
70922, 70, 1, 0, 0
71221, 10, 0, 0, 0
71521, 30, 0, 0, 0
71622, 100, 0, 0, 0
71622, 20, 1, 0, 0
71722, 250, 0, 0, 0
71722, 70, 1, 0, 0
71822, 250, 0, 0, 0
71822, 60, 1, 0, 0
71922, 240, 0, 0, 0
71922, 80, 1, 0, 0
72022, 250, 0, 0, 0
72022, 40, 1, 0, 0
72121, 212, 0, 0, 0
72121, 111, 1, 0, 0
72221, 20, 0, 0, 0
72321, 130, 0, 0, 0
72321, 40, 1, 0, 0
72421, 70, 0, 0, 0
72421, 20, 1, 0, 0
72521, 180, 0, 0, 0
72521, 70, 1, 0, 0
72621, 160, 0, 0, 0
72621, 50, 1, 0, 0
72721, 80, 0, 0, 0
72821, 60, 0, 0, 0
72922, 100, 0, 0, 0
72922, 40, 1, 0, 0
73022, 180, 0, 0, 0
73022, 20, 1, 0, 0
73122, 2540, 0, 0, 0
73122, 730, 1, 0, 0
73222, 30, 0, 0, 0
73222, 30, 1, 0, 0
73322, 2860, 0, 0, 0
73322, 610, 1, 0, 0
73422, 20, 0, 0, 0
73522, 190, 0, 0, 0
73522, 60, 1, 0, 0
73621, 151, 0, 0, 0
73621, 90, 1, 0, 0
73821, 30, 0, 0, 0
73821, 50, 1, 0, 0
73921, 270, 0, 0, 0
73921, 100, 1, 0, 0
74021, 40, 0, 0, 0
74222, 120, 0, 0, 0
74222, 40, 1, 0, 0
74322, 250, 0, 0, 0
74322, 10, 1, 0, 0
74422, 250, 0, 0, 0
74422, 50, 1, 0, 0
74522, 250, 0, 0, 0
74522, 40, 1, 0, 0
74622, 240, 0, 0, 0
74622, 70, 1, 0, 0
74722, 280, 0, 0, 0
74722, 100, 1, 0, 0
74822, 250, 0, 0, 0
74822, 50, 1, 0, 0
74922, 230, 0, 0, 0
74922, 30, 1, 0, 0
75022, 260, 0, 0, 0
75022, 40, 1, 0, 0
75121, 131, 0, 0, 0
75121, 20, 1, 0, 0
75221, 10, 0, 0, 0
75422, 20, 0, 0, 0
75622, 20, 0, 0, 0
75722, 140, 0, 0, 0
75722, 20, 1, 0, 0
75822, 250, 0, 0, 0
75822, 100, 1, 0, 0
75922, 190, 0, 0, 0
75922, 20, 1, 0, 0
76022, 200, 0, 0, 0
76022, 60, 1, 0, 0
76121, 80, 0, 0, 0
76121, 30, 1, 0, 0
76221, 260, 0, 0, 0
76221, 60, 1, 0, 0
76321, 110, 0, 0, 0
76321, 10, 1, 0, 0
76421, 250, 0, 0, 0
76421, 60, 1, 0, 0
76521, 230, 0, 0, 0
76521, 20, 1, 0, 0
76622, 210, 0, 0, 0
76622, 90, 1, 0, 0
77222, 130, 0, 0, 0
77222, 30, 1, 0, 0
77322, 210, 0, 0, 0
77322, 40, 1, 0, 0
77522, 20, 0, 0, 0
77621, 60, 0, 0, 0
77721, 260, 0, 0, 0
77721, 40, 1, 0, 0
77821, 240, 0, 0, 0
77821, 20, 1, 0, 0
77922, 160, 0, 0, 0
77922, 20, 1, 0, 0
78022, 260, 0, 0, 0
78022, 70, 1, 0, 0
78122, 260, 0, 0, 0
78122, 50, 1, 0, 0
78222, 260, 0, 0, 0
78222, 130, 1, 0, 0
78322, 250, 0, 0, 0
78322, 120, 1, 0, 0
78422, 250, 0, 0, 0
78422, 40, 1, 0, 0
78522, 220, 0, 0, 0
78522, 40, 1, 0, 0
78621, 2111, 0, 0, 0
78621, 404, 1, 0, 0
78921, 10, 0, 0, 0
79021, 10, 0, 0, 0
79122, 250, 0, 0, 0
79122, 70, 1, 0, 0
79222, 260, 0, 0, 0
79222, 80, 1, 0, 0
79322, 3090, 0, 0, 0
79322, 610, 1, 0, 0
79422, 150, 0, 0, 0
79422, 90, 1, 0, 0
79522, 240, 0, 0, 0
79522, 60, 1, 0, 0
79622, 230, 0, 0, 0
79622, 70, 1, 0, 0
79722, 130, 0, 0, 0
79822, 220, 0, 0, 0
79822, 40, 1, 0, 0
79922, 120, 0, 0, 0
80022, 120, 0, 0, 0
80022, 10, 1, 0, 0
80121, 252, 0, 0, 0
80121, 50, 1, 0, 0
80221, 250, 0, 0, 0
80221, 30, 1, 0, 0
80321, 20, 0, 0, 0
80422, 40, 0, 0, 0
80522, 200, 0, 0, 0
80522, 90, 1, 0, 0
80622, 200, 0, 0, 0
80622, 60, 1, 0, 0
80822, 20, 0, 0, 0
81121, 181, 0, 0, 0
81121, 30, 1, 0, 0
81221, 200, 0, 0, 0
81221, 50, 1, 0, 0
81321, 180, 0, 0, 0
81321, 40, 1, 0, 0
81421, 120, 0, 0, 0
81521, 150, 0, 0, 0
81521, 20, 1, 0, 0
81622, 170, 0, 0, 0
81622, 20, 1, 0, 0
81722, 160, 0, 0, 0
81722, 50, 1, 0, 0
81822, 160, 0, 0, 0
81822, 40, 1, 0, 0
81922, 170, 0, 0, 0
81922, 40, 1, 0, 0
82022, 170, 0, 0, 0
82022, 30, 1, 0, 0
82122, 160, 0, 0, 0
82122, 50, 1, 0, 0
82222, 40, 0, 0, 0
82222, 10, 1, 0, 0
82322, 220, 0, 0, 0
82322, 90, 1, 0, 0
82422, 60, 0, 0, 0
82522, 190, 0, 0, 0
82522, 80, 1, 0, 0
82621, 191, 0, 0, 0
82621, 30, 1, 0, 0
82721, 160, 0, 0, 0
82721, 50, 1, 0, 0
82821, 140, 0, 0, 0
82821, 40, 1, 0, 0
82922, 150, 0, 0, 0
82922, 50, 1, 0, 0
83022, 110, 0, 0, 0
83022, 50, 1, 0, 0
83122, 180, 0, 0, 0
83122, 10, 1, 0, 0
83222, 180, 0, 0, 0
83222, 50, 1, 0, 0
83322, 180, 0, 0, 0
83322, 20, 1, 0, 0
83422, 180, 0, 0, 0
83422, 40, 1, 0, 0
83522, 160, 0, 0, 0
83522, 60, 1, 0, 0
83621, 161, 0, 0, 0
83621, 20, 1, 0, 0
83721, 180, 0, 0, 0
83721, 50, 1, 0, 0
83821, 130, 0, 0, 0
83821, 90, 1, 0, 0
83921, 170, 0, 0, 0
83921, 50, 1, 0, 0
84022, 160, 0, 0, 0
84022, 60, 1, 0, 0
84122, 20, 0, 0, 0
84122, 10, 1, 0, 0
84222, 140, 0, 0, 0
84322, 140, 0, 0, 0
84322, 10, 1, 0, 0
84522, 100, 0, 0, 0
84522, 60, 1, 0, 0
84622, 240, 0, 0, 0
84622, 50, 1, 0, 0
84722, 40, 0, 0, 0
84722, 30, 1, 0, 0
84822, 200, 0, 0, 0
84822, 80, 1, 0, 0
84922, 60, 0, 0, 0
84922, 20, 1, 0, 0
85522, 120, 0, 0, 0
85522, 30, 1, 0, 0
85622, 100, 0, 0, 0
85622, 50, 1, 0, 0
85722, 190, 0, 0, 0
85722, 110, 1, 0, 0
85822, 100, 0, 0, 0
85822, 40, 1, 0, 0
86022, 130, 0, 0, 0
86022, 50, 1, 0, 0
86121, 50, 0, 0, 0
86221, 100, 0, 0, 0
86321, 50, 0, 0, 0
86321, 10, 1, 0, 0
86521, 140, 0, 0, 0
86521, 50, 1, 0, 0
86621, 110, 0, 0, 0
86621, 40, 1, 0, 0
86721, 70, 0, 0, 0
86821, 80, 0, 0, 0
86821, 40, 1, 0, 0
86922, 70, 0, 0, 0
86922, 10, 1, 0, 0
87022, 70, 0, 0, 0
87122, 90, 0, 0, 0
87122, 50, 1, 0, 0
87222, 2330, 0, 0, 0
87222, 580, 1, 0, 0
87322, 2230, 0, 0, 0
87322, 640, 1, 0, 0
87422, 130, 0, 0, 0
87422, 40, 1, 0, 0
87522, 100, 0, 0, 0
87621, 161, 0, 0, 0
87621, 20, 1, 0, 0
87721, 150, 0, 0, 0
87721, 20, 1, 0, 0
87821, 170, 0, 0, 0
87821, 30, 1, 0, 0
87921, 190, 0, 0, 0
87921, 30, 1, 0, 0
88022, 190, 0, 0, 0
88022, 50, 1, 0, 0
88122, 170, 0, 0, 0
88122, 70, 1, 0, 0
88222, 150, 0, 0, 0
88222, 30, 1, 0, 0
88322, 170, 0, 0, 0
88322, 20, 1, 0, 0
88422, 190, 0, 0, 0
88422, 50, 1, 0, 0
88522, 160, 0, 0, 0
88522, 10, 1, 0, 0
88621, 161, 0, 0, 0
88721, 180, 0, 0, 0
88721, 10, 1, 0, 0
88821, 140, 0, 0, 0
88821, 80, 1, 0, 0
88921, 140, 0, 0, 0
88921, 70, 1, 0, 0
89021, 120, 0, 0, 0
89021, 30, 1, 0, 0
89122, 140, 0, 0, 0
89122, 20, 1, 0, 0
89222, 120, 0, 0, 0
89222, 50, 1, 0, 0
89322, 10, 0, 0, 0
89422, 10, 0, 0, 0
89522, 90, 0, 0, 0
89522, 30, 1, 0, 0
89722, 90, 0, 0, 0
89822, 280, 0, 0, 0
89822, 60, 1, 0, 0
89922, 110, 0, 0, 0
90022, 30, 0, 0, 0
90022, 10, 1, 0, 0
90121, 191, 0, 0, 0
90121, 70, 1, 0, 0
90221, 150, 0, 0, 0
90221, 50, 1, 0, 0
90522, 260, 0, 0, 0
90522, 60, 1, 0, 0
90622, 220, 0, 0, 0
90622, 50, 1, 0, 0
90722, 220, 0, 0, 0
90722, 90, 1, 0, 0
90822, 260, 0, 0, 0
90822, 130, 1, 0, 0
90922, 240, 0, 0, 0
90922, 110, 1, 0, 0
91022, 280, 0, 0, 0
91022, 80, 1, 0, 0
91121, 60, 0, 0, 0
91121, 50, 1, 0, 0
91221, 60, 0, 0, 0
91221, 60, 1, 0, 0
91321, 20, 0, 0, 0
91722, 190, 0, 0, 0
91722, 40, 1, 0, 0
91822, 90, 0, 0, 0
91822, 10, 1, 0, 0
91922, 120, 0, 0, 0
91922, 20, 1, 0, 0
92022, 90, 0, 0, 0
92022, 10, 1, 0, 0
92122, 150, 0, 0, 0
92122, 30, 1, 0, 0
92222, 120, 0, 0, 0
92222, 40, 1, 0, 0
92322, 180, 0, 0, 0
92322, 40, 1, 0, 0
92422, 140, 0, 0, 0
92422, 60, 1, 0, 0
92522, 180, 0, 0, 0
92522, 20, 1, 0, 0
92621, 141, 0, 0, 0
92621, 20, 1, 0, 0
92721, 160, 0, 0, 0
92721, 50, 1, 0, 0
92821, 170, 0, 0, 0
92821, 80, 1, 0, 0
92922, 170, 0, 0, 0
92922, 70, 1, 0, 0
93022, 40, 0, 0, 0
93122, 220, 0, 0, 0
93122, 80, 1, 0, 0
93222, 60, 0, 0, 0
93222, 10, 1, 0, 0
93322, 60, 0, 0, 0
93322, 30, 1, 0, 0
93422, 190, 0, 0, 0
93422, 80, 1, 0, 0
93522, 70, 0, 0, 0
93522, 10, 1, 0, 0
93622, 170, 0, 0, 0
93622, 50, 1, 0, 0
93722, 2700, 0, 0, 0
93722, 710, 1, 0, 0
93822, 2260, 0, 0, 0
93822, 610, 1, 0, 0
93922, 1000, 0, 0, 0
93922, 390, 1, 0, 0
94022, 20, 0, 0, 0
94022, 20, 1, 0, 0
94121, 10, 0, 0, 0
94321, 90, 0, 0, 0
94321, 10, 1, 0, 0
94422, 230, 0, 0, 0
94422, 30, 1, 0, 0
94722, 150, 0, 0, 0
94722, 40, 1, 0, 0
94822, 220, 0, 0, 0
94822, 70, 1, 0, 0
94922, 260, 0, 0, 0
94922, 80, 1, 0, 0
95022, 220, 0, 0, 0
95022, 40, 1, 0, 0
95121, 282, 0, 0, 0
95121, 80, 1, 0, 0
95221, 170, 0, 0, 0
95221, 60, 1, 0, 0
95321, 10, 0, 0, 0
95421, 220, 0, 0, 0
95421, 50, 1, 0, 0
95521, 120, 0, 0, 0
95521, 40, 1, 0, 0
95721, 100, 0, 0, 0
95721, 10, 1, 0, 0
95821, 240, 0, 0, 0
95821, 20, 1, 0, 0
95922, 190, 0, 0, 0
95922, 30, 1, 0, 0
96022, 190, 0, 0, 0
96022, 30, 1, 0, 0
96122, 100, 0, 0, 0
96122, 40, 1, 0, 0
96322, 50, 0, 0, 0
96422, 250, 0, 0, 0
96422, 30, 1, 0, 0
96522, 140, 0, 0, 0
96522, 20, 1, 0, 0
96622, 250, 0, 0, 0
96622, 80, 1, 0, 0
96722, 70, 0, 0, 0
96722, 40, 1, 0, 0
97322, 60, 0, 0, 0
97322, 20, 1, 0, 0
97422, 250, 0, 0, 0
97422, 60, 1, 0, 0
97522, 30, 0, 0, 0
97622, 20, 0, 0, 0
97622, 10, 1, 0, 0
97722, 100, 0, 0, 0
97722, 20, 1, 0, 0
97822, 260, 0, 0, 0
97822, 60, 1, 0, 0
97922, 230, 0, 0, 0
97922, 60, 1, 0, 0
98022, 210, 0, 0, 0
98022, 40, 1, 0, 0
98121, 80, 0, 0, 0
98221, 240, 0, 0, 0
98221, 60, 1, 0, 0
98321, 240, 0, 0, 0
98321, 80, 1, 0, 0
98421, 230, 0, 0, 0
98421, 30, 1, 0, 0
98521, 110, 0, 0, 0
98521, 20, 1, 0, 0
98622, 230, 0, 0, 0
98622, 90, 1, 0, 0
98922, 250, 0, 0, 0
98922, 70, 1, 0, 0
99022, 90, 0, 0, 0
99521, 90, 0, 0, 0
99621, 250, 0, 0, 0
99621, 60, 1, 0, 0
100322, 170, 0, 0, 0
100322, 20, 1, 0, 0
100422, 170, 0, 0, 0
100422, 50, 1, 0, 0
101322, 170, 0, 0, 0
101322, 40, 1, 0, 0
101422, 2180, 0, 0, 0
101422, 600, 1, 0, 0
101522, 20, 0, 0, 0
101622, 220, 0, 0, 0
101622, 70, 1, 0, 0
101722, 70, 0, 0, 0
101722, 10, 1, 0, 0
101922, 40, 0, 0, 0
102022, 550, 0, 0, 0
102022, 140, 1, 0, 0
102121, 3262, 0, 0, 0
102121, 707, 1, 0, 0
102221, 80, 0, 0, 0
102221, 30, 1, 0, 0
102321, 180, 0, 0, 0
102321, 50, 1, 0, 0
102421, 50, 0, 0, 0
102421, 10, 1, 0, 0
102622, 110, 0, 0, 0
102722, 250, 0, 0, 0
102722, 30, 1, 0, 0
102822, 220, 0, 0, 0
102822, 20, 1, 0, 0
102922, 70, 0, 0, 0
102922, 70, 1, 0, 0
103022, 10, 0, 0, 0
103222, 40, 0, 0, 0
103322, 260, 0, 0, 0
103322, 70, 1, 0, 0
103422, 40, 0, 0, 0
103522, 100, 0, 0, 0
103522, 30, 1, 0, 0
103621, 50, 0, 0, 0
103721, 250, 0, 0, 0
103721, 40, 1, 0, 0
103821, 180, 0, 0, 0
103821, 40, 1, 0, 0
103921, 260, 0, 0, 0
103921, 110, 1, 0, 0
104021, 180, 0, 0, 0
104021, 40, 1, 0, 0
104122, 240, 0, 0, 0
104122, 10, 1, 0, 0
104222, 260, 0, 0, 0
104222, 80, 1, 0, 0
104322, 20, 0, 0, 0
104322, 20, 1, 0, 0
104922, 230, 0, 0, 0
104922, 50, 1, 0, 0
105022, 110, 0, 0, 0
105022, 50, 1, 0, 0
105421, 230, 0, 0, 0
105421, 40, 1, 0, 0
105521, 250, 0, 0, 0
105521, 120, 1, 0, 0
105622, 260, 0, 0, 0
105622, 70, 1, 0, 0
105722, 240, 0, 0, 0
105722, 80, 1, 0, 0
105822, 10, 0, 0, 0
106422, 10, 0, 0, 0
106522, 30, 0, 0, 0
106522, 10, 1, 0, 0
106621, 202, 0, 0, 0
106621, 70, 1, 0, 0
106721, 230, 0, 0, 0
106721, 70, 1, 0, 0
106821, 170, 0, 0, 0
106821, 60, 1, 0, 0
107422, 10, 0, 0, 0
107422, 10, 1, 0, 0
107922, 230, 0, 0, 0
107922, 90, 1, 0, 0
108022, 130, 0, 0, 0
108022, 60, 1, 0, 0
108221, 120, 0, 0, 0
108221, 10, 1, 0, 0
108321, 150, 0, 0, 0
108321, 30, 1, 0, 0
108422, 70, 0, 0, 0
108422, 10, 1, 0, 0
108522, 160, 0, 0, 0
108522, 20, 1, 0, 0
108622, 210, 0, 0, 0
108622, 10, 1, 0, 0
108722, 220, 0, 0, 0
108722, 40, 1, 0, 0
108822, 260, 0, 0, 0
108822, 80, 1, 0, 0
108922, 160, 0, 0, 0
108922, 30, 1, 0, 0
109022, 20, 0, 0, 0
109122, 20, 0, 0, 0
109322, 110, 0, 0, 0
109322, 10, 1, 0, 0
109422, 270, 0, 0, 0
109422, 60, 1, 0, 0
109522, 270, 0, 0, 0
109522, 70, 1, 0, 0
109621, 272, 0, 0, 0
109621, 80, 1, 0, 0
109721, 140, 0, 0, 0
109721, 20, 1, 0, 0
109921, 60, 0, 0, 0
110021, 270, 0, 0, 0
110021, 80, 1, 0, 0
110122, 240, 0, 0, 0
110122, 80, 1, 0, 0
110222, 10, 0, 0, 0
110322, 90, 0, 0, 0
110422, 250, 0, 0, 0
110422, 70, 1, 0, 0
110522, 140, 0, 0, 0
110522, 20, 1, 0, 0
110622, 200, 0, 0, 0
110622, 10, 1, 0, 0
110722, 20, 0, 0, 0
110722, 10, 1, 0, 0
111121, 202, 0, 0, 0
111121, 60, 1, 0, 0
111221, 200, 0, 0, 0
111221, 60, 1, 0, 0
111421, 20, 0, 0, 0
111521, 140, 0, 0, 0
111521, 50, 1, 0, 0
111621, 1050, 0, 0, 0
111621, 240, 1, 0, 0
111721, 2810, 0, 0, 0
111721, 520, 1, 0, 0
111821, 90, 0, 0, 0
111821, 20, 1, 0, 0
111922, 180, 0, 0, 0
111922, 10, 1, 0, 0
112022, 140, 0, 0, 0
112022, 60, 1, 0, 0
112122, 170, 0, 0, 0
112122, 40, 1, 0, 0
112222, 190, 0, 0, 0
112222, 60, 1, 0, 0
112322, 160, 0, 0, 0
112322, 160, 1, 0, 0
112422, 180, 0, 0, 0
112422, 40, 1, 0, 0
112522, 170, 0, 0, 0
112522, 20, 1, 0, 0
112621, 151, 0, 0, 0
112621, 30, 1, 0, 0
112721, 180, 0, 0, 0
112721, 20, 1, 0, 0
112821, 180, 0, 0, 0
112821, 70, 1, 0, 0
112921, 180, 0, 0, 0
112921, 30, 1, 0, 0
113021, 180, 0, 0, 0
113021, 80, 1, 0, 0
113121, 140, 0, 0, 0
113221, 180, 0, 0, 0
113221, 20, 1, 0, 0
113322, 180, 0, 0, 0
113322, 50, 1, 0, 0
113422, 190, 0, 0, 0
113422, 60, 1, 0, 0
113522, 170, 0, 0, 0
113522, 60, 1, 0, 0
113622, 60, 0, 0, 0
113622, 20, 1, 0, 0
113722, 250, 0, 0, 0
113722, 80, 1, 0, 0
113822, 270, 0, 0, 0
113822, 80, 1, 0, 0
113922, 250, 0, 0, 0
113922, 50, 1, 0, 0
114022, 240, 0, 0, 0
114022, 50, 1, 0, 0
114121, 272, 0, 0, 0
114121, 111, 1, 0, 0
114221, 20, 0, 0, 0
114822, 50, 0, 0, 0
114922, 270, 0, 0, 0
114922, 60, 1, 0, 0
115022, 20, 0, 0, 0
115122, 110, 0, 0, 0
115122, 10, 1, 0, 0
115222, 210, 0, 0, 0
115222, 50, 1, 0, 0
115322, 190, 0, 0, 0
115322, 40, 1, 0, 0
115422, 100, 0, 0, 0
115422, 60, 1, 0, 0
115522, 90, 0, 0, 0
115522, 30, 1, 0, 0
115722, 10, 0, 0, 0
115822, 220, 0, 0, 0
115822, 40, 1, 0, 0
115922, 260, 0, 0, 0
115922, 40, 1, 0, 0
116022, 240, 0, 0, 0
116022, 80, 1, 0, 0
116121, 242, 0, 0, 0
116121, 70, 1, 0, 0
116221, 250, 0, 0, 0
116221, 100, 1, 0, 0
116321, 170, 0, 0, 0
116321, 30, 1, 0, 0
116421, 180, 0, 0, 0
116421, 30, 1, 0, 0
116521, 110, 0, 0, 0
116521, 60, 1, 0, 0
116622, 200, 0, 0, 0
116622, 70, 1, 0, 0
116722, 190, 0, 0, 0
116722, 30, 1, 0, 0
117122, 20, 0, 0, 0
117222, 100, 0, 0, 0
117322, 60, 0, 0, 0
117422, 180, 0, 0, 0
117422, 50, 1, 0, 0
117522, 190, 0, 0, 0
117522, 40, 1, 0, 0
117621, 90, 0, 0, 0
117621, 10, 1, 0, 0
117721, 120, 0, 0, 0
117721, 50, 1, 0, 0
117821, 180, 0, 0, 0
117821, 30, 1, 0, 0
117922, 160, 0, 0, 0
117922, 100, 1, 0, 0
118022, 20, 0, 0, 0
118122, 820, 0, 0, 0
118122, 120, 1, 0, 0
118222, 2180, 0, 0, 0
118222, 590, 1, 0, 0
118322, 2290, 0, 0, 0
118322, 630, 1, 0, 0
118422, 280, 0, 0, 0
118422, 30, 1, 0, 0
118522, 240, 0, 0, 0
118522, 30, 1, 0, 0
118621, 181, 0, 0, 0
118621, 20, 1, 0, 0
118721, 170, 0, 0, 0
118721, 70, 1, 0, 0
119021, 210, 0, 0, 0
119021, 30, 1, 0, 0
119122, 130, 0, 0, 0
119122, 60, 1, 0, 0
119622, 10, 0, 0, 0
119622, 10, 1, 0, 0
119822, 270, 0, 0, 0
119822, 100, 1, 0, 0
119922, 230, 0, 0, 0
119922, 80, 1, 0, 0
120022, 230, 0, 0, 0
120022, 120, 1, 0, 0
120121, 191, 0, 0, 0
120121, 30, 1, 0, 0
120221, 170, 0, 0, 0
120221, 60, 1, 0, 0
120321, 150, 0, 0, 0
120321, 70, 1, 0, 0
120421, 260, 0, 0, 0
120421, 30, 1, 0, 0
120522, 240, 0, 0, 0
120522, 40, 1, 0, 0
120622, 250, 0, 0, 0
120622, 60, 1, 0, 0
120722, 250, 0, 0, 0
120722, 80, 1, 0, 0
120822, 40, 0, 0, 0
121122, 180, 0, 0, 0
121122, 20, 1, 0, 0
121222, 240, 0, 0, 0
121222, 70, 1, 0, 0
121322, 260, 0, 0, 0
121322, 140, 1, 0, 0
121422, 180, 0, 0, 0
121422, 30, 1, 0, 0
121522, 100, 0, 0, 0
121522, 10, 1, 0, 0
121721, 80, 0, 0, 0
121721, 10, 1, 0, 0
121821, 240, 0, 0, 0
121821, 50, 1, 0, 0
121922, 260, 0, 0, 0
121922, 50, 1, 0, 0
122022, 90, 0, 0, 0
122022, 30, 1, 0, 0
122222, 40, 0, 0, 0
122222, 10, 1, 0, 0
122322, 110, 0, 0, 0
122322, 50, 1, 0, 0
122422, 60, 0, 0, 0
122422, 10, 1, 0, 0
122522, 190, 0, 0, 0
122522, 50, 1, 0, 0
122622, 170, 0, 0, 0
122622, 20, 1, 0, 0
122722, 150, 0, 0, 0
122722, 30, 1, 0, 0
122822, 170, 0, 0, 0
122822, 20, 1, 0, 0
122922, 180, 0, 0, 0
122922, 40, 1, 0, 0
123022, 190, 0, 0, 0
123022, 60, 1, 0, 0
123121, 40, 0, 0, 0
123121, 10, 1, 0, 0
123221, 220, 0, 0, 0
123221, 20, 1, 0, 0
123321, 150, 0, 0, 0
123321, 70, 1, 0, 0
123422, 140, 0, 0, 0
123422, 20, 1, 0, 0
123522, 140, 0, 0, 0
123522, 50, 1, 0, 0
123622, 130, 0, 0, 0
123622, 30, 1, 0, 0
123722, 150, 0, 0, 0
123722, 10, 1, 0, 0
123822, 2240, 0, 0, 0
123822, 500, 1, 0, 0
123922, 10, 0, 0, 0
124022, 210, 0, 0, 0
124022, 20, 1, 0, 0
124122, 560, 0, 0, 0
124122, 190, 1, 0, 0
124222, 3250, 0, 0, 0
124222, 860, 1, 0, 0
124422, 130, 0, 0, 0
124422, 20, 1, 0, 0
124522, 200, 0, 0, 0
124522, 50, 1, 0, 0
124621, 242, 0, 0, 0
124621, 40, 1, 0, 0
124721, 210, 0, 0, 0
124721, 50, 1, 0, 0
124821, 250, 0, 0, 0
124821, 120, 1, 0, 0
124922, 110, 0, 0, 0
124922, 50, 1, 0, 0
125022, 30, 0, 0, 0
125122, 230, 0, 0, 0
125122, 60, 1, 0, 0
125222, 110, 0, 0, 0
125222, 10, 1, 0, 0
125522, 140, 0, 0, 0
125522, 40, 1, 0, 0
125622, 200, 0, 0, 0
125622, 70, 1, 0, 0
125722, 180, 0, 0, 0
125722, 20, 1, 0, 0
125822, 190, 0, 0, 0
125822, 50, 1, 0, 0
125922, 250, 0, 0, 0
125922, 60, 1, 0, 0
126022, 240, 0, 0, 0
126022, 60, 1, 0, 0
126121, 252, 0, 0, 0
126121, 20, 1, 0, 0
126221, 120, 0, 0, 0
126221, 20, 1, 0, 0
126621, 10, 0, 0, 0
126722, 240, 0, 0, 0
126722, 70, 1, 0, 0
126822, 240, 0, 0, 0
126822, 70, 1, 0, 0
126922, 250, 0, 0, 0
126922, 50, 1, 0, 0
127022, 210, 0, 0, 0
127022, 70, 1, 0, 0
127122, 100, 0, 0, 0
127122, 20, 1, 0, 0
127322, 140, 0, 0, 0
127322, 20, 1, 0, 0
127422, 120, 0, 0, 0
127422, 30, 1, 0, 0
127522, 210, 0, 0, 0
127522, 70, 1, 0, 0
127621, 171, 0, 0, 0
127621, 30, 1, 0, 0
127721, 80, 0, 0, 0
127721, 10, 1, 0, 0
127821, 120, 0, 0, 0
127821, 30, 1, 0, 0
127921, 240, 0, 0, 0
127921, 80, 1, 0, 0
128021, 190, 0, 0, 0
128021, 30, 1, 0, 0
128122, 160, 0, 0, 0
128122, 40, 1, 0, 0
128222, 110, 0, 0, 0
128222, 40, 1, 0, 0
128322, 100, 0, 0, 0
128322, 50, 1, 0, 0
128422, 250, 0, 0, 0
128422, 80, 1, 0, 0
128522, 190, 0, 0, 0
128522, 30, 1, 0, 0
128722, 60, 0, 0, 0
128722, 30, 1, 0, 0
128822, 270, 0, 0, 0
128822, 80, 1, 0, 0
128922, 140, 0, 0, 0
128922, 10, 1, 0, 0
129421, 40, 0, 0, 0
129421, 20, 1, 0, 0
129521, 120, 0, 0, 0
129521, 10, 1, 0, 0
130022, 260, 0, 0, 0
130022, 80, 1, 0, 0
130122, 200, 0, 0, 0
130122, 60, 1, 0, 0
130222, 180, 0, 0, 0
130222, 20, 1, 0, 0
130322, 60, 0, 0, 0
130422, 20, 0, 0, 0
130621, 20, 0, 0, 0
130721, 140, 0, 0, 0
130721, 10, 1, 0, 0
130821, 10, 0, 0, 0
130921, 210, 0, 0, 0
130921, 100, 1, 0, 0
131021, 80, 0, 0, 0
131021, 10, 1, 0, 0
131121, 100, 0, 0, 0
131121, 10, 1, 0, 0
131222, 160, 0, 0, 0
131222, 20, 1, 0, 0
131322, 160, 0, 0, 0
131322, 40, 1, 0, 0
131422, 170, 0, 0, 0
131422, 50, 1, 0, 0
131522, 150, 0, 0, 0
131522, 80, 1, 0, 0
131622, 20, 0, 0, 0
131622, 10, 1, 0, 0
131722, 40, 0, 0, 0
131722, 30, 1, 0, 0
131922, 130, 0, 0, 0
131922, 40, 1, 0, 0
132022, 40, 0, 0, 0
132022, 20, 1, 0, 0
132121, 10, 0, 0, 0
132221, 160, 0, 0, 0
132221, 10, 1, 0, 0
132321, 4070, 0, 0, 0
132321, 950, 1, 0, 0
132421, 320, 0, 0, 0
132421, 40, 1, 0, 0
132521, 180, 0, 0, 0
132521, 60, 1, 0, 0
132622, 180, 0, 0, 0
132622, 40, 1, 0, 0
132722, 160, 0, 0, 0
132722, 70, 1, 0, 0
132822, 160, 0, 0, 0
132822, 50, 1, 0, 0
132922, 160, 0, 0, 0
132922, 30, 1, 0, 0
133022, 180, 0, 0, 0
133022, 70, 1, 0, 0
133122, 190, 0, 0, 0
133122, 10, 1, 0, 0
133222, 170, 0, 0, 0
133222, 30, 1, 0, 0
133322, 160, 0, 0, 0
133322, 50, 1, 0, 0
133422, 160, 0, 0, 0
133422, 30, 1, 0, 0
133522, 190, 0, 0, 0
133522, 60, 1, 0, 0
133621, 181, 0, 0, 0
133621, 70, 1, 0, 0
133721, 190, 0, 0, 0
133721, 30, 1, 0, 0
133821, 140, 0, 0, 0
133821, 40, 1, 0, 0
133922, 160, 0, 0, 0
133922, 100, 1, 0, 0
134022, 190, 0, 0, 0
134022, 60, 1, 0, 0
134122, 150, 0, 0, 0
134122, 40, 1, 0, 0
134222, 30, 0, 0, 0
134222, 10, 1, 0, 0
134322, 280, 0, 0, 0
134322, 70, 1, 0, 0
134422, 20, 0, 0, 0
134422, 10, 1, 0, 0
134922, 160, 0, 0, 0
134922, 60, 1, 0, 0
135022, 180, 0, 0, 0
135022, 60, 1, 0, 0
135521, 200, 0, 0, 0
135521, 60, 1, 0, 0
135622, 180, 0, 0, 0
135622, 10, 1, 0, 0
135722, 160, 0, 0, 0
135722, 30, 1, 0, 0
135822, 270, 0, 0, 0
135822, 70, 1, 0, 0
135922, 20, 0, 0, 0
135922, 30, 1, 0, 0
136022, 110, 0, 0, 0
136022, 20, 1, 0, 0
136122, 280, 0, 0, 0
136122, 130, 1, 0, 0
136222, 130, 0, 0, 0
136222, 100, 1, 0, 0
136322, 200, 0, 0, 0
136322, 60, 1, 0, 0
136422, 210, 0, 0, 0
136422, 120, 1, 0, 0
136522, 200, 0, 0, 0
136522, 100, 1, 0, 0
136621, 161, 0, 0, 0
136621, 50, 1, 0, 0
136721, 180, 0, 0, 0
136721, 20, 1, 0, 0
136821, 140, 0, 0, 0
136821, 30, 1, 0, 0
136921, 100, 0, 0, 0
136921, 10, 1, 0, 0
137021, 100, 0, 0, 0
137021, 40, 1, 0, 0
137122, 60, 0, 0, 0
137122, 30, 1, 0, 0
137222, 190, 0, 0, 0
137222, 50, 1, 0, 0
137322, 160, 0, 0, 0
137322, 40, 1, 0, 0
137422, 110, 0, 0, 0
137422, 50, 1, 0, 0
137522, 120, 0, 0, 0
137522, 40, 1, 0, 0
137622, 140, 0, 0, 0
137622, 60, 1, 0, 0
137722, 170, 0, 0, 0
137722, 30, 1, 0, 0
137822, 190, 0, 0, 0
137822, 40, 1, 0, 0
137922, 40, 0, 0, 0
137922, 30, 1, 0, 0
138022, 180, 0, 0, 0
138022, 30, 1, 0, 0
138121, 141, 0, 0, 0
138221, 180, 0, 0, 0
138221, 60, 1, 0, 0
138321, 190, 0, 0, 0
138321, 30, 1, 0, 0
138421, 190, 0, 0, 0
138421, 70, 1, 0, 0
138521, 160, 0, 0, 0
138521, 10, 1, 0, 0
138622, 1230, 0, 0, 0
138622, 440, 1, 0, 0
138722, 10, 0, 0, 0
138822, 200, 0, 0, 0
138822, 30, 1, 0, 0
138922, 220, 0, 0, 0
138922, 60, 1, 0, 0
139022, 260, 0, 0, 0
139022, 50, 1, 0, 0
139122, 160, 0, 0, 0
139122, 10, 1, 0, 0
139222, 260, 0, 0, 0
139222, 90, 1, 0, 0
139322, 260, 0, 0, 0
139322, 40, 1, 0, 0
139422, 3020, 0, 0, 0
139422, 830, 1, 0, 0
139522, 260, 0, 0, 0
139522, 40, 1, 0, 0
139621, 10, 0, 0, 0
139721, 50, 0, 0, 0
139721, 10, 1, 0, 0
139821, 270, 0, 0, 0
139821, 100, 1, 0, 0
139922, 270, 0, 0, 0
139922, 30, 1, 0, 0
140022, 210, 0, 0, 0
140022, 50, 1, 0, 0
140122, 200, 0, 0, 0
140122, 10, 1, 0, 0
140222, 200, 0, 0, 0
140222, 80, 1, 0, 0
140322, 200, 0, 0, 0
140322, 70, 1, 0, 0
140422, 260, 0, 0, 0
140422, 40, 1, 0, 0
140522, 30, 0, 0, 0
140622, 10, 0, 0, 0
140822, 40, 0, 0, 0
140822, 10, 1, 0, 0
140922, 170, 0, 0, 0
140922, 80, 1, 0, 0
141022, 210, 0, 0, 0
141022, 40, 1, 0, 0
141122, 242, 0, 0, 0
141122, 30, 1, 0, 0
141222, 180, 0, 0, 0
141222, 40, 1, 0, 0
141322, 250, 0, 0, 0
141322, 40, 1, 0, 0
141422, 230, 0, 0, 0
141422, 30, 1, 0, 0
141522, 240, 0, 0, 0
141522, 70, 1, 0, 0
141622, 80, 0, 0, 0
141622, 10, 1, 0, 0
141722, 250, 0, 0, 0
141722, 120, 1, 0, 0
141822, 190, 0, 0, 0
141822, 30, 1, 0, 0
141922, 220, 0, 0, 0
141922, 80, 1, 0, 0
142022, 250, 0, 0, 0
142022, 80, 1, 0, 0
142121, 252, 0, 0, 0
142121, 30, 1, 0, 0
142221, 40, 0, 0, 0
142221, 10, 1, 0, 0
142321, 10, 0, 0, 0
142621, 50, 0, 0, 0
142721, 20, 0, 0, 0
142821, 160, 0, 0, 0
142821, 40, 1, 0, 0
142922, 250, 0, 0, 0
142922, 40, 1, 0, 0
143022, 250, 0, 0, 0
143022, 30, 1, 0, 0
143122, 240, 0, 0, 0
143122, 70, 1, 0, 0
143222, 120, 0, 0, 0
143222, 20, 1, 0, 0
143422, 210, 0, 0, 0
143422, 20, 1, 0, 0
143522, 250, 0, 0, 0
143522, 80, 1, 0, 0
143621, 191, 0, 0, 0
143621, 30, 1, 0, 0
143721, 90, 0, 0, 0
143721, 10, 1, 0, 0
143821, 250, 0, 0, 0
143821, 40, 1, 0, 0
143921, 190, 0, 0, 0
143921, 20, 1, 0, 0
144021, 140, 0, 0, 0
144021, 50, 1, 0, 0
144121, 10, 0, 0, 0
144221, 130, 0, 0, 0
144221, 70, 1, 0, 0
144422, 180, 0, 0, 0
144422, 50, 1, 0, 0
144522, 1500, 0, 0, 0
144522, 360, 1, 0, 0
144622, 130, 0, 0, 0
144622, 10, 1, 0, 0
144722, 150, 0, 0, 0
144722, 20, 1, 0, 0
144822, 10, 0, 0, 0
144922, 70, 0, 0, 0
144922, 10, 1, 0, 0
145022, 90, 0, 0, 0
145121, 282, 0, 0, 0
145121, 50, 1, 0, 0
145221, 20, 0, 0, 0
145221, 10, 1, 0, 0
145621, 60, 0, 0, 0
145721, 270, 0, 0, 0
145721, 10, 1, 0, 0
145821, 10, 0, 0, 0
146122, 1560, 0, 0, 0
146122, 450, 1, 0, 0
146222, 1960, 0, 0, 0
146222, 580, 1, 0, 0
146322, 130, 0, 0, 0
146322, 20, 1, 0, 0
146422, 10, 0, 0, 0
146422, 10, 1, 0, 0
146522, 50, 0, 0, 0
146522, 10, 1, 0, 0
146622, 250, 0, 0, 0
146622, 90, 1, 0, 0
146722, 250, 0, 0, 0
146722, 30, 1, 0, 0
146822, 240, 0, 0, 0
146822, 30, 1, 0, 0
146922, 250, 0, 0, 0
146922, 60, 1, 0, 0
147221, 170, 0, 0, 0
147221, 10, 1, 0, 0
147321, 80, 0, 0, 0
147321, 40, 1, 0, 0
147422, 240, 0, 0, 0
147422, 110, 1, 0, 0
147522, 250, 0, 0, 0
147522, 70, 1, 0, 0
147622, 170, 0, 0, 0
147622, 40, 1, 0, 0
147722, 180, 0, 0, 0
147722, 20, 1, 0, 0
147822, 140, 0, 0, 0
147822, 20, 1, 0, 0
147922, 160, 0, 0, 0
147922, 100, 1, 0, 0
148022, 190, 0, 0, 0
148022, 50, 1, 0, 0
148121, 191, 0, 0, 0
148121, 20, 1, 0, 0
148221, 180, 0, 0, 0
148321, 140, 0, 0, 0
148321, 20, 1, 0, 0
148421, 120, 0, 0, 0
148421, 60, 1, 0, 0
148521, 170, 0, 0, 0
148521, 70, 1, 0, 0
148621, 170, 0, 0, 0
148621, 30, 1, 0, 0
148721, 180, 0, 0, 0
148721, 40, 1, 0, 0
148822, 180, 0, 0, 0
148822, 20, 1, 0, 0
148922, 180, 0, 0, 0
148922, 70, 1, 0, 0
149022, 140, 0, 0, 0
149122, 180, 0, 0, 0
149122, 40, 1, 0, 0
149222, 180, 0, 0, 0
149222, 50, 1, 0, 0
149322, 150, 0, 0, 0
149322, 50, 1, 0, 0
149422, 100, 0, 0, 0
149422, 20, 1, 0, 0
149522, 210, 0, 0, 0
149522, 30, 1, 0, 0
149621, 161, 0, 0, 0
149621, 50, 1, 0, 0
149721, 80, 0, 0, 0
149721, 20, 1, 0, 0
149821, 160, 0, 0, 0
149821, 10, 1, 0, 0
149921, 190, 0, 0, 0
149921, 90, 1, 0, 0
150021, 90, 0, 0, 0
150021, 60, 1, 0, 0
150122, 70, 0, 0, 0
150322, 20, 0, 0, 0
150422, 40, 0, 0, 0
150422, 10, 1, 0, 0
150522, 260, 0, 0, 0
150522, 100, 1, 0, 0
150622, 100, 0, 0, 0
150622, 30, 1, 0, 0
150822, 160, 0, 0, 0
150822, 30, 1, 0, 0
150922, 240, 0, 0, 0
150922, 20, 1, 0, 0
151521, 40, 0, 0, 0
151621, 100, 0, 0, 0
151621, 60, 1, 0, 0
151721, 40, 0, 0, 0
151822, 80, 0, 0, 0
151822, 30, 1, 0, 0
151922, 100, 0, 0, 0
152022, 200, 0, 0, 0
152022, 60, 1, 0, 0
152121, 282, 0, 0, 0
152121, 30, 1, 0, 0
152221, 220, 0, 0, 0
152221, 40, 1, 0, 0
152321, 180, 0, 0, 0
152321, 40, 1, 0, 0
152421, 160, 0, 0, 0
152421, 50, 1, 0, 0
152521, 260, 0, 0, 0
152521, 10, 1, 0, 0
152822, 30, 0, 0, 0
152822, 10, 1, 0, 0
152922, 210, 0, 0, 0
152922, 50, 1, 0, 0
153022, 180, 0, 0, 0
153022, 10, 1, 0, 0
153122, 160, 0, 0, 0
153122, 50, 1, 0, 0
153222, 70, 0, 0, 0
153222, 70, 1, 0, 0
153322, 3430, 0, 0, 0
153322, 860, 1, 0, 0
153422, 920, 0, 0, 0
153422, 190, 1, 0, 0
153522, 160, 0, 0, 0
153522, 10, 1, 0, 0
153621, 181, 0, 0, 0
153621, 60, 1, 0, 0
153721, 180, 0, 0, 0
153721, 40, 1, 0, 0
153821, 180, 0, 0, 0
153821, 30, 1, 0, 0
153921, 180, 0, 0, 0
153922, 50, 1, 0, 0
154022, 160, 0, 0, 0
154022, 40, 1, 0, 0
154122, 160, 0, 0, 0
154222, 190, 0, 0, 0
154222, 100, 1, 0, 0
154322, 190, 0, 0, 0
154322, 90, 1, 0, 0
154422, 170, 0, 0, 0
154422, 30, 1, 0, 0
154522, 150, 0, 0, 0
154522, 40, 1, 0, 0
154622, 190, 0, 0, 0
154622, 30, 1, 0, 0
154722, 130, 0, 0, 0
154722, 50, 1, 0, 0
154822, 120, 0, 0, 0
154822, 20, 1, 0, 0
154922, 180, 0, 0, 0
154922, 30, 1, 0, 0
155022, 170, 0, 0, 0
155022, 40, 1, 0, 0
155121, 10, 0, 0, 0
155321, 10, 0, 0, 0
156121, 212, 0, 0, 0
156121, 40, 1, 0, 0
156221, 270, 0, 0, 0
156221, 90, 1, 0, 0
156321, 250, 0, 0, 0
156321, 60, 1, 0, 0
156421, 280, 0, 0, 0
156421, 60, 1, 0, 0
156522, 120, 0, 0, 0
156522, 30, 1, 0, 0
156622, 60, 0, 0, 0
156622, 20, 1, 0, 0
156722, 270, 0, 0, 0
156722, 120, 1, 0, 0
156822, 270, 0, 0, 0
156822, 30, 1, 0, 0
156922, 160, 0, 0, 0
156922, 80, 1, 0, 0
157422, 180, 0, 0, 0
157422, 40, 1, 0, 0
157522, 230, 0, 0, 0
157522, 60, 1, 0, 0
157621, 202, 0, 0, 0
157621, 70, 1, 0, 0
157721, 250, 0, 0, 0
157721, 100, 1, 0, 0
157821, 260, 0, 0, 0
157821, 80, 1, 0, 0
157922, 40, 0, 0, 0
158022, 80, 0, 0, 0
158022, 20, 1, 0, 0
158122, 180, 0, 0, 0
158122, 40, 1, 0, 0
158222, 240, 0, 0, 0
158222, 30, 1, 0, 0
158322, 260, 0, 0, 0
158322, 110, 1, 0, 0
158422, 60, 0, 0, 0
158422, 10, 1, 0, 0
158522, 40, 0, 0, 0
158522, 20, 1, 0, 0
158622, 60, 0, 0, 0
158622, 20, 1, 0, 0
158722, 260, 0, 0, 0
158722, 110, 1, 0, 0
158822, 240, 0, 0, 0
158822, 50, 1, 0, 0
158922, 200, 0, 0, 0
158922, 10, 1, 0, 0
159022, 200, 0, 0, 0
159022, 40, 1, 0, 0
159121, 141, 0, 0, 0
159121, 70, 1, 0, 0
160121, 161, 0, 0, 0
160121, 10, 1, 0, 0
160221, 180, 0, 0, 0
160221, 30, 1, 0, 0
162421, 10, 0, 0, 0
162522, 130, 0, 0, 0
162522, 60, 1, 0, 0
162622, 240, 0, 0, 0
162622, 90, 1, 0, 0
162722, 1610, 0, 0, 0
162722, 440, 1, 0, 0
162822, 60, 0, 0, 0
162822, 10, 1, 0, 0
162922, 110, 0, 0, 0
162922, 20, 1, 0, 0
163221, 30, 0, 0, 0
163321, 250, 0, 0, 0
163321, 40, 1, 0, 0
163421, 240, 0, 0, 0
163421, 40, 1, 0, 0
163521, 1990, 0, 0, 0
163521, 490, 1, 0, 0
163622, 1180, 0, 0, 0
163622, 380, 1, 0, 0
163722, 30, 0, 0, 0
163722, 20, 1, 0, 0
163822, 260, 0, 0, 0
163822, 70, 1, 0, 0
163922, 280, 0, 0, 0
163922, 60, 1, 0, 0
164022, 160, 0, 0, 0
164022, 30, 1, 0, 0
164322, 10, 0, 0, 0
164422, 250, 0, 0, 0
164422, 90, 1, 0, 0
164522, 90, 0, 0, 0
164522, 50, 1, 0, 0
164721, 50, 0, 0, 0
164721, 10, 1, 0, 0
164821, 160, 0, 0, 0
164821, 10, 1, 0, 0
164922, 220, 0, 0, 0
164922, 80, 1, 0, 0
165022, 220, 0, 0, 0
165022, 90, 1, 0, 0
165122, 150, 0, 0, 0
165222, 170, 0, 0, 0
165222, 40, 1, 0, 0
165322, 140, 0, 0, 0
165322, 30, 1, 0, 0
165422, 180, 0, 0, 0
165422, 90, 1, 0, 0
165522, 190, 0, 0, 0
165522, 20, 1, 0, 0
165621, 121, 0, 0, 0
165621, 10, 1, 0, 0
165721, 190, 0, 0, 0
165721, 70, 1, 0, 0
165821, 160, 0, 0, 0
165821, 40, 1, 0, 0
165921, 140, 0, 0, 0
165921, 20, 1, 0, 0
166022, 190, 0, 0, 0
166022, 50, 1, 0, 0
166122, 190, 0, 0, 0
166222, 160, 0, 0, 0
166222, 70, 1, 0, 0
166322, 160, 0, 0, 0
166322, 50, 1, 0, 0
166422, 140, 0, 0, 0
166422, 20, 1, 0, 0
166522, 170, 0, 0, 0
166522, 60, 1, 0, 0
166622, 210, 0, 0, 0
166622, 50, 1, 0, 0
166722, 180, 0, 0, 0
166722, 40, 1, 0, 0
166822, 180, 0, 0, 0
166822, 60, 1, 0, 0
166922, 140, 0, 0, 0
166922, 30, 1, 0, 0
167022, 180, 0, 0, 0
167022, 10, 1, 0, 0
167122, 181, 0, 0, 0
167122, 40, 1, 0, 0
167222, 180, 0, 0, 0
167222, 30, 1, 0, 0
167322, 180, 0, 0, 0
167322, 60, 1, 0, 0
167422, 150, 0, 0, 0
167422, 30, 1, 0, 0
167522, 170, 0, 0, 0
167522, 60, 1, 0, 0
167622, 160, 0, 0, 0
167622, 30, 1, 0, 0
167722, 140, 0, 0, 0
167722, 40, 1, 0, 0
167822, 250, 0, 0, 0
167822, 20, 1, 0, 0
167922, 170, 0, 0, 0
167922, 30, 1, 0, 0
168022, 120, 0, 0, 0
168022, 40, 1, 0, 0
168121, 80, 0, 0, 0
168121, 30, 1, 0, 0
168221, 180, 0, 0, 0
168221, 40, 1, 0, 0
168321, 180, 0, 0, 0
168321, 50, 1, 0, 0
168422, 70, 0, 0, 0
168422, 20, 1, 0, 0
168522, 190, 0, 0, 0
168522, 70, 1, 0, 0
168622, 160, 0, 0, 0
168622, 30, 1, 0, 0
168722, 80, 0, 0, 0
168722, 20, 1, 0, 0
168822, 190, 0, 0, 0
168822, 30, 1, 0, 0
168922, 190, 0, 0, 0
168922, 10, 1, 0, 0
169022, 10, 0, 0, 0
169521, 10, 0, 0, 0
169721, 1150, 0, 0, 0
169721, 270, 1, 0, 0
169822, 20, 0, 0, 0
169822, 10, 1, 0, 0
170022, 240, 0, 0, 0
170022, 90, 1, 0, 0
170122, 270, 0, 0, 0
170122, 80, 1, 0, 0
170222, 250, 0, 0, 0
170222, 90, 1, 0, 0
170322, 3570, 0, 0, 0
170322, 880, 1, 0, 0
170422, 240, 0, 0, 0
170422, 60, 1, 0, 0
170522, 230, 0, 0, 0
170522, 90, 1, 0, 0
170621, 262, 0, 0, 0
170621, 20, 1, 0, 0
170721, 160, 0, 0, 0
170922, 120, 0, 0, 0
170922, 40, 1, 0, 0
171022, 250, 0, 0, 0
171022, 30, 1, 0, 0
171122, 230, 0, 0, 0
171122, 90, 1, 0, 0
171222, 160, 0, 0, 0
171222, 50, 1, 0, 0
171722, 140, 0, 0, 0
171722, 30, 1, 0, 0
171822, 200, 0, 0, 0
171822, 70, 1, 0, 0
172421, 40, 0, 0, 0
172421, 40, 1, 0, 0
172522, 260, 0, 0, 0
172522, 60, 1, 0, 0
172622, 230, 0, 0, 0
172622, 80, 1, 0, 0
172722, 210, 0, 0, 0
172722, 70, 1, 0, 0
172822, 100, 0, 0, 0
172822, 50, 1, 0, 0
172922, 260, 0, 0, 0
172922, 70, 1, 0, 0
173022, 240, 0, 0, 0
173022, 30, 1, 0, 0
173121, 232, 0, 0, 0
173121, 101, 1, 0, 0
173221, 250, 0, 0, 0
173221, 90, 1, 0, 0
173321, 260, 0, 0, 0
173321, 110, 1, 0, 0
173421, 240, 0, 0, 0
173421, 90, 1, 0, 0
173521, 250, 0, 0, 0
173521, 80, 1, 0, 0
173622, 230, 0, 0, 0
173622, 20, 1, 0, 0
173722, 260, 0, 0, 0
173722, 90, 1, 0, 0
173822, 260, 0, 0, 0
173822, 90, 1, 0, 0
173922, 40, 0, 0, 0
173922, 10, 1, 0, 0
174422, 240, 0, 0, 0
174422, 40, 1, 0, 0
174522, 180, 0, 0, 0
174522, 30, 1, 0, 0
174621, 121, 0, 0, 0
174621, 50, 1, 0, 0
174821, 150, 0, 0, 0
174821, 10, 1, 0, 0
174922, 220, 0, 0, 0
174922, 80, 1, 0, 0
175022, 280, 0, 0, 0
175022, 30, 1, 0, 0
175122, 80, 0, 0, 0
175122, 10, 1, 0, 0
175522, 20, 0, 0, 0
175522, 10, 1, 0, 0
176221, 260, 0, 0, 0
176221, 50, 1, 0, 0
176321, 200, 0, 0, 0
176321, 50, 1, 0, 0
176422, 180, 0, 0, 0
176422, 50, 1, 0, 0
176522, 160, 0, 0, 0
176522, 90, 1, 0, 0
176622, 170, 0, 0, 0
176622, 20, 1, 0, 0
176722, 10, 0, 0, 0
176822, 240, 0, 0, 0
176822, 80, 1, 0, 0
176922, 220, 0, 0, 0
176922, 50, 1, 0, 0
177022, 160, 0, 0, 0
177022, 30, 1, 0, 0
177121, 202, 0, 0, 0
177121, 131, 1, 0, 0
177221, 210, 0, 0, 0
177221, 60, 1, 0, 0
177321, 180, 0, 0, 0
177321, 70, 1, 0, 0
177421, 190, 0, 0, 0
177421, 20, 1, 0, 0
177521, 3040, 0, 0, 0
177521, 660, 1, 0, 0
177622, 1950, 0, 0, 0
177622, 590, 1, 0, 0
177722, 110, 0, 0, 0
177722, 40, 1, 0, 0
177822, 200, 0, 0, 0
177822, 20, 1, 0, 0
177922, 200, 0, 0, 0
177922, 100, 1, 0, 0
178022, 180, 0, 0, 0
178022, 60, 1, 0, 0
178122, 150, 0, 0, 0
178122, 30, 1, 0, 0
178222, 210, 0, 0, 0
178222, 40, 1, 0, 0
178322, 140, 0, 0, 0
178322, 80, 1, 0, 0
178422, 160, 0, 0, 0
178422, 60, 1, 0, 0
178522, 140, 0, 0, 0
178522, 100, 1, 0, 0
178621, 181, 0, 0, 0
178621, 60, 1, 0, 0
178721, 80, 0, 0, 0
178721, 40, 1, 0, 0
178821, 160, 0, 0, 0
178821, 30, 1, 0, 0
178921, 180, 0, 0, 0
178921, 40, 1, 0, 0
179021, 40, 0, 0, 0
179121, 40, 0, 0, 0
179121, 20, 1, 0, 0
179222, 30, 0, 0, 0
179222, 30, 1, 0, 0
179322, 50, 0, 0, 0
179322, 10, 1, 0, 0
179522, 60, 0, 0, 0
179522, 10, 1, 0, 0
179622, 20, 0, 0, 0
179822, 40, 0, 0, 0
179922, 280, 0, 0, 0
179922, 50, 1, 0, 0
