104, 6895285, 0, 0, 0
112, 319882, 1, 0, 0
203, 4862018, 0, 0, 0
211, 256665, 1, 0, 0
302, 4842643, 0, 0, 0
342, 273472, 1, 0, 0
426, 6140566, 0, 0, 0
435, 279751, 1, 0, 0
546, 7914569, 0, 0, 0
559, 270388, 1, 0, 0
628, 5397688, 0, 0, 0
631, 281944, 1, 0, 0
705, 5390715, 0, 0, 0
722, 277946, 1, 0, 0
805, 4812107, 0, 0, 0
883, 272956, 1, 0, 0
904, 4927281, 0, 0, 0
919, 291250, 1, 0, 0
1003, 4932734, 0, 0, 0
1094, 288471, 1, 0, 0
1138, 7097433, 0, 0, 0
1166, 281914, 1, 0, 0
1228, 5251223, 0, 0, 0
1228, 299067, 1, 0, 0
1304, 5326253, 0, 0, 0
1349, 279126, 1, 0, 0
1402, 4398801, 0, 0, 0
1410, 282426, 1, 0, 0
1502, 5483489, 0, 0, 0
1503, 278872, 1, 0, 0
1601, 4770864, 0, 0, 0
1672, 282769, 1, 0, 0
1702, 8238154, 0, 0, 0
1704, 279860, 1, 0, 0
1826, 10186416, 0, 0, 0
1844, 277950, 1, 0, 0
1901, 5746626, 0, 0, 0
1934, 288251, 1, 0, 0
2005, 5443205, 0, 0, 0
2006, 281446, 1, 0, 0
2103, 5376841, 0, 0, 0
2112, 275831, 1, 0, 0
2234, 7175812, 0, 0, 0
2251, 275439, 1, 0, 0
2317, 5772912, 0, 0, 0
2325, 276355, 1, 0, 0
2400, 5460924, 0, 0, 0
2505, 5498490, 0, 0, 0
2523, 277553, 1, 0, 0
2603, 6112038, 0, 0, 0
2611, 293267, 1, 0, 0
2701, 5375897, 0, 0, 0
2701, 287781, 1, 0, 0
2800, 279574, 1, 0, 0
2801, 7617846, 0, 0, 0
2931, 6699476, 0, 0, 0
2941, 280254, 1, 0, 0
3013, 5653704, 0, 0, 0
3031, 269936, 1, 0, 0
3102, 5571919, 0, 0, 0
3103, 287527, 1, 0, 0
3200, 5387445, 0, 0, 0
3209, 291041, 1, 0, 0
3300, 5163616, 0, 0, 0
3307, 281223, 1, 0, 0
3457, 8604924, 0, 0, 0
3457, 282531, 1, 0, 0
3504, 4184299, 0, 0, 0
3506, 289641, 1, 0, 0
3602, 6021677, 0, 0, 0
3652, 287794, 1, 0, 0
3701, 9707752, 0, 0, 0
3725, 285223, 1, 0, 0
3800, 4726111, 0, 0, 0
3801, 300941, 1, 0, 0
3907, 5767001, 0, 0, 0
3913, 286436, 1, 0, 0
4003, 5560887, 0, 0, 0
4011, 277732, 1, 0, 0
4101, 5358626, 0, 0, 0
4109, 277838, 1, 0, 0
4201, 5207126, 0, 0, 0
4209, 284718, 1, 0, 0
4322, 7056653, 0, 0, 0
4330, 282381, 1, 0, 0
4412, 5548442, 0, 0, 0
4438, 284269, 1, 0, 0
4502, 5544664, 0, 0, 0
4537, 279291, 1, 0, 0
4600, 5393328, 0, 0, 0
4600, 284441, 1, 0, 0
4700, 5194820, 0, 0, 0
4766, 282353, 1, 0, 0
4823, 6771313, 0, 0, 0
4856, 278057, 1, 0, 0
4913, 6434252, 0, 0, 0
4930, 295057, 1, 0, 0
5001, 5757167, 0, 0, 0
5003, 280291, 1, 0, 0
5101, 5188539, 0, 0, 0
5108, 276991, 1, 0, 0
5206, 7953977, 0, 0, 0
5250, 281738, 1, 0, 0
5304, 5372808, 0, 0, 0
5304, 286993, 1, 0, 0
5611, 25510329, 0, 0, 0
5849, 237240318, 0, 0, 0
5855, 284231, 1, 0, 0
5904, 5469602, 0, 0, 0
5929, 298803, 1, 0, 0
6001, 7448448, 0, 0, 0
6042, 295875, 1, 0, 0
6101, 5773752, 0, 0, 0
6101, 281127, 1, 0, 0
6201, 6186270, 0, 0, 0
6214, 295140, 1, 0, 0
6312, 7379421, 0, 0, 0
6329, 284813, 1, 0, 0
6402, 5564531, 0, 0, 0
6459, 287542, 1, 0, 0
6501, 3931290, 0, 0, 0
6501, 280339, 1, 0, 0
6600, 598275, 0, 0, 0
6600, 384134, 1, 0, 0
6704, 336520, 0, 0, 0
6712, 367316, 1, 0, 0
6828, 24620053, 0, 0, 0
6854, 251937, 1, 0, 0
6901, 4534669, 0, 0, 0
6923, 268883, 1, 0, 0
7001, 3932865, 0, 0, 0
7019, 275036, 1, 0, 0
7103, 4178663, 0, 0, 0
7111, 264372, 1, 0, 0
7205, 3843192, 0, 0, 0
7229, 284452, 1, 0, 0
7309, 5691849, 0, 0, 0
7309, 280412, 1, 0, 0
7459, 37353697, 0, 0, 0
7461, 285733, 1, 0, 0
7515, 27954052, 0, 0, 0
7532, 280071, 1, 0, 0
7602, 3848025, 0, 0, 0
7602, 280578, 1, 0, 0
7705, 4204736, 0, 0, 0
7714, 281025, 1, 0, 0
7940, 9769540, 0, 0, 0
8006, 16443847, 0, 0, 0
8036, 291812, 1, 0, 0
8103, 9584628, 0, 0, 0
8103, 278705, 1, 0, 0
8205, 3854092, 0, 0, 0
8314, 9983655, 0, 0, 0
8586, 271058453, 0, 0, 0
8586, 295289, 1, 0, 0
8643, 28464640, 0, 0, 0
8670, 275163, 1, 0, 0
8701, 6385358, 0, 0, 0
8709, 288676, 1, 0, 0
8801, 3861560, 0, 0, 0
8801, 274158, 1, 0, 0
10620, 1819003463, 0, 0, 0
10658, 289857, 1, 0, 0
10704, 3961537, 0, 0, 0
10736, 302520, 1, 0, 0
10801, 4152871, 0, 0, 0
10814, 290084, 1, 0, 0
11868, 42630760, 0, 0, 0
11893, 292916, 1, 0, 0
11900, 3622411, 0, 0, 0
11922, 290994, 1, 0, 0
12159, 10285021, 0, 0, 0
12167, 287535, 1, 0, 0
12206, 3707256, 0, 0, 0
12208, 280249, 1, 0, 0
12959, 34167991, 0, 0, 0
12959, 296046, 1, 0, 0
13005, 3696711, 0, 0, 0
13007, 286373, 1, 0, 0
13576, 25851814, 0, 0, 0
13774, 99267981, 0, 0, 0
13798, 284014, 1, 0, 0
13800, 3590427, 0, 0, 0
13808, 297733, 1, 0, 0
13900, 3945269, 0, 0, 0
13900, 296578, 1, 0, 0
14003, 5055652, 0, 0, 0
14003, 287278, 1, 0, 0
14100, 4147305, 0, 0, 0
14106, 295876, 1, 0, 0
14201, 3847874, 0, 0, 0
14208, 283534, 1, 0, 0
14302, 4324312, 0, 0, 0
14310, 292195, 1, 0, 0
15280, 48826729, 0, 0, 0
15290, 287065, 1, 0, 0
15304, 3835532, 0, 0, 0
15314, 288934, 1, 0, 0
15400, 3748347, 0, 0, 0
15408, 283661, 1, 0, 0
16480, 360002753, 0, 0, 0
16504, 3883098, 0, 0, 0
16545, 294617, 1, 0, 0
16770, 4526093, 0, 0, 0
16792, 323215, 1, 0, 0
16838, 7476688, 0, 0, 0
16840, 400160, 1, 0, 0
16904, 3579185, 0, 0, 0
16905, 409948, 1, 0, 0
17000, 3895103, 0, 0, 0
17016, 401871, 1, 0, 0
17105, 3752767, 0, 0, 0
17120, 401217, 1, 0, 0
17200, 3722720, 0, 0, 0
17239, 404053, 1, 0, 0
17304, 3899961, 0, 0, 0
17306, 396983, 1, 0, 0
18236, 465662890, 0, 0, 0
18237, 387939, 1, 0, 0
18447, 17267282, 0, 0, 0
18447, 397112, 1, 0, 0
18500, 3434428, 0, 0, 0
18515, 402691, 1, 0, 0
18651, 7499268, 0, 0, 0
18701, 7090432, 0, 0, 0
18701, 392557, 1, 0, 0
18801, 4212019, 0, 0, 0
18808, 396606, 1, 0, 0
18903, 4320062, 0, 0, 0
18913, 402203, 1, 0, 0
19004, 6191615, 0, 0, 0
19035, 397357, 1, 0, 0
19100, 2592168, 0, 0, 0
19100, 396786, 1, 0, 0
19200, 143774, 0, 0, 0
19200, 392997, 1, 0, 0
19300, 6642487, 0, 0, 0
19315, 226017, 1, 0, 0
19404, 5381026, 0, 0, 0
19412, 253439, 1, 0, 0
19503, 6011911, 0, 0, 0
19603, 14322341, 0, 0, 0
19619, 275176, 1, 0, 0
19708, 5375900, 0, 0, 0
19710, 273652, 1, 0, 0
19800, 5376774, 0, 0, 0
19809, 293418, 1, 0, 0
19904, 5421784, 0, 0, 0
19906, 285534, 1, 0, 0
20002, 6074774, 0, 0, 0
20011, 291642, 1, 0, 0
20101, 5359782, 0, 0, 0
20184, 291832, 1, 0, 0
20215, 7148503, 0, 0, 0
20218, 299397, 1, 0, 0
20305, 5478694, 0, 0, 0
20314, 292471, 1, 0, 0
20403, 5378194, 0, 0, 0
20404, 282478, 1, 0, 0
20501, 5406395, 0, 0, 0
20551, 292578, 1, 0, 0
20625, 7663270, 0, 0, 0
20641, 286094, 1, 0, 0
20708, 5471773, 0, 0, 0
20709, 287766, 1, 0, 0
20805, 6322336, 0, 0, 0
20846, 290710, 1, 0, 0
20903, 5404007, 0, 0, 0
20928, 290572, 1, 0, 0
21001, 5371607, 0, 0, 0
21059, 287492, 1, 0, 0
21101, 5208006, 0, 0, 0
21165, 290152, 1, 0, 0
21328, 8411639, 0, 0, 0
21367, 318614, 1, 0, 0
21402, 4841621, 0, 0, 0
21402, 417380, 1, 0, 0
21621, 9764047, 0, 0, 0
21686, 416526, 1, 0, 0
21700, 4877946, 0, 0, 0
21700, 408426, 1, 0, 0
21804, 4149649, 0, 0, 0
21843, 400207, 1, 0, 0
21900, 3647300, 0, 0, 0
21934, 394083, 1, 0, 0
22005, 4319491, 0, 0, 0
22005, 410122, 1, 0, 0
22104, 5331312, 0, 0, 0
22114, 398844, 1, 0, 0
22200, 3423281, 0, 0, 0
22200, 389948, 1, 0, 0
22414, 53480378, 0, 0, 0
22415, 437454, 1, 0, 0
22503, 3525124, 0, 0, 0
22503, 394458, 1, 0, 0
22602, 5289404, 0, 0, 0
22602, 392282, 1, 0, 0
22705, 3595728, 0, 0, 0
22734, 397481, 1, 0, 0
22830, 6825105, 0, 0, 0
23429, 119890300, 0, 0, 0
23586, 156798114, 0, 0, 0
23613, 9147441, 0, 0, 0
23639, 398177, 1, 0, 0
23702, 7828220, 0, 0, 0
23703, 395346, 1, 0, 0
23800, 4267063, 0, 0, 0
23808, 392973, 1, 0, 0
28616, 300950932, 0, 0, 0
28874, 128907017, 0, 0, 0
28884, 407315, 1, 0, 0
28900, 4998112, 0, 0, 0
28921, 400017, 1, 0, 0
29001, 3780872, 0, 0, 0
29042, 403893, 1, 0, 0
29102, 4719802, 0, 0, 0
29102, 385179, 1, 0, 0
29213, 4497808, 0, 0, 0
29213, 430759, 1, 0, 0
29300, 404223, 1, 0, 0
29301, 3709330, 0, 0, 0
29403, 5880045, 0, 0, 0
29403, 394637, 1, 0, 0
29505, 3839741, 0, 0, 0
29505, 393989, 1, 0, 0
33621, 2058064849, 0, 0, 0
33771, 74631700, 0, 0, 0
33819, 24366920, 0, 0, 0
33824, 436145, 1, 0, 0
33900, 3766358, 0, 0, 0
33916, 413527, 1, 0, 0
34000, 3844885, 0, 0, 0
34001, 390011, 1, 0, 0
34100, 407279, 0, 0, 0
34101, 392051, 1, 0, 0
34203, 398130, 1, 0, 0
34203, 138370, 0, 0, 0
34303, 204390, 0, 0, 0
34313, 382889, 1, 0, 0
34401, 3579024, 0, 0, 0
34401, 244038, 1, 0, 0
34503, 4745892, 0, 0, 0
34757, 84590507, 0, 0, 0
34786, 271021, 1, 0, 0
34801, 3640463, 0, 0, 0
34801, 290761, 1, 0, 0
34966, 7432835, 0, 0, 0
34979, 282616, 1, 0, 0
35001, 3814523, 0, 0, 0
35040, 290606, 1, 0, 0
35101, 3943106, 0, 0, 0
35101, 294135, 1, 0, 0
35203, 4027965, 0, 0, 0
35248, 295078, 1, 0, 0
35509, 12707189, 0, 0, 0
35543, 292062, 1, 0, 0
35798, 48102192, 0, 0, 0
35805, 3553816, 0, 0, 0
35822, 289922, 1, 0, 0
35900, 3758690, 0, 0, 0
35972, 287216, 1, 0, 0
36004, 4934904, 0, 0, 0
36029, 293469, 1, 0, 0
36102, 4830992, 0, 0, 0
36135, 292610, 1, 0, 0
36201, 3939578, 0, 0, 0
36208, 295540, 1, 0, 0
36305, 4055878, 0, 0, 0
36338, 296201, 1, 0, 0
36402, 4019500, 0, 0, 0
36403, 290925, 1, 0, 0
36537, 44837444, 0, 0, 0
36544, 291349, 1, 0, 0
36600, 4127034, 0, 0, 0
36619, 286040, 1, 0, 0
36850, 31179482, 0, 0, 0
36852, 335091, 1, 0, 0
36900, 3702562, 0, 0, 0
36923, 284530, 1, 0, 0
37004, 4076137, 0, 0, 0
37012, 281460, 1, 0, 0
37102, 4857435, 0, 0, 0
37118, 291087, 1, 0, 0
37300, 14096731, 0, 0, 0
37368, 286620, 1, 0, 0
37427, 6655639, 0, 0, 0
37445, 303365, 1, 0, 0
37506, 8595714, 0, 0, 0
37563, 285645, 1, 0, 0
37603, 5354435, 0, 0, 0
37654, 282415, 1, 0, 0
37701, 4035698, 0, 0, 0
37709, 287136, 1, 0, 0
37823, 4991778, 0, 0, 0
37832, 279967, 1, 0, 0
37905, 5765282, 0, 0, 0
37905, 283136, 1, 0, 0
38012, 6562509, 0, 0, 0
38012, 284426, 1, 0, 0
38102, 6305743, 0, 0, 0
38102, 284177, 1, 0, 0
38201, 3955800, 0, 0, 0
38207, 292244, 1, 0, 0
38304, 4045907, 0, 0, 0
38386, 288146, 1, 0, 0
38477, 7198780, 0, 0, 0
38501, 3939383, 0, 0, 0
38510, 291129, 1, 0, 0
38624, 6736413, 0, 0, 0
38633, 289595, 1, 0, 0
38706, 3979817, 0, 0, 0
38716, 282888, 1, 0, 0
38812, 6637363, 0, 0, 0
38820, 294620, 1, 0, 0
38900, 283731, 1, 0, 0
38900, 873117, 0, 0, 0
39019, 200073, 0, 0, 0
39064, 286977, 1, 0, 0
39529, 170077538, 0, 0, 0
39532, 408514, 1, 0, 0
39603, 3543289, 0, 0, 0
39626, 422006, 1, 0, 0
39889, 20326943, 0, 0, 0
39891, 432470, 1, 0, 0
39903, 3470670, 0, 0, 0
39948, 458429, 1, 0, 0
40000, 389727, 1, 0, 0
40000, 666727, 0, 0, 0
40201, 614392, 0, 0, 0
40306, 15011042, 0, 0, 0
40413, 13448966, 0, 0, 0
40415, 384826, 1, 0, 0
40653, 17116420, 0, 0, 0
40681, 306329, 1, 0, 0
40703, 8100138, 0, 0, 0
40705, 263736, 1, 0, 0
40800, 3972169, 0, 0, 0
40802, 284786, 1, 0, 0
40900, 3900144, 0, 0, 0
40964, 285929, 1, 0, 0
41004, 5377084, 0, 0, 0
41036, 286925, 1, 0, 0
41136, 9357468, 0, 0, 0
41209, 6148750, 0, 0, 0
41226, 291544, 1, 0, 0
41301, 6095405, 0, 0, 0
41340, 291411, 1, 0, 0
41405, 5465869, 0, 0, 0
41422, 297635, 1, 0, 0
41504, 5410688, 0, 0, 0
41553, 286639, 1, 0, 0
41627, 6752600, 0, 0, 0
41653, 285334, 1, 0, 0
41752, 8308959, 0, 0, 0
41761, 293229, 1, 0, 0
41801, 3994623, 0, 0, 0
41834, 288063, 1, 0, 0
41914, 7387328, 0, 0, 0
41931, 284167, 1, 0, 0
42004, 5468426, 0, 0, 0
42028, 287667, 1, 0, 0
42113, 8369726, 0, 0, 0
42113, 305329, 1, 0, 0
42201, 5806707, 0, 0, 0
42251, 312313, 1, 0, 0
42324, 7680566, 0, 0, 0
42333, 289633, 1, 0, 0
42408, 5466938, 0, 0, 0
42439, 289957, 1, 0, 0
42503, 4976120, 0, 0, 0
42506, 291882, 1, 0, 0
42669, 10219454, 0, 0, 0
42669, 282262, 1, 0, 0
42768, 16476426, 0, 0, 0
42768, 296874, 1, 0, 0
42801, 16268646, 0, 0, 0
42803, 287949, 1, 0, 0
42918, 8740940, 0, 0, 0
42927, 278547, 1, 0, 0
43000, 5715026, 0, 0, 0
43015, 292231, 1, 0, 0
43106, 15039460, 0, 0, 0
43106, 300372, 1, 0, 0
43204, 6069415, 0, 0, 0
43236, 302541, 1, 0, 0
43302, 5357312, 0, 0, 0
43302, 283228, 1, 0, 0
43401, 12290307, 0, 0, 0
43499, 293022, 1, 0, 0
43501, 5216574, 0, 0, 0
43617, 58303394, 0, 0, 0
43724, 21250980, 0, 0, 0
43724, 331646, 1, 0, 0
43814, 7486054, 0, 0, 0
43841, 290550, 1, 0, 0
43903, 4435377, 0, 0, 0
43922, 284126, 1, 0, 0
44001, 3980378, 0, 0, 0
44009, 296825, 1, 0, 0
44134, 33098514, 0, 0, 0
44158, 296296, 1, 0, 0
44209, 5799091, 0, 0, 0
44308, 16492830, 0, 0, 0
44309, 326427, 1, 0, 0
44439, 25992158, 0, 0, 0
44441, 288771, 1, 0, 0
44505, 16417496, 0, 0, 0
44630, 31249753, 0, 0, 0
44654, 292009, 1, 0, 0
44704, 6020067, 0, 0, 0
44720, 287547, 1, 0, 0
44856, 4692407, 0, 0, 0
44856, 310643, 1, 0, 0
44904, 4336603, 0, 0, 0
44904, 398630, 1, 0, 0
45000, 3632409, 0, 0, 0
45014, 403954, 1, 0, 0
45408, 17707040, 0, 0, 0
45469, 410096, 1, 0, 0
45500, 6472921, 0, 0, 0
45501, 388416, 1, 0, 0
45601, 3646748, 0, 0, 0
45617, 395423, 1, 0, 0
45718, 23167876, 0, 0, 0
45726, 390006, 1, 0, 0
45804, 3591796, 0, 0, 0
45827, 397820, 1, 0, 0
45901, 3542797, 0, 0, 0
45901, 394425, 1, 0, 0
46252, 31832529, 0, 0, 0
46252, 399568, 1, 0, 0
46304, 3452894, 0, 0, 0
46348, 394774, 1, 0, 0
46636, 16555638, 0, 0, 0
46636, 412255, 1, 0, 0
46701, 3547264, 0, 0, 0
46709, 405237, 1, 0, 0
46805, 3904799, 0, 0, 0
46807, 403328, 1, 0, 0
46901, 3602246, 0, 0, 0
46908, 401679, 1, 0, 0
47144, 20157552, 0, 0, 0
47207, 7888078, 0, 0, 0
47208, 405646, 1, 0, 0
47311, 10249223, 0, 0, 0
47315, 426134, 1, 0, 0
47400, 248379, 0, 0, 0
47400, 403234, 1, 0, 0
47500, 382353, 0, 0, 0
47509, 387892, 1, 0, 0
47600, 3926455, 0, 0, 0
47606, 274772, 1, 0, 0
47703, 4073817, 0, 0, 0
47728, 280700, 1, 0, 0
47801, 4024434, 0, 0, 0
47811, 279313, 1, 0, 0
48257, 28468154, 0, 0, 0
48268, 286430, 1, 0, 0
48300, 4676426, 0, 0, 0
48309, 307949, 1, 0, 0
48404, 4083758, 0, 0, 0
48406, 293790, 1, 0, 0
48511, 10584177, 0, 0, 0
48527, 284522, 1, 0, 0
48600, 4031049, 0, 0, 0
48611, 289218, 1, 0, 0
48704, 6368183, 0, 0, 0
48717, 290195, 1, 0, 0
48804, 4074526, 0, 0, 0
48804, 286321, 1, 0, 0
48902, 5378861, 0, 0, 0
48903, 292936, 1, 0, 0
49000, 5341017, 0, 0, 0
49009, 283598, 1, 0, 0
49100, 3929765, 0, 0, 0
49217, 30287897, 0, 0, 0
49217, 322889, 1, 0, 0
49301, 5039369, 0, 0, 0
49308, 383372, 1, 0, 0
49402, 3688560, 0, 0, 0
49403, 393788, 1, 0, 0
49533, 8518787, 0, 0, 0
49936, 134312675, 0, 0, 0
50117, 90646739, 0, 0, 0
50118, 422703, 1, 0, 0
50242, 62352189, 0, 0, 0
50257, 428394, 1, 0, 0
50376, 8101066, 0, 0, 0
50400, 3430533, 0, 0, 0
50401, 417958, 1, 0, 0
50500, 4762042, 0, 0, 0
50692, 17486507, 0, 0, 0
50708, 7890386, 0, 0, 0
50716, 398558, 1, 0, 0
50804, 3534979, 0, 0, 0
50804, 391612, 1, 0, 0
50903, 4860025, 0, 0, 0
50911, 399653, 1, 0, 0
51002, 4880086, 0, 0, 0
51003, 404247, 1, 0, 0
51121, 6195032, 0, 0, 0
51121, 404013, 1, 0, 0
51253, 8750892, 0, 0, 0
51255, 402433, 1, 0, 0
51330, 5426414, 0, 0, 0
51367, 405983, 1, 0, 0
51422, 5738330, 0, 0, 0
51425, 428311, 1, 0, 0
51512, 22387868, 0, 0, 0
51528, 399081, 1, 0, 0
51600, 10920231, 0, 0, 0
51610, 396274, 1, 0, 0
51703, 5602142, 0, 0, 0
51779, 392673, 1, 0, 0
51801, 6106054, 0, 0, 0
51901, 5248850, 0, 0, 0
52001, 24904602, 0, 0, 0
52016, 397600, 1, 0, 0
52105, 4856476, 0, 0, 0
52121, 395181, 1, 0, 0
52203, 5434838, 0, 0, 0
52213, 392339, 1, 0, 0
52301, 5392530, 0, 0, 0
52376, 397245, 1, 0, 0
52408, 8866681, 0, 0, 0
52427, 393753, 1, 0, 0
52500, 5316367, 0, 0, 0
52531, 395562, 1, 0, 0
52604, 5401972, 0, 0, 0
52613, 384873, 1, 0, 0
52702, 5308150, 0, 0, 0
52713, 389793, 1, 0, 0
52825, 6741438, 0, 0, 0
52860, 395494, 1, 0, 0
52907, 5797067, 0, 0, 0
52918, 396663, 1, 0, 0
53005, 5416606, 0, 0, 0
53016, 403635, 1, 0, 0
53102, 4020471, 0, 0, 0
53105, 406692, 1, 0, 0
53200, 5307167, 0, 0, 0
53201, 383461, 1, 0, 0
53300, 5162915, 0, 0, 0
53309, 391288, 1, 0, 0
53406, 4931344, 0, 0, 0
53407, 393945, 1, 0, 0
53729, 161293428, 0, 0, 0
53730, 404233, 1, 0, 0
53803, 6052002, 0, 0, 0
53803, 391695, 1, 0, 0
53901, 3956240, 0, 0, 0
53926, 390306, 1, 0, 0
54000, 5761831, 0, 0, 0
54015, 392882, 1, 0, 0
54100, 336660, 0, 0, 0
54101, 389407, 1, 0, 0
54203, 139399, 0, 0, 0
54204, 382716, 1, 0, 0
54302, 1814056, 0, 0, 0
54334, 373025, 1, 0, 0
54400, 3604453, 0, 0, 0
54406, 273102, 1, 0, 0
54502, 3688182, 0, 0, 0
54527, 265953, 1, 0, 0
54621, 8353681, 0, 0, 0
54621, 268484, 1, 0, 0
55048, 426548378, 0, 0, 0
55100, 280455, 1, 0, 0
55105, 3794322, 0, 0, 0
55261, 8095450, 0, 0, 0
55371, 109459058, 0, 0, 0
55373, 279262, 1, 0, 0
55401, 5010704, 0, 0, 0
55403, 282456, 1, 0, 0
55505, 3672216, 0, 0, 0
55543, 284485, 1, 0, 0
55602, 3997090, 0, 0, 0
55603, 288252, 1, 0, 0
55701, 3828996, 0, 0, 0
55709, 275906, 1, 0, 0
55807, 4335237, 0, 0, 0
55836, 280868, 1, 0, 0
55901, 4194636, 0, 0, 0
55909, 278394, 1, 0, 0
56004, 4436662, 0, 0, 0
56072, 285826, 1, 0, 0
56102, 4018035, 0, 0, 0
56102, 279737, 1, 0, 0
56301, 99601425, 0, 0, 0
56302, 275654, 1, 0, 0
56534, 28926849, 0, 0, 0
56551, 280899, 1, 0, 0
56601, 5067697, 0, 0, 0
56616, 279855, 1, 0, 0
56732, 9998264, 0, 0, 0
56733, 286590, 1, 0, 0
56816, 5561399, 0, 0, 0
56823, 289186, 1, 0, 0
56903, 5781737, 0, 0, 0
56905, 287831, 1, 0, 0
57001, 5346382, 0, 0, 0
57001, 281963, 1, 0, 0
57101, 5134876, 0, 0, 0
57110, 278863, 1, 0, 0
57206, 6896424, 0, 0, 0
57208, 272618, 1, 0, 0
57304, 6036703, 0, 0, 0
57306, 283960, 1, 0, 0
57402, 6118443, 0, 0, 0
57412, 282785, 1, 0, 0
57500, 5391507, 0, 0, 0
57519, 294878, 1, 0, 0
57607, 6617454, 0, 0, 0
57617, 286543, 1, 0, 0
57705, 5390253, 0, 0, 0
57705, 291758, 1, 0, 0
57803, 5343989, 0, 0, 0
57803, 283875, 1, 0, 0
57901, 5396315, 0, 0, 0
57903, 285332, 1, 0, 0
58001, 4631976, 0, 0, 0
58099, 281056, 1, 0, 0
58100, 24827359, 0, 0, 0
58101, 289752, 1, 0, 0
58204, 5420179, 0, 0, 0
58220, 285180, 1, 0, 0
58302, 5355828, 0, 0, 0
58354, 287171, 1, 0, 0
58419, 6833624, 0, 0, 0
58434, 282668, 1, 0, 0
58525, 15057268, 0, 0, 0
58525, 292395, 1, 0, 0
58600, 5699654, 0, 0, 0
58601, 284861, 1, 0, 0
58704, 4857466, 0, 0, 0
58705, 288629, 1, 0, 0
58803, 7025278, 0, 0, 0
58852, 307974, 1, 0, 0
58900, 3971475, 0, 0, 0
58933, 281804, 1, 0, 0
59000, 3905899, 0, 0, 0
59000, 300556, 1, 0, 0
59115, 8163966, 0, 0, 0
59156, 290463, 1, 0, 0
59202, 4502245, 0, 0, 0
59205, 289622, 1, 0, 0
59301, 6089955, 0, 0, 0
59303, 290277, 1, 0, 0
59400, 995485, 0, 0, 0
59400, 281548, 1, 0, 0
59516, 200356, 0, 0, 0
59516, 281912, 1, 0, 0
59897, 380468652, 0, 0, 0
59899, 379640, 1, 0, 0
59904, 3522928, 0, 0, 0
59914, 404266, 1, 0, 0
60001, 3622573, 0, 0, 0
60003, 392599, 1, 0, 0
60468, 1172971, 0, 0, 0
60468, 390867, 1, 0, 0
60507, 6741575, 0, 0, 0
60507, 9311441, 1, 0, 0
60603, 4112298, 0, 0, 0
60645, 269586, 1, 0, 0
60702, 12181969, 0, 0, 0
60725, 274042, 1, 0, 0
60803, 3841659, 0, 0, 0
60811, 268950, 1, 0, 0
60905, 3852022, 0, 0, 0
60915, 281881, 1, 0, 0
61001, 3729859, 0, 0, 0
61001, 272809, 1, 0, 0
61307, 16945503, 0, 0, 0
61307, 284331, 1, 0, 0
61405, 4214554, 0, 0, 0
61429, 287695, 1, 0, 0
61500, 3893851, 0, 0, 0
61502, 295379, 1, 0, 0
61602, 4136569, 0, 0, 0
61643, 291151, 1, 0, 0
61703, 3860076, 0, 0, 0
61703, 287096, 1, 0, 0
61800, 4517920, 0, 0, 0
61822, 280898, 1, 0, 0
61900, 3968888, 0, 0, 0
61916, 295140, 1, 0, 0
62003, 4178909, 0, 0, 0
62011, 284859, 1, 0, 0
62105, 4155270, 0, 0, 0
62107, 285760, 1, 0, 0
62209, 4094515, 0, 0, 0
62233, 283586, 1, 0, 0
62301, 3899175, 0, 0, 0
62304, 282856, 1, 0, 0
62404, 4229053, 0, 0, 0
62406, 282843, 1, 0, 0
62500, 3705314, 0, 0, 0
62529, 279768, 1, 0, 0
62600, 3958611, 0, 0, 0
62617, 286789, 1, 0, 0
62701, 3849866, 0, 0, 0
62703, 282383, 1, 0, 0
62803, 3816790, 0, 0, 0
63461, 329193059, 0, 0, 0
63494, 287938, 1, 0, 0
63500, 3884644, 0, 0, 0
63501, 301261, 1, 0, 0
63803, 12534928, 0, 0, 0
63969, 82928936, 0, 0, 0
63969, 290154, 1, 0, 0
64000, 3917099, 0, 0, 0
64008, 310910, 1, 0, 0
64122, 4633410, 0, 0, 0
64201, 13013552, 0, 0, 0
64226, 288891, 1, 0, 0
64302, 3790512, 0, 0, 0
64310, 277219, 1, 0, 0
65028, 103573476, 0, 0, 0
65041, 283479, 1, 0, 0
65104, 3934495, 0, 0, 0
65258, 9098113, 0, 0, 0
65281, 318258, 1, 0, 0
65301, 3728152, 0, 0, 0
65301, 380679, 1, 0, 0
65401, 5447980, 0, 0, 0
65401, 392784, 1, 0, 0
65502, 3509714, 0, 0, 0
65520, 390340, 1, 0, 0
65601, 4023807, 0, 0, 0
65602, 400065, 1, 0, 0
65701, 4690778, 0, 0, 0
65701, 388281, 1, 0, 0
65964, 10025146, 0, 0, 0
66013, 24495224, 0, 0, 0
66021, 399976, 1, 0, 0
66102, 3564358, 0, 0, 0
66119, 388038, 1, 0, 0
66205, 3629530, 0, 0, 0
66237, 401989, 1, 0, 0
66699, 35201984, 0, 0, 0
66701, 1592654, 0, 0, 0
66721, 404680, 1, 0, 0
66803, 3745658, 0, 0, 0
67075, 45398343, 0, 0, 0
67075, 416544, 1, 0, 0
67104, 3472518, 0, 0, 0
67143, 410179, 1, 0, 0
67209, 3989897, 0, 0, 0
67209, 407126, 1, 0, 0
67302, 3744475, 0, 0, 0
67303, 391187, 1, 0, 0
67400, 388107, 1, 0, 0
67400, 256247, 0, 0, 0
67603, 1020370, 0, 0, 0
67603, 382653, 1, 0, 0
67702, 6955882, 0, 0, 0
67720, 221661, 1, 0, 0
67817, 5122350, 0, 0, 0
67818, 267137, 1, 0, 0
67901, 5560946, 0, 0, 0
67901, 269905, 1, 0, 0
68013, 6565300, 0, 0, 0
68048, 285031, 1, 0, 0
68102, 4892381, 0, 0, 0
68103, 290197, 1, 0, 0
68200, 3959136, 0, 0, 0
68226, 276218, 1, 0, 0
68305, 3998908, 0, 0, 0
68307, 284066, 1, 0, 0
68402, 3983036, 0, 0, 0
68405, 280212, 1, 0, 0
68500, 3989110, 0, 0, 0
68516, 277938, 1, 0, 0
68600, 286388, 1, 0, 0
68606, 4000141, 0, 0, 0
68720, 5144029, 0, 0, 0
68736, 284939, 1, 0, 0
68818, 6914091, 0, 0, 0
68837, 276643, 1, 0, 0
68900, 5077234, 0, 0, 0
68965, 279299, 1, 0, 0
69092, 6060049, 0, 0, 0
69104, 4225345, 0, 0, 0
69114, 414186, 1, 0, 0
69201, 3560336, 0, 0, 0
69223, 401713, 1, 0, 0
69307, 4157553, 0, 0, 0
69323, 400010, 1, 0, 0
69404, 4054793, 0, 0, 0
69406, 403398, 1, 0, 0
69714, 21967128, 0, 0, 0
69738, 384928, 1, 0, 0
69803, 3664406, 0, 0, 0
69810, 398620, 1, 0, 0
69901, 4362673, 0, 0, 0
69909, 393287, 1, 0, 0
70009, 4591151, 0, 0, 0
70030, 395173, 1, 0, 0
70103, 3717279, 0, 0, 0
70106, 400086, 1, 0, 0
70201, 3929082, 0, 0, 0
70203, 388705, 1, 0, 0
70305, 3913374, 0, 0, 0
70322, 392734, 1, 0, 0
70401, 3596006, 0, 0, 0
70424, 387039, 1, 0, 0
70770, 20366324, 0, 0, 0
70789, 388149, 1, 0, 0
70803, 4016372, 0, 0, 0
70805, 409019, 1, 0, 0
70900, 3908464, 0, 0, 0
71179, 139611041, 0, 0, 0
71447, 268263779, 0, 0, 0
71533, 28394487, 0, 0, 0
71543, 387588, 1, 0, 0
71601, 9601163, 0, 0, 0
71626, 402093, 1, 0, 0
71704, 4406321, 0, 0, 0
71715, 397721, 1, 0, 0
71802, 3941269, 0, 0, 0
71843, 391721, 1, 0, 0
71901, 3872968, 0, 0, 0
71918, 386680, 1, 0, 0
72005, 4049424, 0, 0, 0
72029, 392788, 1, 0, 0
72102, 3892038, 0, 0, 0
72268, 41475084, 0, 0, 0
72285, 388180, 1, 0, 0
72301, 4010769, 0, 0, 0
72301, 413921, 1, 0, 0
72400, 16366377, 0, 0, 0
72402, 396767, 1, 0, 0
72500, 5125725, 0, 0, 0
72508, 392804, 1, 0, 0
72605, 5354662, 0, 0, 0
72605, 403559, 1, 0, 0
72745, 13999636, 0, 0, 0
72836, 15179516, 0, 0, 0
72836, 395906, 1, 0, 0
72902, 16267422, 0, 0, 0
72921, 393196, 1, 0, 0
73000, 5392469, 0, 0, 0
73019, 390425, 1, 0, 0
73100, 441679, 0, 0, 0
73101, 387900, 1, 0, 0
73200, 208089, 0, 0, 0
73201, 386091, 1, 0, 0
73300, 380757, 1, 0, 0
73300, 249388, 0, 0, 0
73457, 9150177, 0, 0, 0
73457, 340746, 1, 0, 0
73504, 3590016, 0, 0, 0
73513, 236078, 1, 0, 0
73611, 5187379, 0, 0, 0
73812, 201700932, 0, 0, 0
73818, 262502, 1, 0, 0
73901, 3557299, 0, 0, 0
73901, 265414, 1, 0, 0
74165, 26304166, 0, 0, 0
74165, 278573, 1, 0, 0
74201, 5907750, 0, 0, 0
74209, 276686, 1, 0, 0
74302, 3716422, 0, 0, 0
74343, 282446, 1, 0, 0
74400, 4391771, 0, 0, 0
74415, 275322, 1, 0, 0
74504, 3947151, 0, 0, 0
74520, 279157, 1, 0, 0
74602, 3845576, 0, 0, 0
74617, 280813, 1, 0, 0
74703, 3642225, 0, 0, 0
74703, 280538, 1, 0, 0
74800, 289000, 1, 0, 0
74801, 3877915, 0, 0, 0
74901, 4276628, 0, 0, 0
74917, 278383, 1, 0, 0
75003, 3885784, 0, 0, 0
75021, 295914, 1, 0, 0
75107, 5725510, 0, 0, 0
75348, 120525962, 0, 0, 0
75617, 134667682, 0, 0, 0
75703, 8601272, 0, 0, 0
75705, 286019, 1, 0, 0
75805, 3819772, 0, 0, 0
75805, 279282, 1, 0, 0
75901, 5230395, 0, 0, 0
75901, 282663, 1, 0, 0
76014, 4849204, 0, 0, 0
76022, 287622, 1, 0, 0
76104, 14868396, 0, 0, 0
76114, 288230, 1, 0, 0
76203, 3897207, 0, 0, 0
76243, 282906, 1, 0, 0
76316, 7028556, 0, 0, 0
76333, 283389, 1, 0, 0
76403, 4251649, 0, 0, 0
76443, 286823, 1, 0, 0
76506, 4250319, 0, 0, 0
76539, 300698, 1, 0, 0
76601, 3737056, 0, 0, 0
76601, 277655, 1, 0, 0
77174, 572703156, 0, 0, 0
77182, 289543, 1, 0, 0
77200, 283342, 1, 0, 0
77205, 3714735, 0, 0, 0
77301, 3795649, 0, 0, 0
77499, 198250892, 0, 0, 0
77501, 1334952, 0, 0, 0
77622, 17341849, 0, 0, 0
77638, 286927, 1, 0, 0
77700, 3869421, 0, 0, 0
77700, 288682, 1, 0, 0
77803, 4238726, 0, 0, 0
77805, 302410, 1, 0, 0
77908, 5510824, 0, 0, 0
77946, 285568, 1, 0, 0
78000, 3910565, 0, 0, 0
78024, 282334, 1, 0, 0
78102, 3853319, 0, 0, 0
78137, 277367, 1, 0, 0
78204, 3837944, 0, 0, 0
78204, 276044, 1, 0, 0
78300, 3726945, 0, 0, 0
78300, 279090, 1, 0, 0
78400, 3882332, 0, 0, 0
78408, 276990, 1, 0, 0
78503, 4058947, 0, 0, 0
78547, 283248, 1, 0, 0
78894, 1688387, 0, 0, 0
78985, 90786873, 0, 0, 0
79033, 47438937, 0, 0, 0
79038, 276153, 1, 0, 0
79105, 3668444, 0, 0, 0
79113, 383454, 1, 0, 0
79201, 3593363, 0, 0, 0
79201, 390075, 1, 0, 0
79300, 291090, 0, 0, 0
79301, 390520, 1, 0, 0
79402, 1655093, 0, 0, 0
79404, 454278, 1, 0, 0
79501, 3908697, 0, 0, 0
79509, 230575, 1, 0, 0
79605, 4390401, 0, 0, 0
79615, 273029, 1, 0, 0
79737, 7306466, 0, 0, 0
79747, 294757, 1, 0, 0
79801, 3999646, 0, 0, 0
79812, 280605, 1, 0, 0
79975, 9615116, 0, 0, 0
79993, 291274, 1, 0, 0
80001, 3659434, 0, 0, 0
80033, 274771, 1, 0, 0
80104, 4070081, 0, 0, 0
80139, 283123, 1, 0, 0
80202, 4033554, 0, 0, 0
80318, 19302928, 0, 0, 0
80442, 20706458, 0, 0, 0
80444, 293487, 1, 0, 0
80501, 3773142, 0, 0, 0
80509, 280058, 1, 0, 0
80605, 4427123, 0, 0, 0
80738, 66621202, 0, 0, 0
81048, 154963983, 0, 0, 0
81079, 280290, 1, 0, 0
81103, 4510847, 0, 0, 0
81160, 279102, 1, 0, 0
81201, 4877055, 0, 0, 0
81201, 283767, 1, 0, 0
81301, 5152963, 0, 0, 0
81309, 282462, 1, 0, 0
81447, 8574012, 0, 0, 0
81482, 289251, 1, 0, 0
81504, 5681539, 0, 0, 0
81529, 280799, 1, 0, 0
81627, 5558232, 0, 0, 0
81645, 288985, 1, 0, 0
81717, 6361680, 0, 0, 0
81717, 280072, 1, 0, 0
81809, 6073721, 0, 0, 0
81815, 297148, 1, 0, 0
81905, 6323511, 0, 0, 0
81907, 277320, 1, 0, 0
82003, 6074526, 0, 0, 0
82004, 286793, 1, 0, 0
82102, 6022866, 0, 0, 0
82126, 282010, 1, 0, 0
82226, 12374756, 0, 0, 0
82226, 304253, 1, 0, 0
82301, 4326093, 0, 0, 0
82307, 277948, 1, 0, 0
82416, 11455280, 0, 0, 0
82423, 275698, 1, 0, 0
82504, 5787653, 0, 0, 0
82507, 279594, 1, 0, 0
82602, 5374366, 0, 0, 0
82611, 278846, 1, 0, 0
82700, 5345385, 0, 0, 0
82703, 280611, 1, 0, 0
82824, 6784538, 0, 0, 0
82824, 277988, 1, 0, 0
82957, 8796920, 0, 0, 0
82966, 278617, 1, 0, 0
83030, 6442875, 0, 0, 0
83062, 279433, 1, 0, 0
83113, 5570330, 0, 0, 0
83129, 295543, 1, 0, 0
83201, 5770437, 0, 0, 0
83201, 282910, 1, 0, 0
83301, 5187730, 0, 0, 0
83333, 281862, 1, 0, 0
83405, 5438089, 0, 0, 0
83413, 285352, 1, 0, 0
83503, 5348022, 0, 0, 0
83538, 278403, 1, 0, 0
83618, 7138614, 0, 0, 0
83643, 290852, 1, 0, 0
83700, 5830326, 0, 0, 0
83702, 286310, 1, 0, 0
83849, 5022573, 0, 0, 0
83866, 286524, 1, 0, 0
83901, 4635736, 0, 0, 0
83916, 402214, 1, 0, 0
84062, 7172217, 0, 0, 0
84063, 384268, 1, 0, 0
84173, 55176213, 0, 0, 0
84203, 3676963, 0, 0, 0
84255, 420667, 1, 0, 0
84485, 14108787, 0, 0, 0
84495, 428483, 1, 0, 0
84500, 3327214, 0, 0, 0
84502, 380242, 1, 0, 0
84603, 3590339, 0, 0, 0
84655, 390857, 1, 0, 0
84743, 22991679, 0, 0, 0
84768, 393613, 1, 0, 0
84803, 4103071, 0, 0, 0
84803, 383465, 1, 0, 0
85481, 56383083, 0, 0, 0
85502, 3642109, 0, 0, 0
85505, 405209, 1, 0, 0
85653, 9240590, 0, 0, 0
85654, 392645, 1, 0, 0
85700, 3302509, 0, 0, 0
85706, 386165, 1, 0, 0
85959, 16048023, 0, 0, 0
85973, 385285, 1, 0, 0
86003, 6157002, 0, 0, 0
86011, 391207, 1, 0, 0
86100, 11966667, 0, 0, 0
86204, 13050617, 0, 0, 0
86302, 16227759, 0, 0, 0
86302, 394172, 1, 0, 0
86458, 38946799, 0, 0, 0
86466, 394769, 1, 0, 0
86503, 3596905, 0, 0, 0
86505, 397340, 1, 0, 0
86649, 11088917, 0, 0, 0
86743, 13499975, 0, 0, 0
86751, 388321, 1, 0, 0
86848, 12865625, 0, 0, 0
86856, 386294, 1, 0, 0
86913, 16120977, 0, 0, 0
87068, 15567280, 0, 0, 0
87076, 397754, 1, 0, 0
87121, 6392015, 0, 0, 0
87121, 388903, 1, 0, 0
87200, 467960, 0, 0, 0
87200, 384619, 1, 0, 0
87357, 386075, 0, 0, 0
87381, 384932, 1, 0, 0
87403, 4158501, 0, 0, 0
87404, 215475, 1, 0, 0
87503, 16536776, 0, 0, 0
87587, 296674, 1, 0, 0
87601, 5420236, 0, 0, 0
87601, 277136, 1, 0, 0
87726, 6549162, 0, 0, 0
87740, 274302, 1, 0, 0
87814, 5797374, 0, 0, 0
87847, 281359, 1, 0, 0
87904, 5571025, 0, 0, 0
87906, 287149, 1, 0, 0
88002, 5365275, 0, 0, 0
88068, 281305, 1, 0, 0
88100, 5328875, 0, 0, 0
88151, 277320, 1, 0, 0
88200, 5222463, 0, 0, 0
88257, 285571, 1, 0, 0
88313, 7508885, 0, 0, 0
88323, 284966, 1, 0, 0
88403, 5547676, 0, 0, 0
88403, 284708, 1, 0, 0
88501, 6103465, 0, 0, 0
88511, 278670, 1, 0, 0
88601, 5882681, 0, 0, 0
88706, 5486454, 0, 0, 0
88708, 287505, 1, 0, 0
88829, 6686087, 0, 0, 0
88855, 281132, 1, 0, 0
88961, 9286806, 0, 0, 0
88961, 282448, 1, 0, 0
89001, 4002272, 0, 0, 0
89003, 296243, 1, 0, 0
89174, 10767855, 0, 0, 0
89177, 279027, 1, 0, 0
89201, 3547574, 0, 0, 0
89417, 25452063, 0, 0, 0
89430, 302268, 1, 0, 0
89687, 26902368, 0, 0, 0
89700, 4373649, 0, 0, 0
89732, 425537, 1, 0, 0
89804, 3612634, 0, 0, 0
89806, 418904, 1, 0, 0
89926, 7157880, 0, 0, 0
89931, 436831, 1, 0, 0
90053, 42244142, 0, 0, 0
90055, 433810, 1, 0, 0
90105, 3493023, 0, 0, 0
90122, 407749, 1, 0, 0
90429, 16107711, 0, 0, 0
90460, 394748, 1, 0, 0
90503, 3592135, 0, 0, 0
90511, 393242, 1, 0, 0
90601, 4363773, 0, 0, 0
90603, 395629, 1, 0, 0
90714, 4236418, 0, 0, 0
90714, 389386, 1, 0, 0
90803, 3845223, 0, 0, 0
90804, 388077, 1, 0, 0
90901, 3947956, 0, 0, 0
90903, 390438, 1, 0, 0
91000, 393536, 1, 0, 0
91004, 3504675, 0, 0, 0
91115, 9845254, 0, 0, 0
91145, 389436, 1, 0, 0
91321, 29054627, 0, 0, 0
91654, 166256095, 0, 0, 0
91670, 389540, 1, 0, 0
91700, 3505960, 0, 0, 0
91700, 396248, 1, 0, 0
91828, 8455823, 0, 0, 0
91829, 399498, 1, 0, 0
91902, 12267248, 0, 0, 0
91937, 391721, 1, 0, 0
92036, 8898024, 0, 0, 0
92059, 411511, 1, 0, 0
92116, 6038755, 0, 0, 0
92159, 395985, 1, 0, 0
92215, 8133611, 0, 0, 0
92215, 409187, 1, 0, 0
92367, 7480353, 0, 0, 0
92368, 397144, 1, 0, 0
92403, 4410667, 0, 0, 0
92404, 392066, 1, 0, 0
92501, 5352132, 0, 0, 0
92567, 391626, 1, 0, 0
92601, 5226643, 0, 0, 0
92633, 393757, 1, 0, 0
92715, 7415880, 0, 0, 0
92723, 389619, 1, 0, 0
92805, 6295424, 0, 0, 0
92805, 384746, 1, 0, 0
92903, 5244956, 0, 0, 0
92913, 391715, 1, 0, 0
93010, 26792896, 0, 0, 0
93068, 394141, 1, 0, 0
93100, 4365617, 0, 0, 0
93102, 393598, 1, 0, 0
93200, 388289, 1, 0, 0
93201, 14297649, 0, 0, 0
93323, 10946018, 0, 0, 0
93333, 390520, 1, 0, 0
93405, 5687019, 0, 0, 0
93413, 388018, 1, 0, 0
93553, 12279205, 0, 0, 0
93562, 390425, 1, 0, 0
93611, 6999451, 0, 0, 0
93613, 381707, 1, 0, 0
93758, 385810, 1, 0, 0
93758, 194453, 0, 0, 0
93800, 138881, 0, 0, 0
93802, 380910, 1, 0, 0
93929, 643699, 0, 0, 0
93929, 374036, 1, 0, 0
94062, 65558626, 0, 0, 0
94293, 230860776, 0, 0, 0
94293, 915396, 1, 0, 0
94303, 3570144, 0, 0, 0
94349, 270904, 1, 0, 0
94401, 3574251, 0, 0, 0
94649, 123883198, 0, 0, 0
94649, 262792, 1, 0, 0
94702, 5764083, 0, 0, 0
94753, 280285, 1, 0, 0
94808, 4031579, 0, 0, 0
94859, 277441, 1, 0, 0
94902, 4196185, 0, 0, 0
94904, 273986, 1, 0, 0
95007, 4323652, 0, 0, 0
95017, 282520, 1, 0, 0
95103, 3582897, 0, 0, 0
95103, 279431, 1, 0, 0
95217, 5099780, 0, 0, 0
95341, 62073620, 0, 0, 0
95342, 276235, 1, 0, 0
95400, 3563213, 0, 0, 0
95422, 277452, 1, 0, 0
95682, 15632293, 0, 0, 0
95705, 3721846, 0, 0, 0
95707, 282080, 1, 0, 0
95802, 4005270, 0, 0, 0
95866, 285736, 1, 0, 0
95906, 5757250, 0, 0, 0
95906, 306595, 1, 0, 0
96008, 5067502, 0, 0, 0
96048, 291523, 1, 0, 0
96281, 19358847, 0, 0, 0
96301, 10001040, 0, 0, 0
96362, 274494, 1, 0, 0
96401, 4339365, 0, 0, 0
96409, 287834, 1, 0, 0
96506, 6475361, 0, 0, 0
96528, 283103, 1, 0, 0
96600, 4210403, 0, 0, 0
96607, 276958, 1, 0, 0
97303, 53981432, 0, 0, 0
97305, 285314, 1, 0, 0
97405, 3814760, 0, 0, 0
97578, 21703125, 0, 0, 0
97580, 281737, 1, 0, 0
97636, 28595529, 0, 0, 0
97694, 286118, 1, 0, 0
97717, 10058254, 0, 0, 0
97725, 288215, 1, 0, 0
97803, 3861581, 0, 0, 0
97821, 279460, 1, 0, 0
97905, 4201269, 0, 0, 0
97906, 292035, 1, 0, 0
98000, 3847340, 0, 0, 0
98114, 19033614, 0, 0, 0
98155, 277791, 1, 0, 0
98201, 3900676, 0, 0, 0
98211, 291168, 1, 0, 0
98303, 4168674, 0, 0, 0
98303, 283885, 1, 0, 0
98405, 3866336, 0, 0, 0
98487, 280031, 1, 0, 0
98503, 12138744, 0, 0, 0
98527, 280709, 1, 0, 0
98605, 3820890, 0, 0, 0
98605, 277736, 1, 0, 0
98824, 72873827, 0, 0, 0
98824, 302144, 1, 0, 0
98901, 3786907, 0, 0, 0
98901, 277797, 1, 0, 0
99489, 42007347, 0, 0, 0
99503, 4624391, 0, 0, 0
99527, 297629, 1, 0, 0
99605, 3841061, 0, 0, 0
100256, 130225278, 0, 0, 0
100301, 4081078, 0, 0, 0
100304, 285115, 1, 0, 0
101256, 41433892, 0, 0, 0
101264, 281115, 1, 0, 0
101301, 3977912, 0, 0, 0
101325, 283290, 1, 0, 0
101506, 307635, 0, 0, 0
101524, 272965, 1, 0, 0
101613, 4999707, 0, 0, 0
101696, 379796, 1, 0, 0
101713, 11032466, 0, 0, 0
101909, 195385373, 0, 0, 0
101931, 399465, 1, 0, 0
102005, 3604103, 0, 0, 0
102013, 400795, 1, 0, 0
102193, 443523, 0, 0, 0
102193, 379974, 1, 0, 0
102200, 197617, 1, 0, 0
102205, 3880530, 0, 0, 0
102321, 5196185, 0, 0, 0
102322, 243454, 1, 0, 0
102408, 21675438, 0, 0, 0
102574, 82983690, 0, 0, 0
102605, 5222303, 0, 0, 0
102670, 295957, 1, 0, 0
102701, 3817483, 0, 0, 0
102707, 269122, 1, 0, 0
102802, 4780231, 0, 0, 0
102804, 264303, 1, 0, 0
102942, 10573670, 0, 0, 0
103207, 265114606, 0, 0, 0
103238, 273158, 1, 0, 0
103301, 3850008, 0, 0, 0
103317, 279949, 1, 0, 0
103482, 18073586, 0, 0, 0
103505, 3891107, 0, 0, 0
103507, 285848, 1, 0, 0
103610, 17285984, 0, 0, 0
103644, 286587, 1, 0, 0
103700, 3871373, 0, 0, 0
103716, 281046, 1, 0, 0
103802, 5959325, 0, 0, 0
103810, 280111, 1, 0, 0
103903, 3776049, 0, 0, 0
103921, 280199, 1, 0, 0
104001, 5046620, 0, 0, 0
104062, 281554, 1, 0, 0
104102, 4378652, 0, 0, 0
104128, 291245, 1, 0, 0
104203, 3828433, 0, 0, 0
104220, 280137, 1, 0, 0
104835, 78892477, 0, 0, 0
104866, 286149, 1, 0, 0
104905, 3799796, 0, 0, 0
104916, 281684, 1, 0, 0
105335, 26759280, 0, 0, 0
105352, 279123, 1, 0, 0
105405, 3865535, 0, 0, 0
105405, 287717, 1, 0, 0
105501, 3697396, 0, 0, 0
105508, 274184, 1, 0, 0
105601, 3926016, 0, 0, 0
105603, 281534, 1, 0, 0
105704, 4159306, 0, 0, 0
106354, 92857324, 0, 0, 0
106502, 148465351, 0, 0, 0
106503, 276855, 1, 0, 0
106605, 5650082, 0, 0, 0
106605, 284265, 1, 0, 0
106708, 4180365, 0, 0, 0
106723, 281328, 1, 0, 0
107421, 33850512, 0, 0, 0
107421, 291835, 1, 0, 0
107836, 414260664, 0, 0, 0
107843, 283526, 1, 0, 0
107900, 3699473, 0, 0, 0
107906, 290321, 1, 0, 0
108143, 12652333, 0, 0, 0
108152, 279411, 1, 0, 0
108200, 9352361, 0, 0, 0
108239, 281331, 1, 0, 0
108322, 5763104, 0, 0, 0
108328, 295945, 1, 0, 0
108460, 19709227, 0, 0, 0
108460, 309647, 1, 0, 0
108500, 3636282, 0, 0, 0
108540, 290882, 1, 0, 0
108607, 4609753, 0, 0, 0
108643, 290208, 1, 0, 0
108704, 4353586, 0, 0, 0
108741, 313282, 1, 0, 0
108805, 3921381, 0, 0, 0
108813, 384925, 1, 0, 0
108904, 4861440, 0, 0, 0
108906, 387858, 1, 0, 0
109044, 34860478, 0, 0, 0
109285, 120253450, 0, 0, 0
109287, 390781, 1, 0, 0
109301, 3225407, 0, 0, 0
109324, 416619, 1, 0, 0
109403, 3685807, 0, 0, 0
109433, 407584, 1, 0, 0
109501, 3547178, 0, 0, 0
109507, 422470, 1, 0, 0
109603, 3639484, 0, 0, 0
109611, 412872, 1, 0, 0
109902, 14899553, 0, 0, 0
109954, 406758, 1, 0, 0
110000, 3509996, 0, 0, 0
110021, 396037, 1, 0, 0
110102, 3642052, 0, 0, 0
110292, 47403803, 0, 0, 0
110301, 3117386, 0, 0, 0
110331, 399675, 1, 0, 0
110403, 3673203, 0, 0, 0
110403, 394871, 1, 0, 0
110528, 6899376, 0, 0, 0
110596, 412033, 1, 0, 0
110602, 4109748, 0, 0, 0
110648, 403582, 1, 0, 0
111037, 108493111, 0, 0, 0
111037, 410658, 1, 0, 0
111102, 4496182, 0, 0, 0
111127, 393092, 1, 0, 0
111201, 3868440, 0, 0, 0
111416, 214695525, 0, 0, 0
111426, 394095, 1, 0, 0
111500, 6362361, 0, 0, 0
111500, 395572, 1, 0, 0
111600, 3899620, 0, 0, 0
111601, 413771, 1, 0, 0
111787, 433202, 0, 0, 0
111787, 397286, 1, 0, 0
111801, 4698526, 0, 0, 0
111801, 202748, 1, 0, 0
111901, 5245933, 0, 0, 0
111949, 265912, 1, 0, 0
112031, 6713550, 0, 0, 0
112049, 263334, 1, 0, 0
112112, 5767957, 0, 0, 0
112112, 271883, 1, 0, 0
112202, 5543660, 0, 0, 0
112219, 280504, 1, 0, 0
112300, 5835658, 0, 0, 0
112319, 272818, 1, 0, 0
112400, 5208598, 0, 0, 0
112415, 292766, 1, 0, 0
112505, 5435300, 0, 0, 0
112540, 291159, 1, 0, 0
112628, 6779152, 0, 0, 0
112638, 283336, 1, 0, 0
112710, 5817540, 0, 0, 0
112742, 292373, 1, 0, 0
112801, 5335419, 0, 0, 0
112810, 286727, 1, 0, 0
112900, 5351967, 0, 0, 0
112988, 278831, 1, 0, 0
113004, 5424477, 0, 0, 0
113004, 282066, 1, 0, 0
113127, 6781311, 0, 0, 0
113169, 275164, 1, 0, 0
113211, 5551090, 0, 0, 0
113217, 292974, 1, 0, 0
113300, 5511920, 0, 0, 0
113315, 280165, 1, 0, 0
113404, 5391566, 0, 0, 0
113415, 287289, 1, 0, 0
113503, 6049703, 0, 0, 0
113505, 274736, 1, 0, 0
113602, 6080100, 0, 0, 0
113602, 412529, 1, 0, 0
113703, 4139284, 0, 0, 0
113704, 393087, 1, 0, 0
113800, 3520355, 0, 0, 0
113814, 390938, 1, 0, 0
113904, 3928157, 0, 0, 0
113949, 401157, 1, 0, 0
114003, 3889722, 0, 0, 0
114003, 394270, 1, 0, 0
114105, 3655563, 0, 0, 0
114113, 397753, 1, 0, 0
114804, 99599881, 0, 0, 0
114825, 394105, 1, 0, 0
114900, 3649307, 0, 0, 0
114906, 408242, 1, 0, 0
115080, 22374429, 0, 0, 0
115086, 392847, 1, 0, 0
115100, 3902553, 0, 0, 0
115123, 413347, 1, 0, 0
115214, 4655128, 0, 0, 0
115238, 394529, 1, 0, 0
115300, 4985527, 0, 0, 0
115300, 396052, 1, 0, 0
115402, 11185971, 0, 0, 0
115404, 399068, 1, 0, 0
115504, 7071680, 0, 0, 0
115719, 215073914, 0, 0, 0
115782, 404200, 1, 0, 0
115804, 4934287, 0, 0, 0
115804, 406588, 1, 0, 0
115903, 3753610, 0, 0, 0
115930, 400967, 1, 0, 0
116001, 3953676, 0, 0, 0
116009, 403842, 1, 0, 0
116100, 3838240, 0, 0, 0
116123, 388954, 1, 0, 0
116204, 4000887, 0, 0, 0
116206, 393653, 1, 0, 0
116327, 5510321, 0, 0, 0
116353, 397466, 1, 0, 0
116408, 5770747, 0, 0, 0
116411, 388056, 1, 0, 0
116507, 6875876, 0, 0, 0
116507, 403890, 1, 0, 0
116605, 5929681, 0, 0, 0
116605, 399950, 1, 0, 0
117102, 20657343, 0, 0, 0
117202, 16549911, 0, 0, 0
117309, 13442158, 0, 0, 0
117334, 409078, 1, 0, 0
117401, 5336675, 0, 0, 0
117402, 401668, 1, 0, 0
117505, 5361291, 0, 0, 0
117549, 387323, 1, 0, 0
117670, 11755645, 0, 0, 0
117679, 396586, 1, 0, 0
117703, 3874015, 0, 0, 0
117713, 386010, 1, 0, 0
117817, 5638729, 0, 0, 0
117826, 397875, 1, 0, 0
117991, 9410075, 0, 0, 0
118074, 41553648, 0, 0, 0
118084, 394065, 1, 0, 0
118100, 3693627, 0, 0, 0
118106, 402290, 1, 0, 0
118244, 385197, 1, 0, 0
118245, 168295, 0, 0, 0
118300, 385553, 1, 0, 0
118300, 138062, 0, 0, 0
118404, 1946977, 0, 0, 0
118419, 334065, 1, 0, 0
118500, 3657333, 0, 0, 0
118536, 295724, 1, 0, 0
118601, 6269309, 0, 0, 0
118625, 291312, 1, 0, 0
118943, 14781411, 0, 0, 0
118987, 281336, 1, 0, 0
119000, 3783922, 0, 0, 0
119002, 279819, 1, 0, 0
119577, 30237977, 0, 0, 0
119577, 283974, 1, 0, 0
119725, 147409718, 0, 0, 0
119725, 313223, 1, 0, 0
119800, 3491505, 0, 0, 0
119808, 279733, 1, 0, 0
119904, 4412470, 0, 0, 0
119906, 284082, 1, 0, 0
120001, 3897367, 0, 0, 0
120070, 275890, 1, 0, 0
120100, 4892578, 0, 0, 0
120174, 292100, 1, 0, 0
120202, 5893759, 0, 0, 0
120215, 280070, 1, 0, 0
120305, 5930058, 0, 0, 0
120346, 281307, 1, 0, 0
120402, 4392258, 0, 0, 0
120453, 281505, 1, 0, 0
120500, 4008021, 0, 0, 0
120526, 275710, 1, 0, 0
120600, 287496, 1, 0, 0
120605, 3989895, 0, 0, 0
120703, 4031360, 0, 0, 0
120703, 279739, 1, 0, 0
121044, 33916013, 0, 0, 0
121060, 274266, 1, 0, 0
121101, 4735262, 0, 0, 0
121109, 299382, 1, 0, 0
121200, 3885089, 0, 0, 0
121206, 279817, 1, 0, 0
121303, 3985270, 0, 0, 0
121314, 280267, 1, 0, 0
121410, 5276610, 0, 0, 0
121420, 291748, 1, 0, 0
121667, 18293128, 0, 0, 0
121700, 289987, 1, 0, 0
121701, 6892596, 0, 0, 0
121805, 4475982, 0, 0, 0
121814, 284246, 1, 0, 0
121902, 3985262, 0, 0, 0
121911, 278428, 1, 0, 0
122170, 17737383, 0, 0, 0
122176, 284148, 1, 0, 0
122277, 26792533, 0, 0, 0
122286, 280882, 1, 0, 0
122300, 4452940, 0, 0, 0
122300, 298959, 1, 0, 0
122403, 12725830, 0, 0, 0
122424, 278966, 1, 0, 0
122505, 5613824, 0, 0, 0
122514, 284830, 1, 0, 0
122603, 5406534, 0, 0, 0
122606, 286222, 1, 0, 0
122701, 5398452, 0, 0, 0
122761, 281650, 1, 0, 0
122816, 7138562, 0, 0, 0
122835, 286085, 1, 0, 0
122900, 5530205, 0, 0, 0
122915, 295218, 1, 0, 0
123004, 5405826, 0, 0, 0
123021, 280114, 1, 0, 0
123106, 20177964, 0, 0, 0
123114, 282290, 1, 0, 0
123201, 4511376, 0, 0, 0
123253, 291585, 1, 0, 0
123300, 6027373, 0, 0, 0
123341, 280334, 1, 0, 0
123423, 6794671, 0, 0, 0
123431, 284093, 1, 0, 0
123555, 9326998, 0, 0, 0
123571, 284709, 1, 0, 0
123603, 3968187, 0, 0, 0
123655, 282504, 1, 0, 0
123721, 7800004, 0, 0, 0
123729, 295588, 1, 0, 0
123921, 544611, 0, 0, 0
123979, 280620, 1, 0, 0
124002, 5000343, 0, 0, 0
124016, 378884, 1, 0, 0
124103, 3662632, 0, 0, 0
124113, 377597, 1, 0, 0
124372, 640016, 0, 0, 0
124402, 4303672, 0, 0, 0
124419, 384262, 1, 0, 0
124502, 3906680, 0, 0, 0
124535, 266845, 1, 0, 0
124606, 4900600, 0, 0, 0
124640, 272475, 1, 0, 0
124703, 4872232, 0, 0, 0
124712, 276913, 1, 0, 0
124801, 3896621, 0, 0, 0
124811, 270774, 1, 0, 0
124908, 6605033, 0, 0, 0
124908, 283421, 1, 0, 0
125032, 30953831, 0, 0, 0
125033, 277500, 1, 0, 0
125105, 3982134, 0, 0, 0
125107, 282197, 1, 0, 0
125470, 22766490, 0, 0, 0
125480, 278573, 1, 0, 0
125502, 3940684, 0, 0, 0
125505, 281442, 1, 0, 0
125600, 3974081, 0, 0, 0
125602, 282186, 1, 0, 0
125700, 7062359, 0, 0, 0
125700, 277985, 1, 0, 0
125805, 5192631, 0, 0, 0
125813, 287052, 1, 0, 0
125902, 3981859, 0, 0, 0
125904, 288383, 1, 0, 0
126000, 280132, 1, 0, 0
126001, 3877008, 0, 0, 0
126105, 4142807, 0, 0, 0
126113, 272817, 1, 0, 0
126607, 29482529, 0, 0, 0
126631, 283841, 1, 0, 0
126701, 4847486, 0, 0, 0
126726, 285496, 1, 0, 0
126800, 3896338, 0, 0, 0
126807, 282180, 1, 0, 0
126904, 4076152, 0, 0, 0
126904, 285379, 1, 0, 0
127001, 3984071, 0, 0, 0
127001, 280071, 1, 0, 0
127267, 22051027, 0, 0, 0
127269, 282228, 1, 0, 0
127301, 3755561, 0, 0, 0
127308, 296823, 1, 0, 0
127406, 8013477, 0, 0, 0
127408, 289479, 1, 0, 0
127503, 3947049, 0, 0, 0
127537, 280180, 1, 0, 0
127618, 7161420, 0, 0, 0
127619, 287881, 1, 0, 0
127709, 11239612, 0, 0, 0
127744, 289420, 1, 0, 0
127816, 8865932, 0, 0, 0
127824, 280011, 1, 0, 0
127905, 3948945, 0, 0, 0
127948, 285286, 1, 0, 0
128004, 5427568, 0, 0, 0
128020, 276142, 1, 0, 0
128101, 5388744, 0, 0, 0
128102, 281039, 1, 0, 0
128201, 12190804, 0, 0, 0
128227, 278513, 1, 0, 0
128300, 8998722, 0, 0, 0
128300, 275774, 1, 0, 0
128405, 4069692, 0, 0, 0
128413, 276406, 1, 0, 0
128503, 5409956, 0, 0, 0
128520, 282876, 1, 0, 0
128626, 11441905, 0, 0, 0
128706, 80262125, 0, 0, 0
128714, 395031, 1, 0, 0
128802, 3595150, 0, 0, 0
128803, 388812, 1, 0, 0
129410, 30282314, 0, 0, 0
129418, 387083, 1, 0, 0
129928, 32284409, 0, 0, 0
129928, 396826, 1, 0, 0
130001, 3586576, 0, 0, 0
130017, 389025, 1, 0, 0
130101, 4842378, 0, 0, 0
130101, 391433, 1, 0, 0
130200, 4244626, 0, 0, 0
130378, 25393157, 0, 0, 0
130527, 74557154, 0, 0, 0
130651, 62105358, 0, 0, 0
130652, 397283, 1, 0, 0
130721, 5743883, 0, 0, 0
130820, 49577826, 0, 0, 0
130829, 386037, 1, 0, 0
130904, 5098647, 0, 0, 0
130906, 385913, 1, 0, 0
131064, 11332587, 0, 0, 0
131087, 388715, 1, 0, 0
131168, 10312664, 0, 0, 0
131168, 383297, 1, 0, 0
131205, 3609391, 0, 0, 0
131262, 393801, 1, 0, 0
131304, 4899604, 0, 0, 0
131304, 395024, 1, 0, 0
131413, 6681184, 0, 0, 0
131413, 392788, 1, 0, 0
131571, 8610084, 0, 0, 0
131572, 387780, 1, 0, 0
131646, 36877526, 0, 0, 0
131658, 395112, 1, 0, 0
131848, 50365743, 0, 0, 0
131875, 395133, 1, 0, 0
131922, 5992041, 0, 0, 0
131929, 394543, 1, 0, 0
132030, 21473769, 0, 0, 0
132146, 115719395, 0, 0, 0
132189, 397055, 1, 0, 0
132203, 5691222, 0, 0, 0
132227, 385806, 1, 0, 0
132300, 385722, 1, 0, 0
132300, 213292, 0, 0, 0
132411, 855841, 0, 0, 0
132419, 381008, 1, 0, 0
132501, 5523573, 0, 0, 0
132567, 239742, 1, 0, 0
132606, 5455447, 0, 0, 0
132614, 270053, 1, 0, 0
132703, 5303799, 0, 0, 0
132739, 269040, 1, 0, 0
132819, 7108878, 0, 0, 0
132835, 282760, 1, 0, 0
132911, 6105186, 0, 0, 0
132911, 284541, 1, 0, 0
133001, 5505905, 0, 0, 0
133001, 273220, 1, 0, 0
133105, 5436768, 0, 0, 0
133164, 284289, 1, 0, 0
133203, 5387539, 0, 0, 0
133254, 284227, 1, 0, 0
133301, 5359554, 0, 0, 0
133366, 273920, 1, 0, 0
133416, 7159729, 0, 0, 0
133418, 280954, 1, 0, 0
133500, 5477635, 0, 0, 0
133514, 278960, 1, 0, 0
133604, 5394224, 0, 0, 0
133606, 277837, 1, 0, 0
133702, 5376269, 0, 0, 0
133712, 286892, 1, 0, 0
133800, 5374630, 0, 0, 0
133800, 284140, 1, 0, 0
133917, 6707022, 0, 0, 0
133923, 278548, 1, 0, 0
134005, 5779096, 0, 0, 0
134021, 274443, 1, 0, 0
134103, 5379923, 0, 0, 0
134105, 276149, 1, 0, 0
134209, 21721309, 0, 0, 0
134215, 448755, 1, 0, 0
134303, 3674206, 0, 0, 0
134313, 413826, 1, 0, 0
134867, 70252526, 0, 0, 0
134876, 415868, 1, 0, 0
134903, 3445805, 0, 0, 0
134911, 402577, 1, 0, 0
135450, 22676662, 0, 0, 0
135460, 404189, 1, 0, 0
135502, 3581546, 0, 0, 0
135517, 400407, 1, 0, 0
135602, 5496733, 0, 0, 0
135627, 394456, 1, 0, 0
135703, 6286479, 0, 0, 0
135704, 391892, 1, 0, 0
135800, 3580270, 0, 0, 0
135800, 392205, 1, 0, 0
135975, 19274299, 0, 0, 0
135987, 393330, 1, 0, 0
136001, 5277069, 0, 0, 0
136016, 408822, 1, 0, 0
136105, 3588485, 0, 0, 0
136107, 394154, 1, 0, 0
136214, 6486213, 0, 0, 0
136216, 388111, 1, 0, 0
136300, 4852657, 0, 0, 0
136345, 388247, 1, 0, 0
136405, 4796810, 0, 0, 0
136415, 381471, 1, 0, 0
136504, 4801632, 0, 0, 0
136504, 396301, 1, 0, 0
136603, 4764487, 0, 0, 0
136689, 391614, 1, 0, 0
136703, 7120363, 0, 0, 0
136703, 407741, 1, 0, 0
136859, 7722448, 0, 0, 0
136859, 401091, 1, 0, 0
136983, 12364944, 0, 0, 0
136991, 394009, 1, 0, 0
137001, 3455188, 0, 0, 0
137010, 394174, 1, 0, 0
137148, 13145980, 0, 0, 0
137148, 403163, 1, 0, 0
137205, 3925951, 0, 0, 0
137223, 387098, 1, 0, 0
137303, 5371451, 0, 0, 0
137311, 393824, 1, 0, 0
137460, 11044002, 0, 0, 0
137478, 391337, 1, 0, 0
137500, 3991390, 0, 0, 0
137500, 397746, 1, 0, 0
137632, 8041292, 0, 0, 0
137633, 391080, 1, 0, 0
137708, 5714762, 0, 0, 0
137738, 389465, 1, 0, 0
137804, 5549248, 0, 0, 0
137828, 392482, 1, 0, 0
137902, 12312156, 0, 0, 0
137903, 408734, 1, 0, 0
138001, 6900515, 0, 0, 0
138124, 6151630, 0, 0, 0
138132, 396448, 1, 0, 0
138214, 5484265, 0, 0, 0
138214, 395411, 1, 0, 0
138304, 5507162, 0, 0, 0
138328, 398720, 1, 0, 0
138402, 5305055, 0, 0, 0
138418, 390772, 1, 0, 0
138500, 5414238, 0, 0, 0
138556, 446986, 1, 0, 0
138620, 426289, 1, 0, 0
138697, 1244470, 0, 0, 0
138745, 47880449, 0, 0, 0
138754, 389504, 1, 0, 0
138800, 3812039, 0, 0, 0
138841, 387309, 1, 0, 0
138902, 4599014, 0, 0, 0
138904, 387726, 1, 0, 0
139004, 3829001, 0, 0, 0
139006, 392398, 1, 0, 0
139100, 5938931, 0, 0, 0
139116, 421356, 1, 0, 0
139202, 3836905, 0, 0, 0
139202, 395983, 1, 0, 0
139304, 3802522, 0, 0, 0
139306, 389068, 1, 0, 0
139400, 271749, 0, 0, 0
139401, 389199, 1, 0, 0
139617, 1759213, 0, 0, 0
139708, 45389289, 0, 0, 0
139714, 376953, 1, 0, 0
139802, 3710541, 0, 0, 0
139804, 246816, 1, 0, 0
139900, 3565809, 0, 0, 0
139900, 267282, 1, 0, 0
140044, 5259282, 0, 0, 0
140067, 279925, 1, 0, 0
140104, 4274686, 0, 0, 0
140126, 281223, 1, 0, 0
140251, 5580958, 0, 0, 0
140252, 277011, 1, 0, 0
140302, 3518103, 0, 0, 0
140310, 278421, 1, 0, 0
140400, 3700275, 0, 0, 0
140568, 18682558, 0, 0, 0
140801, 232508203, 0, 0, 0
140808, 282804, 1, 0, 0
140900, 284564, 1, 0, 0
140906, 6448658, 0, 0, 0
141011, 4731930, 0, 0, 0
141022, 282427, 1, 0, 0
141101, 4014093, 0, 0, 0
141101, 279679, 1, 0, 0
141201, 4973131, 0, 0, 0
141205, 280614, 1, 0, 0
141304, 4245951, 0, 0, 0
141313, 283424, 1, 0, 0
141402, 4394910, 0, 0, 0
141420, 283559, 1, 0, 0
141501, 3901231, 0, 0, 0
141508, 283151, 1, 0, 0
141600, 12284059, 0, 0, 0
141623, 286056, 1, 0, 0
141704, 4066814, 0, 0, 0
141704, 279828, 1, 0, 0
141802, 5346769, 0, 0, 0
141810, 275652, 1, 0, 0
141900, 3978940, 0, 0, 0
141918, 276169, 1, 0, 0
142005, 4319539, 0, 0, 0
142007, 275158, 1, 0, 0
142103, 3981849, 0, 0, 0
142127, 283368, 1, 0, 0
142252, 14929033, 0, 0, 0
142570, 317348397, 0, 0, 0
142685, 23042336, 0, 0, 0
142740, 27661298, 0, 0, 0
142751, 301798, 1, 0, 0
142800, 5859293, 0, 0, 0
142808, 284859, 1, 0, 0
142905, 4010815, 0, 0, 0
142907, 295698, 1, 0, 0
143002, 4004474, 0, 0, 0
143029, 294907, 1, 0, 0
143100, 3993868, 0, 0, 0
143102, 286119, 1, 0, 0
143340, 13265267, 0, 0, 0
143372, 283119, 1, 0, 0
143404, 4007702, 0, 0, 0
143431, 284406, 1, 0, 0
143502, 3972276, 0, 0, 0
143520, 278763, 1, 0, 0
143622, 4756273, 0, 0, 0
143701, 19689181, 0, 0, 0
143715, 281726, 1, 0, 0
143804, 4089058, 0, 0, 0
143823, 282214, 1, 0, 0
143903, 5444733, 0, 0, 0
143911, 284982, 1, 0, 0
144001, 5387650, 0, 0, 0
144001, 293385, 1, 0, 0
144162, 53526056, 0, 0, 0
144167, 269824, 1, 0, 0
144200, 7436288, 0, 0, 0
144207, 282614, 1, 0, 0
144349, 18434415, 0, 0, 0
144359, 275704, 1, 0, 0
144400, 283062, 1, 0, 0
144406, 3967968, 0, 0, 0
144545, 840822, 0, 0, 0
144586, 274796, 1, 0, 0
144617, 6531199, 0, 0, 0
144668, 294057, 1, 0, 0
144700, 5525820, 0, 0, 0
144705, 280833, 1, 0, 0
144801, 14436181, 0, 0, 0
144866, 420683, 1, 0, 0
144989, 23407204, 0, 0, 0
145002, 4411387, 0, 0, 0
145032, 405973, 1, 0, 0
145100, 3578501, 0, 0, 0
145114, 410935, 1, 0, 0
145602, 55645917, 0, 0, 0
145654, 395751, 1, 0, 0
145700, 3606038, 0, 0, 0
146061, 51634843, 0, 0, 0
146070, 432734, 1, 0, 0
146100, 631475, 0, 0, 0
146100, 384723, 1, 0, 0
146252, 398393, 0, 0, 0
146275, 383916, 1, 0, 0
146301, 3985931, 0, 0, 0
146349, 247828, 1, 0, 0
146484, 91486042, 0, 0, 0
146505, 20898689, 0, 0, 0
146510, 279308, 1, 0, 0
146604, 4037176, 0, 0, 0
146612, 262561, 1, 0, 0
146701, 4022880, 0, 0, 0
146720, 273123, 1, 0, 0
146801, 3947724, 0, 0, 0
146809, 279907, 1, 0, 0
146904, 4061001, 0, 0, 0
146921, 283130, 1, 0, 0
147123, 43737362, 0, 0, 0
147180, 307232, 1, 0, 0
147203, 6071345, 0, 0, 0
147252, 282380, 1, 0, 0
147301, 9773994, 0, 0, 0
147301, 283404, 1, 0, 0
147401, 4664072, 0, 0, 0
147401, 280610, 1, 0, 0
147505, 4032689, 0, 0, 0
147515, 281494, 1, 0, 0
147603, 6059130, 0, 0, 0
147603, 278271, 1, 0, 0
147701, 5397867, 0, 0, 0
147791, 282402, 1, 0, 0
147801, 5219053, 0, 0, 0
147834, 288561, 1, 0, 0
147914, 7422490, 0, 0, 0
147915, 278408, 1, 0, 0
148004, 5519382, 0, 0, 0
148004, 283532, 1, 0, 0
148102, 5389096, 0, 0, 0
148104, 288823, 1, 0, 0
148200, 5426075, 0, 0, 0
148300, 5875034, 0, 0, 0
148300, 294456, 1, 0, 0
148430, 8508587, 0, 0, 0
148440, 281987, 1, 0, 0
148520, 5505616, 0, 0, 0
148520, 282373, 1, 0, 0
148610, 6362362, 0, 0, 0
148620, 279678, 1, 0, 0
148700, 5581791, 0, 0, 0
148717, 283264, 1, 0, 0
148800, 5205681, 0, 0, 0
148816, 282649, 1, 0, 0
148904, 5378129, 0, 0, 0
148904, 283224, 1, 0, 0
149027, 6832029, 0, 0, 0
149028, 287788, 1, 0, 0
149109, 5811894, 0, 0, 0
149111, 288230, 1, 0, 0
149201, 5302012, 0, 0, 0
149207, 284203, 1, 0, 0
149301, 5168633, 0, 0, 0
149380, 279722, 1, 0, 0
149407, 15079617, 0, 0, 0
149413, 281314, 1, 0, 0
149502, 4967702, 0, 0, 0
149502, 283264, 1, 0, 0
149601, 6048305, 0, 0, 0
149625, 284228, 1, 0, 0
149732, 9363469, 0, 0, 0
149741, 290176, 1, 0, 0
149806, 6128243, 0, 0, 0
149825, 313344, 1, 0, 0
149904, 5312766, 0, 0, 0
149904, 278845, 1, 0, 0
150047, 6647087, 0, 0, 0
150304, 36752440, 0, 0, 0
150418, 28625419, 0, 0, 0
150420, 293985, 1, 0, 0
150500, 3487019, 0, 0, 0
150523, 415929, 1, 0, 0
150768, 16674390, 0, 0, 0
150784, 411415, 1, 0, 0
150804, 3535520, 0, 0, 0
150858, 393800, 1, 0, 0
150905, 3570521, 0, 0, 0
151432, 263525357, 0, 0, 0
151515, 41204680, 0, 0, 0
151530, 399899, 1, 0, 0
151634, 9751021, 0, 0, 0
151717, 41264910, 0, 0, 0
151774, 390438, 1, 0, 0
151804, 10867718, 0, 0, 0
151805, 410187, 1, 0, 0
151903, 16321410, 0, 0, 0
151924, 403405, 1, 0, 0
152001, 4792116, 0, 0, 0
152010, 403673, 1, 0, 0
152104, 3644515, 0, 0, 0
152142, 397048, 1, 0, 0
152201, 3637970, 0, 0, 0
152233, 394377, 1, 0, 0
152341, 6943592, 0, 0, 0
152354, 388353, 1, 0, 0
152403, 6150326, 0, 0, 0
152411, 406435, 1, 0, 0
152500, 3637843, 0, 0, 0
152813, 52299837, 0, 0, 0
152821, 403872, 1, 0, 0
152900, 398402, 1, 0, 0
152905, 4982274, 0, 0, 0
153003, 5415996, 0, 0, 0
153013, 401417, 1, 0, 0
153101, 5304234, 0, 0, 0
153144, 389688, 1, 0, 0
153235, 11954529, 0, 0, 0
153236, 387880, 1, 0, 0
153300, 158423, 0, 0, 0
153301, 389316, 1, 0, 0
153422, 573685, 0, 0, 0
153444, 386273, 1, 0, 0
153510, 6746311, 0, 0, 0
153526, 282350, 1, 0, 0
153600, 5581406, 0, 0, 0
153602, 276105, 1, 0, 0
153700, 5190756, 0, 0, 0
153706, 275309, 1, 0, 0
153804, 4872897, 0, 0, 0
153845, 279670, 1, 0, 0
153902, 5382812, 0, 0, 0
153959, 277822, 1, 0, 0
154017, 7176521, 0, 0, 0
154019, 292551, 1, 0, 0
154107, 6365005, 0, 0, 0
154133, 263319, 1, 0, 0
154205, 5342084, 0, 0, 0
154205, 273646, 1, 0, 0
154303, 5297795, 0, 0, 0
154305, 279694, 1, 0, 0
154401, 5350567, 0, 0, 0
154475, 274947, 1, 0, 0
154524, 6078001, 0, 0, 0
154532, 282751, 1, 0, 0
154605, 5769274, 0, 0, 0
154624, 300090, 1, 0, 0
154754, 8158150, 0, 0, 0
154754, 280108, 1, 0, 0
154827, 6071867, 0, 0, 0
154860, 291301, 1, 0, 0
154909, 5816850, 0, 0, 0
154911, 279202, 1, 0, 0
155001, 5316873, 0, 0, 0
155013, 288406, 1, 0, 0
155227, 33028206, 0, 0, 0
156047, 820040294, 0, 0, 0
156051, 434166, 1, 0, 0
156102, 3579530, 0, 0, 0
156104, 618918, 1, 0, 0
156205, 3534091, 0, 0, 0
156214, 396657, 1, 0, 0
156302, 3907440, 0, 0, 0
156325, 395392, 1, 0, 0
156404, 3590423, 0, 0, 0
156405, 395301, 1, 0, 0
156596, 10555054, 0, 0, 0
156596, 406745, 1, 0, 0
156611, 7552961, 0, 0, 0
156621, 390223, 1, 0, 0
156701, 3406076, 0, 0, 0
156708, 396192, 1, 0, 0
156802, 3674249, 0, 0, 0
156824, 399284, 1, 0, 0
157325, 23612526, 0, 0, 0
157325, 393486, 1, 0, 0
157402, 6373230, 0, 0, 0
157404, 406646, 1, 0, 0
157518, 4020084, 0, 0, 0
157591, 391144, 1, 0, 0
157600, 5338833, 0, 0, 0
157600, 385399, 1, 0, 0
157702, 3937564, 0, 0, 0
157709, 391242, 1, 0, 0
157804, 3534694, 0, 0, 0
157805, 390459, 1, 0, 0
157919, 18997669, 0, 0, 0
157968, 397664, 1, 0, 0
158005, 12167883, 0, 0, 0
158005, 389157, 1, 0, 0
158101, 5875963, 0, 0, 0
158138, 389726, 1, 0, 0
158201, 3962239, 0, 0, 0
158201, 395847, 1, 0, 0
158303, 4104048, 0, 0, 0
158306, 390723, 1, 0, 0
158509, 17047219, 0, 0, 0
158509, 397775, 1, 0, 0
158612, 12688076, 0, 0, 0
158623, 387338, 1, 0, 0
158701, 3868837, 0, 0, 0
158709, 383960, 1, 0, 0
158803, 4149734, 0, 0, 0
158845, 398405, 1, 0, 0
158947, 5516366, 0, 0, 0
158947, 414181, 1, 0, 0
159002, 3852835, 0, 0, 0
159010, 404675, 1, 0, 0
160063, 52887213, 0, 0, 0
160066, 387021, 1, 0, 0
160102, 3909731, 0, 0, 0
160136, 414585, 1, 0, 0
162371, 94485059, 0, 0, 0
162472, 100418555, 0, 0, 0
162478, 395792, 1, 0, 0
162503, 4221575, 0, 0, 0
162503, 389147, 1, 0, 0
162605, 3755427, 0, 0, 0
162613, 390301, 1, 0, 0
162700, 886251, 0, 0, 0
162701, 387776, 1, 0, 0
162805, 546964, 0, 0, 0
162838, 388145, 1, 0, 0
163178, 23291344, 0, 0, 0
163213, 35184504, 0, 0, 0
163244, 419516, 1, 0, 0
163301, 4072559, 0, 0, 0
163374, 423273, 1, 0, 0
163400, 3897119, 0, 0, 0
163433, 416791, 1, 0, 0
163500, 384485, 1, 0, 0
163500, 826258, 0, 0, 0
163714, 820272, 0, 0, 0
163721, 389508, 1, 0, 0
163801, 3701800, 0, 0, 0
163817, 223952, 1, 0, 0
163904, 3635874, 0, 0, 0
163929, 270043, 1, 0, 0
164228, 14655648, 0, 0, 0
164331, 103488556, 0, 0, 0
164331, 289302, 1, 0, 0
164401, 3596012, 0, 0, 0
164403, 276924, 1, 0, 0
164701, 19844775, 0, 0, 0
164720, 278497, 1, 0, 0
164826, 5938530, 0, 0, 0
164844, 286286, 1, 0, 0
164902, 4659282, 0, 0, 0
164912, 279165, 1, 0, 0
165000, 4313208, 0, 0, 0
165003, 277605, 1, 0, 0
165104, 5150056, 0, 0, 0
165131, 287447, 1, 0, 0
165219, 7138838, 0, 0, 0
165221, 282065, 1, 0, 0
165317, 6935302, 0, 0, 0
165336, 285027, 1, 0, 0
165401, 5475906, 0, 0, 0
165409, 279698, 1, 0, 0
165505, 5408954, 0, 0, 0
165524, 275726, 1, 0, 0
165604, 8217510, 0, 0, 0
165638, 289759, 1, 0, 0
165702, 5359644, 0, 0, 0
165712, 280541, 1, 0, 0
165800, 5361211, 0, 0, 0
165802, 284288, 1, 0, 0
165923, 6801637, 0, 0, 0
165925, 284915, 1, 0, 0
166005, 5770568, 0, 0, 0
166007, 282627, 1, 0, 0
166103, 5400111, 0, 0, 0
166129, 296080, 1, 0, 0
166201, 6062241, 0, 0, 0
166201, 277991, 1, 0, 0
166301, 5814787, 0, 0, 0
166302, 288477, 1, 0, 0
166431, 6738760, 0, 0, 0
166441, 280083, 1, 0, 0
166513, 5731430, 0, 0, 0
166529, 275563, 1, 0, 0
166602, 4909868, 0, 0, 0
166613, 279935, 1, 0, 0
166700, 5384609, 0, 0, 0
166700, 283872, 1, 0, 0
166800, 5160100, 0, 0, 0
166807, 279223, 1, 0, 0
166930, 6761825, 0, 0, 0
166930, 284850, 1, 0, 0
167012, 5831754, 0, 0, 0
167028, 283511, 1, 0, 0
167101, 5529793, 0, 0, 0
167109, 287545, 1, 0, 0
167201, 5205676, 0, 0, 0
167234, 287275, 1, 0, 0
167305, 5407797, 0, 0, 0
167315, 277340, 1, 0, 0
167404, 6965265, 0, 0, 0
167428, 281594, 1, 0, 0
167519, 5651519, 0, 0, 0
167535, 284749, 1, 0, 0
167600, 6737187, 0, 0, 0
167617, 280377, 1, 0, 0
167706, 6545995, 0, 0, 0
167725, 289282, 1, 0, 0
167804, 4057584, 0, 0, 0
167854, 289056, 1, 0, 0
167902, 4870668, 0, 0, 0
167902, 284911, 1, 0, 0
168001, 12224347, 0, 0, 0
168020, 284711, 1, 0, 0
168102, 11175471, 0, 0, 0
168111, 284408, 1, 0, 0
168200, 5367356, 0, 0, 0
168209, 276300, 1, 0, 0
168304, 5392351, 0, 0, 0
168305, 285445, 1, 0, 0
168404, 16514033, 0, 0, 0
168412, 282144, 1, 0, 0
168502, 5399541, 0, 0, 0
168502, 275899, 1, 0, 0
168600, 5344336, 0, 0, 0
168608, 277678, 1, 0, 0
168701, 14388202, 0, 0, 0
168718, 284158, 1, 0, 0
168806, 5409348, 0, 0, 0
168844, 286046, 1, 0, 0
168903, 4869229, 0, 0, 0
169430, 105296030, 0, 0, 0
169661, 231277946, 0, 0, 0
169678, 287930, 1, 0, 0
169700, 277058, 1, 0, 0
169700, 482370, 0, 0, 0
169815, 2003332, 0, 0, 0
169935, 120570891, 0, 0, 0
169936, 307898, 1, 0, 0
170000, 3517114, 0, 0, 0
170000, 393169, 1, 0, 0
170102, 3600333, 0, 0, 0
170102, 399321, 1, 0, 0
170201, 3547494, 0, 0, 0
170202, 414295, 1, 0, 0
170300, 272717, 0, 0, 0
170300, 386183, 1, 0, 0
170405, 820752, 0, 0, 0
170415, 360090, 1, 0, 0
170508, 4194543, 0, 0, 0
170508, 269729, 1, 0, 0
170601, 3847664, 0, 0, 0
170619, 264972, 1, 0, 0
170705, 5172362, 0, 0, 0
170871, 83133632, 0, 0, 0
170897, 280641, 1, 0, 0
170902, 5183512, 0, 0, 0
170903, 267411, 1, 0, 0
171004, 3867574, 0, 0, 0
171012, 279043, 1, 0, 0
171100, 4043226, 0, 0, 0
171132, 280601, 1, 0, 0
171669, 27000135, 0, 0, 0
171670, 278554, 1, 0, 0
171701, 3539249, 0, 0, 0
171717, 285005, 1, 0, 0
172352, 25942140, 0, 0, 0
172354, 280531, 1, 0, 0
172413, 30409569, 0, 0, 0
172414, 281420, 1, 0, 0
172504, 4013840, 0, 0, 0
172514, 281940, 1, 0, 0
172600, 4081767, 0, 0, 0
172624, 278793, 1, 0, 0
172700, 3916209, 0, 0, 0
172774, 277050, 1, 0, 0
172807, 13187822, 0, 0, 0
172817, 273872, 1, 0, 0
172900, 3854012, 0, 0, 0
172909, 286484, 1, 0, 0
173003, 4205614, 0, 0, 0
173003, 281338, 1, 0, 0
173101, 3964220, 0, 0, 0
173129, 281790, 1, 0, 0
173201, 3944890, 0, 0, 0
173201, 287604, 1, 0, 0
173301, 3839916, 0, 0, 0
173303, 276840, 1, 0, 0
173403, 4133423, 0, 0, 0
173403, 280301, 1, 0, 0
173500, 282052, 1, 0, 0
173505, 3843398, 0, 0, 0
173600, 4238607, 0, 0, 0
173625, 284952, 1, 0, 0
173702, 3852193, 0, 0, 0
173702, 282655, 1, 0, 0
173803, 3817866, 0, 0, 0
173805, 281874, 1, 0, 0
174334, 52963760, 0, 0, 0
174334, 279447, 1, 0, 0
174405, 3869362, 0, 0, 0
174407, 288818, 1, 0, 0
174500, 5260478, 0, 0, 0
174508, 283438, 1, 0, 0
174751, 4803404, 0, 0, 0
174803, 5744477, 0, 0, 0
174818, 297617, 1, 0, 0
174916, 4204614, 0, 0, 0
174998, 393860, 1, 0, 0
175000, 385135, 1, 0, 0
175005, 3649615, 0, 0, 0
175515, 36413351, 0, 0, 0
175515, 400758, 1, 0, 0
176131, 307887215, 0, 0, 0
176140, 404730, 1, 0, 0
176204, 3567993, 0, 0, 0
176221, 396267, 1, 0, 0
176304, 4880601, 0, 0, 0
176321, 391501, 1, 0, 0
176402, 4822614, 0, 0, 0
176445, 390251, 1, 0, 0
176527, 6035770, 0, 0, 0
176619, 5790894, 0, 0, 0
176620, 389136, 1, 0, 0
176717, 97110854, 0, 0, 0
176727, 386104, 1, 0, 0
176802, 4291374, 0, 0, 0
176802, 396811, 1, 0, 0
176900, 3551645, 0, 0, 0
176900, 400327, 1, 0, 0
177023, 7163366, 0, 0, 0
177023, 401024, 1, 0, 0
177107, 4943443, 0, 0, 0
177117, 397158, 1, 0, 0
177200, 4790681, 0, 0, 0
177216, 394981, 1, 0, 0
177303, 5247831, 0, 0, 0
177378, 400692, 1, 0, 0
177401, 5391537, 0, 0, 0
177448, 401316, 1, 0, 0
177500, 368669, 0, 0, 0
177501, 402207, 1, 0, 0
177657, 436891, 0, 0, 0
177674, 392977, 1, 0, 0
177729, 6456395, 0, 0, 0
177729, 217156, 1, 0, 0
177802, 5196634, 0, 0, 0
177837, 280257, 1, 0, 0
177909, 4718370, 0, 0, 0
177909, 261970, 1, 0, 0
178000, 5321450, 0, 0, 0
178001, 282151, 1, 0, 0
178105, 6857086, 0, 0, 0
178144, 272592, 1, 0, 0
178203, 4824104, 0, 0, 0
178252, 296698, 1, 0, 0
178300, 5310176, 0, 0, 0
178334, 283040, 1, 0, 0
178416, 7122221, 0, 0, 0
178416, 295874, 1, 0, 0
178530, 6955094, 0, 0, 0
178541, 283809, 1, 0, 0
178679, 8143755, 0, 0, 0
178679, 287700, 1, 0, 0
178703, 3809670, 0, 0, 0
178753, 279998, 1, 0, 0
178818, 7161532, 0, 0, 0
178820, 289884, 1, 0, 0
178900, 5765472, 0, 0, 0
178900, 296731, 1, 0, 0
179021, 6931353, 0, 0, 0
179028, 358382, 1, 0, 0
179159, 27329783, 0, 0, 0
179159, 426704, 1, 0, 0
179215, 27658833, 0, 0, 0
179292, 418420, 1, 0, 0
179446, 38416548, 0, 0, 0
179447, 451220, 1, 0, 0
179514, 33762885, 0, 0, 0
179618, 25964822, 0, 0, 0
179735, 58358694, 0, 0, 0
179816, 40731663, 0, 0, 0
179838, 416665, 1, 0, 0
179904, 3606382, 0, 0, 0
179906, 450311, 1, 0, 0
180002, 3537473, 0, 0, 0
180002, 427798, 1, 0, 0
