100, 532480, 1, 0, 0
201, 573440, 1, 0, 0
300, 579232, 1, 0, 0
400, 573440, 1, 0, 0
500, 532480, 1, 0, 0
600, 532480, 1, 0, 0
700, 532480, 1, 0, 0
800, 532480, 1, 0, 0
900, 491520, 1, 0, 0
1000, 532480, 1, 0, 0
1100, 532480, 1, 0, 0
1200, 532480, 1, 0, 0
1300, 450560, 1, 0, 0
1400, 532480, 1, 0, 0
1500, 532480, 1, 0, 0
1600, 573440, 1, 0, 0
1700, 532480, 1, 0, 0
1800, 491520, 1, 0, 0
1900, 532480, 1, 0, 0
2000, 450560, 1, 0, 0
2100, 491520, 1, 0, 0
2200, 532480, 1, 0, 0
2300, 450560, 1, 0, 0
2400, 532480, 1, 0, 0
2500, 573440, 1, 0, 0
2601, 573440, 1, 0, 0
2700, 496484, 1, 0, 0
2800, 532480, 1, 0, 0
2900, 450560, 1, 0, 0
3000, 450560, 1, 0, 0
3100, 532480, 1, 0, 0
3200, 491520, 1, 0, 0
3300, 532480, 1, 0, 0
3400, 532480, 1, 0, 0
3500, 573440, 1, 0, 0
3600, 532480, 1, 0, 0
3700, 491520, 1, 0, 0
3800, 491520, 1, 0, 0
3900, 491520, 1, 0, 0
4000, 491520, 1, 0, 0
4100, 491520, 1, 0, 0
4200, 491520, 1, 0, 0
4300, 532480, 1, 0, 0
4400, 573440, 1, 0, 0
4500, 491520, 1, 0, 0
4600, 491520, 1, 0, 0
4700, 450560, 1, 0, 0
4800, 491520, 1, 0, 0
4900, 573440, 1, 0, 0
5000, 450560, 1, 0, 0
5100, 532480, 1, 0, 0
5200, 573440, 1, 0, 0
5300, 573440, 1, 0, 0
5400, 532480, 1, 0, 0
5500, 491520, 1, 0, 0
5600, 496484, 1, 0, 0
5700, 450560, 1, 0, 0
5800, 491520, 1, 0, 0
5900, 573440, 1, 0, 0
6000, 573440, 1, 0, 0
6100, 532480, 1, 0, 0
6200, 450560, 1, 0, 0
6300, 573440, 1, 0, 0
6400, 532480, 1, 0, 0
6500, 573440, 1, 0, 0
6600, 573440, 1, 0, 0
6700, 491520, 1, 0, 0
6800, 491520, 1, 0, 0
6900, 368640, 1, 0, 0
7000, 368640, 1, 0, 0
7100, 532480, 1, 0, 0
7200, 450560, 1, 0, 0
7300, 450560, 1, 0, 0
7400, 532480, 1, 0, 0
7500, 532480, 1, 0, 0
7600, 450560, 1, 0, 0
7700, 532480, 1, 0, 0
7800, 532480, 1, 0, 0
7900, 573440, 1, 0, 0
8000, 532480, 1, 0, 0
8100, 409600, 1, 0, 0
8200, 409600, 1, 0, 0
8300, 532480, 1, 0, 0
8400, 455111, 1, 0, 0
8500, 532480, 1, 0, 0
8600, 491520, 1, 0, 0
8700, 450560, 1, 0, 0
8800, 409600, 1, 0, 0
8900, 409600, 1, 0, 0
9000, 532480, 1, 0, 0
9100, 204800, 1, 0, 0
9200, 491520, 1, 0, 0
9300, 491520, 1, 0, 0
9400, 532480, 1, 0, 0
9500, 491520, 1, 0, 0
9600, 286720, 1, 0, 0
9700, 532480, 1, 0, 0
9800, 450560, 1, 0, 0
9900, 532480, 1, 0, 0
10000, 491520, 1, 0, 0
10100, 368640, 1, 0, 0
10200, 491520, 1, 0, 0
10300, 409600, 1, 0, 0
10400, 204800, 1, 0, 0
10900, 40960, 1, 0, 0
11000, 491520, 1, 0, 0
11100, 409600, 1, 0, 0
11200, 532480, 1, 0, 0
11301, 532480, 1, 0, 0
11400, 372363, 1, 0, 0
11500, 450560, 1, 0, 0
11600, 409600, 1, 0, 0
11700, 532480, 1, 0, 0
11800, 532480, 1, 0, 0
11900, 450560, 1, 0, 0
12000, 368640, 1, 0, 0
12100, 409600, 1, 0, 0
12200, 532480, 1, 0, 0
12300, 532480, 1, 0, 0
12400, 368640, 1, 0, 0
12500, 286720, 1, 0, 0
12600, 532480, 1, 0, 0
12700, 450560, 1, 0, 0
12800, 368640, 1, 0, 0
12900, 450560, 1, 0, 0
13000, 450560, 1, 0, 0
13100, 327680, 1, 0, 0
13200, 409600, 1, 0, 0
13300, 409600, 1, 0, 0
13400, 327680, 1, 0, 0
13500, 450560, 1, 0, 0
13600, 573440, 1, 0, 0
13700, 368640, 1, 0, 0
13800, 573440, 1, 0, 0
13900, 409600, 1, 0, 0
14000, 409600, 1, 0, 0
14100, 537858, 1, 0, 0
14200, 368640, 1, 0, 0
14300, 450560, 1, 0, 0
14400, 450560, 1, 0, 0
14500, 450560, 1, 0, 0
14600, 573440, 1, 0, 0
14700, 491520, 1, 0, 0
14800, 450560, 1, 0, 0
14900, 368640, 1, 0, 0
15000, 532480, 1, 0, 0
15100, 450560, 1, 0, 0
15200, 532480, 1, 0, 0
15300, 409600, 1, 0, 0
15400, 532480, 1, 0, 0
15500, 368640, 1, 0, 0
15600, 450560, 1, 0, 0
15700, 532480, 1, 0, 0
15800, 409600, 1, 0, 0
15900, 491520, 1, 0, 0
16000, 409600, 1, 0, 0
16100, 450560, 1, 0, 0
16200, 409600, 1, 0, 0
16300, 532480, 1, 0, 0
16400, 532480, 1, 0, 0
16500, 368640, 1, 0, 0
16600, 450560, 1, 0, 0
16700, 532480, 1, 0, 0
16800, 245760, 1, 0, 0
16900, 372363, 1, 0, 0
17000, 368640, 1, 0, 0
17100, 327680, 1, 0, 0
17200, 450560, 1, 0, 0
17300, 491520, 1, 0, 0
17400, 450560, 1, 0, 0
17500, 532480, 1, 0, 0
17600, 368640, 1, 0, 0
17700, 450560, 1, 0, 0
17800, 368640, 1, 0, 0
17900, 327680, 1, 0, 0
18000, 450560, 1, 0, 0
18100, 368640, 1, 0, 0
18200, 532480, 1, 0, 0
18300, 245760, 1, 0, 0
18400, 368640, 1, 0, 0
18500, 532480, 1, 0, 0
18600, 327680, 1, 0, 0
18700, 450560, 1, 0, 0
18800, 409600, 1, 0, 0
18900, 368640, 1, 0, 0
19000, 409600, 1, 0, 0
19100, 368640, 1, 0, 0
19200, 327680, 1, 0, 0
19300, 450560, 1, 0, 0
19400, 368640, 1, 0, 0
19500, 450560, 1, 0, 0
19600, 450560, 1, 0, 0
19700, 450560, 1, 0, 0
19800, 368640, 1, 0, 0
19900, 330989, 1, 0, 0
20000, 450560, 1, 0, 0
20100, 450560, 1, 0, 0
20200, 491520, 1, 0, 0
20300, 286720, 1, 0, 0
20400, 286720, 1, 0, 0
20500, 573440, 1, 0, 0
20600, 327680, 1, 0, 0
20700, 450560, 1, 0, 0
20800, 368640, 1, 0, 0
20900, 368640, 1, 0, 0
21000, 409600, 1, 0, 0
21100, 368640, 1, 0, 0
21200, 409600, 1, 0, 0
21300, 450560, 1, 0, 0
21400, 450560, 1, 0, 0
21500, 409600, 1, 0, 0
21600, 327680, 1, 0, 0
21700, 450560, 1, 0, 0
21800, 450560, 1, 0, 0
21900, 491520, 1, 0, 0
22000, 327680, 1, 0, 0
22100, 450560, 1, 0, 0
22200, 368640, 1, 0, 0
22300, 450560, 1, 0, 0
22400, 450560, 1, 0, 0
22500, 450560, 1, 0, 0
22600, 409600, 1, 0, 0
22700, 532480, 1, 0, 0
22800, 409600, 1, 0, 0
22900, 496484, 1, 0, 0
23000, 450560, 1, 0, 0
23100, 368640, 1, 0, 0
23200, 573440, 1, 0, 0
23300, 368640, 1, 0, 0
23400, 450560, 1, 0, 0
23500, 532480, 1, 0, 0
23600, 368640, 1, 0, 0
23700, 573440, 1, 0, 0
23800, 368640, 1, 0, 0
23900, 450560, 1, 0, 0
24000, 532480, 1, 0, 0
24100, 368640, 1, 0, 0
24200, 573440, 1, 0, 0
24300, 327680, 1, 0, 0
24400, 450560, 1, 0, 0
24500, 532480, 1, 0, 0
24600, 409600, 1, 0, 0
24700, 409600, 1, 0, 0
24800, 450560, 1, 0, 0
24900, 491520, 1, 0, 0
25000, 368640, 1, 0, 0
25100, 573440, 1, 0, 0
25200, 327680, 1, 0, 0
25300, 491520, 1, 0, 0
25400, 327680, 1, 0, 0
25500, 573440, 1, 0, 0
25600, 372363, 1, 0, 0
25700, 532480, 1, 0, 0
25800, 450560, 1, 0, 0
25900, 450560, 1, 0, 0
26000, 491520, 1, 0, 0
26100, 368640, 1, 0, 0
26200, 450560, 1, 0, 0
26300, 532480, 1, 0, 0
26400, 368640, 1, 0, 0
26500, 491520, 1, 0, 0
26600, 409600, 1, 0, 0
26700, 450560, 1, 0, 0
26800, 450560, 1, 0, 0
26900, 491520, 1, 0, 0
27000, 327680, 1, 0, 0
27100, 368640, 1, 0, 0
27200, 450560, 1, 0, 0
27300, 450560, 1, 0, 0
27400, 450560, 1, 0, 0
27500, 450560, 1, 0, 0
27600, 368640, 1, 0, 0
27700, 573440, 1, 0, 0
27800, 368640, 1, 0, 0
27900, 491520, 1, 0, 0
28000, 491520, 1, 0, 0
28100, 409600, 1, 0, 0
28200, 532480, 1, 0, 0
28300, 368640, 1, 0, 0
28400, 450560, 1, 0, 0
28501, 491520, 1, 0, 0
28600, 413737, 1, 0, 0
28700, 368640, 1, 0, 0
28800, 409600, 1, 0, 0
28900, 573440, 1, 0, 0
29000, 368640, 1, 0, 0
29100, 450560, 1, 0, 0
29200, 450560, 1, 0, 0
29300, 450560, 1, 0, 0
29400, 450560, 1, 0, 0
29500, 491520, 1, 0, 0
29600, 409600, 1, 0, 0
29700, 450560, 1, 0, 0
29800, 286720, 1, 0, 0
29900, 532480, 1, 0, 0
30000, 409600, 1, 0, 0
30100, 450560, 1, 0, 0
30200, 532480, 1, 0, 0
30300, 368640, 1, 0, 0
30400, 573440, 1, 0, 0
30500, 327680, 1, 0, 0
30600, 450560, 1, 0, 0
30700, 409600, 1, 0, 0
30800, 532480, 1, 0, 0
30900, 327680, 1, 0, 0
31000, 491520, 1, 0, 0
31100, 532480, 1, 0, 0
31200, 491520, 1, 0, 0
31300, 450560, 1, 0, 0
31400, 537858, 1, 0, 0
31500, 368640, 1, 0, 0
31600, 450560, 1, 0, 0
31700, 409600, 1, 0, 0
31800, 532480, 1, 0, 0
31900, 368640, 1, 0, 0
32000, 409600, 1, 0, 0
32100, 409600, 1, 0, 0
32200, 204800, 1, 0, 0
32300, 450560, 1, 0, 0
32400, 450560, 1, 0, 0
32500, 409600, 1, 0, 0
32600, 491520, 1, 0, 0
32700, 450560, 1, 0, 0
32800, 409600, 1, 0, 0
32900, 532480, 1, 0, 0
33000, 368640, 1, 0, 0
33100, 532480, 1, 0, 0
33200, 450560, 1, 0, 0
33300, 409600, 1, 0, 0
33400, 532480, 1, 0, 0
33500, 450560, 1, 0, 0
33600, 330989, 1, 0, 0
33700, 573440, 1, 0, 0
33800, 368640, 1, 0, 0
33900, 573440, 1, 0, 0
34000, 409600, 1, 0, 0
34100, 409600, 1, 0, 0
34200, 327680, 1, 0, 0
34300, 573440, 1, 0, 0
34400, 409600, 1, 0, 0
34500, 491520, 1, 0, 0
34600, 450560, 1, 0, 0
34700, 327680, 1, 0, 0
34800, 409600, 1, 0, 0
34900, 450560, 1, 0, 0
35000, 327680, 1, 0, 0
35100, 450560, 1, 0, 0
35200, 409600, 1, 0, 0
35300, 368640, 1, 0, 0
35400, 491520, 1, 0, 0
35500, 450560, 1, 0, 0
35600, 450560, 1, 0, 0
35700, 450560, 1, 0, 0
35800, 368640, 1, 0, 0
35900, 372363, 1, 0, 0
36000, 409600, 1, 0, 0
36100, 532480, 1, 0, 0
36200, 409600, 1, 0, 0
36300, 450560, 1, 0, 0
36400, 450560, 1, 0, 0
36500, 450560, 1, 0, 0
36600, 368640, 1, 0, 0
36700, 450560, 1, 0, 0
36800, 450560, 1, 0, 0
36900, 368640, 1, 0, 0
37000, 450560, 1, 0, 0
37100, 327680, 1, 0, 0
37200, 450560, 1, 0, 0
37300, 368640, 1, 0, 0
37400, 450560, 1, 0, 0
37500, 450560, 1, 0, 0
37600, 450560, 1, 0, 0
37700, 368640, 1, 0, 0
37800, 450560, 1, 0, 0
37900, 450560, 1, 0, 0
38000, 450560, 1, 0, 0
38100, 455111, 1, 0, 0
38200, 368640, 1, 0, 0
38300, 491520, 1, 0, 0
38400, 450560, 1, 0, 0
38500, 409600, 1, 0, 0
38600, 491520, 1, 0, 0
38700, 450560, 1, 0, 0
38800, 327680, 1, 0, 0
38900, 368640, 1, 0, 0
39000, 450560, 1, 0, 0
39100, 450560, 1, 0, 0
39200, 450560, 1, 0, 0
39300, 327680, 1, 0, 0
39400, 491520, 1, 0, 0
39500, 450560, 1, 0, 0
39600, 450560, 1, 0, 0
39700, 450560, 1, 0, 0
39800, 491520, 1, 0, 0
39900, 327680, 1, 0, 0
40000, 450560, 1, 0, 0
40100, 491520, 1, 0, 0
40200, 368640, 1, 0, 0
40300, 409600, 1, 0, 0
40400, 450560, 1, 0, 0
40501, 122880, 1, 0, 0
41000, 81920, 1, 0, 0
41100, 368640, 1, 0, 0
41200, 573440, 1, 0, 0
41300, 409600, 1, 0, 0
41400, 409600, 1, 0, 0
41500, 450560, 1, 0, 0
41600, 450560, 1, 0, 0
41700, 573440, 1, 0, 0
41800, 327680, 1, 0, 0
41900, 368640, 1, 0, 0
42000, 450560, 1, 0, 0
42100, 532480, 1, 0, 0
42200, 286720, 1, 0, 0
42300, 450560, 1, 0, 0
42400, 450560, 1, 0, 0
42500, 368640, 1, 0, 0
42600, 450560, 1, 0, 0
42700, 450560, 1, 0, 0
42800, 450560, 1, 0, 0
42900, 496484, 1, 0, 0
43000, 327680, 1, 0, 0
43100, 573440, 1, 0, 0
43200, 368640, 1, 0, 0
43300, 532480, 1, 0, 0
43400, 409600, 1, 0, 0
43500, 409600, 1, 0, 0
43600, 532480, 1, 0, 0
43700, 409600, 1, 0, 0
43800, 532480, 1, 0, 0
43900, 450560, 1, 0, 0
44000, 327680, 1, 0, 0
44100, 368640, 1, 0, 0
44200, 573440, 1, 0, 0
44300, 286720, 1, 0, 0
44400, 532480, 1, 0, 0
44500, 409600, 1, 0, 0
44600, 491520, 1, 0, 0
44700, 450560, 1, 0, 0
44800, 368640, 1, 0, 0
44900, 368640, 1, 0, 0
45000, 532480, 1, 0, 0
45100, 413737, 1, 0, 0
45200, 573440, 1, 0, 0
45300, 409600, 1, 0, 0
45400, 573440, 1, 0, 0
45500, 573440, 1, 0, 0
45600, 368640, 1, 0, 0
45700, 532480, 1, 0, 0
45800, 327680, 1, 0, 0
45900, 491520, 1, 0, 0
46000, 532480, 1, 0, 0
46100, 368640, 1, 0, 0
46200, 573440, 1, 0, 0
46300, 573440, 1, 0, 0
46400, 491520, 1, 0, 0
46500, 409600, 1, 0, 0
46600, 491520, 1, 0, 0
46700, 286720, 1, 0, 0
46800, 286720, 1, 0, 0
46900, 573440, 1, 0, 0
47000, 327680, 1, 0, 0
47100, 532480, 1, 0, 0
47200, 368640, 1, 0, 0
47300, 491520, 1, 0, 0
47400, 579232, 1, 0, 0
47500, 409600, 1, 0, 0
47600, 491520, 1, 0, 0
47700, 573440, 1, 0, 0
47800, 450560, 1, 0, 0
47900, 368640, 1, 0, 0
48000, 573440, 1, 0, 0
48100, 450560, 1, 0, 0
48200, 450560, 1, 0, 0
48300, 573440, 1, 0, 0
48400, 450560, 1, 0, 0
48500, 368640, 1, 0, 0
48600, 573440, 1, 0, 0
48700, 409600, 1, 0, 0
48800, 491520, 1, 0, 0
48900, 532480, 1, 0, 0
49000, 409600, 1, 0, 0
49100, 450560, 1, 0, 0
49200, 368640, 1, 0, 0
49300, 532480, 1, 0, 0
49400, 573440, 1, 0, 0
49500, 491520, 1, 0, 0
49601, 409600, 1, 0, 0
49700, 496484, 1, 0, 0
49800, 409600, 1, 0, 0
49900, 491520, 1, 0, 0
50000, 573440, 1, 0, 0
50100, 409600, 1, 0, 0
50200, 491520, 1, 0, 0
50300, 491520, 1, 0, 0
50400, 491520, 1, 0, 0
50500, 409600, 1, 0, 0
50600, 491520, 1, 0, 0
50700, 368640, 1, 0, 0
50800, 532480, 1, 0, 0
50900, 491520, 1, 0, 0
51000, 409600, 1, 0, 0
51100, 573440, 1, 0, 0
51200, 409600, 1, 0, 0
51300, 450560, 1, 0, 0
51400, 532480, 1, 0, 0
51500, 491520, 1, 0, 0
51600, 409600, 1, 0, 0
51700, 573440, 1, 0, 0
51800, 532480, 1, 0, 0
51900, 496484, 1, 0, 0
52000, 409600, 1, 0, 0
52100, 532480, 1, 0, 0
52200, 491520, 1, 0, 0
52300, 409600, 1, 0, 0
52400, 532480, 1, 0, 0
52500, 450560, 1, 0, 0
52600, 409600, 1, 0, 0
52700, 532480, 1, 0, 0
52800, 409600, 1, 0, 0
52900, 532480, 1, 0, 0
53000, 450560, 1, 0, 0
53100, 368640, 1, 0, 0
53200, 573440, 1, 0, 0
53300, 327680, 1, 0, 0
53400, 532480, 1, 0, 0
53500, 409600, 1, 0, 0
53600, 450560, 1, 0, 0
53700, 532480, 1, 0, 0
53800, 368640, 1, 0, 0
53900, 409600, 1, 0, 0
54000, 409600, 1, 0, 0
54100, 579232, 1, 0, 0
54200, 368640, 1, 0, 0
54300, 532480, 1, 0, 0
54400, 491520, 1, 0, 0
54500, 327680, 1, 0, 0
54600, 532480, 1, 0, 0
54700, 368640, 1, 0, 0
54800, 573440, 1, 0, 0
54900, 450560, 1, 0, 0
55000, 368640, 1, 0, 0
55100, 532480, 1, 0, 0
55200, 368640, 1, 0, 0
55300, 532480, 1, 0, 0
55400, 327680, 1, 0, 0
55500, 532480, 1, 0, 0
55600, 368640, 1, 0, 0
55700, 532480, 1, 0, 0
55800, 409600, 1, 0, 0
55900, 409600, 1, 0, 0
56000, 573440, 1, 0, 0
56100, 327680, 1, 0, 0
56200, 573440, 1, 0, 0
56300, 368640, 1, 0, 0
56400, 450560, 1, 0, 0
56500, 491520, 1, 0, 0
56601, 409600, 1, 0, 0
56700, 579232, 1, 0, 0
56800, 245760, 1, 0, 0
56900, 573440, 1, 0, 0
57000, 327680, 1, 0, 0
57100, 491520, 1, 0, 0
57200, 327680, 1, 0, 0
57300, 573440, 1, 0, 0
57400, 409600, 1, 0, 0
57500, 491520, 1, 0, 0
57600, 450560, 1, 0, 0
57700, 368640, 1, 0, 0
57800, 573440, 1, 0, 0
57900, 327680, 1, 0, 0
58000, 573440, 1, 0, 0
58100, 532480, 1, 0, 0
58200, 327680, 1, 0, 0
58300, 532480, 1, 0, 0
58400, 491520, 1, 0, 0
58500, 409600, 1, 0, 0
58600, 573440, 1, 0, 0
58700, 450560, 1, 0, 0
58800, 491520, 1, 0, 0
58900, 450560, 1, 0, 0
59000, 573440, 1, 0, 0
59100, 409600, 1, 0, 0
59200, 491520, 1, 0, 0
59300, 532480, 1, 0, 0
59400, 327680, 1, 0, 0
59500, 368640, 1, 0, 0
59600, 491520, 1, 0, 0
59700, 573440, 1, 0, 0
59801, 532480, 1, 0, 0
59900, 372363, 1, 0, 0
60000, 491520, 1, 0, 0
60100, 491520, 1, 0, 0
60200, 409600, 1, 0, 0
60300, 573440, 1, 0, 0
60400, 368640, 1, 0, 0
60500, 450560, 1, 0, 0
60600, 491520, 1, 0, 0
60700, 409600, 1, 0, 0
60800, 532480, 1, 0, 0
60900, 532480, 1, 0, 0
61000, 368640, 1, 0, 0
61100, 532480, 1, 0, 0
61200, 491520, 1, 0, 0
61300, 409600, 1, 0, 0
61400, 573440, 1, 0, 0
61500, 491520, 1, 0, 0
61600, 409600, 1, 0, 0
61700, 491520, 1, 0, 0
61800, 573440, 1, 0, 0
61900, 409600, 1, 0, 0
62000, 491520, 1, 0, 0
62100, 573440, 1, 0, 0
62200, 450560, 1, 0, 0
62300, 409600, 1, 0, 0
62400, 532480, 1, 0, 0
62500, 491520, 1, 0, 0
62600, 409600, 1, 0, 0
62700, 573440, 1, 0, 0
62800, 491520, 1, 0, 0
62900, 372363, 1, 0, 0
63000, 532480, 1, 0, 0
63100, 491520, 1, 0, 0
63200, 409600, 1, 0, 0
63300, 573440, 1, 0, 0
63400, 532480, 1, 0, 0
63500, 409600, 1, 0, 0
63600, 450560, 1, 0, 0
63700, 532480, 1, 0, 0
63800, 491520, 1, 0, 0
63900, 450560, 1, 0, 0
64000, 573440, 1, 0, 0
64100, 450560, 1, 0, 0
64200, 368640, 1, 0, 0
64300, 573440, 1, 0, 0
64400, 491520, 1, 0, 0
64500, 409600, 1, 0, 0
64600, 532480, 1, 0, 0
64700, 450560, 1, 0, 0
64800, 409600, 1, 0, 0
64900, 573440, 1, 0, 0
65000, 409600, 1, 0, 0
65100, 491520, 1, 0, 0
65200, 532480, 1, 0, 0
65300, 368640, 1, 0, 0
65400, 491520, 1, 0, 0
65500, 532480, 1, 0, 0
65600, 368640, 1, 0, 0
65700, 573440, 1, 0, 0
65800, 573440, 1, 0, 0
65900, 455111, 1, 0, 0
66000, 368640, 1, 0, 0
66100, 368640, 1, 0, 0
66200, 532480, 1, 0, 0
66300, 573440, 1, 0, 0
66400, 409600, 1, 0, 0
66500, 409600, 1, 0, 0
66600, 573440, 1, 0, 0
66700, 450560, 1, 0, 0
66800, 450560, 1, 0, 0
66900, 532480, 1, 0, 0
67000, 286720, 1, 0, 0
67100, 409600, 1, 0, 0
67200, 491520, 1, 0, 0
67300, 573440, 1, 0, 0
67400, 491520, 1, 0, 0
67500, 368640, 1, 0, 0
67600, 532480, 1, 0, 0
67700, 491520, 1, 0, 0
67800, 409600, 1, 0, 0
67900, 491520, 1, 0, 0
68000, 368640, 1, 0, 0
68100, 532480, 1, 0, 0
68200, 450560, 1, 0, 0
68300, 450560, 1, 0, 0
68400, 573440, 1, 0, 0
68500, 409600, 1, 0, 0
68600, 409600, 1, 0, 0
68700, 491520, 1, 0, 0
68800, 409600, 1, 0, 0
68900, 579232, 1, 0, 0
69000, 491520, 1, 0, 0
69100, 368640, 1, 0, 0
69200, 532480, 1, 0, 0
69300, 409600, 1, 0, 0
69400, 491520, 1, 0, 0
69500, 491520, 1, 0, 0
69600, 368640, 1, 0, 0
69700, 532480, 1, 0, 0
69800, 409600, 1, 0, 0
69900, 491520, 1, 0, 0
70000, 491520, 1, 0, 0
70100, 368640, 1, 0, 0
70200, 532480, 1, 0, 0
70300, 450560, 1, 0, 0
70400, 450560, 1, 0, 0
70500, 368640, 1, 0, 0
71000, 40960, 1, 0, 0
71100, 409600, 1, 0, 0
71200, 491520, 1, 0, 0
71300, 409600, 1, 0, 0
71400, 573440, 1, 0, 0
71500, 327680, 1, 0, 0
71600, 491520, 1, 0, 0
71700, 532480, 1, 0, 0
71800, 368640, 1, 0, 0
71900, 579232, 1, 0, 0
72000, 409600, 1, 0, 0
72100, 409600, 1, 0, 0
72200, 573440, 1, 0, 0
72300, 450560, 1, 0, 0
72400, 450560, 1, 0, 0
72500, 532480, 1, 0, 0
72600, 286720, 1, 0, 0
72700, 573440, 1, 0, 0
72800, 450560, 1, 0, 0
72900, 450560, 1, 0, 0
73000, 532480, 1, 0, 0
73100, 532480, 1, 0, 0
73200, 327680, 1, 0, 0
73300, 573440, 1, 0, 0
73400, 409600, 1, 0, 0
73500, 491520, 1, 0, 0
73600, 532480, 1, 0, 0
73700, 532480, 1, 0, 0
73800, 409600, 1, 0, 0
73900, 491520, 1, 0, 0
74000, 491520, 1, 0, 0
74100, 409600, 1, 0, 0
74200, 532480, 1, 0, 0
74300, 409600, 1, 0, 0
74400, 450560, 1, 0, 0
74501, 573440, 1, 0, 0
74600, 496484, 1, 0, 0
74700, 409600, 1, 0, 0
74800, 573440, 1, 0, 0
74900, 532480, 1, 0, 0
75000, 327680, 1, 0, 0
75100, 532480, 1, 0, 0
75200, 573440, 1, 0, 0
75300, 532480, 1, 0, 0
75400, 491520, 1, 0, 0
75500, 450560, 1, 0, 0
75600, 573440, 1, 0, 0
75700, 409600, 1, 0, 0
75800, 409600, 1, 0, 0
75900, 573440, 1, 0, 0
76000, 491520, 1, 0, 0
76100, 409600, 1, 0, 0
76200, 573440, 1, 0, 0
76300, 450560, 1, 0, 0
76400, 450560, 1, 0, 0
76500, 491520, 1, 0, 0
76600, 537858, 1, 0, 0
76700, 409600, 1, 0, 0
76800, 532480, 1, 0, 0
76900, 532480, 1, 0, 0
77000, 286720, 1, 0, 0
77100, 450560, 1, 0, 0
77200, 450560, 1, 0, 0
77300, 573440, 1, 0, 0
77400, 368640, 1, 0, 0
77500, 450560, 1, 0, 0
77600, 532480, 1, 0, 0
77700, 368640, 1, 0, 0
77800, 573440, 1, 0, 0
77900, 450560, 1, 0, 0
78000, 368640, 1, 0, 0
78100, 573440, 1, 0, 0
78200, 368640, 1, 0, 0
78300, 532480, 1, 0, 0
78400, 532480, 1, 0, 0
78500, 286720, 1, 0, 0
78600, 573440, 1, 0, 0
78700, 409600, 1, 0, 0
78800, 491520, 1, 0, 0
78900, 496484, 1, 0, 0
79000, 327680, 1, 0, 0
79100, 573440, 1, 0, 0
79200, 409600, 1, 0, 0
79300, 491520, 1, 0, 0
79400, 532480, 1, 0, 0
79500, 327680, 1, 0, 0
79600, 532480, 1, 0, 0
79700, 368640, 1, 0, 0
79800, 532480, 1, 0, 0
79900, 573440, 1, 0, 0
80000, 409600, 1, 0, 0
80100, 409600, 1, 0, 0
80200, 491520, 1, 0, 0
80300, 409600, 1, 0, 0
80400, 573440, 1, 0, 0
80500, 409600, 1, 0, 0
80600, 409600, 1, 0, 0
80700, 532480, 1, 0, 0
80800, 368640, 1, 0, 0
80900, 573440, 1, 0, 0
81000, 409600, 1, 0, 0
81100, 413737, 1, 0, 0
81200, 532480, 1, 0, 0
81300, 491520, 1, 0, 0
81400, 450560, 1, 0, 0
81500, 573440, 1, 0, 0
81600, 450560, 1, 0, 0
81700, 368640, 1, 0, 0
81800, 573440, 1, 0, 0
81900, 573440, 1, 0, 0
82000, 327680, 1, 0, 0
82100, 573440, 1, 0, 0
82200, 532480, 1, 0, 0
82300, 409600, 1, 0, 0
82400, 450560, 1, 0, 0
82500, 573440, 1, 0, 0
82600, 409600, 1, 0, 0
82700, 491520, 1, 0, 0
82800, 573440, 1, 0, 0
82900, 368640, 1, 0, 0
83000, 532480, 1, 0, 0
83100, 491520, 1, 0, 0
83200, 491520, 1, 0, 0
83300, 409600, 1, 0, 0
83400, 579232, 1, 0, 0
83500, 532480, 1, 0, 0
83600, 450560, 1, 0, 0
83700, 409600, 1, 0, 0
83800, 573440, 1, 0, 0
83900, 573440, 1, 0, 0
84000, 409600, 1, 0, 0
84100, 491520, 1, 0, 0
84200, 532480, 1, 0, 0
84300, 450560, 1, 0, 0
84400, 409600, 1, 0, 0
84500, 491520, 1, 0, 0
84600, 450560, 1, 0, 0
84700, 491520, 1, 0, 0
84800, 450560, 1, 0, 0
84900, 450560, 1, 0, 0
85000, 450560, 1, 0, 0
85100, 409600, 1, 0, 0
85200, 491520, 1, 0, 0
85300, 450560, 1, 0, 0
85400, 450560, 1, 0, 0
85500, 450560, 1, 0, 0
85600, 450560, 1, 0, 0
85700, 491520, 1, 0, 0
85800, 450560, 1, 0, 0
85900, 450560, 1, 0, 0
86000, 450560, 1, 0, 0
86100, 450560, 1, 0, 0
86201, 450560, 1, 0, 0
86300, 455111, 1, 0, 0
86400, 450560, 1, 0, 0
86500, 491520, 1, 0, 0
86600, 450560, 1, 0, 0
86700, 450560, 1, 0, 0
86800, 450560, 1, 0, 0
86900, 450560, 1, 0, 0
87000, 368640, 1, 0, 0
87100, 532480, 1, 0, 0
87200, 450560, 1, 0, 0
87300, 409600, 1, 0, 0
87400, 532480, 1, 0, 0
87500, 409600, 1, 0, 0
87600, 491520, 1, 0, 0
87700, 450560, 1, 0, 0
87800, 409600, 1, 0, 0
87900, 491520, 1, 0, 0
88000, 450560, 1, 0, 0
88100, 450560, 1, 0, 0
88200, 450560, 1, 0, 0
88300, 450560, 1, 0, 0
88400, 573440, 1, 0, 0
88500, 409600, 1, 0, 0
88600, 491520, 1, 0, 0
88700, 573440, 1, 0, 0
88800, 368640, 1, 0, 0
88900, 450560, 1, 0, 0
89000, 573440, 1, 0, 0
89100, 455111, 1, 0, 0
89200, 450560, 1, 0, 0
89300, 409600, 1, 0, 0
89400, 409600, 1, 0, 0
89500, 573440, 1, 0, 0
89600, 368640, 1, 0, 0
89700, 532480, 1, 0, 0
89800, 573440, 1, 0, 0
89900, 327680, 1, 0, 0
90000, 491520, 1, 0, 0
90100, 532480, 1, 0, 0
90200, 368640, 1, 0, 0
90300, 573440, 1, 0, 0
90400, 368640, 1, 0, 0
90500, 450560, 1, 0, 0
90600, 491520, 1, 0, 0
90700, 409600, 1, 0, 0
90800, 573440, 1, 0, 0
90900, 450560, 1, 0, 0
91000, 368640, 1, 0, 0
91100, 491520, 1, 0, 0
91200, 409600, 1, 0, 0
91300, 573440, 1, 0, 0
91400, 409600, 1, 0, 0
91500, 409600, 1, 0, 0
91600, 573440, 1, 0, 0
91700, 368640, 1, 0, 0
91800, 532480, 1, 0, 0
91900, 450560, 1, 0, 0
92001, 450560, 1, 0, 0
92100, 496484, 1, 0, 0
92200, 491520, 1, 0, 0
92300, 409600, 1, 0, 0
92400, 532480, 1, 0, 0
92500, 368640, 1, 0, 0
92600, 655360, 1, 0, 0
92700, 491520, 1, 0, 0
92800, 450560, 1, 0, 0
92900, 409600, 1, 0, 0
93000, 532480, 1, 0, 0
93100, 532480, 1, 0, 0
93200, 573440, 1, 0, 0
93300, 327680, 1, 0, 0
93400, 450560, 1, 0, 0
93500, 450560, 1, 0, 0
93600, 532480, 1, 0, 0
93700, 573440, 1, 0, 0
93800, 532480, 1, 0, 0
93900, 491520, 1, 0, 0
94000, 491520, 1, 0, 0
94100, 450560, 1, 0, 0
94200, 368640, 1, 0, 0
94300, 532480, 1, 0, 0
94400, 532480, 1, 0, 0
94500, 532480, 1, 0, 0
94600, 327680, 1, 0, 0
94700, 491520, 1, 0, 0
94800, 450560, 1, 0, 0
94900, 537858, 1, 0, 0
95000, 532480, 1, 0, 0
95100, 532480, 1, 0, 0
95200, 491520, 1, 0, 0
95300, 491520, 1, 0, 0
95400, 450560, 1, 0, 0
95500, 368640, 1, 0, 0
95600, 573440, 1, 0, 0
95700, 532480, 1, 0, 0
95800, 573440, 1, 0, 0
95900, 450560, 1, 0, 0
96000, 491520, 1, 0, 0
96100, 409600, 1, 0, 0
96200, 409600, 1, 0, 0
96300, 573440, 1, 0, 0
96400, 532480, 1, 0, 0
96500, 491520, 1, 0, 0
96600, 491520, 1, 0, 0
96700, 532480, 1, 0, 0
96800, 409600, 1, 0, 0
96900, 409600, 1, 0, 0
97000, 532480, 1, 0, 0
97100, 409600, 1, 0, 0
97200, 532480, 1, 0, 0
97300, 450560, 1, 0, 0
97400, 450560, 1, 0, 0
97500, 491520, 1, 0, 0
97600, 532480, 1, 0, 0
97701, 573440, 1, 0, 0
97800, 537858, 1, 0, 0
97900, 286720, 1, 0, 0
98000, 532480, 1, 0, 0
98100, 450560, 1, 0, 0
98200, 532480, 1, 0, 0
98300, 532480, 1, 0, 0
98400, 573440, 1, 0, 0
98500, 491520, 1, 0, 0
98600, 491520, 1, 0, 0
98700, 491520, 1, 0, 0
98800, 450560, 1, 0, 0
98900, 409600, 1, 0, 0
99000, 573440, 1, 0, 0
99100, 532480, 1, 0, 0
99200, 573440, 1, 0, 0
99300, 491520, 1, 0, 0
99400, 491520, 1, 0, 0
99500, 491520, 1, 0, 0
99600, 450560, 1, 0, 0
99700, 450560, 1, 0, 0
99800, 532480, 1, 0, 0
99900, 532480, 1, 0, 0
100000, 573440, 1, 0, 0
100100, 491520, 1, 0, 0
100200, 491520, 1, 0, 0
100300, 491520, 1, 0, 0
100400, 450560, 1, 0, 0
100501, 409600, 1, 0, 0
100600, 372363, 1, 0, 0
101000, 245760, 1, 0, 0
101100, 532480, 1, 0, 0
101200, 409600, 1, 0, 0
101300, 491520, 1, 0, 0
101400, 614400, 1, 0, 0
101500, 409600, 1, 0, 0
101600, 450560, 1, 0, 0
101700, 491520, 1, 0, 0
101800, 573440, 1, 0, 0
101900, 450560, 1, 0, 0
102000, 491520, 1, 0, 0
102100, 532480, 1, 0, 0
102200, 491520, 1, 0, 0
102300, 409600, 1, 0, 0
102400, 491520, 1, 0, 0
102500, 491520, 1, 0, 0
102600, 450560, 1, 0, 0
102700, 573440, 1, 0, 0
102800, 573440, 1, 0, 0
102900, 248242, 1, 0, 0
103000, 614400, 1, 0, 0
103100, 409600, 1, 0, 0
103200, 573440, 1, 0, 0
103300, 409600, 1, 0, 0
103400, 491520, 1, 0, 0
103500, 450560, 1, 0, 0
103600, 450560, 1, 0, 0
103700, 491520, 1, 0, 0
103800, 450560, 1, 0, 0
103900, 573440, 1, 0, 0
104000, 532480, 1, 0, 0
104100, 368640, 1, 0, 0
104200, 450560, 1, 0, 0
104300, 573440, 1, 0, 0
104400, 450560, 1, 0, 0
104500, 491520, 1, 0, 0
104600, 532480, 1, 0, 0
104700, 450560, 1, 0, 0
104800, 409600, 1, 0, 0
104900, 537858, 1, 0, 0
105000, 409600, 1, 0, 0
105100, 532480, 1, 0, 0
105200, 573440, 1, 0, 0
105300, 491520, 1, 0, 0
105400, 327680, 1, 0, 0
105500, 532480, 1, 0, 0
105600, 491520, 1, 0, 0
105700, 491520, 1, 0, 0
105800, 532480, 1, 0, 0
105900, 491520, 1, 0, 0
106000, 368640, 1, 0, 0
106100, 491520, 1, 0, 0
106200, 573440, 1, 0, 0
106300, 450560, 1, 0, 0
106400, 491520, 1, 0, 0
106500, 532480, 1, 0, 0
106600, 491520, 1, 0, 0
106700, 409600, 1, 0, 0
106800, 491520, 1, 0, 0
106900, 450560, 1, 0, 0
107000, 491520, 1, 0, 0
107100, 248242, 1, 0, 0
107200, 532480, 1, 0, 0
107300, 491520, 1, 0, 0
107400, 450560, 1, 0, 0
107500, 573440, 1, 0, 0
107600, 450560, 1, 0, 0
107700, 450560, 1, 0, 0
107800, 450560, 1, 0, 0
107900, 532480, 1, 0, 0
108000, 409600, 1, 0, 0
108100, 573440, 1, 0, 0
108200, 491520, 1, 0, 0
108300, 409600, 1, 0, 0
108400, 450560, 1, 0, 0
108500, 573440, 1, 0, 0
108600, 368640, 1, 0, 0
108700, 573440, 1, 0, 0
108800, 532480, 1, 0, 0
108900, 450560, 1, 0, 0
109000, 532480, 1, 0, 0
109100, 409600, 1, 0, 0
109200, 573440, 1, 0, 0
109300, 491520, 1, 0, 0
109400, 455111, 1, 0, 0
109500, 491520, 1, 0, 0
109600, 532480, 1, 0, 0
109700, 409600, 1, 0, 0
109800, 491520, 1, 0, 0
109900, 573440, 1, 0, 0
110000, 491520, 1, 0, 0
110100, 450560, 1, 0, 0
110200, 573440, 1, 0, 0
110300, 532480, 1, 0, 0
110400, 409600, 1, 0, 0
110500, 409600, 1, 0, 0
110600, 450560, 1, 0, 0
110700, 491520, 1, 0, 0
110800, 573440, 1, 0, 0
110900, 532480, 1, 0, 0
111000, 573440, 1, 0, 0
111100, 368640, 1, 0, 0
111200, 450560, 1, 0, 0
111300, 573440, 1, 0, 0
111400, 450560, 1, 0, 0
111500, 491520, 1, 0, 0
111600, 579232, 1, 0, 0
111700, 491520, 1, 0, 0
111800, 327680, 1, 0, 0
111900, 491520, 1, 0, 0
112000, 409600, 1, 0, 0
112100, 532480, 1, 0, 0
112200, 245760, 1, 0, 0
112300, 450560, 1, 0, 0
112400, 491520, 1, 0, 0
112500, 491520, 1, 0, 0
112600, 491520, 1, 0, 0
112700, 327680, 1, 0, 0
112800, 409600, 1, 0, 0
112900, 532480, 1, 0, 0
113000, 368640, 1, 0, 0
113100, 450560, 1, 0, 0
113200, 368640, 1, 0, 0
113300, 532480, 1, 0, 0
113400, 450560, 1, 0, 0
113500, 368640, 1, 0, 0
113600, 450560, 1, 0, 0
113700, 450560, 1, 0, 0
113800, 491520, 1, 0, 0
113900, 372363, 1, 0, 0
114000, 368640, 1, 0, 0
114100, 532480, 1, 0, 0
114200, 532480, 1, 0, 0
114300, 245760, 1, 0, 0
114400, 532480, 1, 0, 0
114500, 409600, 1, 0, 0
114600, 491520, 1, 0, 0
114700, 368640, 1, 0, 0
114800, 491520, 1, 0, 0
114900, 450560, 1, 0, 0
115000, 450560, 1, 0, 0
115100, 491520, 1, 0, 0
115200, 327680, 1, 0, 0
115300, 409600, 1, 0, 0
115400, 491520, 1, 0, 0
115500, 573440, 1, 0, 0
115601, 245760, 1, 0, 0
115700, 372363, 1, 0, 0
115800, 573440, 1, 0, 0
115900, 368640, 1, 0, 0
116000, 409600, 1, 0, 0
116100, 573440, 1, 0, 0
116200, 368640, 1, 0, 0
116300, 573440, 1, 0, 0
116400, 532480, 1, 0, 0
116500, 368640, 1, 0, 0
116600, 450560, 1, 0, 0
116700, 532480, 1, 0, 0
116800, 409600, 1, 0, 0
116900, 573440, 1, 0, 0
117000, 409600, 1, 0, 0
117100, 368640, 1, 0, 0
117200, 491520, 1, 0, 0
117300, 450560, 1, 0, 0
117400, 532480, 1, 0, 0
117500, 368640, 1, 0, 0
117600, 450560, 1, 0, 0
117700, 573440, 1, 0, 0
117800, 491520, 1, 0, 0
117900, 455111, 1, 0, 0
118000, 532480, 1, 0, 0
118100, 450560, 1, 0, 0
118200, 409600, 1, 0, 0
118300, 532480, 1, 0, 0
118400, 573440, 1, 0, 0
118500, 409600, 1, 0, 0
118600, 532480, 1, 0, 0
118700, 532480, 1, 0, 0
118800, 573440, 1, 0, 0
118900, 368640, 1, 0, 0
119000, 450560, 1, 0, 0
119100, 573440, 1, 0, 0
119200, 450560, 1, 0, 0
119300, 491520, 1, 0, 0
119400, 532480, 1, 0, 0
119500, 573440, 1, 0, 0
119600, 409600, 1, 0, 0
119700, 409600, 1, 0, 0
119800, 573440, 1, 0, 0
119900, 409600, 1, 0, 0
120000, 532480, 1, 0, 0
120100, 573440, 1, 0, 0
120201, 368640, 1, 0, 0
120300, 413737, 1, 0, 0
120400, 573440, 1, 0, 0
120500, 368640, 1, 0, 0
120600, 573440, 1, 0, 0
120700, 532480, 1, 0, 0
120800, 491520, 1, 0, 0
120900, 368640, 1, 0, 0
121000, 532480, 1, 0, 0
121100, 491520, 1, 0, 0
121200, 450560, 1, 0, 0
121300, 532480, 1, 0, 0
121400, 573440, 1, 0, 0
121500, 409600, 1, 0, 0
121600, 409600, 1, 0, 0
121700, 573440, 1, 0, 0
121800, 368640, 1, 0, 0
121900, 573440, 1, 0, 0
122000, 532480, 1, 0, 0
122100, 409600, 1, 0, 0
122200, 450560, 1, 0, 0
122300, 532480, 1, 0, 0
122401, 532480, 1, 0, 0
122500, 413737, 1, 0, 0
122600, 573440, 1, 0, 0
122700, 532480, 1, 0, 0
122800, 450560, 1, 0, 0
122900, 368640, 1, 0, 0
123000, 532480, 1, 0, 0
123100, 409600, 1, 0, 0
123200, 573440, 1, 0, 0
123300, 532480, 1, 0, 0
123400, 491520, 1, 0, 0
123500, 368640, 1, 0, 0
123600, 532480, 1, 0, 0
123700, 450560, 1, 0, 0
123800, 491520, 1, 0, 0
123900, 573440, 1, 0, 0
124000, 573440, 1, 0, 0
124100, 409600, 1, 0, 0
124200, 368640, 1, 0, 0
124300, 573440, 1, 0, 0
124400, 532480, 1, 0, 0
124500, 409600, 1, 0, 0
124600, 573440, 1, 0, 0
124701, 532480, 1, 0, 0
124800, 455111, 1, 0, 0
124900, 450560, 1, 0, 0
125000, 491520, 1, 0, 0
125100, 532480, 1, 0, 0
125200, 409600, 1, 0, 0
125300, 532480, 1, 0, 0
125400, 450560, 1, 0, 0
125500, 368640, 1, 0, 0
125600, 368640, 1, 0, 0
125700, 573440, 1, 0, 0
125800, 532480, 1, 0, 0
125900, 450560, 1, 0, 0
126000, 450560, 1, 0, 0
126100, 491520, 1, 0, 0
126200, 573440, 1, 0, 0
126300, 450560, 1, 0, 0
126400, 491520, 1, 0, 0
126500, 573440, 1, 0, 0
126600, 409600, 1, 0, 0
126700, 409600, 1, 0, 0
126800, 532480, 1, 0, 0
126900, 579232, 1, 0, 0
127000, 409600, 1, 0, 0
127100, 532480, 1, 0, 0
127200, 573440, 1, 0, 0
127300, 491520, 1, 0, 0
127400, 491520, 1, 0, 0
127500, 409600, 1, 0, 0
127600, 532480, 1, 0, 0
127700, 368640, 1, 0, 0
127800, 532480, 1, 0, 0
127900, 573440, 1, 0, 0
128000, 409600, 1, 0, 0
128100, 409600, 1, 0, 0
128200, 573440, 1, 0, 0
128300, 409600, 1, 0, 0
128400, 532480, 1, 0, 0
128500, 573440, 1, 0, 0
128600, 450560, 1, 0, 0
128700, 327680, 1, 0, 0
128800, 532480, 1, 0, 0
128900, 409600, 1, 0, 0
129000, 532480, 1, 0, 0
129100, 372363, 1, 0, 0
129200, 450560, 1, 0, 0
129300, 573440, 1, 0, 0
129400, 368640, 1, 0, 0
129500, 532480, 1, 0, 0
129600, 450560, 1, 0, 0
129700, 368640, 1, 0, 0
129800, 532480, 1, 0, 0
129900, 409600, 1, 0, 0
130000, 573440, 1, 0, 0
130100, 532480, 1, 0, 0
130200, 409600, 1, 0, 0
130300, 409600, 1, 0, 0
130400, 573440, 1, 0, 0
130500, 409600, 1, 0, 0
130600, 532480, 1, 0, 0
130700, 245760, 1, 0, 0
131100, 245760, 1, 0, 0
131200, 368640, 1, 0, 0
131300, 532480, 1, 0, 0
131400, 620606, 1, 0, 0
131500, 491520, 1, 0, 0
131600, 450560, 1, 0, 0
131700, 450560, 1, 0, 0
131800, 573440, 1, 0, 0
131900, 532480, 1, 0, 0
132000, 368640, 1, 0, 0
132100, 532480, 1, 0, 0
132200, 491520, 1, 0, 0
132300, 450560, 1, 0, 0
132400, 450560, 1, 0, 0
132500, 573440, 1, 0, 0
132600, 450560, 1, 0, 0
132700, 491520, 1, 0, 0
132800, 573440, 1, 0, 0
132900, 409600, 1, 0, 0
133000, 450560, 1, 0, 0
133100, 532480, 1, 0, 0
133200, 573440, 1, 0, 0
133300, 327680, 1, 0, 0
133400, 573440, 1, 0, 0
133500, 573440, 1, 0, 0
133600, 409600, 1, 0, 0
133700, 409600, 1, 0, 0
133800, 573440, 1, 0, 0
133900, 455111, 1, 0, 0
134000, 450560, 1, 0, 0
134100, 573440, 1, 0, 0
134200, 368640, 1, 0, 0
134300, 450560, 1, 0, 0
134400, 532480, 1, 0, 0
134500, 491520, 1, 0, 0
134600, 450560, 1, 0, 0
134700, 573440, 1, 0, 0
134800, 450560, 1, 0, 0
134900, 450560, 1, 0, 0
135000, 491520, 1, 0, 0
135100, 491520, 1, 0, 0
135200, 409600, 1, 0, 0
135300, 573440, 1, 0, 0
135400, 532480, 1, 0, 0
135500, 409600, 1, 0, 0
135600, 450560, 1, 0, 0
135700, 368640, 1, 0, 0
135800, 532480, 1, 0, 0
135900, 368640, 1, 0, 0
136000, 450560, 1, 0, 0
136100, 491520, 1, 0, 0
136200, 409600, 1, 0, 0
136300, 532480, 1, 0, 0
136400, 289616, 1, 0, 0
136500, 532480, 1, 0, 0
136600, 368640, 1, 0, 0
136700, 532480, 1, 0, 0
136800, 409600, 1, 0, 0
136900, 450560, 1, 0, 0
137000, 409600, 1, 0, 0
137100, 491520, 1, 0, 0
137200, 368640, 1, 0, 0
137300, 450560, 1, 0, 0
137400, 491520, 1, 0, 0
137500, 409600, 1, 0, 0
137600, 573440, 1, 0, 0
137700, 327680, 1, 0, 0
137800, 491520, 1, 0, 0
137900, 327680, 1, 0, 0
138000, 532480, 1, 0, 0
138100, 368640, 1, 0, 0
138200, 491520, 1, 0, 0
138300, 368640, 1, 0, 0
138400, 532480, 1, 0, 0
138500, 491520, 1, 0, 0
138600, 327680, 1, 0, 0
138700, 368640, 1, 0, 0
138800, 532480, 1, 0, 0
138900, 330989, 1, 0, 0
139000, 491520, 1, 0, 0
139100, 327680, 1, 0, 0
139200, 573440, 1, 0, 0
139300, 532480, 1, 0, 0
139400, 286720, 1, 0, 0
139500, 573440, 1, 0, 0
139600, 368640, 1, 0, 0
139700, 532480, 1, 0, 0
139800, 491520, 1, 0, 0
139900, 327680, 1, 0, 0
140000, 491520, 1, 0, 0
140100, 409600, 1, 0, 0
140200, 532480, 1, 0, 0
140300, 368640, 1, 0, 0
140400, 491520, 1, 0, 0
140500, 491520, 1, 0, 0
140600, 450560, 1, 0, 0
140700, 532480, 1, 0, 0
140800, 532480, 1, 0, 0
140900, 327680, 1, 0, 0
141000, 532480, 1, 0, 0
141100, 573440, 1, 0, 0
141200, 491520, 1, 0, 0
141300, 450560, 1, 0, 0
141400, 537858, 1, 0, 0
141500, 491520, 1, 0, 0
141600, 409600, 1, 0, 0
141700, 491520, 1, 0, 0
141800, 573440, 1, 0, 0
141900, 409600, 1, 0, 0
142000, 491520, 1, 0, 0
142100, 532480, 1, 0, 0
142200, 532480, 1, 0, 0
142300, 491520, 1, 0, 0
142400, 409600, 1, 0, 0
142500, 368640, 1, 0, 0
142600, 532480, 1, 0, 0
142700, 573440, 1, 0, 0
142800, 368640, 1, 0, 0
142900, 450560, 1, 0, 0
143000, 573440, 1, 0, 0
143100, 491520, 1, 0, 0
143200, 450560, 1, 0, 0
143300, 532480, 1, 0, 0
143400, 532480, 1, 0, 0
143500, 409600, 1, 0, 0
143600, 450560, 1, 0, 0
143700, 573440, 1, 0, 0
143800, 532480, 1, 0, 0
143900, 368640, 1, 0, 0
144000, 573440, 1, 0, 0
144100, 327680, 1, 0, 0
144200, 491520, 1, 0, 0
144301, 327680, 1, 0, 0
144400, 455111, 1, 0, 0
144500, 368640, 1, 0, 0
144600, 450560, 1, 0, 0
144700, 409600, 1, 0, 0
144800, 368640, 1, 0, 0
144900, 491520, 1, 0, 0
145000, 327680, 1, 0, 0
145100, 491520, 1, 0, 0
145200, 327680, 1, 0, 0
145300, 450560, 1, 0, 0
145400, 409600, 1, 0, 0
145500, 327680, 1, 0, 0
145600, 286720, 1, 0, 0
145700, 368640, 1, 0, 0
145800, 450560, 1, 0, 0
145900, 409600, 1, 0, 0
146000, 450560, 1, 0, 0
146100, 286720, 1, 0, 0
146200, 532480, 1, 0, 0
146300, 368640, 1, 0, 0
146400, 450560, 1, 0, 0
146500, 368640, 1, 0, 0
146600, 368640, 1, 0, 0
146700, 491520, 1, 0, 0
146800, 286720, 1, 0, 0
146900, 450560, 1, 0, 0
147000, 409600, 1, 0, 0
147100, 491520, 1, 0, 0
147201, 368640, 1, 0, 0
147300, 330989, 1, 0, 0
147400, 532480, 1, 0, 0
147500, 286720, 1, 0, 0
147600, 491520, 1, 0, 0
147700, 368640, 1, 0, 0
147800, 491520, 1, 0, 0
147900, 368640, 1, 0, 0
148000, 450560, 1, 0, 0
148100, 409600, 1, 0, 0
148200, 286720, 1, 0, 0
148300, 532480, 1, 0, 0
148400, 368640, 1, 0, 0
148500, 286720, 1, 0, 0
148600, 491520, 1, 0, 0
148700, 368640, 1, 0, 0
148800, 368640, 1, 0, 0
148900, 450560, 1, 0, 0
149000, 573440, 1, 0, 0
149100, 327680, 1, 0, 0
149200, 573440, 1, 0, 0
149300, 532480, 1, 0, 0
149400, 368640, 1, 0, 0
149500, 491520, 1, 0, 0
149600, 491520, 1, 0, 0
149700, 409600, 1, 0, 0
149800, 573440, 1, 0, 0
149900, 496484, 1, 0, 0
150000, 368640, 1, 0, 0
150100, 532480, 1, 0, 0
150200, 491520, 1, 0, 0
150300, 409600, 1, 0, 0
150400, 573440, 1, 0, 0
150500, 409600, 1, 0, 0
150600, 409600, 1, 0, 0
150700, 573440, 1, 0, 0
150800, 491520, 1, 0, 0
150900, 409600, 1, 0, 0
151000, 573440, 1, 0, 0
151100, 368640, 1, 0, 0
151200, 450560, 1, 0, 0
151300, 532480, 1, 0, 0
151400, 409600, 1, 0, 0
151500, 532480, 1, 0, 0
151600, 491520, 1, 0, 0
151700, 368640, 1, 0, 0
151800, 532480, 1, 0, 0
151900, 532480, 1, 0, 0
152000, 491520, 1, 0, 0
152100, 327680, 1, 0, 0
152200, 368640, 1, 0, 0
152300, 491520, 1, 0, 0
152401, 450560, 1, 0, 0
152500, 496484, 1, 0, 0
152600, 491520, 1, 0, 0
152700, 368640, 1, 0, 0
152800, 450560, 1, 0, 0
152900, 409600, 1, 0, 0
153000, 491520, 1, 0, 0
153100, 409600, 1, 0, 0
153200, 532480, 1, 0, 0
153300, 327680, 1, 0, 0
153400, 450560, 1, 0, 0
153500, 450560, 1, 0, 0
153600, 491520, 1, 0, 0
153700, 450560, 1, 0, 0
153800, 368640, 1, 0, 0
153900, 532480, 1, 0, 0
154000, 368640, 1, 0, 0
154100, 573440, 1, 0, 0
154200, 327680, 1, 0, 0
154300, 491520, 1, 0, 0
154400, 450560, 1, 0, 0
154500, 450560, 1, 0, 0
154600, 573440, 1, 0, 0
154700, 327680, 1, 0, 0
154800, 450560, 1, 0, 0
154900, 368640, 1, 0, 0
155001, 573440, 1, 0, 0
155100, 413737, 1, 0, 0
155200, 409600, 1, 0, 0
155300, 368640, 1, 0, 0
155400, 532480, 1, 0, 0
155500, 327680, 1, 0, 0
155600, 450560, 1, 0, 0
155700, 368640, 1, 0, 0
155800, 532480, 1, 0, 0
155900, 450560, 1, 0, 0
156000, 450560, 1, 0, 0
156100, 491520, 1, 0, 0
156200, 409600, 1, 0, 0
156300, 532480, 1, 0, 0
156400, 409600, 1, 0, 0
156500, 368640, 1, 0, 0
156600, 573440, 1, 0, 0
156700, 245760, 1, 0, 0
156800, 450560, 1, 0, 0
156900, 450560, 1, 0, 0
157000, 491520, 1, 0, 0
157100, 450560, 1, 0, 0
157200, 327680, 1, 0, 0
157300, 450560, 1, 0, 0
157400, 450560, 1, 0, 0
157500, 491520, 1, 0, 0
157600, 327680, 1, 0, 0
157701, 450560, 1, 0, 0
157800, 579232, 1, 0, 0
157900, 368640, 1, 0, 0
158000, 532480, 1, 0, 0
158100, 368640, 1, 0, 0
158200, 491520, 1, 0, 0
158300, 491520, 1, 0, 0
158400, 409600, 1, 0, 0
158500, 368640, 1, 0, 0
158600, 532480, 1, 0, 0
158700, 409600, 1, 0, 0
158800, 409600, 1, 0, 0
158900, 327680, 1, 0, 0
159000, 532480, 1, 0, 0
159100, 491520, 1, 0, 0
159200, 368640, 1, 0, 0
159300, 532480, 1, 0, 0
159400, 368640, 1, 0, 0
159500, 450560, 1, 0, 0
159600, 409600, 1, 0, 0
159700, 532480, 1, 0, 0
159800, 327680, 1, 0, 0
159900, 532480, 1, 0, 0
160000, 450560, 1, 0, 0
160100, 409600, 1, 0, 0
160200, 450560, 1, 0, 0
160300, 450560, 1, 0, 0
160400, 450560, 1, 0, 0
160500, 409600, 1, 0, 0
160600, 413737, 1, 0, 0
160700, 450560, 1, 0, 0
160800, 163840, 1, 0, 0
161000, 40960, 1, 0, 0
161100, 368640, 1, 0, 0
161200, 450560, 1, 0, 0
161300, 450560, 1, 0, 0
161400, 491520, 1, 0, 0
161500, 368640, 1, 0, 0
161600, 532480, 1, 0, 0
161700, 368640, 1, 0, 0
161800, 450560, 1, 0, 0
161900, 532480, 1, 0, 0
162000, 368640, 1, 0, 0
162100, 409600, 1, 0, 0
162200, 409600, 1, 0, 0
162300, 573440, 1, 0, 0
162400, 327680, 1, 0, 0
162500, 491520, 1, 0, 0
162600, 491520, 1, 0, 0
162700, 409600, 1, 0, 0
162800, 532480, 1, 0, 0
162900, 245760, 1, 0, 0
163000, 368640, 1, 0, 0
163100, 573440, 1, 0, 0
163200, 532480, 1, 0, 0
163300, 368640, 1, 0, 0
163400, 413737, 1, 0, 0
163500, 491520, 1, 0, 0
163600, 491520, 1, 0, 0
163700, 286720, 1, 0, 0
163800, 491520, 1, 0, 0
163900, 532480, 1, 0, 0
164000, 409600, 1, 0, 0
164100, 573440, 1, 0, 0
164200, 409600, 1, 0, 0
164300, 450560, 1, 0, 0
164400, 450560, 1, 0, 0
164500, 450560, 1, 0, 0
164600, 532480, 1, 0, 0
164700, 286720, 1, 0, 0
164800, 450560, 1, 0, 0
164900, 491520, 1, 0, 0
165000, 491520, 1, 0, 0
165100, 450560, 1, 0, 0
165200, 409600, 1, 0, 0
165300, 450560, 1, 0, 0
165400, 491520, 1, 0, 0
165500, 491520, 1, 0, 0
165600, 327680, 1, 0, 0
165701, 573440, 1, 0, 0
165800, 413737, 1, 0, 0
165900, 450560, 1, 0, 0
166000, 532480, 1, 0, 0
166100, 450560, 1, 0, 0
166200, 409600, 1, 0, 0
166300, 491520, 1, 0, 0
166400, 532480, 1, 0, 0
166500, 409600, 1, 0, 0
166600, 573440, 1, 0, 0
166700, 327680, 1, 0, 0
166800, 491520, 1, 0, 0
166900, 450560, 1, 0, 0
167000, 450560, 1, 0, 0
167100, 327680, 1, 0, 0
167200, 409600, 1, 0, 0
167300, 450560, 1, 0, 0
167400, 532480, 1, 0, 0
167500, 368640, 1, 0, 0
167600, 368640, 1, 0, 0
167700, 491520, 1, 0, 0
167800, 491520, 1, 0, 0
167900, 450560, 1, 0, 0
168000, 450560, 1, 0, 0
168100, 496484, 1, 0, 0
168200, 491520, 1, 0, 0
168300, 409600, 1, 0, 0
168400, 532480, 1, 0, 0
168500, 368640, 1, 0, 0
168600, 491520, 1, 0, 0
168700, 491520, 1, 0, 0
168800, 450560, 1, 0, 0
168900, 532480, 1, 0, 0
169000, 409600, 1, 0, 0
169100, 450560, 1, 0, 0
169200, 368640, 1, 0, 0
169300, 491520, 1, 0, 0
169400, 532480, 1, 0, 0
169500, 368640, 1, 0, 0
169600, 450560, 1, 0, 0
169700, 491520, 1, 0, 0
169800, 450560, 1, 0, 0
169900, 573440, 1, 0, 0
170000, 450560, 1, 0, 0
170100, 327680, 1, 0, 0
170200, 491520, 1, 0, 0
170300, 450560, 1, 0, 0
170400, 413737, 1, 0, 0
170500, 450560, 1, 0, 0
170600, 491520, 1, 0, 0
170700, 450560, 1, 0, 0
170800, 491520, 1, 0, 0
170900, 573440, 1, 0, 0
171000, 491520, 1, 0, 0
171100, 409600, 1, 0, 0
171200, 409600, 1, 0, 0
171300, 532480, 1, 0, 0
171400, 450560, 1, 0, 0
171500, 368640, 1, 0, 0
171600, 491520, 1, 0, 0
171700, 450560, 1, 0, 0
171800, 491520, 1, 0, 0
171900, 491520, 1, 0, 0
172000, 368640, 1, 0, 0
172100, 409600, 1, 0, 0
172200, 532480, 1, 0, 0
172300, 409600, 1, 0, 0
172400, 573440, 1, 0, 0
172500, 450560, 1, 0, 0
172600, 450560, 1, 0, 0
172700, 409600, 1, 0, 0
172801, 491520, 1, 0, 0
172900, 496484, 1, 0, 0
173000, 368640, 1, 0, 0
173100, 532480, 1, 0, 0
173200, 409600, 1, 0, 0
173300, 450560, 1, 0, 0
173400, 532480, 1, 0, 0
173500, 327680, 1, 0, 0
173600, 573440, 1, 0, 0
173700, 409600, 1, 0, 0
173800, 532480, 1, 0, 0
173900, 450560, 1, 0, 0
174000, 532480, 1, 0, 0
174100, 368640, 1, 0, 0
174200, 409600, 1, 0, 0
174300, 491520, 1, 0, 0
174400, 491520, 1, 0, 0
174500, 450560, 1, 0, 0
174600, 450560, 1, 0, 0
174700, 409600, 1, 0, 0
174800, 573440, 1, 0, 0
174900, 409600, 1, 0, 0
175000, 409600, 1, 0, 0
175100, 491520, 1, 0, 0
175200, 532480, 1, 0, 0
175300, 450560, 1, 0, 0
175400, 413737, 1, 0, 0
175500, 491520, 1, 0, 0
175600, 327680, 1, 0, 0
175700, 491520, 1, 0, 0
175800, 450560, 1, 0, 0
175900, 532480, 1, 0, 0
176000, 491520, 1, 0, 0
176100, 491520, 1, 0, 0
176200, 450560, 1, 0, 0
176300, 450560, 1, 0, 0
176400, 450560, 1, 0, 0
176500, 532480, 1, 0, 0
176600, 409600, 1, 0, 0
176700, 491520, 1, 0, 0
176800, 450560, 1, 0, 0
176900, 491520, 1, 0, 0
177000, 450560, 1, 0, 0
177100, 532480, 1, 0, 0
177200, 409600, 1, 0, 0
177300, 450560, 1, 0, 0
177400, 491520, 1, 0, 0
177500, 409600, 1, 0, 0
177600, 573440, 1, 0, 0
177700, 327680, 1, 0, 0
177800, 491520, 1, 0, 0
177900, 491520, 1, 0, 0
178000, 450560, 1, 0, 0
178100, 537858, 1, 0, 0
178200, 409600, 1, 0, 0
178300, 327680, 1, 0, 0
178400, 450560, 1, 0, 0
178500, 491520, 1, 0, 0
178600, 368640, 1, 0, 0
178700, 409600, 1, 0, 0
178800, 409600, 1, 0, 0
178900, 368640, 1, 0, 0
179000, 368640, 1, 0, 0
179100, 409600, 1, 0, 0
179200, 450560, 1, 0, 0
179300, 450560, 1, 0, 0
179400, 409600, 1, 0, 0
179500, 409600, 1, 0, 0
179600, 409600, 1, 0, 0
179700, 368640, 1, 0, 0
179800, 491520, 1, 0, 0
179900, 450560, 1, 0, 0
180000, 327680, 1, 0, 0
