108, 7675305, 1, 0, 0
214, 7470818, 1, 0, 0
319, 7474294, 1, 0, 0
425, 7466469, 1, 0, 0
505, 6057458, 1, 0, 0
603, 7465056, 1, 0, 0
702, 7565427, 1, 0, 0
800, 8069128, 1, 0, 0
901, 7677458, 1, 0, 0
1000, 7593315, 1, 0, 0
1102, 7748719, 1, 0, 0
1203, 7673827, 1, 0, 0
1301, 8901252, 1, 0, 0
1409, 8213406, 1, 0, 0
1508, 7557491, 1, 0, 0
1620, 7922059, 1, 0, 0
1704, 6411412, 1, 0, 0
1800, 7920196, 1, 0, 0
1904, 7925016, 1, 0, 0
2002, 8832706, 1, 0, 0
2108, 8742255, 1, 0, 0
2200, 7567169, 1, 0, 0
2303, 8551251, 1, 0, 0
2403, 7553532, 1, 0, 0
2514, 7920827, 1, 0, 0
2626, 7926068, 1, 0, 0
2703, 6275177, 1, 0, 0
2807, 7920082, 1, 0, 0
2900, 8399640, 1, 0, 0
3005, 9507527, 1, 0, 0
3100, 7818603, 1, 0, 0
3202, 7780157, 1, 0, 0
3309, 8211833, 1, 0, 0
3409, 7562847, 1, 0, 0
3521, 7915623, 1, 0, 0
3605, 6402618, 1, 0, 0
3701, 7920317, 1, 0, 0
3802, 8381172, 1, 0, 0
3903, 8352341, 1, 0, 0
4008, 8669762, 1, 0, 0
4100, 7572706, 1, 0, 0
4204, 8558631, 1, 0, 0
4303, 7563643, 1, 0, 0
4400, 7354843, 1, 0, 0
4502, 7806449, 1, 0, 0
4603, 8361217, 1, 0, 0
4703, 8998701, 1, 0, 0
4807, 8568647, 1, 0, 0
4913, 7534546, 1, 0, 0
5003, 8125687, 1, 0, 0
5105, 7733206, 1, 0, 0
5211, 7473969, 1, 0, 0
5325, 8057790, 1, 0, 0
5400, 6215624, 1, 0, 0
5502, 7803256, 1, 0, 0
5600, 8756552, 1, 0, 0
5700, 8329452, 1, 0, 0
5803, 8507344, 1, 0, 0
5914, 7814289, 1, 0, 0
6024, 7823845, 1, 0, 0
6117, 7027918, 1, 0, 0
6203, 7767930, 1, 0, 0
6308, 7480379, 1, 0, 0
6402, 7124291, 1, 0, 0
6508, 7472010, 1, 0, 0
6622, 8069461, 1, 0, 0
6702, 6636880, 1, 0, 0
6800, 8807165, 1, 0, 0
6938, 13699871, 1, 0, 0
7005, 7453216, 1, 0, 0
7104, 7494118, 1, 0, 0
7201, 8796463, 1, 0, 0
7303, 9166644, 1, 0, 0
7403, 7592436, 1, 0, 0
7516, 8655617, 1, 0, 0
7601, 7657660, 1, 0, 0
7710, 8332827, 1, 0, 0
7803, 7046539, 1, 0, 0
7917, 8071068, 1, 0, 0
8005, 6708328, 1, 0, 0
8100, 10474462, 1, 0, 0
8204, 9430138, 1, 0, 0
8302, 7432794, 1, 0, 0
8402, 9057365, 1, 0, 0
8512, 8341826, 1, 0, 0
8601, 7383763, 1, 0, 0
8702, 9062256, 1, 0, 0
8811, 10823409, 1, 0, 0
8915, 10292209, 1, 0, 0
9024, 8377256, 1, 0, 0
9107, 16545842, 1, 0, 0
9203, 7921211, 1, 0, 0
9318, 9433898, 1, 0, 0
9419, 7768564, 1, 0, 0
9500, 7201683, 1, 0, 0
9601, 12629207, 1, 0, 0
9702, 7648575, 1, 0, 0
9812, 9983000, 1, 0, 0
9913, 7678380, 1, 0, 0
10004, 7480182, 1, 0, 0
10100, 10698394, 1, 0, 0
10218, 9705296, 1, 0, 0
10306, 8743553, 1, 0, 0
10892, 117073896, 1, 0, 0
10911, 19249974, 1, 0, 0
11008, 8015534, 1, 0, 0
11102, 9302845, 1, 0, 0
11203, 7741848, 1, 0, 0
11300, 8012275, 1, 0, 0
11403, 10174449, 1, 0, 0
11515, 10156458, 1, 0, 0
11604, 8772040, 1, 0, 0
11705, 7711312, 1, 0, 0
11805, 7615184, 1, 0, 0
11902, 8778831, 1, 0, 0
12005, 11333525, 1, 0, 0
12106, 10029573, 1, 0, 0
12207, 7687308, 1, 0, 0
12323, 8852358, 1, 0, 0
12410, 9634661, 1, 0, 0
12502, 13080152, 1, 0, 0
12627, 9499901, 1, 0, 0
12703, 6882185, 1, 0, 0
12803, 11031106, 1, 0, 0
12901, 8867635, 1, 0, 0
13012, 9987057, 1, 0, 0
13127, 14257531, 1, 0, 0
13203, 7526591, 1, 0, 0
13317, 11405832, 1, 0, 0
13403, 10600338, 1, 0, 0
13505, 9219447, 1, 0, 0
13629, 8797675, 1, 0, 0
13707, 8550476, 1, 0, 0
13823, 8244232, 1, 0, 0
13900, 8490922, 1, 0, 0
14000, 9922449, 1, 0, 0
14127, 8965750, 1, 0, 0
14213, 9513982, 1, 0, 0
14301, 7900184, 1, 0, 0
14416, 10420608, 1, 0, 0
14505, 7951961, 1, 0, 0
14618, 8007472, 1, 0, 0
14700, 7371261, 1, 0, 0
14805, 8671117, 1, 0, 0
14901, 10645351, 1, 0, 0
15016, 8793496, 1, 0, 0
15108, 8251907, 1, 0, 0
15203, 7233461, 1, 0, 0
15306, 10245741, 1, 0, 0
15400, 7193563, 1, 0, 0
15512, 12335378, 1, 0, 0
15616, 9340122, 1, 0, 0
15700, 6941018, 1, 0, 0
15814, 10334998, 1, 0, 0
15901, 7145754, 1, 0, 0
16012, 11038444, 1, 0, 0
16117, 9430469, 1, 0, 0
16203, 8559107, 1, 0, 0
16322, 9093241, 1, 0, 0
16403, 6153056, 1, 0, 0
16508, 11598080, 1, 0, 0
16609, 9133551, 1, 0, 0
16704, 7209657, 1, 0, 0
16803, 16474386, 1, 0, 0
16926, 13540538, 1, 0, 0
17030, 11546505, 1, 0, 0
17104, 9170748, 1, 0, 0
17205, 9090585, 1, 0, 0
17301, 7910398, 1, 0, 0
17410, 9844309, 1, 0, 0
17502, 7039646, 1, 0, 0
17615, 12449153, 1, 0, 0
17721, 9578822, 1, 0, 0
17822, 11130300, 1, 0, 0
17901, 9766799, 1, 0, 0
18009, 9798112, 1, 0, 0
18100, 10025351, 1, 0, 0
18242, 10841518, 1, 0, 0
18306, 10623144, 1, 0, 0
18402, 10550410, 1, 0, 0
18501, 7528576, 1, 0, 0
18601, 12423353, 1, 0, 0
18700, 9846556, 1, 0, 0
18828, 11582116, 1, 0, 0
18900, 8875270, 1, 0, 0
19023, 11097299, 1, 0, 0
19123, 11082159, 1, 0, 0
19203, 9963126, 1, 0, 0
19309, 9518010, 1, 0, 0
19409, 11022770, 1, 0, 0
19503, 8519378, 1, 0, 0
19618, 10404341, 1, 0, 0
19720, 9169715, 1, 0, 0
19828, 11969957, 1, 0, 0
19903, 9223528, 1, 0, 0
20008, 9499372, 1, 0, 0
20103, 8580151, 1, 0, 0
20242, 11515699, 1, 0, 0
20303, 8553708, 1, 0, 0
20400, 13826127, 1, 0, 0
20533, 9400943, 1, 0, 0
20608, 9282657, 1, 0, 0
20717, 9908890, 1, 0, 0
20801, 9270671, 1, 0, 0
20916, 12713182, 1, 0, 0
21014, 9646065, 1, 0, 0
21111, 10711009, 1, 0, 0
21200, 8872933, 1, 0, 0
21304, 9332044, 1, 0, 0
21404, 9020023, 1, 0, 0
21525, 12032404, 1, 0, 0
21604, 9764116, 1, 0, 0
21710, 9646335, 1, 0, 0
21801, 8120873, 1, 0, 0
21936, 11232126, 1, 0, 0
22015, 9798544, 1, 0, 0
22100, 8445875, 1, 0, 0
22217, 11632814, 1, 0, 0
22302, 7655030, 1, 0, 0
22414, 10070857, 1, 0, 0
22514, 9009896, 1, 0, 0
22601, 8702891, 1, 0, 0
22726, 9488549, 1, 0, 0
22800, 8158774, 1, 0, 0
22918, 9005079, 1, 0, 0
23015, 8733720, 1, 0, 0
23101, 9561223, 1, 0, 0
23231, 9211487, 1, 0, 0
23302, 7791599, 1, 0, 0
23400, 8819910, 1, 0, 0
23522, 9290431, 1, 0, 0
23612, 9930344, 1, 0, 0
23724, 7897483, 1, 0, 0
23800, 9431089, 1, 0, 0
23903, 8522795, 1, 0, 0
24022, 9106868, 1, 0, 0
24106, 9203595, 1, 0, 0
24227, 8586821, 1, 0, 0
24304, 9533540, 1, 0, 0
24400, 8722724, 1, 0, 0
24504, 7873626, 1, 0, 0
24618, 11412985, 1, 0, 0
24703, 8363236, 1, 0, 0
24802, 8935689, 1, 0, 0
24928, 10402353, 1, 0, 0
25001, 8077693, 1, 0, 0
25130, 9151240, 1, 0, 0
25205, 9310095, 1, 0, 0
25301, 7881741, 1, 0, 0
25401, 12447718, 1, 0, 0
25518, 8283574, 1, 0, 0
25600, 9010109, 1, 0, 0
25720, 9229679, 1, 0, 0
25813, 8370629, 1, 0, 0
25900, 7815943, 1, 0, 0
26023, 10123556, 1, 0, 0
26101, 8691606, 1, 0, 0
26202, 9089956, 1, 0, 0
26325, 9348105, 1, 0, 0
26408, 9142529, 1, 0, 0
26500, 7613819, 1, 0, 0
26605, 10456688, 1, 0, 0
26709, 9339983, 1, 0, 0
26803, 8481130, 1, 0, 0
26925, 10096724, 1, 0, 0
27022, 12109434, 1, 0, 0
27102, 8774240, 1, 0, 0
27212, 9968708, 1, 0, 0
27303, 8122466, 1, 0, 0
27411, 9820069, 1, 0, 0
27519, 9687556, 1, 0, 0
27606, 9659196, 1, 0, 0
27720, 8048141, 1, 0, 0
27801, 8919741, 1, 0, 0
27901, 8279313, 1, 0, 0
28013, 9251393, 1, 0, 0
28103, 8906416, 1, 0, 0
28230, 9697948, 1, 0, 0
28300, 8627849, 1, 0, 0
28402, 8456885, 1, 0, 0
28500, 8859761, 1, 0, 0
28632, 11868266, 1, 0, 0
28703, 7856661, 1, 0, 0
28806, 10205277, 1, 0, 0
28931, 8861428, 1, 0, 0
29018, 9661435, 1, 0, 0
29102, 7510002, 1, 0, 0
29208, 9582066, 1, 0, 0
29315, 9657155, 1, 0, 0
29402, 7821903, 1, 0, 0
29522, 9904630, 1, 0, 0
29602, 7976825, 1, 0, 0
29703, 9095817, 1, 0, 0
29806, 14691334, 1, 0, 0
29904, 7429693, 1, 0, 0
30001, 9642435, 1, 0, 0
30100, 8976397, 1, 0, 0
30219, 9067985, 1, 0, 0
30306, 9541622, 1, 0, 0
30432, 8984314, 1, 0, 0
30505, 9009049, 1, 0, 0
30616, 10011362, 1, 0, 0
30704, 8702568, 1, 0, 0
30826, 9294710, 1, 0, 0
30901, 9316967, 1, 0, 0
31003, 8442620, 1, 0, 0
31115, 8568169, 1, 0, 0
31200, 7648520, 1, 0, 0
31310, 9105815, 1, 0, 0
31401, 6879671, 1, 0, 0
31511, 12164631, 1, 0, 0
31612, 9103244, 1, 0, 0
31701, 8896640, 1, 0, 0
31825, 9409899, 1, 0, 0
31901, 8391076, 1, 0, 0
32014, 11224744, 1, 0, 0
32103, 8819428, 1, 0, 0
32203, 20034733, 1, 0, 0
32302, 8875575, 1, 0, 0
32423, 10933115, 1, 0, 0
32502, 7865769, 1, 0, 0
32621, 9834740, 1, 0, 0
32718, 8766929, 1, 0, 0
32800, 9028011, 1, 0, 0
32923, 8684726, 1, 0, 0
33001, 8617850, 1, 0, 0
33117, 8868328, 1, 0, 0
33212, 8538614, 1, 0, 0
33302, 8957831, 1, 0, 0
33424, 9279283, 1, 0, 0
33503, 7150673, 1, 0, 0
33601, 12145266, 1, 0, 0
33726, 8864650, 1, 0, 0
33800, 8166953, 1, 0, 0
33923, 8694991, 1, 0, 0
34000, 7643250, 1, 0, 0
34100, 9951364, 1, 0, 0
34201, 12452767, 1, 0, 0
34323, 8677061, 1, 0, 0
34402, 7860863, 1, 0, 0
34520, 9698651, 1, 0, 0
34619, 8932500, 1, 0, 0
34706, 10884665, 1, 0, 0
34803, 9576897, 1, 0, 0
34901, 8825632, 1, 0, 0
35007, 13231818, 1, 0, 0
35113, 9551178, 1, 0, 0
35213, 9887498, 1, 0, 0
35301, 9765670, 1, 0, 0
35408, 8873701, 1, 0, 0
35514, 9540855, 1, 0, 0
35615, 9063142, 1, 0, 0
35714, 8986653, 1, 0, 0
35810, 10535354, 1, 0, 0
35917, 11844388, 1, 0, 0
36000, 8206978, 1, 0, 0
36101, 7679321, 1, 0, 0
36214, 11282127, 1, 0, 0
36318, 9385174, 1, 0, 0
36408, 8075159, 1, 0, 0
36513, 9478136, 1, 0, 0
36601, 9729134, 1, 0, 0
36705, 9395117, 1, 0, 0
36818, 10223654, 1, 0, 0
36901, 9088800, 1, 0, 0
37007, 9577863, 1, 0, 0
37105, 12205293, 1, 0, 0
37209, 9324755, 1, 0, 0
37302, 10265260, 1, 0, 0
37404, 9249639, 1, 0, 0
37501, 8728213, 1, 0, 0
37608, 9644829, 1, 0, 0
37705, 10771702, 1, 0, 0
37805, 8979520, 1, 0, 0
37914, 9823318, 1, 0, 0
38015, 9174286, 1, 0, 0
38101, 7691716, 1, 0, 0
38204, 11393251, 1, 0, 0
38303, 8172056, 1, 0, 0
38400, 8781650, 1, 0, 0
38500, 10961497, 1, 0, 0
38618, 9068814, 1, 0, 0
38729, 9996369, 1, 0, 0
38813, 10480310, 1, 0, 0
38907, 10307051, 1, 0, 0
39006, 8889383, 1, 0, 0
39107, 9147382, 1, 0, 0
39212, 9495089, 1, 0, 0
39302, 11181197, 1, 0, 0
39414, 9271137, 1, 0, 0
39510, 8649880, 1, 0, 0
39613, 9282104, 1, 0, 0
39703, 8140307, 1, 0, 0
39823, 9900412, 1, 0, 0
39902, 9856025, 1, 0, 0
40017, 10317143, 1, 0, 0
40103, 7088355, 1, 0, 0
40201, 10799296, 1, 0, 0
40307, 10572982, 1, 0, 0
40407, 8982172, 1, 0, 0
40986, 193136317, 1, 0, 0
41012, 12552158, 1, 0, 0
41105, 10308281, 1, 0, 0
41235, 9216221, 1, 0, 0
41303, 6698625, 1, 0, 0
41414, 11059043, 1, 0, 0
41516, 9187471, 1, 0, 0
41610, 8478232, 1, 0, 0
41733, 8735015, 1, 0, 0
41803, 8575299, 1, 0, 0
41904, 11235639, 1, 0, 0
42010, 9552646, 1, 0, 0
42117, 8115663, 1, 0, 0
42203, 12234692, 1, 0, 0
42312, 9839363, 1, 0, 0
42431, 10743256, 1, 0, 0
42502, 7840389, 1, 0, 0
42621, 10705642, 1, 0, 0
42703, 7358185, 1, 0, 0
42814, 10024815, 1, 0, 0
42902, 7297102, 1, 0, 0
43006, 12863516, 1, 0, 0
43124, 8390181, 1, 0, 0
43200, 8406909, 1, 0, 0
43335, 10289262, 1, 0, 0
43401, 6546007, 1, 0, 0
43514, 11222244, 1, 0, 0
43601, 6587720, 1, 0, 0
43715, 11303773, 1, 0, 0
43822, 8220994, 1, 0, 0
43903, 7209884, 1, 0, 0
44002, 12379964, 1, 0, 0
44107, 11615689, 1, 0, 0
44236, 9138008, 1, 0, 0
44301, 9131653, 1, 0, 0
44423, 9286668, 1, 0, 0
44501, 7772935, 1, 0, 0
44624, 10187433, 1, 0, 0
44702, 7026506, 1, 0, 0
44800, 12176600, 1, 0, 0
44902, 10097825, 1, 0, 0
45017, 8752341, 1, 0, 0
45100, 8262424, 1, 0, 0
45202, 7207978, 1, 0, 0
45300, 9723439, 1, 0, 0
45411, 7852255, 1, 0, 0
45532, 8557692, 1, 0, 0
45600, 7575160, 1, 0, 0
45726, 9630076, 1, 0, 0
45801, 9236461, 1, 0, 0
45913, 9282985, 1, 0, 0
46003, 6798721, 1, 0, 0
46102, 10943351, 1, 0, 0
46214, 7929227, 1, 0, 0
46320, 7514984, 1, 0, 0
46401, 6630428, 1, 0, 0
46501, 10012517, 1, 0, 0
46605, 8582493, 1, 0, 0
46745, 19954188, 1, 0, 0
46806, 8643131, 1, 0, 0
46940, 9456911, 1, 0, 0
47019, 9854467, 1, 0, 0
47102, 6291434, 1, 0, 0
47201, 10957746, 1, 0, 0
47307, 8764292, 1, 0, 0
47425, 8351822, 1, 0, 0
47500, 7421744, 1, 0, 0
47607, 8781458, 1, 0, 0
47724, 8314884, 1, 0, 0
47801, 6973551, 1, 0, 0
47906, 11573132, 1, 0, 0
48027, 8527900, 1, 0, 0
48101, 6643519, 1, 0, 0
48205, 9451390, 1, 0, 0
48327, 8592327, 1, 0, 0
48401, 6697365, 1, 0, 0
48500, 10917727, 1, 0, 0
48623, 8756639, 1, 0, 0
48700, 8382701, 1, 0, 0
48816, 8850068, 1, 0, 0
48921, 8051736, 1, 0, 0
49004, 8179497, 1, 0, 0
49121, 10614482, 1, 0, 0
49201, 8811521, 1, 0, 0
49315, 8708478, 1, 0, 0
49428, 7987106, 1, 0, 0
49503, 6154151, 1, 0, 0
49600, 10757938, 1, 0, 0
49720, 9134340, 1, 0, 0
49802, 8125410, 1, 0, 0
49914, 9301159, 1, 0, 0
50035, 8511147, 1, 0, 0
50101, 6543051, 1, 0, 0
50203, 8465450, 1, 0, 0
50316, 9355693, 1, 0, 0
50401, 6963540, 1, 0, 0
50507, 10507193, 1, 0, 0
50601, 7798796, 1, 0, 0
50702, 11107209, 1, 0, 0
50819, 8951019, 1, 0, 0
50900, 7226333, 1, 0, 0
51009, 9829316, 1, 0, 0
51130, 8603392, 1, 0, 0
51201, 6970467, 1, 0, 0
51303, 9280564, 1, 0, 0
51418, 8769666, 1, 0, 0
51503, 6964621, 1, 0, 0
51608, 10396709, 1, 0, 0
51716, 7662151, 1, 0, 0
51801, 6452491, 1, 0, 0
51904, 8575401, 1, 0, 0
52001, 9564847, 1, 0, 0
52110, 8311065, 1, 0, 0
52200, 8105483, 1, 0, 0
52304, 9423515, 1, 0, 0
52407, 7880615, 1, 0, 0
52503, 8610205, 1, 0, 0
52606, 10239555, 1, 0, 0
52703, 7351164, 1, 0, 0
52802, 9895657, 1, 0, 0
52921, 9099061, 1, 0, 0
53003, 7313192, 1, 0, 0
53107, 11478514, 1, 0, 0
53233, 8968445, 1, 0, 0
53310, 9575168, 1, 0, 0
53417, 8147429, 1, 0, 0
53503, 8485480, 1, 0, 0
53607, 9364998, 1, 0, 0
53702, 7234192, 1, 0, 0
53806, 11492066, 1, 0, 0
53901, 9493040, 1, 0, 0
54003, 10119304, 1, 0, 0
54133, 9169525, 1, 0, 0
54201, 7504280, 1, 0, 0
54316, 8798110, 1, 0, 0
54404, 7270099, 1, 0, 0
54511, 13254367, 1, 0, 0
54600, 6786686, 1, 0, 0
54703, 11357079, 1, 0, 0
54828, 8833489, 1, 0, 0
54901, 6627291, 1, 0, 0
55010, 11992352, 1, 0, 0
55102, 7027599, 1, 0, 0
55218, 12804050, 1, 0, 0
55300, 6236992, 1, 0, 0
55401, 12556256, 1, 0, 0
55525, 9443059, 1, 0, 0
55601, 8317766, 1, 0, 0
55727, 9671672, 1, 0, 0
55801, 7302917, 1, 0, 0
55903, 10122931, 1, 0, 0
56033, 9213412, 1, 0, 0
56101, 8390234, 1, 0, 0
56233, 9314306, 1, 0, 0
56303, 7708281, 1, 0, 0
56419, 10493344, 1, 0, 0
56503, 6921080, 1, 0, 0
56611, 10723416, 1, 0, 0
56740, 9142812, 1, 0, 0
56801, 10046315, 1, 0, 0
56941, 9936472, 1, 0, 0
57023, 10211568, 1, 0, 0
57101, 6388096, 1, 0, 0
57200, 12328768, 1, 0, 0
57323, 8708158, 1, 0, 0
57400, 7616933, 1, 0, 0
57518, 9791760, 1, 0, 0
57600, 7323557, 1, 0, 0
57705, 11653117, 1, 0, 0
57833, 9026530, 1, 0, 0
57902, 8588944, 1, 0, 0
58018, 8222595, 1, 0, 0
58100, 6743035, 1, 0, 0
58201, 11161923, 1, 0, 0
58318, 8953115, 1, 0, 0
58401, 6771732, 1, 0, 0
58503, 10147041, 1, 0, 0
58626, 8760153, 1, 0, 0
58703, 6877942, 1, 0, 0
58800, 8737826, 1, 0, 0
58908, 8905433, 1, 0, 0
59028, 8494811, 1, 0, 0
59100, 7910451, 1, 0, 0
59219, 9093026, 1, 0, 0
59321, 7779610, 1, 0, 0
59401, 9865231, 1, 0, 0
59501, 11032697, 1, 0, 0
59606, 8695329, 1, 0, 0
59726, 8481059, 1, 0, 0
59803, 5841952, 1, 0, 0
59900, 10753485, 1, 0, 0
60016, 9551205, 1, 0, 0
60100, 6964483, 1, 0, 0
60207, 10582320, 1, 0, 0
60330, 8743436, 1, 0, 0
60402, 7850536, 1, 0, 0
60517, 10453743, 1, 0, 0
60602, 6984873, 1, 0, 0
60701, 9772883, 1, 0, 0
60805, 7947931, 1, 0, 0
60900, 7814022, 1, 0, 0
61003, 10244669, 1, 0, 0
61119, 8825524, 1, 0, 0
61201, 6742229, 1, 0, 0
61303, 10117833, 1, 0, 0
61422, 8447147, 1, 0, 0
61504, 6773507, 1, 0, 0
61602, 9735358, 1, 0, 0
61709, 8834695, 1, 0, 0
61825, 8181263, 1, 0, 0
61901, 7559476, 1, 0, 0
62010, 9041488, 1, 0, 0
62130, 8468582, 1, 0, 0
62203, 6605371, 1, 0, 0
62300, 10668620, 1, 0, 0
62421, 8569694, 1, 0, 0
62502, 6669067, 1, 0, 0
62606, 10325772, 1, 0, 0
62728, 8589189, 1, 0, 0
62800, 6504191, 1, 0, 0
62904, 10282950, 1, 0, 0
63017, 8655645, 1, 0, 0
63101, 6888481, 1, 0, 0
63202, 10111161, 1, 0, 0
63320, 8349002, 1, 0, 0
63401, 6104686, 1, 0, 0
63502, 10037167, 1, 0, 0
63614, 10112216, 1, 0, 0
63701, 6624336, 1, 0, 0
63803, 8446851, 1, 0, 0
63911, 9675583, 1, 0, 0
64030, 8428636, 1, 0, 0
64103, 6628204, 1, 0, 0
64202, 10866472, 1, 0, 0
64321, 8448063, 1, 0, 0
64400, 7063126, 1, 0, 0
64507, 9647139, 1, 0, 0
64619, 8525580, 1, 0, 0
64703, 7536795, 1, 0, 0
64808, 10475245, 1, 0, 0
64928, 8492798, 1, 0, 0
65000, 7927332, 1, 0, 0
65116, 8810931, 1, 0, 0
65201, 6483560, 1, 0, 0
65302, 11130586, 1, 0, 0
65418, 9584500, 1, 0, 0
65503, 6501596, 1, 0, 0
65603, 11047022, 1, 0, 0
65721, 8336721, 1, 0, 0
65828, 7556384, 1, 0, 0
65903, 6738749, 1, 0, 0
66031, 14120042, 1, 0, 0
66102, 7848552, 1, 0, 0
66219, 8948350, 1, 0, 0
66331, 7893140, 1, 0, 0
66403, 7160884, 1, 0, 0
66509, 10497689, 1, 0, 0
66624, 8154926, 1, 0, 0
66701, 6925965, 1, 0, 0
66811, 9848710, 1, 0, 0
66902, 6964244, 1, 0, 0
67023, 17110799, 1, 0, 0
67104, 8036248, 1, 0, 0
67208, 8615475, 1, 0, 0
67330, 8656465, 1, 0, 0
67404, 6015558, 1, 0, 0
67501, 10797744, 1, 0, 0
67620, 9016509, 1, 0, 0
67703, 6890811, 1, 0, 0
67809, 10502650, 1, 0, 0
67900, 8135463, 1, 0, 0
68000, 11080349, 1, 0, 0
68122, 8605109, 1, 0, 0
68202, 7240229, 1, 0, 0
68311, 9801942, 1, 0, 0
68432, 8560836, 1, 0, 0
68503, 7024134, 1, 0, 0
68608, 10487386, 1, 0, 0
68701, 7659763, 1, 0, 0
68803, 10111342, 1, 0, 0
68921, 8367459, 1, 0, 0
69000, 6483276, 1, 0, 0
69103, 11359071, 1, 0, 0
69221, 9047767, 1, 0, 0
69303, 8100264, 1, 0, 0
69421, 9781224, 1, 0, 0
69502, 6630479, 1, 0, 0
69601, 10911745, 1, 0, 0
69723, 9341800, 1, 0, 0
69801, 7741810, 1, 0, 0
69922, 9957299, 1, 0, 0
70001, 6552574, 1, 0, 0
70100, 12213426, 1, 0, 0
70222, 8630230, 1, 0, 0
70301, 7152493, 1, 0, 0
70413, 10123810, 1, 0, 0
70998, 64922780, 1, 0, 0
71015, 16144230, 1, 0, 0
71119, 10388149, 1, 0, 0
71202, 6842743, 1, 0, 0
71307, 10424489, 1, 0, 0
71433, 8897499, 1, 0, 0
71500, 8335138, 1, 0, 0
71613, 9256455, 1, 0, 0
71703, 6864391, 1, 0, 0
71807, 11551645, 1, 0, 0
71927, 8466015, 1, 0, 0
72000, 7213809, 1, 0, 0
72101, 10037692, 1, 0, 0
72219, 8380239, 1, 0, 0
72302, 7451551, 1, 0, 0
72417, 10316133, 1, 0, 0
72500, 6835255, 1, 0, 0
72603, 12874663, 1, 0, 0
72718, 8149488, 1, 0, 0
72803, 7599208, 1, 0, 0
72900, 8778606, 1, 0, 0
73005, 7966414, 1, 0, 0
73100, 7267762, 1, 0, 0
73207, 13191477, 1, 0, 0
73329, 8687017, 1, 0, 0
73400, 7727410, 1, 0, 0
73509, 8343022, 1, 0, 0
73609, 7572081, 1, 0, 0
73700, 7506990, 1, 0, 0
73800, 9967596, 1, 0, 0
73917, 8947635, 1, 0, 0
74002, 7006373, 1, 0, 0
74103, 10032462, 1, 0, 0
74203, 7590612, 1, 0, 0
74303, 9916463, 1, 0, 0
74405, 9182220, 1, 0, 0
74527, 8660334, 1, 0, 0
74603, 6224464, 1, 0, 0
74705, 10130155, 1, 0, 0
74821, 8219154, 1, 0, 0
74902, 6201431, 1, 0, 0
75003, 12527451, 1, 0, 0
75119, 8817582, 1, 0, 0
75224, 7443828, 1, 0, 0
75303, 5992201, 1, 0, 0
75403, 8234767, 1, 0, 0
75502, 8924546, 1, 0, 0
75622, 8550744, 1, 0, 0
75700, 7724946, 1, 0, 0
75803, 10208680, 1, 0, 0
75917, 8014485, 1, 0, 0
76000, 7490723, 1, 0, 0
76105, 9510976, 1, 0, 0
76229, 8746941, 1, 0, 0
76300, 7073271, 1, 0, 0
76400, 9002383, 1, 0, 0
76516, 8839678, 1, 0, 0
76602, 6528402, 1, 0, 0
76702, 9974630, 1, 0, 0
76819, 8944974, 1, 0, 0
76929, 8402190, 1, 0, 0
77016, 12218453, 1, 0, 0
77102, 7745708, 1, 0, 0
77215, 10284531, 1, 0, 0
77332, 8281523, 1, 0, 0
77401, 7600701, 1, 0, 0
77515, 10237129, 1, 0, 0
77603, 6702517, 1, 0, 0
77700, 10725096, 1, 0, 0
77822, 8658931, 1, 0, 0
77900, 7027596, 1, 0, 0
78008, 11927260, 1, 0, 0
78134, 8902671, 1, 0, 0
78204, 7670525, 1, 0, 0
78300, 7967658, 1, 0, 0
78403, 7244533, 1, 0, 0
78501, 13920858, 1, 0, 0
78632, 9340100, 1, 0, 0
78703, 7025828, 1, 0, 0
78819, 9548951, 1, 0, 0
78903, 6950920, 1, 0, 0
79003, 12355361, 1, 0, 0
79124, 8603514, 1, 0, 0
79202, 7678739, 1, 0, 0
79316, 9505025, 1, 0, 0
79417, 7658599, 1, 0, 0
79501, 10371947, 1, 0, 0
79621, 9184627, 1, 0, 0
79701, 8863166, 1, 0, 0
79809, 8251097, 1, 0, 0
79900, 6862326, 1, 0, 0
80000, 9921203, 1, 0, 0
80111, 10070962, 1, 0, 0
80200, 7999034, 1, 0, 0
80310, 9919521, 1, 0, 0
80430, 8497245, 1, 0, 0
80502, 7117807, 1, 0, 0
80611, 10853007, 1, 0, 0
80701, 6873754, 1, 0, 0
80806, 11539314, 1, 0, 0
80928, 8649636, 1, 0, 0
81002, 7348840, 1, 0, 0
81110, 10726200, 1, 0, 0
81200, 6817332, 1, 0, 0
81302, 8464731, 1, 0, 0
81404, 9198715, 1, 0, 0
81536, 9302559, 1, 0, 0
81600, 5819524, 1, 0, 0
81701, 11154472, 1, 0, 0
81818, 8296138, 1, 0, 0
81949, 9235330, 1, 0, 0
82005, 7014390, 1, 0, 0
82119, 8044543, 1, 0, 0
82201, 6221508, 1, 0, 0
82300, 9894734, 1, 0, 0
82405, 9470061, 1, 0, 0
82528, 8702948, 1, 0, 0
82603, 7443290, 1, 0, 0
82712, 8951328, 1, 0, 0
82832, 8535350, 1, 0, 0
82903, 7806216, 1, 0, 0
83000, 7966284, 1, 0, 0
83113, 8614153, 1, 0, 0
83203, 7397146, 1, 0, 0
83305, 10181490, 1, 0, 0
83418, 7967552, 1, 0, 0
83504, 6507375, 1, 0, 0
83601, 8818118, 1, 0, 0
83702, 9963438, 1, 0, 0
83807, 7422841, 1, 0, 0
83924, 8316876, 1, 0, 0
84002, 7662101, 1, 0, 0
84115, 9371753, 1, 0, 0
84205, 6812066, 1, 0, 0
84303, 8921624, 1, 0, 0
84406, 10132874, 1, 0, 0
84501, 7891812, 1, 0, 0
84600, 8908913, 1, 0, 0
84700, 8954710, 1, 0, 0
84807, 8911667, 1, 0, 0
84906, 8910425, 1, 0, 0
85005, 8916618, 1, 0, 0
85106, 9947286, 1, 0, 0
85204, 8088038, 1, 0, 0
85303, 8906607, 1, 0, 0
85410, 9727402, 1, 0, 0
85500, 8091653, 1, 0, 0
85604, 9310819, 1, 0, 0
85708, 8596693, 1, 0, 0
85807, 8919453, 1, 0, 0
85909, 9197390, 1, 0, 0
86004, 8634804, 1, 0, 0
86103, 8919457, 1, 0, 0
86203, 8969109, 1, 0, 0
86302, 8914767, 1, 0, 0
86401, 8910204, 1, 0, 0
86508, 8919963, 1, 0, 0
86607, 8918918, 1, 0, 0
86707, 8964172, 1, 0, 0
86806, 8913193, 1, 0, 0
86905, 8919917, 1, 0, 0
87002, 10723809, 1, 0, 0
87102, 7662738, 1, 0, 0
87202, 8961023, 1, 0, 0
87300, 9748336, 1, 0, 0
87400, 8223343, 1, 0, 0
87502, 9201892, 1, 0, 0
87606, 8647070, 1, 0, 0
87706, 8960490, 1, 0, 0
87802, 9589811, 1, 0, 0
87904, 8356637, 1, 0, 0
88000, 9564611, 1, 0, 0
88102, 8393848, 1, 0, 0
88201, 8946003, 1, 0, 0
88303, 9211261, 1, 0, 0
88426, 8714956, 1, 0, 0
88503, 7628276, 1, 0, 0
88610, 8862069, 1, 0, 0
88731, 8506058, 1, 0, 0
88801, 7793564, 1, 0, 0
88912, 10000422, 1, 0, 0
89030, 8348779, 1, 0, 0
89103, 6570251, 1, 0, 0
89225, 11036901, 1, 0, 0
89300, 7377581, 1, 0, 0
89401, 9992671, 1, 0, 0
89526, 8843190, 1, 0, 0
89602, 8409754, 1, 0, 0
89713, 8470800, 1, 0, 0
89800, 6580906, 1, 0, 0
89902, 11326341, 1, 0, 0
90022, 9870420, 1, 0, 0
90103, 6200875, 1, 0, 0
90208, 11515816, 1, 0, 0
90331, 8759139, 1, 0, 0
90403, 7827618, 1, 0, 0
90515, 10118317, 1, 0, 0
90604, 7323678, 1, 0, 0
90709, 10491970, 1, 0, 0
90831, 8589047, 1, 0, 0
90900, 6828379, 1, 0, 0
91013, 11244961, 1, 0, 0
91103, 7418083, 1, 0, 0
91210, 10625421, 1, 0, 0
91341, 9277522, 1, 0, 0
91403, 6140718, 1, 0, 0
91502, 9862136, 1, 0, 0
91628, 8888742, 1, 0, 0
91703, 8315272, 1, 0, 0
91824, 9165144, 1, 0, 0
91903, 7094948, 1, 0, 0
92003, 9059848, 1, 0, 0
92115, 9248168, 1, 0, 0
92200, 7046417, 1, 0, 0
92309, 10756228, 1, 0, 0
92402, 7100369, 1, 0, 0
92506, 11527374, 1, 0, 0
92604, 6034613, 1, 0, 0
92706, 8375036, 1, 0, 0
92802, 8708387, 1, 0, 0
92902, 9853451, 1, 0, 0
93016, 8691050, 1, 0, 0
93114, 7448823, 1, 0, 0
93223, 7764817, 1, 0, 0
93302, 9780409, 1, 0, 0
93400, 8844078, 1, 0, 0
93501, 9092843, 1, 0, 0
93611, 8378404, 1, 0, 0
93725, 8028955, 1, 0, 0
93821, 7338037, 1, 0, 0
93905, 6879703, 1, 0, 0
94007, 8455422, 1, 0, 0
94100, 9173725, 1, 0, 0
94201, 10024821, 1, 0, 0
94315, 8684837, 1, 0, 0
94411, 7345253, 1, 0, 0
94503, 6948216, 1, 0, 0
94600, 13824080, 1, 0, 0
94702, 7803294, 1, 0, 0
94804, 9131848, 1, 0, 0
94913, 8338564, 1, 0, 0
95010, 7343585, 1, 0, 0
95101, 6956539, 1, 0, 0
95203, 8450745, 1, 0, 0
95305, 8428193, 1, 0, 0
95403, 8786042, 1, 0, 0
95503, 11055087, 1, 0, 0
95617, 8077851, 1, 0, 0
95709, 7012050, 1, 0, 0
95836, 8960951, 1, 0, 0
95903, 6060654, 1, 0, 0
96005, 8410326, 1, 0, 0
96101, 9524831, 1, 0, 0
96202, 10033750, 1, 0, 0
96321, 8424927, 1, 0, 0
96417, 7278198, 1, 0, 0
96500, 6882736, 1, 0, 0
96603, 8467418, 1, 0, 0
96700, 7981397, 1, 0, 0
96801, 9111589, 1, 0, 0
96913, 11204293, 1, 0, 0
97006, 7018920, 1, 0, 0
97104, 9735783, 1, 0, 0
97205, 7689713, 1, 0, 0
97301, 8722122, 1, 0, 0
97400, 9762985, 1, 0, 0
97510, 8372703, 1, 0, 0
97603, 7093446, 1, 0, 0
97717, 8094661, 1, 0, 0
97806, 6729129, 1, 0, 0
97902, 13618310, 1, 0, 0
98001, 7559947, 1, 0, 0
98103, 9179953, 1, 0, 0
98214, 8456008, 1, 0, 0
98306, 7045501, 1, 0, 0
98421, 8083990, 1, 0, 0
98503, 6774048, 1, 0, 0
98604, 8372077, 1, 0, 0
98700, 7926695, 1, 0, 0
98802, 9177925, 1, 0, 0
98900, 9731501, 1, 0, 0
99014, 8038005, 1, 0, 0
99107, 7103797, 1, 0, 0
99222, 8094347, 1, 0, 0
99303, 6686131, 1, 0, 0
99404, 8351970, 1, 0, 0
99502, 8054097, 1, 0, 0
99603, 9119265, 1, 0, 0
99703, 9012981, 1, 0, 0
99815, 8603835, 1, 0, 0
99908, 7054426, 1, 0, 0
100023, 8098884, 1, 0, 0
100104, 6688911, 1, 0, 0
100203, 8175648, 1, 0, 0
100303, 8238127, 1, 0, 0
100400, 9688651, 1, 0, 0
100502, 9135200, 1, 0, 0
100922, 46610675, 1, 0, 0
101010, 14558816, 1, 0, 0
101133, 9408556, 1, 0, 0
101202, 6807339, 1, 0, 0
101301, 8176135, 1, 0, 0
101400, 7006643, 1, 0, 0
101501, 9149171, 1, 0, 0
101603, 9161092, 1, 0, 0
101709, 8774896, 1, 0, 0
101828, 8424306, 1, 0, 0
101900, 7150406, 1, 0, 0
102023, 9364301, 1, 0, 0
102103, 6097757, 1, 0, 0
102200, 8742994, 1, 0, 0
102302, 9249437, 1, 0, 0
102422, 9864795, 1, 0, 0
102501, 6550722, 1, 0, 0
102605, 9339322, 1, 0, 0
102720, 8140256, 1, 0, 0
102835, 8140472, 1, 0, 0
102908, 12165343, 1, 0, 0
103000, 6449112, 1, 0, 0
103102, 9247307, 1, 0, 0
103201, 7009349, 1, 0, 0
103306, 10431996, 1, 0, 0
103401, 7838531, 1, 0, 0
103500, 8915807, 1, 0, 0
103614, 10278469, 1, 0, 0
103702, 7230757, 1, 0, 0
103806, 9436455, 1, 0, 0
103922, 8231007, 1, 0, 0
104021, 7523661, 1, 0, 0
104103, 9034935, 1, 0, 0
104206, 9324268, 1, 0, 0
104326, 8452633, 1, 0, 0
104403, 6920970, 1, 0, 0
104514, 9219987, 1, 0, 0
104601, 6579201, 1, 0, 0
104703, 9249077, 1, 0, 0
104800, 10647414, 1, 0, 0
104920, 8513292, 1, 0, 0
105000, 7938688, 1, 0, 0
105107, 8198670, 1, 0, 0
105228, 8513579, 1, 0, 0
105305, 6336472, 1, 0, 0
105400, 11888029, 1, 0, 0
105515, 8779617, 1, 0, 0
105601, 7048052, 1, 0, 0
105700, 8931124, 1, 0, 0
105821, 8559026, 1, 0, 0
105900, 6559890, 1, 0, 0
106000, 11049798, 1, 0, 0
106103, 8473145, 1, 0, 0
106223, 8487851, 1, 0, 0
106304, 7287034, 1, 0, 0
106413, 9055156, 1, 0, 0
106503, 6865012, 1, 0, 0
106602, 8168624, 1, 0, 0
106700, 10775942, 1, 0, 0
106820, 9182987, 1, 0, 0
106903, 7416715, 1, 0, 0
107015, 9264261, 1, 0, 0
107101, 14285622, 1, 0, 0
107214, 8619155, 1, 0, 0
107301, 7176815, 1, 0, 0
107411, 9903393, 1, 0, 0
107529, 8366574, 1, 0, 0
107601, 6481858, 1, 0, 0
107702, 9078201, 1, 0, 0
107809, 9688384, 1, 0, 0
107902, 7135863, 1, 0, 0
108004, 10059139, 1, 0, 0
108124, 8511056, 1, 0, 0
108203, 6474144, 1, 0, 0
108303, 9997083, 1, 0, 0
108410, 9628378, 1, 0, 0
108529, 8409231, 1, 0, 0
108600, 7880181, 1, 0, 0
108718, 8330684, 1, 0, 0
108801, 6348982, 1, 0, 0
108901, 8941584, 1, 0, 0
109000, 8230033, 1, 0, 0
109105, 9442083, 1, 0, 0
109222, 8282405, 1, 0, 0
109303, 6714715, 1, 0, 0
109401, 8837020, 1, 0, 0
109501, 8261087, 1, 0, 0
109600, 7515929, 1, 0, 0
109704, 10291151, 1, 0, 0
109802, 8156317, 1, 0, 0
109916, 8047639, 1, 0, 0
110002, 7063050, 1, 0, 0
110100, 8892579, 1, 0, 0
110219, 8425491, 1, 0, 0
110318, 7536844, 1, 0, 0
110403, 8447337, 1, 0, 0
110505, 10130633, 1, 0, 0
110602, 8691965, 1, 0, 0
110705, 8546900, 1, 0, 0
110824, 8405720, 1, 0, 0
110900, 5803568, 1, 0, 0
111000, 7596820, 1, 0, 0
111103, 10221173, 1, 0, 0
111201, 8857428, 1, 0, 0
111322, 8566585, 1, 0, 0
111400, 7700379, 1, 0, 0
111510, 8408066, 1, 0, 0
111627, 8243354, 1, 0, 0
111703, 6312948, 1, 0, 0
111802, 12286294, 1, 0, 0
111903, 8328986, 1, 0, 0
112015, 11155240, 1, 0, 0
112122, 8172528, 1, 0, 0
112206, 13829555, 1, 0, 0
112300, 8472009, 1, 0, 0
112423, 10217473, 1, 0, 0
112501, 6369683, 1, 0, 0
112603, 8456892, 1, 0, 0
112701, 12159392, 1, 0, 0
112801, 9943371, 1, 0, 0
112909, 8228356, 1, 0, 0
113003, 10399186, 1, 0, 0
113115, 10042145, 1, 0, 0
113212, 10770040, 1, 0, 0
113323, 8468886, 1, 0, 0
113401, 7016352, 1, 0, 0
113517, 12760570, 1, 0, 0
113600, 8286696, 1, 0, 0
113705, 8609081, 1, 0, 0
113804, 8234836, 1, 0, 0
113902, 10844605, 1, 0, 0
114003, 11124549, 1, 0, 0
114115, 8549972, 1, 0, 0
114224, 8263738, 1, 0, 0
114308, 13928610, 1, 0, 0
114402, 7194800, 1, 0, 0
114526, 12335867, 1, 0, 0
114603, 6322702, 1, 0, 0
114702, 10917945, 1, 0, 0
114811, 8972510, 1, 0, 0
114903, 8314412, 1, 0, 0
115002, 8927119, 1, 0, 0
115102, 8276836, 1, 0, 0
115203, 12491664, 1, 0, 0
115301, 9752772, 1, 0, 0
115408, 8828345, 1, 0, 0
115500, 7014827, 1, 0, 0
115619, 16980694, 1, 0, 0
115703, 9155014, 1, 0, 0
115841, 9801611, 1, 0, 0
115900, 6505633, 1, 0, 0
116007, 10621475, 1, 0, 0
116124, 8305334, 1, 0, 0
116200, 8361920, 1, 0, 0
116322, 8615752, 1, 0, 0
116407, 6490704, 1, 0, 0
116503, 10528719, 1, 0, 0
116617, 10365432, 1, 0, 0
116716, 7500657, 1, 0, 0
116814, 9741429, 1, 0, 0
116929, 8145757, 1, 0, 0
117001, 7127289, 1, 0, 0
117115, 12626008, 1, 0, 0
117200, 7639195, 1, 0, 0
117315, 9499508, 1, 0, 0
117417, 7754956, 1, 0, 0
117501, 9240347, 1, 0, 0
117604, 9375145, 1, 0, 0
117719, 8097572, 1, 0, 0
117804, 6992217, 1, 0, 0
117915, 10019755, 1, 0, 0
118016, 7727729, 1, 0, 0
118100, 7564669, 1, 0, 0
118201, 9996642, 1, 0, 0
118309, 8269115, 1, 0, 0
118422, 8001935, 1, 0, 0
118500, 7722298, 1, 0, 0
118612, 8501023, 1, 0, 0
118705, 7084622, 1, 0, 0
118805, 7097413, 1, 0, 0
118900, 10429485, 1, 0, 0
119009, 9801076, 1, 0, 0
119118, 7720812, 1, 0, 0
119203, 7653331, 1, 0, 0
119309, 8756385, 1, 0, 0
119403, 7157872, 1, 0, 0
119500, 7394357, 1, 0, 0
119603, 9335118, 1, 0, 0
119704, 9993800, 1, 0, 0
119817, 8005434, 1, 0, 0
119901, 8318606, 1, 0, 0
120023, 9303418, 1, 0, 0
120139, 8210241, 1, 0, 0
120202, 6910105, 1, 0, 0
120303, 10035823, 1, 0, 0
120424, 8582811, 1, 0, 0
120501, 8475903, 1, 0, 0
120617, 8176438, 1, 0, 0
120720, 7875025, 1, 0, 0
120802, 6795419, 1, 0, 0
120902, 10948428, 1, 0, 0
121015, 8675400, 1, 0, 0
121103, 7205480, 1, 0, 0
121205, 9255056, 1, 0, 0
121308, 7846504, 1, 0, 0
121424, 8202590, 1, 0, 0
121501, 7639887, 1, 0, 0
121605, 10309690, 1, 0, 0
121723, 8348962, 1, 0, 0
121802, 8716822, 1, 0, 0
121917, 8193234, 1, 0, 0
122020, 7855917, 1, 0, 0
122100, 8793190, 1, 0, 0
122203, 8452489, 1, 0, 0
122318, 8805186, 1, 0, 0
122408, 6891384, 1, 0, 0
122506, 9708210, 1, 0, 0
122623, 8286107, 1, 0, 0
122724, 7701627, 1, 0, 0
122801, 6882632, 1, 0, 0
122908, 11803875, 1, 0, 0
123003, 7237983, 1, 0, 0
123105, 10108448, 1, 0, 0
123215, 7786262, 1, 0, 0
123313, 7467312, 1, 0, 0
123402, 7360937, 1, 0, 0
123501, 10991836, 1, 0, 0
123600, 8116979, 1, 0, 0
123704, 8587510, 1, 0, 0
123809, 8718744, 1, 0, 0
123923, 8095318, 1, 0, 0
124000, 5782769, 1, 0, 0
124103, 9341622, 1, 0, 0
124202, 10888439, 1, 0, 0
124313, 7856808, 1, 0, 0
124400, 7173188, 1, 0, 0
124501, 9138909, 1, 0, 0
124615, 8065352, 1, 0, 0
124716, 7714651, 1, 0, 0
124804, 7846311, 1, 0, 0
124903, 8928001, 1, 0, 0
125015, 9280572, 1, 0, 0
125103, 6683402, 1, 0, 0
125211, 10800437, 1, 0, 0
125319, 8233774, 1, 0, 0
125401, 7362598, 1, 0, 0
125502, 11151683, 1, 0, 0
125603, 11162166, 1, 0, 0
125716, 7976664, 1, 0, 0
125817, 7709815, 1, 0, 0
125901, 7585942, 1, 0, 0
126003, 9213203, 1, 0, 0
126108, 8687228, 1, 0, 0
126221, 7961370, 1, 0, 0
126300, 7852106, 1, 0, 0
126416, 8861420, 1, 0, 0
126531, 8087991, 1, 0, 0
126601, 6987513, 1, 0, 0
126704, 10171896, 1, 0, 0
126805, 7761737, 1, 0, 0
126922, 8220573, 1, 0, 0
127001, 7846744, 1, 0, 0
127117, 8864621, 1, 0, 0
127231, 8095730, 1, 0, 0
127303, 5894393, 1, 0, 0
127404, 8324918, 1, 0, 0
127502, 9788878, 1, 0, 0
127609, 8141237, 1, 0, 0
127700, 10052195, 1, 0, 0
127802, 7764682, 1, 0, 0
127922, 8524902, 1, 0, 0
128002, 7848419, 1, 0, 0
128108, 10558700, 1, 0, 0
128222, 8095276, 1, 0, 0
128301, 7795756, 1, 0, 0
128416, 8768579, 1, 0, 0
128500, 6356813, 1, 0, 0
128601, 8372665, 1, 0, 0
128704, 12852589, 1, 0, 0
128801, 7384305, 1, 0, 0
128913, 11108968, 1, 0, 0
129000, 7134847, 1, 0, 0
129100, 9970403, 1, 0, 0
129207, 9704676, 1, 0, 0
129321, 8015898, 1, 0, 0
129404, 9206340, 1, 0, 0
129509, 7973417, 1, 0, 0
129600, 8231758, 1, 0, 0
129707, 11847918, 1, 0, 0
129800, 7608415, 1, 0, 0
129904, 9424987, 1, 0, 0
130020, 8217228, 1, 0, 0
130118, 7449292, 1, 0, 0
130203, 8433419, 1, 0, 0
130302, 9891871, 1, 0, 0
130423, 8540898, 1, 0, 0
130500, 8490365, 1, 0, 0
130620, 8520088, 1, 0, 0
131030, 68179692, 1, 0, 0
131125, 15816470, 1, 0, 0
131203, 8628724, 1, 0, 0
131303, 7545764, 1, 0, 0
131427, 8216457, 1, 0, 0
131502, 6176018, 1, 0, 0
131601, 8932542, 1, 0, 0
131700, 8966550, 1, 0, 0
131812, 7920495, 1, 0, 0
131903, 6924228, 1, 0, 0
132000, 10729921, 1, 0, 0
132104, 7895961, 1, 0, 0
132203, 8218354, 1, 0, 0
132303, 8973559, 1, 0, 0
132400, 8788121, 1, 0, 0
132500, 7035070, 1, 0, 0
132600, 9039889, 1, 0, 0
132707, 8800961, 1, 0, 0
132828, 8572972, 1, 0, 0
132903, 7401725, 1, 0, 0
133002, 8924385, 1, 0, 0
133110, 8267744, 1, 0, 0
133234, 8814329, 1, 0, 0
133301, 8242489, 1, 0, 0
133416, 8137687, 1, 0, 0
133533, 8280048, 1, 0, 0
133603, 6922655, 1, 0, 0
133704, 10126547, 1, 0, 0
133819, 8124720, 1, 0, 0
133900, 7300827, 1, 0, 0
134007, 9664336, 1, 0, 0
134130, 8714621, 1, 0, 0
134200, 7684404, 1, 0, 0
134308, 9721262, 1, 0, 0
134400, 6988391, 1, 0, 0
134503, 8493292, 1, 0, 0
134605, 9286490, 1, 0, 0
134725, 8486301, 1, 0, 0
134800, 7370840, 1, 0, 0
134903, 8525269, 1, 0, 0
135017, 9430864, 1, 0, 0
135102, 7012787, 1, 0, 0
135200, 9783835, 1, 0, 0
135321, 8529658, 1, 0, 0
135402, 6141223, 1, 0, 0
135502, 9944298, 1, 0, 0
135600, 9729167, 1, 0, 0
135703, 10243423, 1, 0, 0
135827, 9487735, 1, 0, 0
135903, 8296786, 1, 0, 0
136017, 10351077, 1, 0, 0
136100, 7449532, 1, 0, 0
136212, 10060843, 1, 0, 0
136325, 8624502, 1, 0, 0
136407, 11628092, 1, 0, 0
136523, 8879650, 1, 0, 0
136610, 9550617, 1, 0, 0
136705, 7262775, 1, 0, 0
136800, 10442503, 1, 0, 0
136925, 10386012, 1, 0, 0
137002, 7632298, 1, 0, 0
137129, 10536217, 1, 0, 0
137201, 7886688, 1, 0, 0
137315, 10262077, 1, 0, 0
137401, 7108800, 1, 0, 0
137508, 10622891, 1, 0, 0
137640, 9353555, 1, 0, 0
137703, 7818600, 1, 0, 0
137826, 10210732, 1, 0, 0
137902, 9412810, 1, 0, 0
138012, 8359097, 1, 0, 0
138102, 9946333, 1, 0, 0
138225, 10210791, 1, 0, 0
138303, 8579888, 1, 0, 0
138420, 8904919, 1, 0, 0
138502, 6791165, 1, 0, 0
138608, 13181007, 1, 0, 0
138715, 11796407, 1, 0, 0
138833, 9010750, 1, 0, 0
138901, 8343479, 1, 0, 0
139024, 10204412, 1, 0, 0
139100, 9465236, 1, 0, 0
139215, 8143045, 1, 0, 0
139320, 8008062, 1, 0, 0
139402, 11633519, 1, 0, 0
139534, 9326556, 1, 0, 0
139602, 7538411, 1, 0, 0
139722, 9099395, 1, 0, 0
139802, 6662496, 1, 0, 0
139910, 13307529, 1, 0, 0
140000, 7473893, 1, 0, 0
140120, 11965274, 1, 0, 0
140200, 6550048, 1, 0, 0
140304, 10283546, 1, 0, 0
140417, 9372870, 1, 0, 0
140503, 7065507, 1, 0, 0
140603, 9075801, 1, 0, 0
140719, 8853587, 1, 0, 0
140802, 6328955, 1, 0, 0
140901, 12295581, 1, 0, 0
141012, 8408202, 1, 0, 0
141124, 7928047, 1, 0, 0
141202, 6420790, 1, 0, 0
141300, 9791410, 1, 0, 0
141424, 8751846, 1, 0, 0
141503, 6481845, 1, 0, 0
141603, 9990642, 1, 0, 0
141706, 8466755, 1, 0, 0
141825, 8458363, 1, 0, 0
141902, 7631689, 1, 0, 0
142008, 8761908, 1, 0, 0
142104, 7288680, 1, 0, 0
142203, 7559446, 1, 0, 0
142301, 8113334, 1, 0, 0
142407, 10492968, 1, 0, 0
142505, 10799780, 1, 0, 0
142616, 8499883, 1, 0, 0
142737, 8530238, 1, 0, 0
142803, 7287377, 1, 0, 0
142901, 8833019, 1, 0, 0
143021, 8502605, 1, 0, 0
143102, 6718421, 1, 0, 0
143204, 9123208, 1, 0, 0
143321, 8935412, 1, 0, 0
143403, 6257140, 1, 0, 0
143504, 9993032, 1, 0, 0
143601, 8761859, 1, 0, 0
143714, 7982473, 1, 0, 0
143802, 6711731, 1, 0, 0
143902, 11008411, 1, 0, 0
144024, 8688910, 1, 0, 0
144100, 10698884, 1, 0, 0
144238, 10538288, 1, 0, 0
144321, 10369398, 1, 0, 0
144403, 7340955, 1, 0, 0
144516, 12508336, 1, 0, 0
144603, 7879398, 1, 0, 0
144704, 10028294, 1, 0, 0
144800, 10594877, 1, 0, 0
144933, 10965898, 1, 0, 0
145014, 10058647, 1, 0, 0
145102, 7248186, 1, 0, 0
145213, 13809844, 1, 0, 0
145301, 7961960, 1, 0, 0
145409, 10737696, 1, 0, 0
145502, 11554468, 1, 0, 0
145604, 14472439, 1, 0, 0
145701, 10688304, 1, 0, 0
145816, 10412637, 1, 0, 0
145902, 8443955, 1, 0, 0
146013, 10085107, 1, 0, 0
146102, 12615832, 1, 0, 0
146203, 7704971, 1, 0, 0
146317, 12505035, 1, 0, 0
146400, 7539079, 1, 0, 0
146520, 13215103, 1, 0, 0
146600, 9957242, 1, 0, 0
146727, 9656167, 1, 0, 0
146813, 12326877, 1, 0, 0
146902, 8022363, 1, 0, 0
147004, 10078333, 1, 0, 0
147102, 8071178, 1, 0, 0
147227, 13814686, 1, 0, 0
147305, 9725520, 1, 0, 0
147424, 9068694, 1, 0, 0
147510, 12234730, 1, 0, 0
147602, 7574890, 1, 0, 0
147700, 10912973, 1, 0, 0
147802, 8379911, 1, 0, 0
147912, 12199007, 1, 0, 0
148002, 8091748, 1, 0, 0
148112, 10923394, 1, 0, 0
148201, 12630546, 1, 0, 0
148300, 7571149, 1, 0, 0
148416, 12799580, 1, 0, 0
148510, 13333528, 1, 0, 0
148603, 7701510, 1, 0, 0
148721, 13019290, 1, 0, 0
148800, 8715893, 1, 0, 0
148905, 9442371, 1, 0, 0
149032, 8987178, 1, 0, 0
149101, 8538561, 1, 0, 0
149224, 8698472, 1, 0, 0
149300, 6254618, 1, 0, 0
149400, 11099763, 1, 0, 0
149516, 8826010, 1, 0, 0
149600, 7550534, 1, 0, 0
149702, 9243256, 1, 0, 0
149819, 8288780, 1, 0, 0
149900, 6631663, 1, 0, 0
150000, 11081366, 1, 0, 0
150120, 9124069, 1, 0, 0
150202, 6790996, 1, 0, 0
150304, 10148431, 1, 0, 0
150427, 8704229, 1, 0, 0
150500, 7261921, 1, 0, 0
150603, 10161099, 1, 0, 0
150719, 8244538, 1, 0, 0
150801, 6739496, 1, 0, 0
150908, 10659663, 1, 0, 0
151035, 9019601, 1, 0, 0
151101, 7238645, 1, 0, 0
151212, 9957091, 1, 0, 0
151300, 6725752, 1, 0, 0
151402, 10180540, 1, 0, 0
151522, 9130920, 1, 0, 0
151602, 6601174, 1, 0, 0
151703, 11117590, 1, 0, 0
151811, 8265888, 1, 0, 0
151901, 6806287, 1, 0, 0
152000, 8942295, 1, 0, 0
152123, 13626176, 1, 0, 0
152211, 9646785, 1, 0, 0
152303, 7616718, 1, 0, 0
152402, 8939160, 1, 0, 0
152502, 8231929, 1, 0, 0
152621, 9882875, 1, 0, 0
152705, 9216533, 1, 0, 0
152801, 8642284, 1, 0, 0
152904, 10238505, 1, 0, 0
153015, 9200397, 1, 0, 0
153103, 8679876, 1, 0, 0
153232, 9896026, 1, 0, 0
153309, 9579913, 1, 0, 0
153411, 9206150, 1, 0, 0
153503, 8232344, 1, 0, 0
153617, 9474942, 1, 0, 0
153704, 7765633, 1, 0, 0
153801, 10799966, 1, 0, 0
153925, 9422504, 1, 0, 0
154011, 9540756, 1, 0, 0
154134, 8713294, 1, 0, 0
154202, 8316147, 1, 0, 0
154302, 8295906, 1, 0, 0
154403, 9154163, 1, 0, 0
154503, 8953159, 1, 0, 0
154634, 9282517, 1, 0, 0
154702, 8450826, 1, 0, 0
154809, 9658112, 1, 0, 0
154903, 10373727, 1, 0, 0
155023, 8537357, 1, 0, 0
155103, 7901676, 1, 0, 0
155200, 9573904, 1, 0, 0
155303, 11440945, 1, 0, 0
155432, 9853513, 1, 0, 0
155508, 9394182, 1, 0, 0
155619, 10040934, 1, 0, 0
155702, 9120200, 1, 0, 0
155803, 7683603, 1, 0, 0
155902, 8918829, 1, 0, 0
156002, 9088443, 1, 0, 0
156116, 9405690, 1, 0, 0
156200, 8336804, 1, 0, 0
156321, 9184743, 1, 0, 0
156401, 8019085, 1, 0, 0
156501, 10995446, 1, 0, 0
156600, 7511355, 1, 0, 0
156700, 14296340, 1, 0, 0
156807, 9642673, 1, 0, 0
156905, 8859537, 1, 0, 0
157003, 8085701, 1, 0, 0
157126, 11048874, 1, 0, 0
157203, 9621027, 1, 0, 0
157309, 9535754, 1, 0, 0
157402, 8399722, 1, 0, 0
157526, 10255404, 1, 0, 0
157601, 9236921, 1, 0, 0
157702, 9179394, 1, 0, 0
157822, 8510979, 1, 0, 0
157905, 9161946, 1, 0, 0
158001, 7304450, 1, 0, 0
158106, 11521701, 1, 0, 0
158200, 8461512, 1, 0, 0
158303, 7861528, 1, 0, 0
158417, 11359722, 1, 0, 0
158503, 9531574, 1, 0, 0
158624, 9237203, 1, 0, 0
158700, 7524210, 1, 0, 0
158810, 10848311, 1, 0, 0
158901, 11386449, 1, 0, 0
159000, 7522981, 1, 0, 0
159119, 9836688, 1, 0, 0
159205, 9462617, 1, 0, 0
159302, 7383563, 1, 0, 0
159412, 12207058, 1, 0, 0
159506, 8478733, 1, 0, 0
159603, 9559018, 1, 0, 0
159725, 9346391, 1, 0, 0
159806, 10040211, 1, 0, 0
159900, 7797727, 1, 0, 0
160001, 8289879, 1, 0, 0
160111, 11010861, 1, 0, 0
160204, 8299195, 1, 0, 0
160316, 10150982, 1, 0, 0
160413, 8780406, 1, 0, 0
160500, 9596847, 1, 0, 0
160604, 9337140, 1, 0, 0
160714, 9929113, 1, 0, 0
160994, 69978582, 1, 0, 0
161012, 18329882, 1, 0, 0
161100, 10832347, 1, 0, 0
161203, 8519068, 1, 0, 0
161301, 8906606, 1, 0, 0
161420, 9790207, 1, 0, 0
161501, 8990780, 1, 0, 0
161633, 10036405, 1, 0, 0
161702, 7574877, 1, 0, 0
161816, 10352398, 1, 0, 0
161900, 6897890, 1, 0, 0
162006, 10532768, 1, 0, 0
162106, 9967300, 1, 0, 0
162210, 10298009, 1, 0, 0
162330, 8459987, 1, 0, 0
162411, 10143543, 1, 0, 0
162502, 7457642, 1, 0, 0
162618, 9615642, 1, 0, 0
162707, 8852905, 1, 0, 0
162800, 7095013, 1, 0, 0
162902, 16850384, 1, 0, 0
163012, 12188349, 1, 0, 0
163125, 7962771, 1, 0, 0
163203, 5954939, 1, 0, 0
163317, 12530819, 1, 0, 0
163409, 9114647, 1, 0, 0
163502, 7757036, 1, 0, 0
163617, 9423312, 1, 0, 0
163700, 11811613, 1, 0, 0
163800, 8266982, 1, 0, 0
163909, 8307556, 1, 0, 0
164005, 9547996, 1, 0, 0
164123, 8373749, 1, 0, 0
164203, 7938186, 1, 0, 0
164303, 8988949, 1, 0, 0
164414, 9958193, 1, 0, 0
164500, 8561045, 1, 0, 0
164623, 8712677, 1, 0, 0
164702, 11244051, 1, 0, 0
164802, 9010441, 1, 0, 0
164902, 8260059, 1, 0, 0
165017, 9506076, 1, 0, 0
165100, 8217730, 1, 0, 0
165200, 9035607, 1, 0, 0
165306, 9544244, 1, 0, 0
165400, 8422303, 1, 0, 0
165527, 9690512, 1, 0, 0
165603, 9503187, 1, 0, 0
165726, 8718711, 1, 0, 0
165821, 9387309, 1, 0, 0
165902, 7248504, 1, 0, 0
166022, 9197884, 1, 0, 0
166100, 6976457, 1, 0, 0
166202, 10135626, 1, 0, 0
166301, 8148698, 1, 0, 0
166418, 8969900, 1, 0, 0
166504, 8498229, 1, 0, 0
166633, 9116783, 1, 0, 0
166704, 8789930, 1, 0, 0
166802, 8088852, 1, 0, 0
166901, 8999917, 1, 0, 0
167023, 11014411, 1, 0, 0
167123, 12348342, 1, 0, 0
167204, 8027904, 1, 0, 0
167300, 8688955, 1, 0, 0
167425, 9500119, 1, 0, 0
167502, 8538954, 1, 0, 0
167610, 11846465, 1, 0, 0
167701, 7533252, 1, 0, 0
167822, 9991527, 1, 0, 0
167904, 7348673, 1, 0, 0
168009, 9530832, 1, 0, 0
168101, 7565735, 1, 0, 0
168222, 10015042, 1, 0, 0
168304, 8090076, 1, 0, 0
168403, 7547888, 1, 0, 0
168515, 12413998, 1, 0, 0
168601, 7041837, 1, 0, 0
168712, 9200239, 1, 0, 0
168803, 8240548, 1, 0, 0
168919, 8781396, 1, 0, 0
169002, 8235318, 1, 0, 0
169100, 9747154, 1, 0, 0
169202, 10114175, 1, 0, 0
169304, 8452775, 1, 0, 0
169400, 7901508, 1, 0, 0
169516, 11508209, 1, 0, 0
169600, 8315328, 1, 0, 0
169701, 7741823, 1, 0, 0
169817, 10422970, 1, 0, 0
169931, 8084294, 1, 0, 0
170004, 6570857, 1, 0, 0
170100, 13635597, 1, 0, 0
170203, 7793152, 1, 0, 0
170321, 10720669, 1, 0, 0
170403, 8077882, 1, 0, 0
170500, 8758859, 1, 0, 0
170602, 8456963, 1, 0, 0
170701, 8932411, 1, 0, 0
170806, 8607997, 1, 0, 0
170918, 7972941, 1, 0, 0
171001, 6812961, 1, 0, 0
171116, 11430947, 1, 0, 0
171203, 8584688, 1, 0, 0
171300, 7999372, 1, 0, 0
171416, 9627548, 1, 0, 0
171507, 10050444, 1, 0, 0
171600, 7674839, 1, 0, 0
171702, 9218345, 1, 0, 0
171800, 8769479, 1, 0, 0
171925, 9582542, 1, 0, 0
172001, 8309251, 1, 0, 0
172102, 10021928, 1, 0, 0
172220, 9054471, 1, 0, 0
172307, 8574351, 1, 0, 0
172420, 7991430, 1, 0, 0
172500, 7935660, 1, 0, 0
172609, 9005255, 1, 0, 0
172701, 9123587, 1, 0, 0
172802, 8315429, 1, 0, 0
172907, 8648762, 1, 0, 0
173001, 10405442, 1, 0, 0
173120, 9096323, 1, 0, 0
173208, 8679238, 1, 0, 0
173300, 8351319, 1, 0, 0
173425, 9479964, 1, 0, 0
173502, 9534238, 1, 0, 0
173623, 8598377, 1, 0, 0
173709, 8534749, 1, 0, 0
173804, 7198754, 1, 0, 0
173908, 9392903, 1, 0, 0
174000, 7582220, 1, 0, 0
174115, 11400567, 1, 0, 0
174213, 9763648, 1, 0, 0
174303, 7437293, 1, 0, 0
174420, 9671690, 1, 0, 0
174504, 7519930, 1, 0, 0
174609, 9522673, 1, 0, 0
174701, 9078666, 1, 0, 0
174822, 8581525, 1, 0, 0
174915, 9228337, 1, 0, 0
175001, 8547549, 1, 0, 0
175101, 8212549, 1, 0, 0
175202, 7726723, 1, 0, 0
175316, 10264926, 1, 0, 0
175408, 9162342, 1, 0, 0
175502, 7741645, 1, 0, 0
175600, 12192537, 1, 0, 0
175714, 9414227, 1, 0, 0
175802, 7927902, 1, 0, 0
175918, 8844808, 1, 0, 0
176001, 6790247, 1, 0, 0
176100, 8906604, 1, 0, 0
176204, 8576609, 1, 0, 0
176313, 9876797, 1, 0, 0
176400, 7831800, 1, 0, 0
176524, 9426089, 1, 0, 0
176600, 8361336, 1, 0, 0
176716, 8902691, 1, 0, 0
176804, 7865644, 1, 0, 0
176903, 8171347, 1, 0, 0
177015, 10131754, 1, 0, 0
177102, 6611389, 1, 0, 0
177200, 10816305, 1, 0, 0
177303, 8496032, 1, 0, 0
177418, 9567094, 1, 0, 0
177511, 9163515, 1, 0, 0
177630, 8413545, 1, 0, 0
177701, 8894467, 1, 0, 0
177801, 8248993, 1, 0, 0
177910, 8952989, 1, 0, 0
178002, 8325338, 1, 0, 0
178124, 9291807, 1, 0, 0
178203, 7881848, 1, 0, 0
178300, 12069903, 1, 0, 0
178402, 9150861, 1, 0, 0
178501, 8180179, 1, 0, 0
178627, 13916126, 1, 0, 0
178719, 9105198, 1, 0, 0
178820, 10094072, 1, 0, 0
178902, 9050546, 1, 0, 0
179008, 11649759, 1, 0, 0
179111, 10238209, 1, 0, 0
179200, 8048792, 1, 0, 0
179311, 9983701, 1, 0, 0
179412, 10046511, 1, 0, 0
179505, 9224696, 1, 0, 0
179602, 9577152, 1, 0, 0
179704, 11253923, 1, 0, 0
179802, 8122618, 1, 0, 0
179931, 11707182, 1, 0, 0
180008, 9449393, 1, 0, 0
