100, 130, 1, 0, 0
201, 140, 1, 0, 0
300, 141, 1, 0, 0
400, 140, 1, 0, 0
500, 130, 1, 0, 0
600, 130, 1, 0, 0
700, 130, 1, 0, 0
800, 130, 1, 0, 0
900, 120, 1, 0, 0
1000, 130, 1, 0, 0
1100, 130, 1, 0, 0
1200, 130, 1, 0, 0
1300, 110, 1, 0, 0
1400, 130, 1, 0, 0
1500, 130, 1, 0, 0
1600, 140, 1, 0, 0
1700, 130, 1, 0, 0
1800, 120, 1, 0, 0
1900, 130, 1, 0, 0
2000, 110, 1, 0, 0
2100, 120, 1, 0, 0
2200, 130, 1, 0, 0
2300, 110, 1, 0, 0
2400, 130, 1, 0, 0
2500, 140, 1, 0, 0
2601, 140, 1, 0, 0
2700, 121, 1, 0, 0
2800, 130, 1, 0, 0
2900, 110, 1, 0, 0
3000, 110, 1, 0, 0
3100, 130, 1, 0, 0
3200, 120, 1, 0, 0
3300, 130, 1, 0, 0
3400, 130, 1, 0, 0
3500, 140, 1, 0, 0
3600, 130, 1, 0, 0
3700, 120, 1, 0, 0
3800, 120, 1, 0, 0
3900, 120, 1, 0, 0
4000, 120, 1, 0, 0
4100, 120, 1, 0, 0
4200, 120, 1, 0, 0
4300, 130, 1, 0, 0
4400, 140, 1, 0, 0
4500, 120, 1, 0, 0
4600, 120, 1, 0, 0
4700, 110, 1, 0, 0
4800, 120, 1, 0, 0
4900, 140, 1, 0, 0
5000, 110, 1, 0, 0
5100, 130, 1, 0, 0
5200, 140, 1, 0, 0
5300, 140, 1, 0, 0
5400, 130, 1, 0, 0
5500, 120, 1, 0, 0
5600, 121, 1, 0, 0
5700, 110, 1, 0, 0
5800, 120, 1, 0, 0
5900, 140, 1, 0, 0
6000, 140, 1, 0, 0
6100, 130, 1, 0, 0
6200, 110, 1, 0, 0
6300, 140, 1, 0, 0
6400, 130, 1, 0, 0
6500, 140, 1, 0, 0
6600, 140, 1, 0, 0
6700, 120, 1, 0, 0
6800, 120, 1, 0, 0
6900, 90, 1, 0, 0
7000, 90, 1, 0, 0
7100, 130, 1, 0, 0
7200, 110, 1, 0, 0
7300, 110, 1, 0, 0
7400, 130, 1, 0, 0
7500, 130, 1, 0, 0
7600, 110, 1, 0, 0
7700, 130, 1, 0, 0
7800, 130, 1, 0, 0
7900, 140, 1, 0, 0
8000, 130, 1, 0, 0
8100, 100, 1, 0, 0
8200, 100, 1, 0, 0
8300, 130, 1, 0, 0
8400, 111, 1, 0, 0
8500, 130, 1, 0, 0
8600, 120, 1, 0, 0
8700, 110, 1, 0, 0
8800, 100, 1, 0, 0
8900, 100, 1, 0, 0
9000, 130, 1, 0, 0
9100, 50, 1, 0, 0
9200, 120, 1, 0, 0
9300, 120, 1, 0, 0
9400, 130, 1, 0, 0
9500, 120, 1, 0, 0
9600, 70, 1, 0, 0
9700, 130, 1, 0, 0
9800, 110, 1, 0, 0
9900, 130, 1, 0, 0
10000, 120, 1, 0, 0
10100, 90, 1, 0, 0
10200, 120, 1, 0, 0
10300, 100, 1, 0, 0
10400, 50, 1, 0, 0
10900, 10, 1, 0, 0
11000, 120, 1, 0, 0
11100, 100, 1, 0, 0
11200, 130, 1, 0, 0
11301, 130, 1, 0, 0
11400, 90, 1, 0, 0
11500, 110, 1, 0, 0
11600, 100, 1, 0, 0
11700, 130, 1, 0, 0
11800, 130, 1, 0, 0
11900, 110, 1, 0, 0
12000, 90, 1, 0, 0
12100, 100, 1, 0, 0
12200, 130, 1, 0, 0
12300, 130, 1, 0, 0
12400, 90, 1, 0, 0
12500, 70, 1, 0, 0
12600, 130, 1, 0, 0
12700, 110, 1, 0, 0
12800, 90, 1, 0, 0
12900, 110, 1, 0, 0
13000, 110, 1, 0, 0
13100, 80, 1, 0, 0
13200, 100, 1, 0, 0
13300, 100, 1, 0, 0
13400, 80, 1, 0, 0
13500, 110, 1, 0, 0
13600, 140, 1, 0, 0
13700, 90, 1, 0, 0
13800, 140, 1, 0, 0
13900, 100, 1, 0, 0
14000, 100, 1, 0, 0
14100, 131, 1, 0, 0
14200, 90, 1, 0, 0
14300, 110, 1, 0, 0
14400, 110, 1, 0, 0
14500, 110, 1, 0, 0
14600, 140, 1, 0, 0
14700, 120, 1, 0, 0
14800, 110, 1, 0, 0
14900, 90, 1, 0, 0
15000, 130, 1, 0, 0
15100, 110, 1, 0, 0
15200, 130, 1, 0, 0
15300, 100, 1, 0, 0
15400, 130, 1, 0, 0
15500, 90, 1, 0, 0
15600, 110, 1, 0, 0
15700, 130, 1, 0, 0
15800, 100, 1, 0, 0
15900, 120, 1, 0, 0
16000, 100, 1, 0, 0
16100, 110, 1, 0, 0
16200, 100, 1, 0, 0
16300, 130, 1, 0, 0
16400, 130, 1, 0, 0
16500, 90, 1, 0, 0
16600, 110, 1, 0, 0
16700, 130, 1, 0, 0
16800, 60, 1, 0, 0
16900, 90, 1, 0, 0
17000, 90, 1, 0, 0
17100, 80, 1, 0, 0
17200, 110, 1, 0, 0
17300, 120, 1, 0, 0
17400, 110, 1, 0, 0
17500, 130, 1, 0, 0
17600, 90, 1, 0, 0
17700, 110, 1, 0, 0
17800, 90, 1, 0, 0
17900, 80, 1, 0, 0
18000, 110, 1, 0, 0
18100, 90, 1, 0, 0
18200, 130, 1, 0, 0
18300, 60, 1, 0, 0
18400, 90, 1, 0, 0
18500, 130, 1, 0, 0
18600, 80, 1, 0, 0
18700, 110, 1, 0, 0
18800, 100, 1, 0, 0
18900, 90, 1, 0, 0
19000, 100, 1, 0, 0
19100, 90, 1, 0, 0
19200, 80, 1, 0, 0
19300, 110, 1, 0, 0
19400, 90, 1, 0, 0
19500, 110, 1, 0, 0
19600, 110, 1, 0, 0
19700, 110, 1, 0, 0
19800, 90, 1, 0, 0
19900, 80, 1, 0, 0
20000, 110, 1, 0, 0
20100, 110, 1, 0, 0
20200, 120, 1, 0, 0
20300, 70, 1, 0, 0
20400, 70, 1, 0, 0
20500, 140, 1, 0, 0
20600, 80, 1, 0, 0
20700, 110, 1, 0, 0
20800, 90, 1, 0, 0
20900, 90, 1, 0, 0
21000, 100, 1, 0, 0
21100, 90, 1, 0, 0
21200, 100, 1, 0, 0
21300, 110, 1, 0, 0
21400, 110, 1, 0, 0
21500, 100, 1, 0, 0
21600, 80, 1, 0, 0
21700, 110, 1, 0, 0
21800, 110, 1, 0, 0
21900, 120, 1, 0, 0
22000, 80, 1, 0, 0
22100, 110, 1, 0, 0
22200, 90, 1, 0, 0
22300, 110, 1, 0, 0
22400, 110, 1, 0, 0
22500, 110, 1, 0, 0
22600, 100, 1, 0, 0
22700, 130, 1, 0, 0
22800, 100, 1, 0, 0
22900, 121, 1, 0, 0
23000, 110, 1, 0, 0
23100, 90, 1, 0, 0
23200, 140, 1, 0, 0
23300, 90, 1, 0, 0
23400, 110, 1, 0, 0
23500, 130, 1, 0, 0
23600, 90, 1, 0, 0
23700, 140, 1, 0, 0
23800, 90, 1, 0, 0
23900, 110, 1, 0, 0
24000, 130, 1, 0, 0
24100, 90, 1, 0, 0
24200, 140, 1, 0, 0
24300, 80, 1, 0, 0
24400, 110, 1, 0, 0
24500, 130, 1, 0, 0
24600, 100, 1, 0, 0
24700, 100, 1, 0, 0
24800, 110, 1, 0, 0
24900, 120, 1, 0, 0
25000, 90, 1, 0, 0
25100, 140, 1, 0, 0
25200, 80, 1, 0, 0
25300, 120, 1, 0, 0
25400, 80, 1, 0, 0
25500, 140, 1, 0, 0
25600, 90, 1, 0, 0
25700, 130, 1, 0, 0
25800, 110, 1, 0, 0
25900, 110, 1, 0, 0
26000, 120, 1, 0, 0
26100, 90, 1, 0, 0
26200, 110, 1, 0, 0
26300, 130, 1, 0, 0
26400, 90, 1, 0, 0
26500, 120, 1, 0, 0
26600, 100, 1, 0, 0
26700, 110, 1, 0, 0
26800, 110, 1, 0, 0
26900, 120, 1, 0, 0
27000, 80, 1, 0, 0
27100, 90, 1, 0, 0
27200, 110, 1, 0, 0
27300, 110, 1, 0, 0
27400, 110, 1, 0, 0
27500, 110, 1, 0, 0
27600, 90, 1, 0, 0
27700, 140, 1, 0, 0
27800, 90, 1, 0, 0
27900, 120, 1, 0, 0
28000, 120, 1, 0, 0
28100, 100, 1, 0, 0
28200, 130, 1, 0, 0
28300, 90, 1, 0, 0
28400, 110, 1, 0, 0
28501, 120, 1, 0, 0
28600, 101, 1, 0, 0
28700, 90, 1, 0, 0
28800, 100, 1, 0, 0
28900, 140, 1, 0, 0
29000, 90, 1, 0, 0
29100, 110, 1, 0, 0
29200, 110, 1, 0, 0
29300, 110, 1, 0, 0
29400, 110, 1, 0, 0
29500, 120, 1, 0, 0
29600, 100, 1, 0, 0
29700, 110, 1, 0, 0
29800, 70, 1, 0, 0
29900, 130, 1, 0, 0
30000, 100, 1, 0, 0
30100, 110, 1, 0, 0
30200, 130, 1, 0, 0
30300, 90, 1, 0, 0
30400, 140, 1, 0, 0
30500, 80, 1, 0, 0
30600, 110, 1, 0, 0
30700, 100, 1, 0, 0
30800, 130, 1, 0, 0
30900, 80, 1, 0, 0
31000, 120, 1, 0, 0
31100, 130, 1, 0, 0
31200, 120, 1, 0, 0
31300, 110, 1, 0, 0
31400, 131, 1, 0, 0
31500, 90, 1, 0, 0
31600, 110, 1, 0, 0
31700, 100, 1, 0, 0
31800, 130, 1, 0, 0
31900, 90, 1, 0, 0
32000, 100, 1, 0, 0
32100, 100, 1, 0, 0
32200, 50, 1, 0, 0
32300, 110, 1, 0, 0
32400, 110, 1, 0, 0
32500, 100, 1, 0, 0
32600, 120, 1, 0, 0
32700, 110, 1, 0, 0
32800, 100, 1, 0, 0
32900, 130, 1, 0, 0
33000, 90, 1, 0, 0
33100, 130, 1, 0, 0
33200, 110, 1, 0, 0
33300, 100, 1, 0, 0
33400, 130, 1, 0, 0
33500, 110, 1, 0, 0
33600, 80, 1, 0, 0
33700, 140, 1, 0, 0
33800, 90, 1, 0, 0
33900, 140, 1, 0, 0
34000, 100, 1, 0, 0
34100, 100, 1, 0, 0
34200, 80, 1, 0, 0
34300, 140, 1, 0, 0
34400, 100, 1, 0, 0
34500, 120, 1, 0, 0
34600, 110, 1, 0, 0
34700, 80, 1, 0, 0
34800, 100, 1, 0, 0
34900, 110, 1, 0, 0
35000, 80, 1, 0, 0
35100, 110, 1, 0, 0
35200, 100, 1, 0, 0
35300, 90, 1, 0, 0
35400, 120, 1, 0, 0
35500, 110, 1, 0, 0
35600, 110, 1, 0, 0
35700, 110, 1, 0, 0
35800, 90, 1, 0, 0
35900, 90, 1, 0, 0
36000, 100, 1, 0, 0
36100, 130, 1, 0, 0
36200, 100, 1, 0, 0
36300, 110, 1, 0, 0
36400, 110, 1, 0, 0
36500, 110, 1, 0, 0
36600, 90, 1, 0, 0
36700, 110, 1, 0, 0
36800, 110, 1, 0, 0
36900, 90, 1, 0, 0
37000, 110, 1, 0, 0
37100, 80, 1, 0, 0
37200, 110, 1, 0, 0
37300, 90, 1, 0, 0
37400, 110, 1, 0, 0
37500, 110, 1, 0, 0
37600, 110, 1, 0, 0
37700, 90, 1, 0, 0
37800, 110, 1, 0, 0
37900, 110, 1, 0, 0
38000, 110, 1, 0, 0
38100, 111, 1, 0, 0
38200, 90, 1, 0, 0
38300, 120, 1, 0, 0
38400, 110, 1, 0, 0
38500, 100, 1, 0, 0
38600, 120, 1, 0, 0
38700, 110, 1, 0, 0
38800, 80, 1, 0, 0
38900, 90, 1, 0, 0
39000, 110, 1, 0, 0
39100, 110, 1, 0, 0
39200, 110, 1, 0, 0
39300, 80, 1, 0, 0
39400, 120, 1, 0, 0
39500, 110, 1, 0, 0
39600, 110, 1, 0, 0
39700, 110, 1, 0, 0
39800, 120, 1, 0, 0
39900, 80, 1, 0, 0
40000, 110, 1, 0, 0
40100, 120, 1, 0, 0
40200, 90, 1, 0, 0
40300, 100, 1, 0, 0
40400, 110, 1, 0, 0
40501, 30, 1, 0, 0
41000, 20, 1, 0, 0
41100, 90, 1, 0, 0
41200, 140, 1, 0, 0
41300, 100, 1, 0, 0
41400, 100, 1, 0, 0
41500, 110, 1, 0, 0
41600, 110, 1, 0, 0
41700, 140, 1, 0, 0
41800, 80, 1, 0, 0
41900, 90, 1, 0, 0
42000, 110, 1, 0, 0
42100, 130, 1, 0, 0
42200, 70, 1, 0, 0
42300, 110, 1, 0, 0
42400, 110, 1, 0, 0
42500, 90, 1, 0, 0
42600, 110, 1, 0, 0
42700, 110, 1, 0, 0
42800, 110, 1, 0, 0
42900, 121, 1, 0, 0
43000, 80, 1, 0, 0
43100, 140, 1, 0, 0
43200, 90, 1, 0, 0
43300, 130, 1, 0, 0
43400, 100, 1, 0, 0
43500, 100, 1, 0, 0
43600, 130, 1, 0, 0
43700, 100, 1, 0, 0
43800, 130, 1, 0, 0
43900, 110, 1, 0, 0
44000, 80, 1, 0, 0
44100, 90, 1, 0, 0
44200, 140, 1, 0, 0
44300, 70, 1, 0, 0
44400, 130, 1, 0, 0
44500, 100, 1, 0, 0
44600, 120, 1, 0, 0
44700, 110, 1, 0, 0
44800, 90, 1, 0, 0
44900, 90, 1, 0, 0
45000, 130, 1, 0, 0
45100, 101, 1, 0, 0
45200, 140, 1, 0, 0
45300, 100, 1, 0, 0
45400, 140, 1, 0, 0
45500, 140, 1, 0, 0
45600, 90, 1, 0, 0
45700, 130, 1, 0, 0
45800, 80, 1, 0, 0
45900, 120, 1, 0, 0
46000, 130, 1, 0, 0
46100, 90, 1, 0, 0
46200, 140, 1, 0, 0
46300, 140, 1, 0, 0
46400, 120, 1, 0, 0
46500, 100, 1, 0, 0
46600, 120, 1, 0, 0
46700, 70, 1, 0, 0
46800, 70, 1, 0, 0
46900, 140, 1, 0, 0
47000, 80, 1, 0, 0
47100, 130, 1, 0, 0
47200, 90, 1, 0, 0
47300, 120, 1, 0, 0
47400, 141, 1, 0, 0
47500, 100, 1, 0, 0
47600, 120, 1, 0, 0
47700, 140, 1, 0, 0
47800, 110, 1, 0, 0
47900, 90, 1, 0, 0
48000, 140, 1, 0, 0
48100, 110, 1, 0, 0
48200, 110, 1, 0, 0
48300, 140, 1, 0, 0
48400, 110, 1, 0, 0
48500, 90, 1, 0, 0
48600, 140, 1, 0, 0
48700, 100, 1, 0, 0
48800, 120, 1, 0, 0
48900, 130, 1, 0, 0
49000, 100, 1, 0, 0
49100, 110, 1, 0, 0
49200, 90, 1, 0, 0
49300, 130, 1, 0, 0
49400, 140, 1, 0, 0
49500, 120, 1, 0, 0
49601, 100, 1, 0, 0
49700, 121, 1, 0, 0
49800, 100, 1, 0, 0
49900, 120, 1, 0, 0
50000, 140, 1, 0, 0
50100, 100, 1, 0, 0
50200, 120, 1, 0, 0
50300, 120, 1, 0, 0
50400, 120, 1, 0, 0
50500, 100, 1, 0, 0
50600, 120, 1, 0, 0
50700, 90, 1, 0, 0
50800, 130, 1, 0, 0
50900, 120, 1, 0, 0
51000, 100, 1, 0, 0
51100, 140, 1, 0, 0
51200, 100, 1, 0, 0
51300, 110, 1, 0, 0
51400, 130, 1, 0, 0
51500, 120, 1, 0, 0
51600, 100, 1, 0, 0
51700, 140, 1, 0, 0
51800, 130, 1, 0, 0
51900, 121, 1, 0, 0
52000, 100, 1, 0, 0
52100, 130, 1, 0, 0
52200, 120, 1, 0, 0
52300, 100, 1, 0, 0
52400, 130, 1, 0, 0
52500, 110, 1, 0, 0
52600, 100, 1, 0, 0
52700, 130, 1, 0, 0
52800, 100, 1, 0, 0
52900, 130, 1, 0, 0
53000, 110, 1, 0, 0
53100, 90, 1, 0, 0
53200, 140, 1, 0, 0
53300, 80, 1, 0, 0
53400, 130, 1, 0, 0
53500, 100, 1, 0, 0
53600, 110, 1, 0, 0
53700, 130, 1, 0, 0
53800, 90, 1, 0, 0
53900, 100, 1, 0, 0
54000, 100, 1, 0, 0
54100, 141, 1, 0, 0
54200, 90, 1, 0, 0
54300, 130, 1, 0, 0
54400, 120, 1, 0, 0
54500, 80, 1, 0, 0
54600, 130, 1, 0, 0
54700, 90, 1, 0, 0
54800, 140, 1, 0, 0
54900, 110, 1, 0, 0
55000, 90, 1, 0, 0
55100, 130, 1, 0, 0
55200, 90, 1, 0, 0
55300, 130, 1, 0, 0
55400, 80, 1, 0, 0
55500, 130, 1, 0, 0
55600, 90, 1, 0, 0
55700, 130, 1, 0, 0
55800, 100, 1, 0, 0
55900, 100, 1, 0, 0
56000, 140, 1, 0, 0
56100, 80, 1, 0, 0
56200, 140, 1, 0, 0
56300, 90, 1, 0, 0
56400, 110, 1, 0, 0
56500, 120, 1, 0, 0
56601, 100, 1, 0, 0
56700, 141, 1, 0, 0
56800, 60, 1, 0, 0
56900, 140, 1, 0, 0
57000, 80, 1, 0, 0
57100, 120, 1, 0, 0
57200, 80, 1, 0, 0
57300, 140, 1, 0, 0
57400, 100, 1, 0, 0
57500, 120, 1, 0, 0
57600, 110, 1, 0, 0
57700, 90, 1, 0, 0
57800, 140, 1, 0, 0
57900, 80, 1, 0, 0
58000, 140, 1, 0, 0
58100, 130, 1, 0, 0
58200, 80, 1, 0, 0
58300, 130, 1, 0, 0
58400, 120, 1, 0, 0
58500, 100, 1, 0, 0
58600, 140, 1, 0, 0
58700, 110, 1, 0, 0
58800, 120, 1, 0, 0
58900, 110, 1, 0, 0
59000, 140, 1, 0, 0
59100, 100, 1, 0, 0
59200, 120, 1, 0, 0
59300, 130, 1, 0, 0
59400, 80, 1, 0, 0
59500, 90, 1, 0, 0
59600, 120, 1, 0, 0
59700, 140, 1, 0, 0
59801, 130, 1, 0, 0
59900, 90, 1, 0, 0
60000, 120, 1, 0, 0
60100, 120, 1, 0, 0
60200, 100, 1, 0, 0
60300, 140, 1, 0, 0
60400, 90, 1, 0, 0
60500, 110, 1, 0, 0
60600, 120, 1, 0, 0
60700, 100, 1, 0, 0
60800, 130, 1, 0, 0
60900, 130, 1, 0, 0
61000, 90, 1, 0, 0
61100, 130, 1, 0, 0
61200, 120, 1, 0, 0
61300, 100, 1, 0, 0
61400, 140, 1, 0, 0
61500, 120, 1, 0, 0
61600, 100, 1, 0, 0
61700, 120, 1, 0, 0
61800, 140, 1, 0, 0
61900, 100, 1, 0, 0
62000, 120, 1, 0, 0
62100, 140, 1, 0, 0
62200, 110, 1, 0, 0
62300, 100, 1, 0, 0
62400, 130, 1, 0, 0
62500, 120, 1, 0, 0
62600, 100, 1, 0, 0
62700, 140, 1, 0, 0
62800, 120, 1, 0, 0
62900, 90, 1, 0, 0
63000, 130, 1, 0, 0
63100, 120, 1, 0, 0
63200, 100, 1, 0, 0
63300, 140, 1, 0, 0
63400, 130, 1, 0, 0
63500, 100, 1, 0, 0
63600, 110, 1, 0, 0
63700, 130, 1, 0, 0
63800, 120, 1, 0, 0
63900, 110, 1, 0, 0
64000, 140, 1, 0, 0
64100, 110, 1, 0, 0
64200, 90, 1, 0, 0
64300, 140, 1, 0, 0
64400, 120, 1, 0, 0
64500, 100, 1, 0, 0
64600, 130, 1, 0, 0
64700, 110, 1, 0, 0
64800, 100, 1, 0, 0
64900, 140, 1, 0, 0
65000, 100, 1, 0, 0
65100, 120, 1, 0, 0
65200, 130, 1, 0, 0
65300, 90, 1, 0, 0
65400, 120, 1, 0, 0
65500, 130, 1, 0, 0
65600, 90, 1, 0, 0
65700, 140, 1, 0, 0
65800, 140, 1, 0, 0
65900, 111, 1, 0, 0
66000, 90, 1, 0, 0
66100, 90, 1, 0, 0
66200, 130, 1, 0, 0
66300, 140, 1, 0, 0
66400, 100, 1, 0, 0
66500, 100, 1, 0, 0
66600, 140, 1, 0, 0
66700, 110, 1, 0, 0
66800, 110, 1, 0, 0
66900, 130, 1, 0, 0
67000, 70, 1, 0, 0
67100, 100, 1, 0, 0
67200, 120, 1, 0, 0
67300, 140, 1, 0, 0
67400, 120, 1, 0, 0
67500, 90, 1, 0, 0
67600, 130, 1, 0, 0
67700, 120, 1, 0, 0
67800, 100, 1, 0, 0
67900, 120, 1, 0, 0
68000, 90, 1, 0, 0
68100, 130, 1, 0, 0
68200, 110, 1, 0, 0
68300, 110, 1, 0, 0
68400, 140, 1, 0, 0
68500, 100, 1, 0, 0
68600, 100, 1, 0, 0
68700, 120, 1, 0, 0
68800, 100, 1, 0, 0
68900, 141, 1, 0, 0
69000, 120, 1, 0, 0
69100, 90, 1, 0, 0
69200, 130, 1, 0, 0
69300, 100, 1, 0, 0
69400, 120, 1, 0, 0
69500, 120, 1, 0, 0
69600, 90, 1, 0, 0
69700, 130, 1, 0, 0
69800, 100, 1, 0, 0
69900, 120, 1, 0, 0
70000, 120, 1, 0, 0
70100, 90, 1, 0, 0
70200, 130, 1, 0, 0
70300, 110, 1, 0, 0
70400, 110, 1, 0, 0
70500, 90, 1, 0, 0
71000, 10, 1, 0, 0
71100, 100, 1, 0, 0
71200, 120, 1, 0, 0
71300, 100, 1, 0, 0
71400, 140, 1, 0, 0
71500, 80, 1, 0, 0
71600, 120, 1, 0, 0
71700, 130, 1, 0, 0
71800, 90, 1, 0, 0
71900, 141, 1, 0, 0
72000, 100, 1, 0, 0
72100, 100, 1, 0, 0
72200, 140, 1, 0, 0
72300, 110, 1, 0, 0
72400, 110, 1, 0, 0
72500, 130, 1, 0, 0
72600, 70, 1, 0, 0
72700, 140, 1, 0, 0
72800, 110, 1, 0, 0
72900, 110, 1, 0, 0
73000, 130, 1, 0, 0
73100, 130, 1, 0, 0
73200, 80, 1, 0, 0
73300, 140, 1, 0, 0
73400, 100, 1, 0, 0
73500, 120, 1, 0, 0
73600, 130, 1, 0, 0
73700, 130, 1, 0, 0
73800, 100, 1, 0, 0
73900, 120, 1, 0, 0
74000, 120, 1, 0, 0
74100, 100, 1, 0, 0
74200, 130, 1, 0, 0
74300, 100, 1, 0, 0
74400, 110, 1, 0, 0
74501, 140, 1, 0, 0
74600, 121, 1, 0, 0
74700, 100, 1, 0, 0
74800, 140, 1, 0, 0
74900, 130, 1, 0, 0
75000, 80, 1, 0, 0
75100, 130, 1, 0, 0
75200, 140, 1, 0, 0
75300, 130, 1, 0, 0
75400, 120, 1, 0, 0
75500, 110, 1, 0, 0
75600, 140, 1, 0, 0
75700, 100, 1, 0, 0
75800, 100, 1, 0, 0
75900, 140, 1, 0, 0
76000, 120, 1, 0, 0
76100, 100, 1, 0, 0
76200, 140, 1, 0, 0
76300, 110, 1, 0, 0
76400, 110, 1, 0, 0
76500, 120, 1, 0, 0
76600, 131, 1, 0, 0
76700, 100, 1, 0, 0
76800, 130, 1, 0, 0
76900, 130, 1, 0, 0
77000, 70, 1, 0, 0
77100, 110, 1, 0, 0
77200, 110, 1, 0, 0
77300, 140, 1, 0, 0
77400, 90, 1, 0, 0
77500, 110, 1, 0, 0
77600, 130, 1, 0, 0
77700, 90, 1, 0, 0
77800, 140, 1, 0, 0
77900, 110, 1, 0, 0
78000, 90, 1, 0, 0
78100, 140, 1, 0, 0
78200, 90, 1, 0, 0
78300, 130, 1, 0, 0
78400, 130, 1, 0, 0
78500, 70, 1, 0, 0
78600, 140, 1, 0, 0
78700, 100, 1, 0, 0
78800, 120, 1, 0, 0
78900, 121, 1, 0, 0
79000, 80, 1, 0, 0
79100, 140, 1, 0, 0
79200, 100, 1, 0, 0
79300, 120, 1, 0, 0
79400, 130, 1, 0, 0
79500, 80, 1, 0, 0
79600, 130, 1, 0, 0
79700, 90, 1, 0, 0
79800, 130, 1, 0, 0
79900, 140, 1, 0, 0
80000, 100, 1, 0, 0
80100, 100, 1, 0, 0
80200, 120, 1, 0, 0
80300, 100, 1, 0, 0
80400, 140, 1, 0, 0
80500, 100, 1, 0, 0
80600, 100, 1, 0, 0
80700, 130, 1, 0, 0
80800, 90, 1, 0, 0
80900, 140, 1, 0, 0
81000, 100, 1, 0, 0
81100, 101, 1, 0, 0
81200, 130, 1, 0, 0
81300, 120, 1, 0, 0
81400, 110, 1, 0, 0
81500, 140, 1, 0, 0
81600, 110, 1, 0, 0
81700, 90, 1, 0, 0
81800, 140, 1, 0, 0
81900, 140, 1, 0, 0
82000, 80, 1, 0, 0
82100, 140, 1, 0, 0
82200, 130, 1, 0, 0
82300, 100, 1, 0, 0
82400, 110, 1, 0, 0
82500, 140, 1, 0, 0
82600, 100, 1, 0, 0
82700, 120, 1, 0, 0
82800, 140, 1, 0, 0
82900, 90, 1, 0, 0
83000, 130, 1, 0, 0
83100, 120, 1, 0, 0
83200, 120, 1, 0, 0
83300, 100, 1, 0, 0
83400, 141, 1, 0, 0
83500, 130, 1, 0, 0
83600, 110, 1, 0, 0
83700, 100, 1, 0, 0
83800, 140, 1, 0, 0
83900, 140, 1, 0, 0
84000, 100, 1, 0, 0
84100, 120, 1, 0, 0
84200, 130, 1, 0, 0
84300, 110, 1, 0, 0
84400, 100, 1, 0, 0
84500, 120, 1, 0, 0
84600, 110, 1, 0, 0
84700, 120, 1, 0, 0
84800, 110, 1, 0, 0
84900, 110, 1, 0, 0
85000, 110, 1, 0, 0
85100, 100, 1, 0, 0
85200, 120, 1, 0, 0
85300, 110, 1, 0, 0
85400, 110, 1, 0, 0
85500, 110, 1, 0, 0
85600, 110, 1, 0, 0
85700, 120, 1, 0, 0
85800, 110, 1, 0, 0
85900, 110, 1, 0, 0
86000, 110, 1, 0, 0
86100, 110, 1, 0, 0
86201, 110, 1, 0, 0
86300, 111, 1, 0, 0
86400, 110, 1, 0, 0
86500, 120, 1, 0, 0
86600, 110, 1, 0, 0
86700, 110, 1, 0, 0
86800, 110, 1, 0, 0
86900, 110, 1, 0, 0
87000, 90, 1, 0, 0
87100, 130, 1, 0, 0
87200, 110, 1, 0, 0
87300, 100, 1, 0, 0
87400, 130, 1, 0, 0
87500, 100, 1, 0, 0
87600, 120, 1, 0, 0
87700, 110, 1, 0, 0
87800, 100, 1, 0, 0
87900, 120, 1, 0, 0
88000, 110, 1, 0, 0
88100, 110, 1, 0, 0
88200, 110, 1, 0, 0
88300, 110, 1, 0, 0
88400, 140, 1, 0, 0
88500, 100, 1, 0, 0
88600, 120, 1, 0, 0
88700, 140, 1, 0, 0
88800, 90, 1, 0, 0
88900, 110, 1, 0, 0
89000, 140, 1, 0, 0
89100, 111, 1, 0, 0
89200, 110, 1, 0, 0
89300, 100, 1, 0, 0
89400, 100, 1, 0, 0
89500, 140, 1, 0, 0
89600, 90, 1, 0, 0
89700, 130, 1, 0, 0
89800, 140, 1, 0, 0
89900, 80, 1, 0, 0
90000, 120, 1, 0, 0
90100, 130, 1, 0, 0
90200, 90, 1, 0, 0
90300, 140, 1, 0, 0
90400, 90, 1, 0, 0
90500, 110, 1, 0, 0
90600, 120, 1, 0, 0
90700, 100, 1, 0, 0
90800, 140, 1, 0, 0
90900, 110, 1, 0, 0
91000, 90, 1, 0, 0
91100, 120, 1, 0, 0
91200, 100, 1, 0, 0
91300, 140, 1, 0, 0
91400, 100, 1, 0, 0
91500, 100, 1, 0, 0
91600, 140, 1, 0, 0
91700, 90, 1, 0, 0
91800, 130, 1, 0, 0
91900, 110, 1, 0, 0
92001, 110, 1, 0, 0
92100, 121, 1, 0, 0
92200, 120, 1, 0, 0
92300, 100, 1, 0, 0
92400, 130, 1, 0, 0
92500, 90, 1, 0, 0
92600, 160, 1, 0, 0
92700, 120, 1, 0, 0
92800, 110, 1, 0, 0
92900, 100, 1, 0, 0
93000, 130, 1, 0, 0
93100, 130, 1, 0, 0
93200, 140, 1, 0, 0
93300, 80, 1, 0, 0
93400, 110, 1, 0, 0
93500, 110, 1, 0, 0
93600, 130, 1, 0, 0
93700, 140, 1, 0, 0
93800, 130, 1, 0, 0
93900, 120, 1, 0, 0
94000, 120, 1, 0, 0
94100, 110, 1, 0, 0
94200, 90, 1, 0, 0
94300, 130, 1, 0, 0
94400, 130, 1, 0, 0
94500, 130, 1, 0, 0
94600, 80, 1, 0, 0
94700, 120, 1, 0, 0
94800, 110, 1, 0, 0
94900, 131, 1, 0, 0
95000, 130, 1, 0, 0
95100, 130, 1, 0, 0
95200, 120, 1, 0, 0
95300, 120, 1, 0, 0
95400, 110, 1, 0, 0
95500, 90, 1, 0, 0
95600, 140, 1, 0, 0
95700, 130, 1, 0, 0
95800, 140, 1, 0, 0
95900, 110, 1, 0, 0
96000, 120, 1, 0, 0
96100, 100, 1, 0, 0
96200, 100, 1, 0, 0
96300, 140, 1, 0, 0
96400, 130, 1, 0, 0
96500, 120, 1, 0, 0
96600, 120, 1, 0, 0
96700, 130, 1, 0, 0
96800, 100, 1, 0, 0
96900, 100, 1, 0, 0
97000, 130, 1, 0, 0
97100, 100, 1, 0, 0
97200, 130, 1, 0, 0
97300, 110, 1, 0, 0
97400, 110, 1, 0, 0
97500, 120, 1, 0, 0
97600, 130, 1, 0, 0
97701, 140, 1, 0, 0
97800, 131, 1, 0, 0
97900, 70, 1, 0, 0
98000, 130, 1, 0, 0
98100, 110, 1, 0, 0
98200, 130, 1, 0, 0
98300, 130, 1, 0, 0
98400, 140, 1, 0, 0
98500, 120, 1, 0, 0
98600, 120, 1, 0, 0
98700, 120, 1, 0, 0
98800, 110, 1, 0, 0
98900, 100, 1, 0, 0
99000, 140, 1, 0, 0
99100, 130, 1, 0, 0
99200, 140, 1, 0, 0
99300, 120, 1, 0, 0
99400, 120, 1, 0, 0
99500, 120, 1, 0, 0
99600, 110, 1, 0, 0
99700, 110, 1, 0, 0
99800, 130, 1, 0, 0
99900, 130, 1, 0, 0
100000, 140, 1, 0, 0
100100, 120, 1, 0, 0
100200, 120, 1, 0, 0
100300, 120, 1, 0, 0
100400, 110, 1, 0, 0
100501, 100, 1, 0, 0
100600, 90, 1, 0, 0
101000, 60, 1, 0, 0
101100, 130, 1, 0, 0
101200, 100, 1, 0, 0
101300, 120, 1, 0, 0
101400, 150, 1, 0, 0
101500, 100, 1, 0, 0
101600, 110, 1, 0, 0
101700, 120, 1, 0, 0
101800, 140, 1, 0, 0
101900, 110, 1, 0, 0
102000, 120, 1, 0, 0
102100, 130, 1, 0, 0
102200, 120, 1, 0, 0
102300, 100, 1, 0, 0
102400, 120, 1, 0, 0
102500, 120, 1, 0, 0
102600, 110, 1, 0, 0
102700, 140, 1, 0, 0
102800, 140, 1, 0, 0
102900, 60, 1, 0, 0
103000, 150, 1, 0, 0
103100, 100, 1, 0, 0
103200, 140, 1, 0, 0
103300, 100, 1, 0, 0
103400, 120, 1, 0, 0
103500, 110, 1, 0, 0
103600, 110, 1, 0, 0
103700, 120, 1, 0, 0
103800, 110, 1, 0, 0
103900, 140, 1, 0, 0
104000, 130, 1, 0, 0
104100, 90, 1, 0, 0
104200, 110, 1, 0, 0
104300, 140, 1, 0, 0
104400, 110, 1, 0, 0
104500, 120, 1, 0, 0
104600, 130, 1, 0, 0
104700, 110, 1, 0, 0
104800, 100, 1, 0, 0
104900, 131, 1, 0, 0
105000, 100, 1, 0, 0
105100, 130, 1, 0, 0
105200, 140, 1, 0, 0
105300, 120, 1, 0, 0
105400, 80, 1, 0, 0
105500, 130, 1, 0, 0
105600, 120, 1, 0, 0
105700, 120, 1, 0, 0
105800, 130, 1, 0, 0
105900, 120, 1, 0, 0
106000, 90, 1, 0, 0
106100, 120, 1, 0, 0
106200, 140, 1, 0, 0
106300, 110, 1, 0, 0
106400, 120, 1, 0, 0
106500, 130, 1, 0, 0
106600, 120, 1, 0, 0
106700, 100, 1, 0, 0
106800, 120, 1, 0, 0
106900, 110, 1, 0, 0
107000, 120, 1, 0, 0
107100, 60, 1, 0, 0
107200, 130, 1, 0, 0
107300, 120, 1, 0, 0
107400, 110, 1, 0, 0
107500, 140, 1, 0, 0
107600, 110, 1, 0, 0
107700, 110, 1, 0, 0
107800, 110, 1, 0, 0
107900, 130, 1, 0, 0
108000, 100, 1, 0, 0
108100, 140, 1, 0, 0
108200, 120, 1, 0, 0
108300, 100, 1, 0, 0
108400, 110, 1, 0, 0
108500, 140, 1, 0, 0
108600, 90, 1, 0, 0
108700, 140, 1, 0, 0
108800, 130, 1, 0, 0
108900, 110, 1, 0, 0
109000, 130, 1, 0, 0
109100, 100, 1, 0, 0
109200, 140, 1, 0, 0
109300, 120, 1, 0, 0
109400, 111, 1, 0, 0
109500, 120, 1, 0, 0
109600, 130, 1, 0, 0
109700, 100, 1, 0, 0
109800, 120, 1, 0, 0
109900, 140, 1, 0, 0
110000, 120, 1, 0, 0
110100, 110, 1, 0, 0
110200, 140, 1, 0, 0
110300, 130, 1, 0, 0
110400, 100, 1, 0, 0
110500, 100, 1, 0, 0
110600, 110, 1, 0, 0
110700, 120, 1, 0, 0
110800, 140, 1, 0, 0
110900, 130, 1, 0, 0
111000, 140, 1, 0, 0
111100, 90, 1, 0, 0
111200, 110, 1, 0, 0
111300, 140, 1, 0, 0
111400, 110, 1, 0, 0
111500, 120, 1, 0, 0
111600, 141, 1, 0, 0
111700, 120, 1, 0, 0
111800, 80, 1, 0, 0
111900, 120, 1, 0, 0
112000, 100, 1, 0, 0
112100, 130, 1, 0, 0
112200, 60, 1, 0, 0
112300, 110, 1, 0, 0
112400, 120, 1, 0, 0
112500, 120, 1, 0, 0
112600, 120, 1, 0, 0
112700, 80, 1, 0, 0
112800, 100, 1, 0, 0
112900, 130, 1, 0, 0
113000, 90, 1, 0, 0
113100, 110, 1, 0, 0
113200, 90, 1, 0, 0
113300, 130, 1, 0, 0
113400, 110, 1, 0, 0
113500, 90, 1, 0, 0
113600, 110, 1, 0, 0
113700, 110, 1, 0, 0
113800, 120, 1, 0, 0
113900, 90, 1, 0, 0
114000, 90, 1, 0, 0
114100, 130, 1, 0, 0
114200, 130, 1, 0, 0
114300, 60, 1, 0, 0
114400, 130, 1, 0, 0
114500, 100, 1, 0, 0
114600, 120, 1, 0, 0
114700, 90, 1, 0, 0
114800, 120, 1, 0, 0
114900, 110, 1, 0, 0
115000, 110, 1, 0, 0
115100, 120, 1, 0, 0
115200, 80, 1, 0, 0
115300, 100, 1, 0, 0
115400, 120, 1, 0, 0
115500, 140, 1, 0, 0
115601, 60, 1, 0, 0
115700, 90, 1, 0, 0
115800, 140, 1, 0, 0
115900, 90, 1, 0, 0
116000, 100, 1, 0, 0
116100, 140, 1, 0, 0
116200, 90, 1, 0, 0
116300, 140, 1, 0, 0
116400, 130, 1, 0, 0
116500, 90, 1, 0, 0
116600, 110, 1, 0, 0
116700, 130, 1, 0, 0
116800, 100, 1, 0, 0
116900, 140, 1, 0, 0
117000, 100, 1, 0, 0
117100, 90, 1, 0, 0
117200, 120, 1, 0, 0
117300, 110, 1, 0, 0
117400, 130, 1, 0, 0
117500, 90, 1, 0, 0
117600, 110, 1, 0, 0
117700, 140, 1, 0, 0
117800, 120, 1, 0, 0
117900, 111, 1, 0, 0
118000, 130, 1, 0, 0
118100, 110, 1, 0, 0
118200, 100, 1, 0, 0
118300, 130, 1, 0, 0
118400, 140, 1, 0, 0
118500, 100, 1, 0, 0
118600, 130, 1, 0, 0
118700, 130, 1, 0, 0
118800, 140, 1, 0, 0
118900, 90, 1, 0, 0
119000, 110, 1, 0, 0
119100, 140, 1, 0, 0
119200, 110, 1, 0, 0
119300, 120, 1, 0, 0
119400, 130, 1, 0, 0
119500, 140, 1, 0, 0
119600, 100, 1, 0, 0
119700, 100, 1, 0, 0
119800, 140, 1, 0, 0
119900, 100, 1, 0, 0
120000, 130, 1, 0, 0
120100, 140, 1, 0, 0
120201, 90, 1, 0, 0
120300, 101, 1, 0, 0
120400, 140, 1, 0, 0
120500, 90, 1, 0, 0
120600, 140, 1, 0, 0
120700, 130, 1, 0, 0
120800, 120, 1, 0, 0
120900, 90, 1, 0, 0
121000, 130, 1, 0, 0
121100, 120, 1, 0, 0
121200, 110, 1, 0, 0
121300, 130, 1, 0, 0
121400, 140, 1, 0, 0
121500, 100, 1, 0, 0
121600, 100, 1, 0, 0
121700, 140, 1, 0, 0
121800, 90, 1, 0, 0
121900, 140, 1, 0, 0
122000, 130, 1, 0, 0
122100, 100, 1, 0, 0
122200, 110, 1, 0, 0
122300, 130, 1, 0, 0
122401, 130, 1, 0, 0
122500, 101, 1, 0, 0
122600, 140, 1, 0, 0
122700, 130, 1, 0, 0
122800, 110, 1, 0, 0
122900, 90, 1, 0, 0
123000, 130, 1, 0, 0
123100, 100, 1, 0, 0
123200, 140, 1, 0, 0
123300, 130, 1, 0, 0
123400, 120, 1, 0, 0
123500, 90, 1, 0, 0
123600, 130, 1, 0, 0
123700, 110, 1, 0, 0
123800, 120, 1, 0, 0
123900, 140, 1, 0, 0
124000, 140, 1, 0, 0
124100, 100, 1, 0, 0
124200, 90, 1, 0, 0
124300, 140, 1, 0, 0
124400, 130, 1, 0, 0
124500, 100, 1, 0, 0
124600, 140, 1, 0, 0
124701, 130, 1, 0, 0
124800, 111, 1, 0, 0
124900, 110, 1, 0, 0
125000, 120, 1, 0, 0
125100, 130, 1, 0, 0
125200, 100, 1, 0, 0
125300, 130, 1, 0, 0
125400, 110, 1, 0, 0
125500, 90, 1, 0, 0
125600, 90, 1, 0, 0
125700, 140, 1, 0, 0
125800, 130, 1, 0, 0
125900, 110, 1, 0, 0
126000, 110, 1, 0, 0
126100, 120, 1, 0, 0
126200, 140, 1, 0, 0
126300, 110, 1, 0, 0
126400, 120, 1, 0, 0
126500, 140, 1, 0, 0
126600, 100, 1, 0, 0
126700, 100, 1, 0, 0
126800, 130, 1, 0, 0
126900, 141, 1, 0, 0
127000, 100, 1, 0, 0
127100, 130, 1, 0, 0
127200, 140, 1, 0, 0
127300, 120, 1, 0, 0
127400, 120, 1, 0, 0
127500, 100, 1, 0, 0
127600, 130, 1, 0, 0
127700, 90, 1, 0, 0
127800, 130, 1, 0, 0
127900, 140, 1, 0, 0
128000, 100, 1, 0, 0
128100, 100, 1, 0, 0
128200, 140, 1, 0, 0
128300, 100, 1, 0, 0
128400, 130, 1, 0, 0
128500, 140, 1, 0, 0
128600, 110, 1, 0, 0
128700, 80, 1, 0, 0
128800, 130, 1, 0, 0
128900, 100, 1, 0, 0
129000, 130, 1, 0, 0
129100, 90, 1, 0, 0
129200, 110, 1, 0, 0
129300, 140, 1, 0, 0
129400, 90, 1, 0, 0
129500, 130, 1, 0, 0
129600, 110, 1, 0, 0
129700, 90, 1, 0, 0
129800, 130, 1, 0, 0
129900, 100, 1, 0, 0
130000, 140, 1, 0, 0
130100, 130, 1, 0, 0
130200, 100, 1, 0, 0
130300, 100, 1, 0, 0
130400, 140, 1, 0, 0
130500, 100, 1, 0, 0
130600, 130, 1, 0, 0
130700, 60, 1, 0, 0
131100, 60, 1, 0, 0
131200, 90, 1, 0, 0
131300, 130, 1, 0, 0
131400, 151, 1, 0, 0
131500, 120, 1, 0, 0
131600, 110, 1, 0, 0
131700, 110, 1, 0, 0
131800, 140, 1, 0, 0
131900, 130, 1, 0, 0
132000, 90, 1, 0, 0
132100, 130, 1, 0, 0
132200, 120, 1, 0, 0
132300, 110, 1, 0, 0
132400, 110, 1, 0, 0
132500, 140, 1, 0, 0
132600, 110, 1, 0, 0
132700, 120, 1, 0, 0
132800, 140, 1, 0, 0
132900, 100, 1, 0, 0
133000, 110, 1, 0, 0
133100, 130, 1, 0, 0
133200, 140, 1, 0, 0
133300, 80, 1, 0, 0
133400, 140, 1, 0, 0
133500, 140, 1, 0, 0
133600, 100, 1, 0, 0
133700, 100, 1, 0, 0
133800, 140, 1, 0, 0
133900, 111, 1, 0, 0
134000, 110, 1, 0, 0
134100, 140, 1, 0, 0
134200, 90, 1, 0, 0
134300, 110, 1, 0, 0
134400, 130, 1, 0, 0
134500, 120, 1, 0, 0
134600, 110, 1, 0, 0
134700, 140, 1, 0, 0
134800, 110, 1, 0, 0
134900, 110, 1, 0, 0
135000, 120, 1, 0, 0
135100, 120, 1, 0, 0
135200, 100, 1, 0, 0
135300, 140, 1, 0, 0
135400, 130, 1, 0, 0
135500, 100, 1, 0, 0
135600, 110, 1, 0, 0
135700, 90, 1, 0, 0
135800, 130, 1, 0, 0
135900, 90, 1, 0, 0
136000, 110, 1, 0, 0
136100, 120, 1, 0, 0
136200, 100, 1, 0, 0
136300, 130, 1, 0, 0
136400, 70, 1, 0, 0
136500, 130, 1, 0, 0
136600, 90, 1, 0, 0
136700, 130, 1, 0, 0
136800, 100, 1, 0, 0
136900, 110, 1, 0, 0
137000, 100, 1, 0, 0
137100, 120, 1, 0, 0
137200, 90, 1, 0, 0
137300, 110, 1, 0, 0
137400, 120, 1, 0, 0
137500, 100, 1, 0, 0
137600, 140, 1, 0, 0
137700, 80, 1, 0, 0
137800, 120, 1, 0, 0
137900, 80, 1, 0, 0
138000, 130, 1, 0, 0
138100, 90, 1, 0, 0
138200, 120, 1, 0, 0
138300, 90, 1, 0, 0
138400, 130, 1, 0, 0
138500, 120, 1, 0, 0
138600, 80, 1, 0, 0
138700, 90, 1, 0, 0
138800, 130, 1, 0, 0
138900, 80, 1, 0, 0
139000, 120, 1, 0, 0
139100, 80, 1, 0, 0
139200, 140, 1, 0, 0
139300, 130, 1, 0, 0
139400, 70, 1, 0, 0
139500, 140, 1, 0, 0
139600, 90, 1, 0, 0
139700, 130, 1, 0, 0
139800, 120, 1, 0, 0
139900, 80, 1, 0, 0
140000, 120, 1, 0, 0
140100, 100, 1, 0, 0
140200, 130, 1, 0, 0
140300, 90, 1, 0, 0
140400, 120, 1, 0, 0
140500, 120, 1, 0, 0
140600, 110, 1, 0, 0
140700, 130, 1, 0, 0
140800, 130, 1, 0, 0
140900, 80, 1, 0, 0
141000, 130, 1, 0, 0
141100, 140, 1, 0, 0
141200, 120, 1, 0, 0
141300, 110, 1, 0, 0
141400, 131, 1, 0, 0
141500, 120, 1, 0, 0
141600, 100, 1, 0, 0
141700, 120, 1, 0, 0
141800, 140, 1, 0, 0
141900, 100, 1, 0, 0
142000, 120, 1, 0, 0
142100, 130, 1, 0, 0
142200, 130, 1, 0, 0
142300, 120, 1, 0, 0
142400, 100, 1, 0, 0
142500, 90, 1, 0, 0
142600, 130, 1, 0, 0
142700, 140, 1, 0, 0
142800, 90, 1, 0, 0
142900, 110, 1, 0, 0
143000, 140, 1, 0, 0
143100, 120, 1, 0, 0
143200, 110, 1, 0, 0
143300, 130, 1, 0, 0
143400, 130, 1, 0, 0
143500, 100, 1, 0, 0
143600, 110, 1, 0, 0
143700, 140, 1, 0, 0
143800, 130, 1, 0, 0
143900, 90, 1, 0, 0
144000, 140, 1, 0, 0
144100, 80, 1, 0, 0
144200, 120, 1, 0, 0
144301, 80, 1, 0, 0
144400, 111, 1, 0, 0
144500, 90, 1, 0, 0
144600, 110, 1, 0, 0
144700, 100, 1, 0, 0
144800, 90, 1, 0, 0
144900, 120, 1, 0, 0
145000, 80, 1, 0, 0
145100, 120, 1, 0, 0
145200, 80, 1, 0, 0
145300, 110, 1, 0, 0
145400, 100, 1, 0, 0
145500, 80, 1, 0, 0
145600, 70, 1, 0, 0
145700, 90, 1, 0, 0
145800, 110, 1, 0, 0
145900, 100, 1, 0, 0
146000, 110, 1, 0, 0
146100, 70, 1, 0, 0
146200, 130, 1, 0, 0
146300, 90, 1, 0, 0
146400, 110, 1, 0, 0
146500, 90, 1, 0, 0
146600, 90, 1, 0, 0
146700, 120, 1, 0, 0
146800, 70, 1, 0, 0
146900, 110, 1, 0, 0
147000, 100, 1, 0, 0
147100, 120, 1, 0, 0
147201, 90, 1, 0, 0
147300, 80, 1, 0, 0
147400, 130, 1, 0, 0
147500, 70, 1, 0, 0
147600, 120, 1, 0, 0
147700, 90, 1, 0, 0
147800, 120, 1, 0, 0
147900, 90, 1, 0, 0
148000, 110, 1, 0, 0
148100, 100, 1, 0, 0
148200, 70, 1, 0, 0
148300, 130, 1, 0, 0
148400, 90, 1, 0, 0
148500, 70, 1, 0, 0
148600, 120, 1, 0, 0
148700, 90, 1, 0, 0
148800, 90, 1, 0, 0
148900, 110, 1, 0, 0
149000, 140, 1, 0, 0
149100, 80, 1, 0, 0
149200, 140, 1, 0, 0
149300, 130, 1, 0, 0
149400, 90, 1, 0, 0
149500, 120, 1, 0, 0
149600, 120, 1, 0, 0
149700, 100, 1, 0, 0
149800, 140, 1, 0, 0
149900, 121, 1, 0, 0
150000, 90, 1, 0, 0
150100, 130, 1, 0, 0
150200, 120, 1, 0, 0
150300, 100, 1, 0, 0
150400, 140, 1, 0, 0
150500, 100, 1, 0, 0
150600, 100, 1, 0, 0
150700, 140, 1, 0, 0
150800, 120, 1, 0, 0
150900, 100, 1, 0, 0
151000, 140, 1, 0, 0
151100, 90, 1, 0, 0
151200, 110, 1, 0, 0
151300, 130, 1, 0, 0
151400, 100, 1, 0, 0
151500, 130, 1, 0, 0
151600, 120, 1, 0, 0
151700, 90, 1, 0, 0
151800, 130, 1, 0, 0
151900, 130, 1, 0, 0
152000, 120, 1, 0, 0
152100, 80, 1, 0, 0
152200, 90, 1, 0, 0
152300, 120, 1, 0, 0
152401, 110, 1, 0, 0
152500, 121, 1, 0, 0
152600, 120, 1, 0, 0
152700, 90, 1, 0, 0
152800, 110, 1, 0, 0
152900, 100, 1, 0, 0
153000, 120, 1, 0, 0
153100, 100, 1, 0, 0
153200, 130, 1, 0, 0
153300, 80, 1, 0, 0
153400, 110, 1, 0, 0
153500, 110, 1, 0, 0
153600, 120, 1, 0, 0
153700, 110, 1, 0, 0
153800, 90, 1, 0, 0
153900, 130, 1, 0, 0
154000, 90, 1, 0, 0
154100, 140, 1, 0, 0
154200, 80, 1, 0, 0
154300, 120, 1, 0, 0
154400, 110, 1, 0, 0
154500, 110, 1, 0, 0
154600, 140, 1, 0, 0
154700, 80, 1, 0, 0
154800, 110, 1, 0, 0
154900, 90, 1, 0, 0
155001, 140, 1, 0, 0
155100, 101, 1, 0, 0
155200, 100, 1, 0, 0
155300, 90, 1, 0, 0
155400, 130, 1, 0, 0
155500, 80, 1, 0, 0
155600, 110, 1, 0, 0
155700, 90, 1, 0, 0
155800, 130, 1, 0, 0
155900, 110, 1, 0, 0
156000, 110, 1, 0, 0
156100, 120, 1, 0, 0
156200, 100, 1, 0, 0
156300, 130, 1, 0, 0
156400, 100, 1, 0, 0
156500, 90, 1, 0, 0
156600, 140, 1, 0, 0
156700, 60, 1, 0, 0
156800, 110, 1, 0, 0
156900, 110, 1, 0, 0
157000, 120, 1, 0, 0
157100, 110, 1, 0, 0
157200, 80, 1, 0, 0
157300, 110, 1, 0, 0
157400, 110, 1, 0, 0
157500, 120, 1, 0, 0
157600, 80, 1, 0, 0
157701, 110, 1, 0, 0
157800, 141, 1, 0, 0
157900, 90, 1, 0, 0
158000, 130, 1, 0, 0
158100, 90, 1, 0, 0
158200, 120, 1, 0, 0
158300, 120, 1, 0, 0
158400, 100, 1, 0, 0
158500, 90, 1, 0, 0
158600, 130, 1, 0, 0
158700, 100, 1, 0, 0
158800, 100, 1, 0, 0
158900, 80, 1, 0, 0
159000, 130, 1, 0, 0
159100, 120, 1, 0, 0
159200, 90, 1, 0, 0
159300, 130, 1, 0, 0
159400, 90, 1, 0, 0
159500, 110, 1, 0, 0
159600, 100, 1, 0, 0
159700, 130, 1, 0, 0
159800, 80, 1, 0, 0
159900, 130, 1, 0, 0
160000, 110, 1, 0, 0
160100, 100, 1, 0, 0
160200, 110, 1, 0, 0
160300, 110, 1, 0, 0
160400, 110, 1, 0, 0
160500, 100, 1, 0, 0
160600, 101, 1, 0, 0
160700, 110, 1, 0, 0
160800, 40, 1, 0, 0
161000, 10, 1, 0, 0
161100, 90, 1, 0, 0
161200, 110, 1, 0, 0
161300, 110, 1, 0, 0
161400, 120, 1, 0, 0
161500, 90, 1, 0, 0
161600, 130, 1, 0, 0
161700, 90, 1, 0, 0
161800, 110, 1, 0, 0
161900, 130, 1, 0, 0
162000, 90, 1, 0, 0
162100, 100, 1, 0, 0
162200, 100, 1, 0, 0
162300, 140, 1, 0, 0
162400, 80, 1, 0, 0
162500, 120, 1, 0, 0
162600, 120, 1, 0, 0
162700, 100, 1, 0, 0
162800, 130, 1, 0, 0
162900, 60, 1, 0, 0
163000, 90, 1, 0, 0
163100, 140, 1, 0, 0
163200, 130, 1, 0, 0
163300, 90, 1, 0, 0
163400, 101, 1, 0, 0
163500, 120, 1, 0, 0
163600, 120, 1, 0, 0
163700, 70, 1, 0, 0
163800, 120, 1, 0, 0
163900, 130, 1, 0, 0
164000, 100, 1, 0, 0
164100, 140, 1, 0, 0
164200, 100, 1, 0, 0
164300, 110, 1, 0, 0
164400, 110, 1, 0, 0
164500, 110, 1, 0, 0
164600, 130, 1, 0, 0
164700, 70, 1, 0, 0
164800, 110, 1, 0, 0
164900, 120, 1, 0, 0
165000, 120, 1, 0, 0
165100, 110, 1, 0, 0
165200, 100, 1, 0, 0
165300, 110, 1, 0, 0
165400, 120, 1, 0, 0
165500, 120, 1, 0, 0
165600, 80, 1, 0, 0
165701, 140, 1, 0, 0
165800, 101, 1, 0, 0
165900, 110, 1, 0, 0
166000, 130, 1, 0, 0
166100, 110, 1, 0, 0
166200, 100, 1, 0, 0
166300, 120, 1, 0, 0
166400, 130, 1, 0, 0
166500, 100, 1, 0, 0
166600, 140, 1, 0, 0
166700, 80, 1, 0, 0
166800, 120, 1, 0, 0
166900, 110, 1, 0, 0
167000, 110, 1, 0, 0
167100, 80, 1, 0, 0
167200, 100, 1, 0, 0
167300, 110, 1, 0, 0
167400, 130, 1, 0, 0
167500, 90, 1, 0, 0
167600, 90, 1, 0, 0
167700, 120, 1, 0, 0
167800, 120, 1, 0, 0
167900, 110, 1, 0, 0
168000, 110, 1, 0, 0
168100, 121, 1, 0, 0
168200, 120, 1, 0, 0
168300, 100, 1, 0, 0
168400, 130, 1, 0, 0
168500, 90, 1, 0, 0
168600, 120, 1, 0, 0
168700, 120, 1, 0, 0
168800, 110, 1, 0, 0
168900, 130, 1, 0, 0
169000, 100, 1, 0, 0
169100, 110, 1, 0, 0
169200, 90, 1, 0, 0
169300, 120, 1, 0, 0
169400, 130, 1, 0, 0
169500, 90, 1, 0, 0
169600, 110, 1, 0, 0
169700, 120, 1, 0, 0
169800, 110, 1, 0, 0
169900, 140, 1, 0, 0
170000, 110, 1, 0, 0
170100, 80, 1, 0, 0
170200, 120, 1, 0, 0
170300, 110, 1, 0, 0
170400, 101, 1, 0, 0
170500, 110, 1, 0, 0
170600, 120, 1, 0, 0
170700, 110, 1, 0, 0
170800, 120, 1, 0, 0
170900, 140, 1, 0, 0
171000, 120, 1, 0, 0
171100, 100, 1, 0, 0
171200, 100, 1, 0, 0
171300, 130, 1, 0, 0
171400, 110, 1, 0, 0
171500, 90, 1, 0, 0
171600, 120, 1, 0, 0
171700, 110, 1, 0, 0
171800, 120, 1, 0, 0
171900, 120, 1, 0, 0
172000, 90, 1, 0, 0
172100, 100, 1, 0, 0
172200, 130, 1, 0, 0
172300, 100, 1, 0, 0
172400, 140, 1, 0, 0
172500, 110, 1, 0, 0
172600, 110, 1, 0, 0
172700, 100, 1, 0, 0
172801, 120, 1, 0, 0
172900, 121, 1, 0, 0
173000, 90, 1, 0, 0
173100, 130, 1, 0, 0
173200, 100, 1, 0, 0
173300, 110, 1, 0, 0
173400, 130, 1, 0, 0
173500, 80, 1, 0, 0
173600, 140, 1, 0, 0
173700, 100, 1, 0, 0
173800, 130, 1, 0, 0
173900, 110, 1, 0, 0
174000, 130, 1, 0, 0
174100, 90, 1, 0, 0
174200, 100, 1, 0, 0
174300, 120, 1, 0, 0
174400, 120, 1, 0, 0
174500, 110, 1, 0, 0
174600, 110, 1, 0, 0
174700, 100, 1, 0, 0
174800, 140, 1, 0, 0
174900, 100, 1, 0, 0
175000, 100, 1, 0, 0
175100, 120, 1, 0, 0
175200, 130, 1, 0, 0
175300, 110, 1, 0, 0
175400, 101, 1, 0, 0
175500, 120, 1, 0, 0
175600, 80, 1, 0, 0
175700, 120, 1, 0, 0
175800, 110, 1, 0, 0
175900, 130, 1, 0, 0
176000, 120, 1, 0, 0
176100, 120, 1, 0, 0
176200, 110, 1, 0, 0
176300, 110, 1, 0, 0
176400, 110, 1, 0, 0
176500, 130, 1, 0, 0
176600, 100, 1, 0, 0
176700, 120, 1, 0, 0
176800, 110, 1, 0, 0
176900, 120, 1, 0, 0
177000, 110, 1, 0, 0
177100, 130, 1, 0, 0
177200, 100, 1, 0, 0
177300, 110, 1, 0, 0
177400, 120, 1, 0, 0
177500, 100, 1, 0, 0
177600, 140, 1, 0, 0
177700, 80, 1, 0, 0
177800, 120, 1, 0, 0
177900, 120, 1, 0, 0
178000, 110, 1, 0, 0
178100, 131, 1, 0, 0
178200, 100, 1, 0, 0
178300, 80, 1, 0, 0
178400, 110, 1, 0, 0
178500, 120, 1, 0, 0
178600, 90, 1, 0, 0
178700, 100, 1, 0, 0
178800, 100, 1, 0, 0
178900, 90, 1, 0, 0
179000, 90, 1, 0, 0
179100, 100, 1, 0, 0
179200, 110, 1, 0, 0
179300, 110, 1, 0, 0
179400, 100, 1, 0, 0
179500, 100, 1, 0, 0
179600, 100, 1, 0, 0
179700, 90, 1, 0, 0
179800, 120, 1, 0, 0
179900, 110, 1, 0, 0
180000, 80, 1, 0, 0
