108, 7752600, 1, 0, 0
214, 7540488, 1, 0, 0
319, 7543364, 1, 0, 0
425, 7543309, 1, 0, 0
505, 6134529, 1, 0, 0
603, 7538763, 1, 0, 0
702, 7636030, 1, 0, 0
800, 8135315, 1, 0, 0
901, 7755066, 1, 0, 0
1000, 7663062, 1, 0, 0
1102, 7820217, 1, 0, 0
1203, 7742841, 1, 0, 0
1301, 8980454, 1, 0, 0
1409, 8285619, 1, 0, 0
1508, 7625589, 1, 0, 0
1620, 7995594, 1, 0, 0
1704, 6478155, 1, 0, 0
1800, 7991564, 1, 0, 0
1904, 7996208, 1, 0, 0
2002, 8906788, 1, 0, 0
2108, 8816791, 1, 0, 0
2200, 7637393, 1, 0, 0
2303, 8627583, 1, 0, 0
2403, 7627432, 1, 0, 0
2514, 7993193, 1, 0, 0
2626, 7995551, 1, 0, 0
2703, 6348274, 1, 0, 0
2807, 7995020, 1, 0, 0
2900, 8466121, 1, 0, 0
3005, 9570846, 1, 0, 0
3100, 7886595, 1, 0, 0
3202, 7854720, 1, 0, 0
3309, 8281786, 1, 0, 0
3409, 7632700, 1, 0, 0
3521, 7993234, 1, 0, 0
3605, 6477579, 1, 0, 0
3701, 7989466, 1, 0, 0
3802, 8455331, 1, 0, 0
3903, 8420553, 1, 0, 0
4008, 8745965, 1, 0, 0
4100, 7649992, 1, 0, 0
4204, 8633485, 1, 0, 0
4303, 7634384, 1, 0, 0
4400, 7423243, 1, 0, 0
4502, 7878184, 1, 0, 0
4603, 8428618, 1, 0, 0
4703, 9072940, 1, 0, 0
4807, 8642988, 1, 0, 0
4913, 7606581, 1, 0, 0
5003, 8199661, 1, 0, 0
5105, 7808617, 1, 0, 0
5211, 7547908, 1, 0, 0
5325, 8132174, 1, 0, 0
5400, 6289185, 1, 0, 0
5502, 7877767, 1, 0, 0
5600, 8826813, 1, 0, 0
5700, 8396037, 1, 0, 0
5803, 8580266, 1, 0, 0
5914, 7881450, 1, 0, 0
6024, 7896674, 1, 0, 0
6117, 7096433, 1, 0, 0
6203, 7841243, 1, 0, 0
6308, 7545538, 1, 0, 0
6402, 7201149, 1, 0, 0
6508, 7544261, 1, 0, 0
6622, 8139881, 1, 0, 0
6702, 6707265, 1, 0, 0
6800, 8878326, 1, 0, 0
6938, 13776556, 1, 0, 0
7005, 7529432, 1, 0, 0
7104, 7564527, 1, 0, 0
7201, 8866251, 1, 0, 0
7303, 9236987, 1, 0, 0
7403, 7660144, 1, 0, 0
7516, 8721105, 1, 0, 0
7601, 7730098, 1, 0, 0
7710, 8406010, 1, 0, 0
7803, 7119877, 1, 0, 0
7917, 8144104, 1, 0, 0
8005, 6779035, 1, 0, 0
8100, 10537189, 1, 0, 0
8204, 9501095, 1, 0, 0
8302, 7508809, 1, 0, 0
8402, 9127503, 1, 0, 0
8512, 8412725, 1, 0, 0
8601, 7456011, 1, 0, 0
8702, 9136983, 1, 0, 0
8811, 10888874, 1, 0, 0
8915, 10370829, 1, 0, 0
9024, 8450744, 1, 0, 0
9107, 16615336, 1, 0, 0
9203, 7997390, 1, 0, 0
9318, 9503859, 1, 0, 0
9419, 7838988, 1, 0, 0
9500, 7275440, 1, 0, 0
9601, 12698695, 1, 0, 0
9702, 7720716, 1, 0, 0
9812, 10053679, 1, 0, 0
9913, 7753016, 1, 0, 0
10004, 7549594, 1, 0, 0
10100, 10760721, 1, 0, 0
10218, 9782922, 1, 0, 0
10306, 8807976, 1, 0, 0
10892, 117136296, 1, 0, 0
10911, 19331908, 1, 0, 0
11008, 8077826, 1, 0, 0
11102, 9362858, 1, 0, 0
11203, 7815452, 1, 0, 0
11300, 8085139, 1, 0, 0
11403, 10250202, 1, 0, 0
11515, 10226723, 1, 0, 0
11604, 8844479, 1, 0, 0
11705, 7780649, 1, 0, 0
11805, 7682880, 1, 0, 0
11902, 8848852, 1, 0, 0
12005, 11400904, 1, 0, 0
12106, 10107555, 1, 0, 0
12207, 7760823, 1, 0, 0
12323, 8924858, 1, 0, 0
12410, 9697700, 1, 0, 0
12502, 13153585, 1, 0, 0
12627, 9576600, 1, 0, 0
12703, 6955131, 1, 0, 0
12803, 11094734, 1, 0, 0
12901, 8938922, 1, 0, 0
13012, 10052680, 1, 0, 0
13127, 14324833, 1, 0, 0
13203, 7592775, 1, 0, 0
13317, 11476421, 1, 0, 0
13403, 10666391, 1, 0, 0
13505, 9289633, 1, 0, 0
13629, 8872453, 1, 0, 0
13707, 8626582, 1, 0, 0
13823, 8316030, 1, 0, 0
13900, 8564510, 1, 0, 0
14000, 9990781, 1, 0, 0
14127, 9041773, 1, 0, 0
14213, 9587956, 1, 0, 0
14301, 7979764, 1, 0, 0
14416, 10489908, 1, 0, 0
14505, 8019586, 1, 0, 0
14618, 8080627, 1, 0, 0
14700, 7441493, 1, 0, 0
14805, 8744234, 1, 0, 0
14901, 10716017, 1, 0, 0
15016, 8872534, 1, 0, 0
15108, 8320944, 1, 0, 0
15203, 7294136, 1, 0, 0
15306, 10307813, 1, 0, 0
15400, 7265607, 1, 0, 0
15512, 12408967, 1, 0, 0
15616, 9412614, 1, 0, 0
15700, 7014923, 1, 0, 0
15814, 10405748, 1, 0, 0
15901, 7220595, 1, 0, 0
16012, 11101899, 1, 0, 0
16117, 9509917, 1, 0, 0
16203, 8631716, 1, 0, 0
16322, 9158278, 1, 0, 0
16403, 6219581, 1, 0, 0
16508, 11669745, 1, 0, 0
16609, 9206154, 1, 0, 0
16704, 7280631, 1, 0, 0
16803, 16546233, 1, 0, 0
16926, 13612920, 1, 0, 0
17030, 11623702, 1, 0, 0
17104, 9245081, 1, 0, 0
17205, 9164015, 1, 0, 0
17301, 7979900, 1, 0, 0
17410, 9910063, 1, 0, 0
17502, 7114892, 1, 0, 0
17615, 12514290, 1, 0, 0
17721, 9651456, 1, 0, 0
17822, 11200584, 1, 0, 0
17901, 9841560, 1, 0, 0
18009, 9866985, 1, 0, 0
18100, 10102711, 1, 0, 0
18242, 10916476, 1, 0, 0
18306, 10691648, 1, 0, 0
18402, 10617411, 1, 0, 0
18501, 7601147, 1, 0, 0
18601, 12491397, 1, 0, 0
18700, 9914852, 1, 0, 0
18828, 11655126, 1, 0, 0
18900, 8949092, 1, 0, 0
19023, 11164636, 1, 0, 0
19123, 11157064, 1, 0, 0
19203, 10041926, 1, 0, 0
19309, 9586634, 1, 0, 0
19409, 11080227, 1, 0, 0
19503, 8593256, 1, 0, 0
19618, 10476382, 1, 0, 0
19720, 9238100, 1, 0, 0
19828, 12035744, 1, 0, 0
19903, 9299436, 1, 0, 0
20008, 9574861, 1, 0, 0
20103, 8653990, 1, 0, 0
20242, 11594506, 1, 0, 0
20303, 8625361, 1, 0, 0
20400, 13890126, 1, 0, 0
20533, 9472291, 1, 0, 0
20608, 9361364, 1, 0, 0
20717, 9969222, 1, 0, 0
20801, 9339011, 1, 0, 0
20916, 12787126, 1, 0, 0
21014, 9720069, 1, 0, 0
21111, 10786897, 1, 0, 0
21200, 8943355, 1, 0, 0
21304, 9407935, 1, 0, 0
21404, 9096991, 1, 0, 0
21525, 12105374, 1, 0, 0
21604, 9836567, 1, 0, 0
21710, 9709977, 1, 0, 0
21801, 8194620, 1, 0, 0
21936, 11297545, 1, 0, 0
22015, 9871917, 1, 0, 0
22100, 8511249, 1, 0, 0
22217, 11699130, 1, 0, 0
22302, 7726537, 1, 0, 0
22414, 10144527, 1, 0, 0
22514, 9083412, 1, 0, 0
22601, 8762940, 1, 0, 0
22726, 9565464, 1, 0, 0
22800, 8231280, 1, 0, 0
22918, 9071575, 1, 0, 0
23015, 8803878, 1, 0, 0
23101, 9633820, 1, 0, 0
23231, 9284237, 1, 0, 0
23302, 7869857, 1, 0, 0
23400, 8897985, 1, 0, 0
23522, 9360638, 1, 0, 0
23612, 10010006, 1, 0, 0
23724, 7974909, 1, 0, 0
23800, 9492160, 1, 0, 0
23903, 8593467, 1, 0, 0
24022, 9181456, 1, 0, 0
24106, 9272285, 1, 0, 0
24227, 8653000, 1, 0, 0
24304, 9604959, 1, 0, 0
24400, 8793301, 1, 0, 0
24504, 7943797, 1, 0, 0
24618, 11483937, 1, 0, 0
24703, 8431474, 1, 0, 0
24802, 9002752, 1, 0, 0
24928, 10475224, 1, 0, 0
25001, 8150567, 1, 0, 0
25130, 9222430, 1, 0, 0
25205, 9384371, 1, 0, 0
25301, 7959375, 1, 0, 0
25401, 12521348, 1, 0, 0
25518, 8353787, 1, 0, 0
25600, 9081637, 1, 0, 0
25720, 9298169, 1, 0, 0
25813, 8439216, 1, 0, 0
25900, 7888940, 1, 0, 0
26023, 10195824, 1, 0, 0
26101, 8763299, 1, 0, 0
26202, 9165850, 1, 0, 0
26325, 9415304, 1, 0, 0
26408, 9218637, 1, 0, 0
26500, 7682574, 1, 0, 0
26605, 10526502, 1, 0, 0
26709, 9413658, 1, 0, 0
26803, 8560160, 1, 0, 0
26925, 10174736, 1, 0, 0
27022, 12184383, 1, 0, 0
27102, 8838532, 1, 0, 0
27212, 10039201, 1, 0, 0
27303, 8190863, 1, 0, 0
27411, 9887789, 1, 0, 0
27519, 9759579, 1, 0, 0
27606, 9728771, 1, 0, 0
27720, 8121477, 1, 0, 0
27801, 8994391, 1, 0, 0
27901, 8355869, 1, 0, 0
28013, 9327472, 1, 0, 0
28103, 8979996, 1, 0, 0
28230, 9755776, 1, 0, 0
28300, 8700768, 1, 0, 0
28402, 8528267, 1, 0, 0
28500, 8934246, 1, 0, 0
28632, 11940937, 1, 0, 0
28703, 7933455, 1, 0, 0
28806, 10270036, 1, 0, 0
28931, 8938655, 1, 0, 0
29018, 9729776, 1, 0, 0
29102, 7583743, 1, 0, 0
29208, 9654558, 1, 0, 0
29315, 9724133, 1, 0, 0
29402, 7895183, 1, 0, 0
29522, 9977893, 1, 0, 0
29602, 8048039, 1, 0, 0
29703, 9160874, 1, 0, 0
29806, 14766271, 1, 0, 0
29904, 7497197, 1, 0, 0
30001, 9714440, 1, 0, 0
30100, 9047660, 1, 0, 0
30219, 9136329, 1, 0, 0
30306, 9603463, 1, 0, 0
30432, 9052290, 1, 0, 0
30505, 9072570, 1, 0, 0
30616, 10083292, 1, 0, 0
30704, 8775679, 1, 0, 0
30826, 9364603, 1, 0, 0
30901, 9384344, 1, 0, 0
31003, 8514156, 1, 0, 0
31115, 8641591, 1, 0, 0
31200, 7720811, 1, 0, 0
31310, 9179282, 1, 0, 0
31401, 6952266, 1, 0, 0
31511, 12233963, 1, 0, 0
31612, 9180294, 1, 0, 0
31701, 8961440, 1, 0, 0
31825, 9477576, 1, 0, 0
31901, 8457976, 1, 0, 0
32014, 11291028, 1, 0, 0
32103, 8889280, 1, 0, 0
32203, 20096568, 1, 0, 0
32302, 8950447, 1, 0, 0
32423, 11008454, 1, 0, 0
32502, 7934187, 1, 0, 0
32621, 9908413, 1, 0, 0
32718, 8835741, 1, 0, 0
32800, 9101450, 1, 0, 0
32923, 8759393, 1, 0, 0
33001, 8680397, 1, 0, 0
33117, 8935324, 1, 0, 0
33212, 8611158, 1, 0, 0
33302, 9032998, 1, 0, 0
33424, 9351900, 1, 0, 0
33503, 7227717, 1, 0, 0
33601, 12215258, 1, 0, 0
33726, 8938111, 1, 0, 0
33800, 8240563, 1, 0, 0
33923, 8767381, 1, 0, 0
34000, 7710938, 1, 0, 0
34100, 10024574, 1, 0, 0
34201, 12521199, 1, 0, 0
34323, 8750560, 1, 0, 0
34402, 7926755, 1, 0, 0
34520, 9772576, 1, 0, 0
34619, 9003673, 1, 0, 0
34706, 10951230, 1, 0, 0
34803, 9633003, 1, 0, 0
34901, 8899883, 1, 0, 0
35007, 13304875, 1, 0, 0
35113, 9620236, 1, 0, 0
35213, 9963627, 1, 0, 0
35301, 9836073, 1, 0, 0
35408, 8941396, 1, 0, 0
35514, 9606356, 1, 0, 0
35615, 9133757, 1, 0, 0
35714, 9057388, 1, 0, 0
35810, 10604797, 1, 0, 0
35917, 11921820, 1, 0, 0
36000, 8280361, 1, 0, 0
36101, 7750773, 1, 0, 0
36214, 11358018, 1, 0, 0
36318, 9457571, 1, 0, 0
36408, 8147418, 1, 0, 0
36513, 9538895, 1, 0, 0
36601, 9794937, 1, 0, 0
36705, 9469099, 1, 0, 0
36818, 10296865, 1, 0, 0
36901, 9160891, 1, 0, 0
37007, 9652112, 1, 0, 0
37105, 12276999, 1, 0, 0
37209, 9387201, 1, 0, 0
37302, 10331936, 1, 0, 0
37404, 9314957, 1, 0, 0
37501, 8796105, 1, 0, 0
37608, 9709104, 1, 0, 0
37705, 10849700, 1, 0, 0
37805, 9053310, 1, 0, 0
37914, 9886187, 1, 0, 0
38015, 9245999, 1, 0, 0
38101, 7765253, 1, 0, 0
38204, 11461684, 1, 0, 0
38303, 8240556, 1, 0, 0
38400, 8849924, 1, 0, 0
38500, 11029487, 1, 0, 0
38618, 9135157, 1, 0, 0
38729, 10069010, 1, 0, 0
38813, 10546101, 1, 0, 0
38907, 10380726, 1, 0, 0
39006, 8964177, 1, 0, 0
39107, 9217491, 1, 0, 0
39212, 9560298, 1, 0, 0
39302, 11251100, 1, 0, 0
39414, 9342692, 1, 0, 0
39510, 8723361, 1, 0, 0
39613, 9354355, 1, 0, 0
39703, 8207178, 1, 0, 0
39823, 9967024, 1, 0, 0
39902, 9924712, 1, 0, 0
40017, 10390250, 1, 0, 0
40103, 7164473, 1, 0, 0
40201, 10873288, 1, 0, 0
40307, 10641287, 1, 0, 0
40407, 9052933, 1, 0, 0
40986, 193208466, 1, 0, 0
41012, 12632904, 1, 0, 0
41105, 10371276, 1, 0, 0
41235, 9291450, 1, 0, 0
41303, 6763181, 1, 0, 0
41414, 11132842, 1, 0, 0
41516, 9260578, 1, 0, 0
41610, 8553070, 1, 0, 0
41733, 8806406, 1, 0, 0
41803, 8652881, 1, 0, 0
41904, 11309196, 1, 0, 0
42010, 9629716, 1, 0, 0
42117, 8187255, 1, 0, 0
42203, 12311733, 1, 0, 0
42312, 9916691, 1, 0, 0
42431, 10817779, 1, 0, 0
42502, 7906733, 1, 0, 0
42621, 10781186, 1, 0, 0
42703, 7432144, 1, 0, 0
42814, 10088023, 1, 0, 0
42902, 7372558, 1, 0, 0
43006, 12933223, 1, 0, 0
43124, 8459933, 1, 0, 0
43200, 8481254, 1, 0, 0
43335, 10356583, 1, 0, 0
43401, 6618623, 1, 0, 0
43514, 11298098, 1, 0, 0
43601, 6665388, 1, 0, 0
43715, 11376858, 1, 0, 0
43822, 8295710, 1, 0, 0
43903, 7282433, 1, 0, 0
44002, 12457983, 1, 0, 0
44107, 11685574, 1, 0, 0
44236, 9209947, 1, 0, 0
44301, 9207218, 1, 0, 0
44423, 9357961, 1, 0, 0
44501, 7836915, 1, 0, 0
44624, 10266046, 1, 0, 0
44702, 7101982, 1, 0, 0
44800, 12245847, 1, 0, 0
44902, 10167054, 1, 0, 0
45017, 8823648, 1, 0, 0
45100, 8329753, 1, 0, 0
45202, 7277283, 1, 0, 0
45300, 9799043, 1, 0, 0
45411, 7922458, 1, 0, 0
45532, 8622470, 1, 0, 0
45600, 7641843, 1, 0, 0
45726, 9703110, 1, 0, 0
45801, 9311366, 1, 0, 0
45913, 9358014, 1, 0, 0
46003, 6872692, 1, 0, 0
46102, 11019566, 1, 0, 0
46214, 8001635, 1, 0, 0
46320, 7590720, 1, 0, 0
46401, 6699737, 1, 0, 0
46501, 10087581, 1, 0, 0
46605, 8651395, 1, 0, 0
46745, 20023090, 1, 0, 0
46806, 8703729, 1, 0, 0
46940, 9528375, 1, 0, 0
47019, 9930188, 1, 0, 0
47102, 6363765, 1, 0, 0
47201, 11029658, 1, 0, 0
47307, 8837139, 1, 0, 0
47425, 8419812, 1, 0, 0
47500, 7498307, 1, 0, 0
47607, 8859263, 1, 0, 0
47724, 8389716, 1, 0, 0
47801, 7035216, 1, 0, 0
47906, 11650113, 1, 0, 0
48027, 8595769, 1, 0, 0
48101, 6719667, 1, 0, 0
48205, 9524349, 1, 0, 0
48327, 8660422, 1, 0, 0
48401, 6764864, 1, 0, 0
48500, 10988740, 1, 0, 0
48623, 8815037, 1, 0, 0
48700, 8458290, 1, 0, 0
48816, 8918680, 1, 0, 0
48921, 8126510, 1, 0, 0
49004, 8244677, 1, 0, 0
49121, 10687489, 1, 0, 0
49201, 8886237, 1, 0, 0
49315, 8782918, 1, 0, 0
49428, 8055335, 1, 0, 0
49503, 6220567, 1, 0, 0
49600, 10835792, 1, 0, 0
49720, 9198729, 1, 0, 0
49802, 8194193, 1, 0, 0
49914, 9373039, 1, 0, 0
50035, 8580520, 1, 0, 0
50101, 6620127, 1, 0, 0
50203, 8538742, 1, 0, 0
50316, 9429674, 1, 0, 0
50401, 7035355, 1, 0, 0
50507, 10579477, 1, 0, 0
50601, 7871566, 1, 0, 0
50702, 11177208, 1, 0, 0
50819, 9026682, 1, 0, 0
50900, 7304114, 1, 0, 0
51009, 9905487, 1, 0, 0
51130, 8678786, 1, 0, 0
51201, 7048367, 1, 0, 0
51303, 9358227, 1, 0, 0
51418, 8837890, 1, 0, 0
51503, 7038897, 1, 0, 0
51608, 10470430, 1, 0, 0
51716, 7729309, 1, 0, 0
51801, 6522954, 1, 0, 0
51904, 8642202, 1, 0, 0
52001, 9637259, 1, 0, 0
52110, 8384029, 1, 0, 0
52200, 8168966, 1, 0, 0
52304, 9491369, 1, 0, 0
52407, 7953431, 1, 0, 0
52503, 8678241, 1, 0, 0
52606, 10312732, 1, 0, 0
52703, 7425051, 1, 0, 0
52802, 9960644, 1, 0, 0
52921, 9169126, 1, 0, 0
53003, 7380190, 1, 0, 0
53107, 11550093, 1, 0, 0
53233, 9041562, 1, 0, 0
53310, 9646630, 1, 0, 0
53417, 8220397, 1, 0, 0
53503, 8549366, 1, 0, 0
53607, 9440471, 1, 0, 0
53702, 7303617, 1, 0, 0
53806, 11561427, 1, 0, 0
53901, 9565914, 1, 0, 0
54003, 10188254, 1, 0, 0
54133, 9240223, 1, 0, 0
54201, 7575665, 1, 0, 0
54316, 8874123, 1, 0, 0
54404, 7341490, 1, 0, 0
54511, 13329534, 1, 0, 0
54600, 6850141, 1, 0, 0
54703, 11428518, 1, 0, 0
54828, 8909278, 1, 0, 0
54901, 6705129, 1, 0, 0
55010, 12066507, 1, 0, 0
55102, 7101856, 1, 0, 0
55218, 12875761, 1, 0, 0
55300, 6312251, 1, 0, 0
55401, 12628076, 1, 0, 0
55525, 9524880, 1, 0, 0
55601, 8388013, 1, 0, 0
55727, 9746615, 1, 0, 0
55801, 7379471, 1, 0, 0
55903, 10199265, 1, 0, 0
56033, 9282204, 1, 0, 0
56101, 8463966, 1, 0, 0
56233, 9394181, 1, 0, 0
56303, 7790257, 1, 0, 0
56419, 10569822, 1, 0, 0
56503, 6993785, 1, 0, 0
56611, 10795967, 1, 0, 0
56740, 9208455, 1, 0, 0
56801, 10125346, 1, 0, 0
56941, 10006947, 1, 0, 0
57023, 10282248, 1, 0, 0
57101, 6467802, 1, 0, 0
57200, 12406294, 1, 0, 0
57323, 8791574, 1, 0, 0
57400, 7699779, 1, 0, 0
57518, 9864945, 1, 0, 0
57600, 7401249, 1, 0, 0
57705, 11725781, 1, 0, 0
57833, 9089772, 1, 0, 0
57902, 8653272, 1, 0, 0
58018, 8298489, 1, 0, 0
58100, 6806087, 1, 0, 0
58201, 11229705, 1, 0, 0
58318, 9032217, 1, 0, 0
58401, 6849684, 1, 0, 0
58503, 10225665, 1, 0, 0
58626, 8830804, 1, 0, 0
58703, 6956704, 1, 0, 0
58800, 8801293, 1, 0, 0
58908, 8984104, 1, 0, 0
59028, 8566463, 1, 0, 0
59100, 7994602, 1, 0, 0
59219, 9167147, 1, 0, 0
59321, 7859672, 1, 0, 0
59401, 9941513, 1, 0, 0
59501, 11116108, 1, 0, 0
59606, 8764016, 1, 0, 0
59726, 8560192, 1, 0, 0
59803, 5922798, 1, 0, 0
59900, 10820165, 1, 0, 0
60016, 9624259, 1, 0, 0
60100, 7043034, 1, 0, 0
60207, 10660772, 1, 0, 0
60330, 8814820, 1, 0, 0
60402, 7928284, 1, 0, 0
60517, 10527694, 1, 0, 0
60602, 7059241, 1, 0, 0
60701, 9848372, 1, 0, 0
60805, 8031243, 1, 0, 0
60900, 7893390, 1, 0, 0
61003, 10319213, 1, 0, 0
61119, 8900345, 1, 0, 0
61201, 6819809, 1, 0, 0
61303, 10188511, 1, 0, 0
61422, 8523192, 1, 0, 0
61504, 6851581, 1, 0, 0
61602, 9816243, 1, 0, 0
61709, 8893270, 1, 0, 0
61825, 8253734, 1, 0, 0
61901, 7627392, 1, 0, 0
62010, 9112066, 1, 0, 0
62130, 8539691, 1, 0, 0
62203, 6686773, 1, 0, 0
62300, 10744884, 1, 0, 0
62421, 8646771, 1, 0, 0
62502, 6749864, 1, 0, 0
62606, 10402682, 1, 0, 0
62728, 8661992, 1, 0, 0
62800, 6577149, 1, 0, 0
62904, 10360246, 1, 0, 0
63017, 8728155, 1, 0, 0
63101, 6956960, 1, 0, 0
63202, 10186795, 1, 0, 0
63320, 8426369, 1, 0, 0
63401, 6177627, 1, 0, 0
63502, 10110899, 1, 0, 0
63614, 10184152, 1, 0, 0
63701, 6701523, 1, 0, 0
63803, 8525775, 1, 0, 0
63911, 9752639, 1, 0, 0
64030, 8500363, 1, 0, 0
64103, 6701194, 1, 0, 0
64202, 10946516, 1, 0, 0
64321, 8525571, 1, 0, 0
64400, 7142661, 1, 0, 0
64507, 9724002, 1, 0, 0
64619, 8600447, 1, 0, 0
64703, 7617424, 1, 0, 0
64808, 10555819, 1, 0, 0
64928, 8567313, 1, 0, 0
65000, 7996179, 1, 0, 0
65116, 8885768, 1, 0, 0
65201, 6560779, 1, 0, 0
65302, 11196888, 1, 0, 0
65418, 9662077, 1, 0, 0
65503, 6577798, 1, 0, 0
65603, 11124248, 1, 0, 0
65721, 8412742, 1, 0, 0
65828, 7629061, 1, 0, 0
65903, 6814920, 1, 0, 0
66031, 14196310, 1, 0, 0
66102, 7919307, 1, 0, 0
66219, 9022380, 1, 0, 0
66331, 7964960, 1, 0, 0
66403, 7232022, 1, 0, 0
66509, 10573845, 1, 0, 0
66624, 8237274, 1, 0, 0
66701, 7004201, 1, 0, 0
66811, 9918735, 1, 0, 0
66902, 7045408, 1, 0, 0
67023, 17186972, 1, 0, 0
67104, 8113524, 1, 0, 0
67208, 8695091, 1, 0, 0
67330, 8736251, 1, 0, 0
67404, 6095656, 1, 0, 0
67501, 10877949, 1, 0, 0
67620, 9095075, 1, 0, 0
67703, 6966193, 1, 0, 0
67809, 10586042, 1, 0, 0
67900, 8210155, 1, 0, 0
68000, 11164448, 1, 0, 0
68122, 8680000, 1, 0, 0
68202, 7317160, 1, 0, 0
68311, 9881501, 1, 0, 0
68432, 8639164, 1, 0, 0
68503, 7098830, 1, 0, 0
68608, 10568589, 1, 0, 0
68701, 7737184, 1, 0, 0
68803, 10172421, 1, 0, 0
68921, 8439571, 1, 0, 0
69000, 6557808, 1, 0, 0
69103, 11432333, 1, 0, 0
69221, 9113041, 1, 0, 0
69303, 8172275, 1, 0, 0
69421, 9852720, 1, 0, 0
69502, 6696882, 1, 0, 0
69601, 10981027, 1, 0, 0
69723, 9416005, 1, 0, 0
69801, 7821765, 1, 0, 0
69922, 10037004, 1, 0, 0
70001, 6626338, 1, 0, 0
70100, 12292434, 1, 0, 0
70222, 8712519, 1, 0, 0
70301, 7219367, 1, 0, 0
70413, 10201892, 1, 0, 0
70998, 64999403, 1, 0, 0
71015, 16183342, 1, 0, 0
71119, 10465943, 1, 0, 0
71202, 6925544, 1, 0, 0
71307, 10503170, 1, 0, 0
71433, 8978170, 1, 0, 0
71500, 8414675, 1, 0, 0
71613, 9338848, 1, 0, 0
71703, 6936607, 1, 0, 0
71807, 11626743, 1, 0, 0
71927, 8540210, 1, 0, 0
72000, 7292494, 1, 0, 0
72101, 10115279, 1, 0, 0
72219, 8455816, 1, 0, 0
72302, 7528520, 1, 0, 0
72417, 10398194, 1, 0, 0
72500, 6901420, 1, 0, 0
72603, 12946297, 1, 0, 0
72718, 8232320, 1, 0, 0
72803, 7677029, 1, 0, 0
72900, 8858525, 1, 0, 0
73005, 8041452, 1, 0, 0
73100, 7345158, 1, 0, 0
73207, 13272630, 1, 0, 0
73329, 8768120, 1, 0, 0
73400, 7795540, 1, 0, 0
73509, 8419252, 1, 0, 0
73609, 7651775, 1, 0, 0
73700, 7584653, 1, 0, 0
73800, 10041350, 1, 0, 0
73917, 9024775, 1, 0, 0
74002, 7085681, 1, 0, 0
74103, 10097665, 1, 0, 0
74203, 7663729, 1, 0, 0
74303, 9985607, 1, 0, 0
74405, 9257153, 1, 0, 0
74527, 8736706, 1, 0, 0
74603, 6300860, 1, 0, 0
74705, 10198630, 1, 0, 0
74821, 8287624, 1, 0, 0
74902, 6271942, 1, 0, 0
75003, 12602857, 1, 0, 0
75119, 8894586, 1, 0, 0
75224, 7515354, 1, 0, 0
75303, 6061909, 1, 0, 0
75403, 8307152, 1, 0, 0
75502, 9003187, 1, 0, 0
75622, 8628767, 1, 0, 0
75700, 7799699, 1, 0, 0
75803, 10277265, 1, 0, 0
75917, 8092197, 1, 0, 0
76000, 7565870, 1, 0, 0
76105, 9580432, 1, 0, 0
76229, 8816505, 1, 0, 0
76300, 7142995, 1, 0, 0
76400, 9077297, 1, 0, 0
76516, 8912723, 1, 0, 0
76602, 6600468, 1, 0, 0
76702, 10046899, 1, 0, 0
76819, 9016302, 1, 0, 0
76929, 8468872, 1, 0, 0
77016, 12294344, 1, 0, 0
77102, 7819602, 1, 0, 0
77215, 10347418, 1, 0, 0
77332, 8351804, 1, 0, 0
77401, 7673514, 1, 0, 0
77515, 10304208, 1, 0, 0
77603, 6777342, 1, 0, 0
77700, 10797586, 1, 0, 0
77822, 8735557, 1, 0, 0
77900, 7097731, 1, 0, 0
78008, 11987522, 1, 0, 0
78134, 8969215, 1, 0, 0
78204, 7748726, 1, 0, 0
78300, 8041795, 1, 0, 0
78403, 7314986, 1, 0, 0
78501, 13984842, 1, 0, 0
78632, 9413078, 1, 0, 0
78703, 7092967, 1, 0, 0
78819, 9625306, 1, 0, 0
78903, 7025282, 1, 0, 0
79003, 12425143, 1, 0, 0
79124, 8674800, 1, 0, 0
79202, 7754692, 1, 0, 0
79316, 9571979, 1, 0, 0
79417, 7728061, 1, 0, 0
79501, 10443649, 1, 0, 0
79621, 9258310, 1, 0, 0
79701, 8929102, 1, 0, 0
79809, 8323314, 1, 0, 0
79900, 6938216, 1, 0, 0
80000, 9993891, 1, 0, 0
80111, 10145308, 1, 0, 0
80200, 8068274, 1, 0, 0
80310, 9987869, 1, 0, 0
80430, 8571303, 1, 0, 0
80502, 7188133, 1, 0, 0
80611, 10928887, 1, 0, 0
80701, 6949090, 1, 0, 0
80806, 11614466, 1, 0, 0
80928, 8719732, 1, 0, 0
81002, 7416102, 1, 0, 0
81110, 10797282, 1, 0, 0
81200, 6885202, 1, 0, 0
81302, 8539914, 1, 0, 0
81404, 9274056, 1, 0, 0
81536, 9369609, 1, 0, 0
81600, 5883560, 1, 0, 0
81701, 11224173, 1, 0, 0
81818, 8368365, 1, 0, 0
81949, 9297151, 1, 0, 0
82005, 7090732, 1, 0, 0
82119, 8109104, 1, 0, 0
82201, 6295296, 1, 0, 0
82300, 9959747, 1, 0, 0
82405, 9547002, 1, 0, 0
82528, 8775274, 1, 0, 0
82603, 7519194, 1, 0, 0
82712, 9018691, 1, 0, 0
82832, 8608563, 1, 0, 0
82903, 7887041, 1, 0, 0
83000, 8038389, 1, 0, 0
83113, 8693366, 1, 0, 0
83203, 7479599, 1, 0, 0
83305, 10261597, 1, 0, 0
83418, 8045760, 1, 0, 0
83504, 6586311, 1, 0, 0
83601, 8899123, 1, 0, 0
83702, 10034869, 1, 0, 0
83807, 7496239, 1, 0, 0
83924, 8392846, 1, 0, 0
84002, 7738697, 1, 0, 0
84115, 9445227, 1, 0, 0
84205, 6884539, 1, 0, 0
84303, 8987984, 1, 0, 0
84406, 10209435, 1, 0, 0
84501, 7967584, 1, 0, 0
84600, 8988905, 1, 0, 0
84700, 9034642, 1, 0, 0
84807, 8991920, 1, 0, 0
84906, 8992341, 1, 0, 0
85005, 8992577, 1, 0, 0
85106, 10029184, 1, 0, 0
85204, 8167839, 1, 0, 0
85303, 8987995, 1, 0, 0
85410, 9804287, 1, 0, 0
85500, 8168481, 1, 0, 0
85604, 9383244, 1, 0, 0
85708, 8669829, 1, 0, 0
85807, 8991589, 1, 0, 0
85909, 9273912, 1, 0, 0
86004, 8712561, 1, 0, 0
86103, 8991888, 1, 0, 0
86203, 9036187, 1, 0, 0
86302, 8988163, 1, 0, 0
86401, 8986757, 1, 0, 0
86508, 8986638, 1, 0, 0
86607, 8988214, 1, 0, 0
86707, 9036918, 1, 0, 0
86806, 8990881, 1, 0, 0
86905, 8992376, 1, 0, 0
87002, 10802399, 1, 0, 0
87102, 7738640, 1, 0, 0
87202, 9035912, 1, 0, 0
87300, 9815701, 1, 0, 0
87400, 8297389, 1, 0, 0
87502, 9276809, 1, 0, 0
87606, 8722471, 1, 0, 0
87706, 9036485, 1, 0, 0
87802, 9664870, 1, 0, 0
87904, 8431875, 1, 0, 0
88000, 9629162, 1, 0, 0
88102, 8461351, 1, 0, 0
88201, 9021090, 1, 0, 0
88303, 9289021, 1, 0, 0
88426, 8790287, 1, 0, 0
88503, 7704725, 1, 0, 0
88610, 8930381, 1, 0, 0
88731, 8581640, 1, 0, 0
88801, 7864489, 1, 0, 0
88912, 10073530, 1, 0, 0
89030, 8418563, 1, 0, 0
89103, 6650899, 1, 0, 0
89225, 11112116, 1, 0, 0
89300, 7450323, 1, 0, 0
89401, 10068861, 1, 0, 0
89526, 8921672, 1, 0, 0
89602, 8488887, 1, 0, 0
89713, 8539597, 1, 0, 0
89800, 6657829, 1, 0, 0
89902, 11409280, 1, 0, 0
90022, 9947583, 1, 0, 0
90103, 6279424, 1, 0, 0
90208, 11597492, 1, 0, 0
90331, 8830389, 1, 0, 0
90403, 7909123, 1, 0, 0
90515, 10195713, 1, 0, 0
90604, 7401755, 1, 0, 0
90709, 10565918, 1, 0, 0
90831, 8661269, 1, 0, 0
90900, 6902256, 1, 0, 0
91013, 11318325, 1, 0, 0
91103, 7498968, 1, 0, 0
91210, 10707160, 1, 0, 0
91341, 9354117, 1, 0, 0
91403, 6208325, 1, 0, 0
91502, 9934662, 1, 0, 0
91628, 8968147, 1, 0, 0
91703, 8381434, 1, 0, 0
91824, 9243271, 1, 0, 0
91903, 7170313, 1, 0, 0
92003, 9122074, 1, 0, 0
92115, 9326911, 1, 0, 0
92200, 7127753, 1, 0, 0
92309, 10831111, 1, 0, 0
92402, 7176343, 1, 0, 0
92506, 11595544, 1, 0, 0
92604, 6112824, 1, 0, 0
92706, 8448639, 1, 0, 0
92802, 8784939, 1, 0, 0
92902, 9934203, 1, 0, 0
93016, 8768746, 1, 0, 0
93114, 7527715, 1, 0, 0
93223, 7841013, 1, 0, 0
93302, 9857942, 1, 0, 0
93400, 8918923, 1, 0, 0
93501, 9167486, 1, 0, 0
93611, 8459091, 1, 0, 0
93725, 8110152, 1, 0, 0
93821, 7416251, 1, 0, 0
93905, 6961172, 1, 0, 0
94007, 8532894, 1, 0, 0
94100, 9253031, 1, 0, 0
94201, 10104695, 1, 0, 0
94315, 8762205, 1, 0, 0
94411, 7413106, 1, 0, 0
94503, 7028860, 1, 0, 0
94600, 13896131, 1, 0, 0
94702, 7879622, 1, 0, 0
94804, 9211798, 1, 0, 0
94913, 8409400, 1, 0, 0
95010, 7421792, 1, 0, 0
95101, 7028998, 1, 0, 0
95203, 8531192, 1, 0, 0
95305, 8497408, 1, 0, 0
95403, 8849820, 1, 0, 0
95503, 11131845, 1, 0, 0
95617, 8153567, 1, 0, 0
95709, 7084349, 1, 0, 0
95836, 9039552, 1, 0, 0
95903, 6135633, 1, 0, 0
96005, 8483090, 1, 0, 0
96101, 9607123, 1, 0, 0
96202, 10109437, 1, 0, 0
96321, 8505029, 1, 0, 0
96417, 7345062, 1, 0, 0
96500, 6959318, 1, 0, 0
96603, 8531149, 1, 0, 0
96700, 8061018, 1, 0, 0
96801, 9186082, 1, 0, 0
96913, 11284297, 1, 0, 0
97006, 7086054, 1, 0, 0
97104, 9807949, 1, 0, 0
97205, 7761545, 1, 0, 0
97301, 8790623, 1, 0, 0
97400, 9840042, 1, 0, 0
97510, 8450267, 1, 0, 0
97603, 7164484, 1, 0, 0
97717, 8168200, 1, 0, 0
97806, 6803404, 1, 0, 0
97902, 13698827, 1, 0, 0
98001, 7628018, 1, 0, 0
98103, 9258427, 1, 0, 0
98214, 8535070, 1, 0, 0
98306, 7120130, 1, 0, 0
98421, 8165261, 1, 0, 0
98503, 6849987, 1, 0, 0
98604, 8452700, 1, 0, 0
98700, 8006941, 1, 0, 0
98802, 9257260, 1, 0, 0
98900, 9803073, 1, 0, 0
99014, 8116667, 1, 0, 0
99107, 7180527, 1, 0, 0
99222, 8168036, 1, 0, 0
99303, 6761729, 1, 0, 0
99404, 8429357, 1, 0, 0
99502, 8131625, 1, 0, 0
99603, 9185318, 1, 0, 0
99703, 9093395, 1, 0, 0
99815, 8676958, 1, 0, 0
99908, 7132392, 1, 0, 0
100023, 8169569, 1, 0, 0
100104, 6765885, 1, 0, 0
100203, 8257252, 1, 0, 0
100303, 8306558, 1, 0, 0
100400, 9765250, 1, 0, 0
100502, 9200116, 1, 0, 0
100922, 46690996, 1, 0, 0
101010, 14628296, 1, 0, 0
101133, 9487829, 1, 0, 0
101202, 6877156, 1, 0, 0
101301, 8246467, 1, 0, 0
101400, 7072717, 1, 0, 0
101501, 9224978, 1, 0, 0
101603, 9234004, 1, 0, 0
101709, 8850778, 1, 0, 0
101828, 8490365, 1, 0, 0
101900, 7211937, 1, 0, 0
102023, 9436249, 1, 0, 0
102103, 6162865, 1, 0, 0
102200, 8820238, 1, 0, 0
102302, 9319241, 1, 0, 0
102422, 9929512, 1, 0, 0
102501, 6624166, 1, 0, 0
102605, 9412320, 1, 0, 0
102720, 8217664, 1, 0, 0
102835, 8215450, 1, 0, 0
102908, 12237711, 1, 0, 0
103000, 6523110, 1, 0, 0
103102, 9321763, 1, 0, 0
103201, 7080380, 1, 0, 0
103306, 10504854, 1, 0, 0
103401, 7908895, 1, 0, 0
103500, 8990754, 1, 0, 0
103614, 10344649, 1, 0, 0
103702, 7300011, 1, 0, 0
103806, 9508361, 1, 0, 0
103922, 8301191, 1, 0, 0
104021, 7596628, 1, 0, 0
104103, 9094030, 1, 0, 0
104206, 9386683, 1, 0, 0
104326, 8524923, 1, 0, 0
104403, 6992345, 1, 0, 0
104514, 9291468, 1, 0, 0
104601, 6649686, 1, 0, 0
104703, 9312739, 1, 0, 0
104800, 10722643, 1, 0, 0
104920, 8578347, 1, 0, 0
105000, 8014128, 1, 0, 0
105107, 8266654, 1, 0, 0
105228, 8588014, 1, 0, 0
105305, 6406262, 1, 0, 0
105400, 11955936, 1, 0, 0
105515, 8846733, 1, 0, 0
105601, 7123614, 1, 0, 0
105700, 9000596, 1, 0, 0
105821, 8631995, 1, 0, 0
105900, 6624363, 1, 0, 0
106000, 11124632, 1, 0, 0
106103, 8547369, 1, 0, 0
106223, 8556417, 1, 0, 0
106304, 7361474, 1, 0, 0
106413, 9128836, 1, 0, 0
106503, 6929500, 1, 0, 0
106602, 8242575, 1, 0, 0
106700, 10850612, 1, 0, 0
106820, 9253388, 1, 0, 0
106903, 7494177, 1, 0, 0
107015, 9340965, 1, 0, 0
107101, 14352599, 1, 0, 0
107214, 8691151, 1, 0, 0
107301, 7246801, 1, 0, 0
107411, 9975640, 1, 0, 0
107529, 8434460, 1, 0, 0
107601, 6553598, 1, 0, 0
107702, 9153959, 1, 0, 0
107809, 9751687, 1, 0, 0
107902, 7205291, 1, 0, 0
108004, 10129359, 1, 0, 0
108124, 8583893, 1, 0, 0
108203, 6543946, 1, 0, 0
108303, 10065729, 1, 0, 0
108410, 9704544, 1, 0, 0
108529, 8480065, 1, 0, 0
108600, 7955252, 1, 0, 0
108718, 8402639, 1, 0, 0
108801, 6419481, 1, 0, 0
108901, 9009412, 1, 0, 0
109000, 8302143, 1, 0, 0
109105, 9506170, 1, 0, 0
109222, 8356711, 1, 0, 0
109303, 6788034, 1, 0, 0
109401, 8904618, 1, 0, 0
109501, 8333810, 1, 0, 0
109600, 7589691, 1, 0, 0
109704, 10359200, 1, 0, 0
109802, 8227138, 1, 0, 0
109916, 8119321, 1, 0, 0
110002, 7136145, 1, 0, 0
110100, 8960059, 1, 0, 0
110219, 8492093, 1, 0, 0
110318, 7609298, 1, 0, 0
110403, 8521611, 1, 0, 0
110505, 10207375, 1, 0, 0
110602, 8765720, 1, 0, 0
110705, 8619947, 1, 0, 0
110824, 8482308, 1, 0, 0
110900, 5876270, 1, 0, 0
111000, 7665777, 1, 0, 0
111103, 10297419, 1, 0, 0
111201, 8928919, 1, 0, 0
111322, 8635783, 1, 0, 0
111400, 7773315, 1, 0, 0
111510, 8480751, 1, 0, 0
111627, 8311382, 1, 0, 0
111703, 6386487, 1, 0, 0
111802, 12364480, 1, 0, 0
111903, 8402561, 1, 0, 0
112015, 11221060, 1, 0, 0
112122, 8242020, 1, 0, 0
112206, 13902711, 1, 0, 0
112300, 8549467, 1, 0, 0
112423, 10291259, 1, 0, 0
112501, 6438727, 1, 0, 0
112603, 8523606, 1, 0, 0
112701, 12234533, 1, 0, 0
112801, 10021007, 1, 0, 0
112909, 8302773, 1, 0, 0
113003, 10467608, 1, 0, 0
113115, 10114686, 1, 0, 0
113212, 10844857, 1, 0, 0
113323, 8543063, 1, 0, 0
113401, 7086373, 1, 0, 0
113517, 12831913, 1, 0, 0
113600, 8354193, 1, 0, 0
113705, 8685407, 1, 0, 0
113804, 8306536, 1, 0, 0
113902, 10911662, 1, 0, 0
114003, 11192114, 1, 0, 0
114115, 8621121, 1, 0, 0
114224, 8339391, 1, 0, 0
114308, 14002530, 1, 0, 0
114402, 7264562, 1, 0, 0
114526, 12401641, 1, 0, 0
114603, 6410788, 1, 0, 0
114702, 11000831, 1, 0, 0
114811, 9042245, 1, 0, 0
114903, 8389499, 1, 0, 0
115002, 9001762, 1, 0, 0
115102, 8349622, 1, 0, 0
115203, 12566046, 1, 0, 0
115301, 9826875, 1, 0, 0
115408, 8896610, 1, 0, 0
115500, 7088694, 1, 0, 0
115619, 17060573, 1, 0, 0
115703, 9230487, 1, 0, 0
115841, 9874926, 1, 0, 0
115900, 6578043, 1, 0, 0
116007, 10693641, 1, 0, 0
116124, 8380964, 1, 0, 0
116200, 8428700, 1, 0, 0
116322, 8679307, 1, 0, 0
116407, 6561805, 1, 0, 0
116503, 10604311, 1, 0, 0
116617, 10428844, 1, 0, 0
116716, 7568775, 1, 0, 0
116814, 9819671, 1, 0, 0
116929, 8220814, 1, 0, 0
117001, 7195516, 1, 0, 0
117115, 12700556, 1, 0, 0
117200, 7712326, 1, 0, 0
117315, 9572486, 1, 0, 0
117417, 7826331, 1, 0, 0
117501, 9307120, 1, 0, 0
117604, 9446457, 1, 0, 0
117719, 8172487, 1, 0, 0
117804, 7055474, 1, 0, 0
117915, 10095854, 1, 0, 0
118016, 7797737, 1, 0, 0
118100, 7635528, 1, 0, 0
118201, 10062571, 1, 0, 0
118309, 8344814, 1, 0, 0
118422, 8074445, 1, 0, 0
118500, 7800726, 1, 0, 0
118612, 8579765, 1, 0, 0
118705, 7160781, 1, 0, 0
118805, 7177287, 1, 0, 0
118900, 10504972, 1, 0, 0
119009, 9877176, 1, 0, 0
119118, 7792107, 1, 0, 0
119203, 7732301, 1, 0, 0
119309, 8831076, 1, 0, 0
119403, 7229769, 1, 0, 0
119500, 7464930, 1, 0, 0
119603, 9412583, 1, 0, 0
119704, 10066926, 1, 0, 0
119817, 8071185, 1, 0, 0
119901, 8390627, 1, 0, 0
120023, 9373539, 1, 0, 0
120139, 8282436, 1, 0, 0
120202, 6975160, 1, 0, 0
120303, 10109076, 1, 0, 0
120424, 8659278, 1, 0, 0
120501, 8552612, 1, 0, 0
120617, 8246281, 1, 0, 0
120720, 7947416, 1, 0, 0
120802, 6867917, 1, 0, 0
120902, 11025297, 1, 0, 0
121015, 8747277, 1, 0, 0
121103, 7272669, 1, 0, 0
121205, 9324733, 1, 0, 0
121308, 7917092, 1, 0, 0
121424, 8272408, 1, 0, 0
121501, 7704968, 1, 0, 0
121605, 10373782, 1, 0, 0
121723, 8414617, 1, 0, 0
121802, 8787840, 1, 0, 0
121917, 8262540, 1, 0, 0
122020, 7927748, 1, 0, 0
122100, 8867835, 1, 0, 0
122203, 8526318, 1, 0, 0
122318, 8876196, 1, 0, 0
122408, 6959484, 1, 0, 0
122506, 9780914, 1, 0, 0
122623, 8353574, 1, 0, 0
122724, 7773491, 1, 0, 0
122801, 6958014, 1, 0, 0
122908, 11874780, 1, 0, 0
123003, 7304433, 1, 0, 0
123105, 10186555, 1, 0, 0
123215, 7851494, 1, 0, 0
123313, 7537624, 1, 0, 0
123402, 7427777, 1, 0, 0
123501, 11061695, 1, 0, 0
123600, 8188773, 1, 0, 0
123704, 8664673, 1, 0, 0
123809, 8790223, 1, 0, 0
123923, 8167838, 1, 0, 0
124000, 5856000, 1, 0, 0
124103, 9413298, 1, 0, 0
124202, 10961740, 1, 0, 0
124313, 7929203, 1, 0, 0
124400, 7246436, 1, 0, 0
124501, 9211165, 1, 0, 0
124615, 8140023, 1, 0, 0
124716, 7788302, 1, 0, 0
124804, 7921875, 1, 0, 0
124903, 8996547, 1, 0, 0
125015, 9349047, 1, 0, 0
125103, 6753575, 1, 0, 0
125211, 10878190, 1, 0, 0
125319, 8303268, 1, 0, 0
125401, 7432574, 1, 0, 0
125502, 11216868, 1, 0, 0
125603, 11235572, 1, 0, 0
125716, 8040240, 1, 0, 0
125817, 7780347, 1, 0, 0
125901, 7662885, 1, 0, 0
126003, 9280939, 1, 0, 0
126108, 8755319, 1, 0, 0
126221, 8032516, 1, 0, 0
126300, 7923725, 1, 0, 0
126416, 8938005, 1, 0, 0
126531, 8157683, 1, 0, 0
126601, 7055148, 1, 0, 0
126704, 10234491, 1, 0, 0
126805, 7835429, 1, 0, 0
126922, 8293319, 1, 0, 0
127001, 7918639, 1, 0, 0
127117, 8934141, 1, 0, 0
127231, 8171702, 1, 0, 0
127303, 5967741, 1, 0, 0
127404, 8392703, 1, 0, 0
127502, 9864828, 1, 0, 0
127609, 8208272, 1, 0, 0
127700, 10121432, 1, 0, 0
127802, 7836811, 1, 0, 0
127922, 8594863, 1, 0, 0
128002, 7927776, 1, 0, 0
128108, 10634703, 1, 0, 0
128222, 8167621, 1, 0, 0
128301, 7869891, 1, 0, 0
128416, 8841229, 1, 0, 0
128500, 6422873, 1, 0, 0
128601, 8441135, 1, 0, 0
128704, 12927408, 1, 0, 0
128801, 7444921, 1, 0, 0
128913, 11183615, 1, 0, 0
129000, 7208852, 1, 0, 0
129100, 10046203, 1, 0, 0
129207, 9766313, 1, 0, 0
129321, 8083436, 1, 0, 0
129404, 9282726, 1, 0, 0
129509, 8044413, 1, 0, 0
129600, 8299664, 1, 0, 0
129707, 11919867, 1, 0, 0
129800, 7680907, 1, 0, 0
129904, 9491519, 1, 0, 0
130020, 8280383, 1, 0, 0
130118, 7518613, 1, 0, 0
130203, 8505196, 1, 0, 0
130302, 9964715, 1, 0, 0
130423, 8607856, 1, 0, 0
130500, 8561231, 1, 0, 0
130620, 8590621, 1, 0, 0
131030, 68245035, 1, 0, 0
131125, 15891176, 1, 0, 0
131203, 8704942, 1, 0, 0
131303, 7618096, 1, 0, 0
131427, 8286646, 1, 0, 0
131502, 6248302, 1, 0, 0
131601, 9002853, 1, 0, 0
131700, 9035248, 1, 0, 0
131812, 7995951, 1, 0, 0
131903, 6998036, 1, 0, 0
132000, 10795771, 1, 0, 0
132104, 7965533, 1, 0, 0
132203, 8286246, 1, 0, 0
132303, 9045968, 1, 0, 0
132400, 8864122, 1, 0, 0
132500, 7107166, 1, 0, 0
132600, 9112544, 1, 0, 0
132707, 8876799, 1, 0, 0
132828, 8639236, 1, 0, 0
132903, 7475895, 1, 0, 0
133002, 8995993, 1, 0, 0
133110, 8337323, 1, 0, 0
133234, 8885128, 1, 0, 0
133301, 8311550, 1, 0, 0
133416, 8210068, 1, 0, 0
133533, 8344743, 1, 0, 0
133603, 6981828, 1, 0, 0
133704, 10195918, 1, 0, 0
133819, 8187495, 1, 0, 0
133900, 7373935, 1, 0, 0
134007, 9738177, 1, 0, 0
134130, 8785823, 1, 0, 0
134200, 7759707, 1, 0, 0
134308, 9796458, 1, 0, 0
134400, 7058996, 1, 0, 0
134503, 8562898, 1, 0, 0
134605, 9347084, 1, 0, 0
134725, 8558364, 1, 0, 0
134800, 7441910, 1, 0, 0
134903, 8587269, 1, 0, 0
135017, 9504447, 1, 0, 0
135102, 7084479, 1, 0, 0
135200, 9861663, 1, 0, 0
135321, 8591840, 1, 0, 0
135402, 6218960, 1, 0, 0
135502, 10009801, 1, 0, 0
135600, 9803845, 1, 0, 0
135703, 10317141, 1, 0, 0
135827, 9557634, 1, 0, 0
135903, 8373926, 1, 0, 0
136017, 10423469, 1, 0, 0
136100, 7527084, 1, 0, 0
136212, 10131535, 1, 0, 0
136325, 8695397, 1, 0, 0
136407, 11697312, 1, 0, 0
136523, 8949964, 1, 0, 0
136610, 9621007, 1, 0, 0
136705, 7335405, 1, 0, 0
136800, 10511318, 1, 0, 0
136925, 10454065, 1, 0, 0
137002, 7700429, 1, 0, 0
137129, 10604547, 1, 0, 0
137201, 7954572, 1, 0, 0
137315, 10333024, 1, 0, 0
137401, 7185863, 1, 0, 0
137508, 10691727, 1, 0, 0
137640, 9426946, 1, 0, 0
137703, 7895375, 1, 0, 0
137826, 10278940, 1, 0, 0
137902, 9483974, 1, 0, 0
138012, 8427422, 1, 0, 0
138102, 10018648, 1, 0, 0
138225, 10279585, 1, 0, 0
138303, 8654689, 1, 0, 0
138420, 8973931, 1, 0, 0
138502, 6857684, 1, 0, 0
138608, 13257597, 1, 0, 0
138715, 11864073, 1, 0, 0
138833, 9086936, 1, 0, 0
138901, 8421264, 1, 0, 0
139024, 10278685, 1, 0, 0
139100, 9541324, 1, 0, 0
139215, 8217141, 1, 0, 0
139320, 8077396, 1, 0, 0
139402, 11709021, 1, 0, 0
139534, 9400607, 1, 0, 0
139602, 7611870, 1, 0, 0
139722, 9166843, 1, 0, 0
139802, 6731611, 1, 0, 0
139910, 13379719, 1, 0, 0
140000, 7544852, 1, 0, 0
140120, 12039782, 1, 0, 0
140200, 6624118, 1, 0, 0
140304, 10352301, 1, 0, 0
140417, 9440138, 1, 0, 0
140503, 7138206, 1, 0, 0
140603, 9152666, 1, 0, 0
140719, 8924438, 1, 0, 0
140802, 6399114, 1, 0, 0
140901, 12367074, 1, 0, 0
141012, 8485612, 1, 0, 0
141124, 7999180, 1, 0, 0
141202, 6494617, 1, 0, 0
141300, 9862387, 1, 0, 0
141424, 8818027, 1, 0, 0
141503, 6556763, 1, 0, 0
141603, 10065418, 1, 0, 0
141706, 8540499, 1, 0, 0
141825, 8531860, 1, 0, 0
141902, 7702452, 1, 0, 0
142008, 8828753, 1, 0, 0
142104, 7366247, 1, 0, 0
142203, 7631567, 1, 0, 0
142301, 8186469, 1, 0, 0
142407, 10566719, 1, 0, 0
142505, 10872819, 1, 0, 0
142616, 8566883, 1, 0, 0
142737, 8602164, 1, 0, 0
142803, 7359005, 1, 0, 0
142901, 8895518, 1, 0, 0
143021, 8570760, 1, 0, 0
143102, 6791017, 1, 0, 0
143204, 9195553, 1, 0, 0
143321, 9003557, 1, 0, 0
143403, 6331250, 1, 0, 0
143504, 10057359, 1, 0, 0
143601, 8831762, 1, 0, 0
143714, 8056370, 1, 0, 0
143802, 6785381, 1, 0, 0
143902, 11084187, 1, 0, 0
144024, 8759899, 1, 0, 0
144100, 10766910, 1, 0, 0
144238, 10606041, 1, 0, 0
144321, 10442716, 1, 0, 0
144403, 7408377, 1, 0, 0
144516, 12582749, 1, 0, 0
144603, 7949170, 1, 0, 0
144704, 10100405, 1, 0, 0
144800, 10668246, 1, 0, 0
144933, 11032994, 1, 0, 0
145014, 10131023, 1, 0, 0
145102, 7321352, 1, 0, 0
145213, 13881606, 1, 0, 0
145301, 8038453, 1, 0, 0
145409, 10810092, 1, 0, 0
145502, 11626932, 1, 0, 0
145604, 14542815, 1, 0, 0
145701, 10760851, 1, 0, 0
145816, 10488161, 1, 0, 0
145902, 8518425, 1, 0, 0
146013, 10160648, 1, 0, 0
146102, 12694006, 1, 0, 0
146203, 7777381, 1, 0, 0
146317, 12577575, 1, 0, 0
146400, 7608451, 1, 0, 0
146520, 13285069, 1, 0, 0
146600, 10027079, 1, 0, 0
146727, 9726691, 1, 0, 0
146813, 12387603, 1, 0, 0
146902, 8099661, 1, 0, 0
147004, 10150970, 1, 0, 0
147102, 8134395, 1, 0, 0
147227, 13892270, 1, 0, 0
147305, 9790723, 1, 0, 0
147424, 9134891, 1, 0, 0
147510, 12303423, 1, 0, 0
147602, 7647343, 1, 0, 0
147700, 10976579, 1, 0, 0
147802, 8456524, 1, 0, 0
147912, 12271600, 1, 0, 0
148002, 8161055, 1, 0, 0
148112, 10984560, 1, 0, 0
148201, 12702625, 1, 0, 0
148300, 7644331, 1, 0, 0
148416, 12866834, 1, 0, 0
148510, 13405836, 1, 0, 0
148603, 7774355, 1, 0, 0
148721, 13097616, 1, 0, 0
148800, 8788331, 1, 0, 0
148905, 9511439, 1, 0, 0
149032, 9058174, 1, 0, 0
149101, 8613468, 1, 0, 0
149224, 8775541, 1, 0, 0
149300, 6324247, 1, 0, 0
149400, 11175958, 1, 0, 0
149516, 8900266, 1, 0, 0
149600, 7623405, 1, 0, 0
149702, 9312946, 1, 0, 0
149819, 8359450, 1, 0, 0
149900, 6703131, 1, 0, 0
150000, 11154421, 1, 0, 0
150120, 9196782, 1, 0, 0
150202, 6864674, 1, 0, 0
150304, 10216325, 1, 0, 0
150427, 8773592, 1, 0, 0
150500, 7331670, 1, 0, 0
150603, 10234547, 1, 0, 0
150719, 8313548, 1, 0, 0
150801, 6813257, 1, 0, 0
150908, 10720083, 1, 0, 0
151035, 9091921, 1, 0, 0
151101, 7311212, 1, 0, 0
151212, 10033521, 1, 0, 0
151300, 6799849, 1, 0, 0
151402, 10236281, 1, 0, 0
151522, 9198894, 1, 0, 0
151602, 6679521, 1, 0, 0
151703, 11188902, 1, 0, 0
151811, 8335766, 1, 0, 0
151901, 6881697, 1, 0, 0
152000, 9015422, 1, 0, 0
152123, 13695775, 1, 0, 0
152211, 9712743, 1, 0, 0
152303, 7690745, 1, 0, 0
152402, 9013377, 1, 0, 0
152502, 8301748, 1, 0, 0
152621, 9949687, 1, 0, 0
152705, 9282012, 1, 0, 0
152801, 8710060, 1, 0, 0
152904, 10316817, 1, 0, 0
153015, 9268897, 1, 0, 0
153103, 8747363, 1, 0, 0
153232, 9960110, 1, 0, 0
153309, 9653927, 1, 0, 0
153411, 9285189, 1, 0, 0
153503, 8295997, 1, 0, 0
153617, 9549205, 1, 0, 0
153704, 7842231, 1, 0, 0
153801, 10871565, 1, 0, 0
153925, 9492093, 1, 0, 0
154011, 9611395, 1, 0, 0
154134, 8786774, 1, 0, 0
154202, 8385351, 1, 0, 0
154302, 8366172, 1, 0, 0
154403, 9218919, 1, 0, 0
154503, 9025651, 1, 0, 0
154634, 9354769, 1, 0, 0
154702, 8522388, 1, 0, 0
154809, 9729869, 1, 0, 0
154903, 10443254, 1, 0, 0
155023, 8611309, 1, 0, 0
155103, 7972988, 1, 0, 0
155200, 9641456, 1, 0, 0
155303, 11507296, 1, 0, 0
155432, 9922493, 1, 0, 0
155508, 9462096, 1, 0, 0
155619, 10112266, 1, 0, 0
155702, 9189557, 1, 0, 0
155803, 7751335, 1, 0, 0
155902, 8985665, 1, 0, 0
156002, 9157781, 1, 0, 0
156116, 9478033, 1, 0, 0
156200, 8409710, 1, 0, 0
156321, 9257455, 1, 0, 0
156401, 8091833, 1, 0, 0
156501, 11070742, 1, 0, 0
156600, 7583186, 1, 0, 0
156700, 14371960, 1, 0, 0
156807, 9708106, 1, 0, 0
156905, 8930016, 1, 0, 0
157003, 8160862, 1, 0, 0
157126, 11121815, 1, 0, 0
157203, 9689646, 1, 0, 0
157309, 9608972, 1, 0, 0
157402, 8469523, 1, 0, 0
157526, 10325222, 1, 0, 0
157601, 9313978, 1, 0, 0
157702, 9244500, 1, 0, 0
157822, 8574101, 1, 0, 0
157905, 9230588, 1, 0, 0
158001, 7377699, 1, 0, 0
158106, 11595319, 1, 0, 0
158200, 8523564, 1, 0, 0
158303, 7929143, 1, 0, 0
158417, 11434859, 1, 0, 0
158503, 9607404, 1, 0, 0
158624, 9302571, 1, 0, 0
158700, 7594206, 1, 0, 0
158810, 10922791, 1, 0, 0
158901, 11460784, 1, 0, 0
159000, 7594107, 1, 0, 0
159119, 9908934, 1, 0, 0
159205, 9527410, 1, 0, 0
159302, 7454117, 1, 0, 0
159412, 12278222, 1, 0, 0
159506, 8550848, 1, 0, 0
159603, 9629225, 1, 0, 0
159725, 9422068, 1, 0, 0
159806, 10106104, 1, 0, 0
159900, 7860299, 1, 0, 0
160001, 8363057, 1, 0, 0
160111, 11079404, 1, 0, 0
160204, 8377992, 1, 0, 0
160316, 10219018, 1, 0, 0
160413, 8842775, 1, 0, 0
160500, 9659917, 1, 0, 0
160604, 9407528, 1, 0, 0
160714, 10000274, 1, 0, 0
160994, 70041797, 1, 0, 0
161012, 18409776, 1, 0, 0
161100, 10902061, 1, 0, 0
161203, 8589550, 1, 0, 0
161301, 8978213, 1, 0, 0
161420, 9867273, 1, 0, 0
161501, 9053871, 1, 0, 0
161633, 10103972, 1, 0, 0
161702, 7648277, 1, 0, 0
161816, 10422206, 1, 0, 0
161900, 6968789, 1, 0, 0
162006, 10607478, 1, 0, 0
162106, 10036897, 1, 0, 0
162210, 10363598, 1, 0, 0
162330, 8532342, 1, 0, 0
162411, 10216412, 1, 0, 0
162502, 7525679, 1, 0, 0
162618, 9686304, 1, 0, 0
162707, 8930507, 1, 0, 0
162800, 7161978, 1, 0, 0
162902, 16930722, 1, 0, 0
163012, 12260338, 1, 0, 0
163125, 8032091, 1, 0, 0
163203, 6033747, 1, 0, 0
163317, 12606034, 1, 0, 0
163409, 9184841, 1, 0, 0
163502, 7823350, 1, 0, 0
163617, 9503430, 1, 0, 0
163700, 11894235, 1, 0, 0
163800, 8344378, 1, 0, 0
163909, 8378366, 1, 0, 0
164005, 9615936, 1, 0, 0
164123, 8452262, 1, 0, 0
164203, 8001436, 1, 0, 0
164303, 9066595, 1, 0, 0
164414, 10027133, 1, 0, 0
164500, 8631087, 1, 0, 0
164623, 8790734, 1, 0, 0
164702, 11320669, 1, 0, 0
164802, 9083677, 1, 0, 0
164902, 8340636, 1, 0, 0
165017, 9581955, 1, 0, 0
165100, 8289983, 1, 0, 0
165200, 9111901, 1, 0, 0
165306, 9613827, 1, 0, 0
165400, 8503357, 1, 0, 0
165527, 9769173, 1, 0, 0
165603, 9571950, 1, 0, 0
165726, 8793005, 1, 0, 0
165821, 9461854, 1, 0, 0
165902, 7323689, 1, 0, 0
166022, 9271848, 1, 0, 0
166100, 7051391, 1, 0, 0
166202, 10208026, 1, 0, 0
166301, 8226802, 1, 0, 0
166418, 9041874, 1, 0, 0
166504, 8570823, 1, 0, 0
166633, 9190848, 1, 0, 0
166704, 8864597, 1, 0, 0
166802, 8165824, 1, 0, 0
166901, 9072035, 1, 0, 0
167023, 11090174, 1, 0, 0
167123, 12421246, 1, 0, 0
167204, 8107409, 1, 0, 0
167300, 8765803, 1, 0, 0
167425, 9577062, 1, 0, 0
167502, 8611001, 1, 0, 0
167610, 11922111, 1, 0, 0
167701, 7607980, 1, 0, 0
167822, 10070579, 1, 0, 0
167904, 7423894, 1, 0, 0
168009, 9601117, 1, 0, 0
168101, 7644398, 1, 0, 0
168222, 10081943, 1, 0, 0
168304, 8156223, 1, 0, 0
168403, 7624263, 1, 0, 0
168515, 12490826, 1, 0, 0
168601, 7115838, 1, 0, 0
168712, 9278265, 1, 0, 0
168803, 8318406, 1, 0, 0
168919, 8861620, 1, 0, 0
169002, 8299279, 1, 0, 0
169100, 9821041, 1, 0, 0
169202, 10188635, 1, 0, 0
169304, 8531949, 1, 0, 0
169400, 7978203, 1, 0, 0
169516, 11585679, 1, 0, 0
169600, 8392154, 1, 0, 0
169701, 7819445, 1, 0, 0
169817, 10499430, 1, 0, 0
169931, 8150841, 1, 0, 0
170004, 6652168, 1, 0, 0
170100, 13708729, 1, 0, 0
170203, 7870321, 1, 0, 0
170321, 10799046, 1, 0, 0
170403, 8149113, 1, 0, 0
170500, 8824748, 1, 0, 0
170602, 8526229, 1, 0, 0
170701, 9005072, 1, 0, 0
170806, 8678086, 1, 0, 0
170918, 8046694, 1, 0, 0
171001, 6885364, 1, 0, 0
171116, 11499738, 1, 0, 0
171203, 8666937, 1, 0, 0
171300, 8075749, 1, 0, 0
171416, 9704337, 1, 0, 0
171507, 10131045, 1, 0, 0
171600, 7751528, 1, 0, 0
171702, 9290949, 1, 0, 0
171800, 8839446, 1, 0, 0
171925, 9643118, 1, 0, 0
172001, 8385697, 1, 0, 0
172102, 10097705, 1, 0, 0
172220, 9131888, 1, 0, 0
172307, 8644401, 1, 0, 0
172420, 8070579, 1, 0, 0
172500, 8015956, 1, 0, 0
172609, 9086856, 1, 0, 0
172701, 9197780, 1, 0, 0
172802, 8392876, 1, 0, 0
172907, 8724648, 1, 0, 0
173001, 10487389, 1, 0, 0
173120, 9168999, 1, 0, 0
173208, 8759987, 1, 0, 0
173300, 8428363, 1, 0, 0
173425, 9553790, 1, 0, 0
173502, 9608352, 1, 0, 0
173623, 8677330, 1, 0, 0
173709, 8607273, 1, 0, 0
173804, 7278491, 1, 0, 0
173908, 9464483, 1, 0, 0
174000, 7658654, 1, 0, 0
174115, 11469168, 1, 0, 0
174213, 9834310, 1, 0, 0
174303, 7506949, 1, 0, 0
174420, 9748151, 1, 0, 0
174504, 7595116, 1, 0, 0
174609, 9598455, 1, 0, 0
174701, 9153146, 1, 0, 0
174822, 8659311, 1, 0, 0
174915, 9305282, 1, 0, 0
175001, 8625238, 1, 0, 0
175101, 8285227, 1, 0, 0
175202, 7805559, 1, 0, 0
175316, 10341165, 1, 0, 0
175408, 9237964, 1, 0, 0
175502, 7818887, 1, 0, 0
175600, 12267025, 1, 0, 0
175714, 9489446, 1, 0, 0
175802, 8006738, 1, 0, 0
175918, 8914441, 1, 0, 0
176001, 6872417, 1, 0, 0
176100, 8976065, 1, 0, 0
176204, 8657033, 1, 0, 0
176313, 9951472, 1, 0, 0
176400, 7911631, 1, 0, 0
176524, 9500772, 1, 0, 0
176600, 8433315, 1, 0, 0
176716, 8981677, 1, 0, 0
176804, 7937690, 1, 0, 0
176903, 8247563, 1, 0, 0
177015, 10202310, 1, 0, 0
177102, 6678272, 1, 0, 0
177200, 10893826, 1, 0, 0
177303, 8572679, 1, 0, 0
177418, 9645906, 1, 0, 0
177511, 9237318, 1, 0, 0
177630, 8490166, 1, 0, 0
177701, 8966274, 1, 0, 0
177801, 8323191, 1, 0, 0
177910, 9021689, 1, 0, 0
178002, 8395146, 1, 0, 0
178124, 9359800, 1, 0, 0
178203, 7954478, 1, 0, 0
178300, 12146303, 1, 0, 0
178402, 9221817, 1, 0, 0
178501, 8252790, 1, 0, 0
178627, 13986894, 1, 0, 0
178719, 9169211, 1, 0, 0
178820, 10167036, 1, 0, 0
178902, 9119456, 1, 0, 0
179008, 11722029, 1, 0, 0
179111, 10312040, 1, 0, 0
179200, 8121901, 1, 0, 0
179311, 10058522, 1, 0, 0
179412, 10115689, 1, 0, 0
179505, 9298198, 1, 0, 0
179602, 9650087, 1, 0, 0
179704, 11319407, 1, 0, 0
179802, 8196091, 1, 0, 0
179931, 11775528, 1, 0, 0
180008, 9526539, 1, 0, 0
