147, 362231, 0, 0, 0
247, 450560, 0, 0, 0
347, 532480, 0, 0, 0
447, 532480, 0, 0, 0
547, 491520, 0, 0, 0
646, 496484, 0, 0, 0
746, 532480, 0, 0, 0
846, 450560, 0, 0, 0
946, 491520, 0, 0, 0
1046, 491520, 0, 0, 0
1146, 491520, 0, 0, 0
1246, 450560, 0, 0, 0
1346, 409600, 0, 0, 0
1446, 409600, 0, 0, 0
1546, 491520, 0, 0, 0
1647, 450560, 0, 0, 0
1747, 491520, 0, 0, 0
1847, 491520, 0, 0, 0
1947, 409600, 0, 0, 0
2047, 491520, 0, 0, 0
2146, 455111, 0, 0, 0
2246, 450560, 0, 0, 0
2346, 450560, 0, 0, 0
2446, 409600, 0, 0, 0
2546, 450560, 0, 0, 0
2646, 450560, 0, 0, 0
2746, 491520, 0, 0, 0
2846, 491520, 0, 0, 0
2946, 491520, 0, 0, 0
3046, 491520, 0, 0, 0
3146, 450560, 0, 0, 0
3246, 532480, 0, 0, 0
3346, 532480, 0, 0, 0
3447, 491520, 0, 0, 0
3547, 532480, 0, 0, 0
3646, 496484, 0, 0, 0
3746, 368640, 0, 0, 0
3846, 491520, 0, 0, 0
3946, 450560, 0, 0, 0
4046, 532480, 0, 0, 0
4146, 450560, 0, 0, 0
4246, 491520, 0, 0, 0
4346, 450560, 0, 0, 0
4446, 327680, 0, 0, 0
4546, 409600, 0, 0, 0
4646, 491520, 0, 0, 0
4746, 491520, 0, 0, 0
4846, 491520, 0, 0, 0
4946, 450560, 0, 0, 0
5046, 450560, 0, 0, 0
5146, 409600, 0, 0, 0
5247, 450560, 0, 0, 0
5347, 491520, 0, 0, 0
5447, 409600, 0, 0, 0
5547, 491520, 0, 0, 0
5646, 496484, 0, 0, 0
5746, 491520, 0, 0, 0
5846, 491520, 0, 0, 0
5946, 450560, 0, 0, 0
6046, 491520, 0, 0, 0
6146, 491520, 0, 0, 0
6246, 450560, 0, 0, 0
6346, 491520, 0, 0, 0
6446, 450560, 0, 0, 0
6546, 450560, 0, 0, 0
6646, 491520, 0, 0, 0
6746, 491520, 0, 0, 0
6846, 491520, 0, 0, 0
6946, 491520, 0, 0, 0
7047, 491520, 0, 0, 0
7146, 496484, 0, 0, 0
7246, 491520, 0, 0, 0
7346, 450560, 0, 0, 0
7446, 532480, 0, 0, 0
7546, 491520, 0, 0, 0
7646, 450560, 0, 0, 0
7746, 491520, 0, 0, 0
7846, 573440, 0, 0, 0
7946, 450560, 0, 0, 0
8046, 532480, 0, 0, 0
8146, 532480, 0, 0, 0
8246, 450560, 0, 0, 0
8346, 450560, 0, 0, 0
8446, 491520, 0, 0, 0
8546, 491520, 0, 0, 0
8646, 491520, 0, 0, 0
8746, 532480, 0, 0, 0
8846, 368640, 0, 0, 0
8947, 573440, 0, 0, 0
9047, 491520, 0, 0, 0
9146, 455111, 0, 0, 0
9246, 491520, 0, 0, 0
9346, 491520, 0, 0, 0
9446, 450560, 0, 0, 0
9546, 491520, 0, 0, 0
9646, 532480, 0, 0, 0
9746, 450560, 0, 0, 0
9846, 409600, 0, 0, 0
9946, 491520, 0, 0, 0
10046, 450560, 0, 0, 0
10146, 450560, 0, 0, 0
10246, 450560, 0, 0, 0
10346, 491520, 0, 0, 0
10446, 450560, 0, 0, 0
10546, 491520, 0, 0, 0
10647, 450560, 0, 0, 0
10747, 491520, 0, 0, 0
10847, 491520, 0, 0, 0
10947, 491520, 0, 0, 0
11047, 450560, 0, 0, 0
11146, 455111, 0, 0, 0
11246, 409600, 0, 0, 0
11346, 327680, 0, 0, 0
11446, 450560, 0, 0, 0
11546, 450560, 0, 0, 0
11646, 491520, 0, 0, 0
11746, 491520, 0, 0, 0
11846, 450560, 0, 0, 0
11946, 368640, 0, 0, 0
12046, 491520, 0, 0, 0
12146, 450560, 0, 0, 0
12246, 450560, 0, 0, 0
12346, 491520, 0, 0, 0
12446, 409600, 0, 0, 0
12547, 450560, 0, 0, 0
12646, 455111, 0, 0, 0
12746, 409600, 0, 0, 0
12846, 409600, 0, 0, 0
12946, 532480, 0, 0, 0
13046, 450560, 0, 0, 0
13146, 491520, 0, 0, 0
13246, 450560, 0, 0, 0
13346, 450560, 0, 0, 0
13446, 491520, 0, 0, 0
13546, 450560, 0, 0, 0
13646, 450560, 0, 0, 0
13746, 409600, 0, 0, 0
13846, 450560, 0, 0, 0
13946, 491520, 0, 0, 0
14046, 491520, 0, 0, 0
14146, 491520, 0, 0, 0
14246, 409600, 0, 0, 0
14346, 491520, 0, 0, 0
14447, 491520, 0, 0, 0
14547, 450560, 0, 0, 0
14646, 537858, 0, 0, 0
14746, 491520, 0, 0, 0
14846, 491520, 0, 0, 0
14946, 450560, 0, 0, 0
15046, 491520, 0, 0, 0
15146, 450560, 0, 0, 0
15246, 450560, 0, 0, 0
15346, 532480, 0, 0, 0
15446, 491520, 0, 0, 0
15546, 450560, 0, 0, 0
15646, 450560, 0, 0, 0
15746, 491520, 0, 0, 0
15846, 409600, 0, 0, 0
15946, 532480, 0, 0, 0
16046, 491520, 0, 0, 0
16147, 491520, 0, 0, 0
16247, 491520, 0, 0, 0
16347, 532480, 0, 0, 0
16447, 491520, 0, 0, 0
16547, 532480, 0, 0, 0
16646, 455111, 0, 0, 0
16746, 491520, 0, 0, 0
16846, 532480, 0, 0, 0
16946, 450560, 0, 0, 0
17046, 532480, 0, 0, 0
17146, 532480, 0, 0, 0
17246, 409600, 0, 0, 0
17346, 409600, 0, 0, 0
17446, 409600, 0, 0, 0
17546, 450560, 0, 0, 0
17646, 491520, 0, 0, 0
17746, 450560, 0, 0, 0
17846, 409600, 0, 0, 0
17947, 409600, 0, 0, 0
18047, 409600, 0, 0, 0
18146, 455111, 0, 0, 0
18246, 450560, 0, 0, 0
18346, 450560, 0, 0, 0
18446, 409600, 0, 0, 0
18546, 450560, 0, 0, 0
18646, 450560, 0, 0, 0
18746, 409600, 0, 0, 0
18846, 450560, 0, 0, 0
18946, 450560, 0, 0, 0
19046, 286720, 0, 0, 0
19146, 409600, 0, 0, 0
19246, 409600, 0, 0, 0
19346, 450560, 0, 0, 0
19446, 368640, 0, 0, 0
19546, 450560, 0, 0, 0
19646, 409600, 0, 0, 0
19746, 409600, 0, 0, 0
19847, 450560, 0, 0, 0
19947, 450560, 0, 0, 0
20047, 450560, 0, 0, 0
20146, 413737, 0, 0, 0
20246, 368640, 0, 0, 0
20346, 450560, 0, 0, 0
20446, 368640, 0, 0, 0
20546, 491520, 0, 0, 0
20646, 368640, 0, 0, 0
20746, 409600, 0, 0, 0
20846, 368640, 0, 0, 0
20946, 368640, 0, 0, 0
21046, 491520, 0, 0, 0
21146, 450560, 0, 0, 0
21246, 368640, 0, 0, 0
21346, 409600, 0, 0, 0
21446, 409600, 0, 0, 0
21546, 491520, 0, 0, 0
21647, 368640, 0, 0, 0
21747, 450560, 0, 0, 0
21847, 491520, 0, 0, 0
21947, 450560, 0, 0, 0
22047, 450560, 0, 0, 0
22146, 455111, 0, 0, 0
22246, 450560, 0, 0, 0
22346, 491520, 0, 0, 0
22446, 409600, 0, 0, 0
22546, 491520, 0, 0, 0
22646, 532480, 0, 0, 0
22746, 450560, 0, 0, 0
22846, 450560, 0, 0, 0
22946, 491520, 0, 0, 0
23046, 532480, 0, 0, 0
23146, 450560, 0, 0, 0
23246, 450560, 0, 0, 0
23346, 491520, 0, 0, 0
23447, 491520, 0, 0, 0
23547, 491520, 0, 0, 0
23646, 496484, 0, 0, 0
23746, 450560, 0, 0, 0
23846, 491520, 0, 0, 0
23946, 450560, 0, 0, 0
24046, 450560, 0, 0, 0
24146, 491520, 0, 0, 0
24246, 491520, 0, 0, 0
24346, 450560, 0, 0, 0
24446, 450560, 0, 0, 0
24546, 450560, 0, 0, 0
24646, 491520, 0, 0, 0
24746, 532480, 0, 0, 0
24846, 450560, 0, 0, 0
24946, 450560, 0, 0, 0
25046, 450560, 0, 0, 0
25146, 450560, 0, 0, 0
25247, 450560, 0, 0, 0
25347, 450560, 0, 0, 0
25447, 450560, 0, 0, 0
25547, 491520, 0, 0, 0
25646, 496484, 0, 0, 0
25746, 450560, 0, 0, 0
25846, 532480, 0, 0, 0
25946, 450560, 0, 0, 0
26046, 450560, 0, 0, 0
26146, 409600, 0, 0, 0
26246, 450560, 0, 0, 0
26346, 532480, 0, 0, 0
26446, 327680, 0, 0, 0
26546, 491520, 0, 0, 0
26646, 409600, 0, 0, 0
26746, 491520, 0, 0, 0
26846, 409600, 0, 0, 0
26946, 450560, 0, 0, 0
27046, 491520, 0, 0, 0
27146, 491520, 0, 0, 0
27246, 450560, 0, 0, 0
27346, 491520, 0, 0, 0
27447, 491520, 0, 0, 0
27547, 450560, 0, 0, 0
27646, 413737, 0, 0, 0
27746, 450560, 0, 0, 0
27846, 491520, 0, 0, 0
27946, 450560, 0, 0, 0
28046, 491520, 0, 0, 0
28146, 450560, 0, 0, 0
28246, 491520, 0, 0, 0
28346, 450560, 0, 0, 0
28446, 450560, 0, 0, 0
28546, 491520, 0, 0, 0
28646, 491520, 0, 0, 0
28746, 491520, 0, 0, 0
28846, 450560, 0, 0, 0
28946, 532480, 0, 0, 0
29046, 368640, 0, 0, 0
29146, 491520, 0, 0, 0
29246, 409600, 0, 0, 0
29346, 491520, 0, 0, 0
29446, 491520, 0, 0, 0
29546, 491520, 0, 0, 0
29647, 450560, 0, 0, 0
29747, 450560, 0, 0, 0
29847, 450560, 0, 0, 0
29947, 450560, 0, 0, 0
30047, 491520, 0, 0, 0
30146, 455111, 0, 0, 0
30246, 409600, 0, 0, 0
30346, 450560, 0, 0, 0
30446, 409600, 0, 0, 0
30546, 450560, 0, 0, 0
30646, 409600, 0, 0, 0
30746, 450560, 0, 0, 0
30846, 450560, 0, 0, 0
30946, 491520, 0, 0, 0
31046, 450560, 0, 0, 0
31146, 491520, 0, 0, 0
31246, 450560, 0, 0, 0
31346, 532480, 0, 0, 0
31446, 532480, 0, 0, 0
31546, 450560, 0, 0, 0
31647, 532480, 0, 0, 0
31747, 491520, 0, 0, 0
31847, 532480, 0, 0, 0
31947, 450560, 0, 0, 0
32047, 491520, 0, 0, 0
32146, 455111, 0, 0, 0
32246, 491520, 0, 0, 0
32346, 450560, 0, 0, 0
32446, 450560, 0, 0, 0
32546, 491520, 0, 0, 0
32646, 450560, 0, 0, 0
32746, 491520, 0, 0, 0
32846, 450560, 0, 0, 0
32946, 491520, 0, 0, 0
33046, 532480, 0, 0, 0
33146, 409600, 0, 0, 0
33246, 491520, 0, 0, 0
33346, 491520, 0, 0, 0
33446, 450560, 0, 0, 0
33546, 491520, 0, 0, 0
33646, 491520, 0, 0, 0
33747, 491520, 0, 0, 0
33847, 532480, 0, 0, 0
33947, 368640, 0, 0, 0
34047, 450560, 0, 0, 0
34146, 455111, 0, 0, 0
34246, 409600, 0, 0, 0
34346, 491520, 0, 0, 0
34446, 450560, 0, 0, 0
34546, 450560, 0, 0, 0
34646, 450560, 0, 0, 0
34746, 532480, 0, 0, 0
34846, 450560, 0, 0, 0
34946, 491520, 0, 0, 0
35046, 532480, 0, 0, 0
35146, 409600, 0, 0, 0
35246, 491520, 0, 0, 0
35346, 450560, 0, 0, 0
35446, 491520, 0, 0, 0
35546, 491520, 0, 0, 0
35646, 450560, 0, 0, 0
35746, 491520, 0, 0, 0
35847, 450560, 0, 0, 0
35947, 450560, 0, 0, 0
36047, 450560, 0, 0, 0
36146, 413737, 0, 0, 0
36246, 491520, 0, 0, 0
36346, 491520, 0, 0, 0
36446, 450560, 0, 0, 0
36546, 491520, 0, 0, 0
36646, 491520, 0, 0, 0
36746, 450560, 0, 0, 0
36846, 491520, 0, 0, 0
36946, 450560, 0, 0, 0
37046, 450560, 0, 0, 0
37146, 532480, 0, 0, 0
37246, 450560, 0, 0, 0
37346, 450560, 0, 0, 0
37446, 491520, 0, 0, 0
37546, 450560, 0, 0, 0
37646, 491520, 0, 0, 0
37746, 450560, 0, 0, 0
37846, 450560, 0, 0, 0
37946, 491520, 0, 0, 0
38046, 491520, 0, 0, 0
38147, 450560, 0, 0, 0
38247, 491520, 0, 0, 0
38347, 450560, 0, 0, 0
38447, 491520, 0, 0, 0
38547, 491520, 0, 0, 0
38646, 455111, 0, 0, 0
38746, 450560, 0, 0, 0
38846, 491520, 0, 0, 0
38946, 491520, 0, 0, 0
39046, 286720, 0, 0, 0
39146, 450560, 0, 0, 0
39246, 491520, 0, 0, 0
39346, 450560, 0, 0, 0
39446, 450560, 0, 0, 0
39546, 450560, 0, 0, 0
39646, 491520, 0, 0, 0
39746, 450560, 0, 0, 0
39846, 532480, 0, 0, 0
39946, 491520, 0, 0, 0
40047, 491520, 0, 0, 0
40146, 537858, 0, 0, 0
40246, 532480, 0, 0, 0
40346, 491520, 0, 0, 0
40446, 450560, 0, 0, 0
40546, 491520, 0, 0, 0
40646, 532480, 0, 0, 0
40746, 532480, 0, 0, 0
40846, 491520, 0, 0, 0
40946, 491520, 0, 0, 0
41046, 491520, 0, 0, 0
41146, 491520, 0, 0, 0
41246, 491520, 0, 0, 0
41346, 532480, 0, 0, 0
41446, 532480, 0, 0, 0
41546, 491520, 0, 0, 0
41646, 532480, 0, 0, 0
41746, 450560, 0, 0, 0
41847, 573440, 0, 0, 0
41947, 491520, 0, 0, 0
42047, 450560, 0, 0, 0
42146, 537858, 0, 0, 0
42246, 491520, 0, 0, 0
42346, 532480, 0, 0, 0
42446, 573440, 0, 0, 0
42546, 532480, 0, 0, 0
42646, 450560, 0, 0, 0
42746, 532480, 0, 0, 0
42846, 450560, 0, 0, 0
42946, 532480, 0, 0, 0
43046, 532480, 0, 0, 0
43146, 532480, 0, 0, 0
43246, 409600, 0, 0, 0
43346, 450560, 0, 0, 0
43446, 491520, 0, 0, 0
43546, 491520, 0, 0, 0
43647, 491520, 0, 0, 0
43747, 450560, 0, 0, 0
43847, 532480, 0, 0, 0
43947, 532480, 0, 0, 0
44047, 450560, 0, 0, 0
44146, 496484, 0, 0, 0
44246, 532480, 0, 0, 0
44346, 532480, 0, 0, 0
44446, 532480, 0, 0, 0
44546, 532480, 0, 0, 0
44646, 532480, 0, 0, 0
44746, 491520, 0, 0, 0
44846, 491520, 0, 0, 0
44946, 532480, 0, 0, 0
45046, 450560, 0, 0, 0
45146, 573440, 0, 0, 0
45246, 532480, 0, 0, 0
45346, 532480, 0, 0, 0
45446, 532480, 0, 0, 0
45546, 491520, 0, 0, 0
45647, 532480, 0, 0, 0
45747, 491520, 0, 0, 0
45847, 532480, 0, 0, 0
45947, 450560, 0, 0, 0
46047, 573440, 0, 0, 0
46146, 537858, 0, 0, 0
46246, 491520, 0, 0, 0
46346, 327680, 0, 0, 0
46446, 532480, 0, 0, 0
46546, 491520, 0, 0, 0
46646, 491520, 0, 0, 0
46746, 450560, 0, 0, 0
46846, 491520, 0, 0, 0
46946, 491520, 0, 0, 0
47046, 532480, 0, 0, 0
47146, 491520, 0, 0, 0
47246, 368640, 0, 0, 0
47346, 450560, 0, 0, 0
47446, 491520, 0, 0, 0
47546, 491520, 0, 0, 0
47647, 532480, 0, 0, 0
47747, 491520, 0, 0, 0
47847, 491520, 0, 0, 0
47947, 450560, 0, 0, 0
48047, 450560, 0, 0, 0
48146, 496484, 0, 0, 0
48246, 450560, 0, 0, 0
48346, 573440, 0, 0, 0
48446, 491520, 0, 0, 0
48546, 491520, 0, 0, 0
48646, 491520, 0, 0, 0
48746, 450560, 0, 0, 0
48846, 532480, 0, 0, 0
48946, 491520, 0, 0, 0
49046, 368640, 0, 0, 0
49146, 409600, 0, 0, 0
49246, 409600, 0, 0, 0
49346, 450560, 0, 0, 0
49446, 491520, 0, 0, 0
49546, 409600, 0, 0, 0
49646, 491520, 0, 0, 0
49746, 450560, 0, 0, 0
49846, 409600, 0, 0, 0
49947, 450560, 0, 0, 0
50047, 409600, 0, 0, 0
50146, 455111, 0, 0, 0
50246, 450560, 0, 0, 0
50346, 450560, 0, 0, 0
50446, 368640, 0, 0, 0
50546, 491520, 0, 0, 0
50646, 409600, 0, 0, 0
50746, 409600, 0, 0, 0
50846, 450560, 0, 0, 0
50946, 450560, 0, 0, 0
51046, 450560, 0, 0, 0
51146, 409600, 0, 0, 0
51246, 368640, 0, 0, 0
51346, 450560, 0, 0, 0
51446, 491520, 0, 0, 0
51546, 409600, 0, 0, 0
51646, 450560, 0, 0, 0
51746, 450560, 0, 0, 0
51846, 368640, 0, 0, 0
51946, 491520, 0, 0, 0
52046, 368640, 0, 0, 0
52146, 491520, 0, 0, 0
52246, 409600, 0, 0, 0
52346, 450560, 0, 0, 0
52447, 491520, 0, 0, 0
52547, 450560, 0, 0, 0
52646, 413737, 0, 0, 0
52746, 450560, 0, 0, 0
52846, 450560, 0, 0, 0
52946, 450560, 0, 0, 0
53046, 491520, 0, 0, 0
53146, 409600, 0, 0, 0
53246, 532480, 0, 0, 0
53346, 491520, 0, 0, 0
53446, 532480, 0, 0, 0
53546, 450560, 0, 0, 0
53646, 532480, 0, 0, 0
53746, 491520, 0, 0, 0
53846, 450560, 0, 0, 0
53946, 491520, 0, 0, 0
54046, 532480, 0, 0, 0
54146, 409600, 0, 0, 0
54246, 532480, 0, 0, 0
54346, 532480, 0, 0, 0
54446, 573440, 0, 0, 0
54546, 491520, 0, 0, 0
54646, 491520, 0, 0, 0
54746, 450560, 0, 0, 0
54847, 491520, 0, 0, 0
54947, 532480, 0, 0, 0
55047, 532480, 0, 0, 0
55146, 455111, 0, 0, 0
55246, 532480, 0, 0, 0
55346, 491520, 0, 0, 0
55446, 491520, 0, 0, 0
55546, 450560, 0, 0, 0
55646, 491520, 0, 0, 0
55746, 491520, 0, 0, 0
55846, 532480, 0, 0, 0
55946, 532480, 0, 0, 0
56046, 491520, 0, 0, 0
56146, 573440, 0, 0, 0
56246, 491520, 0, 0, 0
56346, 532480, 0, 0, 0
56446, 491520, 0, 0, 0
56546, 491520, 0, 0, 0
56646, 532480, 0, 0, 0
56746, 532480, 0, 0, 0
56846, 532480, 0, 0, 0
56946, 450560, 0, 0, 0
57046, 491520, 0, 0, 0
57146, 491520, 0, 0, 0
57247, 450560, 0, 0, 0
57347, 491520, 0, 0, 0
57447, 491520, 0, 0, 0
57547, 327680, 0, 0, 0
57646, 455111, 0, 0, 0
57746, 409600, 0, 0, 0
57846, 532480, 0, 0, 0
57946, 491520, 0, 0, 0
58046, 450560, 0, 0, 0
58146, 409600, 0, 0, 0
58246, 491520, 0, 0, 0
58346, 491520, 0, 0, 0
58446, 450560, 0, 0, 0
58546, 491520, 0, 0, 0
58646, 450560, 0, 0, 0
58746, 491520, 0, 0, 0
58846, 491520, 0, 0, 0
58946, 450560, 0, 0, 0
59046, 532480, 0, 0, 0
59146, 409600, 0, 0, 0
59246, 450560, 0, 0, 0
59346, 491520, 0, 0, 0
59446, 532480, 0, 0, 0
59546, 491520, 0, 0, 0
59647, 450560, 0, 0, 0
59747, 450560, 0, 0, 0
59847, 409600, 0, 0, 0
59947, 532480, 0, 0, 0
60047, 532480, 0, 0, 0
60146, 455111, 0, 0, 0
60246, 409600, 0, 0, 0
60346, 491520, 0, 0, 0
60446, 491520, 0, 0, 0
60546, 450560, 0, 0, 0
60646, 409600, 0, 0, 0
60746, 450560, 0, 0, 0
60846, 491520, 0, 0, 0
60946, 491520, 0, 0, 0
61046, 491520, 0, 0, 0
61146, 450560, 0, 0, 0
61246, 491520, 0, 0, 0
61346, 409600, 0, 0, 0
61446, 450560, 0, 0, 0
61546, 491520, 0, 0, 0
61646, 409600, 0, 0, 0
61746, 450560, 0, 0, 0
61846, 450560, 0, 0, 0
61947, 491520, 0, 0, 0
62047, 532480, 0, 0, 0
62146, 455111, 0, 0, 0
62246, 450560, 0, 0, 0
62346, 450560, 0, 0, 0
62446, 491520, 0, 0, 0
62546, 491520, 0, 0, 0
62646, 532480, 0, 0, 0
62746, 491520, 0, 0, 0
62846, 450560, 0, 0, 0
62946, 491520, 0, 0, 0
63046, 368640, 0, 0, 0
63146, 491520, 0, 0, 0
63246, 491520, 0, 0, 0
63346, 491520, 0, 0, 0
63446, 491520, 0, 0, 0
63546, 491520, 0, 0, 0
63646, 532480, 0, 0, 0
63746, 450560, 0, 0, 0
63846, 450560, 0, 0, 0
63946, 532480, 0, 0, 0
64046, 450560, 0, 0, 0
64146, 450560, 0, 0, 0
64246, 532480, 0, 0, 0
64346, 368640, 0, 0, 0
64447, 532480, 0, 0, 0
64547, 491520, 0, 0, 0
64646, 455111, 0, 0, 0
64746, 491520, 0, 0, 0
64846, 409600, 0, 0, 0
64946, 532480, 0, 0, 0
65046, 491520, 0, 0, 0
65146, 532480, 0, 0, 0
65246, 450560, 0, 0, 0
65346, 409600, 0, 0, 0
65446, 409600, 0, 0, 0
65546, 532480, 0, 0, 0
65646, 450560, 0, 0, 0
65746, 450560, 0, 0, 0
65846, 491520, 0, 0, 0
65946, 491520, 0, 0, 0
66046, 409600, 0, 0, 0
66146, 491520, 0, 0, 0
66246, 491520, 0, 0, 0
66346, 450560, 0, 0, 0
66446, 491520, 0, 0, 0
66546, 409600, 0, 0, 0
66647, 491520, 0, 0, 0
66747, 491520, 0, 0, 0
66847, 450560, 0, 0, 0
66947, 409600, 0, 0, 0
67047, 409600, 0, 0, 0
67146, 537858, 0, 0, 0
67246, 491520, 0, 0, 0
67346, 409600, 0, 0, 0
67446, 450560, 0, 0, 0
67546, 327680, 0, 0, 0
67646, 450560, 0, 0, 0
67746, 409600, 0, 0, 0
67846, 450560, 0, 0, 0
67946, 491520, 0, 0, 0
68046, 450560, 0, 0, 0
68146, 409600, 0, 0, 0
68246, 491520, 0, 0, 0
68346, 409600, 0, 0, 0
68446, 450560, 0, 0, 0
68546, 491520, 0, 0, 0
68646, 450560, 0, 0, 0
68746, 409600, 0, 0, 0
68846, 450560, 0, 0, 0
68947, 409600, 0, 0, 0
69047, 450560, 0, 0, 0
69146, 496484, 0, 0, 0
69246, 491520, 0, 0, 0
69346, 450560, 0, 0, 0
69446, 532480, 0, 0, 0
69546, 491520, 0, 0, 0
69646, 409600, 0, 0, 0
69746, 532480, 0, 0, 0
69846, 409600, 0, 0, 0
69946, 532480, 0, 0, 0
70046, 491520, 0, 0, 0
70146, 532480, 0, 0, 0
70246, 491520, 0, 0, 0
70346, 450560, 0, 0, 0
70446, 491520, 0, 0, 0
70546, 450560, 0, 0, 0
70646, 491520, 0, 0, 0
70746, 532480, 0, 0, 0
70846, 491520, 0, 0, 0
70946, 450560, 0, 0, 0
71046, 450560, 0, 0, 0
71147, 532480, 0, 0, 0
71247, 491520, 0, 0, 0
71347, 532480, 0, 0, 0
71447, 450560, 0, 0, 0
71547, 532480, 0, 0, 0
71646, 537858, 0, 0, 0
71746, 532480, 0, 0, 0
71846, 491520, 0, 0, 0
71946, 573440, 0, 0, 0
72046, 532480, 0, 0, 0
72146, 491520, 0, 0, 0
72246, 491520, 0, 0, 0
72346, 491520, 0, 0, 0
72446, 532480, 0, 0, 0
72546, 532480, 0, 0, 0
72646, 450560, 0, 0, 0
72746, 450560, 0, 0, 0
72846, 532480, 0, 0, 0
72946, 491520, 0, 0, 0
73046, 450560, 0, 0, 0
73146, 491520, 0, 0, 0
73246, 450560, 0, 0, 0
73346, 450560, 0, 0, 0
73446, 491520, 0, 0, 0
73547, 450560, 0, 0, 0
73647, 450560, 0, 0, 0
73747, 491520, 0, 0, 0
73847, 409600, 0, 0, 0
73947, 450560, 0, 0, 0
74047, 491520, 0, 0, 0
74146, 455111, 0, 0, 0
74246, 450560, 0, 0, 0
74346, 286720, 0, 0, 0
74446, 491520, 0, 0, 0
74546, 450560, 0, 0, 0
74646, 450560, 0, 0, 0
74746, 532480, 0, 0, 0
74846, 450560, 0, 0, 0
74946, 450560, 0, 0, 0
75046, 491520, 0, 0, 0
75146, 409600, 0, 0, 0
75246, 450560, 0, 0, 0
75346, 491520, 0, 0, 0
75446, 450560, 0, 0, 0
75546, 450560, 0, 0, 0
75646, 450560, 0, 0, 0
75746, 491520, 0, 0, 0
75846, 450560, 0, 0, 0
75947, 532480, 0, 0, 0
76047, 491520, 0, 0, 0
76146, 455111, 0, 0, 0
76246, 491520, 0, 0, 0
76346, 491520, 0, 0, 0
76446, 491520, 0, 0, 0
76546, 450560, 0, 0, 0
76646, 491520, 0, 0, 0
76746, 450560, 0, 0, 0
76846, 532480, 0, 0, 0
76946, 491520, 0, 0, 0
77046, 491520, 0, 0, 0
77146, 450560, 0, 0, 0
77246, 450560, 0, 0, 0
77346, 491520, 0, 0, 0
77446, 491520, 0, 0, 0
77546, 450560, 0, 0, 0
77646, 532480, 0, 0, 0
77746, 409600, 0, 0, 0
77846, 491520, 0, 0, 0
77946, 491520, 0, 0, 0
78046, 450560, 0, 0, 0
78146, 450560, 0, 0, 0
78246, 491520, 0, 0, 0
78347, 491520, 0, 0, 0
78447, 532480, 0, 0, 0
78547, 450560, 0, 0, 0
78646, 496484, 0, 0, 0
78746, 450560, 0, 0, 0
78846, 450560, 0, 0, 0
78946, 491520, 0, 0, 0
79046, 491520, 0, 0, 0
79146, 409600, 0, 0, 0
79246, 491520, 0, 0, 0
79346, 409600, 0, 0, 0
79446, 532480, 0, 0, 0
79546, 491520, 0, 0, 0
79646, 450560, 0, 0, 0
79746, 450560, 0, 0, 0
79846, 532480, 0, 0, 0
79946, 532480, 0, 0, 0
80046, 491520, 0, 0, 0
80146, 491520, 0, 0, 0
80246, 532480, 0, 0, 0
80346, 532480, 0, 0, 0
80446, 450560, 0, 0, 0
80546, 409600, 0, 0, 0
80647, 409600, 0, 0, 0
80747, 491520, 0, 0, 0
80847, 368640, 0, 0, 0
80947, 368640, 0, 0, 0
81047, 450560, 0, 0, 0
81146, 413737, 0, 0, 0
81246, 450560, 0, 0, 0
81346, 450560, 0, 0, 0
81446, 368640, 0, 0, 0
81546, 450560, 0, 0, 0
81646, 409600, 0, 0, 0
81746, 409600, 0, 0, 0
81846, 450560, 0, 0, 0
81946, 409600, 0, 0, 0
82046, 409600, 0, 0, 0
82146, 450560, 0, 0, 0
82246, 368640, 0, 0, 0
82346, 491520, 0, 0, 0
82446, 409600, 0, 0, 0
82546, 409600, 0, 0, 0
82646, 409600, 0, 0, 0
82746, 409600, 0, 0, 0
82846, 409600, 0, 0, 0
82946, 368640, 0, 0, 0
83046, 409600, 0, 0, 0
83147, 409600, 0, 0, 0
83247, 409600, 0, 0, 0
83347, 450560, 0, 0, 0
83447, 450560, 0, 0, 0
83547, 450560, 0, 0, 0
83646, 372363, 0, 0, 0
83746, 368640, 0, 0, 0
83846, 409600, 0, 0, 0
83946, 450560, 0, 0, 0
84046, 368640, 0, 0, 0
84146, 368640, 0, 0, 0
84246, 409600, 0, 0, 0
84346, 327680, 0, 0, 0
84446, 409600, 0, 0, 0
84546, 409600, 0, 0, 0
84646, 409600, 0, 0, 0
84746, 450560, 0, 0, 0
84846, 450560, 0, 0, 0
84946, 409600, 0, 0, 0
85046, 450560, 0, 0, 0
85146, 573440, 0, 0, 0
85246, 491520, 0, 0, 0
85346, 532480, 0, 0, 0
85446, 532480, 0, 0, 0
85547, 573440, 0, 0, 0
85647, 450560, 0, 0, 0
85747, 532480, 0, 0, 0
85847, 450560, 0, 0, 0
85947, 409600, 0, 0, 0
86047, 491520, 0, 0, 0
86146, 537858, 0, 0, 0
86246, 532480, 0, 0, 0
86346, 450560, 0, 0, 0
86446, 491520, 0, 0, 0
86546, 532480, 0, 0, 0
86646, 491520, 0, 0, 0
86746, 532480, 0, 0, 0
86846, 450560, 0, 0, 0
86946, 532480, 0, 0, 0
87046, 532480, 0, 0, 0
87146, 491520, 0, 0, 0
87246, 491520, 0, 0, 0
87346, 532480, 0, 0, 0
87446, 450560, 0, 0, 0
87546, 532480, 0, 0, 0
87646, 491520, 0, 0, 0
87746, 532480, 0, 0, 0
87846, 491520, 0, 0, 0
87947, 491520, 0, 0, 0
88047, 327680, 0, 0, 0
88147, 491520, 0, 0, 0
88247, 450560, 0, 0, 0
88347, 491520, 0, 0, 0
88447, 450560, 0, 0, 0
88547, 491520, 0, 0, 0
88646, 496484, 0, 0, 0
88746, 450560, 0, 0, 0
88846, 491520, 0, 0, 0
88946, 491520, 0, 0, 0
89046, 491520, 0, 0, 0
89146, 532480, 0, 0, 0
89246, 491520, 0, 0, 0
89346, 450560, 0, 0, 0
89446, 573440, 0, 0, 0
89546, 450560, 0, 0, 0
89646, 491520, 0, 0, 0
89746, 532480, 0, 0, 0
89846, 450560, 0, 0, 0
89946, 491520, 0, 0, 0
90046, 491520, 0, 0, 0
90146, 491520, 0, 0, 0
90246, 450560, 0, 0, 0
90346, 532480, 0, 0, 0
90447, 532480, 0, 0, 0
90547, 491520, 0, 0, 0
90647, 491520, 0, 0, 0
90747, 491520, 0, 0, 0
90847, 491520, 0, 0, 0
90947, 491520, 0, 0, 0
91047, 491520, 0, 0, 0
91146, 455111, 0, 0, 0
91246, 450560, 0, 0, 0
91346, 491520, 0, 0, 0
91446, 409600, 0, 0, 0
91546, 491520, 0, 0, 0
91646, 450560, 0, 0, 0
91746, 450560, 0, 0, 0
91846, 409600, 0, 0, 0
91946, 450560, 0, 0, 0
92046, 491520, 0, 0, 0
92146, 450560, 0, 0, 0
92246, 450560, 0, 0, 0
92346, 491520, 0, 0, 0
92446, 450560, 0, 0, 0
92546, 491520, 0, 0, 0
92646, 491520, 0, 0, 0
92746, 491520, 0, 0, 0
92847, 409600, 0, 0, 0
92947, 491520, 0, 0, 0
93047, 450560, 0, 0, 0
93146, 372363, 0, 0, 0
93246, 491520, 0, 0, 0
93346, 409600, 0, 0, 0
93446, 491520, 0, 0, 0
93546, 450560, 0, 0, 0
93646, 491520, 0, 0, 0
93746, 450560, 0, 0, 0
93846, 491520, 0, 0, 0
93946, 491520, 0, 0, 0
94046, 491520, 0, 0, 0
94146, 532480, 0, 0, 0
94246, 409600, 0, 0, 0
94346, 450560, 0, 0, 0
94446, 409600, 0, 0, 0
94546, 491520, 0, 0, 0
94646, 368640, 0, 0, 0
94746, 532480, 0, 0, 0
94846, 450560, 0, 0, 0
94946, 450560, 0, 0, 0
95046, 491520, 0, 0, 0
95146, 368640, 0, 0, 0
95247, 450560, 0, 0, 0
95347, 491520, 0, 0, 0
95447, 491520, 0, 0, 0
95547, 491520, 0, 0, 0
95646, 455111, 0, 0, 0
95746, 532480, 0, 0, 0
95846, 450560, 0, 0, 0
95946, 491520, 0, 0, 0
96046, 450560, 0, 0, 0
96146, 532480, 0, 0, 0
96246, 409600, 0, 0, 0
96346, 491520, 0, 0, 0
96446, 491520, 0, 0, 0
96546, 491520, 0, 0, 0
96646, 532480, 0, 0, 0
96746, 491520, 0, 0, 0
96846, 491520, 0, 0, 0
96946, 532480, 0, 0, 0
97046, 450560, 0, 0, 0
97146, 409600, 0, 0, 0
97246, 450560, 0, 0, 0
97346, 450560, 0, 0, 0
97446, 491520, 0, 0, 0
97546, 491520, 0, 0, 0
97647, 327680, 0, 0, 0
97747, 491520, 0, 0, 0
97847, 491520, 0, 0, 0
97947, 450560, 0, 0, 0
98047, 450560, 0, 0, 0
98146, 496484, 0, 0, 0
98246, 450560, 0, 0, 0
98346, 409600, 0, 0, 0
98446, 491520, 0, 0, 0
98546, 532480, 0, 0, 0
98646, 491520, 0, 0, 0
98746, 491520, 0, 0, 0
98846, 368640, 0, 0, 0
98946, 532480, 0, 0, 0
99046, 491520, 0, 0, 0
99146, 491520, 0, 0, 0
99246, 491520, 0, 0, 0
99346, 368640, 0, 0, 0
99446, 450560, 0, 0, 0
99546, 491520, 0, 0, 0
99646, 450560, 0, 0, 0
99746, 450560, 0, 0, 0
99846, 532480, 0, 0, 0
99946, 491520, 0, 0, 0
100047, 450560, 0, 0, 0
100147, 491520, 0, 0, 0
100247, 532480, 0, 0, 0
100347, 450560, 0, 0, 0
100447, 491520, 0, 0, 0
100547, 532480, 0, 0, 0
100646, 496484, 0, 0, 0
100746, 532480, 0, 0, 0
100846, 491520, 0, 0, 0
100946, 450560, 0, 0, 0
101046, 491520, 0, 0, 0
101146, 532480, 0, 0, 0
101246, 491520, 0, 0, 0
101346, 491520, 0, 0, 0
101446, 532480, 0, 0, 0
101546, 532480, 0, 0, 0
101646, 491520, 0, 0, 0
101746, 532480, 0, 0, 0
101846, 368640, 0, 0, 0
101946, 450560, 0, 0, 0
102046, 491520, 0, 0, 0
102146, 450560, 0, 0, 0
102246, 532480, 0, 0, 0
102346, 450560, 0, 0, 0
102447, 450560, 0, 0, 0
102547, 491520, 0, 0, 0
102646, 455111, 0, 0, 0
102746, 450560, 0, 0, 0
102846, 532480, 0, 0, 0
102946, 450560, 0, 0, 0
103046, 450560, 0, 0, 0
103146, 450560, 0, 0, 0
103246, 491520, 0, 0, 0
103346, 491520, 0, 0, 0
103446, 450560, 0, 0, 0
103546, 450560, 0, 0, 0
103646, 450560, 0, 0, 0
103746, 491520, 0, 0, 0
103846, 491520, 0, 0, 0
103946, 409600, 0, 0, 0
104046, 491520, 0, 0, 0
104146, 450560, 0, 0, 0
104246, 491520, 0, 0, 0
104346, 450560, 0, 0, 0
104446, 532480, 0, 0, 0
104546, 368640, 0, 0, 0
104646, 491520, 0, 0, 0
104747, 409600, 0, 0, 0
104847, 491520, 0, 0, 0
104947, 491520, 0, 0, 0
105047, 450560, 0, 0, 0
105146, 413737, 0, 0, 0
105246, 450560, 0, 0, 0
105346, 491520, 0, 0, 0
105446, 491520, 0, 0, 0
105546, 532480, 0, 0, 0
105646, 491520, 0, 0, 0
105746, 532480, 0, 0, 0
105846, 491520, 0, 0, 0
105946, 450560, 0, 0, 0
106046, 532480, 0, 0, 0
106146, 450560, 0, 0, 0
106246, 532480, 0, 0, 0
106346, 532480, 0, 0, 0
106446, 491520, 0, 0, 0
106546, 491520, 0, 0, 0
106646, 491520, 0, 0, 0
106746, 450560, 0, 0, 0
106846, 532480, 0, 0, 0
106946, 532480, 0, 0, 0
107047, 491520, 0, 0, 0
107147, 532480, 0, 0, 0
107247, 409600, 0, 0, 0
107347, 450560, 0, 0, 0
107447, 450560, 0, 0, 0
107547, 532480, 0, 0, 0
107646, 537858, 0, 0, 0
107746, 450560, 0, 0, 0
107846, 532480, 0, 0, 0
107946, 491520, 0, 0, 0
108046, 450560, 0, 0, 0
108146, 491520, 0, 0, 0
108246, 491520, 0, 0, 0
108346, 450560, 0, 0, 0
108446, 286720, 0, 0, 0
108546, 450560, 0, 0, 0
108646, 409600, 0, 0, 0
108746, 368640, 0, 0, 0
108846, 368640, 0, 0, 0
108946, 532480, 0, 0, 0
109046, 491520, 0, 0, 0
109146, 491520, 0, 0, 0
109246, 450560, 0, 0, 0
109346, 409600, 0, 0, 0
109447, 491520, 0, 0, 0
109547, 450560, 0, 0, 0
109646, 455111, 0, 0, 0
109746, 409600, 0, 0, 0
109846, 409600, 0, 0, 0
109946, 532480, 0, 0, 0
110046, 409600, 0, 0, 0
110146, 450560, 0, 0, 0
110246, 409600, 0, 0, 0
110346, 491520, 0, 0, 0
110446, 491520, 0, 0, 0
110546, 409600, 0, 0, 0
110646, 450560, 0, 0, 0
110746, 409600, 0, 0, 0
110846, 491520, 0, 0, 0
110946, 368640, 0, 0, 0
111046, 368640, 0, 0, 0
111146, 409600, 0, 0, 0
111246, 368640, 0, 0, 0
111346, 450560, 0, 0, 0
111446, 409600, 0, 0, 0
111546, 491520, 0, 0, 0
111646, 409600, 0, 0, 0
111746, 450560, 0, 0, 0
111847, 409600, 0, 0, 0
111947, 450560, 0, 0, 0
112047, 450560, 0, 0, 0
112146, 455111, 0, 0, 0
112246, 409600, 0, 0, 0
112346, 491520, 0, 0, 0
112446, 491520, 0, 0, 0
112546, 450560, 0, 0, 0
112646, 450560, 0, 0, 0
112746, 450560, 0, 0, 0
112846, 491520, 0, 0, 0
112946, 532480, 0, 0, 0
113046, 532480, 0, 0, 0
113146, 491520, 0, 0, 0
113246, 491520, 0, 0, 0
113346, 532480, 0, 0, 0
113446, 491520, 0, 0, 0
113546, 491520, 0, 0, 0
113646, 532480, 0, 0, 0
113746, 491520, 0, 0, 0
113846, 491520, 0, 0, 0
113946, 532480, 0, 0, 0
114046, 491520, 0, 0, 0
114147, 450560, 0, 0, 0
114247, 532480, 0, 0, 0
114347, 532480, 0, 0, 0
114447, 491520, 0, 0, 0
114547, 327680, 0, 0, 0
114646, 496484, 0, 0, 0
114746, 450560, 0, 0, 0
114846, 532480, 0, 0, 0
114946, 491520, 0, 0, 0
115046, 450560, 0, 0, 0
115146, 573440, 0, 0, 0
115246, 491520, 0, 0, 0
115346, 409600, 0, 0, 0
115446, 491520, 0, 0, 0
115546, 491520, 0, 0, 0
115646, 532480, 0, 0, 0
115746, 491520, 0, 0, 0
115846, 491520, 0, 0, 0
115946, 491520, 0, 0, 0
116046, 532480, 0, 0, 0
116146, 532480, 0, 0, 0
116246, 532480, 0, 0, 0
116346, 450560, 0, 0, 0
116446, 368640, 0, 0, 0
116546, 450560, 0, 0, 0
116647, 491520, 0, 0, 0
116747, 532480, 0, 0, 0
116847, 491520, 0, 0, 0
116947, 491520, 0, 0, 0
117047, 491520, 0, 0, 0
117146, 496484, 0, 0, 0
117246, 450560, 0, 0, 0
117346, 491520, 0, 0, 0
117446, 450560, 0, 0, 0
117546, 491520, 0, 0, 0
117646, 450560, 0, 0, 0
117746, 491520, 0, 0, 0
117846, 532480, 0, 0, 0
117946, 450560, 0, 0, 0
118046, 532480, 0, 0, 0
118146, 491520, 0, 0, 0
118246, 450560, 0, 0, 0
118346, 491520, 0, 0, 0
118446, 491520, 0, 0, 0
118546, 491520, 0, 0, 0
118646, 532480, 0, 0, 0
118746, 491520, 0, 0, 0
118846, 491520, 0, 0, 0
118946, 532480, 0, 0, 0
119046, 450560, 0, 0, 0
119147, 286720, 0, 0, 0
119247, 532480, 0, 0, 0
119347, 450560, 0, 0, 0
119447, 491520, 0, 0, 0
119547, 409600, 0, 0, 0
119646, 496484, 0, 0, 0
119746, 450560, 0, 0, 0
119846, 532480, 0, 0, 0
119946, 491520, 0, 0, 0
120046, 532480, 0, 0, 0
120146, 409600, 0, 0, 0
120246, 409600, 0, 0, 0
120346, 491520, 0, 0, 0
120446, 532480, 0, 0, 0
120546, 450560, 0, 0, 0
120646, 532480, 0, 0, 0
120746, 491520, 0, 0, 0
120846, 491520, 0, 0, 0
120946, 491520, 0, 0, 0
121046, 573440, 0, 0, 0
121146, 532480, 0, 0, 0
121246, 532480, 0, 0, 0
121346, 491520, 0, 0, 0
121446, 491520, 0, 0, 0
121546, 573440, 0, 0, 0
121647, 532480, 0, 0, 0
121747, 450560, 0, 0, 0
121847, 491520, 0, 0, 0
121947, 532480, 0, 0, 0
122047, 491520, 0, 0, 0
122146, 455111, 0, 0, 0
122246, 532480, 0, 0, 0
122346, 532480, 0, 0, 0
122446, 450560, 0, 0, 0
122546, 450560, 0, 0, 0
122646, 532480, 0, 0, 0
122746, 491520, 0, 0, 0
122846, 573440, 0, 0, 0
122946, 491520, 0, 0, 0
123046, 532480, 0, 0, 0
123146, 532480, 0, 0, 0
123246, 409600, 0, 0, 0
123346, 491520, 0, 0, 0
123446, 491520, 0, 0, 0
123546, 491520, 0, 0, 0
123646, 532480, 0, 0, 0
123746, 450560, 0, 0, 0
123846, 491520, 0, 0, 0
123946, 450560, 0, 0, 0
124047, 450560, 0, 0, 0
124147, 532480, 0, 0, 0
124247, 450560, 0, 0, 0
124347, 491520, 0, 0, 0
124447, 450560, 0, 0, 0
124547, 368640, 0, 0, 0
124646, 496484, 0, 0, 0
124746, 491520, 0, 0, 0
124846, 491520, 0, 0, 0
124946, 409600, 0, 0, 0
125046, 532480, 0, 0, 0
125146, 450560, 0, 0, 0
125246, 491520, 0, 0, 0
125346, 409600, 0, 0, 0
125446, 409600, 0, 0, 0
125546, 491520, 0, 0, 0
125646, 491520, 0, 0, 0
125746, 409600, 0, 0, 0
125846, 409600, 0, 0, 0
125946, 450560, 0, 0, 0
126046, 409600, 0, 0, 0
126147, 491520, 0, 0, 0
126247, 450560, 0, 0, 0
126347, 450560, 0, 0, 0
126447, 450560, 0, 0, 0
126547, 491520, 0, 0, 0
126646, 496484, 0, 0, 0
126746, 491520, 0, 0, 0
126846, 450560, 0, 0, 0
126946, 409600, 0, 0, 0
127046, 491520, 0, 0, 0
127146, 450560, 0, 0, 0
127246, 409600, 0, 0, 0
127346, 450560, 0, 0, 0
127446, 450560, 0, 0, 0
127546, 450560, 0, 0, 0
127646, 491520, 0, 0, 0
127746, 409600, 0, 0, 0
127846, 491520, 0, 0, 0
127946, 450560, 0, 0, 0
128046, 450560, 0, 0, 0
128147, 450560, 0, 0, 0
128247, 409600, 0, 0, 0
128347, 409600, 0, 0, 0
128447, 532480, 0, 0, 0
128547, 450560, 0, 0, 0
128646, 455111, 0, 0, 0
128746, 491520, 0, 0, 0
128846, 409600, 0, 0, 0
128946, 491520, 0, 0, 0
129046, 491520, 0, 0, 0
129146, 491520, 0, 0, 0
129246, 491520, 0, 0, 0
129346, 450560, 0, 0, 0
129446, 450560, 0, 0, 0
129546, 450560, 0, 0, 0
129646, 409600, 0, 0, 0
129746, 450560, 0, 0, 0
129846, 532480, 0, 0, 0
129946, 450560, 0, 0, 0
130046, 491520, 0, 0, 0
130146, 491520, 0, 0, 0
130246, 532480, 0, 0, 0
130346, 532480, 0, 0, 0
130446, 450560, 0, 0, 0
130546, 491520, 0, 0, 0
130647, 450560, 0, 0, 0
130747, 450560, 0, 0, 0
130847, 532480, 0, 0, 0
130947, 450560, 0, 0, 0
131047, 491520, 0, 0, 0
131146, 455111, 0, 0, 0
131246, 450560, 0, 0, 0
131346, 491520, 0, 0, 0
131446, 491520, 0, 0, 0
131546, 491520, 0, 0, 0
131646, 491520, 0, 0, 0
131746, 491520, 0, 0, 0
131846, 450560, 0, 0, 0
131946, 450560, 0, 0, 0
132046, 491520, 0, 0, 0
132146, 450560, 0, 0, 0
132246, 450560, 0, 0, 0
132346, 491520, 0, 0, 0
132446, 409600, 0, 0, 0
132546, 491520, 0, 0, 0
132646, 450560, 0, 0, 0
132746, 450560, 0, 0, 0
132846, 409600, 0, 0, 0
132946, 532480, 0, 0, 0
133047, 491520, 0, 0, 0
133147, 368640, 0, 0, 0
133247, 450560, 0, 0, 0
133347, 409600, 0, 0, 0
133447, 450560, 0, 0, 0
133547, 368640, 0, 0, 0
133646, 455111, 0, 0, 0
133746, 450560, 0, 0, 0
133846, 450560, 0, 0, 0
133946, 450560, 0, 0, 0
134046, 491520, 0, 0, 0
134146, 368640, 0, 0, 0
134246, 409600, 0, 0, 0
134346, 491520, 0, 0, 0
134446, 450560, 0, 0, 0
134546, 491520, 0, 0, 0
134646, 491520, 0, 0, 0
134746, 491520, 0, 0, 0
134846, 286720, 0, 0, 0
134946, 450560, 0, 0, 0
135046, 409600, 0, 0, 0
135146, 450560, 0, 0, 0
135246, 450560, 0, 0, 0
135346, 491520, 0, 0, 0
135447, 450560, 0, 0, 0
135547, 450560, 0, 0, 0
135647, 450560, 0, 0, 0
135747, 450560, 0, 0, 0
135847, 409600, 0, 0, 0
135947, 491520, 0, 0, 0
136047, 491520, 0, 0, 0
136146, 455111, 0, 0, 0
136246, 450560, 0, 0, 0
136346, 450560, 0, 0, 0
136446, 450560, 0, 0, 0
136546, 532480, 0, 0, 0
136646, 450560, 0, 0, 0
136746, 491520, 0, 0, 0
136846, 450560, 0, 0, 0
136946, 491520, 0, 0, 0
137046, 409600, 0, 0, 0
137146, 573440, 0, 0, 0
137246, 409600, 0, 0, 0
137346, 532480, 0, 0, 0
137446, 491520, 0, 0, 0
137546, 409600, 0, 0, 0
137646, 491520, 0, 0, 0
137746, 491520, 0, 0, 0
137846, 450560, 0, 0, 0
137947, 409600, 0, 0, 0
138047, 450560, 0, 0, 0
138147, 450560, 0, 0, 0
138247, 491520, 0, 0, 0
138347, 573440, 0, 0, 0
138447, 450560, 0, 0, 0
138547, 532480, 0, 0, 0
138646, 496484, 0, 0, 0
138746, 573440, 0, 0, 0
138846, 491520, 0, 0, 0
138946, 491520, 0, 0, 0
139046, 532480, 0, 0, 0
139146, 532480, 0, 0, 0
139246, 491520, 0, 0, 0
139346, 368640, 0, 0, 0
139446, 532480, 0, 0, 0
139546, 450560, 0, 0, 0
139646, 532480, 0, 0, 0
139746, 532480, 0, 0, 0
139846, 491520, 0, 0, 0
139946, 450560, 0, 0, 0
140046, 450560, 0, 0, 0
140146, 532480, 0, 0, 0
140246, 491520, 0, 0, 0
140346, 450560, 0, 0, 0
140447, 245760, 0, 0, 0
140547, 409600, 0, 0, 0
140647, 450560, 0, 0, 0
140747, 450560, 0, 0, 0
140847, 409600, 0, 0, 0
140947, 450560, 0, 0, 0
141047, 450560, 0, 0, 0
141146, 455111, 0, 0, 0
141246, 368640, 0, 0, 0
141346, 491520, 0, 0, 0
141446, 450560, 0, 0, 0
141546, 409600, 0, 0, 0
141646, 409600, 0, 0, 0
141746, 409600, 0, 0, 0
141846, 409600, 0, 0, 0
141946, 450560, 0, 0, 0
142046, 409600, 0, 0, 0
142146, 450560, 0, 0, 0
142246, 409600, 0, 0, 0
142346, 409600, 0, 0, 0
142446, 491520, 0, 0, 0
142546, 368640, 0, 0, 0
142646, 491520, 0, 0, 0
142746, 409600, 0, 0, 0
142846, 450560, 0, 0, 0
142947, 368640, 0, 0, 0
143047, 409600, 0, 0, 0
143147, 491520, 0, 0, 0
143247, 409600, 0, 0, 0
143347, 368640, 0, 0, 0
143447, 491520, 0, 0, 0
143547, 450560, 0, 0, 0
143646, 455111, 0, 0, 0
143746, 409600, 0, 0, 0
143846, 368640, 0, 0, 0
143946, 450560, 0, 0, 0
144046, 450560, 0, 0, 0
144146, 409600, 0, 0, 0
144246, 409600, 0, 0, 0
144346, 409600, 0, 0, 0
144446, 450560, 0, 0, 0
144546, 450560, 0, 0, 0
144646, 409600, 0, 0, 0
144746, 450560, 0, 0, 0
144846, 532480, 0, 0, 0
144946, 409600, 0, 0, 0
145046, 409600, 0, 0, 0
145146, 450560, 0, 0, 0
145246, 491520, 0, 0, 0
145346, 450560, 0, 0, 0
145447, 450560, 0, 0, 0
145547, 450560, 0, 0, 0
145647, 409600, 0, 0, 0
145747, 532480, 0, 0, 0
145847, 450560, 0, 0, 0
145947, 450560, 0, 0, 0
146047, 450560, 0, 0, 0
146146, 455111, 0, 0, 0
146246, 450560, 0, 0, 0
146346, 491520, 0, 0, 0
146446, 450560, 0, 0, 0
146546, 450560, 0, 0, 0
146646, 491520, 0, 0, 0
146746, 491520, 0, 0, 0
146846, 491520, 0, 0, 0
146946, 491520, 0, 0, 0
147046, 409600, 0, 0, 0
147146, 491520, 0, 0, 0
147246, 450560, 0, 0, 0
147346, 450560, 0, 0, 0
147447, 491520, 0, 0, 0
147547, 491520, 0, 0, 0
147646, 455111, 0, 0, 0
147746, 450560, 0, 0, 0
147846, 491520, 0, 0, 0
147946, 532480, 0, 0, 0
148046, 450560, 0, 0, 0
148146, 491520, 0, 0, 0
148246, 409600, 0, 0, 0
148346, 409600, 0, 0, 0
148446, 491520, 0, 0, 0
148546, 491520, 0, 0, 0
148646, 532480, 0, 0, 0
148746, 450560, 0, 0, 0
148846, 450560, 0, 0, 0
148946, 491520, 0, 0, 0
149046, 491520, 0, 0, 0
149146, 491520, 0, 0, 0
149247, 450560, 0, 0, 0
149347, 327680, 0, 0, 0
149447, 491520, 0, 0, 0
149547, 450560, 0, 0, 0
149646, 455111, 0, 0, 0
149746, 491520, 0, 0, 0
149846, 491520, 0, 0, 0
149946, 450560, 0, 0, 0
150046, 409600, 0, 0, 0
150146, 491520, 0, 0, 0
150246, 491520, 0, 0, 0
150346, 450560, 0, 0, 0
150446, 450560, 0, 0, 0
150546, 450560, 0, 0, 0
150646, 491520, 0, 0, 0
150746, 491520, 0, 0, 0
150846, 409600, 0, 0, 0
150946, 450560, 0, 0, 0
151046, 491520, 0, 0, 0
151147, 491520, 0, 0, 0
151247, 450560, 0, 0, 0
151347, 491520, 0, 0, 0
151447, 450560, 0, 0, 0
151547, 409600, 0, 0, 0
151646, 496484, 0, 0, 0
151746, 491520, 0, 0, 0
151846, 450560, 0, 0, 0
151946, 491520, 0, 0, 0
152046, 368640, 0, 0, 0
152146, 450560, 0, 0, 0
152246, 491520, 0, 0, 0
152346, 450560, 0, 0, 0
152446, 368640, 0, 0, 0
152546, 491520, 0, 0, 0
152646, 450560, 0, 0, 0
152746, 491520, 0, 0, 0
152846, 450560, 0, 0, 0
152947, 491520, 0, 0, 0
153047, 409600, 0, 0, 0
153147, 450560, 0, 0, 0
153247, 409600, 0, 0, 0
153347, 532480, 0, 0, 0
153447, 532480, 0, 0, 0
153547, 450560, 0, 0, 0
153646, 455111, 0, 0, 0
153746, 450560, 0, 0, 0
153846, 491520, 0, 0, 0
153946, 409600, 0, 0, 0
154046, 491520, 0, 0, 0
154146, 491520, 0, 0, 0
154246, 450560, 0, 0, 0
154346, 450560, 0, 0, 0
154446, 450560, 0, 0, 0
154546, 532480, 0, 0, 0
154646, 491520, 0, 0, 0
154746, 491520, 0, 0, 0
154846, 450560, 0, 0, 0
154947, 491520, 0, 0, 0
155047, 450560, 0, 0, 0
155146, 413737, 0, 0, 0
155246, 491520, 0, 0, 0
155346, 450560, 0, 0, 0
155446, 409600, 0, 0, 0
155546, 491520, 0, 0, 0
155646, 409600, 0, 0, 0
155746, 450560, 0, 0, 0
155846, 450560, 0, 0, 0
155946, 450560, 0, 0, 0
156046, 532480, 0, 0, 0
156146, 450560, 0, 0, 0
156246, 491520, 0, 0, 0
156346, 532480, 0, 0, 0
156446, 491520, 0, 0, 0
156546, 491520, 0, 0, 0
156646, 491520, 0, 0, 0
156747, 450560, 0, 0, 0
156847, 532480, 0, 0, 0
156947, 450560, 0, 0, 0
157047, 491520, 0, 0, 0
157146, 455111, 0, 0, 0
157246, 491520, 0, 0, 0
157346, 450560, 0, 0, 0
157446, 532480, 0, 0, 0
157546, 532480, 0, 0, 0
157646, 491520, 0, 0, 0
157746, 532480, 0, 0, 0
157846, 491520, 0, 0, 0
157946, 491520, 0, 0, 0
158046, 450560, 0, 0, 0
158146, 491520, 0, 0, 0
158246, 450560, 0, 0, 0
158346, 491520, 0, 0, 0
158446, 491520, 0, 0, 0
158546, 491520, 0, 0, 0
158647, 491520, 0, 0, 0
158747, 491520, 0, 0, 0
158847, 450560, 0, 0, 0
158947, 450560, 0, 0, 0
159047, 450560, 0, 0, 0
159146, 455111, 0, 0, 0
159246, 450560, 0, 0, 0
159346, 327680, 0, 0, 0
159446, 491520, 0, 0, 0
159546, 491520, 0, 0, 0
159646, 491520, 0, 0, 0
159746, 491520, 0, 0, 0
159846, 450560, 0, 0, 0
159946, 491520, 0, 0, 0
160046, 286720, 0, 0, 0
160146, 409600, 0, 0, 0
160246, 450560, 0, 0, 0
160346, 532480, 0, 0, 0
160447, 409600, 0, 0, 0
160547, 450560, 0, 0, 0
160646, 455111, 0, 0, 0
160746, 491520, 0, 0, 0
160846, 450560, 0, 0, 0
160946, 491520, 0, 0, 0
161046, 532480, 0, 0, 0
161146, 491520, 0, 0, 0
161246, 450560, 0, 0, 0
161346, 450560, 0, 0, 0
161446, 450560, 0, 0, 0
161546, 491520, 0, 0, 0
161646, 491520, 0, 0, 0
161746, 491520, 0, 0, 0
161846, 450560, 0, 0, 0
161946, 491520, 0, 0, 0
162046, 450560, 0, 0, 0
162146, 409600, 0, 0, 0
162246, 491520, 0, 0, 0
162346, 450560, 0, 0, 0
162447, 491520, 0, 0, 0
162547, 450560, 0, 0, 0
162647, 450560, 0, 0, 0
162747, 450560, 0, 0, 0
162847, 491520, 0, 0, 0
162947, 450560, 0, 0, 0
163047, 450560, 0, 0, 0
163146, 455111, 0, 0, 0
163246, 450560, 0, 0, 0
163346, 532480, 0, 0, 0
163446, 450560, 0, 0, 0
163546, 450560, 0, 0, 0
163646, 491520, 0, 0, 0
163746, 450560, 0, 0, 0
163846, 450560, 0, 0, 0
163946, 491520, 0, 0, 0
164046, 450560, 0, 0, 0
164146, 491520, 0, 0, 0
164246, 450560, 0, 0, 0
164346, 491520, 0, 0, 0
164446, 491520, 0, 0, 0
164547, 450560, 0, 0, 0
164647, 450560, 0, 0, 0
164747, 450560, 0, 0, 0
164847, 491520, 0, 0, 0
164947, 450560, 0, 0, 0
165047, 450560, 0, 0, 0
165146, 455111, 0, 0, 0
165246, 491520, 0, 0, 0
165346, 532480, 0, 0, 0
165446, 491520, 0, 0, 0
165546, 491520, 0, 0, 0
165646, 491520, 0, 0, 0
165746, 491520, 0, 0, 0
165846, 573440, 0, 0, 0
165946, 491520, 0, 0, 0
166046, 491520, 0, 0, 0
166146, 532480, 0, 0, 0
166246, 532480, 0, 0, 0
166346, 450560, 0, 0, 0
166446, 491520, 0, 0, 0
166546, 450560, 0, 0, 0
166646, 450560, 0, 0, 0
166747, 450560, 0, 0, 0
166847, 450560, 0, 0, 0
166947, 491520, 0, 0, 0
167047, 491520, 0, 0, 0
167146, 496484, 0, 0, 0
167246, 409600, 0, 0, 0
167346, 450560, 0, 0, 0
167446, 450560, 0, 0, 0
167546, 450560, 0, 0, 0
167646, 532480, 0, 0, 0
167746, 450560, 0, 0, 0
167846, 491520, 0, 0, 0
167946, 491520, 0, 0, 0
168046, 491520, 0, 0, 0
168146, 450560, 0, 0, 0
168246, 532480, 0, 0, 0
168346, 450560, 0, 0, 0
168446, 532480, 0, 0, 0
168546, 450560, 0, 0, 0
168646, 450560, 0, 0, 0
168746, 491520, 0, 0, 0
168846, 491520, 0, 0, 0
168947, 409600, 0, 0, 0
169047, 491520, 0, 0, 0
169146, 537858, 0, 0, 0
169246, 450560, 0, 0, 0
169346, 491520, 0, 0, 0
169446, 491520, 0, 0, 0
169546, 450560, 0, 0, 0
169646, 491520, 0, 0, 0
169746, 573440, 0, 0, 0
169846, 532480, 0, 0, 0
169946, 532480, 0, 0, 0
170046, 409600, 0, 0, 0
170146, 532480, 0, 0, 0
170246, 573440, 0, 0, 0
170346, 491520, 0, 0, 0
170446, 573440, 0, 0, 0
170546, 491520, 0, 0, 0
170646, 532480, 0, 0, 0
170746, 491520, 0, 0, 0
170846, 532480, 0, 0, 0
170947, 532480, 0, 0, 0
171047, 491520, 0, 0, 0
171147, 532480, 0, 0, 0
171247, 532480, 0, 0, 0
171347, 573440, 0, 0, 0
171447, 286720, 0, 0, 0
171547, 491520, 0, 0, 0
171646, 496484, 0, 0, 0
171746, 491520, 0, 0, 0
171846, 491520, 0, 0, 0
171946, 532480, 0, 0, 0
172046, 491520, 0, 0, 0
172146, 532480, 0, 0, 0
172246, 491520, 0, 0, 0
172346, 491520, 0, 0, 0
172446, 491520, 0, 0, 0
172546, 491520, 0, 0, 0
172646, 491520, 0, 0, 0
172746, 491520, 0, 0, 0
172846, 491520, 0, 0, 0
172947, 450560, 0, 0, 0
173047, 409600, 0, 0, 0
173147, 491520, 0, 0, 0
173247, 450560, 0, 0, 0
173347, 450560, 0, 0, 0
173447, 368640, 0, 0, 0
173547, 450560, 0, 0, 0
173646, 413737, 0, 0, 0
173746, 450560, 0, 0, 0
173846, 368640, 0, 0, 0
173946, 409600, 0, 0, 0
174046, 450560, 0, 0, 0
174146, 327680, 0, 0, 0
174246, 450560, 0, 0, 0
174346, 409600, 0, 0, 0
174446, 450560, 0, 0, 0
174546, 450560, 0, 0, 0
174646, 491520, 0, 0, 0
174746, 450560, 0, 0, 0
174846, 409600, 0, 0, 0
174947, 368640, 0, 0, 0
175047, 450560, 0, 0, 0
175147, 450560, 0, 0, 0
175247, 409600, 0, 0, 0
175347, 450560, 0, 0, 0
175447, 491520, 0, 0, 0
175547, 450560, 0, 0, 0
175646, 455111, 0, 0, 0
175746, 368640, 0, 0, 0
175846, 368640, 0, 0, 0
175946, 491520, 0, 0, 0
176046, 491520, 0, 0, 0
176146, 409600, 0, 0, 0
176246, 491520, 0, 0, 0
176346, 368640, 0, 0, 0
176446, 409600, 0, 0, 0
176546, 450560, 0, 0, 0
176646, 450560, 0, 0, 0
176746, 450560, 0, 0, 0
176846, 450560, 0, 0, 0
176947, 450560, 0, 0, 0
177047, 368640, 0, 0, 0
177147, 409600, 0, 0, 0
177247, 491520, 0, 0, 0
177347, 491520, 0, 0, 0
177447, 409600, 0, 0, 0
177547, 450560, 0, 0, 0
177646, 455111, 0, 0, 0
177746, 491520, 0, 0, 0
177846, 450560, 0, 0, 0
177946, 409600, 0, 0, 0
178046, 409600, 0, 0, 0
178146, 491520, 0, 0, 0
178246, 491520, 0, 0, 0
178346, 409600, 0, 0, 0
178446, 491520, 0, 0, 0
178546, 532480, 0, 0, 0
178646, 491520, 0, 0, 0
178746, 491520, 0, 0, 0
178846, 450560, 0, 0, 0
178947, 409600, 0, 0, 0
179047, 450560, 0, 0, 0
179146, 413737, 0, 0, 0
179246, 491520, 0, 0, 0
179346, 450560, 0, 0, 0
179446, 491520, 0, 0, 0
179546, 450560, 0, 0, 0
179646, 491520, 0, 0, 0
179746, 450560, 0, 0, 0
179846, 491520, 0, 0, 0
179946, 491520, 0, 0, 0
