100, 14297258, 0, 0, 0
206, 8213908, 0, 0, 0
305, 8223304, 0, 0, 0
403, 7538569, 0, 0, 0
502, 8224096, 0, 0, 0
601, 8229136, 0, 0, 0
707, 8188557, 0, 0, 0
806, 8264672, 0, 0, 0
910, 8628506, 0, 0, 0
1005, 8609342, 0, 0, 0
1103, 7539982, 0, 0, 0
1203, 9082576, 0, 0, 0
1307, 9473826, 0, 0, 0
1410, 10259619, 0, 0, 0
1503, 8528560, 0, 0, 0
1600, 8743662, 0, 0, 0
1704, 8685739, 0, 0, 0
1800, 8745918, 0, 0, 0
1905, 9506929, 0, 0, 0
2001, 8742138, 0, 0, 0
2113, 8595204, 0, 0, 0
2209, 9646249, 0, 0, 0
2305, 8740351, 0, 0, 0
2402, 9643655, 0, 0, 0
2506, 9498060, 0, 0, 0
2611, 9504168, 0, 0, 0
2707, 7989005, 0, 0, 0
2803, 7993533, 0, 0, 0
2907, 8684748, 0, 0, 0
3003, 8743630, 0, 0, 0
3107, 7953985, 0, 0, 0
3203, 8741908, 0, 0, 0
3307, 7990704, 0, 0, 0
3403, 7987033, 0, 0, 0
3506, 7991181, 0, 0, 0
3602, 7946404, 0, 0, 0
3703, 10107047, 0, 0, 0
3803, 8305582, 0, 0, 0
3909, 8880542, 0, 0, 0
4003, 8543756, 0, 0, 0
4107, 7984122, 0, 0, 0
4207, 9108701, 0, 0, 0
4300, 9248707, 0, 0, 0
4408, 9014063, 0, 0, 0
4501, 13340445, 0, 0, 0
4600, 8922546, 0, 0, 0
4702, 8573470, 0, 0, 0
4805, 8573409, 0, 0, 0
4900, 8632911, 0, 0, 0
5006, 8800668, 0, 0, 0
5103, 9647897, 0, 0, 0
5202, 9035032, 0, 0, 0
5303, 9205159, 0, 0, 0
5416, 9397428, 0, 0, 0
5503, 7869928, 0, 0, 0
5605, 8570607, 0, 0, 0
5700, 8633903, 0, 0, 0
5803, 8575075, 0, 0, 0
5906, 8571428, 0, 0, 0
6000, 8518986, 0, 0, 0
6108, 8295231, 0, 0, 0
6203, 8649611, 0, 0, 0
6301, 8168868, 0, 0, 0
6401, 9100782, 0, 0, 0
6500, 9851329, 0, 0, 0
6601, 8405742, 0, 0, 0
6703, 7840461, 0, 0, 0
6802, 8304829, 0, 0, 0
6906, 9413588, 0, 0, 0
7007, 8412289, 0, 0, 0
7105, 8172288, 0, 0, 0
7203, 8171437, 0, 0, 0
7304, 8420740, 0, 0, 0
7400, 7950375, 0, 0, 0
7513, 8744066, 0, 0, 0
7609, 8711021, 0, 0, 0
7703, 8560352, 0, 0, 0
7801, 7492139, 0, 0, 0
7903, 8510339, 0, 0, 0
8001, 7537900, 0, 0, 0
8107, 7554108, 0, 0, 0
8207, 9077335, 0, 0, 0
8306, 9037209, 0, 0, 0
8405, 8230916, 0, 0, 0
8503, 8217567, 0, 0, 0
8603, 9088682, 0, 0, 0
8702, 7540823, 0, 0, 0
8827, 9668081, 0, 0, 0
8901, 8198644, 0, 0, 0
9000, 8230106, 0, 0, 0
9111, 8547968, 0, 0, 0
9205, 7826386, 0, 0, 0
9300, 8676868, 0, 0, 0
9409, 8374162, 0, 0, 0
9506, 8765288, 0, 0, 0
9604, 8207259, 0, 0, 0
9703, 8217909, 0, 0, 0
9804, 9197443, 0, 0, 0
9901, 9657620, 0, 0, 0
10007, 8900704, 0, 0, 0
10111, 8583203, 0, 0, 0
10205, 9414734, 0, 0, 0
10304, 9005915, 0, 0, 0
10402, 8205434, 0, 0, 0
10501, 8959256, 0, 0, 0
10602, 8388025, 0, 0, 0
10706, 8724202, 0, 0, 0
10805, 8967644, 0, 0, 0
10904, 8253236, 0, 0, 0
11003, 8962529, 0, 0, 0
11101, 8960835, 0, 0, 0
11200, 8205058, 0, 0, 0
11307, 15390944, 0, 0, 0
11402, 8576036, 0, 0, 0
11509, 8931432, 0, 0, 0
11605, 8742434, 0, 0, 0
11700, 8635466, 0, 0, 0
11803, 8571523, 0, 0, 0
11901, 9816252, 0, 0, 0
12006, 9560711, 0, 0, 0
12105, 8962221, 0, 0, 0
12200, 9536403, 0, 0, 0
12303, 8568966, 0, 0, 0
12401, 8907412, 0, 0, 0
12502, 9107556, 0, 0, 0
12607, 9570142, 0, 0, 0
12708, 9211093, 0, 0, 0
12805, 8762676, 0, 0, 0
12903, 9870526, 0, 0, 0
13002, 8216241, 0, 0, 0
13104, 9308248, 0, 0, 0
13207, 8567832, 0, 0, 0
13302, 8629775, 0, 0, 0
13407, 8692489, 0, 0, 0
13500, 8493999, 0, 0, 0
13604, 9494825, 0, 0, 0
13707, 10256910, 0, 0, 0
13804, 8848935, 0, 0, 0
13905, 8374394, 0, 0, 0
14000, 8630894, 0, 0, 0
14103, 8570526, 0, 0, 0
14207, 9457387, 0, 0, 0
14300, 8446600, 0, 0, 0
14407, 8244418, 0, 0, 0
14503, 8693543, 0, 0, 0
14602, 8270153, 0, 0, 0
14707, 8786815, 0, 0, 0
14800, 8407133, 0, 0, 0
14905, 8772377, 0, 0, 0
15008, 8568553, 0, 0, 0
15101, 7785367, 0, 0, 0
15209, 9750309, 0, 0, 0
15302, 7738036, 0, 0, 0
15400, 8194725, 0, 0, 0
15512, 9340108, 0, 0, 0
15603, 8238468, 0, 0, 0
15709, 8882415, 0, 0, 0
15801, 9183390, 0, 0, 0
15900, 8994164, 0, 0, 0
16006, 8135382, 0, 0, 0
16104, 8179742, 0, 0, 0
16202, 8180917, 0, 0, 0
16300, 7488014, 0, 0, 0
16407, 8912983, 0, 0, 0
16504, 7492247, 0, 0, 0
16602, 8180947, 0, 0, 0
16701, 8182955, 0, 0, 0
16807, 8878392, 0, 0, 0
16905, 8182919, 0, 0, 0
17004, 8189804, 0, 0, 0
17102, 7524371, 0, 0, 0
17207, 8100599, 0, 0, 0
17313, 11764852, 0, 0, 0
17413, 10031920, 0, 0, 0
17502, 8865273, 0, 0, 0
17600, 8960735, 0, 0, 0
17708, 8985428, 0, 0, 0
17806, 9824497, 0, 0, 0
17906, 9038329, 0, 0, 0
18004, 9835636, 0, 0, 0
18103, 9819107, 0, 0, 0
18204, 9248206, 0, 0, 0
18300, 9525727, 0, 0, 0
18407, 8986859, 0, 0, 0
18506, 9871612, 0, 0, 0
18600, 9356327, 0, 0, 0
18700, 9111540, 0, 0, 0
18802, 9305541, 0, 0, 0
18901, 8983773, 0, 0, 0
19013, 15951354, 0, 0, 0
19105, 9168290, 0, 0, 0
19203, 9820645, 0, 0, 0
19302, 8985088, 0, 0, 0
19400, 10926525, 0, 0, 0
19507, 9673189, 0, 0, 0
19606, 9033509, 0, 0, 0
19704, 9825659, 0, 0, 0
19803, 9833052, 0, 0, 0
19902, 8993309, 0, 0, 0
20000, 8993963, 0, 0, 0
20108, 9784081, 0, 0, 0
20203, 11815596, 0, 0, 0
20304, 9209265, 0, 0, 0
20402, 10841097, 0, 0, 0
20500, 8978825, 0, 0, 0
20603, 9360919, 0, 0, 0
20716, 11296525, 0, 0, 0
20817, 10020495, 0, 0, 0
20902, 9520268, 0, 0, 0
21001, 9825679, 0, 0, 0
21113, 9330781, 0, 0, 0
21202, 9902971, 0, 0, 0
21304, 11377079, 0, 0, 0
21404, 9945678, 0, 0, 0
21505, 9261929, 0, 0, 0
21606, 10088631, 0, 0, 0
21700, 9395253, 0, 0, 0
21807, 8171012, 0, 0, 0
21906, 9926726, 0, 0, 0
22000, 8570864, 0, 0, 0
22108, 8989023, 0, 0, 0
22203, 8579548, 0, 0, 0
22301, 8990559, 0, 0, 0
22405, 9428955, 0, 0, 0
22502, 8777988, 0, 0, 0
22601, 7605696, 0, 0, 0
22709, 8989540, 0, 0, 0
22803, 8540399, 0, 0, 0
22904, 8449085, 0, 0, 0
23006, 8480260, 0, 0, 0
23102, 8735610, 0, 0, 0
23202, 9097932, 0, 0, 0
23311, 8395857, 0, 0, 0
23405, 7781773, 0, 0, 0
23506, 8477959, 0, 0, 0
23600, 9356799, 0, 0, 0
23706, 8879146, 0, 0, 0
23804, 8127003, 0, 0, 0
23900, 8761024, 0, 0, 0
24007, 8212231, 0, 0, 0
24101, 8537097, 0, 0, 0
24200, 8989700, 0, 0, 0
24306, 9599578, 0, 0, 0
24400, 8538075, 0, 0, 0
24505, 8737835, 0, 0, 0
24603, 8187125, 0, 0, 0
24705, 8481831, 0, 0, 0
24806, 8450448, 0, 0, 0
24907, 9173294, 0, 0, 0
25001, 8517139, 0, 0, 0
25105, 9510805, 0, 0, 0
25204, 9001221, 0, 0, 0
25304, 9035422, 0, 0, 0
25403, 8986832, 0, 0, 0
25504, 8405462, 0, 0, 0
25600, 8742892, 0, 0, 0
25700, 8369721, 0, 0, 0
25802, 8447837, 0, 0, 0
25905, 8609394, 0, 0, 0
26006, 9160118, 0, 0, 0
26110, 9517794, 0, 0, 0
26209, 9004605, 0, 0, 0
26304, 8568317, 0, 0, 0
26407, 10277693, 0, 0, 0
26501, 9464989, 0, 0, 0
26603, 9295712, 0, 0, 0
26704, 8351180, 0, 0, 0
26811, 9779394, 0, 0, 0
26902, 9031311, 0, 0, 0
27006, 8731329, 0, 0, 0
27106, 8330624, 0, 0, 0
27208, 9225146, 0, 0, 0
27304, 8712412, 0, 0, 0
27406, 8494956, 0, 0, 0
27500, 8592660, 0, 0, 0
27603, 9374948, 0, 0, 0
27706, 9325460, 0, 0, 0
27801, 8595654, 0, 0, 0
27900, 9073181, 0, 0, 0
28004, 8618652, 0, 0, 0
28103, 8275314, 0, 0, 0
28202, 8246375, 0, 0, 0
28304, 10146350, 0, 0, 0
28400, 8733432, 0, 0, 0
28502, 8531237, 0, 0, 0
28612, 8452047, 0, 0, 0
28706, 7838751, 0, 0, 0
28802, 8714104, 0, 0, 0
28903, 8423838, 0, 0, 0
29002, 11031040, 0, 0, 0
29102, 7649778, 0, 0, 0
29202, 9095457, 0, 0, 0
29303, 10104292, 0, 0, 0
29400, 8106162, 0, 0, 0
29503, 8529549, 0, 0, 0
29606, 9351428, 0, 0, 0
29702, 8038303, 0, 0, 0
29807, 8747563, 0, 0, 0
29905, 9838477, 0, 0, 0
30000, 8555959, 0, 0, 0
30102, 9348863, 0, 0, 0
30206, 9431406, 0, 0, 0
30300, 8509761, 0, 0, 0
30402, 10247564, 0, 0, 0
30514, 10175073, 0, 0, 0
30611, 8809695, 0, 0, 0
30700, 8874262, 0, 0, 0
30801, 9227062, 0, 0, 0
30907, 9549898, 0, 0, 0
31007, 8407102, 0, 0, 0
31108, 8355491, 0, 0, 0
31200, 9233010, 0, 0, 0
31304, 8024538, 0, 0, 0
31403, 7565922, 0, 0, 0
31511, 8991991, 0, 0, 0
31603, 7706612, 0, 0, 0
31704, 7769466, 0, 0, 0
31805, 8408472, 0, 0, 0
31904, 8938615, 0, 0, 0
32000, 8031240, 0, 0, 0
32110, 9139840, 0, 0, 0
32203, 8519061, 0, 0, 0
32304, 8399368, 0, 0, 0
32406, 9268469, 0, 0, 0
32507, 8407953, 0, 0, 0
32601, 8520928, 0, 0, 0
32702, 9216512, 0, 0, 0
32804, 8458194, 0, 0, 0
32905, 8409149, 0, 0, 0
33006, 8454977, 0, 0, 0
33100, 8514386, 0, 0, 0
33201, 8416171, 0, 0, 0
33302, 8443415, 0, 0, 0
33404, 9219124, 0, 0, 0
33505, 8452384, 0, 0, 0
33614, 9093359, 0, 0, 0
33707, 8405449, 0, 0, 0
33806, 7622768, 0, 0, 0
33908, 11408270, 0, 0, 0
34008, 9050903, 0, 0, 0
34100, 7647787, 0, 0, 0
34201, 10084988, 0, 0, 0
34301, 8340063, 0, 0, 0
34400, 8978993, 0, 0, 0
34501, 10088156, 0, 0, 0
34602, 8472756, 0, 0, 0
34702, 8288840, 0, 0, 0
34801, 8260149, 0, 0, 0
34902, 9210193, 0, 0, 0
35006, 8002820, 0, 0, 0
35102, 9575063, 0, 0, 0
35212, 8488571, 0, 0, 0
35307, 7873541, 0, 0, 0
35402, 8630393, 0, 0, 0
35505, 8569479, 0, 0, 0
35600, 8632239, 0, 0, 0
35703, 9392770, 0, 0, 0
35800, 8075658, 0, 0, 0
35905, 8746881, 0, 0, 0
36008, 10309241, 0, 0, 0
36100, 10218463, 0, 0, 0
36202, 8536358, 0, 0, 0
36307, 8058395, 0, 0, 0
36400, 8414121, 0, 0, 0
36505, 8740407, 0, 0, 0
36606, 9205429, 0, 0, 0
36701, 8633055, 0, 0, 0
36804, 8573403, 0, 0, 0
36909, 8062460, 0, 0, 0
37005, 8779062, 0, 0, 0
37104, 8989774, 0, 0, 0
37207, 8570562, 0, 0, 0
37302, 9532645, 0, 0, 0
37413, 8520784, 0, 0, 0
37500, 7870276, 0, 0, 0
37606, 8830278, 0, 0, 0
37702, 9644534, 0, 0, 0
37805, 8525306, 0, 0, 0
37912, 8940516, 0, 0, 0
38009, 8073125, 0, 0, 0
38106, 8797077, 0, 0, 0
38211, 8773046, 0, 0, 0
38301, 9047187, 0, 0, 0
38402, 8419538, 0, 0, 0
38505, 8571806, 0, 0, 0
38600, 7845309, 0, 0, 0
38708, 8999181, 0, 0, 0
38804, 8783529, 0, 0, 0
38903, 8970117, 0, 0, 0
39011, 11991467, 0, 0, 0
39101, 9041902, 0, 0, 0
39200, 8986644, 0, 0, 0
39305, 8716907, 0, 0, 0
39410, 9536481, 0, 0, 0
39509, 8242662, 0, 0, 0
39602, 9338121, 0, 0, 0
39700, 8890066, 0, 0, 0
39804, 8031895, 0, 0, 0
39901, 8027594, 0, 0, 0
40012, 8525486, 0, 0, 0
40101, 7484490, 0, 0, 0
40206, 8025642, 0, 0, 0
40302, 8022446, 0, 0, 0
40407, 8760292, 0, 0, 0
40504, 8086250, 0, 0, 0
40601, 8087689, 0, 0, 0
40706, 8042301, 0, 0, 0
40800, 7847337, 0, 0, 0
40905, 8029114, 0, 0, 0
41005, 8348137, 0, 0, 0
41103, 8903762, 0, 0, 0
41200, 8084253, 0, 0, 0
41304, 8046059, 0, 0, 0
41402, 7544578, 0, 0, 0
41505, 8511347, 0, 0, 0
41603, 7579857, 0, 0, 0
41701, 8899923, 0, 0, 0
41806, 7494789, 0, 0, 0
41900, 7852519, 0, 0, 0
42003, 8555226, 0, 0, 0
42101, 8189931, 0, 0, 0
42206, 8025813, 0, 0, 0
42304, 8175332, 0, 0, 0
42400, 7397962, 0, 0, 0
42508, 7678282, 0, 0, 0
42606, 8187963, 0, 0, 0
42704, 8175062, 0, 0, 0
42802, 8190583, 0, 0, 0
42901, 8221317, 0, 0, 0
43007, 8133337, 0, 0, 0
43104, 7498155, 0, 0, 0
43203, 8985681, 0, 0, 0
43302, 8989257, 0, 0, 0
43401, 9045011, 0, 0, 0
43500, 8178003, 0, 0, 0
43606, 8868739, 0, 0, 0
43704, 8182768, 0, 0, 0
43803, 8183966, 0, 0, 0
43900, 7500884, 0, 0, 0
44000, 9036985, 0, 0, 0
44105, 8139113, 0, 0, 0
44203, 8172093, 0, 0, 0
44301, 7493100, 0, 0, 0
44407, 8131837, 0, 0, 0
44504, 7495601, 0, 0, 0
44602, 7494380, 0, 0, 0
44700, 8182802, 0, 0, 0
44806, 8871091, 0, 0, 0
44904, 7494922, 0, 0, 0
45002, 8172085, 0, 0, 0
45105, 7975048, 0, 0, 0
45201, 7330950, 0, 0, 0
45305, 7978314, 0, 0, 0
45401, 8012549, 0, 0, 0
45511, 7898067, 0, 0, 0
45607, 7329683, 0, 0, 0
45704, 8837068, 0, 0, 0
45800, 8023206, 0, 0, 0
45911, 7943008, 0, 0, 0
46000, 8067739, 0, 0, 0
46105, 7510369, 0, 0, 0
46206, 7747576, 0, 0, 0
46300, 8518009, 0, 0, 0
46402, 11385579, 0, 0, 0
46501, 8205609, 0, 0, 0
46600, 8988360, 0, 0, 0
46701, 8430447, 0, 0, 0
46806, 8124468, 0, 0, 0
46902, 7951407, 0, 0, 0
47005, 8591382, 0, 0, 0
47106, 8449619, 0, 0, 0
47204, 9774500, 0, 0, 0
47305, 9190483, 0, 0, 0
47404, 8202542, 0, 0, 0
47502, 8173236, 0, 0, 0
47604, 8478482, 0, 0, 0
47700, 8724676, 0, 0, 0
47805, 8099512, 0, 0, 0
47904, 8990213, 0, 0, 0
48005, 8424594, 0, 0, 0
48100, 7952608, 0, 0, 0
48200, 9913392, 0, 0, 0
48305, 7547080, 0, 0, 0
48403, 8171405, 0, 0, 0
48501, 8170289, 0, 0, 0
48608, 8900981, 0, 0, 0
48701, 7700050, 0, 0, 0
48800, 8257387, 0, 0, 0
48901, 8467558, 0, 0, 0
49005, 10307168, 0, 0, 0
49108, 10339324, 0, 0, 0
49214, 9602010, 0, 0, 0
49307, 9326783, 0, 0, 0
49402, 8678357, 0, 0, 0
49506, 8637780, 0, 0, 0
49601, 9512839, 0, 0, 0
49706, 8682667, 0, 0, 0
49801, 9517861, 0, 0, 0
49904, 9394021, 0, 0, 0
50008, 9439406, 0, 0, 0
50103, 9513477, 0, 0, 0
50207, 9438636, 0, 0, 0
50302, 9509794, 0, 0, 0
50405, 10291734, 0, 0, 0
50501, 8687892, 0, 0, 0
50615, 9521623, 0, 0, 0
50700, 9405444, 0, 0, 0
50803, 9440591, 0, 0, 0
50907, 9395170, 0, 0, 0
51002, 9514875, 0, 0, 0
51106, 8680050, 0, 0, 0
51201, 10531175, 0, 0, 0
51304, 10345915, 0, 0, 0
51408, 8633979, 0, 0, 0
51504, 8691850, 0, 0, 0
51618, 10352447, 0, 0, 0
51702, 9404194, 0, 0, 0
51806, 9443660, 0, 0, 0
51901, 9474101, 0, 0, 0
52005, 9440347, 0, 0, 0
52100, 9506156, 0, 0, 0
52216, 9686889, 0, 0, 0
52308, 9143634, 0, 0, 0
52403, 8630933, 0, 0, 0
52507, 8671770, 0, 0, 0
52604, 9697813, 0, 0, 0
52706, 9274961, 0, 0, 0
52803, 9690191, 0, 0, 0
52905, 8496200, 0, 0, 0
53000, 8683525, 0, 0, 0
53104, 9438508, 0, 0, 0
53206, 8489656, 0, 0, 0
53305, 7604322, 0, 0, 0
53405, 8316686, 0, 0, 0
53504, 8291523, 0, 0, 0
53604, 8284814, 0, 0, 0
53703, 8328196, 0, 0, 0
53803, 8296914, 0, 0, 0
53911, 8983189, 0, 0, 0
54003, 7633522, 0, 0, 0
54122, 9210101, 0, 0, 0
54202, 7991433, 0, 0, 0
54301, 7628281, 0, 0, 0
54400, 7598374, 0, 0, 0
54507, 7602408, 0, 0, 0
54606, 8298313, 0, 0, 0
54707, 9149053, 0, 0, 0
54806, 8279860, 0, 0, 0
54906, 8293348, 0, 0, 0
55005, 7606733, 0, 0, 0
55105, 8321180, 0, 0, 0
55204, 8290487, 0, 0, 0
55300, 7981035, 0, 0, 0
55403, 7912211, 0, 0, 0
55503, 9111123, 0, 0, 0
55600, 8761413, 0, 0, 0
55703, 8639371, 0, 0, 0
55802, 7599394, 0, 0, 0
55901, 7595523, 0, 0, 0
56001, 8344334, 0, 0, 0
56100, 7591532, 0, 0, 0
56207, 8237889, 0, 0, 0
56306, 7601788, 0, 0, 0
56409, 7958597, 0, 0, 0
56505, 8715159, 0, 0, 0
56604, 7603721, 0, 0, 0
56703, 7598424, 0, 0, 0
56801, 7597611, 0, 0, 0
56906, 8746578, 0, 0, 0
57000, 9357120, 0, 0, 0
57100, 7680067, 0, 0, 0
57201, 9219342, 0, 0, 0
57301, 7663180, 0, 0, 0
57402, 9171969, 0, 0, 0
57505, 11443086, 0, 0, 0
57605, 8366010, 0, 0, 0
57700, 10476091, 0, 0, 0
57803, 8626648, 0, 0, 0
57907, 7972213, 0, 0, 0
58000, 9294667, 0, 0, 0
58100, 7729383, 0, 0, 0
58204, 10338718, 0, 0, 0
58304, 8313803, 0, 0, 0
58402, 9798253, 0, 0, 0
58514, 8614075, 0, 0, 0
58607, 8511267, 0, 0, 0
58702, 7919666, 0, 0, 0
58801, 8947056, 0, 0, 0
58901, 8353777, 0, 0, 0
59006, 8714225, 0, 0, 0
59110, 8712848, 0, 0, 0
59204, 9418359, 0, 0, 0
59305, 8376672, 0, 0, 0
59405, 8381846, 0, 0, 0
59506, 8350790, 0, 0, 0
59607, 9230221, 0, 0, 0
59703, 8727125, 0, 0, 0
59801, 8914659, 0, 0, 0
59902, 8415841, 0, 0, 0
60006, 7941342, 0, 0, 0
60102, 8059322, 0, 0, 0
60200, 9802348, 0, 0, 0
60308, 8939280, 0, 0, 0
60401, 7787360, 0, 0, 0
60506, 9564638, 0, 0, 0
60604, 8898629, 0, 0, 0
60711, 10648507, 0, 0, 0
60810, 8295978, 0, 0, 0
60905, 7915551, 0, 0, 0
61004, 8229832, 0, 0, 0
61105, 10069353, 0, 0, 0
61203, 8153516, 0, 0, 0
61308, 9589162, 0, 0, 0
61403, 8613007, 0, 0, 0
61502, 8218043, 0, 0, 0
61604, 10267976, 0, 0, 0
61704, 9025051, 0, 0, 0
61806, 9264724, 0, 0, 0
61901, 7954443, 0, 0, 0
62007, 8124474, 0, 0, 0
62107, 9078482, 0, 0, 0
62205, 8928751, 0, 0, 0
62312, 9743137, 0, 0, 0
62405, 7726947, 0, 0, 0
62503, 8208713, 0, 0, 0
62606, 7889421, 0, 0, 0
62709, 8603677, 0, 0, 0
62801, 9185804, 0, 0, 0
62902, 8430192, 0, 0, 0
63010, 8984797, 0, 0, 0
63103, 9233576, 0, 0, 0
63207, 8709146, 0, 0, 0
63305, 8187608, 0, 0, 0
63404, 8985417, 0, 0, 0
63502, 8172407, 0, 0, 0
63608, 8154698, 0, 0, 0
63701, 7740172, 0, 0, 0
63801, 9050450, 0, 0, 0
63901, 9084999, 0, 0, 0
64000, 9049933, 0, 0, 0
64102, 8439902, 0, 0, 0
64208, 8152159, 0, 0, 0
64306, 9837042, 0, 0, 0
64406, 8307395, 0, 0, 0
64504, 8173714, 0, 0, 0
64603, 9054239, 0, 0, 0
64701, 8145460, 0, 0, 0
64810, 9089953, 0, 0, 0
64906, 7953775, 0, 0, 0
65004, 8206109, 0, 0, 0
65102, 8172174, 0, 0, 0
65204, 8507148, 0, 0, 0
65300, 9598289, 0, 0, 0
65405, 9540694, 0, 0, 0
65502, 8742322, 0, 0, 0
65605, 9407662, 0, 0, 0
65700, 8634455, 0, 0, 0
65803, 8541107, 0, 0, 0
65903, 8331037, 0, 0, 0
66007, 8686596, 0, 0, 0
66107, 9102325, 0, 0, 0
66207, 9051025, 0, 0, 0
66302, 8626992, 0, 0, 0
66404, 8571686, 0, 0, 0
66503, 8241780, 0, 0, 0
66602, 8953016, 0, 0, 0
66712, 9185515, 0, 0, 0
66800, 8804215, 0, 0, 0
66905, 9509882, 0, 0, 0
67001, 9648466, 0, 0, 0
67106, 8683475, 0, 0, 0
67205, 8255773, 0, 0, 0
67300, 8625554, 0, 0, 0
67402, 9277584, 0, 0, 0
67500, 13980511, 0, 0, 0
67603, 9388808, 0, 0, 0
67706, 9393837, 0, 0, 0
67805, 8975474, 0, 0, 0
67901, 8739205, 0, 0, 0
68007, 8851747, 0, 0, 0
68103, 9536014, 0, 0, 0
68214, 9263060, 0, 0, 0
68302, 8809298, 0, 0, 0
68411, 9062323, 0, 0, 0
68511, 9086003, 0, 0, 0
68602, 9131343, 0, 0, 0
68700, 8883638, 0, 0, 0
68808, 9841166, 0, 0, 0
68901, 9269034, 0, 0, 0
69000, 9871867, 0, 0, 0
69102, 8570490, 0, 0, 0
69207, 8059625, 0, 0, 0
69300, 8411992, 0, 0, 0
69403, 8568972, 0, 0, 0
69505, 8542803, 0, 0, 0
69600, 8626546, 0, 0, 0
69701, 9138283, 0, 0, 0
69800, 8275691, 0, 0, 0
69906, 8190978, 0, 0, 0
70003, 8034895, 0, 0, 0
70104, 8458767, 0, 0, 0
70203, 8223350, 0, 0, 0
70302, 8227870, 0, 0, 0
70402, 9091803, 0, 0, 0
70501, 8218167, 0, 0, 0
70601, 8392364, 0, 0, 0
70707, 8124411, 0, 0, 0
70800, 8457713, 0, 0, 0
70905, 9556769, 0, 0, 0
71012, 8188967, 0, 0, 0
71103, 8328892, 0, 0, 0
71210, 8179179, 0, 0, 0
71301, 8278108, 0, 0, 0
71400, 8227734, 0, 0, 0
71506, 8178015, 0, 0, 0
71604, 7547313, 0, 0, 0
71703, 7573794, 0, 0, 0
71801, 7541445, 0, 0, 0
71907, 8183201, 0, 0, 0
72005, 7540313, 0, 0, 0
72103, 7540012, 0, 0, 0
72203, 9039385, 0, 0, 0
72301, 7537274, 0, 0, 0
72401, 9085911, 0, 0, 0
72506, 7543476, 0, 0, 0
72607, 7741089, 0, 0, 0
72705, 9832926, 0, 0, 0
72804, 8210941, 0, 0, 0
72902, 8213245, 0, 0, 0
73001, 8208022, 0, 0, 0
73100, 9017213, 0, 0, 0
73207, 8893405, 0, 0, 0
73305, 8965170, 0, 0, 0
73406, 8379683, 0, 0, 0
73505, 9004652, 0, 0, 0
73602, 9661825, 0, 0, 0
73700, 8202470, 0, 0, 0
73809, 9084550, 0, 0, 0
73906, 9654130, 0, 0, 0
74004, 8208991, 0, 0, 0
74104, 9921214, 0, 0, 0
74202, 8966473, 0, 0, 0
74301, 12339328, 0, 0, 0
74400, 9013423, 0, 0, 0
74507, 8890475, 0, 0, 0
74605, 8965084, 0, 0, 0
74704, 8204876, 0, 0, 0
74803, 8965658, 0, 0, 0
74902, 9012473, 0, 0, 0
75000, 8209563, 0, 0, 0
75107, 8909407, 0, 0, 0
75206, 9854701, 0, 0, 0
75309, 8578472, 0, 0, 0
75403, 8597716, 0, 0, 0
75502, 9866064, 0, 0, 0
75601, 8207434, 0, 0, 0
75708, 8906522, 0, 0, 0
75800, 8447880, 0, 0, 0
75905, 8693054, 0, 0, 0
76004, 8241075, 0, 0, 0
76102, 8962767, 0, 0, 0
76201, 8207218, 0, 0, 0
76308, 8208562, 0, 0, 0
76406, 8206859, 0, 0, 0
76507, 8427828, 0, 0, 0
76604, 8768974, 0, 0, 0
76702, 8961359, 0, 0, 0
76803, 8416714, 0, 0, 0
76902, 7579873, 0, 0, 0
77000, 8902471, 0, 0, 0
77104, 9425696, 0, 0, 0
77203, 8286876, 0, 0, 0
77305, 9244402, 0, 0, 0
77402, 7485610, 0, 0, 0
77506, 9429233, 0, 0, 0
77601, 8603967, 0, 0, 0
77706, 8134971, 0, 0, 0
77808, 9236611, 0, 0, 0
77904, 8747007, 0, 0, 0
78011, 8891837, 0, 0, 0
78102, 8277532, 0, 0, 0
78201, 8990309, 0, 0, 0
78300, 8222085, 0, 0, 0
78405, 8145798, 0, 0, 0
78505, 9047096, 0, 0, 0
78603, 8197893, 0, 0, 0
78710, 8179187, 0, 0, 0
78800, 8982862, 0, 0, 0
78906, 8878791, 0, 0, 0
79009, 8580698, 0, 0, 0
79100, 10048642, 0, 0, 0
79201, 8411970, 0, 0, 0
79305, 8686452, 0, 0, 0
79404, 9027923, 0, 0, 0
79503, 8196297, 0, 0, 0
79602, 9046687, 0, 0, 0
79709, 8895106, 0, 0, 0
79802, 7755837, 0, 0, 0
79905, 7917409, 0, 0, 0
80007, 7834714, 0, 0, 0
80101, 7873862, 0, 0, 0
80200, 8194998, 0, 0, 0
80306, 8175355, 0, 0, 0
80410, 8688506, 0, 0, 0
80512, 9232962, 0, 0, 0
80601, 9875268, 0, 0, 0
80700, 8983120, 0, 0, 0
80801, 10184896, 0, 0, 0
80909, 10710263, 0, 0, 0
81003, 9423151, 0, 0, 0
81109, 10650376, 0, 0, 0
81200, 9046966, 0, 0, 0
81308, 8978291, 0, 0, 0
81406, 9819272, 0, 0, 0
81504, 9820506, 0, 0, 0
81602, 9825790, 0, 0, 0
81701, 9873672, 0, 0, 0
81800, 8992480, 0, 0, 0
81907, 9756940, 0, 0, 0
82006, 9826658, 0, 0, 0
82104, 9814136, 0, 0, 0
82202, 9829156, 0, 0, 0
82301, 9863455, 0, 0, 0
82400, 9952122, 0, 0, 0
82506, 9623419, 0, 0, 0
82605, 8996673, 0, 0, 0
82704, 9826456, 0, 0, 0
82811, 11995963, 0, 0, 0
82912, 10023549, 0, 0, 0
83009, 10841826, 0, 0, 0
83117, 9793237, 0, 0, 0
83207, 8987137, 0, 0, 0
83301, 9420938, 0, 0, 0
83401, 9025978, 0, 0, 0
83508, 9746828, 0, 0, 0
83606, 9821111, 0, 0, 0
83716, 12226082, 0, 0, 0
83801, 9463878, 0, 0, 0
83904, 10235615, 0, 0, 0
84002, 9823786, 0, 0, 0
84106, 10459998, 0, 0, 0
84203, 9657738, 0, 0, 0
84339, 13559799, 0, 0, 0
84406, 9593437, 0, 0, 0
84506, 10000012, 0, 0, 0
84604, 9835104, 0, 0, 0
84702, 8862752, 0, 0, 0
84800, 9825168, 0, 0, 0
84908, 8992905, 0, 0, 0
85004, 10634764, 0, 0, 0
85101, 7492330, 0, 0, 0
85207, 8133451, 0, 0, 0
85304, 7490964, 0, 0, 0
85402, 7489918, 0, 0, 0
85507, 7498525, 0, 0, 0
85605, 8179678, 0, 0, 0
85703, 8181652, 0, 0, 0
85801, 8189588, 0, 0, 0
85911, 10955802, 0, 0, 0
86001, 8145622, 0, 0, 0
86106, 8128794, 0, 0, 0
86204, 7498561, 0, 0, 0
86303, 9030577, 0, 0, 0
86401, 8184230, 0, 0, 0
86506, 7496984, 0, 0, 0
86605, 8996480, 0, 0, 0
86703, 7486423, 0, 0, 0
86806, 8584022, 0, 0, 0
86907, 7764992, 0, 0, 0
87005, 8192689, 0, 0, 0
87104, 8213789, 0, 0, 0
87202, 8180938, 0, 0, 0
87307, 7501754, 0, 0, 0
87406, 8984753, 0, 0, 0
87504, 8177161, 0, 0, 0
87602, 8183448, 0, 0, 0
87700, 7492976, 0, 0, 0
87806, 8142715, 0, 0, 0
87905, 9036666, 0, 0, 0
88003, 10930442, 0, 0, 0
88105, 9231656, 0, 0, 0
88200, 8600483, 0, 0, 0
88301, 8444313, 0, 0, 0
88402, 8422832, 0, 0, 0
88507, 8721806, 0, 0, 0
88605, 8223564, 0, 0, 0
88715, 9096582, 0, 0, 0
88811, 8749606, 0, 0, 0
88903, 8342365, 0, 0, 0
89001, 7579630, 0, 0, 0
89101, 8325845, 0, 0, 0
89200, 7578009, 0, 0, 0
89308, 9845717, 0, 0, 0
89407, 7579774, 0, 0, 0
89509, 8574052, 0, 0, 0
89604, 7836099, 0, 0, 0
89705, 8465850, 0, 0, 0
89805, 8319557, 0, 0, 0
89905, 9091949, 0, 0, 0
90004, 8283337, 0, 0, 0
90104, 8317957, 0, 0, 0
90204, 8274211, 0, 0, 0
90303, 8267592, 0, 0, 0
90402, 7623307, 0, 0, 0
90507, 8094569, 0, 0, 0
90610, 8534830, 0, 0, 0
90704, 7836859, 0, 0, 0
90800, 8743645, 0, 0, 0
90902, 8486055, 0, 0, 0
91000, 8900992, 0, 0, 0
91102, 8490955, 0, 0, 0
91207, 8762735, 0, 0, 0
91306, 8272860, 0, 0, 0
91407, 9132653, 0, 0, 0
91507, 10061924, 0, 0, 0
91602, 8642142, 0, 0, 0
91707, 8721937, 0, 0, 0
91800, 9282943, 0, 0, 0
91903, 9344156, 0, 0, 0
92006, 9348017, 0, 0, 0
92100, 8592691, 0, 0, 0
92205, 8728487, 0, 0, 0
92304, 8296054, 0, 0, 0
92407, 8528911, 0, 0, 0
92502, 9497452, 0, 0, 0
92604, 8532053, 0, 0, 0
92707, 8533964, 0, 0, 0
92800, 8476774, 0, 0, 0
92905, 8757499, 0, 0, 0
93007, 9271497, 0, 0, 0
93102, 10501636, 0, 0, 0
93203, 8431529, 0, 0, 0
93305, 9267111, 0, 0, 0
93407, 10186084, 0, 0, 0
93504, 8123412, 0, 0, 0
93602, 8857009, 0, 0, 0
93707, 8770800, 0, 0, 0
93804, 8063532, 0, 0, 0
93905, 8456148, 0, 0, 0
94000, 8587272, 0, 0, 0
94100, 8349813, 0, 0, 0
94211, 8585538, 0, 0, 0
94306, 9482838, 0, 0, 0
94409, 9311760, 0, 0, 0
94501, 9244152, 0, 0, 0
94609, 9758289, 0, 0, 0
94707, 8987239, 0, 0, 0
94801, 7778933, 0, 0, 0
94913, 9355487, 0, 0, 0
95006, 8435959, 0, 0, 0
95100, 10496007, 0, 0, 0
95207, 9719274, 0, 0, 0
95304, 8033852, 0, 0, 0
95402, 8936178, 0, 0, 0
95506, 8665227, 0, 0, 0
95600, 8517178, 0, 0, 0
95705, 8068676, 0, 0, 0
95805, 9076470, 0, 0, 0
95906, 7798597, 0, 0, 0
96003, 8041887, 0, 0, 0
96106, 8630897, 0, 0, 0
96200, 9365720, 0, 0, 0
96303, 9353746, 0, 0, 0
96402, 8254073, 0, 0, 0
96503, 7795856, 0, 0, 0
96600, 8044237, 0, 0, 0
96707, 8211300, 0, 0, 0
96806, 8293128, 0, 0, 0
96905, 8259585, 0, 0, 0
97006, 9185147, 0, 0, 0
97113, 8881053, 0, 0, 0
97206, 8477906, 0, 0, 0
97300, 10417691, 0, 0, 0
97405, 8786930, 0, 0, 0
97500, 8615926, 0, 0, 0
97613, 9389127, 0, 0, 0
97701, 8845091, 0, 0, 0
97803, 8451027, 0, 0, 0
97902, 8989918, 0, 0, 0
98002, 9114266, 0, 0, 0
98102, 8340360, 0, 0, 0
98205, 9343868, 0, 0, 0
98304, 9882354, 0, 0, 0
98403, 8296513, 0, 0, 0
98503, 8305850, 0, 0, 0
98611, 8286056, 0, 0, 0
98703, 8355752, 0, 0, 0
98801, 10943843, 0, 0, 0
98903, 7851517, 0, 0, 0
99006, 7879875, 0, 0, 0
99103, 8094493, 0, 0, 0
99203, 8304318, 0, 0, 0
99303, 9101224, 0, 0, 0
99405, 11335330, 0, 0, 0
99504, 8305972, 0, 0, 0
99605, 9150341, 0, 0, 0
99705, 9114130, 0, 0, 0
99806, 8345217, 0, 0, 0
99905, 8302911, 0, 0, 0
100005, 8299915, 0, 0, 0
100105, 8350800, 0, 0, 0
100205, 8289016, 0, 0, 0
100304, 8298519, 0, 0, 0
100405, 9156478, 0, 0, 0
100500, 7933913, 0, 0, 0
100604, 8011003, 0, 0, 0
100701, 8090404, 0, 0, 0
100801, 7615532, 0, 0, 0
100911, 8522856, 0, 0, 0
101002, 9019712, 0, 0, 0
101101, 7610696, 0, 0, 0
101203, 8512808, 0, 0, 0
101310, 7634517, 0, 0, 0
101404, 8603375, 0, 0, 0
101502, 7539025, 0, 0, 0
101601, 8199066, 0, 0, 0
101705, 8029870, 0, 0, 0
101802, 8783088, 0, 0, 0
101915, 10298148, 0, 0, 0
102005, 8164506, 0, 0, 0
102100, 8672533, 0, 0, 0
102205, 8718336, 0, 0, 0
102302, 8776209, 0, 0, 0
102406, 8740873, 0, 0, 0
102505, 8959192, 0, 0, 0
102611, 8111681, 0, 0, 0
102707, 8752775, 0, 0, 0
102800, 8500563, 0, 0, 0
102905, 8721786, 0, 0, 0
103002, 8781788, 0, 0, 0
103109, 8940273, 0, 0, 0
103203, 8573492, 0, 0, 0
103300, 9645568, 0, 0, 0
103400, 8312638, 0, 0, 0
103501, 9253599, 0, 0, 0
103600, 8215242, 0, 0, 0
103702, 8533278, 0, 0, 0
103811, 9056992, 0, 0, 0
103910, 9879131, 0, 0, 0
104001, 8241677, 0, 0, 0
104105, 8719237, 0, 0, 0
104203, 8110248, 0, 0, 0
104307, 8663370, 0, 0, 0
104403, 8777115, 0, 0, 0
104506, 11421180, 0, 0, 0
104605, 8249915, 0, 0, 0
104703, 8901977, 0, 0, 0
104806, 8611152, 0, 0, 0
104903, 8781687, 0, 0, 0
105000, 8781337, 0, 0, 0
105104, 9501758, 0, 0, 0
105201, 8847729, 0, 0, 0
105306, 8717634, 0, 0, 0
105403, 8764888, 0, 0, 0
105500, 8087111, 0, 0, 0
105604, 8042004, 0, 0, 0
105701, 8093947, 0, 0, 0
105806, 8042932, 0, 0, 0
105905, 7639517, 0, 0, 0
106006, 8431419, 0, 0, 0
106104, 8831681, 0, 0, 0
106203, 8279748, 0, 0, 0
106300, 8086749, 0, 0, 0
106405, 8038373, 0, 0, 0
106502, 8123632, 0, 0, 0
106602, 8314146, 0, 0, 0
106704, 7835038, 0, 0, 0
106801, 8841567, 0, 0, 0
106906, 8098181, 0, 0, 0
107003, 8090338, 0, 0, 0
107100, 7398558, 0, 0, 0
107202, 9265456, 0, 0, 0
107312, 9179174, 0, 0, 0
107404, 8358328, 0, 0, 0
107500, 8722934, 0, 0, 0
107604, 8039737, 0, 0, 0
107702, 8907210, 0, 0, 0
107807, 8044950, 0, 0, 0
107904, 8093685, 0, 0, 0
108004, 8345158, 0, 0, 0
108102, 8162384, 0, 0, 0
108204, 8482002, 0, 0, 0
108303, 9003769, 0, 0, 0
108410, 11921153, 0, 0, 0
108507, 9701238, 0, 0, 0
108602, 11804880, 0, 0, 0
108701, 9922919, 0, 0, 0
108801, 9073203, 0, 0, 0
108906, 10533222, 0, 0, 0
109004, 8121504, 0, 0, 0
109101, 8088606, 0, 0, 0
109206, 8785080, 0, 0, 0
109303, 9692681, 0, 0, 0
109407, 8634949, 0, 0, 0
109507, 9135498, 0, 0, 0
109606, 8981713, 0, 0, 0
109709, 9309451, 0, 0, 0
109805, 9661040, 0, 0, 0
109902, 8782687, 0, 0, 0
110004, 9297216, 0, 0, 0
110104, 9029348, 0, 0, 0
110203, 9969972, 0, 0, 0
110307, 8670681, 0, 0, 0
110402, 8632260, 0, 0, 0
110506, 9437076, 0, 0, 0
110614, 9780030, 0, 0, 0
110706, 8338685, 0, 0, 0
110804, 8921002, 0, 0, 0
110904, 11118947, 0, 0, 0
111000, 10738610, 0, 0, 0
111102, 9271859, 0, 0, 0
111206, 11455668, 0, 0, 0
111302, 10721895, 0, 0, 0
111404, 9231571, 0, 0, 0
111508, 8680285, 0, 0, 0
111603, 9514379, 0, 0, 0
111700, 8794336, 0, 0, 0
111807, 9769501, 0, 0, 0
111901, 9409372, 0, 0, 0
112001, 9056540, 0, 0, 0
112103, 10225234, 0, 0, 0
112202, 8968698, 0, 0, 0
112304, 8514684, 0, 0, 0
112401, 8763107, 0, 0, 0
112505, 8705467, 0, 0, 0
112602, 8768021, 0, 0, 0
112706, 9527231, 0, 0, 0
112803, 8027533, 0, 0, 0
112900, 8070818, 0, 0, 0
113003, 7949009, 0, 0, 0
113114, 8537687, 0, 0, 0
113206, 8385331, 0, 0, 0
113305, 7606713, 0, 0, 0
113404, 7589782, 0, 0, 0
113504, 9144045, 0, 0, 0
113606, 7795341, 0, 0, 0
113703, 8080323, 0, 0, 0
113805, 7862483, 0, 0, 0
113902, 8047619, 0, 0, 0
114001, 8286629, 0, 0, 0
114101, 8292756, 0, 0, 0
114201, 8332275, 0, 0, 0
114304, 7923036, 0, 0, 0
114400, 8708747, 0, 0, 0
114509, 10954172, 0, 0, 0
114601, 8346857, 0, 0, 0
114701, 8328829, 0, 0, 0
114800, 8295539, 0, 0, 0
114900, 8289263, 0, 0, 0
115000, 8327771, 0, 0, 0
115107, 8239709, 0, 0, 0
115207, 8291182, 0, 0, 0
115313, 8903162, 0, 0, 0
115407, 8478775, 0, 0, 0
115500, 9277156, 0, 0, 0
115606, 7604488, 0, 0, 0
115702, 7992767, 0, 0, 0
115805, 8590659, 0, 0, 0
115904, 7640630, 0, 0, 0
116004, 8293114, 0, 0, 0
116103, 7598245, 0, 0, 0
116201, 7591430, 0, 0, 0
116305, 8628587, 0, 0, 0
116407, 11338324, 0, 0, 0
116501, 9365867, 0, 0, 0
116602, 8408942, 0, 0, 0
116701, 7668114, 0, 0, 0
116801, 7682473, 0, 0, 0
116903, 9213925, 0, 0, 0
117005, 8493345, 0, 0, 0
117104, 8279188, 0, 0, 0
117204, 8358109, 0, 0, 0
117305, 8349788, 0, 0, 0
117411, 9646096, 0, 0, 0
117506, 7976358, 0, 0, 0
117600, 9356148, 0, 0, 0
117700, 7674062, 0, 0, 0
117801, 8406641, 0, 0, 0
117901, 8362669, 0, 0, 0
118002, 8404297, 0, 0, 0
118102, 8359905, 0, 0, 0
118203, 8403540, 0, 0, 0
118304, 9169709, 0, 0, 0
118405, 8401744, 0, 0, 0
118505, 8367493, 0, 0, 0
118605, 7664493, 0, 0, 0
118702, 8061130, 0, 0, 0
118806, 8707381, 0, 0, 0
118907, 7719829, 0, 0, 0
119003, 8053034, 0, 0, 0
119111, 15425000, 0, 0, 0
119203, 7615615, 0, 0, 0
119304, 8399061, 0, 0, 0
119412, 9059903, 0, 0, 0
119500, 8774504, 0, 0, 0
119600, 9949446, 0, 0, 0
119710, 7859085, 0, 0, 0
119800, 8190830, 0, 0, 0
119900, 7715012, 0, 0, 0
120001, 8370039, 0, 0, 0
120101, 8395623, 0, 0, 0
120201, 11034995, 0, 0, 0
120302, 9167187, 0, 0, 0
120402, 7732167, 0, 0, 0
120507, 8703532, 0, 0, 0
120602, 7976570, 0, 0, 0
120701, 8183264, 0, 0, 0
120802, 7816070, 0, 0, 0
120902, 9090270, 0, 0, 0
121000, 7542260, 0, 0, 0
121106, 7544968, 0, 0, 0
121204, 7539190, 0, 0, 0
121303, 8233386, 0, 0, 0
121401, 7528650, 0, 0, 0
121500, 8270823, 0, 0, 0
121606, 7544440, 0, 0, 0
121707, 8448666, 0, 0, 0
121803, 8019440, 0, 0, 0
121902, 8222355, 0, 0, 0
122001, 8229242, 0, 0, 0
122100, 8271708, 0, 0, 0
122206, 8178862, 0, 0, 0
122305, 8232479, 0, 0, 0
122404, 8219060, 0, 0, 0
122506, 8486573, 0, 0, 0
122603, 8809525, 0, 0, 0
122708, 8094331, 0, 0, 0
122807, 7625141, 0, 0, 0
122905, 7542445, 0, 0, 0
123004, 8229677, 0, 0, 0
123102, 7578794, 0, 0, 0
123202, 9039865, 0, 0, 0
123301, 8233827, 0, 0, 0
123401, 9073880, 0, 0, 0
123501, 8360794, 0, 0, 0
123607, 8154343, 0, 0, 0
123707, 8342556, 0, 0, 0
123804, 8807708, 0, 0, 0
123910, 8126727, 0, 0, 0
124002, 9217787, 0, 0, 0
124107, 8086160, 0, 0, 0
124202, 8628677, 0, 0, 0
124305, 9374113, 0, 0, 0
124405, 8292641, 0, 0, 0
124506, 8446478, 0, 0, 0
124604, 12199001, 0, 0, 0
124701, 8145923, 0, 0, 0
124800, 8989675, 0, 0, 0
124900, 8265327, 0, 0, 0
125004, 8663940, 0, 0, 0
125100, 8777036, 0, 0, 0
125201, 8433391, 0, 0, 0
125303, 9212586, 0, 0, 0
125401, 9823131, 0, 0, 0
125501, 9126171, 0, 0, 0
125600, 8180718, 0, 0, 0
125702, 10252290, 0, 0, 0
125807, 9503839, 0, 0, 0
125902, 8698657, 0, 0, 0
126007, 9503880, 0, 0, 0
126103, 9648163, 0, 0, 0
126202, 8938840, 0, 0, 0
126305, 8570573, 0, 0, 0
126400, 8665525, 0, 0, 0
126502, 8503675, 0, 0, 0
126605, 8572786, 0, 0, 0
126700, 8631770, 0, 0, 0
126803, 9394094, 0, 0, 0
126901, 8847020, 0, 0, 0
127001, 8372621, 0, 0, 0
127105, 9477243, 0, 0, 0
127200, 9436937, 0, 0, 0
127304, 10367665, 0, 0, 0
127403, 8259493, 0, 0, 0
127501, 8966080, 0, 0, 0
127603, 9271551, 0, 0, 0
127700, 9669280, 0, 0, 0
127803, 8541595, 0, 0, 0
127900, 8885317, 0, 0, 0
128000, 8339790, 0, 0, 0
128101, 9120955, 0, 0, 0
128200, 10968520, 0, 0, 0
128305, 8765092, 0, 0, 0
128402, 8852186, 0, 0, 0
128500, 8167521, 0, 0, 0
128604, 9390190, 0, 0, 0
128706, 8571555, 0, 0, 0
128804, 9780421, 0, 0, 0
128907, 8564930, 0, 0, 0
129002, 8596918, 0, 0, 0
129106, 8680089, 0, 0, 0
129206, 8388328, 0, 0, 0
129305, 8170162, 0, 0, 0
129406, 9259814, 0, 0, 0
129506, 9030485, 0, 0, 0
129602, 8739618, 0, 0, 0
129702, 9967686, 0, 0, 0
129808, 8902422, 0, 0, 0
129902, 8473426, 0, 0, 0
130005, 7919429, 0, 0, 0
130103, 8204488, 0, 0, 0
130201, 8170015, 0, 0, 0
130307, 8122434, 0, 0, 0
130404, 8784954, 0, 0, 0
130504, 8389029, 0, 0, 0
130605, 8392175, 0, 0, 0
130703, 8163673, 0, 0, 0
130800, 8796399, 0, 0, 0
130907, 8948908, 0, 0, 0
131006, 8952784, 0, 0, 0
131105, 9024745, 0, 0, 0
131205, 8349693, 0, 0, 0
131305, 9083687, 0, 0, 0
131401, 8013274, 0, 0, 0
131500, 8203987, 0, 0, 0
131606, 8867944, 0, 0, 0
131704, 8177125, 0, 0, 0
131810, 8126449, 0, 0, 0
131907, 9723241, 0, 0, 0
132001, 8485628, 0, 0, 0
132106, 8778796, 0, 0, 0
132202, 9547999, 0, 0, 0
132300, 8208461, 0, 0, 0
132407, 8897983, 0, 0, 0
132506, 9007462, 0, 0, 0
132607, 9158879, 0, 0, 0
132709, 9298226, 0, 0, 0
132806, 8841443, 0, 0, 0
132901, 8604143, 0, 0, 0
133000, 8216959, 0, 0, 0
133107, 9719392, 0, 0, 0
133205, 9856939, 0, 0, 0
133304, 9871340, 0, 0, 0
133405, 9192560, 0, 0, 0
133506, 11227803, 0, 0, 0
133600, 9417723, 0, 0, 0
133707, 8221866, 0, 0, 0
133806, 9910328, 0, 0, 0
133905, 8993560, 0, 0, 0
134000, 8633217, 0, 0, 0
134114, 10360757, 0, 0, 0
134202, 10910879, 0, 0, 0
134303, 8417990, 0, 0, 0
134407, 8687148, 0, 0, 0
134505, 8205993, 0, 0, 0
134605, 8321698, 0, 0, 0
134706, 8376653, 0, 0, 0
134822, 12953706, 0, 0, 0
134901, 8691343, 0, 0, 0
135000, 9911891, 0, 0, 0
135115, 9595718, 0, 0, 0
135200, 9430399, 0, 0, 0
135304, 8665395, 0, 0, 0
135400, 8739451, 0, 0, 0
135500, 8340064, 0, 0, 0
135600, 9092011, 0, 0, 0
135707, 9712217, 0, 0, 0
135802, 9515136, 0, 0, 0
135907, 8770010, 0, 0, 0
136000, 8415437, 0, 0, 0
136106, 8822117, 0, 0, 0
136201, 9464462, 0, 0, 0
136307, 8903595, 0, 0, 0
136401, 9381776, 0, 0, 0
136506, 7454164, 0, 0, 0
136605, 9047452, 0, 0, 0
136703, 8182132, 0, 0, 0
136802, 8987275, 0, 0, 0
136903, 9118049, 0, 0, 0
137005, 8572018, 0, 0, 0
137107, 8417802, 0, 0, 0
137211, 8740395, 0, 0, 0
137304, 8380276, 0, 0, 0
137401, 8108261, 0, 0, 0
137503, 9250740, 0, 0, 0
137607, 8704149, 0, 0, 0
137709, 8449419, 0, 0, 0
137810, 9191965, 0, 0, 0
137907, 8846939, 0, 0, 0
138005, 9754209, 0, 0, 0
138111, 8892244, 0, 0, 0
138202, 8220151, 0, 0, 0
138301, 8253967, 0, 0, 0
138406, 8058865, 0, 0, 0
138504, 8181260, 0, 0, 0
138605, 7735529, 0, 0, 0
138700, 7919749, 0, 0, 0
138800, 7736433, 0, 0, 0
138904, 8658332, 0, 0, 0
139002, 7496502, 0, 0, 0
139107, 7495029, 0, 0, 0
139205, 8180078, 0, 0, 0
139301, 12042890, 0, 0, 0
139404, 7903602, 0, 0, 0
139510, 8132625, 0, 0, 0
139600, 8235613, 0, 0, 0
139706, 8135286, 0, 0, 0
139803, 7495800, 0, 0, 0
139907, 9433640, 0, 0, 0
140005, 8846329, 0, 0, 0
140100, 7965623, 0, 0, 0
140206, 8126390, 0, 0, 0
140306, 9100699, 0, 0, 0
140411, 15011813, 0, 0, 0
140500, 9912817, 0, 0, 0
140608, 9756151, 0, 0, 0
140707, 8981891, 0, 0, 0
140805, 9826134, 0, 0, 0
140904, 9040193, 0, 0, 0
141003, 8996989, 0, 0, 0
141102, 8982894, 0, 0, 0
141200, 9822199, 0, 0, 0
141308, 9741934, 0, 0, 0
141406, 8987411, 0, 0, 0
141506, 9032641, 0, 0, 0
141604, 9822352, 0, 0, 0
141702, 9826392, 0, 0, 0
141800, 10842329, 0, 0, 0
141907, 9748541, 0, 0, 0
142007, 9037303, 0, 0, 0
142105, 9832411, 0, 0, 0
142216, 10063084, 0, 0, 0
142305, 8885791, 0, 0, 0
142400, 9562120, 0, 0, 0
142500, 9033477, 0, 0, 0
142607, 9756076, 0, 0, 0
142706, 8984371, 0, 0, 0
142804, 9824488, 0, 0, 0
142902, 9833772, 0, 0, 0
143001, 9816853, 0, 0, 0
143108, 9794065, 0, 0, 0
143207, 8986560, 0, 0, 0
143306, 9827003, 0, 0, 0
143404, 9813391, 0, 0, 0
143503, 8988170, 0, 0, 0
143602, 9042539, 0, 0, 0
143701, 8993007, 0, 0, 0
143802, 12551507, 0, 0, 0
143905, 9425513, 0, 0, 0
144004, 8991402, 0, 0, 0
144104, 10000982, 0, 0, 0
144205, 10051742, 0, 0, 0
144310, 9564106, 0, 0, 0
144417, 9743932, 0, 0, 0
144507, 8952569, 0, 0, 0
144604, 9696901, 0, 0, 0
144703, 9037383, 0, 0, 0
144800, 8846135, 0, 0, 0
144904, 9436628, 0, 0, 0
145003, 9820000, 0, 0, 0
145105, 8505785, 0, 0, 0
145204, 8315388, 0, 0, 0
145304, 9038437, 0, 0, 0
145411, 9748663, 0, 0, 0
145502, 8233114, 0, 0, 0
145605, 9430855, 0, 0, 0
145700, 8605003, 0, 0, 0
145801, 8368220, 0, 0, 0
145903, 9299327, 0, 0, 0
146005, 9296684, 0, 0, 0
146115, 9143073, 0, 0, 0
146200, 8457679, 0, 0, 0
146303, 8601690, 0, 0, 0
146409, 9661288, 0, 0, 0
146500, 9126128, 0, 0, 0
146601, 8376080, 0, 0, 0
146705, 7993288, 0, 0, 0
146804, 8262236, 0, 0, 0
146905, 8446998, 0, 0, 0
147001, 9559694, 0, 0, 0
147102, 9192317, 0, 0, 0
147204, 8477970, 0, 0, 0
147306, 9271162, 0, 0, 0
147400, 8523626, 0, 0, 0
147501, 8478039, 0, 0, 0
147603, 8480500, 0, 0, 0
147706, 9300477, 0, 0, 0
147800, 8596502, 0, 0, 0
147906, 8138306, 0, 0, 0
148004, 8181680, 0, 0, 0
148105, 9116519, 0, 0, 0
148203, 9837536, 0, 0, 0
148302, 8215070, 0, 0, 0
148400, 8989724, 0, 0, 0
148504, 8657257, 0, 0, 0
148606, 8448065, 0, 0, 0
148705, 8987576, 0, 0, 0
148800, 8675153, 0, 0, 0
148904, 7975648, 0, 0, 0
149005, 8408510, 0, 0, 0
149107, 8478114, 0, 0, 0
149204, 9765082, 0, 0, 0
149301, 12101795, 0, 0, 0
149405, 8025000, 0, 0, 0
149505, 9078924, 0, 0, 0
149606, 10114409, 0, 0, 0
149703, 8030121, 0, 0, 0
149805, 8534146, 0, 0, 0
149908, 8534293, 0, 0, 0
150006, 9799253, 0, 0, 0
150105, 8278127, 0, 0, 0
150200, 8589984, 0, 0, 0
150302, 8496476, 0, 0, 0
150405, 9428386, 0, 0, 0
150507, 8454854, 0, 0, 0
150605, 8891248, 0, 0, 0
150705, 9136900, 0, 0, 0
150807, 9268053, 0, 0, 0
150901, 8487804, 0, 0, 0
151004, 8594722, 0, 0, 0
151113, 9084549, 0, 0, 0
151201, 8830222, 0, 0, 0
151303, 8528543, 0, 0, 0
151409, 8789014, 0, 0, 0
151511, 9284080, 0, 0, 0
151603, 8338648, 0, 0, 0
151705, 8533687, 0, 0, 0
151805, 9024989, 0, 0, 0
151903, 8920222, 0, 0, 0
152008, 9569005, 0, 0, 0
152106, 9827795, 0, 0, 0
152203, 8824723, 0, 0, 0
152309, 8768536, 0, 0, 0
152407, 9804416, 0, 0, 0
152500, 9287762, 0, 0, 0
152607, 8220968, 0, 0, 0
152701, 9409553, 0, 0, 0
152804, 9353165, 0, 0, 0
152906, 8534359, 0, 0, 0
153003, 8124091, 0, 0, 0
153106, 10259666, 0, 0, 0
153206, 9060981, 0, 0, 0
153301, 8662001, 0, 0, 0
153402, 7774141, 0, 0, 0
153505, 8530235, 0, 0, 0
153609, 9529878, 0, 0, 0
153712, 8505623, 0, 0, 0
153800, 8083895, 0, 0, 0
153910, 9908352, 0, 0, 0
154004, 9408566, 0, 0, 0
154101, 8093244, 0, 0, 0
154203, 8502606, 0, 0, 0
154300, 8805169, 0, 0, 0
154402, 10197525, 0, 0, 0
154500, 8190475, 0, 0, 0
154607, 8209604, 0, 0, 0
154706, 8292995, 0, 0, 0
154800, 7811961, 0, 0, 0
154900, 9045938, 0, 0, 0
155002, 9269263, 0, 0, 0
155103, 9225017, 0, 0, 0
155206, 9341006, 0, 0, 0
155308, 8470335, 0, 0, 0
155405, 9725260, 0, 0, 0
155505, 8343029, 0, 0, 0
155611, 9674261, 0, 0, 0
155713, 9267802, 0, 0, 0
155811, 8895862, 0, 0, 0
155904, 9249021, 0, 0, 0
156005, 8462337, 0, 0, 0
156104, 8256100, 0, 0, 0
156205, 9105799, 0, 0, 0
156303, 7563480, 0, 0, 0
156404, 7794763, 0, 0, 0
156501, 8042119, 0, 0, 0
156601, 9102117, 0, 0, 0
156700, 8267433, 0, 0, 0
156800, 9073179, 0, 0, 0
156900, 8291875, 0, 0, 0
157002, 8505467, 0, 0, 0
157104, 8537362, 0, 0, 0
157201, 8785854, 0, 0, 0
157309, 8991819, 0, 0, 0
157404, 7942006, 0, 0, 0
157503, 7615140, 0, 0, 0
157602, 7613016, 0, 0, 0
157702, 8336165, 0, 0, 0
157802, 8308507, 0, 0, 0
157902, 8303683, 0, 0, 0
158002, 9150770, 0, 0, 0
158104, 8456052, 0, 0, 0
158210, 8884980, 0, 0, 0
158302, 8281121, 0, 0, 0
158412, 8491204, 0, 0, 0
158502, 8177005, 0, 0, 0
158601, 7619174, 0, 0, 0
158701, 9104334, 0, 0, 0
158804, 8557920, 0, 0, 0
158905, 9161800, 0, 0, 0
159008, 9377690, 0, 0, 0
159103, 8624020, 0, 0, 0
159204, 9149200, 0, 0, 0
159308, 13104700, 0, 0, 0
159405, 8070612, 0, 0, 0
159505, 8337353, 0, 0, 0
159600, 8630814, 0, 0, 0
159703, 8574567, 0, 0, 0
159814, 9209134, 0, 0, 0
159901, 7939457, 0, 0, 0
160018, 10614843, 0, 0, 0
160109, 11418059, 0, 0, 0
160204, 9506199, 0, 0, 0
160307, 8566371, 0, 0, 0
160403, 8671316, 0, 0, 0
160503, 9110220, 0, 0, 0
160601, 9796819, 0, 0, 0
160704, 8572682, 0, 0, 0
160806, 8543295, 0, 0, 0
160901, 7878082, 0, 0, 0
161004, 8572006, 0, 0, 0
161106, 7877222, 0, 0, 0
161201, 8629849, 0, 0, 0
161304, 9383983, 0, 0, 0
161408, 9388878, 0, 0, 0
161505, 8072772, 0, 0, 0
161602, 8852744, 0, 0, 0
161702, 8357879, 0, 0, 0
161800, 8897165, 0, 0, 0
161904, 8616489, 0, 0, 0
162000, 8780101, 0, 0, 0
162106, 8792936, 0, 0, 0
162204, 8947559, 0, 0, 0
162306, 8487003, 0, 0, 0
162403, 9721117, 0, 0, 0
162500, 8781398, 0, 0, 0
162611, 8531770, 0, 0, 0
162701, 9045704, 0, 0, 0
162808, 9706895, 0, 0, 0
162906, 8902845, 0, 0, 0
163007, 8444925, 0, 0, 0
163101, 8515810, 0, 0, 0
163201, 9080114, 0, 0, 0
163306, 8714894, 0, 0, 0
163402, 8776400, 0, 0, 0
163507, 8719245, 0, 0, 0
163612, 8722839, 0, 0, 0
163703, 8338705, 0, 0, 0
163801, 8905215, 0, 0, 0
163901, 9101269, 0, 0, 0
164006, 8720028, 0, 0, 0
164103, 8780127, 0, 0, 0
164210, 8229253, 0, 0, 0
164304, 8535762, 0, 0, 0
164404, 9078211, 0, 0, 0
164501, 8900377, 0, 0, 0
164607, 8784219, 0, 0, 0
164709, 9290795, 0, 0, 0
164803, 7842972, 0, 0, 0
164900, 8778769, 0, 0, 0
165003, 9351849, 0, 0, 0
165110, 9733800, 0, 0, 0
165201, 8278989, 0, 0, 0
165302, 7797086, 0, 0, 0
165407, 8026060, 0, 0, 0
165507, 9123636, 0, 0, 0
165600, 7705664, 0, 0, 0
165703, 8657557, 0, 0, 0
165801, 7494437, 0, 0, 0
165909, 7689972, 0, 0, 0
166005, 8757316, 0, 0, 0
166102, 7493352, 0, 0, 0
166200, 7495516, 0, 0, 0
166311, 9268246, 0, 0, 0
166405, 7825608, 0, 0, 0
166504, 8992349, 0, 0, 0
166604, 9971150, 0, 0, 0
166702, 8172953, 0, 0, 0
166808, 9653161, 0, 0, 0
166903, 8667990, 0, 0, 0
167007, 8621766, 0, 0, 0
167106, 8250997, 0, 0, 0
167204, 8939906, 0, 0, 0
167303, 9012079, 0, 0, 0
167402, 8999168, 0, 0, 0
167506, 8590558, 0, 0, 0
167604, 8941667, 0, 0, 0
167702, 8908931, 0, 0, 0
167802, 8347738, 0, 0, 0
167906, 7996930, 0, 0, 0
168002, 8754866, 0, 0, 0
168101, 8995389, 0, 0, 0
168205, 7927981, 0, 0, 0
168302, 8901174, 0, 0, 0
168400, 8118878, 0, 0, 0
168507, 8248011, 0, 0, 0
168601, 8541966, 0, 0, 0
168700, 8995762, 0, 0, 0
168806, 8846716, 0, 0, 0
168904, 8919559, 0, 0, 0
169001, 8071582, 0, 0, 0
169102, 8404224, 0, 0, 0
169200, 8867629, 0, 0, 0
169304, 8719966, 0, 0, 0
169401, 8008860, 0, 0, 0
169505, 8713113, 0, 0, 0
169610, 8718421, 0, 0, 0
169705, 7294380, 0, 0, 0
169808, 7978221, 0, 0, 0
169904, 7333161, 0, 0, 0
170007, 7339566, 0, 0, 0
170106, 11001788, 0, 0, 0
170201, 7331444, 0, 0, 0
170305, 7969496, 0, 0, 0
170407, 7300176, 0, 0, 0
170503, 8017830, 0, 0, 0
170607, 7975631, 0, 0, 0
170703, 8020525, 0, 0, 0
170805, 7305756, 0, 0, 0
170902, 8025334, 0, 0, 0
171005, 7980328, 0, 0, 0
171102, 8012471, 0, 0, 0
171205, 7974668, 0, 0, 0
171301, 7336570, 0, 0, 0
171426, 11405492, 0, 0, 0
171502, 8423917, 0, 0, 0
171602, 7685538, 0, 0, 0
171705, 8592975, 0, 0, 0
171804, 8264311, 0, 0, 0
171902, 8174954, 0, 0, 0
172000, 8173299, 0, 0, 0
172106, 8123450, 0, 0, 0
172205, 8203016, 0, 0, 0
172303, 8171297, 0, 0, 0
172403, 7714573, 0, 0, 0
172506, 8603495, 0, 0, 0
172605, 8215139, 0, 0, 0
172700, 8624402, 0, 0, 0
172802, 8542197, 0, 0, 0
172901, 8990073, 0, 0, 0
173000, 8984138, 0, 0, 0
173105, 8729871, 0, 0, 0
173202, 8800563, 0, 0, 0
173306, 9518902, 0, 0, 0
173407, 11133303, 0, 0, 0
173501, 9460399, 0, 0, 0
173605, 9448010, 0, 0, 0
173701, 8744623, 0, 0, 0
173806, 11580183, 0, 0, 0
173903, 9709425, 0, 0, 0
174005, 9265802, 0, 0, 0
174100, 11958139, 0, 0, 0
174202, 10148237, 0, 0, 0
174300, 8878221, 0, 0, 0
174405, 10502366, 0, 0, 0
174509, 8707885, 0, 0, 0
174607, 8164399, 0, 0, 0
174702, 9515489, 0, 0, 0
174807, 8688686, 0, 0, 0
174904, 12164956, 0, 0, 0
175004, 9130612, 0, 0, 0
175100, 9515193, 0, 0, 0
175203, 9437429, 0, 0, 0
175307, 9419849, 0, 0, 0
175405, 8198976, 0, 0, 0
175506, 9170417, 0, 0, 0
175601, 9514692, 0, 0, 0
175702, 10031889, 0, 0, 0
175808, 10668688, 0, 0, 0
175904, 8637718, 0, 0, 0
176000, 8751274, 0, 0, 0
176103, 9368854, 0, 0, 0
176201, 8918798, 0, 0, 0
176302, 10082484, 0, 0, 0
176408, 9601750, 0, 0, 0
176505, 9705371, 0, 0, 0
176604, 9052529, 0, 0, 0
176701, 8789447, 0, 0, 0
176816, 9592882, 0, 0, 0
176902, 9600344, 0, 0, 0
177007, 9526993, 0, 0, 0
177105, 9779615, 0, 0, 0
177202, 9654425, 0, 0, 0
177306, 8656572, 0, 0, 0
177410, 9488335, 0, 0, 0
177503, 8485471, 0, 0, 0
177602, 9004326, 0, 0, 0
177702, 9049690, 0, 0, 0
177802, 8308776, 0, 0, 0
177903, 10142130, 0, 0, 0
178004, 9177296, 0, 0, 0
178104, 9101511, 0, 0, 0
178205, 9156987, 0, 0, 0
178313, 9840889, 0, 0, 0
178414, 8367917, 0, 0, 0
178505, 7611611, 0, 0, 0
178604, 7648517, 0, 0, 0
178704, 9023375, 0, 0, 0
178800, 8778285, 0, 0, 0
178907, 9707157, 0, 0, 0
179002, 9490557, 0, 0, 0
179100, 8924346, 0, 0, 0
179201, 9120780, 0, 0, 0
179301, 9119657, 0, 0, 0
179406, 8775630, 0, 0, 0
179500, 7832181, 0, 0, 0
179601, 8376220, 0, 0, 0
179706, 9545766, 0, 0, 0
179802, 8740935, 0, 0, 0
179902, 8309253, 0, 0, 0
180002, 8340068, 0, 0, 0
