147, 88, 0, 0, 0
247, 110, 0, 0, 0
347, 130, 0, 0, 0
447, 130, 0, 0, 0
547, 120, 0, 0, 0
646, 121, 0, 0, 0
746, 130, 0, 0, 0
846, 110, 0, 0, 0
946, 120, 0, 0, 0
1046, 120, 0, 0, 0
1146, 120, 0, 0, 0
1246, 110, 0, 0, 0
1346, 100, 0, 0, 0
1446, 100, 0, 0, 0
1546, 120, 0, 0, 0
1647, 110, 0, 0, 0
1747, 120, 0, 0, 0
1847, 120, 0, 0, 0
1947, 100, 0, 0, 0
2047, 120, 0, 0, 0
2146, 111, 0, 0, 0
2246, 110, 0, 0, 0
2346, 110, 0, 0, 0
2446, 100, 0, 0, 0
2546, 110, 0, 0, 0
2646, 110, 0, 0, 0
2746, 120, 0, 0, 0
2846, 120, 0, 0, 0
2946, 120, 0, 0, 0
3046, 120, 0, 0, 0
3146, 110, 0, 0, 0
3246, 130, 0, 0, 0
3346, 130, 0, 0, 0
3447, 120, 0, 0, 0
3547, 130, 0, 0, 0
3646, 121, 0, 0, 0
3746, 90, 0, 0, 0
3846, 120, 0, 0, 0
3946, 110, 0, 0, 0
4046, 130, 0, 0, 0
4146, 110, 0, 0, 0
4246, 120, 0, 0, 0
4346, 110, 0, 0, 0
4446, 80, 0, 0, 0
4546, 100, 0, 0, 0
4646, 120, 0, 0, 0
4746, 120, 0, 0, 0
4846, 120, 0, 0, 0
4946, 110, 0, 0, 0
5046, 110, 0, 0, 0
5146, 100, 0, 0, 0
5247, 110, 0, 0, 0
5347, 120, 0, 0, 0
5447, 100, 0, 0, 0
5547, 120, 0, 0, 0
5646, 121, 0, 0, 0
5746, 120, 0, 0, 0
5846, 120, 0, 0, 0
5946, 110, 0, 0, 0
6046, 120, 0, 0, 0
6146, 120, 0, 0, 0
6246, 110, 0, 0, 0
6346, 120, 0, 0, 0
6446, 110, 0, 0, 0
6546, 110, 0, 0, 0
6646, 120, 0, 0, 0
6746, 120, 0, 0, 0
6846, 120, 0, 0, 0
6946, 120, 0, 0, 0
7047, 120, 0, 0, 0
7146, 121, 0, 0, 0
7246, 120, 0, 0, 0
7346, 110, 0, 0, 0
7446, 130, 0, 0, 0
7546, 120, 0, 0, 0
7646, 110, 0, 0, 0
7746, 120, 0, 0, 0
7846, 140, 0, 0, 0
7946, 110, 0, 0, 0
8046, 130, 0, 0, 0
8146, 130, 0, 0, 0
8246, 110, 0, 0, 0
8346, 110, 0, 0, 0
8446, 120, 0, 0, 0
8546, 120, 0, 0, 0
8646, 120, 0, 0, 0
8746, 130, 0, 0, 0
8846, 90, 0, 0, 0
8947, 140, 0, 0, 0
9047, 120, 0, 0, 0
9146, 111, 0, 0, 0
9246, 120, 0, 0, 0
9346, 120, 0, 0, 0
9446, 110, 0, 0, 0
9546, 120, 0, 0, 0
9646, 130, 0, 0, 0
9746, 110, 0, 0, 0
9846, 100, 0, 0, 0
9946, 120, 0, 0, 0
10046, 110, 0, 0, 0
10146, 110, 0, 0, 0
10246, 110, 0, 0, 0
10346, 120, 0, 0, 0
10446, 110, 0, 0, 0
10546, 120, 0, 0, 0
10647, 110, 0, 0, 0
10747, 120, 0, 0, 0
10847, 120, 0, 0, 0
10947, 120, 0, 0, 0
11047, 110, 0, 0, 0
11146, 111, 0, 0, 0
11246, 100, 0, 0, 0
11346, 80, 0, 0, 0
11446, 110, 0, 0, 0
11546, 110, 0, 0, 0
11646, 120, 0, 0, 0
11746, 120, 0, 0, 0
11846, 110, 0, 0, 0
11946, 90, 0, 0, 0
12046, 120, 0, 0, 0
12146, 110, 0, 0, 0
12246, 110, 0, 0, 0
12346, 120, 0, 0, 0
12446, 100, 0, 0, 0
12547, 110, 0, 0, 0
12646, 111, 0, 0, 0
12746, 100, 0, 0, 0
12846, 100, 0, 0, 0
12946, 130, 0, 0, 0
13046, 110, 0, 0, 0
13146, 120, 0, 0, 0
13246, 110, 0, 0, 0
13346, 110, 0, 0, 0
13446, 120, 0, 0, 0
13546, 110, 0, 0, 0
13646, 110, 0, 0, 0
13746, 100, 0, 0, 0
13846, 110, 0, 0, 0
13946, 120, 0, 0, 0
14046, 120, 0, 0, 0
14146, 120, 0, 0, 0
14246, 100, 0, 0, 0
14346, 120, 0, 0, 0
14447, 120, 0, 0, 0
14547, 110, 0, 0, 0
14646, 131, 0, 0, 0
14746, 120, 0, 0, 0
14846, 120, 0, 0, 0
14946, 110, 0, 0, 0
15046, 120, 0, 0, 0
15146, 110, 0, 0, 0
15246, 110, 0, 0, 0
15346, 130, 0, 0, 0
15446, 120, 0, 0, 0
15546, 110, 0, 0, 0
15646, 110, 0, 0, 0
15746, 120, 0, 0, 0
15846, 100, 0, 0, 0
15946, 130, 0, 0, 0
16046, 120, 0, 0, 0
16147, 120, 0, 0, 0
16247, 120, 0, 0, 0
16347, 130, 0, 0, 0
16447, 120, 0, 0, 0
16547, 130, 0, 0, 0
16646, 111, 0, 0, 0
16746, 120, 0, 0, 0
16846, 130, 0, 0, 0
16946, 110, 0, 0, 0
17046, 130, 0, 0, 0
17146, 130, 0, 0, 0
17246, 100, 0, 0, 0
17346, 100, 0, 0, 0
17446, 100, 0, 0, 0
17546, 110, 0, 0, 0
17646, 120, 0, 0, 0
17746, 110, 0, 0, 0
17846, 100, 0, 0, 0
17947, 100, 0, 0, 0
18047, 100, 0, 0, 0
18146, 111, 0, 0, 0
18246, 110, 0, 0, 0
18346, 110, 0, 0, 0
18446, 100, 0, 0, 0
18546, 110, 0, 0, 0
18646, 110, 0, 0, 0
18746, 100, 0, 0, 0
18846, 110, 0, 0, 0
18946, 110, 0, 0, 0
19046, 70, 0, 0, 0
19146, 100, 0, 0, 0
19246, 100, 0, 0, 0
19346, 110, 0, 0, 0
19446, 90, 0, 0, 0
19546, 110, 0, 0, 0
19646, 100, 0, 0, 0
19746, 100, 0, 0, 0
19847, 110, 0, 0, 0
19947, 110, 0, 0, 0
20047, 110, 0, 0, 0
20146, 101, 0, 0, 0
20246, 90, 0, 0, 0
20346, 110, 0, 0, 0
20446, 90, 0, 0, 0
20546, 120, 0, 0, 0
20646, 90, 0, 0, 0
20746, 100, 0, 0, 0
20846, 90, 0, 0, 0
20946, 90, 0, 0, 0
21046, 120, 0, 0, 0
21146, 110, 0, 0, 0
21246, 90, 0, 0, 0
21346, 100, 0, 0, 0
21446, 100, 0, 0, 0
21546, 120, 0, 0, 0
21647, 90, 0, 0, 0
21747, 110, 0, 0, 0
21847, 120, 0, 0, 0
21947, 110, 0, 0, 0
22047, 110, 0, 0, 0
22146, 111, 0, 0, 0
22246, 110, 0, 0, 0
22346, 120, 0, 0, 0
22446, 100, 0, 0, 0
22546, 120, 0, 0, 0
22646, 130, 0, 0, 0
22746, 110, 0, 0, 0
22846, 110, 0, 0, 0
22946, 120, 0, 0, 0
23046, 130, 0, 0, 0
23146, 110, 0, 0, 0
23246, 110, 0, 0, 0
23346, 120, 0, 0, 0
23447, 120, 0, 0, 0
23547, 120, 0, 0, 0
23646, 121, 0, 0, 0
23746, 110, 0, 0, 0
23846, 120, 0, 0, 0
23946, 110, 0, 0, 0
24046, 110, 0, 0, 0
24146, 120, 0, 0, 0
24246, 120, 0, 0, 0
24346, 110, 0, 0, 0
24446, 110, 0, 0, 0
24546, 110, 0, 0, 0
24646, 120, 0, 0, 0
24746, 130, 0, 0, 0
24846, 110, 0, 0, 0
24946, 110, 0, 0, 0
25046, 110, 0, 0, 0
25146, 110, 0, 0, 0
25247, 110, 0, 0, 0
25347, 110, 0, 0, 0
25447, 110, 0, 0, 0
25547, 120, 0, 0, 0
25646, 121, 0, 0, 0
25746, 110, 0, 0, 0
25846, 130, 0, 0, 0
25946, 110, 0, 0, 0
26046, 110, 0, 0, 0
26146, 100, 0, 0, 0
26246, 110, 0, 0, 0
26346, 130, 0, 0, 0
26446, 80, 0, 0, 0
26546, 120, 0, 0, 0
26646, 100, 0, 0, 0
26746, 120, 0, 0, 0
26846, 100, 0, 0, 0
26946, 110, 0, 0, 0
27046, 120, 0, 0, 0
27146, 120, 0, 0, 0
27246, 110, 0, 0, 0
27346, 120, 0, 0, 0
27447, 120, 0, 0, 0
27547, 110, 0, 0, 0
27646, 101, 0, 0, 0
27746, 110, 0, 0, 0
27846, 120, 0, 0, 0
27946, 110, 0, 0, 0
28046, 120, 0, 0, 0
28146, 110, 0, 0, 0
28246, 120, 0, 0, 0
28346, 110, 0, 0, 0
28446, 110, 0, 0, 0
28546, 120, 0, 0, 0
28646, 120, 0, 0, 0
28746, 120, 0, 0, 0
28846, 110, 0, 0, 0
28946, 130, 0, 0, 0
29046, 90, 0, 0, 0
29146, 120, 0, 0, 0
29246, 100, 0, 0, 0
29346, 120, 0, 0, 0
29446, 120, 0, 0, 0
29546, 120, 0, 0, 0
29647, 110, 0, 0, 0
29747, 110, 0, 0, 0
29847, 110, 0, 0, 0
29947, 110, 0, 0, 0
30047, 120, 0, 0, 0
30146, 111, 0, 0, 0
30246, 100, 0, 0, 0
30346, 110, 0, 0, 0
30446, 100, 0, 0, 0
30546, 110, 0, 0, 0
30646, 100, 0, 0, 0
30746, 110, 0, 0, 0
30846, 110, 0, 0, 0
30946, 120, 0, 0, 0
31046, 110, 0, 0, 0
31146, 120, 0, 0, 0
31246, 110, 0, 0, 0
31346, 130, 0, 0, 0
31446, 130, 0, 0, 0
31546, 110, 0, 0, 0
31647, 130, 0, 0, 0
31747, 120, 0, 0, 0
31847, 130, 0, 0, 0
31947, 110, 0, 0, 0
32047, 120, 0, 0, 0
32146, 111, 0, 0, 0
32246, 120, 0, 0, 0
32346, 110, 0, 0, 0
32446, 110, 0, 0, 0
32546, 120, 0, 0, 0
32646, 110, 0, 0, 0
32746, 120, 0, 0, 0
32846, 110, 0, 0, 0
32946, 120, 0, 0, 0
33046, 130, 0, 0, 0
33146, 100, 0, 0, 0
33246, 120, 0, 0, 0
33346, 120, 0, 0, 0
33446, 110, 0, 0, 0
33546, 120, 0, 0, 0
33646, 120, 0, 0, 0
33747, 120, 0, 0, 0
33847, 130, 0, 0, 0
33947, 90, 0, 0, 0
34047, 110, 0, 0, 0
34146, 111, 0, 0, 0
34246, 100, 0, 0, 0
34346, 120, 0, 0, 0
34446, 110, 0, 0, 0
34546, 110, 0, 0, 0
34646, 110, 0, 0, 0
34746, 130, 0, 0, 0
34846, 110, 0, 0, 0
34946, 120, 0, 0, 0
35046, 130, 0, 0, 0
35146, 100, 0, 0, 0
35246, 120, 0, 0, 0
35346, 110, 0, 0, 0
35446, 120, 0, 0, 0
35546, 120, 0, 0, 0
35646, 110, 0, 0, 0
35746, 120, 0, 0, 0
35847, 110, 0, 0, 0
35947, 110, 0, 0, 0
36047, 110, 0, 0, 0
36146, 101, 0, 0, 0
36246, 120, 0, 0, 0
36346, 120, 0, 0, 0
36446, 110, 0, 0, 0
36546, 120, 0, 0, 0
36646, 120, 0, 0, 0
36746, 110, 0, 0, 0
36846, 120, 0, 0, 0
36946, 110, 0, 0, 0
37046, 110, 0, 0, 0
37146, 130, 0, 0, 0
37246, 110, 0, 0, 0
37346, 110, 0, 0, 0
37446, 120, 0, 0, 0
37546, 110, 0, 0, 0
37646, 120, 0, 0, 0
37746, 110, 0, 0, 0
37846, 110, 0, 0, 0
37946, 120, 0, 0, 0
38046, 120, 0, 0, 0
38147, 110, 0, 0, 0
38247, 120, 0, 0, 0
38347, 110, 0, 0, 0
38447, 120, 0, 0, 0
38547, 120, 0, 0, 0
38646, 111, 0, 0, 0
38746, 110, 0, 0, 0
38846, 120, 0, 0, 0
38946, 120, 0, 0, 0
39046, 70, 0, 0, 0
39146, 110, 0, 0, 0
39246, 120, 0, 0, 0
39346, 110, 0, 0, 0
39446, 110, 0, 0, 0
39546, 110, 0, 0, 0
39646, 120, 0, 0, 0
39746, 110, 0, 0, 0
39846, 130, 0, 0, 0
39947, 120, 0, 0, 0
40047, 120, 0, 0, 0
40146, 131, 0, 0, 0
40246, 130, 0, 0, 0
40346, 120, 0, 0, 0
40446, 110, 0, 0, 0
40546, 120, 0, 0, 0
40646, 130, 0, 0, 0
40746, 130, 0, 0, 0
40846, 120, 0, 0, 0
40946, 120, 0, 0, 0
41046, 120, 0, 0, 0
41146, 120, 0, 0, 0
41246, 120, 0, 0, 0
41346, 130, 0, 0, 0
41446, 130, 0, 0, 0
41546, 120, 0, 0, 0
41646, 130, 0, 0, 0
41746, 110, 0, 0, 0
41847, 140, 0, 0, 0
41947, 120, 0, 0, 0
42047, 110, 0, 0, 0
42146, 131, 0, 0, 0
42246, 120, 0, 0, 0
42346, 130, 0, 0, 0
42446, 140, 0, 0, 0
42546, 130, 0, 0, 0
42646, 110, 0, 0, 0
42746, 130, 0, 0, 0
42846, 110, 0, 0, 0
42946, 130, 0, 0, 0
43046, 130, 0, 0, 0
43146, 130, 0, 0, 0
43246, 100, 0, 0, 0
43346, 110, 0, 0, 0
43446, 120, 0, 0, 0
43546, 120, 0, 0, 0
43647, 120, 0, 0, 0
43747, 110, 0, 0, 0
43847, 130, 0, 0, 0
43947, 130, 0, 0, 0
44047, 110, 0, 0, 0
44146, 121, 0, 0, 0
44246, 130, 0, 0, 0
44346, 130, 0, 0, 0
44446, 130, 0, 0, 0
44546, 130, 0, 0, 0
44646, 130, 0, 0, 0
44746, 120, 0, 0, 0
44846, 120, 0, 0, 0
44946, 130, 0, 0, 0
45046, 110, 0, 0, 0
45146, 140, 0, 0, 0
45246, 130, 0, 0, 0
45346, 130, 0, 0, 0
45446, 130, 0, 0, 0
45546, 120, 0, 0, 0
45647, 130, 0, 0, 0
45747, 120, 0, 0, 0
45847, 130, 0, 0, 0
45947, 110, 0, 0, 0
46047, 140, 0, 0, 0
46146, 131, 0, 0, 0
46246, 120, 0, 0, 0
46346, 80, 0, 0, 0
46446, 130, 0, 0, 0
46546, 120, 0, 0, 0
46646, 120, 0, 0, 0
46746, 110, 0, 0, 0
46846, 120, 0, 0, 0
46946, 120, 0, 0, 0
47046, 130, 0, 0, 0
47146, 120, 0, 0, 0
47246, 90, 0, 0, 0
47346, 110, 0, 0, 0
47446, 120, 0, 0, 0
47546, 120, 0, 0, 0
47647, 130, 0, 0, 0
47747, 120, 0, 0, 0
47847, 120, 0, 0, 0
47947, 110, 0, 0, 0
48047, 110, 0, 0, 0
48146, 121, 0, 0, 0
48246, 110, 0, 0, 0
48346, 140, 0, 0, 0
48446, 120, 0, 0, 0
48546, 120, 0, 0, 0
48646, 120, 0, 0, 0
48746, 110, 0, 0, 0
48846, 130, 0, 0, 0
48946, 120, 0, 0, 0
49046, 90, 0, 0, 0
49146, 100, 0, 0, 0
49246, 100, 0, 0, 0
49346, 110, 0, 0, 0
49446, 120, 0, 0, 0
49546, 100, 0, 0, 0
49646, 120, 0, 0, 0
49746, 110, 0, 0, 0
49846, 100, 0, 0, 0
49947, 110, 0, 0, 0
50047, 100, 0, 0, 0
50146, 111, 0, 0, 0
50246, 110, 0, 0, 0
50346, 110, 0, 0, 0
50446, 90, 0, 0, 0
50546, 120, 0, 0, 0
50646, 100, 0, 0, 0
50746, 100, 0, 0, 0
50846, 110, 0, 0, 0
50946, 110, 0, 0, 0
51046, 110, 0, 0, 0
51146, 100, 0, 0, 0
51246, 90, 0, 0, 0
51346, 110, 0, 0, 0
51446, 120, 0, 0, 0
51546, 100, 0, 0, 0
51646, 110, 0, 0, 0
51746, 110, 0, 0, 0
51846, 90, 0, 0, 0
51946, 120, 0, 0, 0
52046, 90, 0, 0, 0
52146, 120, 0, 0, 0
52246, 100, 0, 0, 0
52346, 110, 0, 0, 0
52447, 120, 0, 0, 0
52547, 110, 0, 0, 0
52646, 101, 0, 0, 0
52746, 110, 0, 0, 0
52846, 110, 0, 0, 0
52946, 110, 0, 0, 0
53046, 120, 0, 0, 0
53146, 100, 0, 0, 0
53246, 130, 0, 0, 0
53346, 120, 0, 0, 0
53446, 130, 0, 0, 0
53546, 110, 0, 0, 0
53646, 130, 0, 0, 0
53746, 120, 0, 0, 0
53846, 110, 0, 0, 0
53946, 120, 0, 0, 0
54046, 130, 0, 0, 0
54146, 100, 0, 0, 0
54246, 130, 0, 0, 0
54346, 130, 0, 0, 0
54446, 140, 0, 0, 0
54546, 120, 0, 0, 0
54646, 120, 0, 0, 0
54746, 110, 0, 0, 0
54847, 120, 0, 0, 0
54947, 130, 0, 0, 0
55047, 130, 0, 0, 0
55146, 111, 0, 0, 0
55246, 130, 0, 0, 0
55346, 120, 0, 0, 0
55446, 120, 0, 0, 0
55546, 110, 0, 0, 0
55646, 120, 0, 0, 0
55746, 120, 0, 0, 0
55846, 130, 0, 0, 0
55946, 130, 0, 0, 0
56046, 120, 0, 0, 0
56146, 140, 0, 0, 0
56246, 120, 0, 0, 0
56346, 130, 0, 0, 0
56446, 120, 0, 0, 0
56546, 120, 0, 0, 0
56646, 130, 0, 0, 0
56746, 130, 0, 0, 0
56846, 130, 0, 0, 0
56946, 110, 0, 0, 0
57046, 120, 0, 0, 0
57146, 120, 0, 0, 0
57247, 110, 0, 0, 0
57347, 120, 0, 0, 0
57447, 120, 0, 0, 0
57547, 80, 0, 0, 0
57646, 111, 0, 0, 0
57746, 100, 0, 0, 0
57846, 130, 0, 0, 0
57946, 120, 0, 0, 0
58046, 110, 0, 0, 0
58146, 100, 0, 0, 0
58246, 120, 0, 0, 0
58346, 120, 0, 0, 0
58446, 110, 0, 0, 0
58546, 120, 0, 0, 0
58646, 110, 0, 0, 0
58746, 120, 0, 0, 0
58846, 120, 0, 0, 0
58946, 110, 0, 0, 0
59046, 130, 0, 0, 0
59146, 100, 0, 0, 0
59246, 110, 0, 0, 0
59346, 120, 0, 0, 0
59446, 130, 0, 0, 0
59546, 120, 0, 0, 0
59647, 110, 0, 0, 0
59747, 110, 0, 0, 0
59847, 100, 0, 0, 0
59947, 130, 0, 0, 0
60047, 130, 0, 0, 0
60146, 111, 0, 0, 0
60246, 100, 0, 0, 0
60346, 120, 0, 0, 0
60446, 120, 0, 0, 0
60546, 110, 0, 0, 0
60646, 100, 0, 0, 0
60746, 110, 0, 0, 0
60846, 120, 0, 0, 0
60946, 120, 0, 0, 0
61046, 120, 0, 0, 0
61146, 110, 0, 0, 0
61246, 120, 0, 0, 0
61346, 100, 0, 0, 0
61446, 110, 0, 0, 0
61546, 120, 0, 0, 0
61646, 100, 0, 0, 0
61746, 110, 0, 0, 0
61846, 110, 0, 0, 0
61947, 120, 0, 0, 0
62047, 130, 0, 0, 0
62146, 111, 0, 0, 0
62246, 110, 0, 0, 0
62346, 110, 0, 0, 0
62446, 120, 0, 0, 0
62546, 120, 0, 0, 0
62646, 130, 0, 0, 0
62746, 120, 0, 0, 0
62846, 110, 0, 0, 0
62946, 120, 0, 0, 0
63046, 90, 0, 0, 0
63146, 120, 0, 0, 0
63246, 120, 0, 0, 0
63346, 120, 0, 0, 0
63446, 120, 0, 0, 0
63546, 120, 0, 0, 0
63646, 130, 0, 0, 0
63746, 110, 0, 0, 0
63846, 110, 0, 0, 0
63946, 130, 0, 0, 0
64046, 110, 0, 0, 0
64146, 110, 0, 0, 0
64246, 130, 0, 0, 0
64346, 90, 0, 0, 0
64447, 130, 0, 0, 0
64547, 120, 0, 0, 0
64646, 111, 0, 0, 0
64746, 120, 0, 0, 0
64846, 100, 0, 0, 0
64946, 130, 0, 0, 0
65046, 120, 0, 0, 0
65146, 130, 0, 0, 0
65246, 110, 0, 0, 0
65346, 100, 0, 0, 0
65446, 100, 0, 0, 0
65546, 130, 0, 0, 0
65646, 110, 0, 0, 0
65746, 110, 0, 0, 0
65846, 120, 0, 0, 0
65946, 120, 0, 0, 0
66046, 100, 0, 0, 0
66146, 120, 0, 0, 0
66246, 120, 0, 0, 0
66346, 110, 0, 0, 0
66446, 120, 0, 0, 0
66546, 100, 0, 0, 0
66647, 120, 0, 0, 0
66747, 120, 0, 0, 0
66847, 110, 0, 0, 0
66947, 100, 0, 0, 0
67047, 100, 0, 0, 0
67146, 131, 0, 0, 0
67246, 120, 0, 0, 0
67346, 100, 0, 0, 0
67446, 110, 0, 0, 0
67546, 80, 0, 0, 0
67646, 110, 0, 0, 0
67746, 100, 0, 0, 0
67846, 110, 0, 0, 0
67946, 120, 0, 0, 0
68046, 110, 0, 0, 0
68146, 100, 0, 0, 0
68246, 120, 0, 0, 0
68346, 100, 0, 0, 0
68446, 110, 0, 0, 0
68546, 120, 0, 0, 0
68646, 110, 0, 0, 0
68746, 100, 0, 0, 0
68846, 110, 0, 0, 0
68947, 100, 0, 0, 0
69047, 110, 0, 0, 0
69146, 121, 0, 0, 0
69246, 120, 0, 0, 0
69346, 110, 0, 0, 0
69446, 130, 0, 0, 0
69546, 120, 0, 0, 0
69646, 100, 0, 0, 0
69746, 130, 0, 0, 0
69846, 100, 0, 0, 0
69946, 130, 0, 0, 0
70046, 120, 0, 0, 0
70146, 130, 0, 0, 0
70246, 120, 0, 0, 0
70346, 110, 0, 0, 0
70446, 120, 0, 0, 0
70546, 110, 0, 0, 0
70646, 120, 0, 0, 0
70746, 130, 0, 0, 0
70846, 120, 0, 0, 0
70946, 110, 0, 0, 0
71046, 110, 0, 0, 0
71147, 130, 0, 0, 0
71247, 120, 0, 0, 0
71347, 130, 0, 0, 0
71447, 110, 0, 0, 0
71547, 130, 0, 0, 0
71646, 131, 0, 0, 0
71746, 130, 0, 0, 0
71846, 120, 0, 0, 0
71946, 140, 0, 0, 0
72046, 130, 0, 0, 0
72146, 120, 0, 0, 0
72246, 120, 0, 0, 0
72346, 120, 0, 0, 0
72446, 130, 0, 0, 0
72546, 130, 0, 0, 0
72646, 110, 0, 0, 0
72746, 110, 0, 0, 0
72846, 130, 0, 0, 0
72946, 120, 0, 0, 0
73046, 110, 0, 0, 0
73146, 120, 0, 0, 0
73246, 110, 0, 0, 0
73346, 110, 0, 0, 0
73446, 120, 0, 0, 0
73547, 110, 0, 0, 0
73647, 110, 0, 0, 0
73747, 120, 0, 0, 0
73847, 100, 0, 0, 0
73947, 110, 0, 0, 0
74047, 120, 0, 0, 0
74146, 111, 0, 0, 0
74246, 110, 0, 0, 0
74346, 70, 0, 0, 0
74446, 120, 0, 0, 0
74546, 110, 0, 0, 0
74646, 110, 0, 0, 0
74746, 130, 0, 0, 0
74846, 110, 0, 0, 0
74946, 110, 0, 0, 0
75046, 120, 0, 0, 0
75146, 100, 0, 0, 0
75246, 110, 0, 0, 0
75346, 120, 0, 0, 0
75446, 110, 0, 0, 0
75546, 110, 0, 0, 0
75646, 110, 0, 0, 0
75746, 120, 0, 0, 0
75846, 110, 0, 0, 0
75947, 130, 0, 0, 0
76047, 120, 0, 0, 0
76146, 111, 0, 0, 0
76246, 120, 0, 0, 0
76346, 120, 0, 0, 0
76446, 120, 0, 0, 0
76546, 110, 0, 0, 0
76646, 120, 0, 0, 0
76746, 110, 0, 0, 0
76846, 130, 0, 0, 0
76946, 120, 0, 0, 0
77046, 120, 0, 0, 0
77146, 110, 0, 0, 0
77246, 110, 0, 0, 0
77346, 120, 0, 0, 0
77446, 120, 0, 0, 0
77546, 110, 0, 0, 0
77646, 130, 0, 0, 0
77746, 100, 0, 0, 0
77846, 120, 0, 0, 0
77946, 120, 0, 0, 0
78046, 110, 0, 0, 0
78146, 110, 0, 0, 0
78246, 120, 0, 0, 0
78347, 120, 0, 0, 0
78447, 130, 0, 0, 0
78547, 110, 0, 0, 0
78646, 121, 0, 0, 0
78746, 110, 0, 0, 0
78846, 110, 0, 0, 0
78946, 120, 0, 0, 0
79046, 120, 0, 0, 0
79146, 100, 0, 0, 0
79246, 120, 0, 0, 0
79346, 100, 0, 0, 0
79446, 130, 0, 0, 0
79546, 120, 0, 0, 0
79646, 110, 0, 0, 0
79746, 110, 0, 0, 0
79846, 130, 0, 0, 0
79946, 130, 0, 0, 0
80046, 120, 0, 0, 0
80146, 120, 0, 0, 0
80246, 130, 0, 0, 0
80346, 130, 0, 0, 0
80446, 110, 0, 0, 0
80546, 100, 0, 0, 0
80647, 100, 0, 0, 0
80747, 120, 0, 0, 0
80847, 90, 0, 0, 0
80947, 90, 0, 0, 0
81047, 110, 0, 0, 0
81146, 101, 0, 0, 0
81246, 110, 0, 0, 0
81346, 110, 0, 0, 0
81446, 90, 0, 0, 0
81546, 110, 0, 0, 0
81646, 100, 0, 0, 0
81746, 100, 0, 0, 0
81846, 110, 0, 0, 0
81946, 100, 0, 0, 0
82046, 100, 0, 0, 0
82146, 110, 0, 0, 0
82246, 90, 0, 0, 0
82346, 120, 0, 0, 0
82446, 100, 0, 0, 0
82546, 100, 0, 0, 0
82646, 100, 0, 0, 0
82746, 100, 0, 0, 0
82846, 100, 0, 0, 0
82946, 90, 0, 0, 0
83046, 100, 0, 0, 0
83147, 100, 0, 0, 0
83247, 100, 0, 0, 0
83347, 110, 0, 0, 0
83447, 110, 0, 0, 0
83547, 110, 0, 0, 0
83646, 90, 0, 0, 0
83746, 90, 0, 0, 0
83846, 100, 0, 0, 0
83946, 110, 0, 0, 0
84046, 90, 0, 0, 0
84146, 90, 0, 0, 0
84246, 100, 0, 0, 0
84346, 80, 0, 0, 0
84446, 100, 0, 0, 0
84546, 100, 0, 0, 0
84646, 100, 0, 0, 0
84746, 110, 0, 0, 0
84846, 110, 0, 0, 0
84946, 100, 0, 0, 0
85046, 110, 0, 0, 0
85146, 140, 0, 0, 0
85246, 120, 0, 0, 0
85346, 130, 0, 0, 0
85446, 130, 0, 0, 0
85547, 140, 0, 0, 0
85647, 110, 0, 0, 0
85747, 130, 0, 0, 0
85847, 110, 0, 0, 0
85947, 100, 0, 0, 0
86047, 120, 0, 0, 0
86146, 131, 0, 0, 0
86246, 130, 0, 0, 0
86346, 110, 0, 0, 0
86446, 120, 0, 0, 0
86546, 130, 0, 0, 0
86646, 120, 0, 0, 0
86746, 130, 0, 0, 0
86846, 110, 0, 0, 0
86946, 130, 0, 0, 0
87046, 130, 0, 0, 0
87146, 120, 0, 0, 0
87246, 120, 0, 0, 0
87346, 130, 0, 0, 0
87446, 110, 0, 0, 0
87546, 130, 0, 0, 0
87646, 120, 0, 0, 0
87746, 130, 0, 0, 0
87846, 120, 0, 0, 0
87947, 120, 0, 0, 0
88047, 80, 0, 0, 0
88147, 120, 0, 0, 0
88247, 110, 0, 0, 0
88347, 120, 0, 0, 0
88447, 110, 0, 0, 0
88547, 120, 0, 0, 0
88646, 121, 0, 0, 0
88746, 110, 0, 0, 0
88846, 120, 0, 0, 0
88946, 120, 0, 0, 0
89046, 120, 0, 0, 0
89146, 130, 0, 0, 0
89246, 120, 0, 0, 0
89346, 110, 0, 0, 0
89446, 140, 0, 0, 0
89546, 110, 0, 0, 0
89646, 120, 0, 0, 0
89746, 130, 0, 0, 0
89846, 110, 0, 0, 0
89946, 120, 0, 0, 0
90046, 120, 0, 0, 0
90146, 120, 0, 0, 0
90246, 110, 0, 0, 0
90346, 130, 0, 0, 0
90447, 130, 0, 0, 0
90547, 120, 0, 0, 0
90647, 120, 0, 0, 0
90747, 120, 0, 0, 0
90847, 120, 0, 0, 0
90947, 120, 0, 0, 0
91047, 120, 0, 0, 0
91146, 111, 0, 0, 0
91246, 110, 0, 0, 0
91346, 120, 0, 0, 0
91446, 100, 0, 0, 0
91546, 120, 0, 0, 0
91646, 110, 0, 0, 0
91746, 110, 0, 0, 0
91846, 100, 0, 0, 0
91946, 110, 0, 0, 0
92046, 120, 0, 0, 0
92146, 110, 0, 0, 0
92246, 110, 0, 0, 0
92346, 120, 0, 0, 0
92446, 110, 0, 0, 0
92546, 120, 0, 0, 0
92646, 120, 0, 0, 0
92746, 120, 0, 0, 0
92847, 100, 0, 0, 0
92947, 120, 0, 0, 0
93047, 110, 0, 0, 0
93146, 90, 0, 0, 0
93246, 120, 0, 0, 0
93346, 100, 0, 0, 0
93446, 120, 0, 0, 0
93546, 110, 0, 0, 0
93646, 120, 0, 0, 0
93746, 110, 0, 0, 0
93846, 120, 0, 0, 0
93946, 120, 0, 0, 0
94046, 120, 0, 0, 0
94146, 130, 0, 0, 0
94246, 100, 0, 0, 0
94346, 110, 0, 0, 0
94446, 100, 0, 0, 0
94546, 120, 0, 0, 0
94646, 90, 0, 0, 0
94746, 130, 0, 0, 0
94846, 110, 0, 0, 0
94946, 110, 0, 0, 0
95046, 120, 0, 0, 0
95146, 90, 0, 0, 0
95247, 110, 0, 0, 0
95347, 120, 0, 0, 0
95447, 120, 0, 0, 0
95547, 120, 0, 0, 0
95646, 111, 0, 0, 0
95746, 130, 0, 0, 0
95846, 110, 0, 0, 0
95946, 120, 0, 0, 0
96046, 110, 0, 0, 0
96146, 130, 0, 0, 0
96246, 100, 0, 0, 0
96346, 120, 0, 0, 0
96446, 120, 0, 0, 0
96546, 120, 0, 0, 0
96646, 130, 0, 0, 0
96746, 120, 0, 0, 0
96846, 120, 0, 0, 0
96946, 130, 0, 0, 0
97046, 110, 0, 0, 0
97146, 100, 0, 0, 0
97246, 110, 0, 0, 0
97346, 110, 0, 0, 0
97446, 120, 0, 0, 0
97546, 120, 0, 0, 0
97647, 80, 0, 0, 0
97747, 120, 0, 0, 0
97847, 120, 0, 0, 0
97947, 110, 0, 0, 0
98047, 110, 0, 0, 0
98146, 121, 0, 0, 0
98246, 110, 0, 0, 0
98346, 100, 0, 0, 0
98446, 120, 0, 0, 0
98546, 130, 0, 0, 0
98646, 120, 0, 0, 0
98746, 120, 0, 0, 0
98846, 90, 0, 0, 0
98946, 130, 0, 0, 0
99046, 120, 0, 0, 0
99146, 120, 0, 0, 0
99246, 120, 0, 0, 0
99346, 90, 0, 0, 0
99446, 110, 0, 0, 0
99546, 120, 0, 0, 0
99646, 110, 0, 0, 0
99746, 110, 0, 0, 0
99846, 130, 0, 0, 0
99946, 120, 0, 0, 0
100047, 110, 0, 0, 0
100147, 120, 0, 0, 0
100247, 130, 0, 0, 0
100347, 110, 0, 0, 0
100447, 120, 0, 0, 0
100547, 130, 0, 0, 0
100646, 121, 0, 0, 0
100746, 130, 0, 0, 0
100846, 120, 0, 0, 0
100946, 110, 0, 0, 0
101046, 120, 0, 0, 0
101146, 130, 0, 0, 0
101246, 120, 0, 0, 0
101346, 120, 0, 0, 0
101446, 130, 0, 0, 0
101546, 130, 0, 0, 0
101646, 120, 0, 0, 0
101746, 130, 0, 0, 0
101846, 90, 0, 0, 0
101946, 110, 0, 0, 0
102046, 120, 0, 0, 0
102146, 110, 0, 0, 0
102246, 130, 0, 0, 0
102346, 110, 0, 0, 0
102447, 110, 0, 0, 0
102547, 120, 0, 0, 0
102646, 111, 0, 0, 0
102746, 110, 0, 0, 0
102846, 130, 0, 0, 0
102946, 110, 0, 0, 0
103046, 110, 0, 0, 0
103146, 110, 0, 0, 0
103246, 120, 0, 0, 0
103346, 120, 0, 0, 0
103446, 110, 0, 0, 0
103546, 110, 0, 0, 0
103646, 110, 0, 0, 0
103746, 120, 0, 0, 0
103846, 120, 0, 0, 0
103946, 100, 0, 0, 0
104046, 120, 0, 0, 0
104146, 110, 0, 0, 0
104246, 120, 0, 0, 0
104346, 110, 0, 0, 0
104446, 130, 0, 0, 0
104546, 90, 0, 0, 0
104646, 120, 0, 0, 0
104747, 100, 0, 0, 0
104847, 120, 0, 0, 0
104947, 120, 0, 0, 0
105047, 110, 0, 0, 0
105146, 101, 0, 0, 0
105246, 110, 0, 0, 0
105346, 120, 0, 0, 0
105446, 120, 0, 0, 0
105546, 130, 0, 0, 0
105646, 120, 0, 0, 0
105746, 130, 0, 0, 0
105846, 120, 0, 0, 0
105946, 110, 0, 0, 0
106046, 130, 0, 0, 0
106146, 110, 0, 0, 0
106246, 130, 0, 0, 0
106346, 130, 0, 0, 0
106446, 120, 0, 0, 0
106546, 120, 0, 0, 0
106646, 120, 0, 0, 0
106746, 110, 0, 0, 0
106846, 130, 0, 0, 0
106946, 130, 0, 0, 0
107047, 120, 0, 0, 0
107147, 130, 0, 0, 0
107247, 100, 0, 0, 0
107347, 110, 0, 0, 0
107447, 110, 0, 0, 0
107547, 130, 0, 0, 0
107646, 131, 0, 0, 0
107746, 110, 0, 0, 0
107846, 130, 0, 0, 0
107946, 120, 0, 0, 0
108046, 110, 0, 0, 0
108146, 120, 0, 0, 0
108246, 120, 0, 0, 0
108346, 110, 0, 0, 0
108446, 70, 0, 0, 0
108546, 110, 0, 0, 0
108646, 100, 0, 0, 0
108746, 90, 0, 0, 0
108846, 90, 0, 0, 0
108946, 130, 0, 0, 0
109046, 120, 0, 0, 0
109146, 120, 0, 0, 0
109246, 110, 0, 0, 0
109346, 100, 0, 0, 0
109447, 120, 0, 0, 0
109547, 110, 0, 0, 0
109646, 111, 0, 0, 0
109746, 100, 0, 0, 0
109846, 100, 0, 0, 0
109946, 130, 0, 0, 0
110046, 100, 0, 0, 0
110146, 110, 0, 0, 0
110246, 100, 0, 0, 0
110346, 120, 0, 0, 0
110446, 120, 0, 0, 0
110546, 100, 0, 0, 0
110646, 110, 0, 0, 0
110746, 100, 0, 0, 0
110846, 120, 0, 0, 0
110946, 90, 0, 0, 0
111046, 90, 0, 0, 0
111146, 100, 0, 0, 0
111246, 90, 0, 0, 0
111346, 110, 0, 0, 0
111446, 100, 0, 0, 0
111546, 120, 0, 0, 0
111646, 100, 0, 0, 0
111746, 110, 0, 0, 0
111847, 100, 0, 0, 0
111947, 110, 0, 0, 0
112047, 110, 0, 0, 0
112146, 111, 0, 0, 0
112246, 100, 0, 0, 0
112346, 120, 0, 0, 0
112446, 120, 0, 0, 0
112546, 110, 0, 0, 0
112646, 110, 0, 0, 0
112746, 110, 0, 0, 0
112846, 120, 0, 0, 0
112946, 130, 0, 0, 0
113046, 130, 0, 0, 0
113146, 120, 0, 0, 0
113246, 120, 0, 0, 0
113346, 130, 0, 0, 0
113446, 120, 0, 0, 0
113546, 120, 0, 0, 0
113646, 130, 0, 0, 0
113746, 120, 0, 0, 0
113846, 120, 0, 0, 0
113946, 130, 0, 0, 0
114046, 120, 0, 0, 0
114147, 110, 0, 0, 0
114247, 130, 0, 0, 0
114347, 130, 0, 0, 0
114447, 120, 0, 0, 0
114547, 80, 0, 0, 0
114646, 121, 0, 0, 0
114746, 110, 0, 0, 0
114846, 130, 0, 0, 0
114946, 120, 0, 0, 0
115046, 110, 0, 0, 0
115146, 140, 0, 0, 0
115246, 120, 0, 0, 0
115346, 100, 0, 0, 0
115446, 120, 0, 0, 0
115546, 120, 0, 0, 0
115646, 130, 0, 0, 0
115746, 120, 0, 0, 0
115846, 120, 0, 0, 0
115946, 120, 0, 0, 0
116046, 130, 0, 0, 0
116146, 130, 0, 0, 0
116246, 130, 0, 0, 0
116346, 110, 0, 0, 0
116446, 90, 0, 0, 0
116546, 110, 0, 0, 0
116647, 120, 0, 0, 0
116747, 130, 0, 0, 0
116847, 120, 0, 0, 0
116947, 120, 0, 0, 0
117047, 120, 0, 0, 0
117146, 121, 0, 0, 0
117246, 110, 0, 0, 0
117346, 120, 0, 0, 0
117446, 110, 0, 0, 0
117546, 120, 0, 0, 0
117646, 110, 0, 0, 0
117746, 120, 0, 0, 0
117846, 130, 0, 0, 0
117946, 110, 0, 0, 0
118046, 130, 0, 0, 0
118146, 120, 0, 0, 0
118246, 110, 0, 0, 0
118346, 120, 0, 0, 0
118446, 120, 0, 0, 0
118546, 120, 0, 0, 0
118646, 130, 0, 0, 0
118746, 120, 0, 0, 0
118846, 120, 0, 0, 0
118946, 130, 0, 0, 0
119046, 110, 0, 0, 0
119147, 70, 0, 0, 0
119247, 130, 0, 0, 0
119347, 110, 0, 0, 0
119447, 120, 0, 0, 0
119547, 100, 0, 0, 0
119646, 121, 0, 0, 0
119746, 110, 0, 0, 0
119846, 130, 0, 0, 0
119946, 120, 0, 0, 0
120046, 130, 0, 0, 0
120146, 100, 0, 0, 0
120246, 100, 0, 0, 0
120346, 120, 0, 0, 0
120446, 130, 0, 0, 0
120546, 110, 0, 0, 0
120646, 130, 0, 0, 0
120746, 120, 0, 0, 0
120846, 120, 0, 0, 0
120946, 120, 0, 0, 0
121046, 140, 0, 0, 0
121146, 130, 0, 0, 0
121246, 130, 0, 0, 0
121346, 120, 0, 0, 0
121446, 120, 0, 0, 0
121546, 140, 0, 0, 0
121647, 130, 0, 0, 0
121747, 110, 0, 0, 0
121847, 120, 0, 0, 0
121947, 130, 0, 0, 0
122047, 120, 0, 0, 0
122146, 111, 0, 0, 0
122246, 130, 0, 0, 0
122346, 130, 0, 0, 0
122446, 110, 0, 0, 0
122546, 110, 0, 0, 0
122646, 130, 0, 0, 0
122746, 120, 0, 0, 0
122846, 140, 0, 0, 0
122946, 120, 0, 0, 0
123046, 130, 0, 0, 0
123146, 130, 0, 0, 0
123246, 100, 0, 0, 0
123346, 120, 0, 0, 0
123446, 120, 0, 0, 0
123546, 120, 0, 0, 0
123646, 130, 0, 0, 0
123746, 110, 0, 0, 0
123846, 120, 0, 0, 0
123946, 110, 0, 0, 0
124047, 110, 0, 0, 0
124147, 130, 0, 0, 0
124247, 110, 0, 0, 0
124347, 120, 0, 0, 0
124447, 110, 0, 0, 0
124547, 90, 0, 0, 0
124646, 121, 0, 0, 0
124746, 120, 0, 0, 0
124846, 120, 0, 0, 0
124946, 100, 0, 0, 0
125046, 130, 0, 0, 0
125146, 110, 0, 0, 0
125246, 120, 0, 0, 0
125346, 100, 0, 0, 0
125446, 100, 0, 0, 0
125546, 120, 0, 0, 0
125646, 120, 0, 0, 0
125746, 100, 0, 0, 0
125846, 100, 0, 0, 0
125946, 110, 0, 0, 0
126046, 100, 0, 0, 0
126147, 120, 0, 0, 0
126247, 110, 0, 0, 0
126347, 110, 0, 0, 0
126447, 110, 0, 0, 0
126547, 120, 0, 0, 0
126646, 121, 0, 0, 0
126746, 120, 0, 0, 0
126846, 110, 0, 0, 0
126946, 100, 0, 0, 0
127046, 120, 0, 0, 0
127146, 110, 0, 0, 0
127246, 100, 0, 0, 0
127346, 110, 0, 0, 0
127446, 110, 0, 0, 0
127546, 110, 0, 0, 0
127646, 120, 0, 0, 0
127746, 100, 0, 0, 0
127846, 120, 0, 0, 0
127946, 110, 0, 0, 0
128046, 110, 0, 0, 0
128147, 110, 0, 0, 0
128247, 100, 0, 0, 0
128347, 100, 0, 0, 0
128447, 130, 0, 0, 0
128547, 110, 0, 0, 0
128646, 111, 0, 0, 0
128746, 120, 0, 0, 0
128846, 100, 0, 0, 0
128946, 120, 0, 0, 0
129046, 120, 0, 0, 0
129146, 120, 0, 0, 0
129246, 120, 0, 0, 0
129346, 110, 0, 0, 0
129446, 110, 0, 0, 0
129546, 110, 0, 0, 0
129646, 100, 0, 0, 0
129746, 110, 0, 0, 0
129846, 130, 0, 0, 0
129946, 110, 0, 0, 0
130046, 120, 0, 0, 0
130146, 120, 0, 0, 0
130246, 130, 0, 0, 0
130346, 130, 0, 0, 0
130446, 110, 0, 0, 0
130546, 120, 0, 0, 0
130647, 110, 0, 0, 0
130747, 110, 0, 0, 0
130847, 130, 0, 0, 0
130947, 110, 0, 0, 0
131047, 120, 0, 0, 0
131146, 111, 0, 0, 0
131246, 110, 0, 0, 0
131346, 120, 0, 0, 0
131446, 120, 0, 0, 0
131546, 120, 0, 0, 0
131646, 120, 0, 0, 0
131746, 120, 0, 0, 0
131846, 110, 0, 0, 0
131946, 110, 0, 0, 0
132046, 120, 0, 0, 0
132146, 110, 0, 0, 0
132246, 110, 0, 0, 0
132346, 120, 0, 0, 0
132446, 100, 0, 0, 0
132546, 120, 0, 0, 0
132646, 110, 0, 0, 0
132746, 110, 0, 0, 0
132846, 100, 0, 0, 0
132946, 130, 0, 0, 0
133047, 120, 0, 0, 0
133147, 90, 0, 0, 0
133247, 110, 0, 0, 0
133347, 100, 0, 0, 0
133447, 110, 0, 0, 0
133547, 90, 0, 0, 0
133646, 111, 0, 0, 0
133746, 110, 0, 0, 0
133846, 110, 0, 0, 0
133946, 110, 0, 0, 0
134046, 120, 0, 0, 0
134146, 90, 0, 0, 0
134246, 100, 0, 0, 0
134346, 120, 0, 0, 0
134446, 110, 0, 0, 0
134546, 120, 0, 0, 0
134646, 120, 0, 0, 0
134746, 120, 0, 0, 0
134846, 70, 0, 0, 0
134946, 110, 0, 0, 0
135046, 100, 0, 0, 0
135146, 110, 0, 0, 0
135246, 110, 0, 0, 0
135346, 120, 0, 0, 0
135447, 110, 0, 0, 0
135547, 110, 0, 0, 0
135647, 110, 0, 0, 0
135747, 110, 0, 0, 0
135847, 100, 0, 0, 0
135947, 120, 0, 0, 0
136047, 120, 0, 0, 0
136146, 111, 0, 0, 0
136246, 110, 0, 0, 0
136346, 110, 0, 0, 0
136446, 110, 0, 0, 0
136546, 130, 0, 0, 0
136646, 110, 0, 0, 0
136746, 120, 0, 0, 0
136846, 110, 0, 0, 0
136946, 120, 0, 0, 0
137046, 100, 0, 0, 0
137146, 140, 0, 0, 0
137246, 100, 0, 0, 0
137346, 130, 0, 0, 0
137446, 120, 0, 0, 0
137546, 100, 0, 0, 0
137646, 120, 0, 0, 0
137746, 120, 0, 0, 0
137846, 110, 0, 0, 0
137947, 100, 0, 0, 0
138047, 110, 0, 0, 0
138147, 110, 0, 0, 0
138247, 120, 0, 0, 0
138347, 140, 0, 0, 0
138447, 110, 0, 0, 0
138547, 130, 0, 0, 0
138646, 121, 0, 0, 0
138746, 140, 0, 0, 0
138846, 120, 0, 0, 0
138946, 120, 0, 0, 0
139046, 130, 0, 0, 0
139146, 130, 0, 0, 0
139246, 120, 0, 0, 0
139346, 90, 0, 0, 0
139446, 130, 0, 0, 0
139546, 110, 0, 0, 0
139646, 130, 0, 0, 0
139746, 130, 0, 0, 0
139846, 120, 0, 0, 0
139946, 110, 0, 0, 0
140046, 110, 0, 0, 0
140146, 130, 0, 0, 0
140246, 120, 0, 0, 0
140346, 110, 0, 0, 0
140447, 60, 0, 0, 0
140547, 100, 0, 0, 0
140647, 110, 0, 0, 0
140747, 110, 0, 0, 0
140847, 100, 0, 0, 0
140947, 110, 0, 0, 0
141047, 110, 0, 0, 0
141146, 111, 0, 0, 0
141246, 90, 0, 0, 0
141346, 120, 0, 0, 0
141446, 110, 0, 0, 0
141546, 100, 0, 0, 0
141646, 100, 0, 0, 0
141746, 100, 0, 0, 0
141846, 100, 0, 0, 0
141946, 110, 0, 0, 0
142046, 100, 0, 0, 0
142146, 110, 0, 0, 0
142246, 100, 0, 0, 0
142346, 100, 0, 0, 0
142446, 120, 0, 0, 0
142546, 90, 0, 0, 0
142646, 120, 0, 0, 0
142746, 100, 0, 0, 0
142846, 110, 0, 0, 0
142947, 90, 0, 0, 0
143047, 100, 0, 0, 0
143147, 120, 0, 0, 0
143247, 100, 0, 0, 0
143347, 90, 0, 0, 0
143447, 120, 0, 0, 0
143547, 110, 0, 0, 0
143646, 111, 0, 0, 0
143746, 100, 0, 0, 0
143846, 90, 0, 0, 0
143946, 110, 0, 0, 0
144046, 110, 0, 0, 0
144146, 100, 0, 0, 0
144246, 100, 0, 0, 0
144346, 100, 0, 0, 0
144446, 110, 0, 0, 0
144546, 110, 0, 0, 0
144646, 100, 0, 0, 0
144746, 110, 0, 0, 0
144846, 130, 0, 0, 0
144946, 100, 0, 0, 0
145046, 100, 0, 0, 0
145146, 110, 0, 0, 0
145246, 120, 0, 0, 0
145346, 110, 0, 0, 0
145447, 110, 0, 0, 0
145547, 110, 0, 0, 0
145647, 100, 0, 0, 0
145747, 130, 0, 0, 0
145847, 110, 0, 0, 0
145947, 110, 0, 0, 0
146047, 110, 0, 0, 0
146146, 111, 0, 0, 0
146246, 110, 0, 0, 0
146346, 120, 0, 0, 0
146446, 110, 0, 0, 0
146546, 110, 0, 0, 0
146646, 120, 0, 0, 0
146746, 120, 0, 0, 0
146846, 120, 0, 0, 0
146946, 120, 0, 0, 0
147046, 100, 0, 0, 0
147146, 120, 0, 0, 0
147246, 110, 0, 0, 0
147346, 110, 0, 0, 0
147447, 120, 0, 0, 0
147547, 120, 0, 0, 0
147646, 111, 0, 0, 0
147746, 110, 0, 0, 0
147846, 120, 0, 0, 0
147946, 130, 0, 0, 0
148046, 110, 0, 0, 0
148146, 120, 0, 0, 0
148246, 100, 0, 0, 0
148346, 100, 0, 0, 0
148446, 120, 0, 0, 0
148546, 120, 0, 0, 0
148646, 130, 0, 0, 0
148746, 110, 0, 0, 0
148846, 110, 0, 0, 0
148946, 120, 0, 0, 0
149046, 120, 0, 0, 0
149146, 120, 0, 0, 0
149247, 110, 0, 0, 0
149347, 80, 0, 0, 0
149447, 120, 0, 0, 0
149547, 110, 0, 0, 0
149646, 111, 0, 0, 0
149746, 120, 0, 0, 0
149846, 120, 0, 0, 0
149946, 110, 0, 0, 0
150046, 100, 0, 0, 0
150146, 120, 0, 0, 0
150246, 120, 0, 0, 0
150346, 110, 0, 0, 0
150446, 110, 0, 0, 0
150546, 110, 0, 0, 0
150646, 120, 0, 0, 0
150746, 120, 0, 0, 0
150846, 100, 0, 0, 0
150946, 110, 0, 0, 0
151046, 120, 0, 0, 0
151147, 120, 0, 0, 0
151247, 110, 0, 0, 0
151347, 120, 0, 0, 0
151447, 110, 0, 0, 0
151547, 100, 0, 0, 0
151646, 121, 0, 0, 0
151746, 120, 0, 0, 0
151846, 110, 0, 0, 0
151946, 120, 0, 0, 0
152046, 90, 0, 0, 0
152146, 110, 0, 0, 0
152246, 120, 0, 0, 0
152346, 110, 0, 0, 0
152446, 90, 0, 0, 0
152546, 120, 0, 0, 0
152646, 110, 0, 0, 0
152746, 120, 0, 0, 0
152846, 110, 0, 0, 0
152947, 120, 0, 0, 0
153047, 100, 0, 0, 0
153147, 110, 0, 0, 0
153247, 100, 0, 0, 0
153347, 130, 0, 0, 0
153447, 130, 0, 0, 0
153547, 110, 0, 0, 0
153646, 111, 0, 0, 0
153746, 110, 0, 0, 0
153846, 120, 0, 0, 0
153946, 100, 0, 0, 0
154046, 120, 0, 0, 0
154146, 120, 0, 0, 0
154246, 110, 0, 0, 0
154346, 110, 0, 0, 0
154446, 110, 0, 0, 0
154546, 130, 0, 0, 0
154646, 120, 0, 0, 0
154746, 120, 0, 0, 0
154846, 110, 0, 0, 0
154947, 120, 0, 0, 0
155047, 110, 0, 0, 0
155146, 101, 0, 0, 0
155246, 120, 0, 0, 0
155346, 110, 0, 0, 0
155446, 100, 0, 0, 0
155546, 120, 0, 0, 0
155646, 100, 0, 0, 0
155746, 110, 0, 0, 0
155846, 110, 0, 0, 0
155946, 110, 0, 0, 0
156046, 130, 0, 0, 0
156146, 110, 0, 0, 0
156246, 120, 0, 0, 0
156346, 130, 0, 0, 0
156446, 120, 0, 0, 0
156546, 120, 0, 0, 0
156646, 120, 0, 0, 0
156747, 110, 0, 0, 0
156847, 130, 0, 0, 0
156947, 110, 0, 0, 0
157047, 120, 0, 0, 0
157146, 111, 0, 0, 0
157246, 120, 0, 0, 0
157346, 110, 0, 0, 0
157446, 130, 0, 0, 0
157546, 130, 0, 0, 0
157646, 120, 0, 0, 0
157746, 130, 0, 0, 0
157846, 120, 0, 0, 0
157946, 120, 0, 0, 0
158046, 110, 0, 0, 0
158146, 120, 0, 0, 0
158246, 110, 0, 0, 0
158346, 120, 0, 0, 0
158446, 120, 0, 0, 0
158546, 120, 0, 0, 0
158647, 120, 0, 0, 0
158747, 120, 0, 0, 0
158847, 110, 0, 0, 0
158947, 110, 0, 0, 0
159047, 110, 0, 0, 0
159146, 111, 0, 0, 0
159246, 110, 0, 0, 0
159346, 80, 0, 0, 0
159446, 120, 0, 0, 0
159546, 120, 0, 0, 0
159646, 120, 0, 0, 0
159746, 120, 0, 0, 0
159846, 110, 0, 0, 0
159946, 120, 0, 0, 0
160046, 70, 0, 0, 0
160146, 100, 0, 0, 0
160246, 110, 0, 0, 0
160346, 130, 0, 0, 0
160447, 100, 0, 0, 0
160547, 110, 0, 0, 0
160646, 111, 0, 0, 0
160746, 120, 0, 0, 0
160846, 110, 0, 0, 0
160946, 120, 0, 0, 0
161046, 130, 0, 0, 0
161146, 120, 0, 0, 0
161246, 110, 0, 0, 0
161346, 110, 0, 0, 0
161446, 110, 0, 0, 0
161546, 120, 0, 0, 0
161646, 120, 0, 0, 0
161746, 120, 0, 0, 0
161846, 110, 0, 0, 0
161946, 120, 0, 0, 0
162046, 110, 0, 0, 0
162146, 100, 0, 0, 0
162246, 120, 0, 0, 0
162346, 110, 0, 0, 0
162447, 120, 0, 0, 0
162547, 110, 0, 0, 0
162647, 110, 0, 0, 0
162747, 110, 0, 0, 0
162847, 120, 0, 0, 0
162947, 110, 0, 0, 0
163047, 110, 0, 0, 0
163146, 111, 0, 0, 0
163246, 110, 0, 0, 0
163346, 130, 0, 0, 0
163446, 110, 0, 0, 0
163546, 110, 0, 0, 0
163646, 120, 0, 0, 0
163746, 110, 0, 0, 0
163846, 110, 0, 0, 0
163946, 120, 0, 0, 0
164046, 110, 0, 0, 0
164146, 120, 0, 0, 0
164246, 110, 0, 0, 0
164346, 120, 0, 0, 0
164446, 120, 0, 0, 0
164547, 110, 0, 0, 0
164647, 110, 0, 0, 0
164747, 110, 0, 0, 0
164847, 120, 0, 0, 0
164947, 110, 0, 0, 0
165047, 110, 0, 0, 0
165146, 111, 0, 0, 0
165246, 120, 0, 0, 0
165346, 130, 0, 0, 0
165446, 120, 0, 0, 0
165546, 120, 0, 0, 0
165646, 120, 0, 0, 0
165746, 120, 0, 0, 0
165846, 140, 0, 0, 0
165946, 120, 0, 0, 0
166046, 120, 0, 0, 0
166146, 130, 0, 0, 0
166246, 130, 0, 0, 0
166346, 110, 0, 0, 0
166446, 120, 0, 0, 0
166546, 110, 0, 0, 0
166646, 110, 0, 0, 0
166747, 110, 0, 0, 0
166847, 110, 0, 0, 0
166947, 120, 0, 0, 0
167047, 120, 0, 0, 0
167146, 121, 0, 0, 0
167246, 100, 0, 0, 0
167346, 110, 0, 0, 0
167446, 110, 0, 0, 0
167546, 110, 0, 0, 0
167646, 130, 0, 0, 0
167746, 110, 0, 0, 0
167846, 120, 0, 0, 0
167946, 120, 0, 0, 0
168046, 120, 0, 0, 0
168146, 110, 0, 0, 0
168246, 130, 0, 0, 0
168346, 110, 0, 0, 0
168446, 130, 0, 0, 0
168546, 110, 0, 0, 0
168646, 110, 0, 0, 0
168746, 120, 0, 0, 0
168846, 120, 0, 0, 0
168947, 100, 0, 0, 0
169047, 120, 0, 0, 0
169146, 131, 0, 0, 0
169246, 110, 0, 0, 0
169346, 120, 0, 0, 0
169446, 120, 0, 0, 0
169546, 110, 0, 0, 0
169646, 120, 0, 0, 0
169746, 140, 0, 0, 0
169846, 130, 0, 0, 0
169946, 130, 0, 0, 0
170046, 100, 0, 0, 0
170146, 130, 0, 0, 0
170246, 140, 0, 0, 0
170346, 120, 0, 0, 0
170446, 140, 0, 0, 0
170546, 120, 0, 0, 0
170646, 130, 0, 0, 0
170746, 120, 0, 0, 0
170846, 130, 0, 0, 0
170947, 130, 0, 0, 0
171047, 120, 0, 0, 0
171147, 130, 0, 0, 0
171247, 130, 0, 0, 0
171347, 140, 0, 0, 0
171447, 70, 0, 0, 0
171547, 120, 0, 0, 0
171646, 121, 0, 0, 0
171746, 120, 0, 0, 0
171846, 120, 0, 0, 0
171946, 130, 0, 0, 0
172046, 120, 0, 0, 0
172146, 130, 0, 0, 0
172246, 120, 0, 0, 0
172346, 120, 0, 0, 0
172446, 120, 0, 0, 0
172546, 120, 0, 0, 0
172646, 120, 0, 0, 0
172746, 120, 0, 0, 0
172846, 120, 0, 0, 0
172947, 110, 0, 0, 0
173047, 100, 0, 0, 0
173147, 120, 0, 0, 0
173247, 110, 0, 0, 0
173347, 110, 0, 0, 0
173447, 90, 0, 0, 0
173547, 110, 0, 0, 0
173646, 101, 0, 0, 0
173746, 110, 0, 0, 0
173846, 90, 0, 0, 0
173946, 100, 0, 0, 0
174046, 110, 0, 0, 0
174146, 80, 0, 0, 0
174246, 110, 0, 0, 0
174346, 100, 0, 0, 0
174446, 110, 0, 0, 0
174546, 110, 0, 0, 0
174646, 120, 0, 0, 0
174746, 110, 0, 0, 0
174846, 100, 0, 0, 0
174947, 90, 0, 0, 0
175047, 110, 0, 0, 0
175147, 110, 0, 0, 0
175247, 100, 0, 0, 0
175347, 110, 0, 0, 0
175447, 120, 0, 0, 0
175547, 110, 0, 0, 0
175646, 111, 0, 0, 0
175746, 90, 0, 0, 0
175846, 90, 0, 0, 0
175946, 120, 0, 0, 0
176046, 120, 0, 0, 0
176146, 100, 0, 0, 0
176246, 120, 0, 0, 0
176346, 90, 0, 0, 0
176446, 100, 0, 0, 0
176546, 110, 0, 0, 0
176646, 110, 0, 0, 0
176746, 110, 0, 0, 0
176846, 110, 0, 0, 0
176947, 110, 0, 0, 0
177047, 90, 0, 0, 0
177147, 100, 0, 0, 0
177247, 120, 0, 0, 0
177347, 120, 0, 0, 0
177447, 100, 0, 0, 0
177547, 110, 0, 0, 0
177646, 111, 0, 0, 0
177746, 120, 0, 0, 0
177846, 110, 0, 0, 0
177946, 100, 0, 0, 0
178046, 100, 0, 0, 0
178146, 120, 0, 0, 0
178246, 120, 0, 0, 0
178346, 100, 0, 0, 0
178446, 120, 0, 0, 0
178546, 130, 0, 0, 0
178646, 120, 0, 0, 0
178746, 120, 0, 0, 0
178846, 110, 0, 0, 0
178947, 100, 0, 0, 0
179047, 110, 0, 0, 0
179146, 101, 0, 0, 0
179246, 120, 0, 0, 0
179346, 110, 0, 0, 0
179446, 120, 0, 0, 0
179546, 110, 0, 0, 0
179646, 120, 0, 0, 0
179746, 110, 0, 0, 0
179846, 120, 0, 0, 0
179946, 120, 0, 0, 0
