100, 14298434, 0, 0, 0
206, 8214968, 0, 0, 0
305, 8224308, 0, 0, 0
403, 7539475, 0, 0, 0
502, 8225119, 0, 0, 0
601, 8230457, 0, 0, 0
707, 8189541, 0, 0, 0
806, 8265623, 0, 0, 0
910, 8629478, 0, 0, 0
1005, 8610351, 0, 0, 0
1103, 7540912, 0, 0, 0
1203, 9083672, 0, 0, 0
1307, 9474821, 0, 0, 0
1410, 10260613, 0, 0, 0
1503, 8531298, 0, 0, 0
1600, 8744623, 0, 0, 0
1704, 8686720, 0, 0, 0
1800, 8746875, 0, 0, 0
1905, 9507906, 0, 0, 0
2001, 8743205, 0, 0, 0
2113, 8596159, 0, 0, 0
2209, 9647243, 0, 0, 0
2305, 8741287, 0, 0, 0
2402, 9644621, 0, 0, 0
2506, 9499098, 0, 0, 0
2611, 9505171, 0, 0, 0
2707, 7989992, 0, 0, 0
2803, 7994480, 0, 0, 0
2907, 8686877, 0, 0, 0
3003, 8744616, 0, 0, 0
3107, 7954917, 0, 0, 0
3203, 8742915, 0, 0, 0
3307, 7991705, 0, 0, 0
3403, 7987975, 0, 0, 0
3506, 7992177, 0, 0, 0
3602, 7947335, 0, 0, 0
3703, 10108059, 0, 0, 0
3803, 8306535, 0, 0, 0
3909, 8881543, 0, 0, 0
4003, 8544822, 0, 0, 0
4107, 7985102, 0, 0, 0
4207, 9110901, 0, 0, 0
4300, 9249653, 0, 0, 0
4408, 9015015, 0, 0, 0
4501, 13341494, 0, 0, 0
4600, 8923508, 0, 0, 0
4702, 8574416, 0, 0, 0
4805, 8574350, 0, 0, 0
4900, 8633865, 0, 0, 0
5006, 8801690, 0, 0, 0
5103, 9648884, 0, 0, 0
5202, 9036030, 0, 0, 0
5303, 9206132, 0, 0, 0
5416, 9398408, 0, 0, 0
5503, 7870962, 0, 0, 0
5605, 8572817, 0, 0, 0
5700, 8634887, 0, 0, 0
5803, 8576008, 0, 0, 0
5906, 8572385, 0, 0, 0
6000, 8520006, 0, 0, 0
6108, 8296169, 0, 0, 0
6203, 8650614, 0, 0, 0
6301, 8169779, 0, 0, 0
6401, 9101723, 0, 0, 0
6500, 9852393, 0, 0, 0
6601, 8406725, 0, 0, 0
6703, 7841413, 0, 0, 0
6802, 8305759, 0, 0, 0
6906, 9414575, 0, 0, 0
7007, 8414494, 0, 0, 0
7105, 8173252, 0, 0, 0
7203, 8172404, 0, 0, 0
7304, 8421677, 0, 0, 0
7400, 7951271, 0, 0, 0
7513, 8745035, 0, 0, 0
7609, 8711975, 0, 0, 0
7703, 8561304, 0, 0, 0
7801, 7493136, 0, 0, 0
7903, 8511240, 0, 0, 0
8001, 7538876, 0, 0, 0
8107, 7555068, 0, 0, 0
8207, 9078330, 0, 0, 0
8306, 9039414, 0, 0, 0
8405, 8231882, 0, 0, 0
8503, 8218550, 0, 0, 0
8603, 9089644, 0, 0, 0
8702, 7541785, 0, 0, 0
8827, 9669022, 0, 0, 0
8901, 8199563, 0, 0, 0
9000, 8231096, 0, 0, 0
9111, 8548861, 0, 0, 0
9205, 7827366, 0, 0, 0
9300, 8677804, 0, 0, 0
9409, 8375070, 0, 0, 0
9506, 8766258, 0, 0, 0
9604, 8209360, 0, 0, 0
9703, 8218874, 0, 0, 0
9804, 9198376, 0, 0, 0
9901, 9658586, 0, 0, 0
10007, 8901749, 0, 0, 0
10111, 8584174, 0, 0, 0
10205, 9415802, 0, 0, 0
10304, 9006922, 0, 0, 0
10402, 8206397, 0, 0, 0
10501, 8960238, 0, 0, 0
10602, 8388999, 0, 0, 0
10706, 8725210, 0, 0, 0
10805, 8968613, 0, 0, 0
10904, 8254281, 0, 0, 0
11003, 8964782, 0, 0, 0
11101, 8961782, 0, 0, 0
11200, 8206021, 0, 0, 0
11307, 15391953, 0, 0, 0
11402, 8576968, 0, 0, 0
11509, 8932385, 0, 0, 0
11605, 8743394, 0, 0, 0
11700, 8636441, 0, 0, 0
11803, 8572481, 0, 0, 0
11901, 9817273, 0, 0, 0
12006, 9561801, 0, 0, 0
12105, 8963200, 0, 0, 0
12200, 9537425, 0, 0, 0
12303, 8569928, 0, 0, 0
12401, 8909564, 0, 0, 0
12502, 9108523, 0, 0, 0
12607, 9571245, 0, 0, 0
12708, 9212079, 0, 0, 0
12805, 8763630, 0, 0, 0
12903, 9871472, 0, 0, 0
13002, 8217369, 0, 0, 0
13104, 9309293, 0, 0, 0
13207, 8568837, 0, 0, 0
13302, 8630693, 0, 0, 0
13407, 8693485, 0, 0, 0
13500, 8494980, 0, 0, 0
13604, 9495775, 0, 0, 0
13707, 10257936, 0, 0, 0
13804, 8851104, 0, 0, 0
13905, 8375374, 0, 0, 0
14000, 8631866, 0, 0, 0
14103, 8571458, 0, 0, 0
14207, 9458402, 0, 0, 0
14300, 8447555, 0, 0, 0
14407, 8245375, 0, 0, 0
14503, 8694558, 0, 0, 0
14602, 8271169, 0, 0, 0
14707, 8787820, 0, 0, 0
14800, 8408104, 0, 0, 0
14905, 8773318, 0, 0, 0
15008, 8569603, 0, 0, 0
15101, 7787438, 0, 0, 0
15209, 9751291, 0, 0, 0
15302, 7738951, 0, 0, 0
15400, 8195632, 0, 0, 0
15512, 9341071, 0, 0, 0
15603, 8239428, 0, 0, 0
15709, 8883404, 0, 0, 0
15801, 9184399, 0, 0, 0
15900, 8995110, 0, 0, 0
16006, 8136445, 0, 0, 0
16104, 8180738, 0, 0, 0
16202, 8181928, 0, 0, 0
16300, 7488944, 0, 0, 0
16407, 8915881, 0, 0, 0
16504, 7493207, 0, 0, 0
16602, 8181865, 0, 0, 0
16701, 8183927, 0, 0, 0
16807, 8879342, 0, 0, 0
16905, 8183990, 0, 0, 0
17004, 8190769, 0, 0, 0
17102, 7525311, 0, 0, 0
17207, 8101561, 0, 0, 0
17313, 11765784, 0, 0, 0
17413, 10032884, 0, 0, 0
17502, 8866317, 0, 0, 0
17600, 8961653, 0, 0, 0
17708, 8986413, 0, 0, 0
17806, 9826824, 0, 0, 0
17906, 9039379, 0, 0, 0
18004, 9836623, 0, 0, 0
18103, 9820080, 0, 0, 0
18204, 9249210, 0, 0, 0
18300, 9526683, 0, 0, 0
18407, 8987832, 0, 0, 0
18506, 9872625, 0, 0, 0
18600, 9357266, 0, 0, 0
18700, 9112514, 0, 0, 0
18802, 9306492, 0, 0, 0
18901, 8984743, 0, 0, 0
19013, 15952476, 0, 0, 0
19105, 9169388, 0, 0, 0
19203, 9821721, 0, 0, 0
19302, 8987726, 0, 0, 0
19400, 10927528, 0, 0, 0
19507, 9674177, 0, 0, 0
19606, 9034485, 0, 0, 0
19704, 9826663, 0, 0, 0
19803, 9834018, 0, 0, 0
19902, 8994258, 0, 0, 0
20000, 8994981, 0, 0, 0
20108, 9785079, 0, 0, 0
20203, 11816607, 0, 0, 0
20304, 9210173, 0, 0, 0
20402, 10842081, 0, 0, 0
20500, 8979862, 0, 0, 0
20603, 9361895, 0, 0, 0
20716, 11297483, 0, 0, 0
20817, 10022736, 0, 0, 0
20902, 9521206, 0, 0, 0
21001, 9826691, 0, 0, 0
21113, 9331715, 0, 0, 0
21202, 9903978, 0, 0, 0
21304, 11378130, 0, 0, 0
21404, 9946683, 0, 0, 0
21505, 9262923, 0, 0, 0
21606, 10089700, 0, 0, 0
21700, 9396251, 0, 0, 0
21807, 8171957, 0, 0, 0
21906, 9927700, 0, 0, 0
22000, 8571930, 0, 0, 0
22108, 8989973, 0, 0, 0
22203, 8581741, 0, 0, 0
22301, 8991535, 0, 0, 0
22405, 9429866, 0, 0, 0
22502, 8778977, 0, 0, 0
22601, 7606639, 0, 0, 0
22709, 8990456, 0, 0, 0
22803, 8541462, 0, 0, 0
22904, 8450048, 0, 0, 0
23006, 8481276, 0, 0, 0
23102, 8736571, 0, 0, 0
23202, 9098947, 0, 0, 0
23311, 8396821, 0, 0, 0
23405, 7782715, 0, 0, 0
23506, 8480025, 0, 0, 0
23600, 9357737, 0, 0, 0
23706, 8880156, 0, 0, 0
23804, 8128056, 0, 0, 0
23900, 8761996, 0, 0, 0
24007, 8213197, 0, 0, 0
24101, 8538025, 0, 0, 0
24200, 8990673, 0, 0, 0
24306, 9600537, 0, 0, 0
24400, 8538979, 0, 0, 0
24505, 8738835, 0, 0, 0
24603, 8188050, 0, 0, 0
24705, 8482797, 0, 0, 0
24806, 8452418, 0, 0, 0
24907, 9174266, 0, 0, 0
25001, 8518141, 0, 0, 0
25105, 9511790, 0, 0, 0
25204, 9002184, 0, 0, 0
25304, 9036480, 0, 0, 0
25403, 8987654, 0, 0, 0
25504, 8406288, 0, 0, 0
25600, 8743696, 0, 0, 0
25700, 8370543, 0, 0, 0
25802, 8448662, 0, 0, 0
25905, 8610209, 0, 0, 0
26006, 9160956, 0, 0, 0
26110, 9518597, 0, 0, 0
26209, 9006529, 0, 0, 0
26304, 8569142, 0, 0, 0
26407, 10278486, 0, 0, 0
26501, 9465803, 0, 0, 0
26603, 9296515, 0, 0, 0
26704, 8352033, 0, 0, 0
26811, 9780229, 0, 0, 0
26902, 9032137, 0, 0, 0
27006, 8732114, 0, 0, 0
27106, 8331474, 0, 0, 0
27208, 9225973, 0, 0, 0
27304, 8713196, 0, 0, 0
27406, 8495768, 0, 0, 0
27500, 8593459, 0, 0, 0
27603, 9376858, 0, 0, 0
27706, 9326330, 0, 0, 0
27801, 8596536, 0, 0, 0
27900, 9074023, 0, 0, 0
28004, 8619514, 0, 0, 0
28103, 8276148, 0, 0, 0
28202, 8247187, 0, 0, 0
28304, 10147168, 0, 0, 0
28400, 8734257, 0, 0, 0
28502, 8532045, 0, 0, 0
28612, 8452907, 0, 0, 0
28706, 7839580, 0, 0, 0
28802, 8714949, 0, 0, 0
28903, 8425705, 0, 0, 0
29002, 11031968, 0, 0, 0
29102, 7650606, 0, 0, 0
29202, 9096286, 0, 0, 0
29303, 10105116, 0, 0, 0
29400, 8106966, 0, 0, 0
29503, 8530409, 0, 0, 0
29606, 9352267, 0, 0, 0
29702, 8039150, 0, 0, 0
29807, 8748395, 0, 0, 0
29905, 9839311, 0, 0, 0
30000, 8556815, 0, 0, 0
30102, 9349713, 0, 0, 0
30206, 9433295, 0, 0, 0
30300, 8510601, 0, 0, 0
30402, 10248368, 0, 0, 0
30514, 10175873, 0, 0, 0
30611, 8810572, 0, 0, 0
30700, 8875089, 0, 0, 0
30801, 9227890, 0, 0, 0
30907, 9550749, 0, 0, 0
31007, 8407908, 0, 0, 0
31108, 8356275, 0, 0, 0
31200, 9233830, 0, 0, 0
31304, 8025350, 0, 0, 0
31403, 7566722, 0, 0, 0
31511, 8992811, 0, 0, 0
31603, 7708403, 0, 0, 0
31704, 7770274, 0, 0, 0
31805, 8409255, 0, 0, 0
31904, 8939377, 0, 0, 0
32000, 8032074, 0, 0, 0
32110, 9140635, 0, 0, 0
32203, 8519840, 0, 0, 0
32304, 8400183, 0, 0, 0
32406, 9269311, 0, 0, 0
32507, 8408784, 0, 0, 0
32601, 8521708, 0, 0, 0
32702, 9217363, 0, 0, 0
32804, 8458990, 0, 0, 0
32905, 8410883, 0, 0, 0
33006, 8455757, 0, 0, 0
33100, 8515141, 0, 0, 0
33201, 8416954, 0, 0, 0
33302, 8444188, 0, 0, 0
33404, 9219954, 0, 0, 0
33505, 8453166, 0, 0, 0
33614, 9094131, 0, 0, 0
33707, 8406296, 0, 0, 0
33806, 7623575, 0, 0, 0
33908, 11409068, 0, 0, 0
34008, 9051865, 0, 0, 0
34100, 7648614, 0, 0, 0
34201, 10087045, 0, 0, 0
34301, 8340884, 0, 0, 0
34400, 8979822, 0, 0, 0
34501, 10088975, 0, 0, 0
34602, 8473615, 0, 0, 0
34702, 8289701, 0, 0, 0
34801, 8261002, 0, 0, 0
34902, 9211001, 0, 0, 0
35006, 8003639, 0, 0, 0
35102, 9575844, 0, 0, 0
35212, 8489369, 0, 0, 0
35307, 7874336, 0, 0, 0
35402, 8631190, 0, 0, 0
35505, 8571260, 0, 0, 0
35600, 8633054, 0, 0, 0
35703, 9393598, 0, 0, 0
35800, 8076492, 0, 0, 0
35905, 8747710, 0, 0, 0
36008, 10310107, 0, 0, 0
36100, 10219279, 0, 0, 0
36202, 8537195, 0, 0, 0
36307, 8059227, 0, 0, 0
36400, 8414952, 0, 0, 0
36505, 8741241, 0, 0, 0
36606, 9206328, 0, 0, 0
36701, 8633959, 0, 0, 0
36804, 8575179, 0, 0, 0
36909, 8063353, 0, 0, 0
37005, 8779920, 0, 0, 0
37104, 8990595, 0, 0, 0
37207, 8571372, 0, 0, 0
37302, 9533438, 0, 0, 0
37413, 8521615, 0, 0, 0
37500, 7871124, 0, 0, 0
37606, 8831093, 0, 0, 0
37702, 9645525, 0, 0, 0
37805, 8526240, 0, 0, 0
37912, 8941410, 0, 0, 0
38009, 8074082, 0, 0, 0
38106, 8797902, 0, 0, 0
38211, 8774936, 0, 0, 0
38301, 9047988, 0, 0, 0
38402, 8420361, 0, 0, 0
38505, 8572660, 0, 0, 0
38600, 7846125, 0, 0, 0
38708, 9000031, 0, 0, 0
38804, 8784329, 0, 0, 0
38903, 8970980, 0, 0, 0
39011, 11992373, 0, 0, 0
39101, 9042714, 0, 0, 0
39200, 8987504, 0, 0, 0
39305, 8717720, 0, 0, 0
39410, 9537725, 0, 0, 0
39509, 8245738, 0, 0, 0
39602, 9339360, 0, 0, 0
39700, 8891087, 0, 0, 0
39804, 8032838, 0, 0, 0
39901, 8028526, 0, 0, 0
40012, 8526521, 0, 0, 0
40101, 7485478, 0, 0, 0
40206, 8026635, 0, 0, 0
40302, 8023422, 0, 0, 0
40407, 8761224, 0, 0, 0
40504, 8087195, 0, 0, 0
40601, 8088629, 0, 0, 0
40706, 8043231, 0, 0, 0
40800, 7849556, 0, 0, 0
40905, 8030062, 0, 0, 0
41005, 8349221, 0, 0, 0
41103, 8904767, 0, 0, 0
41200, 8085260, 0, 0, 0
41304, 8047062, 0, 0, 0
41402, 7545552, 0, 0, 0
41505, 8512365, 0, 0, 0
41603, 7580805, 0, 0, 0
41701, 8901005, 0, 0, 0
41806, 7495823, 0, 0, 0
41900, 7853326, 0, 0, 0
42003, 8557157, 0, 0, 0
42101, 8190759, 0, 0, 0
42206, 8026622, 0, 0, 0
42304, 8176217, 0, 0, 0
42400, 7398935, 0, 0, 0
42508, 7679220, 0, 0, 0
42606, 8188924, 0, 0, 0
42704, 8176019, 0, 0, 0
42802, 8191536, 0, 0, 0
42901, 8222237, 0, 0, 0
43007, 8134405, 0, 0, 0
43104, 7499078, 0, 0, 0
43203, 8988189, 0, 0, 0
43302, 8990184, 0, 0, 0
43401, 9045979, 0, 0, 0
43500, 8178982, 0, 0, 0
43606, 8869613, 0, 0, 0
43704, 8183620, 0, 0, 0
43803, 8184842, 0, 0, 0
43900, 7501674, 0, 0, 0
44000, 9037817, 0, 0, 0
44105, 8139882, 0, 0, 0
44203, 8172877, 0, 0, 0
44301, 7493894, 0, 0, 0
44407, 8132635, 0, 0, 0
44504, 7497294, 0, 0, 0
44602, 7495410, 0, 0, 0
44700, 8183634, 0, 0, 0
44806, 8871907, 0, 0, 0
44904, 7495716, 0, 0, 0
45002, 8172915, 0, 0, 0
45105, 7975817, 0, 0, 0
45201, 7331726, 0, 0, 0
45305, 7979118, 0, 0, 0
45401, 8013373, 0, 0, 0
45511, 7898862, 0, 0, 0
45607, 7330788, 0, 0, 0
45704, 8839374, 0, 0, 0
45800, 8024138, 0, 0, 0
45911, 7943956, 0, 0, 0
46000, 8068690, 0, 0, 0
46105, 7511303, 0, 0, 0
46206, 7748551, 0, 0, 0
46300, 8518979, 0, 0, 0
46402, 11386480, 0, 0, 0
46501, 8206486, 0, 0, 0
46600, 8989227, 0, 0, 0
46701, 8431336, 0, 0, 0
46806, 8125373, 0, 0, 0
46902, 7953242, 0, 0, 0
47005, 8592376, 0, 0, 0
47106, 8450494, 0, 0, 0
47204, 9775422, 0, 0, 0
47305, 9191394, 0, 0, 0
47404, 8203457, 0, 0, 0
47502, 8174158, 0, 0, 0
47604, 8479623, 0, 0, 0
47700, 8725756, 0, 0, 0
47805, 8100550, 0, 0, 0
47904, 8991117, 0, 0, 0
48005, 8425528, 0, 0, 0
48100, 7953507, 0, 0, 0
48200, 9914295, 0, 0, 0
48305, 7548850, 0, 0, 0
48403, 8172340, 0, 0, 0
48501, 8171333, 0, 0, 0
48608, 8902026, 0, 0, 0
48701, 7701109, 0, 0, 0
48800, 8258442, 0, 0, 0
48901, 8468601, 0, 0, 0
49005, 10308399, 0, 0, 0
49108, 10340481, 0, 0, 0
49214, 9603145, 0, 0, 0
49307, 9327929, 0, 0, 0
49402, 8679458, 0, 0, 0
49506, 8638873, 0, 0, 0
49601, 9515069, 0, 0, 0
49706, 8683818, 0, 0, 0
49801, 9518971, 0, 0, 0
49904, 9395265, 0, 0, 0
50008, 9440590, 0, 0, 0
50103, 9514612, 0, 0, 0
50207, 9439712, 0, 0, 0
50302, 9510745, 0, 0, 0
50405, 10292689, 0, 0, 0
50501, 8688876, 0, 0, 0
50615, 9522553, 0, 0, 0
50700, 9406481, 0, 0, 0
50803, 9441549, 0, 0, 0
50907, 9396129, 0, 0, 0
51002, 9517068, 0, 0, 0
51106, 8681002, 0, 0, 0
51201, 10532112, 0, 0, 0
51304, 10346840, 0, 0, 0
51408, 8634928, 0, 0, 0
51504, 8692757, 0, 0, 0
51618, 10353303, 0, 0, 0
51702, 9405136, 0, 0, 0
51806, 9444576, 0, 0, 0
51901, 9475031, 0, 0, 0
52005, 9441378, 0, 0, 0
52100, 9507255, 0, 0, 0
52216, 9687821, 0, 0, 0
52308, 9144595, 0, 0, 0
52403, 8632945, 0, 0, 0
52507, 8672731, 0, 0, 0
52604, 9698728, 0, 0, 0
52706, 9275926, 0, 0, 0
52803, 9691101, 0, 0, 0
52905, 8497134, 0, 0, 0
53000, 8684527, 0, 0, 0
53104, 9439413, 0, 0, 0
53206, 8490626, 0, 0, 0
53305, 7605223, 0, 0, 0
53405, 8317579, 0, 0, 0
53504, 8292462, 0, 0, 0
53604, 8285699, 0, 0, 0
53703, 8329989, 0, 0, 0
53803, 8297805, 0, 0, 0
53911, 8984120, 0, 0, 0
54003, 7634435, 0, 0, 0
54122, 9210987, 0, 0, 0
54202, 7992475, 0, 0, 0
54301, 7629230, 0, 0, 0
54400, 7599342, 0, 0, 0
54507, 7603345, 0, 0, 0
54606, 8299282, 0, 0, 0
54707, 9150029, 0, 0, 0
54806, 8280844, 0, 0, 0
54906, 8294337, 0, 0, 0
55005, 7608561, 0, 0, 0
55105, 8322119, 0, 0, 0
55204, 8291402, 0, 0, 0
55300, 7981968, 0, 0, 0
55403, 7913163, 0, 0, 0
55503, 9112197, 0, 0, 0
55600, 8762359, 0, 0, 0
55703, 8640324, 0, 0, 0
55802, 7600342, 0, 0, 0
55901, 7596466, 0, 0, 0
56001, 8345356, 0, 0, 0
56100, 7592456, 0, 0, 0
56207, 8239723, 0, 0, 0
56306, 7602706, 0, 0, 0
56409, 7959502, 0, 0, 0
56505, 8716076, 0, 0, 0
56604, 7604649, 0, 0, 0
56703, 7599378, 0, 0, 0
56801, 7598532, 0, 0, 0
56906, 8747543, 0, 0, 0
57000, 9358143, 0, 0, 0
57100, 7681002, 0, 0, 0
57201, 9220323, 0, 0, 0
57301, 7664096, 0, 0, 0
57402, 9172923, 0, 0, 0
57505, 11445271, 0, 0, 0
57605, 8366982, 0, 0, 0
57700, 10477033, 0, 0, 0
57803, 8627520, 0, 0, 0
57907, 7973099, 0, 0, 0
58000, 9295594, 0, 0, 0
58100, 7730280, 0, 0, 0
58204, 10339586, 0, 0, 0
58304, 8314676, 0, 0, 0
58402, 9799122, 0, 0, 0
58514, 8614936, 0, 0, 0
58607, 8512235, 0, 0, 0
58702, 7920563, 0, 0, 0
58801, 8948939, 0, 0, 0
58901, 8354629, 0, 0, 0
59006, 8715135, 0, 0, 0
59110, 8713725, 0, 0, 0
59204, 9419257, 0, 0, 0
59305, 8377565, 0, 0, 0
59405, 8382741, 0, 0, 0
59506, 8351677, 0, 0, 0
59607, 9231118, 0, 0, 0
59703, 8727987, 0, 0, 0
59801, 8915566, 0, 0, 0
59902, 8416776, 0, 0, 0
60006, 7942294, 0, 0, 0
60102, 8061138, 0, 0, 0
60200, 9803308, 0, 0, 0
60308, 8940338, 0, 0, 0
60401, 7788424, 0, 0, 0
60506, 9565796, 0, 0, 0
60604, 8899746, 0, 0, 0
60711, 10649627, 0, 0, 0
60810, 8296939, 0, 0, 0
60905, 7916503, 0, 0, 0
61004, 8230840, 0, 0, 0
61105, 10070313, 0, 0, 0
61203, 8154421, 0, 0, 0
61308, 9590179, 0, 0, 0
61403, 8613937, 0, 0, 0
61502, 8219916, 0, 0, 0
61604, 10268932, 0, 0, 0
61704, 9026040, 0, 0, 0
61806, 9265642, 0, 0, 0
61901, 7955367, 0, 0, 0
62007, 8125462, 0, 0, 0
62107, 9079450, 0, 0, 0
62205, 8929710, 0, 0, 0
62312, 9744103, 0, 0, 0
62405, 7727864, 0, 0, 0
62503, 8209603, 0, 0, 0
62606, 7890318, 0, 0, 0
62709, 8604580, 0, 0, 0
62801, 9187771, 0, 0, 0
62902, 8431087, 0, 0, 0
63010, 8985737, 0, 0, 0
63103, 9234612, 0, 0, 0
63207, 8710083, 0, 0, 0
63305, 8188497, 0, 0, 0
63404, 8986305, 0, 0, 0
63502, 8173308, 0, 0, 0
63608, 8155614, 0, 0, 0
63701, 7741039, 0, 0, 0
63801, 9051342, 0, 0, 0
63901, 9085868, 0, 0, 0
64000, 9050891, 0, 0, 0
64102, 8441718, 0, 0, 0
64208, 8153052, 0, 0, 0
64306, 9837930, 0, 0, 0
64406, 8308341, 0, 0, 0
64504, 8174606, 0, 0, 0
64603, 9055129, 0, 0, 0
64701, 8146377, 0, 0, 0
64810, 9090858, 0, 0, 0
64906, 7954663, 0, 0, 0
65004, 8207010, 0, 0, 0
65102, 8173044, 0, 0, 0
65204, 8508064, 0, 0, 0
65300, 9599197, 0, 0, 0
65405, 9542682, 0, 0, 0
65502, 8743406, 0, 0, 0
65605, 9408723, 0, 0, 0
65700, 8635573, 0, 0, 0
65803, 8542158, 0, 0, 0
65903, 8332092, 0, 0, 0
66007, 8687767, 0, 0, 0
66107, 9103459, 0, 0, 0
66207, 9052103, 0, 0, 0
66302, 8628076, 0, 0, 0
66404, 8572796, 0, 0, 0
66503, 8242789, 0, 0, 0
66602, 8953920, 0, 0, 0
66712, 9187527, 0, 0, 0
66800, 8805149, 0, 0, 0
66905, 9510774, 0, 0, 0
67001, 9649454, 0, 0, 0
67106, 8684399, 0, 0, 0
67205, 8256677, 0, 0, 0
67300, 8626451, 0, 0, 0
67402, 9278475, 0, 0, 0
67500, 13981378, 0, 0, 0
67603, 9389718, 0, 0, 0
67706, 9394721, 0, 0, 0
67805, 8976591, 0, 0, 0
67901, 8740270, 0, 0, 0
68007, 8852768, 0, 0, 0
68103, 9538026, 0, 0, 0
68214, 9263939, 0, 0, 0
68302, 8810161, 0, 0, 0
68411, 9063213, 0, 0, 0
68511, 9086882, 0, 0, 0
68602, 9132228, 0, 0, 0
68700, 8885351, 0, 0, 0
68808, 9842042, 0, 0, 0
68901, 9269916, 0, 0, 0
69000, 9872825, 0, 0, 0
69102, 8571349, 0, 0, 0
69207, 8060479, 0, 0, 0
69300, 8412849, 0, 0, 0
69403, 8569813, 0, 0, 0
69505, 8544553, 0, 0, 0
69600, 8627398, 0, 0, 0
69701, 9139271, 0, 0, 0
69800, 8276577, 0, 0, 0
69906, 8191908, 0, 0, 0
70003, 8035774, 0, 0, 0
70104, 8459622, 0, 0, 0
70203, 8224218, 0, 0, 0
70302, 8228748, 0, 0, 0
70402, 9092792, 0, 0, 0
70501, 8219144, 0, 0, 0
70601, 8393403, 0, 0, 0
70707, 8125519, 0, 0, 0
70800, 8459760, 0, 0, 0
70905, 9557913, 0, 0, 0
71012, 8190027, 0, 0, 0
71103, 8329990, 0, 0, 0
71210, 8180222, 0, 0, 0
71301, 8279215, 0, 0, 0
71400, 8228788, 0, 0, 0
71506, 8179093, 0, 0, 0
71604, 7548358, 0, 0, 0
71703, 7574811, 0, 0, 0
71801, 7542492, 0, 0, 0
71907, 8184317, 0, 0, 0
72005, 7542234, 0, 0, 0
72103, 7541059, 0, 0, 0
72203, 9040491, 0, 0, 0
72301, 7538335, 0, 0, 0
72401, 9087089, 0, 0, 0
72506, 7544405, 0, 0, 0
72607, 7741950, 0, 0, 0
72705, 9833969, 0, 0, 0
72804, 8211874, 0, 0, 0
72902, 8214177, 0, 0, 0
73001, 8209022, 0, 0, 0
73100, 9018159, 0, 0, 0
73207, 8894349, 0, 0, 0
73305, 8967140, 0, 0, 0
73406, 8380597, 0, 0, 0
73505, 9005571, 0, 0, 0
73602, 9662754, 0, 0, 0
73700, 8203393, 0, 0, 0
73809, 9085477, 0, 0, 0
73906, 9655243, 0, 0, 0
74004, 8210099, 0, 0, 0
74104, 9922368, 0, 0, 0
74202, 8967593, 0, 0, 0
74301, 12340453, 0, 0, 0
74400, 9014577, 0, 0, 0
74507, 8891546, 0, 0, 0
74605, 8966192, 0, 0, 0
74704, 8206876, 0, 0, 0
74803, 8966724, 0, 0, 0
74902, 9013617, 0, 0, 0
75000, 8210666, 0, 0, 0
75107, 8910530, 0, 0, 0
75206, 9855801, 0, 0, 0
75309, 8579561, 0, 0, 0
75403, 8598713, 0, 0, 0
75502, 9866977, 0, 0, 0
75601, 8208364, 0, 0, 0
75708, 8907399, 0, 0, 0
75800, 8448759, 0, 0, 0
75905, 8693988, 0, 0, 0
76004, 8243080, 0, 0, 0
76102, 8963695, 0, 0, 0
76201, 8208139, 0, 0, 0
76308, 8209461, 0, 0, 0
76406, 8207742, 0, 0, 0
76507, 8428752, 0, 0, 0
76604, 8769858, 0, 0, 0
76702, 8962237, 0, 0, 0
76803, 8417598, 0, 0, 0
76902, 7580731, 0, 0, 0
77000, 8903458, 0, 0, 0
77104, 9426632, 0, 0, 0
77203, 8287823, 0, 0, 0
77305, 9246405, 0, 0, 0
77402, 7486492, 0, 0, 0
77506, 9430148, 0, 0, 0
77601, 8604894, 0, 0, 0
77706, 8135864, 0, 0, 0
77808, 9237506, 0, 0, 0
77904, 8747940, 0, 0, 0
78011, 8892754, 0, 0, 0
78102, 8278414, 0, 0, 0
78201, 8991204, 0, 0, 0
78300, 8223004, 0, 0, 0
78405, 8146661, 0, 0, 0
78505, 9047974, 0, 0, 0
78603, 8199668, 0, 0, 0
78710, 8180077, 0, 0, 0
78800, 8983848, 0, 0, 0
78906, 8879659, 0, 0, 0
79009, 8581736, 0, 0, 0
79100, 10049599, 0, 0, 0
79201, 8412875, 0, 0, 0
79305, 8687335, 0, 0, 0
79404, 9028824, 0, 0, 0
79503, 8197164, 0, 0, 0
79602, 9047554, 0, 0, 0
79709, 8895994, 0, 0, 0
79802, 7756706, 0, 0, 0
79905, 7919140, 0, 0, 0
80007, 7835615, 0, 0, 0
80101, 7874770, 0, 0, 0
80200, 8195900, 0, 0, 0
80306, 8176215, 0, 0, 0
80410, 8689377, 0, 0, 0
80512, 9233856, 0, 0, 0
80601, 9876215, 0, 0, 0
80700, 8984035, 0, 0, 0
80801, 10185840, 0, 0, 0
80909, 10711227, 0, 0, 0
81003, 9424145, 0, 0, 0
81109, 10651341, 0, 0, 0
81200, 9047948, 0, 0, 0
81308, 8980141, 0, 0, 0
81406, 9820214, 0, 0, 0
81504, 9821456, 0, 0, 0
81602, 9826742, 0, 0, 0
81701, 9874649, 0, 0, 0
81800, 8993460, 0, 0, 0
81907, 9757947, 0, 0, 0
82006, 9827760, 0, 0, 0
82104, 9815114, 0, 0, 0
82202, 9830092, 0, 0, 0
82301, 9864390, 0, 0, 0
82400, 9953134, 0, 0, 0
82506, 9624375, 0, 0, 0
82605, 8997621, 0, 0, 0
82704, 9828755, 0, 0, 0
82811, 11996957, 0, 0, 0
82912, 10024508, 0, 0, 0
83009, 10842867, 0, 0, 0
83117, 9794174, 0, 0, 0
83207, 8988063, 0, 0, 0
83301, 9421878, 0, 0, 0
83401, 9026884, 0, 0, 0
83508, 9747735, 0, 0, 0
83606, 9822043, 0, 0, 0
83716, 12227009, 0, 0, 0
83801, 9464789, 0, 0, 0
83904, 10236513, 0, 0, 0
84002, 9824974, 0, 0, 0
84106, 10461252, 0, 0, 0
84203, 9660014, 0, 0, 0
84339, 13560909, 0, 0, 0
84406, 9594582, 0, 0, 0
84506, 10001183, 0, 0, 0
84604, 9836254, 0, 0, 0
84702, 8863893, 0, 0, 0
84800, 9826137, 0, 0, 0
84908, 8993853, 0, 0, 0
85004, 10635775, 0, 0, 0
85101, 7493267, 0, 0, 0
85207, 8134343, 0, 0, 0
85304, 7491844, 0, 0, 0
85402, 7490816, 0, 0, 0
85507, 7499471, 0, 0, 0
85605, 8181692, 0, 0, 0
85703, 8182573, 0, 0, 0
85801, 8190504, 0, 0, 0
85911, 10956792, 0, 0, 0
86001, 8146623, 0, 0, 0
86106, 8129733, 0, 0, 0
86204, 7499461, 0, 0, 0
86303, 9031521, 0, 0, 0
86401, 8185147, 0, 0, 0
86506, 7497932, 0, 0, 0
86605, 8997440, 0, 0, 0
86703, 7487350, 0, 0, 0
86806, 8584925, 0, 0, 0
86907, 7766810, 0, 0, 0
87005, 8193625, 0, 0, 0
87104, 8214712, 0, 0, 0
87202, 8181844, 0, 0, 0
87307, 7502644, 0, 0, 0
87406, 8985669, 0, 0, 0
87504, 8178074, 0, 0, 0
87602, 8184351, 0, 0, 0
87700, 7493849, 0, 0, 0
87806, 8143612, 0, 0, 0
87905, 9037611, 0, 0, 0
88003, 10931393, 0, 0, 0
88105, 9233528, 0, 0, 0
88200, 8601406, 0, 0, 0
88301, 8445226, 0, 0, 0
88402, 8423723, 0, 0, 0
88507, 8722660, 0, 0, 0
88605, 8224502, 0, 0, 0
88715, 9097506, 0, 0, 0
88811, 8750566, 0, 0, 0
88903, 8343298, 0, 0, 0
89001, 7580686, 0, 0, 0
89101, 8327691, 0, 0, 0
89200, 7578914, 0, 0, 0
89308, 9846689, 0, 0, 0
89407, 7581597, 0, 0, 0
89509, 8574960, 0, 0, 0
89604, 7836984, 0, 0, 0
89705, 8466761, 0, 0, 0
89805, 8320486, 0, 0, 0
89905, 9092925, 0, 0, 0
90004, 8284262, 0, 0, 0
90104, 8318912, 0, 0, 0
90204, 8275155, 0, 0, 0
90303, 8268504, 0, 0, 0
90402, 7624222, 0, 0, 0
90507, 8095478, 0, 0, 0
90610, 8535762, 0, 0, 0
90704, 7838743, 0, 0, 0
90800, 8744586, 0, 0, 0
90902, 8486946, 0, 0, 0
91000, 8902005, 0, 0, 0
91102, 8491843, 0, 0, 0
91207, 8763647, 0, 0, 0
91306, 8273795, 0, 0, 0
91407, 9133581, 0, 0, 0
91507, 10062871, 0, 0, 0
91602, 8643074, 0, 0, 0
91707, 8722900, 0, 0, 0
91800, 9283832, 0, 0, 0
91903, 9345089, 0, 0, 0
92006, 9350051, 0, 0, 0
92100, 8593622, 0, 0, 0
92205, 8729422, 0, 0, 0
92304, 8296990, 0, 0, 0
92407, 8529867, 0, 0, 0
92502, 9498410, 0, 0, 0
92604, 8533009, 0, 0, 0
92707, 8534919, 0, 0, 0
92800, 8477715, 0, 0, 0
92905, 8758488, 0, 0, 0
93007, 9272434, 0, 0, 0
93102, 10502624, 0, 0, 0
93203, 8432459, 0, 0, 0
93305, 9268029, 0, 0, 0
93407, 10188273, 0, 0, 0
93504, 8124365, 0, 0, 0
93602, 8857958, 0, 0, 0
93707, 8771735, 0, 0, 0
93804, 8064476, 0, 0, 0
93905, 8457150, 0, 0, 0
94000, 8588259, 0, 0, 0
94100, 8350784, 0, 0, 0
94211, 8586486, 0, 0, 0
94306, 9483774, 0, 0, 0
94409, 9312715, 0, 0, 0
94501, 9245106, 0, 0, 0
94609, 9759191, 0, 0, 0
94707, 8989166, 0, 0, 0
94801, 7779836, 0, 0, 0
94913, 9356443, 0, 0, 0
95006, 8436910, 0, 0, 0
95100, 10497002, 0, 0, 0
95207, 9720230, 0, 0, 0
95304, 8034754, 0, 0, 0
95402, 8937117, 0, 0, 0
95506, 8666203, 0, 0, 0
95600, 8518090, 0, 0, 0
95705, 8069661, 0, 0, 0
95805, 9077353, 0, 0, 0
95906, 7799535, 0, 0, 0
96003, 8043920, 0, 0, 0
96106, 8631804, 0, 0, 0
96200, 9366589, 0, 0, 0
96303, 9354601, 0, 0, 0
96402, 8254905, 0, 0, 0
96503, 7796724, 0, 0, 0
96600, 8045155, 0, 0, 0
96707, 8212239, 0, 0, 0
96806, 8294059, 0, 0, 0
96905, 8260503, 0, 0, 0
97006, 9186195, 0, 0, 0
97113, 8882024, 0, 0, 0
97206, 8478823, 0, 0, 0
97300, 10419999, 0, 0, 0
97405, 8787916, 0, 0, 0
97500, 8616834, 0, 0, 0
97613, 9390132, 0, 0, 0
97701, 8846097, 0, 0, 0
97803, 8451963, 0, 0, 0
97902, 8990876, 0, 0, 0
98002, 9115279, 0, 0, 0
98102, 8341319, 0, 0, 0
98205, 9344826, 0, 0, 0
98304, 9883289, 0, 0, 0
98403, 8297452, 0, 0, 0
98503, 8306782, 0, 0, 0
98611, 8286971, 0, 0, 0
98703, 8357778, 0, 0, 0
98801, 10944793, 0, 0, 0
98903, 7852453, 0, 0, 0
99006, 7880865, 0, 0, 0
99103, 8095408, 0, 0, 0
99203, 8305294, 0, 0, 0
99303, 9102180, 0, 0, 0
99405, 11336309, 0, 0, 0
99504, 8306937, 0, 0, 0
99605, 9151296, 0, 0, 0
99705, 9115103, 0, 0, 0
99806, 8346149, 0, 0, 0
99905, 8303879, 0, 0, 0
100005, 8301854, 0, 0, 0
100105, 8351870, 0, 0, 0
100205, 8290009, 0, 0, 0
100304, 8299445, 0, 0, 0
100405, 9157395, 0, 0, 0
100500, 7935195, 0, 0, 0
100604, 8011889, 0, 0, 0
100701, 8091337, 0, 0, 0
100801, 7616434, 0, 0, 0
100911, 8523798, 0, 0, 0
101002, 9020718, 0, 0, 0
101101, 7611580, 0, 0, 0
101203, 8514685, 0, 0, 0
101310, 7635422, 0, 0, 0
101404, 8604312, 0, 0, 0
101502, 7539946, 0, 0, 0
101601, 8199971, 0, 0, 0
101705, 8030803, 0, 0, 0
101802, 8784001, 0, 0, 0
101915, 10299170, 0, 0, 0
102005, 8165494, 0, 0, 0
102100, 8673456, 0, 0, 0
102205, 8719278, 0, 0, 0
102302, 8777133, 0, 0, 0
102406, 8741872, 0, 0, 0
102505, 8961231, 0, 0, 0
102611, 8112636, 0, 0, 0
102707, 8753697, 0, 0, 0
102800, 8501495, 0, 0, 0
102905, 8722768, 0, 0, 0
103002, 8782715, 0, 0, 0
103109, 8941192, 0, 0, 0
103203, 8574392, 0, 0, 0
103300, 9646476, 0, 0, 0
103400, 8313515, 0, 0, 0
103501, 9254507, 0, 0, 0
103600, 8216099, 0, 0, 0
103702, 8534145, 0, 0, 0
103811, 9058827, 0, 0, 0
103910, 9880110, 0, 0, 0
104001, 8242630, 0, 0, 0
104105, 8720164, 0, 0, 0
104203, 8111176, 0, 0, 0
104307, 8664290, 0, 0, 0
104403, 8778058, 0, 0, 0
104506, 11422197, 0, 0, 0
104605, 8250865, 0, 0, 0
104703, 8902898, 0, 0, 0
104806, 8612100, 0, 0, 0
104903, 8782592, 0, 0, 0
105000, 8782323, 0, 0, 0
105104, 9503859, 0, 0, 0
105201, 8848666, 0, 0, 0
105306, 8718564, 0, 0, 0
105403, 8765831, 0, 0, 0
105500, 8088038, 0, 0, 0
105604, 8043036, 0, 0, 0
105701, 8095010, 0, 0, 0
105806, 8043888, 0, 0, 0
105905, 7640431, 0, 0, 0
106006, 8432434, 0, 0, 0
106104, 8832626, 0, 0, 0
106203, 8280680, 0, 0, 0
106300, 8087641, 0, 0, 0
106405, 8040249, 0, 0, 0
106502, 8124530, 0, 0, 0
106602, 8315212, 0, 0, 0
106704, 7836025, 0, 0, 0
106801, 8842520, 0, 0, 0
106906, 8099144, 0, 0, 0
107003, 8091411, 0, 0, 0
107100, 7399538, 0, 0, 0
107202, 9266407, 0, 0, 0
107312, 9180095, 0, 0, 0
107404, 8359239, 0, 0, 0
107500, 8723875, 0, 0, 0
107604, 8041671, 0, 0, 0
107702, 8908117, 0, 0, 0
107807, 8045879, 0, 0, 0
107904, 8094633, 0, 0, 0
108004, 8346109, 0, 0, 0
108102, 8163319, 0, 0, 0
108204, 8482921, 0, 0, 0
108303, 9004667, 0, 0, 0
108410, 11922126, 0, 0, 0
108507, 9702210, 0, 0, 0
108602, 11805828, 0, 0, 0
108701, 9923907, 0, 0, 0
108801, 9074141, 0, 0, 0
108906, 10534239, 0, 0, 0
109004, 8123386, 0, 0, 0
109101, 8089541, 0, 0, 0
109206, 8785989, 0, 0, 0
109303, 9693593, 0, 0, 0
109407, 8635892, 0, 0, 0
109507, 9136592, 0, 0, 0
109606, 8982695, 0, 0, 0
109709, 9310417, 0, 0, 0
109805, 9661992, 0, 0, 0
109902, 8783587, 0, 0, 0
110004, 9298219, 0, 0, 0
110104, 9030331, 0, 0, 0
110203, 9970928, 0, 0, 0
110307, 8672596, 0, 0, 0
110402, 8633172, 0, 0, 0
110506, 9438040, 0, 0, 0
110614, 9780956, 0, 0, 0
110706, 8339597, 0, 0, 0
110804, 8922299, 0, 0, 0
110904, 11119915, 0, 0, 0
111000, 10739611, 0, 0, 0
111102, 9272855, 0, 0, 0
111206, 11456664, 0, 0, 0
111302, 10722863, 0, 0, 0
111404, 9232518, 0, 0, 0
111508, 8681209, 0, 0, 0
111603, 9515316, 0, 0, 0
111700, 8796425, 0, 0, 0
111807, 9770480, 0, 0, 0
111901, 9410321, 0, 0, 0
112001, 9057542, 0, 0, 0
112103, 10226216, 0, 0, 0
112202, 8969620, 0, 0, 0
112304, 8515610, 0, 0, 0
112401, 8764118, 0, 0, 0
112505, 8706410, 0, 0, 0
112602, 8768932, 0, 0, 0
112706, 9528197, 0, 0, 0
112803, 8028480, 0, 0, 0
112900, 8071758, 0, 0, 0
113003, 7950865, 0, 0, 0
113114, 8538618, 0, 0, 0
113206, 8386281, 0, 0, 0
113305, 7607621, 0, 0, 0
113404, 7590722, 0, 0, 0
113504, 9145011, 0, 0, 0
113606, 7796265, 0, 0, 0
113703, 8081239, 0, 0, 0
113805, 7863398, 0, 0, 0
113902, 8048518, 0, 0, 0
114001, 8287591, 0, 0, 0
114101, 8293688, 0, 0, 0
114201, 8334372, 0, 0, 0
114304, 7923962, 0, 0, 0
114400, 8709658, 0, 0, 0
114509, 10955082, 0, 0, 0
114601, 8347792, 0, 0, 0
114701, 8329730, 0, 0, 0
114800, 8296474, 0, 0, 0
114900, 8290202, 0, 0, 0
115000, 8328748, 0, 0, 0
115107, 8240655, 0, 0, 0
115207, 8292106, 0, 0, 0
115313, 8904080, 0, 0, 0
115407, 8479713, 0, 0, 0
115500, 9279268, 0, 0, 0
115606, 7605438, 0, 0, 0
115702, 7993656, 0, 0, 0
115805, 8591605, 0, 0, 0
115904, 7641534, 0, 0, 0
116004, 8294107, 0, 0, 0
116103, 7599154, 0, 0, 0
116201, 7592362, 0, 0, 0
116305, 8629510, 0, 0, 0
116407, 11339307, 0, 0, 0
116501, 9366938, 0, 0, 0
116602, 8409872, 0, 0, 0
116701, 7668998, 0, 0, 0
116801, 7684286, 0, 0, 0
116903, 9214858, 0, 0, 0
117005, 8494301, 0, 0, 0
117104, 8280085, 0, 0, 0
117204, 8359020, 0, 0, 0
117305, 8350742, 0, 0, 0
117411, 9647065, 0, 0, 0
117506, 7977317, 0, 0, 0
117600, 9357095, 0, 0, 0
117700, 7674981, 0, 0, 0
117801, 8407568, 0, 0, 0
117901, 8363612, 0, 0, 0
118002, 8406227, 0, 0, 0
118102, 8360856, 0, 0, 0
118203, 8404460, 0, 0, 0
118304, 9170620, 0, 0, 0
118405, 8402652, 0, 0, 0
118505, 8368458, 0, 0, 0
118605, 7666483, 0, 0, 0
118702, 8062131, 0, 0, 0
118806, 8708330, 0, 0, 0
118907, 7720743, 0, 0, 0
119003, 8053980, 0, 0, 0
119111, 15425992, 0, 0, 0
119203, 7616553, 0, 0, 0
119304, 8400960, 0, 0, 0
119412, 9060853, 0, 0, 0
119500, 8775423, 0, 0, 0
119600, 9950394, 0, 0, 0
119710, 7860005, 0, 0, 0
119800, 8191774, 0, 0, 0
119900, 7715898, 0, 0, 0
120001, 8370987, 0, 0, 0
120101, 8396595, 0, 0, 0
120201, 11035933, 0, 0, 0
120302, 9168107, 0, 0, 0
120402, 7733097, 0, 0, 0
120507, 8704461, 0, 0, 0
120602, 7978397, 0, 0, 0
120701, 8184249, 0, 0, 0
120802, 7816999, 0, 0, 0
120902, 9091218, 0, 0, 0
121000, 7543226, 0, 0, 0
121106, 7545899, 0, 0, 0
121204, 7540078, 0, 0, 0
121303, 8234310, 0, 0, 0
121401, 7529553, 0, 0, 0
121500, 8271730, 0, 0, 0
121606, 7545321, 0, 0, 0
121707, 8449598, 0, 0, 0
121803, 8021453, 0, 0, 0
121902, 8223281, 0, 0, 0
122001, 8230203, 0, 0, 0
122100, 8272653, 0, 0, 0
122206, 8179773, 0, 0, 0
122305, 8233464, 0, 0, 0
122404, 8219995, 0, 0, 0
122506, 8487539, 0, 0, 0
122603, 8810468, 0, 0, 0
122708, 8095246, 0, 0, 0
122807, 7626037, 0, 0, 0
122905, 7543370, 0, 0, 0
123004, 8231681, 0, 0, 0
123102, 7579756, 0, 0, 0
123202, 9040795, 0, 0, 0
123301, 8234764, 0, 0, 0
123401, 9074785, 0, 0, 0
123501, 8361722, 0, 0, 0
123607, 8155244, 0, 0, 0
123707, 8343443, 0, 0, 0
123804, 8808625, 0, 0, 0
123910, 8127614, 0, 0, 0
124002, 9219018, 0, 0, 0
124107, 8087238, 0, 0, 0
124202, 8630881, 0, 0, 0
124305, 9375260, 0, 0, 0
124405, 8293769, 0, 0, 0
124506, 8447599, 0, 0, 0
124604, 12200210, 0, 0, 0
124701, 8147014, 0, 0, 0
124800, 8990849, 0, 0, 0
124900, 8266454, 0, 0, 0
125004, 8665084, 0, 0, 0
125100, 8778166, 0, 0, 0
125201, 8434505, 0, 0, 0
125303, 9213712, 0, 0, 0
125401, 9824320, 0, 0, 0
125501, 9127450, 0, 0, 0
125600, 8182711, 0, 0, 0
125702, 10253461, 0, 0, 0
125807, 9504952, 0, 0, 0
125902, 8699666, 0, 0, 0
126007, 9504850, 0, 0, 0
126103, 9649132, 0, 0, 0
126202, 8939783, 0, 0, 0
126305, 8571506, 0, 0, 0
126400, 8666473, 0, 0, 0
126502, 8504583, 0, 0, 0
126605, 8573730, 0, 0, 0
126700, 8632755, 0, 0, 0
126803, 9395053, 0, 0, 0
126901, 8849113, 0, 0, 0
127001, 8373631, 0, 0, 0
127105, 9478215, 0, 0, 0
127200, 9437954, 0, 0, 0
127304, 10368665, 0, 0, 0
127403, 8260464, 0, 0, 0
127501, 8967105, 0, 0, 0
127603, 9272544, 0, 0, 0
127700, 9670313, 0, 0, 0
127803, 8542671, 0, 0, 0
127900, 8886337, 0, 0, 0
128000, 8340872, 0, 0, 0
128101, 9121878, 0, 0, 0
128200, 10969436, 0, 0, 0
128305, 8766987, 0, 0, 0
128402, 8853120, 0, 0, 0
128500, 8168447, 0, 0, 0
128604, 9391116, 0, 0, 0
128706, 8572487, 0, 0, 0
128804, 9781348, 0, 0, 0
128907, 8565858, 0, 0, 0
129002, 8597913, 0, 0, 0
129106, 8680994, 0, 0, 0
129206, 8389284, 0, 0, 0
129305, 8171066, 0, 0, 0
129406, 9260753, 0, 0, 0
129506, 9031434, 0, 0, 0
129602, 8741582, 0, 0, 0
129702, 9968635, 0, 0, 0
129808, 8903332, 0, 0, 0
129902, 8474475, 0, 0, 0
130005, 7920467, 0, 0, 0
130103, 8205417, 0, 0, 0
130201, 8170946, 0, 0, 0
130307, 8123330, 0, 0, 0
130404, 8785866, 0, 0, 0
130504, 8389928, 0, 0, 0
130605, 8393066, 0, 0, 0
130703, 8164576, 0, 0, 0
130800, 8798505, 0, 0, 0
130907, 8949859, 0, 0, 0
131006, 8953772, 0, 0, 0
131105, 9025620, 0, 0, 0
131205, 8350566, 0, 0, 0
131305, 9084679, 0, 0, 0
131401, 8014228, 0, 0, 0
131500, 8204881, 0, 0, 0
131606, 8868876, 0, 0, 0
131704, 8178026, 0, 0, 0
131810, 8127373, 0, 0, 0
131907, 9724174, 0, 0, 0
132001, 8486650, 0, 0, 0
132106, 8780647, 0, 0, 0
132202, 9549089, 0, 0, 0
132300, 8209375, 0, 0, 0
132407, 8898923, 0, 0, 0
132506, 9008435, 0, 0, 0
132607, 9159803, 0, 0, 0
132709, 9299174, 0, 0, 0
132806, 8842376, 0, 0, 0
132901, 8605077, 0, 0, 0
133000, 8218015, 0, 0, 0
133107, 9720333, 0, 0, 0
133205, 9857894, 0, 0, 0
133304, 9872276, 0, 0, 0
133405, 9193501, 0, 0, 0
133506, 11230105, 0, 0, 0
133600, 9418675, 0, 0, 0
133707, 8222742, 0, 0, 0
133806, 9911230, 0, 0, 0
133905, 8994493, 0, 0, 0
134000, 8634115, 0, 0, 0
134114, 10361633, 0, 0, 0
134202, 10911823, 0, 0, 0
134303, 8418916, 0, 0, 0
134407, 8688037, 0, 0, 0
134505, 8207001, 0, 0, 0
134605, 8322572, 0, 0, 0
134706, 8377524, 0, 0, 0
134822, 12954586, 0, 0, 0
134901, 8693571, 0, 0, 0
135000, 9912874, 0, 0, 0
135115, 9596610, 0, 0, 0
135200, 9431358, 0, 0, 0
135304, 8666282, 0, 0, 0
135400, 8740372, 0, 0, 0
135500, 8340986, 0, 0, 0
135600, 9092940, 0, 0, 0
135707, 9713146, 0, 0, 0
135802, 9516101, 0, 0, 0
135907, 8770995, 0, 0, 0
136000, 8416401, 0, 0, 0
136106, 8823064, 0, 0, 0
136201, 9466546, 0, 0, 0
136307, 8904528, 0, 0, 0
136401, 9382735, 0, 0, 0
136506, 7455069, 0, 0, 0
136605, 9048381, 0, 0, 0
136703, 8183146, 0, 0, 0
136802, 8988255, 0, 0, 0
136903, 9118997, 0, 0, 0
137005, 8573054, 0, 0, 0
137107, 8418764, 0, 0, 0
137211, 8741313, 0, 0, 0
137304, 8381175, 0, 0, 0
137401, 8109168, 0, 0, 0
137503, 9252736, 0, 0, 0
137607, 8705084, 0, 0, 0
137709, 8450340, 0, 0, 0
137810, 9192907, 0, 0, 0
137907, 8847907, 0, 0, 0
138005, 9755277, 0, 0, 0
138111, 8893194, 0, 0, 0
138202, 8221158, 0, 0, 0
138301, 8254905, 0, 0, 0
138406, 8059775, 0, 0, 0
138504, 8182183, 0, 0, 0
138605, 7736439, 0, 0, 0
138700, 7920680, 0, 0, 0
138800, 7738296, 0, 0, 0
138904, 8659305, 0, 0, 0
139002, 7497471, 0, 0, 0
139107, 7495982, 0, 0, 0
139205, 8181003, 0, 0, 0
139301, 12043794, 0, 0, 0
139404, 7904590, 0, 0, 0
139510, 8133558, 0, 0, 0
139600, 8236565, 0, 0, 0
139706, 8136240, 0, 0, 0
139803, 7496698, 0, 0, 0
139907, 9434572, 0, 0, 0
140005, 8848460, 0, 0, 0
140100, 7966569, 0, 0, 0
140206, 8127326, 0, 0, 0
140306, 9101654, 0, 0, 0
140411, 15012762, 0, 0, 0
140500, 9913767, 0, 0, 0
140608, 9757184, 0, 0, 0
140707, 8982835, 0, 0, 0
140805, 9827074, 0, 0, 0
140904, 9041179, 0, 0, 0
141003, 8998088, 0, 0, 0
141102, 8983847, 0, 0, 0
141200, 9823945, 0, 0, 0
141308, 9742887, 0, 0, 0
141406, 8989530, 0, 0, 0
141506, 9033633, 0, 0, 0
141604, 9823356, 0, 0, 0
141702, 9827361, 0, 0, 0
141800, 10843353, 0, 0, 0
141907, 9749626, 0, 0, 0
142007, 9038413, 0, 0, 0
142105, 9833409, 0, 0, 0
142216, 10064056, 0, 0, 0
142305, 8886769, 0, 0, 0
142400, 9563080, 0, 0, 0
142500, 9034416, 0, 0, 0
142607, 9757024, 0, 0, 0
142706, 8985371, 0, 0, 0
142804, 9826705, 0, 0, 0
142902, 9834805, 0, 0, 0
143001, 9817977, 0, 0, 0
143108, 9795061, 0, 0, 0
143207, 8987572, 0, 0, 0
143306, 9828003, 0, 0, 0
143404, 9814367, 0, 0, 0
143503, 8989149, 0, 0, 0
143602, 9043490, 0, 0, 0
143701, 8994111, 0, 0, 0
143802, 12552463, 0, 0, 0
143905, 9426538, 0, 0, 0
144004, 8992390, 0, 0, 0
144104, 10001989, 0, 0, 0
144205, 10052671, 0, 0, 0
144310, 9566247, 0, 0, 0
144417, 9744876, 0, 0, 0
144507, 8953536, 0, 0, 0
144604, 9697811, 0, 0, 0
144703, 9038315, 0, 0, 0
144800, 8847116, 0, 0, 0
144904, 9437490, 0, 0, 0
145003, 9821006, 0, 0, 0
145105, 8506701, 0, 0, 0
145204, 8316264, 0, 0, 0
145304, 9039437, 0, 0, 0
145411, 9749641, 0, 0, 0
145502, 8234080, 0, 0, 0
145605, 9432821, 0, 0, 0
145700, 8605895, 0, 0, 0
145801, 8369075, 0, 0, 0
145903, 9300353, 0, 0, 0
146005, 9297649, 0, 0, 0
146115, 9144020, 0, 0, 0
146200, 8458657, 0, 0, 0
146303, 8602663, 0, 0, 0
146409, 9662239, 0, 0, 0
146500, 9127082, 0, 0, 0
146601, 8377025, 0, 0, 0
146705, 7994246, 0, 0, 0
146804, 8263184, 0, 0, 0
146905, 8448947, 0, 0, 0
147001, 9560661, 0, 0, 0
147102, 9193276, 0, 0, 0
147204, 8478906, 0, 0, 0
147306, 9272088, 0, 0, 0
147400, 8524566, 0, 0, 0
147501, 8479030, 0, 0, 0
147603, 8481443, 0, 0, 0
147706, 9301438, 0, 0, 0
147800, 8597438, 0, 0, 0
147906, 8139321, 0, 0, 0
148004, 8182659, 0, 0, 0
148105, 9117502, 0, 0, 0
148203, 9839768, 0, 0, 0
148302, 8216025, 0, 0, 0
148400, 8990799, 0, 0, 0
148504, 8658194, 0, 0, 0
148606, 8449001, 0, 0, 0
148705, 8988532, 0, 0, 0
148800, 8676095, 0, 0, 0
148904, 7976630, 0, 0, 0
149005, 8409502, 0, 0, 0
149107, 8479018, 0, 0, 0
149204, 9766088, 0, 0, 0
149301, 12102811, 0, 0, 0
149405, 8025966, 0, 0, 0
149505, 9079901, 0, 0, 0
149606, 10116650, 0, 0, 0
149703, 8031091, 0, 0, 0
149805, 8535069, 0, 0, 0
149908, 8535216, 0, 0, 0
150006, 9800331, 0, 0, 0
150105, 8279087, 0, 0, 0
150200, 8590971, 0, 0, 0
150302, 8497429, 0, 0, 0
150405, 9429367, 0, 0, 0
150507, 8455785, 0, 0, 0
150605, 8892191, 0, 0, 0
150705, 9137883, 0, 0, 0
150807, 9269125, 0, 0, 0
150901, 8490011, 0, 0, 0
151004, 8595714, 0, 0, 0
151113, 9085489, 0, 0, 0
151201, 8831172, 0, 0, 0
151303, 8529449, 0, 0, 0
151409, 8789968, 0, 0, 0
151511, 9285034, 0, 0, 0
151603, 8339581, 0, 0, 0
151705, 8534650, 0, 0, 0
151805, 9025911, 0, 0, 0
151903, 8921182, 0, 0, 0
152008, 9569949, 0, 0, 0
152106, 9828719, 0, 0, 0
152203, 8826809, 0, 0, 0
152309, 8769478, 0, 0, 0
152407, 9805437, 0, 0, 0
152500, 9288766, 0, 0, 0
152607, 8221917, 0, 0, 0
152701, 9410543, 0, 0, 0
152804, 9354159, 0, 0, 0
152906, 8535279, 0, 0, 0
153003, 8125085, 0, 0, 0
153106, 10260654, 0, 0, 0
153206, 9061958, 0, 0, 0
153301, 8662979, 0, 0, 0
153402, 7775096, 0, 0, 0
153505, 8532191, 0, 0, 0
153609, 9530834, 0, 0, 0
153712, 8506562, 0, 0, 0
153800, 8084847, 0, 0, 0
153910, 9909303, 0, 0, 0
154004, 9409608, 0, 0, 0
154101, 8094247, 0, 0, 0
154203, 8503531, 0, 0, 0
154300, 8806188, 0, 0, 0
154402, 10198452, 0, 0, 0
154500, 8191415, 0, 0, 0
154607, 8210500, 0, 0, 0
154706, 8293918, 0, 0, 0
154800, 7813883, 0, 0, 0
154900, 9046884, 0, 0, 0
155002, 9270240, 0, 0, 0
155103, 9226054, 0, 0, 0
155206, 9342038, 0, 0, 0
155308, 8471306, 0, 0, 0
155405, 9726211, 0, 0, 0
155505, 8344008, 0, 0, 0
155611, 9675201, 0, 0, 0
155713, 9268832, 0, 0, 0
155811, 8896858, 0, 0, 0
155904, 9250004, 0, 0, 0
156005, 8463344, 0, 0, 0
156104, 8257018, 0, 0, 0
156205, 9107903, 0, 0, 0
156303, 7564431, 0, 0, 0
156404, 7795683, 0, 0, 0
156501, 8043060, 0, 0, 0
156601, 9103078, 0, 0, 0
156700, 8268397, 0, 0, 0
156800, 9074241, 0, 0, 0
156900, 8292965, 0, 0, 0
157002, 8506576, 0, 0, 0
157104, 8538433, 0, 0, 0
157201, 8786918, 0, 0, 0
157309, 8992859, 0, 0, 0
157404, 7944141, 0, 0, 0
157503, 7616257, 0, 0, 0
157602, 7614075, 0, 0, 0
157702, 8337243, 0, 0, 0
157802, 8309517, 0, 0, 0
157902, 8304737, 0, 0, 0
158002, 9151843, 0, 0, 0
158104, 8457115, 0, 0, 0
158210, 8886042, 0, 0, 0
158302, 8282165, 0, 0, 0
158412, 8492226, 0, 0, 0
158502, 8178035, 0, 0, 0
158601, 7621075, 0, 0, 0
158701, 9105379, 0, 0, 0
158804, 8558985, 0, 0, 0
158905, 9162847, 0, 0, 0
159008, 9378766, 0, 0, 0
159103, 8625099, 0, 0, 0
159204, 9150264, 0, 0, 0
159308, 13105800, 0, 0, 0
159405, 8072033, 0, 0, 0
159505, 8339248, 0, 0, 0
159600, 8631910, 0, 0, 0
159703, 8575550, 0, 0, 0
159814, 9210089, 0, 0, 0
159901, 7940530, 0, 0, 0
160018, 10617065, 0, 0, 0
160109, 11419125, 0, 0, 0
160204, 9507180, 0, 0, 0
160307, 8567325, 0, 0, 0
160403, 8672200, 0, 0, 0
160503, 9111136, 0, 0, 0
160601, 9797746, 0, 0, 0
160704, 8573562, 0, 0, 0
160806, 8544175, 0, 0, 0
160901, 7878971, 0, 0, 0
161004, 8572902, 0, 0, 0
161106, 7878095, 0, 0, 0
161201, 8630729, 0, 0, 0
161304, 9386035, 0, 0, 0
161408, 9389839, 0, 0, 0
161505, 8073899, 0, 0, 0
161602, 8853859, 0, 0, 0
161702, 8358988, 0, 0, 0
161800, 8898274, 0, 0, 0
161904, 8617602, 0, 0, 0
162000, 8781257, 0, 0, 0
162106, 8794079, 0, 0, 0
162204, 8948697, 0, 0, 0
162306, 8487978, 0, 0, 0
162403, 9722094, 0, 0, 0
162500, 8782325, 0, 0, 0
162611, 8533584, 0, 0, 0
162701, 9046703, 0, 0, 0
162808, 9707855, 0, 0, 0
162906, 8903761, 0, 0, 0
163007, 8445861, 0, 0, 0
163101, 8516761, 0, 0, 0
163201, 9081078, 0, 0, 0
163306, 8715814, 0, 0, 0
163402, 8777284, 0, 0, 0
163507, 8720160, 0, 0, 0
163612, 8723800, 0, 0, 0
163703, 8339630, 0, 0, 0
163801, 8906146, 0, 0, 0
163901, 9103229, 0, 0, 0
164006, 8720998, 0, 0, 0
164103, 8781051, 0, 0, 0
164210, 8230167, 0, 0, 0
164304, 8536689, 0, 0, 0
164404, 9079142, 0, 0, 0
164501, 8901409, 0, 0, 0
164607, 8785306, 0, 0, 0
164709, 9291741, 0, 0, 0
164803, 7843845, 0, 0, 0
164900, 8779638, 0, 0, 0
165003, 9352731, 0, 0, 0
165110, 9734728, 0, 0, 0
165201, 8280891, 0, 0, 0
165302, 7797962, 0, 0, 0
165407, 8026937, 0, 0, 0
165507, 9124519, 0, 0, 0
165600, 7706514, 0, 0, 0
165703, 8658482, 0, 0, 0
165801, 7495290, 0, 0, 0
165909, 7690856, 0, 0, 0
166005, 8758232, 0, 0, 0
166102, 7494254, 0, 0, 0
166200, 7496404, 0, 0, 0
166311, 9269150, 0, 0, 0
166405, 7827506, 0, 0, 0
166504, 8993240, 0, 0, 0
166604, 9972065, 0, 0, 0
166702, 8173983, 0, 0, 0
166808, 9654163, 0, 0, 0
166903, 8668933, 0, 0, 0
167007, 8622708, 0, 0, 0
167106, 8251884, 0, 0, 0
167204, 8940778, 0, 0, 0
167303, 9012948, 0, 0, 0
167402, 9000103, 0, 0, 0
167506, 8591485, 0, 0, 0
167604, 8942567, 0, 0, 0
167702, 8910058, 0, 0, 0
167802, 8349729, 0, 0, 0
167906, 7997807, 0, 0, 0
168002, 8755815, 0, 0, 0
168101, 8996278, 0, 0, 0
168205, 7928879, 0, 0, 0
168302, 8902079, 0, 0, 0
168400, 8119814, 0, 0, 0
168507, 8248899, 0, 0, 0
168601, 8542847, 0, 0, 0
168700, 8996713, 0, 0, 0
168806, 8847650, 0, 0, 0
168904, 8920459, 0, 0, 0
169001, 8073444, 0, 0, 0
169102, 8405227, 0, 0, 0
169200, 8868537, 0, 0, 0
169304, 8720901, 0, 0, 0
169401, 8009776, 0, 0, 0
169505, 8714090, 0, 0, 0
169610, 8719319, 0, 0, 0
169705, 7295260, 0, 0, 0
169808, 7979101, 0, 0, 0
169904, 7334043, 0, 0, 0
170007, 7340488, 0, 0, 0
170106, 11002689, 0, 0, 0
170201, 7332835, 0, 0, 0
170305, 7971671, 0, 0, 0
170407, 7301215, 0, 0, 0
170503, 8018761, 0, 0, 0
170607, 7976549, 0, 0, 0
170703, 8021467, 0, 0, 0
170805, 7306663, 0, 0, 0
170902, 8026267, 0, 0, 0
171005, 7981241, 0, 0, 0
171102, 8013346, 0, 0, 0
171205, 7975605, 0, 0, 0
171301, 7337505, 0, 0, 0
171426, 11407454, 0, 0, 0
171502, 8424848, 0, 0, 0
171602, 7686405, 0, 0, 0
171705, 8593902, 0, 0, 0
171804, 8265314, 0, 0, 0
171902, 8175846, 0, 0, 0
172000, 8174206, 0, 0, 0
172106, 8124285, 0, 0, 0
172205, 8203888, 0, 0, 0
172303, 8172129, 0, 0, 0
172403, 7715398, 0, 0, 0
172506, 8604398, 0, 0, 0
172605, 8216113, 0, 0, 0
172700, 8626337, 0, 0, 0
172802, 8543051, 0, 0, 0
172901, 8990912, 0, 0, 0
173000, 8985101, 0, 0, 0
173105, 8730742, 0, 0, 0
173202, 8801446, 0, 0, 0
173306, 9519777, 0, 0, 0
173407, 11134213, 0, 0, 0
173501, 9461263, 0, 0, 0
173605, 9448882, 0, 0, 0
173701, 8745529, 0, 0, 0
173806, 11581019, 0, 0, 0
173903, 9710262, 0, 0, 0
174005, 9266757, 0, 0, 0
174100, 11960466, 0, 0, 0
174202, 10149069, 0, 0, 0
174300, 8879047, 0, 0, 0
174405, 10503186, 0, 0, 0
174509, 8708694, 0, 0, 0
174607, 8165256, 0, 0, 0
174702, 9516340, 0, 0, 0
174807, 8689563, 0, 0, 0
174904, 12165825, 0, 0, 0
175004, 9131551, 0, 0, 0
175100, 9516032, 0, 0, 0
175203, 9438234, 0, 0, 0
175307, 9420643, 0, 0, 0
175405, 8199762, 0, 0, 0
175506, 9172301, 0, 0, 0
175601, 9515524, 0, 0, 0
175702, 10032807, 0, 0, 0
175808, 10669552, 0, 0, 0
175904, 8638607, 0, 0, 0
176000, 8752188, 0, 0, 0
176103, 9369755, 0, 0, 0
176201, 8919693, 0, 0, 0
176302, 10083347, 0, 0, 0
176408, 9602611, 0, 0, 0
176505, 9706228, 0, 0, 0
176604, 9053432, 0, 0, 0
176701, 8790349, 0, 0, 0
176816, 9593728, 0, 0, 0
176902, 9602412, 0, 0, 0
177007, 9527923, 0, 0, 0
177105, 9780459, 0, 0, 0
177202, 9655308, 0, 0, 0
177306, 8657452, 0, 0, 0
177410, 9489194, 0, 0, 0
177503, 8486310, 0, 0, 0
177602, 9005196, 0, 0, 0
177702, 9050601, 0, 0, 0
177802, 8309635, 0, 0, 0
177903, 10143040, 0, 0, 0
178004, 9178232, 0, 0, 0
178104, 9102433, 0, 0, 0
178205, 9157915, 0, 0, 0
178313, 9842696, 0, 0, 0
178414, 8368793, 0, 0, 0
178505, 7612481, 0, 0, 0
178604, 7649367, 0, 0, 0
178704, 9024348, 0, 0, 0
178800, 8779165, 0, 0, 0
178907, 9708043, 0, 0, 0
179002, 9491360, 0, 0, 0
179100, 8925188, 0, 0, 0
179201, 9121675, 0, 0, 0
179301, 9120524, 0, 0, 0
179406, 8776446, 0, 0, 0
179500, 7833007, 0, 0, 0
179601, 8377989, 0, 0, 0
179706, 9546658, 0, 0, 0
179802, 8741766, 0, 0, 0
179902, 8310050, 0, 0, 0
180002, 8340899, 0, 0, 0
