time,total,used,free,available
1732615189 63584 359 62894 62629
1732615190 63584 359 62894 62629
1732615191 63584 359 62894 62628
1732615192 63584 359 62894 62628
1732615193 63584 359 62894 62628
1732615194 63584 359 62894 62628
1732615195 63584 360 62893 62627
1732615196 63584 354 62899 62633
1732615197 63584 348 62906 62640
1732615198 63584 349 62904 62639
1732615199 63584 343 62910 62644
1732615200 63584 344 62909 62644
1732615201 63584 345 62908 62642
1732615202 63584 346 62907 62641
1732615204 63584 348 62906 62640
1732615205 63584 349 62905 62639
1732615206 63584 349 62904 62638
1732615207 63584 350 62903 62638
1732615208 63584 344 62910 62644
1732615209 63584 345 62909 62643
1732615210 63584 346 62908 62642
1732615211 63584 347 62906 62641
1732615212 63584 349 62905 62639
1732615213 63584 349 62904 62638
1732615214 63584 351 62903 62637
1732615215 63584 352 62902 62636
1732615216 63584 353 62900 62635
1732615217 63584 354 62900 62634
1732615218 63584 355 62899 62633
1732615219 63584 356 62897 62632
1732615220 63584 357 62897 62631
1732615221 63584 358 62895 62630
1732615222 63584 359 62894 62629
1732615223 63584 360 62893 62628
1732615224 63584 361 62892 62627
1732615225 63584 362 62891 62626
1732615226 63584 363 62890 62625
1732615227 63584 364 62889 62624
1732615228 63584 365 62888 62623
1732615229 63584 359 62894 62629
1732615230 63584 360 62893 62627
1732615231 63584 362 62892 62626
1732615232 63584 363 62891 62625
1732615233 63584 364 62890 62624
1732615234 63584 365 62889 62623
1732615235 63584 366 62888 62622
1732615236 63584 360 62894 62628
1732615237 63584 361 62893 62627
1732615238 63584 362 62891 62626
1732615239 63584 363 62891 62625
1732615240 63584 364 62890 62624
1732615241 63584 365 62888 62623
1732615242 63584 366 62887 62622
1732615243 63584 367 62886 62621
1732615244 63584 368 62885 62620
1732615245 63584 369 62884 62619
1732615246 63584 363 62891 62625
1732615247 63584 364 62889 62624
1732615248 63584 358 62896 62630
1732615249 63584 359 62894 62629
1732615250 63584 360 62893 62627
1732615251 63584 361 62892 62626
1732615252 63584 362 62891 62625
1732615253 63584 363 62890 62624
1732615254 63584 350 62903 62638
1732615255 63584 351 62902 62637
1732615256 63584 352 62901 62636
1732615257 63584 353 62900 62634
1732615258 63584 359 62895 62629
1732615259 63584 352 62901 62636
1732615260 63584 353 62900 62635
1732615261 63584 354 62899 62634
1732615262 63584 355 62898 62633
1732615263 63584 356 62897 62632
1732615264 63584 357 62896 62631
1732615265 63584 358 62895 62629
1732615266 63584 352 62901 62635
1732615267 63584 353 62900 62635
1732615268 63584 354 62899 62634
1732615269 63584 355 62898 62633
1732615270 63584 356 62897 62632
1732615271 63584 357 62896 62631
1732615272 63584 360 62893 62628
1732615273 63584 361 62892 62626
1732615274 63584 362 62891 62626
1732615275 63584 363 62890 62625
1732615276 63584 363 62891 62625
1732615277 63584 363 62891 62625
1732615278 63584 363 62890 62625
1732615279 63584 357 62897 62631
1732615280 63584 358 62896 62630
1732615281 63584 359 62894 62629
1732615282 63584 359 62894 62629
1732615283 63584 360 62894 62628
1732615284 63584 360 62893 62628
1732615285 63584 361 62892 62627
1732615286 63584 362 62891 62625
1732615287 63584 363 62890 62625
1732615289 63584 364 62889 62623
1732615290 63584 365 62888 62623
1732615291 63584 359 62895 62629
1732615292 63584 360 62893 62628
1732615293 63584 361 62893 62627
1732615294 63584 362 62892 62626
1732615295 63584 362 62891 62626
1732615296 63584 364 62889 62623
1732615297 63584 365 62888 62623
1732615298 63584 365 62888 62623
1732615299 63584 366 62887 62622
1732615300 63584 367 62886 62620
1732615301 63584 368 62885 62619
1732615302 63584 369 62885 62619
1732615303 63584 370 62883 62618
1732615304 63584 371 62882 62617
1732615305 63584 378 62876 62610
1732615306 63584 379 62875 62609
1732615307 63584 379 62874 62609
1732615308 63584 380 62874 62608
1732615309 63584 380 62873 62608
1732615310 63584 381 62872 62607
1732615311 63584 382 62871 62605
1732615312 63584 376 62877 62612
1732615313 63584 377 62876 62611
1732615314 63584 377 62876 62611
1732615315 63584 378 62875 62610
1732615316 63584 379 62875 62609
1732615317 63584 381 62873 62607
1732615318 63584 382 62872 62606
1732615319 63584 381 62872 62607
1732615320 63584 381 62872 62607
1732615321 63584 381 62872 62607
1732615322 63584 381 62872 62606
1732615323 63584 382 62871 62606
1732615324 63584 383 62870 62605
1732615325 63584 376 62878 62612
1732615326 63584 376 62877 62612
1732615327 63584 376 62877 62612
1732615328 63584 377 62876 62611
1732615329 63584 371 62882 62617
1732615330 63584 371 62882 62617
1732615331 63584 373 62880 62615
1732615332 63584 374 62879 62614
1732615333 63584 375 62878 62613
1732615334 63584 377 62877 62611
1732615335 63584 378 62875 62610
1732615336 63584 378 62876 62610
1732615337 63584 378 62876 62610
1732615338 63584 378 62876 62610
1732615339 63584 379 62874 62609
1732615340 63584 372 62881 62616
1732615341 63584 373 62880 62615
1732615342 63584 375 62879 62613
1732615343 63584 375 62879 62613
1732615344 63584 368 62885 62619
1732615345 63584 368 62885 62619
1732615346 63584 370 62884 62618
1732615347 63584 370 62884 62618
1732615348 63584 371 62883 62617
1732615349 63584 365 62888 62623
1732615350 63584 366 62887 62622
1732615351 63584 368 62886 62620
1732615352 63584 369 62885 62619
1732615353 63584 370 62884 62618
1732615354 63584 369 62884 62618
1732615355 63584 371 62882 62617
1732615356 63584 372 62881 62616
1732615357 63584 373 62880 62615
1732615358 63584 373 62880 62615
1732615359 63584 374 62879 62614
1732615360 63584 375 62878 62612
1732615361 63584 369 62884 62618
1732615362 63584 371 62883 62617
1732615363 63584 372 62881 62615
1732615364 63584 378 62875 62609
1732615365 63584 379 62874 62609
1732615366 63584 379 62874 62608
1732615367 63584 379 62874 62608
1732615368 63584 381 62872 62607
1732615369 63584 375 62879 62613
1732615371 63584 375 62879 62613
1732615372 63584 375 62878 62613
1732615373 63584 375 62878 62613
1732615374 63584 375 62878 62613
1732615375 63584 375 62878 62612
1732615376 63584 376 62877 62612
1732615377 63584 376 62877 62612
1732615378 63584 376 62877 62611
1732615379 63584 382 62871 62606
1732615380 63584 382 62871 62606
1732615381 63584 382 62871 62606
1732615382 63584 382 62871 62605
1732615383 63584 382 62871 62605
1732615384 63584 383 62871 62605
1732615385 63584 384 62869 62604
1732615386 63584 384 62869 62604
1732615387 63584 385 62869 62603
1732615388 63584 378 62875 62610
1732615389 63584 378 62875 62610
1732615390 63584 379 62875 62609
1732615391 63584 379 62875 62609
1732615392 63584 379 62874 62609
1732615393 63584 387 62866 62601
1732615394 63584 389 62865 62599
1732615395 63584 389 62865 62599
1732615396 63584 390 62864 62598
1732615397 63584 391 62863 62597
1732615398 63584 392 62862 62596
1732615399 63584 392 62861 62596
1732615400 63584 392 62861 62596
1732615401 63584 392 62861 62596
1732615402 63584 392 62861 62596
1732615403 63584 392 62861 62595
1732615404 63584 394 62860 62594
1732615405 63584 394 62859 62593
1732615406 63584 394 62859 62594
1732615407 63584 395 62858 62593
1732615408 63584 396 62857 62592
1732615409 63584 397 62856 62591
1732615410 63584 398 62855 62590
1732615411 63584 398 62856 62590
1732615412 63584 400 62854 62588
1732615413 63584 393 62860 62594
1732615414 63584 392 62862 62596
1732615415 63584 393 62861 62595
1732615416 63584 393 62860 62595
1732615417 63584 394 62860 62594
1732615418 63584 394 62859 62594
1732615419 63584 386 62867 62602
1732615420 63584 386 62867 62602
1732615421 63584 386 62867 62602
1732615422 63584 389 62864 62599
1732615423 63584 392 62861 62595
1732615424 63584 393 62860 62595
1732615425 63584 394 62859 62594
1732615426 63584 394 62859 62594
1732615427 63584 394 62859 62594
1732615428 63584 394 62859 62594
1732615429 63584 395 62858 62593
1732615430 63584 395 62858 62593
1732615431 63584 396 62857 62592
1732615432 63584 397 62856 62591
1732615433 63584 398 62856 62590
1732615434 63584 398 62855 62590
1732615435 63584 398 62855 62590
1732615436 63584 398 62855 62590
1732615437 63584 398 62855 62589
1732615438 63584 398 62855 62589
1732615439 63584 399 62855 62589
1732615440 63584 399 62855 62589
1732615441 63584 400 62854 62588
1732615442 63584 392 62861 62596
1732615443 63584 394 62860 62594
1732615444 63584 394 62859 62594
1732615445 63584 394 62859 62594
1732615446 63584 396 62858 62592
1732615447 63584 396 62857 62592
1732615448 63584 397 62856 62591
1732615449 63584 397 62856 62590
1732615450 63584 391 62862 62597
1732615451 63584 384 62869 62604
1732615453 63584 384 62869 62604
1732615454 63584 393 62860 62594
1732615455 63584 394 62859 62594
1732615456 63584 394 62859 62594
1732615457 63584 394 62859 62593
1732615458 63584 395 62858 62593
1732615459 63584 396 62857 62591
1732615460 63584 390 62864 62598
1732615461 63584 392 62861 62596
1732615462 63584 393 62860 62595
1732615463 63584 393 62860 62595
1732615464 63584 393 62860 62595
1732615465 63584 393 62860 62595
1732615466 63584 393 62860 62595
1732615467 63584 393 62860 62595
1732615468 63584 393 62860 62594
1732615469 63584 393 62860 62594
1732615470 63584 394 62859 62594
1732615471 63584 393 62860 62594
1732615472 63584 394 62859 62593
1732615473 63584 395 62858 62593
1732615474 63584 388 62866 62600
1732615475 63584 388 62865 62600
1732615476 63584 388 62865 62599
1732615477 63584 388 62865 62599
1732615478 63584 389 62864 62598
1732615479 63584 390 62863 62598
1732615480 63584 391 62863 62597
1732615481 63584 391 62862 62597
1732615482 63584 391 62862 62597
1732615483 63584 396 62858 62592
1732615484 63584 397 62857 62591
1732615485 63584 397 62856 62591
1732615486 63584 397 62856 62591
1732615487 63584 397 62856 62591
1732615488 63584 390 62863 62598
1732615489 63584 395 62858 62593
1732615490 63584 396 62858 62592
1732615491 63584 393 62860 62595
1732615492 63584 393 62860 62594
1732615493 63584 396 62858 62592
1732615494 63584 397 62857 62591
1732615495 63584 397 62857 62591
1732615496 63584 397 62857 62591
1732615497 63584 397 62856 62591
1732615498 63584 399 62855 62589
1732615499 63584 400 62854 62588
1732615500 63584 400 62853 62588
1732615501 63584 400 62853 62588
1732615502 63584 401 62852 62587
1732615503 63584 401 62852 62587
1732615504 63584 401 62852 62587
1732615505 63584 401 62852 62587
1732615506 63584 401 62852 62587
1732615507 63584 401 62852 62587
1732615508 63584 401 62852 62587
1732615509 63584 401 62852 62586
1732615510 63584 401 62852 62586
1732615511 63584 403 62850 62585
1732615512 63584 413 62841 62575
1732615513 63584 413 62840 62575
1732615514 63584 413 62840 62575
1732615515 63584 406 62847 62582
1732615516 63584 406 62847 62582
1732615517 63584 407 62846 62581
1732615518 63584 407 62846 62580
1732615519 63584 408 62845 62580
1732615520 63584 408 62845 62580
1732615521 63584 408 62845 62580
1732615522 63584 408 62845 62580
1732615523 63584 409 62844 62579
1732615524 63584 409 62844 62579
1732615525 63584 409 62844 62579
1732615526 63584 402 62851 62585
1732615527 63584 403 62850 62585
1732615528 63584 403 62850 62584
1732615529 63584 404 62849 62584
1732615530 63584 404 62849 62584
1732615531 63584 404 62849 62584
1732615532 63584 404 62849 62584
1732615534 63584 404 62849 62583
1732615535 63584 405 62848 62583
1732615536 63584 405 62848 62583
1732615537 63584 406 62847 62582
1732615538 63584 406 62847 62582
1732615539 63584 407 62846 62581
1732615540 63584 408 62845 62580
1732615541 63584 409 62845 62579
1732615542 63584 411 62842 62577
1732615543 63584 413 62840 62575
1732615544 63584 413 62840 62575
1732615545 63584 413 62840 62575
1732615546 63584 413 62840 62575
1732615547 63584 413 62840 62575
1732615548 63584 413 62840 62575
1732615549 63584 413 62840 62575
1732615550 63584 412 62841 62576
1732615551 63584 406 62847 62582
1732615552 63584 406 62847 62582
1732615553 63584 399 62854 62589
1732615554 63584 400 62854 62588
1732615555 63584 392 62861 62596
1732615556 63584 394 62859 62594
1732615557 63584 393 62860 62594
1732615558 63584 395 62858 62592
1732615559 63584 397 62856 62591
1732615560 63584 390 62863 62598
1732615561 63584 392 62861 62596
1732615562 63584 393 62860 62595
1732615563 63584 394 62859 62594
1732615564 63584 395 62858 62593
1732615565 63584 396 62858 62592
1732615566 63584 396 62857 62591
1732615567 63584 397 62856 62590
1732615568 63584 398 62855 62589
1732615569 63584 399 62854 62589
1732615570 63584 399 62854 62589
1732615571 63584 394 62859 62594
1732615572 63584 395 62859 62593
1732615573 63584 396 62857 62592
1732615574 63584 397 62856 62590
1732615575 63584 398 62855 62590
1732615576 63584 399 62854 62588
1732615577 63584 400 62853 62587
1732615578 63584 401 62852 62587
1732615579 63584 403 62850 62585
1732615580 63584 396 62857 62592
1732615581 63584 396 62857 62592
1732615582 63584 398 62856 62590
1732615583 63584 399 62854 62589
1732615584 63584 400 62853 62588
1732615585 63584 400 62853 62588
1732615586 63584 401 62852 62587
1732615587 63584 394 62859 62593
1732615588 63584 395 62858 62592
1732615589 63584 396 62857 62592
1732615590 63584 396 62857 62592
1732615591 63584 397 62856 62591
1732615592 63584 398 62855 62589
1732615593 63584 398 62855 62589
1732615594 63584 399 62854 62589
1732615595 63584 399 62854 62588
1732615596 63584 400 62853 62588
1732615597 63584 401 62852 62587
1732615598 63584 401 62852 62587
1732615599 63584 401 62852 62587
1732615600 63584 410 62843 62578
1732615601 63584 411 62842 62577
1732615602 63584 411 62842 62577
1732615603 63584 412 62841 62576
1732615604 63584 413 62840 62575
1732615605 63584 414 62839 62574
1732615606 63584 415 62838 62573
1732615607 63584 415 62838 62573
1732615608 63584 416 62837 62572
1732615609 63584 419 62834 62569
1732615610 63584 419 62834 62569
1732615611 63584 412 62841 62575
1732615612 63584 413 62840 62575
1732615613 63584 413 62840 62575
1732615615 63584 414 62839 62574
1732615616 63584 409 62844 62579
1732615617 63584 409 62844 62579
1732615618 63584 410 62844 62578
1732615619 63584 410 62843 62578
1732615620 63584 410 62843 62578
1732615621 63584 410 62843 62578
1732615622 63584 411 62843 62577
1732615623 63584 411 62842 62577
1732615624 63584 410 62843 62577
1732615625 63584 411 62842 62576
1732615626 63584 413 62840 62575
1732615627 63584 414 62839 62574
1732615628 63584 415 62838 62573
1732615629 63584 407 62846 62581
1732615630 63584 405 62848 62583
1732615631 63584 410 62843 62578
1732615632 63584 411 62842 62577
1732615633 63584 412 62841 62576
1732615634 63584 413 62840 62575
1732615635 63584 413 62840 62575
1732615636 63584 413 62840 62575
1732615637 63584 414 62839 62573
1732615638 63584 416 62837 62572
1732615639 63584 416 62837 62572
1732615640 63584 417 62836 62571
1732615641 63584 410 62843 62578
1732615642 63584 411 62842 62577
1732615643 63584 404 62849 62584
1732615644 63584 406 62847 62582
1732615645 63584 407 62846 62581
1732615646 63584 408 62845 62580
1732615647 63584 409 62844 62579
1732615648 63584 412 62841 62576
1732615649 63584 412 62841 62576
1732615650 63584 412 62841 62575
1732615651 63584 412 62841 62575
1732615652 63584 412 62841 62575
1732615653 63584 412 62841 62575
1732615654 63584 413 62840 62575
1732615655 63584 413 62840 62575
1732615656 63584 413 62840 62575
1732615657 63584 399 62854 62589
1732615658 63584 404 62849 62584
1732615659 63584 406 62847 62581
1732615660 63584 407 62846 62581
1732615661 63584 408 62845 62579
1732615662 63584 408 62845 62579
1732615663 63584 409 62844 62579
1732615664 63584 410 62843 62578
1732615665 63584 410 62843 62578
1732615666 63584 402 62851 62585
1732615667 63584 403 62850 62585
1732615668 63584 404 62849 62584
1732615669 63584 405 62848 62583
1732615670 63584 406 62847 62582
1732615671 63584 407 62846 62581
1732615672 63584 408 62845 62580
1732615673 63584 409 62844 62579
1732615674 63584 410 62843 62578
1732615675 63584 410 62843 62578
1732615676 63584 410 62843 62577
1732615677 63584 410 62843 62577
1732615678 63584 410 62843 62577
1732615679 63584 411 62842 62577
1732615680 63584 411 62842 62576
1732615681 63584 412 62841 62576
1732615682 63584 412 62841 62576
1732615683 63584 413 62840 62574
1732615684 63584 414 62839 62573
1732615685 63584 416 62837 62572
1732615686 63584 417 62836 62571
1732615687 63584 418 62835 62570
1732615688 63584 417 62836 62571
1732615689 63584 417 62836 62571
1732615690 63584 418 62835 62570
1732615691 63584 420 62833 62568
1732615692 63584 420 62833 62568
1732615693 63584 422 62830 62565
1732615694 63584 416 62837 62572
1732615695 63584 417 62835 62570
1732615697 63584 419 62834 62569
1732615698 63584 419 62834 62569
1732615699 63584 421 62832 62567
1732615700 63584 421 62832 62567
1732615701 63584 421 62832 62566
1732615702 63584 422 62831 62566
1732615703 63584 423 62830 62565
1732615704 63584 424 62829 62564
1732615705 63584 425 62828 62563
1732615706 63584 425 62828 62563
1732615707 63584 425 62828 62563
1732615708 63584 426 62827 62562
1732615709 63584 427 62826 62561
1732615710 63584 429 62824 62559
1732615711 63584 429 62824 62559
1732615712 63584 430 62823 62558
1732615713 63584 431 62822 62557
1732615714 63584 431 62822 62557
1732615715 63584 432 62821 62556
1732615716 63584 433 62820 62555
1732615717 63584 426 62827 62561
1732615718 63584 427 62826 62561
1732615719 63584 430 62823 62558
1732615720 63584 432 62821 62556
1732615721 63584 433 62820 62555
1732615722 63584 426 62827 62562
1732615723 63584 426 62827 62562
1732615724 63584 426 62826 62561
1732615725 63584 427 62825 62560
1732615726 63584 428 62825 62560
1732615727 63584 429 62824 62559
1732615728 63584 429 62824 62558
1732615729 63584 415 62838 62573
1732615730 63584 420 62833 62568
1732615731 63584 420 62833 62568
1732615732 63584 413 62840 62575
1732615733 63584 413 62840 62575
1732615734 63584 414 62839 62574
1732615735 63584 415 62838 62573
1732615736 63584 416 62837 62572
1732615737 63584 416 62836 62571
1732615738 63584 409 62843 62578
1732615739 63584 410 62843 62578
1732615740 63584 411 62842 62577
1732615741 63584 411 62842 62577
1732615742 63584 417 62836 62571
1732615743 63584 411 62842 62577
1732615744 63584 412 62840 62575
1732615745 63584 413 62840 62575
1732615746 63584 414 62839 62574
1732615747 63584 415 62838 62573
1732615748 63584 426 62827 62562
1732615749 63584 426 62826 62561
1732615750 63584 426 62826 62561
1732615751 63584 426 62826 62561
1732615752 63584 426 62826 62561
1732615753 63584 426 62826 62561
1732615754 63584 426 62826 62561
1732615755 63584 419 62833 62568
1732615756 63584 420 62833 62568
1732615757 63584 420 62833 62568
1732615758 63584 420 62833 62568
1732615759 63584 420 62833 62568
1732615760 63584 421 62832 62567
1732615761 63584 421 62832 62567
1732615762 63584 422 62831 62566
1732615763 63584 422 62830 62565
1732615764 63584 416 62837 62572
1732615765 63584 416 62837 62572
1732615766 63584 416 62836 62572
1732615767 63584 417 62836 62571
1732615768 63584 418 62835 62570
1732615769 63584 418 62835 62570
1732615770 63584 411 62842 62577
1732615771 63584 411 62842 62577
1732615772 63584 411 62842 62577
1732615773 63584 411 62841 62576
1732615774 63584 412 62841 62576
1732615775 63584 414 62839 62574
1732615776 63584 415 62838 62573
1732615777 63584 415 62838 62573
1732615779 63584 416 62837 62572
1732615780 63584 417 62836 62571
1732615781 63584 418 62835 62570
1732615782 63584 418 62834 62570
1732615783 63584 418 62834 62570
1732615784 63584 418 62834 62570
1732615785 63584 418 62835 62570
1732615786 63584 412 62841 62576
1732615787 63584 413 62840 62575
1732615788 63584 413 62839 62575
1732615789 63584 413 62839 62575
