222, 10240, 0, 0, 0
323, 30720, 0, 0, 0
423, 30720, 0, 0, 0
423, 10240, 1, 0, 0
523, 20480, 0, 0, 0
523, 10240, 1, 0, 0
622, 31030, 0, 0, 0
622, 10343, 1, 0, 0
722, 10240, 0, 0, 0
822, 30720, 0, 0, 0
922, 40960, 0, 0, 0
922, 20480, 1, 0, 0
1022, 20480, 0, 0, 0
1122, 10240, 0, 0, 0
1122, 20480, 1, 0, 0
1222, 10240, 0, 0, 0
1322, 51200, 0, 0, 0
1322, 20480, 1, 0, 0
1423, 51200, 0, 0, 0
1423, 30720, 1, 0, 0
1523, 10240, 0, 0, 0
1622, 20686, 0, 0, 0
1622, 10343, 1, 0, 0
1722, 30720, 0, 0, 0
1822, 40960, 0, 0, 0
1822, 10240, 1, 0, 0
1922, 30720, 0, 0, 0
2022, 10240, 0, 0, 0
2022, 10240, 1, 0, 0
2122, 10240, 0, 0, 0
2222, 20480, 0, 0, 0
2322, 20480, 0, 0, 0
2422, 10240, 0, 0, 0
2422, 10240, 1, 0, 0
2522, 20480, 0, 0, 0
2622, 20686, 0, 0, 0
2622, 10343, 1, 0, 0
2722, 10240, 0, 0, 0
2722, 10240, 1, 0, 0
2822, 30720, 0, 0, 0
2822, 10240, 1, 0, 0
2922, 20480, 0, 0, 0
3022, 20480, 0, 0, 0
3122, 30720, 0, 0, 0
3122, 40960, 1, 0, 0
3222, 30720, 0, 0, 0
3222, 10240, 1, 0, 0
3322, 10240, 0, 0, 0
3422, 20480, 0, 0, 0
3522, 10240, 0, 0, 0
3522, 10240, 1, 0, 0
3621, 20686, 0, 0, 0
3721, 30720, 0, 0, 0
3821, 20480, 0, 0, 0
3821, 10240, 1, 0, 0
3922, 30720, 0, 0, 0
3922, 10240, 1, 0, 0
4022, 40960, 0, 0, 0
4122, 10240, 0, 0, 0
4122, 10240, 1, 0, 0
4222, 10240, 0, 0, 0
4322, 30720, 0, 0, 0
4322, 20480, 1, 0, 0
4422, 10240, 0, 0, 0
4422, 10240, 1, 0, 0
4522, 10240, 0, 0, 0
4522, 10240, 1, 0, 0
4622, 30720, 0, 0, 0
4622, 10240, 1, 0, 0
4722, 61440, 0, 0, 0
4722, 10240, 1, 0, 0
4822, 40960, 0, 0, 0
4922, 30720, 0, 0, 0
4922, 10240, 1, 0, 0
5022, 10240, 0, 0, 0
5121, 10343, 0, 0, 0
5221, 30720, 0, 0, 0
5221, 61440, 1, 0, 0
5321, 20480, 0, 0, 0
5422, 30720, 0, 0, 0
5422, 10240, 1, 0, 0
5522, 51200, 0, 0, 0
5522, 30720, 1, 0, 0
5622, 61440, 0, 0, 0
5722, 20480, 0, 0, 0
5922, 30720, 0, 0, 0
6022, 20480, 0, 0, 0
6222, 51200, 0, 0, 0
6222, 10240, 1, 0, 0
6322, 30720, 0, 0, 0
6422, 10240, 0, 0, 0
6522, 10240, 0, 0, 0
6622, 30720, 0, 0, 0
6622, 10240, 1, 0, 0
6722, 30720, 0, 0, 0
6722, 10240, 1, 0, 0
6822, 20480, 0, 0, 0
6923, 30720, 0, 0, 0
7023, 10240, 0, 0, 0
7122, 31030, 0, 0, 0
7222, 10240, 0, 0, 0
7322, 51200, 0, 0, 0
7422, 20480, 0, 0, 0
7522, 10240, 0, 0, 0
7622, 10240, 0, 0, 0
7722, 61440, 0, 0, 0
7822, 10240, 0, 0, 0
7922, 30720, 0, 0, 0
7922, 10240, 1, 0, 0
8022, 10240, 0, 0, 0
8122, 20480, 0, 0, 0
8222, 20480, 0, 0, 0
8322, 20480, 0, 0, 0
8422, 20480, 0, 0, 0
8422, 10240, 1, 0, 0
8522, 51200, 0, 0, 0
8622, 51717, 0, 0, 0
8622, 10343, 1, 0, 0
8722, 51200, 0, 0, 0
8722, 20480, 1, 0, 0
8822, 20480, 0, 0, 0
8822, 20480, 1, 0, 0
9022, 20480, 0, 0, 0
9022, 10240, 1, 0, 0
9122, 20480, 0, 0, 0
9122, 20480, 1, 0, 0
9222, 20480, 0, 0, 0
9322, 10240, 0, 0, 0
9422, 20480, 0, 0, 0
9522, 30720, 0, 0, 0
9622, 30720, 0, 0, 0
9722, 51200, 0, 0, 0
9722, 20480, 1, 0, 0
9822, 10240, 0, 0, 0
9922, 20480, 0, 0, 0
9922, 10240, 1, 0, 0
10022, 10240, 0, 0, 0
10122, 10343, 0, 0, 0
10222, 30720, 0, 0, 0
10222, 10240, 1, 0, 0
10322, 10240, 0, 0, 0
10422, 30720, 0, 0, 0
10422, 40960, 1, 0, 0
10522, 20480, 0, 0, 0
10622, 20480, 0, 0, 0
10722, 20480, 0, 0, 0
10722, 10240, 1, 0, 0
10822, 20480, 0, 0, 0
10922, 10240, 0, 0, 0
11022, 20480, 0, 0, 0
11121, 20686, 0, 0, 0
11221, 10240, 0, 0, 0
11221, 10240, 1, 0, 0
11321, 20480, 0, 0, 0
11321, 20480, 1, 0, 0
11422, 20480, 0, 0, 0
11422, 20480, 1, 0, 0
11522, 10240, 0, 0, 0
11622, 40960, 0, 0, 0
11622, 20480, 1, 0, 0
11722, 10240, 0, 0, 0
11722, 20480, 1, 0, 0
11822, 20480, 0, 0, 0
11822, 10240, 1, 0, 0
11922, 10240, 0, 0, 0
11922, 10240, 1, 0, 0
12022, 10240, 0, 0, 0
12122, 30720, 0, 0, 0
12122, 10240, 1, 0, 0
12222, 40960, 0, 0, 0
12322, 20480, 0, 0, 0
12422, 20480, 0, 0, 0
12422, 20480, 1, 0, 0
12522, 10240, 0, 0, 0
12621, 10343, 0, 0, 0
12721, 30720, 0, 0, 0
12721, 20480, 1, 0, 0
12822, 10240, 0, 0, 0
12822, 10240, 1, 0, 0
12922, 30720, 0, 0, 0
12922, 20480, 1, 0, 0
13022, 20480, 0, 0, 0
13122, 20480, 0, 0, 0
13222, 10240, 0, 0, 0
13222, 20480, 1, 0, 0
13322, 10240, 0, 0, 0
13422, 10240, 0, 0, 0
13422, 20480, 1, 0, 0
13522, 20480, 0, 0, 0
13622, 20480, 0, 0, 0
13722, 10240, 0, 0, 0
13822, 20480, 0, 0, 0
13922, 10240, 0, 0, 0
13922, 10240, 1, 0, 0
14022, 20480, 0, 0, 0
14022, 10240, 1, 0, 0
14122, 20686, 0, 0, 0
14222, 20480, 0, 0, 0
14322, 10240, 0, 0, 0
14422, 30720, 0, 0, 0
14522, 10240, 0, 0, 0
14622, 20480, 0, 0, 0
14722, 40960, 0, 0, 0
14722, 20480, 1, 0, 0
14822, 20480, 0, 0, 0
14822, 10240, 1, 0, 0
14922, 20480, 0, 0, 0
15022, 10240, 0, 0, 0
15122, 51200, 0, 0, 0
15122, 20480, 1, 0, 0
15222, 30720, 0, 0, 0
15222, 10240, 1, 0, 0
15322, 20480, 1, 0, 0
15422, 20480, 0, 0, 0
15522, 20480, 0, 0, 0
15622, 10343, 0, 0, 0
15722, 20480, 0, 0, 0
15822, 10240, 0, 0, 0
15922, 40960, 0, 0, 0
16022, 30720, 0, 0, 0
16122, 30720, 0, 0, 0
16122, 20480, 1, 0, 0
16322, 10240, 0, 0, 0
16422, 10240, 0, 0, 0
16522, 30720, 0, 0, 0
16622, 10240, 0, 0, 0
16722, 61440, 0, 0, 0
16722, 20480, 1, 0, 0
16822, 10240, 0, 0, 0
16822, 30720, 1, 0, 0
16923, 30720, 0, 0, 0
17023, 10240, 0, 0, 0
17122, 10343, 0, 0, 0
17222, 30720, 0, 0, 0
17222, 20480, 1, 0, 0
17322, 40960, 0, 0, 0
17322, 30720, 1, 0, 0
17422, 40960, 0, 0, 0
17522, 40960, 0, 0, 0
17522, 20480, 1, 0, 0
17622, 40960, 0, 0, 0
17722, 51200, 0, 0, 0
17722, 10240, 1, 0, 0
17822, 30720, 0, 0, 0
17822, 20480, 1, 0, 0
17922, 20480, 0, 0, 0
18121, 20686, 0, 0, 0
18221, 40960, 0, 0, 0
18321, 51200, 0, 0, 0
18422, 30720, 0, 0, 0
18522, 51200, 0, 0, 0
18622, 20480, 0, 0, 0
18622, 10240, 1, 0, 0
18722, 30720, 0, 0, 0
18922, 20480, 0, 0, 0
19022, 61440, 0, 0, 0
19122, 20480, 0, 0, 0
19122, 10240, 1, 0, 0
19322, 10240, 0, 0, 0
19422, 10240, 0, 0, 0
19621, 62060, 0, 0, 0
19621, 10343, 1, 0, 0
19721, 30720, 0, 0, 0
19721, 10240, 1, 0, 0
19821, 51200, 0, 0, 0
19821, 30720, 1, 0, 0
19922, 10240, 0, 0, 0
20122, 10240, 0, 0, 0
20222, 10240, 0, 0, 0
20322, 10240, 0, 0, 0
20422, 10240, 0, 0, 0
20522, 20480, 0, 0, 0
20622, 20480, 0, 0, 0
20622, 20480, 1, 0, 0
20722, 10240, 0, 0, 0
20822, 20480, 0, 0, 0
20822, 20480, 1, 0, 0
20922, 30720, 0, 0, 0
20922, 10240, 1, 0, 0
21022, 30720, 0, 0, 0
21022, 40960, 1, 0, 0
21121, 10343, 0, 0, 0
21222, 40960, 0, 0, 0
21222, 20480, 1, 0, 0
21322, 51200, 0, 0, 0
21322, 10240, 1, 0, 0
21422, 20480, 0, 0, 0
21622, 30720, 0, 0, 0
21722, 20480, 0, 0, 0
21722, 10240, 1, 0, 0
21822, 10240, 0, 0, 0
21922, 10240, 0, 0, 0
21922, 30720, 1, 0, 0
22022, 20480, 0, 0, 0
22122, 30720, 0, 0, 0
22222, 20480, 0, 0, 0
22222, 51200, 1, 0, 0
22322, 30720, 0, 0, 0
22422, 10240, 0, 0, 0
22522, 20480, 0, 0, 0
22621, 20686, 0, 0, 0
22621, 10343, 1, 0, 0
22722, 20480, 0, 0, 0
22822, 10240, 0, 0, 0
22922, 10240, 0, 0, 0
23022, 20480, 0, 0, 0
23122, 20480, 0, 0, 0
23122, 10240, 1, 0, 0
23222, 40960, 0, 0, 0
23222, 10240, 1, 0, 0
23322, 10240, 0, 0, 0
23322, 10240, 1, 0, 0
23422, 30720, 0, 0, 0
23522, 10240, 0, 0, 0
23622, 10240, 0, 0, 0
23722, 10240, 0, 0, 0
23822, 30720, 0, 0, 0
23923, 30720, 0, 0, 0
23923, 10240, 1, 0, 0
24023, 20480, 0, 0, 0
24122, 31030, 0, 0, 0
24122, 20686, 1, 0, 0
24222, 20480, 0, 0, 0
24322, 20480, 0, 0, 0
24422, 51200, 0, 0, 0
24522, 10240, 0, 0, 0
24522, 20480, 1, 0, 0
24622, 20480, 0, 0, 0
24622, 10240, 1, 0, 0
24722, 71680, 0, 0, 0
24722, 51200, 1, 0, 0
24822, 20480, 0, 0, 0
24922, 10240, 0, 0, 0
25022, 20480, 0, 0, 0
25121, 82747, 0, 0, 0
25121, 20686, 1, 0, 0
25221, 10240, 0, 0, 0
25321, 30720, 0, 0, 0
25321, 10240, 1, 0, 0
25422, 10240, 0, 0, 0
25422, 10240, 1, 0, 0
25522, 40960, 0, 0, 0
25522, 10240, 1, 0, 0
25622, 30720, 0, 0, 0
25722, 10240, 0, 0, 0
25822, 10240, 0, 0, 0
25922, 30720, 0, 0, 0
25922, 10240, 1, 0, 0
26022, 10240, 0, 0, 0
26122, 10240, 0, 0, 0
26222, 40960, 0, 0, 0
26222, 10240, 1, 0, 0
26422, 20480, 0, 0, 0
26422, 20480, 1, 0, 0
26522, 20480, 0, 0, 0
26621, 20686, 0, 0, 0
26621, 20686, 1, 0, 0
26722, 10240, 0, 0, 0
26822, 20480, 0, 0, 0
26822, 30720, 1, 0, 0
26922, 10240, 0, 0, 0
27022, 30720, 0, 0, 0
27022, 20480, 1, 0, 0
27122, 20480, 0, 0, 0
27122, 10240, 1, 0, 0
27222, 10240, 0, 0, 0
27222, 10240, 1, 0, 0
27322, 30720, 0, 0, 0
27422, 20480, 0, 0, 0
27522, 10240, 0, 0, 0
27622, 20480, 0, 0, 0
27622, 10240, 1, 0, 0
27722, 10240, 0, 0, 0
27822, 10240, 0, 0, 0
27922, 20480, 0, 0, 0
28022, 20480, 0, 0, 0
28122, 41373, 0, 0, 0
28222, 10240, 0, 0, 0
28322, 10240, 0, 0, 0
28422, 20480, 0, 0, 0
28422, 10240, 1, 0, 0
28522, 40960, 0, 0, 0
28522, 10240, 1, 0, 0
28622, 30720, 0, 0, 0
28622, 10240, 1, 0, 0
28722, 10240, 0, 0, 0
28822, 10240, 0, 0, 0
28922, 20480, 0, 0, 0
28922, 10240, 1, 0, 0
29022, 30720, 0, 0, 0
29022, 30720, 1, 0, 0
29121, 20686, 0, 0, 0
29121, 31030, 1, 0, 0
29221, 30720, 0, 0, 0
29221, 10240, 1, 0, 0
29321, 20480, 0, 0, 0
29422, 30720, 0, 0, 0
29522, 10240, 0, 0, 0
29522, 30720, 1, 0, 0
29622, 30720, 0, 0, 0
29722, 40960, 0, 0, 0
29722, 10240, 1, 0, 0
29822, 40960, 0, 0, 0
29922, 10240, 0, 0, 0
29922, 10240, 1, 0, 0
30022, 20480, 0, 0, 0
30022, 20480, 1, 0, 0
30122, 10240, 0, 0, 0
30122, 10240, 1, 0, 0
30222, 20480, 0, 0, 0
30222, 10240, 1, 0, 0
30322, 20480, 0, 0, 0
30422, 30720, 0, 0, 0
30522, 30720, 0, 0, 0
30621, 20686, 0, 0, 0
30721, 20480, 0, 0, 0
30822, 20480, 0, 0, 0
30822, 10240, 1, 0, 0
30922, 20480, 0, 0, 0
30922, 10240, 1, 0, 0
31022, 30720, 0, 0, 0
31122, 20480, 0, 0, 0
31122, 10240, 1, 0, 0
31222, 10240, 0, 0, 0
31322, 10240, 0, 0, 0
31422, 10240, 0, 0, 0
31522, 30720, 0, 0, 0
31522, 10240, 1, 0, 0
31622, 10240, 0, 0, 0
31722, 30720, 0, 0, 0
31822, 20480, 0, 0, 0
31822, 10240, 1, 0, 0
31922, 10240, 0, 0, 0
32022, 20480, 0, 0, 0
32122, 20686, 0, 0, 0
32122, 20686, 1, 0, 0
32222, 30720, 0, 0, 0
32322, 20480, 0, 0, 0
32422, 20480, 0, 0, 0
32422, 10240, 1, 0, 0
32522, 20480, 0, 0, 0
32522, 10240, 1, 0, 0
32622, 10240, 0, 0, 0
32722, 10240, 0, 0, 0
32722, 10240, 1, 0, 0
32822, 20480, 0, 0, 0
32922, 30720, 0, 0, 0
33022, 10240, 0, 0, 0
33122, 30720, 0, 0, 0
33222, 40960, 0, 0, 0
33222, 10240, 1, 0, 0
33322, 40960, 0, 0, 0
33422, 30720, 0, 0, 0
33522, 30720, 0, 0, 0
33522, 20480, 1, 0, 0
33622, 20686, 0, 0, 0
33622, 10343, 1, 0, 0
33722, 51200, 0, 0, 0
33722, 20480, 1, 0, 0
33822, 20480, 0, 0, 0
33922, 20480, 0, 0, 0
34022, 30720, 0, 0, 0
34222, 30720, 0, 0, 0
34222, 10240, 1, 0, 0
34322, 30720, 0, 0, 0
34322, 10240, 1, 0, 0
34422, 40960, 0, 0, 0
34422, 10240, 1, 0, 0
34522, 30720, 0, 0, 0
34522, 20480, 1, 0, 0
34622, 10240, 0, 0, 0
34722, 102400, 0, 0, 0
34722, 20480, 1, 0, 0
34822, 81920, 0, 0, 0
34822, 10240, 1, 0, 0
34923, 30720, 0, 0, 0
35122, 31030, 0, 0, 0
35222, 30720, 0, 0, 0
35222, 10240, 1, 0, 0
35322, 10240, 0, 0, 0
35422, 10240, 0, 0, 0
35422, 10240, 1, 0, 0
35522, 10240, 0, 0, 0
35622, 10240, 0, 0, 0
35722, 102400, 0, 0, 0
35722, 20480, 1, 0, 0
35822, 81920, 0, 0, 0
35822, 10240, 1, 0, 0
35922, 81920, 0, 0, 0
35922, 51200, 1, 0, 0
36022, 71680, 0, 0, 0
36022, 20480, 1, 0, 0
36121, 82747, 0, 0, 0
36121, 20686, 1, 0, 0
36221, 61440, 0, 0, 0
36321, 10240, 0, 0, 0
36822, 30720, 0, 0, 0
36922, 61440, 0, 0, 0
36922, 40960, 1, 0, 0
37022, 122880, 0, 0, 0
37022, 30720, 1, 0, 0
37122, 30720, 0, 0, 0
37122, 10240, 1, 0, 0
37322, 30720, 0, 0, 0
37622, 10240, 0, 0, 0
37622, 10240, 1, 0, 0
37722, 51200, 0, 0, 0
37722, 10240, 1, 0, 0
37822, 61440, 0, 0, 0
37822, 40960, 1, 0, 0
37923, 30720, 0, 0, 0
38023, 30720, 0, 0, 0
38122, 10343, 0, 0, 0
38222, 40960, 0, 0, 0
38222, 10240, 1, 0, 0
38322, 20480, 0, 0, 0
38322, 10240, 1, 0, 0
38422, 30720, 0, 0, 0
38522, 61440, 0, 0, 0
38522, 10240, 1, 0, 0
38622, 81920, 0, 0, 0
38622, 10240, 1, 0, 0
38722, 51200, 0, 0, 0
38822, 20480, 0, 0, 0
38822, 10240, 1, 0, 0
38922, 61440, 0, 0, 0
38922, 20480, 1, 0, 0
39022, 40960, 0, 0, 0
39022, 10240, 1, 0, 0
39121, 20686, 0, 0, 0
39121, 10343, 1, 0, 0
39321, 10240, 0, 0, 0
39422, 20480, 0, 0, 0
39522, 30720, 0, 0, 0
39622, 40960, 0, 0, 0
39622, 10240, 1, 0, 0
39722, 51200, 0, 0, 0
39722, 10240, 1, 0, 0
39822, 40960, 0, 0, 0
39822, 10240, 1, 0, 0
39922, 30720, 0, 0, 0
40022, 10240, 0, 0, 0
40122, 30720, 0, 0, 0
40222, 40960, 0, 0, 0
40222, 20480, 1, 0, 0
40322, 10240, 0, 0, 0
40422, 30720, 0, 0, 0
40422, 10240, 1, 0, 0
40522, 92160, 0, 0, 0
40522, 10240, 1, 0, 0
40621, 10343, 0, 0, 0
40822, 40960, 0, 0, 0
40922, 51200, 0, 0, 0
41022, 51200, 0, 0, 0
41222, 30720, 0, 0, 0
41222, 10240, 1, 0, 0
41322, 20480, 0, 0, 0
41322, 20480, 1, 0, 0
41422, 30720, 0, 0, 0
41522, 30720, 0, 0, 0
41622, 20480, 0, 0, 0
41622, 10240, 1, 0, 0
41722, 10240, 0, 0, 0
41722, 10240, 1, 0, 0
41822, 20480, 0, 0, 0
41822, 10240, 1, 0, 0
41922, 10240, 0, 0, 0
42022, 30720, 0, 0, 0
42122, 41373, 0, 0, 0
42222, 10240, 0, 0, 0
42322, 10240, 0, 0, 0
42322, 10240, 1, 0, 0
42422, 10240, 0, 0, 0
42522, 30720, 0, 0, 0
42622, 10240, 0, 0, 0
42622, 10240, 1, 0, 0
42722, 10240, 0, 0, 0
42822, 40960, 0, 0, 0
42822, 10240, 1, 0, 0
42922, 10240, 0, 0, 0
42922, 10240, 1, 0, 0
43022, 10240, 0, 0, 0
43122, 10240, 0, 0, 0
43222, 20480, 0, 0, 0
43222, 10240, 1, 0, 0
43322, 10240, 0, 0, 0
43423, 30720, 0, 0, 0
43523, 20480, 0, 0, 0
43622, 20686, 0, 0, 0
43722, 10240, 0, 0, 0
43822, 61440, 0, 0, 0
43922, 30720, 0, 0, 0
43922, 10240, 1, 0, 0
44022, 51200, 0, 0, 0
44022, 10240, 1, 0, 0
44122, 20480, 0, 0, 0
44322, 20480, 0, 0, 0
44422, 30720, 0, 0, 0
44522, 20480, 0, 0, 0
44621, 41373, 0, 0, 0
44621, 41373, 1, 0, 0
44721, 30720, 0, 0, 0
44721, 30720, 1, 0, 0
44821, 81920, 0, 0, 0
44821, 10240, 1, 0, 0
44922, 20480, 0, 0, 0
45022, 20480, 0, 0, 0
45022, 40960, 1, 0, 0
45122, 40960, 0, 0, 0
45222, 20480, 0, 0, 0
45222, 10240, 1, 0, 0
45422, 10240, 0, 0, 0
45522, 10240, 0, 0, 0
45522, 10240, 1, 0, 0
45622, 20480, 0, 0, 0
45622, 10240, 1, 0, 0
45722, 40960, 0, 0, 0
45822, 10240, 0, 0, 0
45922, 20480, 0, 0, 0
46022, 30720, 0, 0, 0
46022, 10240, 1, 0, 0
46121, 20686, 0, 0, 0
46222, 30720, 0, 0, 0
46222, 10240, 1, 0, 0
46322, 30720, 0, 0, 0
46422, 51200, 0, 0, 0
46422, 10240, 1, 0, 0
46522, 10240, 0, 0, 0
46622, 30720, 0, 0, 0
46722, 10240, 0, 0, 0
46822, 30720, 0, 0, 0
46822, 20480, 1, 0, 0
46922, 40960, 0, 0, 0
46922, 10240, 1, 0, 0
47022, 51200, 0, 0, 0
47022, 10240, 1, 0, 0
47122, 10240, 0, 0, 0
47322, 30720, 0, 0, 0
47322, 10240, 1, 0, 0
47422, 20480, 0, 0, 0
47522, 51200, 0, 0, 0
47622, 31030, 0, 0, 0
47622, 10343, 1, 0, 0
47722, 20480, 0, 0, 0
47822, 20480, 0, 0, 0
47922, 20480, 0, 0, 0
48022, 20480, 0, 0, 0
48022, 10240, 1, 0, 0
48122, 20480, 0, 0, 0
48222, 20480, 0, 0, 0
48322, 30720, 0, 0, 0
48322, 20480, 1, 0, 0
48422, 30720, 0, 0, 0
48422, 20480, 1, 0, 0
48522, 20480, 0, 0, 0
48522, 10240, 1, 0, 0
48622, 20480, 0, 0, 0
48822, 40960, 0, 0, 0
48822, 30720, 1, 0, 0
48922, 40960, 0, 0, 0
49023, 51200, 0, 0, 0
49322, 30720, 0, 0, 0
49322, 10240, 1, 0, 0
49422, 20480, 0, 0, 0
49422, 10240, 1, 0, 0
49522, 20480, 0, 0, 0
49622, 40960, 0, 0, 0
49722, 40960, 0, 0, 0
49822, 61440, 0, 0, 0
49822, 10240, 1, 0, 0
49922, 61440, 0, 0, 0
49922, 10240, 1, 0, 0
50022, 40960, 0, 0, 0
50121, 62060, 0, 0, 0
50121, 20686, 1, 0, 0
50221, 40960, 0, 0, 0
50321, 30720, 0, 0, 0
50321, 10240, 1, 0, 0
50622, 30720, 0, 0, 0
50622, 20480, 1, 0, 0
50722, 10240, 0, 0, 0
50822, 20480, 0, 0, 0
50922, 20480, 0, 0, 0
51022, 81920, 0, 0, 0
51222, 20480, 0, 0, 0
51322, 10240, 0, 0, 0
51422, 10240, 0, 0, 0
51422, 10240, 1, 0, 0
51522, 81920, 0, 0, 0
51621, 20686, 0, 0, 0
51721, 20480, 0, 0, 0
51822, 40960, 0, 0, 0
51922, 51200, 0, 0, 0
52022, 40960, 0, 0, 0
52022, 30720, 1, 0, 0
52322, 30720, 0, 0, 0
52322, 20480, 1, 0, 0
52422, 20480, 0, 0, 0
52522, 10240, 0, 0, 0
52522, 10240, 1, 0, 0
52622, 10240, 0, 0, 0
52622, 10240, 1, 0, 0
52722, 20480, 0, 0, 0
52822, 30720, 0, 0, 0
52822, 10240, 1, 0, 0
52922, 30720, 0, 0, 0
52922, 10240, 1, 0, 0
53022, 10240, 0, 0, 0
53122, 31030, 0, 0, 0
53122, 10343, 1, 0, 0
53222, 10240, 0, 0, 0
53322, 30720, 0, 0, 0
53322, 30720, 1, 0, 0
53422, 10240, 0, 0, 0
53422, 10240, 1, 0, 0
53522, 20480, 0, 0, 0
53622, 10240, 0, 0, 0
53722, 40960, 0, 0, 0
53722, 20480, 1, 0, 0
53822, 30720, 0, 0, 0
53922, 20480, 0, 0, 0
53922, 10240, 1, 0, 0
54022, 30720, 0, 0, 0
54122, 20480, 0, 0, 0
54222, 20480, 0, 0, 0
54322, 10240, 0, 0, 0
54423, 10240, 0, 0, 0
54423, 10240, 1, 0, 0
54523, 61440, 0, 0, 0
54523, 10240, 1, 0, 0
54622, 51717, 0, 0, 0
54722, 61440, 0, 0, 0
54722, 20480, 1, 0, 0
54822, 61440, 0, 0, 0
55022, 10240, 0, 0, 0
55122, 112640, 0, 0, 0
55122, 30720, 1, 0, 0
55222, 81920, 0, 0, 0
55222, 20480, 1, 0, 0
55322, 10240, 0, 0, 0
55322, 10240, 1, 0, 0
55422, 10240, 0, 0, 0
55522, 30720, 0, 0, 0
55621, 41373, 0, 0, 0
55621, 20686, 1, 0, 0
55721, 30720, 0, 0, 0
55821, 30720, 0, 0, 0
55821, 30720, 1, 0, 0
55922, 10240, 0, 0, 0
56022, 30720, 0, 0, 0
56022, 10240, 1, 0, 0
56122, 10240, 0, 0, 0
56222, 10240, 0, 0, 0
56322, 20480, 0, 0, 0
56322, 10240, 1, 0, 0
56422, 20480, 0, 0, 0
56422, 30720, 1, 0, 0
56522, 40960, 0, 0, 0
56522, 10240, 1, 0, 0
56622, 10240, 0, 0, 0
56722, 51200, 0, 0, 0
56722, 20480, 1, 0, 0
56822, 30720, 0, 0, 0
56922, 10240, 0, 0, 0
56922, 20480, 1, 0, 0
57022, 20480, 0, 0, 0
57121, 20686, 0, 0, 0
57121, 10343, 1, 0, 0
57222, 20480, 0, 0, 0
57322, 10240, 0, 0, 0
57422, 20480, 0, 0, 0
57522, 40960, 0, 0, 0
57622, 10240, 0, 0, 0
57722, 30720, 0, 0, 0
57722, 10240, 1, 0, 0
57822, 10240, 0, 0, 0
57922, 20480, 0, 0, 0
58022, 10240, 0, 0, 0
58122, 30720, 0, 0, 0
58222, 20480, 0, 0, 0
58322, 10240, 0, 0, 0
58422, 10240, 0, 0, 0
58422, 10240, 1, 0, 0
58522, 61440, 0, 0, 0
58522, 30720, 1, 0, 0
58622, 51717, 0, 0, 0
58622, 10343, 1, 0, 0
58722, 10240, 0, 0, 0
58822, 20480, 0, 0, 0
58822, 10240, 1, 0, 0
58922, 10240, 0, 0, 0
59022, 30720, 0, 0, 0
59022, 30720, 1, 0, 0
59122, 30720, 0, 0, 0
59122, 20480, 1, 0, 0
59222, 20480, 0, 0, 0
59222, 20480, 1, 0, 0
59322, 61440, 0, 0, 0
59422, 30720, 0, 0, 0
59522, 51200, 0, 0, 0
59522, 10240, 1, 0, 0
59622, 30720, 0, 0, 0
59622, 20480, 1, 0, 0
59722, 10240, 0, 0, 0
59722, 10240, 1, 0, 0
59822, 30720, 0, 0, 0
59822, 10240, 1, 0, 0
59923, 71680, 0, 0, 0
59923, 20480, 1, 0, 0
60023, 40960, 0, 0, 0
60122, 31030, 0, 0, 0
60222, 10240, 0, 0, 0
60422, 10240, 0, 0, 0
60522, 20480, 0, 0, 0
60622, 40960, 0, 0, 0
60622, 20480, 1, 0, 0
60722, 20480, 0, 0, 0
60822, 10240, 0, 0, 0
60922, 30720, 0, 0, 0
60922, 20480, 1, 0, 0
61022, 10240, 0, 0, 0
61121, 20686, 0, 0, 0
61221, 61440, 0, 0, 0
61221, 30720, 1, 0, 0
61321, 51200, 0, 0, 0
61321, 10240, 1, 0, 0
61422, 10240, 0, 0, 0
61422, 10240, 1, 0, 0
61522, 10240, 0, 0, 0
61522, 10240, 1, 0, 0
61622, 20480, 0, 0, 0
61722, 40960, 0, 0, 0
61722, 10240, 1, 0, 0
61822, 51200, 0, 0, 0
61822, 20480, 1, 0, 0
61922, 10240, 0, 0, 0
62022, 51200, 0, 0, 0
62022, 20480, 1, 0, 0
62122, 61440, 0, 0, 0
62322, 10240, 0, 0, 0
62422, 20480, 0, 0, 0
62522, 10240, 0, 0, 0
62621, 10343, 0, 0, 0
62621, 10343, 1, 0, 0
62721, 30720, 0, 0, 0
62721, 10240, 1, 0, 0
62822, 20480, 0, 0, 0
62822, 10240, 1, 0, 0
62922, 71680, 0, 0, 0
62922, 20480, 1, 0, 0
63022, 40960, 0, 0, 0
63022, 20480, 1, 0, 0
63122, 10240, 0, 0, 0
63122, 10240, 1, 0, 0
63222, 40960, 0, 0, 0
63322, 10240, 0, 0, 0
63422, 20480, 0, 0, 0
63522, 30720, 0, 0, 0
63622, 30720, 0, 0, 0
63722, 30720, 0, 0, 0
63822, 40960, 0, 0, 0
63922, 10240, 0, 0, 0
64022, 20480, 0, 0, 0
64122, 10343, 0, 0, 0
64222, 30720, 0, 0, 0
64222, 20480, 1, 0, 0
64322, 30720, 0, 0, 0
64322, 20480, 1, 0, 0
64422, 20480, 0, 0, 0
64422, 10240, 1, 0, 0
64522, 20480, 0, 0, 0
64522, 10240, 1, 0, 0
64622, 40960, 0, 0, 0
64722, 20480, 0, 0, 0
64722, 10240, 1, 0, 0
64822, 61440, 0, 0, 0
64822, 10240, 1, 0, 0
64922, 20480, 0, 0, 0
65022, 10240, 0, 0, 0
65121, 31030, 0, 0, 0
65221, 30720, 0, 0, 0
65221, 10240, 1, 0, 0
65321, 40960, 0, 0, 0
65321, 10240, 1, 0, 0
65422, 71680, 0, 0, 0
65522, 10240, 0, 0, 0
65622, 81920, 0, 0, 0
65622, 40960, 1, 0, 0
65722, 122880, 0, 0, 0
65722, 51200, 1, 0, 0
65822, 61440, 0, 0, 0
65822, 10240, 1, 0, 0
65922, 61440, 0, 0, 0
65922, 20480, 1, 0, 0
66022, 71680, 0, 0, 0
66022, 40960, 1, 0, 0
66122, 51200, 0, 0, 0
66122, 10240, 1, 0, 0
66222, 71680, 0, 0, 0
66222, 10240, 1, 0, 0
66322, 122880, 0, 0, 0
66322, 10240, 1, 0, 0
66422, 112640, 0, 0, 0
66422, 20480, 1, 0, 0
66522, 51200, 0, 0, 0
66622, 72404, 0, 0, 0
66622, 10343, 1, 0, 0
66722, 51200, 0, 0, 0
66722, 10240, 1, 0, 0
66922, 20480, 0, 0, 0
67022, 10240, 0, 0, 0
67022, 10240, 1, 0, 0
67122, 51200, 0, 0, 0
67622, 81920, 0, 0, 0
67622, 10240, 1, 0, 0
67722, 81920, 0, 0, 0
67722, 10240, 1, 0, 0
67822, 10240, 0, 0, 0
68122, 72404, 0, 0, 0
68122, 10343, 1, 0, 0
68222, 40960, 0, 0, 0
68222, 10240, 1, 0, 0
68322, 40960, 0, 0, 0
68322, 10240, 1, 0, 0
68522, 30720, 0, 0, 0
68522, 20480, 1, 0, 0
68622, 30720, 0, 0, 0
68722, 20480, 0, 0, 0
68822, 40960, 0, 0, 0
68822, 10240, 1, 0, 0
68922, 40960, 0, 0, 0
68922, 20480, 1, 0, 0
69122, 30720, 0, 0, 0
69122, 10240, 1, 0, 0
69222, 10240, 0, 0, 0
69322, 20480, 0, 0, 0
69322, 30720, 1, 0, 0
69423, 40960, 0, 0, 0
69423, 10240, 1, 0, 0
69523, 40960, 0, 0, 0
69523, 20480, 1, 0, 0
69622, 31030, 0, 0, 0
69622, 10343, 1, 0, 0
69722, 40960, 0, 0, 0
69722, 10240, 1, 0, 0
69822, 61440, 0, 0, 0
69922, 40960, 0, 0, 0
69922, 10240, 1, 0, 0
70022, 30720, 0, 0, 0
70022, 10240, 1, 0, 0
70222, 20480, 0, 0, 0
70222, 10240, 1, 0, 0
70322, 10240, 0, 0, 0
70322, 10240, 1, 0, 0
70422, 10240, 0, 0, 0
70422, 10240, 1, 0, 0
70522, 71680, 0, 0, 0
70522, 51200, 1, 0, 0
70621, 10343, 0, 0, 0
70721, 10240, 0, 0, 0
70721, 20480, 1, 0, 0
70821, 10240, 0, 0, 0
70922, 20480, 0, 0, 0
71022, 10240, 0, 0, 0
71122, 20480, 0, 0, 0
71122, 10240, 1, 0, 0
71222, 92160, 0, 0, 0
71222, 10240, 1, 0, 0
71322, 92160, 0, 0, 0
71422, 112640, 0, 0, 0
71422, 20480, 1, 0, 0
71522, 51200, 0, 0, 0
71622, 40960, 0, 0, 0
71622, 20480, 1, 0, 0
71722, 10240, 0, 0, 0
71722, 10240, 1, 0, 0
71922, 61440, 0, 0, 0
72222, 92160, 0, 0, 0
72222, 51200, 1, 0, 0
72322, 143360, 0, 0, 0
72322, 40960, 1, 0, 0
72423, 20480, 0, 0, 0
72423, 10240, 1, 0, 0
72622, 51717, 0, 0, 0
72722, 40960, 0, 0, 0
72722, 10240, 1, 0, 0
72822, 10240, 0, 0, 0
72922, 51200, 0, 0, 0
72922, 10240, 1, 0, 0
73022, 10240, 0, 0, 0
73122, 10240, 0, 0, 0
73222, 10240, 0, 0, 0
73322, 51200, 0, 0, 0
73322, 10240, 1, 0, 0
73422, 51200, 0, 0, 0
73522, 30720, 0, 0, 0
73622, 51200, 0, 0, 0
73622, 10240, 1, 0, 0
73722, 10240, 0, 0, 0
73922, 20480, 0, 0, 0
74022, 20480, 0, 0, 0
74022, 30720, 1, 0, 0
74122, 72404, 0, 0, 0
74122, 10343, 1, 0, 0
74222, 30720, 0, 0, 0
74222, 10240, 1, 0, 0
74322, 10240, 0, 0, 0
74322, 10240, 1, 0, 0
74422, 20480, 0, 0, 0
74522, 51200, 0, 0, 0
74622, 10240, 0, 0, 0
74722, 20480, 0, 0, 0
74722, 10240, 1, 0, 0
74822, 30720, 0, 0, 0
74822, 10240, 1, 0, 0
74922, 20480, 0, 0, 0
75022, 51200, 0, 0, 0
75022, 10240, 1, 0, 0
75122, 10240, 0, 0, 0
75222, 30720, 0, 0, 0
75222, 40960, 1, 0, 0
75322, 30720, 0, 0, 0
75322, 10240, 1, 0, 0
75422, 61440, 0, 0, 0
75522, 20480, 0, 0, 0
75622, 31030, 0, 0, 0
75822, 20480, 0, 0, 0
75822, 10240, 1, 0, 0
75922, 10240, 0, 0, 0
76022, 51200, 0, 0, 0
76022, 10240, 1, 0, 0
76122, 20480, 0, 0, 0
76122, 20480, 1, 0, 0
76222, 61440, 0, 0, 0
76222, 10240, 1, 0, 0
76322, 20480, 0, 0, 0
76422, 20480, 0, 0, 0
76422, 20480, 1, 0, 0
76522, 40960, 0, 0, 0
76522, 10240, 1, 0, 0
76622, 10240, 0, 0, 0
76722, 10240, 0, 0, 0
76822, 30720, 0, 0, 0
76822, 10240, 1, 0, 0
76922, 10240, 0, 0, 0
77023, 20480, 0, 0, 0
77122, 10343, 0, 0, 0
77122, 20686, 1, 0, 0
77222, 10240, 0, 0, 0
77322, 10240, 0, 0, 0
77422, 20480, 0, 0, 0
77522, 10240, 0, 0, 0
77622, 30720, 0, 0, 0
77722, 30720, 0, 0, 0
77822, 61440, 0, 0, 0
77822, 10240, 1, 0, 0
77922, 51200, 0, 0, 0
77922, 10240, 1, 0, 0
78122, 20480, 0, 0, 0
78122, 10240, 1, 0, 0
78222, 10240, 0, 0, 0
78222, 10240, 1, 0, 0
78322, 20480, 0, 0, 0
78422, 40960, 0, 0, 0
78522, 51200, 0, 0, 0
78522, 20480, 1, 0, 0
78622, 20686, 0, 0, 0
78622, 10343, 1, 0, 0
78722, 10240, 0, 0, 0
78822, 20480, 0, 0, 0
78922, 20480, 0, 0, 0
78922, 20480, 1, 0, 0
79022, 10240, 0, 0, 0
79022, 10240, 1, 0, 0
79122, 10240, 0, 0, 0
79222, 10240, 0, 0, 0
79322, 30720, 0, 0, 0
79422, 30720, 0, 0, 0
79422, 10240, 1, 0, 0
79522, 20480, 0, 0, 0
79522, 10240, 1, 0, 0
79622, 61440, 0, 0, 0
79722, 10240, 0, 0, 0
79822, 71680, 0, 0, 0
79822, 20480, 1, 0, 0
79922, 122880, 0, 0, 0
79922, 30720, 1, 0, 0
80022, 40960, 0, 0, 0
80022, 10240, 1, 0, 0
80121, 10343, 0, 0, 0
80221, 10240, 0, 0, 0
80322, 20480, 0, 0, 0
80422, 10240, 0, 0, 0
80522, 10240, 0, 0, 0
80522, 10240, 1, 0, 0
80622, 30720, 0, 0, 0
80722, 30720, 0, 0, 0
80722, 10240, 1, 0, 0
80822, 10240, 0, 0, 0
80822, 10240, 1, 0, 0
80922, 20480, 0, 0, 0
81022, 20480, 0, 0, 0
81022, 10240, 1, 0, 0
81122, 20480, 0, 0, 0
81122, 20480, 1, 0, 0
81222, 20480, 0, 0, 0
81322, 30720, 0, 0, 0
81322, 20480, 1, 0, 0
81422, 30720, 0, 0, 0
81422, 10240, 1, 0, 0
81522, 30720, 0, 0, 0
81621, 10343, 0, 0, 0
81721, 30720, 0, 0, 0
81821, 30720, 0, 0, 0
81821, 10240, 1, 0, 0
81922, 40960, 0, 0, 0
82022, 30720, 0, 0, 0
82022, 10240, 1, 0, 0
82122, 20480, 0, 0, 0
82122, 10240, 1, 0, 0
82222, 20480, 0, 0, 0
82322, 20480, 0, 0, 0
82422, 40960, 0, 0, 0
82522, 10240, 0, 0, 0
82622, 30720, 0, 0, 0
82622, 20480, 1, 0, 0
82722, 20480, 0, 0, 0
82722, 10240, 1, 0, 0
82822, 30720, 0, 0, 0
82922, 10240, 0, 0, 0
83022, 20480, 0, 0, 0
83121, 10343, 0, 0, 0
83221, 40960, 0, 0, 0
83221, 20480, 1, 0, 0
83321, 51200, 0, 0, 0
83321, 61440, 1, 0, 0
83422, 61440, 0, 0, 0
83422, 51200, 1, 0, 0
83522, 20480, 0, 0, 0
83522, 10240, 1, 0, 0
83622, 20480, 0, 0, 0
83622, 10240, 1, 0, 0
83822, 20480, 0, 0, 0
83922, 20480, 0, 0, 0
83922, 20480, 1, 0, 0
84022, 10240, 0, 0, 0
84122, 40960, 0, 0, 0
84222, 10240, 0, 0, 0
84322, 30720, 0, 0, 0
84322, 10240, 1, 0, 0
84422, 10240, 0, 0, 0
84522, 20480, 0, 0, 0
84621, 10343, 0, 0, 0
84721, 61440, 0, 0, 0
84721, 30720, 1, 0, 0
84822, 40960, 0, 0, 0
84922, 51200, 0, 0, 0
85022, 40960, 0, 0, 0
85222, 20480, 0, 0, 0
85322, 40960, 0, 0, 0
85322, 30720, 1, 0, 0
85422, 81920, 0, 0, 0
85422, 10240, 1, 0, 0
85522, 10240, 0, 0, 0
85622, 20480, 0, 0, 0
85722, 10240, 0, 0, 0
85822, 40960, 0, 0, 0
85822, 10240, 1, 0, 0
85923, 20480, 0, 0, 0
85923, 10240, 1, 0, 0
86023, 20480, 0, 0, 0
86122, 20686, 0, 0, 0
86122, 10343, 1, 0, 0
86222, 20480, 0, 0, 0
86322, 20480, 0, 0, 0
86322, 20480, 1, 0, 0
86422, 40960, 0, 0, 0
86422, 10240, 1, 0, 0
86522, 40960, 0, 0, 0
86522, 30720, 1, 0, 0
86622, 71680, 0, 0, 0
86722, 51200, 0, 0, 0
86722, 20480, 1, 0, 0
86822, 40960, 0, 0, 0
86822, 10240, 1, 0, 0
86922, 20480, 0, 0, 0
87122, 20686, 0, 0, 0
87222, 10240, 0, 0, 0
87222, 20480, 1, 0, 0
87322, 30720, 0, 0, 0
87322, 10240, 1, 0, 0
87422, 71680, 0, 0, 0
87522, 51200, 0, 0, 0
87622, 10240, 0, 0, 0
87622, 10240, 1, 0, 0
87722, 40960, 0, 0, 0
87722, 20480, 1, 0, 0
87822, 10240, 0, 0, 0
87922, 20480, 0, 0, 0
88022, 30720, 0, 0, 0
88022, 10240, 1, 0, 0
88122, 51200, 0, 0, 0
88122, 10240, 1, 0, 0
88222, 20480, 0, 0, 0
88322, 20480, 0, 0, 0
88423, 30720, 0, 0, 0
88523, 20480, 0, 0, 0
88622, 10343, 0, 0, 0
88622, 10343, 1, 0, 0
89022, 51200, 0, 0, 0
89022, 10240, 1, 0, 0
89122, 30720, 0, 0, 0
89222, 10240, 0, 0, 0
89322, 30720, 0, 0, 0
89322, 20480, 1, 0, 0
89422, 10240, 0, 0, 0
89522, 20480, 0, 0, 0
89522, 30720, 1, 0, 0
89621, 10343, 0, 0, 0
89621, 10343, 1, 0, 0
89721, 20480, 0, 0, 0
89721, 30720, 1, 0, 0
89822, 10240, 0, 0, 0
89922, 40960, 0, 0, 0
89922, 20480, 1, 0, 0
90022, 20480, 0, 0, 0
90022, 10240, 1, 0, 0
90122, 20480, 0, 0, 0
90122, 10240, 1, 0, 0
90222, 10240, 0, 0, 0
90322, 20480, 0, 0, 0
90422, 20480, 0, 0, 0
90522, 51200, 0, 0, 0
90522, 10240, 1, 0, 0
90622, 20480, 0, 0, 0
90622, 10240, 1, 0, 0
90722, 10240, 0, 0, 0
90722, 10240, 1, 0, 0
90822, 40960, 0, 0, 0
90923, 10240, 0, 0, 0
91023, 61440, 0, 0, 0
91023, 10240, 1, 0, 0
91122, 41373, 0, 0, 0
91122, 10343, 1, 0, 0
91222, 40960, 0, 0, 0
91422, 20480, 0, 0, 0
91522, 61440, 0, 0, 0
91522, 10240, 1, 0, 0
91622, 20480, 0, 0, 0
91722, 30720, 0, 0, 0
91722, 10240, 1, 0, 0
91822, 10240, 0, 0, 0
91922, 10240, 0, 0, 0
92022, 20480, 0, 0, 0
92121, 41373, 0, 0, 0
92222, 20480, 0, 0, 0
92222, 30720, 1, 0, 0
92322, 30720, 0, 0, 0
92322, 20480, 1, 0, 0
92422, 30720, 0, 0, 0
92522, 30720, 0, 0, 0
92522, 30720, 1, 0, 0
92622, 20480, 0, 0, 0
92722, 20480, 0, 0, 0
92722, 10240, 1, 0, 0
92822, 10240, 0, 0, 0
92922, 30720, 0, 0, 0
93022, 10240, 0, 0, 0
93122, 40960, 0, 0, 0
93122, 10240, 1, 0, 0
93222, 40960, 0, 0, 0
93322, 20480, 0, 0, 0
93322, 10240, 1, 0, 0
93523, 40960, 0, 0, 0
93523, 10240, 1, 0, 0
93622, 155151, 0, 0, 0
93622, 31030, 1, 0, 0
93722, 20480, 0, 0, 0
94022, 51200, 0, 0, 0
94122, 92160, 0, 0, 0
94122, 30720, 1, 0, 0
94222, 92160, 0, 0, 0
94222, 20480, 1, 0, 0
94322, 81920, 0, 0, 0
94422, 71680, 0, 0, 0
94422, 20480, 1, 0, 0
94522, 71680, 0, 0, 0
94522, 10240, 1, 0, 0
94621, 51717, 0, 0, 0
94922, 20480, 0, 0, 0
95022, 81920, 0, 0, 0
95022, 10240, 1, 0, 0
95122, 71680, 0, 0, 0
95122, 20480, 1, 0, 0
95222, 10240, 0, 0, 0
95522, 20480, 0, 0, 0
95622, 20480, 0, 0, 0
95722, 20480, 0, 0, 0
95822, 10240, 0, 0, 0
95822, 10240, 1, 0, 0
95922, 20480, 0, 0, 0
96022, 20480, 0, 0, 0
96121, 20686, 0, 0, 0
96121, 10343, 1, 0, 0
96221, 10240, 0, 0, 0
96321, 30720, 0, 0, 0
96422, 10240, 0, 0, 0
96522, 30720, 0, 0, 0
96622, 10240, 0, 0, 0
96722, 20480, 0, 0, 0
96722, 10240, 1, 0, 0
96822, 20480, 0, 0, 0
96922, 30720, 0, 0, 0
97022, 20480, 0, 0, 0
97122, 20480, 0, 0, 0
97222, 20480, 0, 0, 0
97222, 10240, 1, 0, 0
97322, 20480, 0, 0, 0
97422, 10240, 0, 0, 0
97522, 10240, 0, 0, 0
97622, 20480, 0, 0, 0
97722, 51200, 0, 0, 0
97722, 10240, 1, 0, 0
97822, 10240, 0, 0, 0
97922, 40960, 0, 0, 0
97922, 10240, 1, 0, 0
98022, 40960, 0, 0, 0
98022, 30720, 1, 0, 0
98122, 20686, 0, 0, 0
98222, 10240, 0, 0, 0
98322, 40960, 0, 0, 0
98422, 10240, 0, 0, 0
98522, 30720, 0, 0, 0
98622, 10240, 0, 0, 0
98722, 40960, 0, 0, 0
98722, 10240, 1, 0, 0
98822, 10240, 0, 0, 0
98922, 40960, 0, 0, 0
98922, 10240, 1, 0, 0
99022, 10240, 0, 0, 0
99122, 30720, 0, 0, 0
99122, 10240, 1, 0, 0
99222, 20480, 0, 0, 0
99322, 10240, 0, 0, 0
99422, 20480, 0, 0, 0
99522, 10240, 0, 0, 0
99621, 62060, 0, 0, 0
99621, 20686, 1, 0, 0
99721, 20480, 0, 0, 0
99821, 40960, 0, 0, 0
99821, 20480, 1, 0, 0
99922, 10240, 0, 0, 0
100022, 51200, 0, 0, 0
100022, 40960, 1, 0, 0
100122, 71680, 0, 0, 0
100122, 51200, 1, 0, 0
100222, 40960, 0, 0, 0
100222, 10240, 1, 0, 0
100322, 51200, 0, 0, 0
100422, 40960, 0, 0, 0
100422, 20480, 1, 0, 0
100622, 61440, 0, 0, 0
100622, 20480, 1, 0, 0
100722, 20480, 0, 0, 0
100722, 10240, 1, 0, 0
100822, 40960, 0, 0, 0
100822, 10240, 1, 0, 0
101022, 10240, 0, 0, 0
101121, 20686, 0, 0, 0
101221, 30720, 0, 0, 0
101221, 10240, 1, 0, 0
101321, 30720, 0, 0, 0
101422, 10240, 0, 0, 0
101522, 20480, 0, 0, 0
101522, 10240, 1, 0, 0
101622, 81920, 0, 0, 0
101722, 71680, 0, 0, 0
101722, 40960, 1, 0, 0
101822, 30720, 0, 0, 0
101822, 20480, 1, 0, 0
101922, 51200, 0, 0, 0
102022, 10240, 0, 0, 0
102122, 51200, 0, 0, 0
102222, 10240, 0, 0, 0
102222, 10240, 1, 0, 0
102422, 40960, 0, 0, 0
102522, 61440, 0, 0, 0
102522, 30720, 1, 0, 0
102621, 20686, 0, 0, 0
102621, 20686, 1, 0, 0
102721, 30720, 0, 0, 0
102721, 20480, 1, 0, 0
102821, 20480, 0, 0, 0
102922, 20480, 0, 0, 0
103022, 10240, 0, 0, 0
103222, 20480, 0, 0, 0
103222, 20480, 1, 0, 0
103322, 10240, 0, 0, 0
103422, 10240, 0, 0, 0
103522, 40960, 0, 0, 0
103522, 20480, 1, 0, 0
103622, 10240, 0, 0, 0
103722, 40960, 0, 0, 0
103722, 40960, 1, 0, 0
103822, 71680, 0, 0, 0
103822, 10240, 1, 0, 0
103922, 10240, 0, 0, 0
104022, 40960, 0, 0, 0
104121, 10343, 0, 0, 0
104221, 10240, 0, 0, 0
104322, 51200, 0, 0, 0
104322, 10240, 1, 0, 0
104422, 30720, 0, 0, 0
104422, 30720, 1, 0, 0
104522, 30720, 0, 0, 0
104622, 81920, 0, 0, 0
104622, 51200, 1, 0, 0
104722, 30720, 0, 0, 0
104722, 10240, 1, 0, 0
104922, 20480, 0, 0, 0
104922, 10240, 1, 0, 0
105022, 10240, 0, 0, 0
105022, 10240, 1, 0, 0
105122, 71680, 0, 0, 0
105122, 40960, 1, 0, 0
105222, 40960, 0, 0, 0
105222, 10240, 1, 0, 0
105522, 30720, 0, 0, 0
105621, 10343, 0, 0, 0
105722, 30720, 0, 0, 0
105822, 10240, 0, 0, 0
105922, 40960, 0, 0, 0
105922, 20480, 1, 0, 0
106022, 20480, 0, 0, 0
106122, 20480, 0, 0, 0
106122, 10240, 1, 0, 0
106222, 40960, 0, 0, 0
106222, 40960, 1, 0, 0
106322, 10240, 0, 0, 0
106422, 30720, 0, 0, 0
106422, 20480, 1, 0, 0
106522, 10240, 0, 0, 0
106622, 30720, 0, 0, 0
106622, 20480, 1, 0, 0
106722, 51200, 0, 0, 0
106722, 20480, 1, 0, 0
106822, 51200, 0, 0, 0
106922, 40960, 0, 0, 0
107022, 20480, 0, 0, 0
107222, 51200, 0, 0, 0
107222, 20480, 1, 0, 0
107322, 10240, 0, 0, 0
107422, 10240, 0, 0, 0
107522, 51200, 0, 0, 0
107522, 10240, 1, 0, 0
107622, 20480, 0, 0, 0
107622, 10240, 1, 0, 0
107722, 10240, 0, 0, 0
107822, 10240, 0, 0, 0
107922, 10240, 0, 0, 0
108022, 30720, 0, 0, 0
108122, 30720, 0, 0, 0
108122, 10240, 1, 0, 0
108222, 30720, 0, 0, 0
108222, 10240, 1, 0, 0
108322, 10240, 0, 0, 0
108422, 20480, 0, 0, 0
108523, 20480, 0, 0, 0
108523, 10240, 1, 0, 0
108622, 10343, 0, 0, 0
108722, 30720, 0, 0, 0
108822, 30720, 0, 0, 0
108822, 20480, 1, 0, 0
109422, 30720, 0, 0, 0
109522, 10240, 0, 0, 0
109622, 30720, 0, 0, 0
109722, 10240, 0, 0, 0
109822, 20480, 0, 0, 0
109822, 10240, 1, 0, 0
109923, 51200, 0, 0, 0
109923, 30720, 1, 0, 0
110023, 30720, 0, 0, 0
110122, 72404, 0, 0, 0
110222, 51200, 0, 0, 0
110422, 10240, 0, 0, 0
110422, 10240, 1, 0, 0
110522, 20480, 0, 0, 0
110522, 10240, 1, 0, 0
110622, 20480, 0, 0, 0
110722, 10240, 0, 0, 0
110722, 10240, 1, 0, 0
110822, 61440, 0, 0, 0
110822, 10240, 1, 0, 0
110922, 10240, 0, 0, 0
110922, 20480, 1, 0, 0
111022, 10240, 0, 0, 0
111022, 20480, 1, 0, 0
111121, 41373, 0, 0, 0
111221, 10240, 0, 0, 0
111321, 10240, 0, 0, 0
111321, 30720, 1, 0, 0
111422, 71680, 0, 0, 0
111422, 10240, 1, 0, 0
111522, 51200, 0, 0, 0
111622, 20480, 0, 0, 0
111622, 10240, 1, 0, 0
111722, 61440, 0, 0, 0
111722, 10240, 1, 0, 0
111822, 20480, 0, 0, 0
111922, 40960, 0, 0, 0
112022, 40960, 0, 0, 0
112022, 10240, 1, 0, 0
112122, 40960, 0, 0, 0
112322, 10240, 0, 0, 0
112422, 40960, 0, 0, 0
112522, 40960, 0, 0, 0
112522, 10240, 1, 0, 0
112621, 62060, 0, 0, 0
112621, 31030, 1, 0, 0
112721, 20480, 0, 0, 0
112821, 20480, 0, 0, 0
112922, 20480, 0, 0, 0
112922, 10240, 1, 0, 0
113022, 61440, 0, 0, 0
113022, 10240, 1, 0, 0
113122, 30720, 0, 0, 0
113122, 20480, 1, 0, 0
113222, 51200, 0, 0, 0
113222, 20480, 1, 0, 0
113322, 30720, 0, 0, 0
113322, 20480, 1, 0, 0
113422, 71680, 0, 0, 0
113422, 20480, 1, 0, 0
113522, 20480, 0, 0, 0
113622, 10240, 0, 0, 0
113722, 10240, 0, 0, 0
113822, 10240, 0, 0, 0
113922, 20480, 0, 0, 0
114022, 20480, 0, 0, 0
114121, 31030, 0, 0, 0
114121, 10343, 1, 0, 0
114222, 10240, 0, 0, 0
114322, 40960, 0, 0, 0
114322, 10240, 1, 0, 0
114422, 40960, 0, 0, 0
114522, 51200, 0, 0, 0
114522, 10240, 1, 0, 0
114622, 40960, 0, 0, 0
114622, 30720, 1, 0, 0
114722, 81920, 0, 0, 0
114822, 71680, 0, 0, 0
114822, 10240, 1, 0, 0
114922, 61440, 0, 0, 0
114922, 20480, 1, 0, 0
115022, 40960, 0, 0, 0
115022, 10240, 1, 0, 0
115122, 71680, 0, 0, 0
115222, 10240, 0, 0, 0
115322, 10240, 0, 0, 0
115422, 81920, 0, 0, 0
115422, 40960, 1, 0, 0
115522, 30720, 0, 0, 0
115722, 10240, 0, 0, 0
115822, 40960, 0, 0, 0
115822, 10240, 1, 0, 0
115922, 30720, 0, 0, 0
115922, 20480, 1, 0, 0
116022, 30720, 0, 0, 0
116122, 10240, 0, 0, 0
116122, 10240, 1, 0, 0
116222, 10240, 0, 0, 0
116322, 40960, 0, 0, 0
116322, 30720, 1, 0, 0
116422, 30720, 0, 0, 0
116422, 10240, 1, 0, 0
116522, 30720, 0, 0, 0
116622, 20480, 0, 0, 0
116622, 20480, 1, 0, 0
116722, 40960, 0, 0, 0
116722, 20480, 1, 0, 0
116822, 20480, 0, 0, 0
116922, 10240, 0, 0, 0
117022, 10240, 0, 0, 0
117122, 31030, 0, 0, 0
117222, 20480, 0, 0, 0
117322, 10240, 0, 0, 0
117422, 20480, 0, 0, 0
117522, 10240, 0, 0, 0
117622, 20480, 0, 0, 0
117722, 51200, 0, 0, 0
117722, 20480, 1, 0, 0
117822, 30720, 0, 0, 0
117822, 10240, 1, 0, 0
117922, 10240, 0, 0, 0
117922, 10240, 1, 0, 0
118022, 20480, 0, 0, 0
118022, 20480, 1, 0, 0
118122, 51200, 0, 0, 0
118122, 30720, 1, 0, 0
118222, 30720, 0, 0, 0
118222, 20480, 1, 0, 0
118322, 20480, 0, 0, 0
118322, 10240, 1, 0, 0
118422, 20480, 0, 0, 0
118523, 10240, 0, 0, 0
118622, 10343, 0, 0, 0
118722, 20480, 0, 0, 0
118722, 20480, 1, 0, 0
118822, 61440, 0, 0, 0
118822, 10240, 1, 0, 0
119022, 30720, 0, 0, 0
119122, 30720, 0, 0, 0
119222, 20480, 0, 0, 0
119222, 20480, 1, 0, 0
119322, 20480, 0, 0, 0
119422, 40960, 0, 0, 0
119522, 20480, 0, 0, 0
119621, 51717, 0, 0, 0
119721, 71680, 0, 0, 0
119721, 10240, 1, 0, 0
119821, 30720, 0, 0, 0
120022, 20480, 0, 0, 0
120022, 10240, 1, 0, 0
120122, 102400, 0, 0, 0
120122, 10240, 1, 0, 0
120222, 30720, 0, 0, 0
120422, 61440, 0, 0, 0
120422, 30720, 1, 0, 0
120522, 10240, 0, 0, 0
120522, 10240, 1, 0, 0
120622, 20480, 0, 0, 0
120822, 10240, 0, 0, 0
120922, 20480, 0, 0, 0
120922, 10240, 1, 0, 0
121022, 20480, 0, 0, 0
121022, 10240, 1, 0, 0
121121, 10343, 0, 0, 0
121121, 10343, 1, 0, 0
121221, 30720, 0, 0, 0
121221, 10240, 1, 0, 0
121321, 61440, 0, 0, 0
121321, 10240, 1, 0, 0
121422, 30720, 0, 0, 0
121422, 61440, 1, 0, 0
121522, 30720, 0, 0, 0
121522, 10240, 1, 0, 0
121622, 71680, 0, 0, 0
121622, 51200, 1, 0, 0
121922, 10240, 0, 0, 0
121922, 20480, 1, 0, 0
122022, 30720, 0, 0, 0
122022, 20480, 1, 0, 0
122122, 20480, 0, 0, 0
122222, 10240, 0, 0, 0
122322, 51200, 0, 0, 0
122322, 10240, 1, 0, 0
122422, 10240, 0, 0, 0
122422, 10240, 1, 0, 0
122522, 133120, 0, 0, 0
122522, 61440, 1, 0, 0
122621, 62060, 0, 0, 0
122621, 20686, 1, 0, 0
122721, 81920, 0, 0, 0
122721, 30720, 1, 0, 0
122821, 61440, 0, 0, 0
122821, 20480, 1, 0, 0
122922, 61440, 0, 0, 0
122922, 30720, 1, 0, 0
123022, 133120, 0, 0, 0
123022, 71680, 1, 0, 0
123122, 61440, 0, 0, 0
123222, 81920, 0, 0, 0
123222, 10240, 1, 0, 0
123322, 61440, 0, 0, 0
123422, 71680, 0, 0, 0
123422, 10240, 1, 0, 0
123522, 10240, 0, 0, 0
123522, 10240, 1, 0, 0
123722, 10240, 0, 0, 0
123822, 20480, 0, 0, 0
124221, 51200, 0, 0, 0
124221, 30720, 1, 0, 0
124321, 71680, 0, 0, 0
124422, 30720, 0, 0, 0
124422, 10240, 1, 0, 0
124522, 10240, 0, 0, 0
124522, 10240, 1, 0, 0
124622, 30720, 0, 0, 0
124622, 20480, 1, 0, 0
124722, 81920, 0, 0, 0
124722, 71680, 1, 0, 0
124822, 61440, 0, 0, 0
124822, 20480, 1, 0, 0
124922, 81920, 0, 0, 0
124922, 30720, 1, 0, 0
125022, 20480, 0, 0, 0
125122, 40960, 0, 0, 0
125222, 20480, 0, 0, 0
125222, 10240, 1, 0, 0
125422, 10240, 0, 0, 0
125422, 10240, 1, 0, 0
125522, 10240, 0, 0, 0
125621, 10343, 0, 0, 0
125722, 30720, 0, 0, 0
125822, 40960, 0, 0, 0
125922, 10240, 0, 0, 0
126022, 10240, 0, 0, 0
126122, 30720, 0, 0, 0
126222, 30720, 0, 0, 0
126222, 20480, 1, 0, 0
126322, 30720, 0, 0, 0
126422, 20480, 0, 0, 0
126522, 20480, 0, 0, 0
126522, 10240, 1, 0, 0
126622, 20480, 0, 0, 0
126622, 10240, 1, 0, 0
126722, 20480, 0, 0, 0
126822, 10240, 0, 0, 0
126922, 20480, 0, 0, 0
127022, 20480, 0, 0, 0
127122, 10343, 0, 0, 0
127222, 30720, 0, 0, 0
127222, 10240, 1, 0, 0
127322, 10240, 0, 0, 0
127422, 20480, 0, 0, 0
127422, 51200, 1, 0, 0
127522, 20480, 0, 0, 0
127622, 30720, 0, 0, 0
127722, 20480, 0, 0, 0
127822, 10240, 0, 0, 0
127922, 30720, 0, 0, 0
127922, 10240, 1, 0, 0
128022, 30720, 0, 0, 0
128122, 10240, 0, 0, 0
128222, 10240, 0, 0, 0
128222, 20480, 1, 0, 0
128322, 20480, 0, 0, 0
128422, 10240, 0, 0, 0
128522, 40960, 0, 0, 0
128522, 10240, 1, 0, 0
128622, 20686, 0, 0, 0
128722, 20480, 0, 0, 0
128722, 10240, 1, 0, 0
128822, 30720, 0, 0, 0
128922, 20480, 0, 0, 0
129022, 10240, 0, 0, 0
129122, 30720, 0, 0, 0
129222, 10240, 0, 0, 0
129322, 61440, 0, 0, 0
129322, 40960, 1, 0, 0
129422, 10240, 0, 0, 0
129522, 30720, 0, 0, 0
129522, 10240, 1, 0, 0
129622, 10240, 0, 0, 0
129622, 10240, 1, 0, 0
129722, 10240, 0, 0, 0
129822, 10240, 0, 0, 0
129822, 10240, 1, 0, 0
129922, 51200, 0, 0, 0
130023, 10240, 0, 0, 0
130023, 10240, 1, 0, 0
130122, 51717, 0, 0, 0
130122, 31030, 1, 0, 0
130222, 61440, 0, 0, 0
130322, 20480, 0, 0, 0
130522, 20480, 0, 0, 0
130622, 30720, 0, 0, 0
130622, 30720, 1, 0, 0
130722, 10240, 0, 0, 0
130722, 10240, 1, 0, 0
130822, 10240, 0, 0, 0
130922, 20480, 0, 0, 0
130922, 10240, 1, 0, 0
131022, 92160, 0, 0, 0
131022, 10240, 1, 0, 0
131122, 10240, 0, 0, 0
131222, 10240, 0, 0, 0
131322, 20480, 0, 0, 0
131322, 10240, 1, 0, 0
131423, 40960, 0, 0, 0
131423, 10240, 1, 0, 0
131523, 10240, 0, 0, 0
131622, 10343, 0, 0, 0
131622, 10343, 1, 0, 0
131722, 30720, 0, 0, 0
131822, 10240, 0, 0, 0
131822, 30720, 1, 0, 0
131922, 10240, 0, 0, 0
132022, 61440, 0, 0, 0
132122, 61440, 0, 0, 0
132222, 51200, 0, 0, 0
132222, 10240, 1, 0, 0
132322, 122880, 0, 0, 0
132322, 20480, 1, 0, 0
132422, 102400, 0, 0, 0
132422, 10240, 1, 0, 0
132522, 92160, 0, 0, 0
132522, 20480, 1, 0, 0
132621, 31030, 0, 0, 0
132721, 10240, 0, 0, 0
132721, 10240, 1, 0, 0
132821, 40960, 0, 0, 0
132821, 20480, 1, 0, 0
132922, 20480, 0, 0, 0
133022, 61440, 0, 0, 0
133022, 61440, 1, 0, 0
133422, 51200, 0, 0, 0
133422, 20480, 1, 0, 0
133522, 112640, 0, 0, 0
133522, 20480, 1, 0, 0
133722, 51200, 0, 0, 0
133722, 20480, 1, 0, 0
133822, 30720, 0, 0, 0
133822, 10240, 1, 0, 0
134022, 30720, 0, 0, 0
134221, 20480, 0, 0, 0
134321, 51200, 0, 0, 0
134321, 10240, 1, 0, 0
134422, 10240, 0, 0, 0
134522, 40960, 0, 0, 0
134522, 10240, 1, 0, 0
134622, 61440, 0, 0, 0
134622, 10240, 1, 0, 0
134722, 61440, 0, 0, 0
134822, 10240, 0, 0, 0
135022, 10240, 0, 0, 0
135022, 10240, 1, 0, 0
135122, 40960, 0, 0, 0
135222, 71680, 0, 0, 0
135222, 10240, 1, 0, 0
135322, 20480, 0, 0, 0
135422, 20480, 0, 0, 0
135422, 30720, 1, 0, 0
135522, 92160, 0, 0, 0
135522, 10240, 1, 0, 0
135721, 30720, 0, 0, 0
135721, 40960, 1, 0, 0
135822, 51200, 0, 0, 0
135822, 10240, 1, 0, 0
135922, 40960, 0, 0, 0
135922, 20480, 1, 0, 0
136022, 40960, 0, 0, 0
136022, 10240, 1, 0, 0
136122, 10240, 0, 0, 0
136222, 40960, 0, 0, 0
136222, 40960, 1, 0, 0
136322, 20480, 0, 0, 0
136422, 30720, 0, 0, 0
136422, 10240, 1, 0, 0
136522, 10240, 0, 0, 0
136522, 30720, 1, 0, 0
136622, 20480, 0, 0, 0
136622, 20480, 1, 0, 0
136722, 30720, 0, 0, 0
136822, 20480, 0, 0, 0
136922, 61440, 0, 0, 0
136922, 20480, 1, 0, 0
137022, 30720, 0, 0, 0
137222, 20480, 0, 0, 0
137322, 10240, 0, 0, 0
137422, 40960, 0, 0, 0
137522, 10240, 0, 0, 0
137622, 40960, 0, 0, 0
137722, 10240, 0, 0, 0
137722, 10240, 1, 0, 0
137822, 51200, 0, 0, 0
137822, 20480, 1, 0, 0
138022, 20480, 0, 0, 0
138122, 30720, 0, 0, 0
138122, 10240, 1, 0, 0
138222, 30720, 0, 0, 0
138222, 40960, 1, 0, 0
138322, 10240, 0, 0, 0
138422, 40960, 0, 0, 0
138422, 20480, 1, 0, 0
138522, 10240, 0, 0, 0
138622, 20686, 0, 0, 0
138622, 10343, 1, 0, 0
138722, 10240, 0, 0, 0
138822, 30720, 0, 0, 0
138822, 10240, 1, 0, 0
138922, 20480, 0, 0, 0
138922, 10240, 1, 0, 0
139022, 10240, 0, 0, 0
139022, 10240, 1, 0, 0
139122, 20480, 0, 0, 0
139122, 20480, 1, 0, 0
139222, 30720, 0, 0, 0
139322, 30720, 0, 0, 0
139422, 10240, 0, 0, 0
139522, 20480, 0, 0, 0
139622, 20480, 0, 0, 0
139722, 10240, 0, 0, 0
139722, 10240, 1, 0, 0
139822, 20480, 0, 0, 0
139822, 10240, 1, 0, 0
139922, 61440, 0, 0, 0
139922, 10240, 1, 0, 0
140023, 30720, 0, 0, 0
140023, 10240, 1, 0, 0
140122, 51717, 0, 0, 0
140222, 20480, 0, 0, 0
140322, 30720, 0, 0, 0
140322, 10240, 1, 0, 0
140422, 40960, 0, 0, 0
140422, 10240, 1, 0, 0
140522, 10240, 0, 0, 0
140622, 51200, 0, 0, 0
140622, 10240, 1, 0, 0
140722, 30720, 0, 0, 0
140722, 10240, 1, 0, 0
140822, 10240, 0, 0, 0
140922, 30720, 0, 0, 0
141022, 10240, 0, 0, 0
141122, 20480, 0, 0, 0
141222, 20480, 0, 0, 0
141322, 10240, 0, 0, 0
141423, 40960, 0, 0, 0
141523, 20480, 0, 0, 0
141622, 10343, 0, 0, 0
141722, 20480, 0, 0, 0
141822, 10240, 0, 0, 0
141922, 30720, 0, 0, 0
142022, 20480, 0, 0, 0
142022, 10240, 1, 0, 0
142122, 20480, 0, 0, 0
142122, 10240, 1, 0, 0
142222, 10240, 0, 0, 0
142222, 10240, 1, 0, 0
142322, 20480, 0, 0, 0
142322, 10240, 1, 0, 0
142422, 30720, 0, 0, 0
142522, 40960, 0, 0, 0
142522, 10240, 1, 0, 0
142622, 10240, 0, 0, 0
142722, 20480, 0, 0, 0
142822, 20480, 0, 0, 0
142923, 20480, 0, 0, 0
142923, 10240, 1, 0, 0
143023, 20480, 0, 0, 0
143122, 20686, 0, 0, 0
143222, 10240, 0, 0, 0
143322, 30720, 0, 0, 0
143422, 10240, 0, 0, 0
143522, 10240, 0, 0, 0
143622, 30720, 0, 0, 0
143722, 30720, 0, 0, 0
143722, 20480, 1, 0, 0
143822, 10240, 0, 0, 0
143922, 61440, 0, 0, 0
143922, 20480, 1, 0, 0
144022, 20480, 0, 0, 0
144121, 10343, 0, 0, 0
144221, 20480, 0, 0, 0
144321, 10240, 0, 0, 0
144422, 40960, 0, 0, 0
144422, 10240, 1, 0, 0
144522, 10240, 0, 0, 0
144522, 10240, 1, 0, 0
144622, 61440, 0, 0, 0
144622, 10240, 1, 0, 0
144722, 71680, 0, 0, 0
144722, 30720, 1, 0, 0
144822, 10240, 0, 0, 0
144822, 10240, 1, 0, 0
144922, 10240, 0, 0, 0
145022, 30720, 0, 0, 0
145122, 40960, 0, 0, 0
145122, 10240, 1, 0, 0
145222, 20480, 0, 0, 0
145222, 10240, 1, 0, 0
145322, 20480, 0, 0, 0
145422, 92160, 0, 0, 0
145422, 30720, 1, 0, 0
145522, 61440, 0, 0, 0
145522, 30720, 1, 0, 0
145722, 20480, 0, 0, 0
145822, 40960, 0, 0, 0
145822, 20480, 1, 0, 0
145922, 40960, 0, 0, 0
146022, 20480, 0, 0, 0
146122, 10240, 0, 0, 0
146122, 20480, 1, 0, 0
146222, 10240, 0, 0, 0
146322, 10240, 0, 0, 0
146422, 10240, 0, 0, 0
146522, 20480, 0, 0, 0
146622, 20480, 0, 0, 0
146622, 10240, 1, 0, 0
146722, 20480, 0, 0, 0
146822, 40960, 0, 0, 0
146922, 20480, 0, 0, 0
147023, 10240, 0, 0, 0
147122, 10343, 0, 0, 0
147222, 51200, 0, 0, 0
147222, 20480, 1, 0, 0
147322, 10240, 0, 0, 0
147422, 40960, 0, 0, 0
147522, 30720, 0, 0, 0
147522, 10240, 1, 0, 0
147622, 20480, 0, 0, 0
147722, 30720, 0, 0, 0
147822, 30720, 0, 0, 0
147822, 10240, 1, 0, 0
147922, 51200, 0, 0, 0
147922, 10240, 1, 0, 0
148022, 51200, 0, 0, 0
148022, 10240, 1, 0, 0
148222, 10240, 0, 0, 0
148322, 20480, 0, 0, 0
148322, 20480, 1, 0, 0
148423, 71680, 0, 0, 0
148423, 10240, 1, 0, 0
148523, 30720, 0, 0, 0
148523, 10240, 1, 0, 0
148622, 41373, 0, 0, 0
148622, 31030, 1, 0, 0
148722, 20480, 0, 0, 0
148922, 20480, 0, 0, 0
148922, 10240, 1, 0, 0
149022, 30720, 0, 0, 0
149122, 10240, 0, 0, 0
149222, 30720, 0, 0, 0
149222, 30720, 1, 0, 0
149322, 51200, 0, 0, 0
149322, 30720, 1, 0, 0
149422, 20480, 0, 0, 0
149422, 10240, 1, 0, 0
149522, 10240, 0, 0, 0
149522, 20480, 1, 0, 0
149622, 51200, 0, 0, 0
149722, 30720, 0, 0, 0
149722, 20480, 1, 0, 0
149822, 10240, 0, 0, 0
149923, 20480, 0, 0, 0
149923, 10240, 1, 0, 0
150023, 40960, 0, 0, 0
150122, 72404, 0, 0, 0
150122, 10343, 1, 0, 0
150222, 112640, 0, 0, 0
150222, 30720, 1, 0, 0
150322, 40960, 0, 0, 0
150322, 10240, 1, 0, 0
150422, 20480, 0, 0, 0
150522, 92160, 0, 0, 0
150522, 10240, 1, 0, 0
150622, 61440, 0, 0, 0
150622, 20480, 1, 0, 0
150722, 112640, 0, 0, 0
150722, 71680, 1, 0, 0
150822, 51200, 0, 0, 0
150822, 10240, 1, 0, 0
150922, 71680, 0, 0, 0
150922, 30720, 1, 0, 0
151022, 51200, 0, 0, 0
151022, 10240, 1, 0, 0
151122, 51200, 0, 0, 0
151122, 30720, 1, 0, 0
151523, 71680, 0, 0, 0
151523, 20480, 1, 0, 0
151922, 20480, 0, 0, 0
152022, 92160, 0, 0, 0
152022, 30720, 1, 0, 0
152122, 112640, 0, 0, 0
152122, 10240, 1, 0, 0
152222, 61440, 0, 0, 0
152222, 30720, 1, 0, 0
152422, 10240, 0, 0, 0
152522, 20480, 0, 0, 0
152622, 20480, 0, 0, 0
152722, 10240, 0, 0, 0
152822, 10240, 0, 0, 0
152923, 40960, 0, 0, 0
152923, 10240, 1, 0, 0
153023, 10240, 0, 0, 0
153023, 20480, 1, 0, 0
153122, 31030, 0, 0, 0
153122, 10343, 1, 0, 0
153222, 10240, 0, 0, 0
153322, 30720, 0, 0, 0
153322, 20480, 1, 0, 0
153422, 20480, 0, 0, 0
153522, 20480, 0, 0, 0
153622, 10240, 0, 0, 0
153722, 71680, 0, 0, 0
153722, 10240, 1, 0, 0
153822, 10240, 0, 0, 0
153922, 20480, 0, 0, 0
153922, 10240, 1, 0, 0
154022, 20480, 0, 0, 0
154122, 20480, 0, 0, 0
154222, 30720, 0, 0, 0
154222, 10240, 1, 0, 0
154322, 20480, 0, 0, 0
154322, 10240, 1, 0, 0
154423, 30720, 0, 0, 0
154423, 20480, 1, 0, 0
154523, 61440, 0, 0, 0
154523, 10240, 1, 0, 0
154622, 31030, 0, 0, 0
154622, 20686, 1, 0, 0
154722, 92160, 0, 0, 0
154722, 40960, 1, 0, 0
154822, 20480, 0, 0, 0
154922, 40960, 0, 0, 0
155022, 20480, 0, 0, 0
155122, 30720, 0, 0, 0
155122, 10240, 1, 0, 0
155222, 71680, 0, 0, 0
155222, 10240, 1, 0, 0
155322, 20480, 0, 0, 0
155621, 10343, 0, 0, 0
155721, 20480, 0, 0, 0
155721, 10240, 1, 0, 0
155821, 20480, 0, 0, 0
155821, 20480, 1, 0, 0
155922, 10240, 0, 0, 0
156022, 10240, 0, 0, 0
156022, 10240, 1, 0, 0
156122, 30720, 0, 0, 0
156122, 30720, 1, 0, 0
156222, 20480, 0, 0, 0
156322, 20480, 0, 0, 0
156422, 30720, 0, 0, 0
156522, 10240, 0, 0, 0
156622, 20480, 0, 0, 0
156722, 71680, 0, 0, 0
156722, 30720, 1, 0, 0
156822, 20480, 0, 0, 0
156822, 10240, 1, 0, 0
156922, 20480, 0, 0, 0
157022, 10240, 0, 0, 0
157121, 41373, 0, 0, 0
157121, 10343, 1, 0, 0
157222, 30720, 0, 0, 0
157322, 20480, 0, 0, 0
157422, 20480, 0, 0, 0
157522, 40960, 0, 0, 0
157522, 10240, 1, 0, 0
157622, 40960, 0, 0, 0
157722, 10240, 0, 0, 0
157722, 10240, 1, 0, 0
157822, 20480, 0, 0, 0
157822, 10240, 1, 0, 0
157922, 71680, 0, 0, 0
158022, 20480, 0, 0, 0
158122, 40960, 0, 0, 0
158222, 20480, 0, 0, 0
158222, 10240, 1, 0, 0
158322, 10240, 0, 0, 0
158422, 10240, 0, 0, 0
158523, 30720, 0, 0, 0
158523, 10240, 1, 0, 0
158622, 10343, 0, 0, 0
158722, 20480, 0, 0, 0
158822, 40960, 0, 0, 0
158822, 10240, 1, 0, 0
158922, 51200, 0, 0, 0
158922, 40960, 1, 0, 0
159022, 30720, 0, 0, 0
159122, 30720, 0, 0, 0
159322, 10240, 0, 0, 0
159422, 10240, 0, 0, 0
159522, 20480, 0, 0, 0
159622, 51200, 0, 0, 0
159622, 10240, 1, 0, 0
159722, 20480, 0, 0, 0
159822, 30720, 0, 0, 0
159923, 10240, 0, 0, 0
159923, 10240, 1, 0, 0
160023, 40960, 0, 0, 0
160122, 51717, 0, 0, 0
160222, 30720, 0, 0, 0
160422, 30720, 0, 0, 0
160422, 10240, 1, 0, 0
160522, 20480, 0, 0, 0
160622, 30720, 0, 0, 0
160722, 30720, 0, 0, 0
160722, 10240, 1, 0, 0
160822, 30720, 0, 0, 0
160922, 20480, 0, 0, 0
160922, 10240, 1, 0, 0
161022, 10240, 0, 0, 0
161121, 20686, 0, 0, 0
161221, 51200, 0, 0, 0
161321, 20480, 0, 0, 0
161321, 20480, 1, 0, 0
161422, 20480, 0, 0, 0
161522, 10240, 0, 0, 0
161622, 10240, 0, 0, 0
161622, 10240, 1, 0, 0
161722, 20480, 0, 0, 0
161822, 10240, 0, 0, 0
161922, 20480, 0, 0, 0
162022, 30720, 0, 0, 0
162122, 10240, 0, 0, 0
162222, 10240, 0, 0, 0
162322, 51200, 0, 0, 0
162322, 20480, 1, 0, 0
162422, 40960, 0, 0, 0
162522, 51200, 0, 0, 0
162622, 81920, 0, 0, 0
162622, 10240, 1, 0, 0
162722, 51200, 0, 0, 0
162822, 81920, 0, 0, 0
162822, 10240, 1, 0, 0
162923, 61440, 0, 0, 0
162923, 10240, 1, 0, 0
163023, 71680, 0, 0, 0
163023, 30720, 1, 0, 0
163122, 51717, 0, 0, 0
163222, 30720, 0, 0, 0
163222, 10240, 1, 0, 0
163322, 40960, 0, 0, 0
163622, 61440, 0, 0, 0
163722, 81920, 0, 0, 0
163722, 20480, 1, 0, 0
163822, 51200, 0, 0, 0
163822, 10240, 1, 0, 0
164222, 20480, 0, 0, 0
164222, 10240, 1, 0, 0
164322, 51200, 0, 0, 0
164322, 10240, 1, 0, 0
164423, 20480, 0, 0, 0
164423, 10240, 1, 0, 0
164523, 30720, 0, 0, 0
164523, 10240, 1, 0, 0
164622, 31030, 0, 0, 0
164722, 30720, 0, 0, 0
164822, 20480, 0, 0, 0
164922, 30720, 0, 0, 0
165022, 10240, 0, 0, 0
165122, 40960, 0, 0, 0
165122, 10240, 1, 0, 0
165222, 61440, 0, 0, 0
165222, 20480, 1, 0, 0
165322, 30720, 0, 0, 0
165422, 20480, 0, 0, 0
165422, 10240, 1, 0, 0
165522, 10240, 0, 0, 0
165622, 20480, 0, 0, 0
165622, 10240, 1, 0, 0
165722, 20480, 0, 0, 0
165722, 10240, 1, 0, 0
165822, 61440, 0, 0, 0
165822, 10240, 1, 0, 0
165923, 20480, 0, 0, 0
166023, 20480, 0, 0, 0
166122, 31030, 0, 0, 0
166122, 10343, 1, 0, 0
166222, 30720, 0, 0, 0
166222, 10240, 1, 0, 0
166322, 20480, 0, 0, 0
166422, 40960, 0, 0, 0
166422, 10240, 1, 0, 0
166522, 20480, 0, 0, 0
166622, 10240, 0, 0, 0
166622, 10240, 1, 0, 0
166722, 20480, 0, 0, 0
166822, 30720, 0, 0, 0
166922, 40960, 0, 0, 0
166922, 51200, 1, 0, 0
167022, 10240, 0, 0, 0
167121, 31030, 0, 0, 0
167222, 10240, 0, 0, 0
167322, 20480, 0, 0, 0
167422, 30720, 0, 0, 0
167422, 30720, 1, 0, 0
167522, 20480, 0, 0, 0
167522, 20480, 1, 0, 0
167622, 30720, 0, 0, 0
167722, 40960, 0, 0, 0
167822, 20480, 0, 0, 0
167922, 10240, 0, 0, 0
168022, 20480, 0, 0, 0
168022, 10240, 1, 0, 0
168122, 30720, 0, 0, 0
168222, 61440, 0, 0, 0
168222, 10240, 1, 0, 0
168322, 10240, 0, 0, 0
168422, 10240, 0, 0, 0
168522, 20480, 0, 0, 0
168622, 10343, 0, 0, 0
168722, 20480, 0, 0, 0
168822, 40960, 0, 0, 0
168822, 10240, 1, 0, 0
168922, 51200, 0, 0, 0
168922, 10240, 1, 0, 0
169022, 10240, 0, 0, 0
169122, 10240, 0, 0, 0
169222, 30720, 0, 0, 0
169222, 10240, 1, 0, 0
169322, 10240, 0, 0, 0
169422, 10240, 0, 0, 0
169522, 30720, 0, 0, 0
169522, 20480, 1, 0, 0
169622, 20480, 0, 0, 0
169722, 10240, 0, 0, 0
169822, 40960, 0, 0, 0
169922, 40960, 0, 0, 0
170023, 20480, 0, 0, 0
170122, 20686, 0, 0, 0
170222, 81920, 0, 0, 0
170222, 30720, 1, 0, 0
170322, 10240, 0, 0, 0
170422, 30720, 0, 0, 0
170422, 20480, 1, 0, 0
170522, 20480, 0, 0, 0
170622, 10240, 0, 0, 0
170622, 10240, 1, 0, 0
170722, 10240, 0, 0, 0
170822, 30720, 0, 0, 0
170922, 30720, 0, 0, 0
171022, 10240, 0, 0, 0
171122, 20480, 0, 0, 0
171122, 10240, 1, 0, 0
171222, 10240, 0, 0, 0
171322, 20480, 0, 0, 0
171322, 10240, 1, 0, 0
171423, 10240, 0, 0, 0
171523, 20480, 0, 0, 0
171622, 31030, 0, 0, 0
171622, 20686, 1, 0, 0
171722, 20480, 0, 0, 0
171822, 10240, 0, 0, 0
171922, 20480, 0, 0, 0
172022, 10240, 0, 0, 0
172122, 30720, 0, 0, 0
172222, 20480, 0, 0, 0
172322, 40960, 0, 0, 0
172322, 20480, 1, 0, 0
172422, 10240, 0, 0, 0
172522, 10240, 0, 0, 0
172621, 41373, 0, 0, 0
172621, 10343, 1, 0, 0
172721, 61440, 0, 0, 0
172721, 20480, 1, 0, 0
172821, 20480, 0, 0, 0
172922, 30720, 0, 0, 0
172922, 51200, 1, 0, 0
173022, 61440, 0, 0, 0
173122, 20480, 0, 0, 0
173222, 10240, 0, 0, 0
173322, 40960, 0, 0, 0
173322, 20480, 1, 0, 0
173422, 10240, 0, 0, 0
173522, 20480, 0, 0, 0
173622, 20480, 0, 0, 0
173622, 10240, 1, 0, 0
173722, 20480, 0, 0, 0
173722, 10240, 1, 0, 0
173822, 10240, 0, 0, 0
173822, 10240, 1, 0, 0
173922, 30720, 0, 0, 0
174022, 20480, 0, 0, 0
174122, 20480, 0, 0, 0
174222, 30720, 0, 0, 0
174222, 10240, 1, 0, 0
174322, 20480, 0, 0, 0
174322, 10240, 1, 0, 0
174422, 10240, 0, 0, 0
174522, 20480, 0, 0, 0
174522, 51200, 1, 0, 0
174622, 31030, 0, 0, 0
174722, 20480, 0, 0, 0
174822, 10240, 0, 0, 0
174922, 20480, 0, 0, 0
175022, 20480, 0, 0, 0
175022, 10240, 1, 0, 0
175122, 61440, 0, 0, 0
175122, 30720, 1, 0, 0
175222, 30720, 0, 0, 0
175222, 10240, 1, 0, 0
175322, 20480, 0, 0, 0
175422, 20480, 0, 0, 0
175522, 30720, 0, 0, 0
175522, 10240, 1, 0, 0
175622, 30720, 0, 0, 0
175722, 51200, 0, 0, 0
175822, 10240, 0, 0, 0
175922, 30720, 0, 0, 0
176022, 40960, 0, 0, 0
176121, 10343, 0, 0, 0
176221, 20480, 0, 0, 0
176221, 10240, 1, 0, 0
176321, 30720, 0, 0, 0
176422, 20480, 0, 0, 0
176422, 10240, 1, 0, 0
176522, 20480, 0, 0, 0
176622, 10240, 0, 0, 0
176722, 10240, 0, 0, 0
176822, 61440, 0, 0, 0
176822, 20480, 1, 0, 0
176922, 10240, 0, 0, 0
176922, 20480, 1, 0, 0
177022, 20480, 0, 0, 0
177122, 20480, 0, 0, 0
177122, 10240, 1, 0, 0
177222, 30720, 0, 0, 0
177322, 10240, 0, 0, 0
177422, 40960, 0, 0, 0
177422, 10240, 1, 0, 0
177522, 20480, 0, 0, 0
177622, 10240, 0, 0, 0
177722, 20480, 0, 0, 0
177822, 20480, 0, 0, 0
177922, 10240, 0, 0, 0
178023, 40960, 0, 0, 0
178122, 10343, 0, 0, 0
178222, 30720, 0, 0, 0
178322, 10240, 0, 0, 0
178422, 71680, 0, 0, 0
178422, 10240, 1, 0, 0
178522, 30720, 0, 0, 0
178622, 20480, 0, 0, 0
178722, 20480, 0, 0, 0
178822, 20480, 0, 0, 0
178822, 10240, 1, 0, 0
178922, 71680, 0, 0, 0
178922, 20480, 1, 0, 0
179022, 51200, 0, 0, 0
179022, 20480, 1, 0, 0
179122, 10240, 0, 0, 0
179122, 10240, 1, 0, 0
179222, 10240, 0, 0, 0
179222, 10240, 1, 0, 0
179322, 10240, 0, 0, 0
179422, 30720, 0, 0, 0
179422, 20480, 1, 0, 0
179522, 51200, 0, 0, 0
179522, 20480, 1, 0, 0
179622, 31030, 0, 0, 0
179722, 153600, 0, 0, 0
179722, 20480, 1, 0, 0
179822, 40960, 0, 0, 0
179822, 10240, 1, 0, 0
179922, 71680, 0, 0, 0
