151, 74545149, 0, 0, 0
229, 77676617, 0, 0, 0
346, 38940711, 0, 0, 0
377, 443906, 1, 0, 0
405, 29445365, 0, 0, 0
519, 56758392, 0, 0, 0
519, 389929, 1, 0, 0
614, 31300294, 0, 0, 0
733, 59758830, 0, 0, 0
876, 47548650, 0, 0, 0
882, 386971, 1, 0, 0
915, 12883114, 0, 0, 0
1022, 53206067, 0, 0, 0
1102, 80241859, 0, 0, 0
1102, 391387, 1, 0, 0
1234, 65690530, 0, 0, 0
1242, 381501, 1, 0, 0
1317, 20463679, 0, 0, 0
1331, 384259, 1, 0, 0
1404, 17228547, 0, 0, 0
1404, 386273, 1, 0, 0
1536, 65901129, 0, 0, 0
1542, 401391, 1, 0, 0
1626, 44721583, 0, 0, 0
1749, 41101006, 0, 0, 0
1758, 380484, 1, 0, 0
1829, 19793389, 0, 0, 0
1912, 41537087, 0, 0, 0
1941, 401473, 1, 0, 0
2067, 77531095, 0, 0, 0
2143, 75380366, 0, 0, 0
2237, 46824588, 0, 0, 0
2311, 74771981, 0, 0, 0
2341, 394166, 1, 0, 0
2425, 56745626, 0, 0, 0
2530, 52177544, 0, 0, 0
2611, 81791170, 0, 0, 0
2612, 423074, 1, 0, 0
2723, 55204445, 0, 0, 0
2731, 396237, 1, 0, 0
2806, 41237118, 0, 0, 0
2919, 56871495, 0, 0, 0
3049, 43188079, 0, 0, 0
3049, 394877, 1, 0, 0
3113, 31462622, 0, 0, 0
3113, 384631, 1, 0, 0
3288, 43513085, 0, 0, 0
3326, 38276369, 0, 0, 0
3409, 82927873, 0, 0, 0
3449, 403064, 1, 0, 0
3531, 60687863, 0, 0, 0
3643, 55898025, 0, 0, 0
3713, 35012121, 0, 0, 0
3739, 380878, 1, 0, 0
3817, 51811314, 0, 0, 0
3909, 30809490, 0, 0, 0
3910, 380408, 1, 0, 0
4093, 36560066, 0, 0, 0
4093, 393689, 1, 0, 0
4172, 79046036, 0, 0, 0
4248, 75940836, 0, 0, 0
4248, 398044, 1, 0, 0
4374, 41658364, 0, 0, 0
4374, 385072, 1, 0, 0
4453, 78920215, 0, 0, 0
4454, 379543, 1, 0, 0
4529, 75103180, 0, 0, 0
4557, 418926, 1, 0, 0
4630, 33571500, 0, 0, 0
4711, 16155198, 0, 0, 0
4711, 378904, 1, 0, 0
4855, 28736627, 0, 0, 0
4875, 396194, 1, 0, 0
5004, 49443829, 0, 0, 0
5131, 63683081, 0, 0, 0
5131, 391945, 1, 0, 0
5218, 43161577, 0, 0, 0
5219, 393215, 1, 0, 0
5331, 37200776, 0, 0, 0
5391, 371946, 1, 0, 0
5442, 36895284, 0, 0, 0
5443, 393369, 1, 0, 0
5531, 17541163, 0, 0, 0
5600, 22834428, 0, 0, 0
5898, 59690251, 0, 0, 0
5905, 7043373, 0, 0, 0
6189, 70850690, 0, 0, 0
6200, 388646, 1, 0, 0
6207, 8663230, 0, 0, 0
6396, 31508557, 0, 0, 0
6503, 107514594, 0, 0, 0
6580, 408505, 1, 0, 0
6609, 52647972, 0, 0, 0
6719, 27429428, 0, 0, 0
6719, 380856, 1, 0, 0
6839, 39797181, 0, 0, 0
6966, 42582161, 0, 0, 0
7049, 83038984, 0, 0, 0
7196, 48994713, 0, 0, 0
7235, 38778056, 0, 0, 0
7386, 30173756, 0, 0, 0
7414, 28186907, 0, 0, 0
7569, 77496896, 0, 0, 0
7642, 73003215, 0, 0, 0
7719, 15395823, 0, 0, 0
7834, 57382741, 0, 0, 0
7879, 401867, 1, 0, 0
7975, 46864909, 0, 0, 0
8054, 78876443, 0, 0, 0
8142, 43893677, 0, 0, 0
8213, 71721916, 0, 0, 0
8316, 51247033, 0, 0, 0
8345, 382184, 1, 0, 0
8441, 41408734, 0, 0, 0
8516, 18843080, 0, 0, 0
8571, 401182, 1, 0, 0
8605, 17687133, 0, 0, 0
8668, 387632, 1, 0, 0
8702, 32006008, 0, 0, 0
8751, 388781, 1, 0, 0
8965, 52509393, 0, 0, 0
9008, 42704697, 0, 0, 0
9008, 379274, 1, 0, 0
9120, 55949837, 0, 0, 0
9121, 389863, 1, 0, 0
9227, 35226462, 0, 0, 0
9326, 98957057, 0, 0, 0
9435, 54917279, 0, 0, 0
9547, 37261404, 0, 0, 0
9639, 30497998, 0, 0, 0
9655, 379913, 1, 0, 0
9806, 33191536, 0, 0, 0
9827, 377309, 1, 0, 0
9998, 64056254, 0, 0, 0
10076, 77714880, 0, 0, 0
10154, 78553522, 0, 0, 0
10155, 380852, 1, 0, 0
10278, 41176779, 0, 0, 0
10356, 77190946, 0, 0, 0
10356, 397242, 1, 0, 0
10456, 33039956, 0, 0, 0
10532, 38022480, 0, 0, 0
10608, 76005296, 0, 0, 0
10717, 54239065, 0, 0, 0
10717, 374744, 1, 0, 0
10805, 43841972, 0, 0, 0
10924, 59380813, 0, 0, 0
11003, 79559426, 0, 0, 0
11165, 53934471, 0, 0, 0
11165, 381932, 1, 0, 0
11243, 77629146, 0, 0, 0
11302, 58658426, 0, 0, 0
11302, 397552, 1, 0, 0
11419, 58229105, 0, 0, 0
11419, 370986, 1, 0, 0
11555, 67609918, 0, 0, 0
11555, 373229, 1, 0, 0
11601, 15251956, 0, 0, 0
11602, 369595, 1, 0, 0
11759, 78446836, 0, 0, 0
11760, 384553, 1, 0, 0
11872, 56102520, 0, 0, 0
11872, 400708, 1, 0, 0
11949, 76530773, 0, 0, 0
12031, 82031883, 0, 0, 0
12031, 398630, 1, 0, 0
12113, 81338319, 0, 0, 0
12230, 19541772, 0, 0, 0
12310, 79556076, 0, 0, 0
12395, 382915, 1, 0, 0
12477, 55526998, 0, 0, 0
12552, 74933852, 0, 0, 0
12631, 78992432, 0, 0, 0
12640, 375688, 1, 0, 0
12760, 42920074, 0, 0, 0
12761, 378088, 1, 0, 0
12843, 81911736, 0, 0, 0
12857, 382383, 1, 0, 0
12969, 41730036, 0, 0, 0
13033, 32217378, 0, 0, 0
13110, 77100783, 0, 0, 0
13193, 386469, 1, 0, 0
13269, 78931157, 0, 0, 0
13344, 74521190, 0, 0, 0
13344, 381561, 1, 0, 0
13426, 81827848, 0, 0, 0
13577, 75425801, 0, 0, 0
13667, 45226671, 0, 0, 0
13745, 77977680, 0, 0, 0
13857, 55732254, 0, 0, 0
13857, 376204, 1, 0, 0
13938, 80808149, 0, 0, 0
13939, 377789, 1, 0, 0
14013, 74363569, 0, 0, 0
14132, 39627317, 0, 0, 0
14209, 76774060, 0, 0, 0
14325, 57974330, 0, 0, 0
14478, 51286494, 0, 0, 0
14558, 80049312, 0, 0, 0
14621, 62759510, 0, 0, 0
14694, 394154, 1, 0, 0
14713, 22741511, 0, 0, 0
14737, 372229, 1, 0, 0
14819, 52637343, 0, 0, 0
14920, 50850240, 0, 0, 0
15039, 59351370, 0, 0, 0
15040, 382457, 1, 0, 0
15108, 17079112, 0, 0, 0
15108, 392422, 1, 0, 0
15222, 37846865, 0, 0, 0
15222, 373877, 1, 0, 0
15334, 111447275, 0, 0, 0
15411, 76678310, 0, 0, 0
15557, 48536415, 0, 0, 0
15633, 76104951, 0, 0, 0
15710, 76666628, 0, 0, 0
15834, 62298640, 0, 0, 0
15915, 26833509, 0, 0, 0
16021, 35572729, 0, 0, 0
16089, 385070, 1, 0, 0
16120, 32580525, 0, 0, 0
16120, 380259, 1, 0, 0
16297, 177344990, 0, 0, 0
16380, 82707973, 0, 0, 0
16454, 73847924, 0, 0, 0
16521, 33676961, 0, 0, 0
16642, 60277611, 0, 0, 0
16701, 14670804, 0, 0, 0
16701, 384872, 1, 0, 0
16836, 44383904, 0, 0, 0
16921, 42625095, 0, 0, 0
17076, 77738105, 0, 0, 0
17154, 77326350, 0, 0, 0
17154, 382735, 1, 0, 0
17225, 23532173, 0, 0, 0
17317, 30424468, 0, 0, 0
17317, 380478, 1, 0, 0
17422, 26018655, 0, 0, 0
17465, 371246, 1, 0, 0
17502, 19853563, 0, 0, 0
17613, 27773816, 0, 0, 0
17640, 371426, 1, 0, 0
17706, 18524601, 0, 0, 0
17732, 382677, 1, 0, 0
17801, 31253078, 0, 0, 0
18067, 88881464, 0, 0, 0
18131, 31786614, 0, 0, 0
18203, 23927632, 0, 0, 0
18317, 22844836, 0, 0, 0
18408, 30230797, 0, 0, 0
18500, 23143796, 0, 0, 0
18546, 380184, 1, 0, 0
18649, 37085370, 0, 0, 0
18713, 32070264, 0, 0, 0
18877, 164228217, 0, 0, 0
18911, 33926407, 0, 0, 0
19017, 17572248, 0, 0, 0
19108, 45841331, 0, 0, 0
19109, 426688, 1, 0, 0
19272, 162925690, 0, 0, 0
19391, 119430593, 0, 0, 0
19534, 143195824, 0, 0, 0
19581, 374599, 1, 0, 0
19617, 16442994, 0, 0, 0
19718, 33609456, 0, 0, 0
19718, 395865, 1, 0, 0
19828, 18006388, 0, 0, 0
20091, 263725837, 0, 0, 0
20198, 106427944, 0, 0, 0
20278, 80580639, 0, 0, 0
20354, 75389749, 0, 0, 0
20435, 81271686, 0, 0, 0
20508, 73347458, 0, 0, 0
20535, 375835, 1, 0, 0
20648, 46196568, 0, 0, 0
20730, 82255633, 0, 0, 0
20730, 375866, 1, 0, 0
20810, 79181810, 0, 0, 0
20810, 370667, 1, 0, 0
20904, 31250226, 0, 0, 0
20904, 397746, 1, 0, 0
21073, 41722306, 0, 0, 0
21152, 79104812, 0, 0, 0
21203, 17177060, 0, 0, 0
21204, 375666, 1, 0, 0
21303, 19668760, 0, 0, 0
21303, 377437, 1, 0, 0
21531, 76147711, 0, 0, 0
21600, 34418679, 0, 0, 0
21661, 385560, 1, 0, 0
21822, 73720652, 0, 0, 0
21822, 370054, 1, 0, 0
21951, 64200668, 0, 0, 0
22006, 54159038, 0, 0, 0
22104, 32833395, 0, 0, 0
22131, 383565, 1, 0, 0
22258, 50817681, 0, 0, 0
22326, 22607331, 0, 0, 0
22423, 96971974, 0, 0, 0
22505, 81729467, 0, 0, 0
22582, 366978, 1, 0, 0
22620, 57404384, 0, 0, 0
22700, 40000753, 0, 0, 0
22851, 75162898, 0, 0, 0
22929, 78876897, 0, 0, 0
23003, 73748142, 0, 0, 0
23086, 400916, 1, 0, 0
23117, 56544944, 0, 0, 0
23154, 381961, 1, 0, 0
23273, 31238426, 0, 0, 0
23274, 390808, 1, 0, 0
23353, 79215882, 0, 0, 0
23410, 56731000, 0, 0, 0
23574, 54612496, 0, 0, 0
23655, 81329853, 0, 0, 0
23732, 76978660, 0, 0, 0
23825, 31043566, 0, 0, 0
23894, 391736, 1, 0, 0
23903, 38966479, 0, 0, 0
24006, 51403146, 0, 0, 0
24093, 409175, 1, 0, 0
24126, 29632516, 0, 0, 0
24213, 87624267, 0, 0, 0
24334, 40224512, 0, 0, 0
24403, 17237303, 0, 0, 0
24512, 108796422, 0, 0, 0
24512, 384609, 1, 0, 0
24609, 48008464, 0, 0, 0
24643, 372955, 1, 0, 0
24713, 14553612, 0, 0, 0
24910, 65798205, 0, 0, 0
25021, 55219344, 0, 0, 0
25067, 373992, 1, 0, 0
25103, 11685414, 0, 0, 0
25244, 46937246, 0, 0, 0
25277, 386994, 1, 0, 0
25309, 32085490, 0, 0, 0
25398, 375244, 1, 0, 0
25425, 57803549, 0, 0, 0
25425, 387424, 1, 0, 0
25585, 40042250, 0, 0, 0
25620, 17271050, 0, 0, 0
25797, 88501595, 0, 0, 0
25827, 30610829, 0, 0, 0
25828, 376687, 1, 0, 0
26007, 59596250, 0, 0, 0
26129, 61332073, 0, 0, 0
26208, 39168325, 0, 0, 0
26219, 398161, 1, 0, 0
26342, 66908211, 0, 0, 0
26342, 374422, 1, 0, 0
26424, 40661175, 0, 0, 0
26531, 53546544, 0, 0, 0
26532, 382970, 1, 0, 0
26614, 82326919, 0, 0, 0
26722, 53908846, 0, 0, 0
26798, 384134, 1, 0, 0
26879, 77995577, 0, 0, 0
26959, 79715210, 0, 0, 0
27002, 21554832, 0, 0, 0
27003, 376869, 1, 0, 0
27120, 58493766, 0, 0, 0
27120, 371716, 1, 0, 0
27231, 55014279, 0, 0, 0
27343, 37491869, 0, 0, 0
27418, 74317197, 0, 0, 0
27573, 77474335, 0, 0, 0
27573, 388195, 1, 0, 0
27608, 35373465, 0, 0, 0
27767, 79475060, 0, 0, 0
27855, 87838067, 0, 0, 0
27941, 42903527, 0, 0, 0
28017, 76443101, 0, 0, 0
28158, 28098865, 0, 0, 0
28250, 91894036, 0, 0, 0
28332, 82268841, 0, 0, 0
28362, 377255, 1, 0, 0
28439, 53311710, 0, 0, 0
28477, 413551, 1, 0, 0
28506, 22155982, 0, 0, 0
28545, 370277, 1, 0, 0
28600, 31016388, 0, 0, 0
28706, 106490933, 0, 0, 0
28864, 79223095, 0, 0, 0
28890, 405891, 1, 0, 0
28967, 50838265, 0, 0, 0
28995, 372578, 1, 0, 0
29012, 22440343, 0, 0, 0
29013, 374196, 1, 0, 0
29183, 56396570, 0, 0, 0
29217, 16931925, 0, 0, 0
29217, 382591, 1, 0, 0
29335, 39368249, 0, 0, 0
29400, 32268349, 0, 0, 0
29429, 385385, 1, 0, 0
29526, 62638911, 0, 0, 0
29609, 82736125, 0, 0, 0
29708, 24595200, 0, 0, 0
29721, 368765, 1, 0, 0
29906, 32966320, 0, 0, 0
29906, 398659, 1, 0, 0
30009, 51171755, 0, 0, 0
30087, 370579, 1, 0, 0
30167, 78515220, 0, 0, 0
30205, 38649847, 0, 0, 0
30206, 397851, 1, 0, 0
30310, 51859386, 0, 0, 0
30419, 36319445, 0, 0, 0
30509, 45120471, 0, 0, 0
30627, 29471209, 0, 0, 0
30714, 87721516, 0, 0, 0
30786, 377483, 1, 0, 0
30815, 50185733, 0, 0, 0
30822, 382733, 1, 0, 0
30929, 37928589, 0, 0, 0
31071, 47118082, 0, 0, 0
31071, 375255, 1, 0, 0
31103, 31899151, 0, 0, 0
31268, 82576312, 0, 0, 0
31350, 81358997, 0, 0, 0
31430, 80422759, 0, 0, 0
31519, 44303595, 0, 0, 0
31519, 396197, 1, 0, 0
31649, 65190142, 0, 0, 0
31764, 38198069, 0, 0, 0
31765, 376121, 1, 0, 0
31852, 43847636, 0, 0, 0
31934, 81518479, 0, 0, 0
32069, 67798684, 0, 0, 0
32070, 397511, 1, 0, 0
32181, 55398195, 0, 0, 0
32211, 29597941, 0, 0, 0
32310, 33181791, 0, 0, 0
32406, 48068722, 0, 0, 0
32407, 374939, 1, 0, 0
32518, 55443198, 0, 0, 0
32682, 82047216, 0, 0, 0
32682, 381736, 1, 0, 0
32723, 40870482, 0, 0, 0
32800, 76980890, 0, 0, 0
32961, 40075411, 0, 0, 0
33039, 78757081, 0, 0, 0
33159, 39995877, 0, 0, 0
33211, 25709238, 0, 0, 0
33211, 373886, 1, 0, 0
33319, 21502960, 0, 0, 0
33412, 31204876, 0, 0, 0
33446, 385266, 1, 0, 0
33508, 31656007, 0, 0, 0
33583, 378750, 1, 0, 0
33624, 38559052, 0, 0, 0
33670, 378834, 1, 0, 0
33775, 29969620, 0, 0, 0
33807, 32356998, 0, 0, 0
33994, 62194504, 0, 0, 0
34007, 12636497, 0, 0, 0
34139, 66361616, 0, 0, 0
34217, 78185620, 0, 0, 0
34218, 374602, 1, 0, 0
34301, 27742466, 0, 0, 0
34305, 390494, 1, 0, 0
34426, 20698427, 0, 0, 0
34427, 384872, 1, 0, 0
34560, 44380881, 0, 0, 0
34637, 77312721, 0, 0, 0
34641, 383667, 1, 0, 0
34705, 9594345, 0, 0, 0
34735, 378291, 1, 0, 0
34804, 14065868, 0, 0, 0
35086, 40290334, 0, 0, 0
35107, 10118138, 0, 0, 0
35144, 376526, 1, 0, 0
35294, 46817325, 0, 0, 0
35374, 79483333, 0, 0, 0
35374, 401646, 1, 0, 0
35457, 82327234, 0, 0, 0
35609, 30997181, 0, 0, 0
35635, 278351, 1, 0, 0
35709, 12403476, 0, 0, 0
35731, 365853, 1, 0, 0
35813, 11520691, 0, 0, 0
35844, 411253, 1, 0, 0
35910, 10606693, 0, 0, 0
35911, 360649, 1, 0, 0
36014, 14824096, 0, 0, 0
36015, 375457, 1, 0, 0
36113, 13803566, 0, 0, 0
36211, 13969533, 0, 0, 0
36796, 292865537, 0, 0, 0
36810, 14153085, 0, 0, 0
36829, 376754, 1, 0, 0
36901, 14822157, 0, 0, 0
36901, 380310, 1, 0, 0
37010, 12019921, 0, 0, 0
37019, 376153, 1, 0, 0
37239, 28577788, 0, 0, 0
37570, 110349796, 0, 0, 0
37571, 379334, 1, 0, 0
37650, 78608207, 0, 0, 0
37653, 382415, 1, 0, 0
37722, 24046372, 0, 0, 0
37725, 372202, 1, 0, 0
37810, 12444337, 0, 0, 0
37810, 331439, 1, 0, 0
37900, 89595677, 0, 0, 0
38008, 21564221, 0, 0, 0
38189, 90655133, 0, 0, 0
38203, 13630619, 0, 0, 0
38206, 375748, 1, 0, 0
38356, 30328712, 0, 0, 0
38411, 27905557, 0, 0, 0
38513, 16852294, 0, 0, 0
38513, 338629, 1, 0, 0
38611, 13944532, 0, 0, 0
38819, 29695773, 0, 0, 0
38819, 378449, 1, 0, 0
38908, 12647616, 0, 0, 0
38908, 307943, 1, 0, 0
39027, 23589516, 0, 0, 0
39027, 373601, 1, 0, 0
39259, 115820902, 0, 0, 0
39325, 66322865, 0, 0, 0
39403, 78256110, 0, 0, 0
39565, 40328801, 0, 0, 0
39571, 392616, 1, 0, 0
39651, 21475108, 0, 0, 0
39704, 17776030, 0, 0, 0
39705, 373013, 1, 0, 0
39875, 28305887, 0, 0, 0
39903, 27830554, 0, 0, 0
40063, 53461302, 0, 0, 0
40101, 38062316, 0, 0, 0
40130, 379480, 1, 0, 0
40221, 23735180, 0, 0, 0
40322, 100871272, 0, 0, 0
40346, 340296, 1, 0, 0
40410, 29476596, 0, 0, 0
40456, 381776, 1, 0, 0
40518, 13412161, 0, 0, 0
40723, 68231092, 0, 0, 0
40822, 24725935, 0, 0, 0
40928, 21143260, 0, 0, 0
41011, 20838649, 0, 0, 0
41193, 181587470, 0, 0, 0
41209, 16124361, 0, 0, 0
41209, 371695, 1, 0, 0
41326, 29063721, 0, 0, 0
41452, 42112747, 0, 0, 0
41542, 29884236, 0, 0, 0
41618, 75851759, 0, 0, 0
41618, 375108, 1, 0, 0
41784, 82753740, 0, 0, 0
41785, 387893, 1, 0, 0
41864, 39660121, 0, 0, 0
41938, 73649911, 0, 0, 0
42042, 34870384, 0, 0, 0
42118, 25282767, 0, 0, 0
42270, 75698548, 0, 0, 0
42270, 379685, 1, 0, 0
42350, 79574257, 0, 0, 0
42438, 88598504, 0, 0, 0
42519, 40273788, 0, 0, 0
42600, 81701019, 0, 0, 0
42601, 308142, 1, 0, 0
42722, 60562345, 0, 0, 0
42812, 45031437, 0, 0, 0
42813, 371969, 1, 0, 0
42971, 52695499, 0, 0, 0
43048, 76794294, 0, 0, 0
43128, 80420861, 0, 0, 0
43128, 290603, 1, 0, 0
43201, 72944906, 0, 0, 0
43359, 78658272, 0, 0, 0
43413, 54161195, 0, 0, 0
43508, 31878500, 0, 0, 0
43663, 51505123, 0, 0, 0
43724, 60866315, 0, 0, 0
43811, 17394855, 0, 0, 0
43896, 406311, 1, 0, 0
43925, 28365108, 0, 0, 0
43925, 368703, 1, 0, 0
44039, 22817022, 0, 0, 0
44254, 107353228, 0, 0, 0
44334, 39914533, 0, 0, 0
44454, 40199426, 0, 0, 0
44534, 39890523, 0, 0, 0
44542, 395319, 1, 0, 0
44638, 25583001, 0, 0, 0
44639, 376574, 1, 0, 0
44732, 30889948, 0, 0, 0
44793, 377531, 1, 0, 0
44803, 10140733, 0, 0, 0
44979, 58692306, 0, 0, 0
44980, 395121, 1, 0, 0
45029, 24138516, 0, 0, 0
45102, 36214597, 0, 0, 0
45158, 347993, 1, 0, 0
45381, 69709035, 0, 0, 0
45463, 82526077, 0, 0, 0
45464, 372295, 1, 0, 0
45540, 76344552, 0, 0, 0
45541, 294297, 1, 0, 0
45660, 59595900, 0, 0, 0
45773, 28216904, 0, 0, 0
45847, 74816402, 0, 0, 0
45962, 57252308, 0, 0, 0
45962, 374380, 1, 0, 0
46022, 29725372, 0, 0, 0
46102, 80609872, 0, 0, 0
46189, 387704, 1, 0, 0
46234, 26224193, 0, 0, 0
46304, 35259449, 0, 0, 0
46333, 369806, 1, 0, 0
46430, 20876906, 0, 0, 0
46566, 136045776, 0, 0, 0
46650, 27794846, 0, 0, 0
46727, 77374275, 0, 0, 0
46735, 400129, 1, 0, 0
46812, 42330484, 0, 0, 0
46896, 331803, 1, 0, 0
46920, 26882546, 0, 0, 0
46957, 372379, 1, 0, 0
47068, 24522758, 0, 0, 0
47236, 167885506, 0, 0, 0
47236, 398285, 1, 0, 0
47304, 34078044, 0, 0, 0
47427, 40895879, 0, 0, 0
47548, 24097283, 0, 0, 0
47566, 374309, 1, 0, 0
47671, 40938484, 0, 0, 0
47747, 38085547, 0, 0, 0
47853, 52953499, 0, 0, 0
47959, 53070618, 0, 0, 0
47959, 395537, 1, 0, 0
48002, 42026897, 0, 0, 0
48123, 40472526, 0, 0, 0
48204, 81169363, 0, 0, 0
48288, 386211, 1, 0, 0
48335, 32559561, 0, 0, 0
48371, 381049, 1, 0, 0
48407, 35665863, 0, 0, 0
48407, 387857, 1, 0, 0
48532, 41274611, 0, 0, 0
48737, 102669039, 0, 0, 0
48793, 332131, 1, 0, 0
48821, 27841619, 0, 0, 0
48821, 369856, 1, 0, 0
48916, 23506327, 0, 0, 0
49012, 19185615, 0, 0, 0
49239, 227154990, 0, 0, 0
49276, 376233, 1, 0, 0
49360, 40398118, 0, 0, 0
49392, 398961, 1, 0, 0
49493, 66359514, 0, 0, 0
49522, 14341389, 0, 0, 0
49603, 26788748, 0, 0, 0
49716, 37776247, 0, 0, 0
49732, 378956, 1, 0, 0
49822, 15087221, 0, 0, 0
49912, 29889066, 0, 0, 0
49912, 397335, 1, 0, 0
50024, 13976355, 0, 0, 0
50085, 374542, 1, 0, 0
50119, 23622400, 0, 0, 0
50220, 20092080, 0, 0, 0
50233, 329353, 1, 0, 0
50568, 86989010, 0, 0, 0
50569, 406276, 1, 0, 0
50689, 40043653, 0, 0, 0
50743, 54518779, 0, 0, 0
50873, 64752175, 0, 0, 0
50905, 31967918, 0, 0, 0
51007, 12746579, 0, 0, 0
51184, 176896376, 0, 0, 0
51212, 28196613, 0, 0, 0
51357, 72673207, 0, 0, 0
51358, 380005, 1, 0, 0
51436, 78650614, 0, 0, 0
51570, 16713266, 0, 0, 0
51602, 31667472, 0, 0, 0
51718, 57952034, 0, 0, 0
51823, 21080140, 0, 0, 0
51923, 19930033, 0, 0, 0
51987, 378955, 1, 0, 0
52018, 31493936, 0, 0, 0
52018, 373469, 1, 0, 0
52232, 213167550, 0, 0, 0
52232, 399403, 1, 0, 0
52310, 77489129, 0, 0, 0
52310, 375229, 1, 0, 0
52415, 34915724, 0, 0, 0
52497, 387946, 1, 0, 0
52573, 79076289, 0, 0, 0
52574, 374923, 1, 0, 0
52650, 75855114, 0, 0, 0
52779, 64834202, 0, 0, 0
52810, 15354750, 0, 0, 0
52810, 384555, 1, 0, 0
52900, 29733974, 0, 0, 0
53061, 80426760, 0, 0, 0
53085, 381515, 1, 0, 0
53162, 33424974, 0, 0, 0
53238, 76038606, 0, 0, 0
53238, 380062, 1, 0, 0
53320, 81557244, 0, 0, 0
53320, 375405, 1, 0, 0
53405, 42434929, 0, 0, 0
53406, 303232, 1, 0, 0
53559, 51263337, 0, 0, 0
53636, 76336686, 0, 0, 0
53636, 391236, 1, 0, 0
53713, 25570259, 0, 0, 0
53801, 29428822, 0, 0, 0
53834, 286070, 1, 0, 0
53911, 54850627, 0, 0, 0
54022, 55211475, 0, 0, 0
54140, 29452486, 0, 0, 0
54217, 77028274, 0, 0, 0
54367, 75177543, 0, 0, 0
54368, 391951, 1, 0, 0
54449, 81936289, 0, 0, 0
54517, 33899327, 0, 0, 0
54518, 370864, 1, 0, 0
54627, 12178839, 0, 0, 0
54628, 295524, 1, 0, 0
54705, 25803599, 0, 0, 0
54955, 27706192, 0, 0, 0
55033, 78569155, 0, 0, 0
55083, 383630, 1, 0, 0
55110, 10788852, 0, 0, 0
55138, 341607, 1, 0, 0
55318, 17275137, 0, 0, 0
55318, 333351, 1, 0, 0
55476, 78992301, 0, 0, 0
55526, 16642618, 0, 0, 0
55527, 395638, 1, 0, 0
55600, 24275532, 0, 0, 0
55740, 34911304, 0, 0, 0
55740, 405562, 1, 0, 0
55821, 80373104, 0, 0, 0
55821, 371411, 1, 0, 0
55927, 35298043, 0, 0, 0
55928, 371577, 1, 0, 0
56007, 39900707, 0, 0, 0
56166, 79313628, 0, 0, 0
56242, 75765749, 0, 0, 0
56242, 373680, 1, 0, 0
56351, 54541003, 0, 0, 0
56352, 372238, 1, 0, 0
56460, 53685399, 0, 0, 0
56486, 343913, 1, 0, 0
56555, 23680666, 0, 0, 0
56636, 80779272, 0, 0, 0
56676, 374460, 1, 0, 0
56757, 24002854, 0, 0, 0
56805, 24033336, 0, 0, 0
56885, 376483, 1, 0, 0
56963, 78695715, 0, 0, 0
57056, 46648174, 0, 0, 0
57056, 327263, 1, 0, 0
57148, 45590055, 0, 0, 0
57245, 48470455, 0, 0, 0
57323, 78601452, 0, 0, 0
57403, 79477506, 0, 0, 0
57508, 52521814, 0, 0, 0
57658, 37489155, 0, 0, 0
57701, 21597194, 0, 0, 0
57701, 399709, 1, 0, 0
57859, 78933183, 0, 0, 0
57953, 46844152, 0, 0, 0
58029, 75721205, 0, 0, 0
58113, 84593597, 0, 0, 0
58267, 38499988, 0, 0, 0
58347, 79472250, 0, 0, 0
58347, 377988, 1, 0, 0
58425, 77949311, 0, 0, 0
58425, 386180, 1, 0, 0
58507, 20070457, 0, 0, 0
58532, 339354, 1, 0, 0
58697, 27179468, 0, 0, 0
58776, 78905702, 0, 0, 0
58809, 33472437, 0, 0, 0
58810, 381464, 1, 0, 0
58963, 76778322, 0, 0, 0
58964, 375313, 1, 0, 0
59072, 35649520, 0, 0, 0
59103, 31012666, 0, 0, 0
59106, 376914, 1, 0, 0
59251, 36679772, 0, 0, 0
59317, 13275572, 0, 0, 0
59412, 95197655, 0, 0, 0
59488, 349199, 1, 0, 0
59511, 16318018, 0, 0, 0
59589, 380320, 1, 0, 0
59620, 27205777, 0, 0, 0
59650, 378487, 1, 0, 0
59772, 75608103, 0, 0, 0
59772, 380065, 1, 0, 0
59831, 19573837, 0, 0, 0
59832, 377071, 1, 0, 0
59913, 13434498, 0, 0, 0
60014, 25339245, 0, 0, 0
60100, 28610826, 0, 0, 0
60326, 113081751, 0, 0, 0
60466, 140225783, 0, 0, 0
60544, 38770860, 0, 0, 0
60575, 377339, 1, 0, 0
60659, 28482322, 0, 0, 0
60739, 40258271, 0, 0, 0
60825, 85856238, 0, 0, 0
60825, 326185, 1, 0, 0
60908, 41374344, 0, 0, 0
61042, 66607075, 0, 0, 0
61104, 62699539, 0, 0, 0
61161, 374756, 1, 0, 0
61200, 23734185, 0, 0, 0
61210, 372756, 1, 0, 0
61326, 15623627, 0, 0, 0
61326, 373623, 1, 0, 0
61509, 182812420, 0, 0, 0
61509, 375278, 1, 0, 0
61602, 46400101, 0, 0, 0
61705, 51569951, 0, 0, 0
61710, 376835, 1, 0, 0
61807, 14292072, 0, 0, 0
61982, 87606628, 0, 0, 0
61983, 342173, 1, 0, 0
62011, 9601131, 0, 0, 0
62022, 387472, 1, 0, 0
62114, 17011853, 0, 0, 0
62251, 68562224, 0, 0, 0
62330, 79541346, 0, 0, 0
62411, 80631440, 0, 0, 0
62563, 75866899, 0, 0, 0
62563, 383591, 1, 0, 0
62642, 78720885, 0, 0, 0
62642, 383543, 1, 0, 0
62755, 37514577, 0, 0, 0
62755, 376754, 1, 0, 0
62837, 41115285, 0, 0, 0
62838, 388000, 1, 0, 0
62909, 11856272, 0, 0, 0
62993, 381974, 1, 0, 0
63058, 29650572, 0, 0, 0
63059, 381656, 1, 0, 0
63140, 81601484, 0, 0, 0
63254, 28469161, 0, 0, 0
63333, 78781069, 0, 0, 0
63408, 74786145, 0, 0, 0
63533, 31294141, 0, 0, 0
63644, 37000429, 0, 0, 0
63750, 35276153, 0, 0, 0
63866, 29111154, 0, 0, 0
63941, 74382792, 0, 0, 0
64015, 74244153, 0, 0, 0
64122, 53378530, 0, 0, 0
64132, 383733, 1, 0, 0
64210, 43828053, 0, 0, 0
64296, 338058, 1, 0, 0
64372, 40250870, 0, 0, 0
64401, 29063524, 0, 0, 0
64401, 380392, 1, 0, 0
64502, 50184703, 0, 0, 0
64502, 390330, 1, 0, 0
64604, 34040851, 0, 0, 0
64689, 400775, 1, 0, 0
64737, 33127872, 0, 0, 0
64801, 15870111, 0, 0, 0
64814, 403538, 1, 0, 0
64987, 46422897, 0, 0, 0
65024, 37542521, 0, 0, 0
65123, 32802051, 0, 0, 0
65129, 378127, 1, 0, 0
65249, 41749895, 0, 0, 0
65278, 392865, 1, 0, 0
65319, 23284982, 0, 0, 0
65402, 11920705, 0, 0, 0
65518, 2631767, 0, 0, 0
65580, 371959, 1, 0, 0
65603, 13978878, 0, 0, 0
65603, 370730, 1, 0, 0
65719, 8868330, 0, 0, 0
65720, 354851, 1, 0, 0
65809, 14747180, 0, 0, 0
65809, 326595, 1, 0, 0
65918, 15391225, 0, 0, 0
65928, 395768, 1, 0, 0
66004, 16901771, 0, 0, 0
66052, 317031, 1, 0, 0
66106, 14458804, 0, 0, 0
66211, 15063100, 0, 0, 0
66211, 392441, 1, 0, 0
66307, 8692064, 0, 0, 0
66385, 377393, 1, 0, 0
66416, 9829705, 0, 0, 0
66508, 15318689, 0, 0, 0
66585, 380855, 1, 0, 0
66605, 13761662, 0, 0, 0
66657, 281254, 1, 0, 0
66863, 43012101, 0, 0, 0
67010, 73180971, 0, 0, 0
67010, 388186, 1, 0, 0
67570, 93269273, 0, 0, 0
67597, 371753, 1, 0, 0
67606, 7100422, 0, 0, 0
67650, 388228, 1, 0, 0
67721, 11463413, 0, 0, 0
68023, 151304692, 0, 0, 0
68036, 288964, 1, 0, 0
68112, 14716780, 0, 0, 0
68147, 395081, 1, 0, 0
68226, 22729098, 0, 0, 0
68268, 381880, 1, 0, 0
68478, 62732607, 0, 0, 0
68478, 391990, 1, 0, 0
68518, 19612934, 0, 0, 0
68613, 31861820, 0, 0, 0
68719, 53057027, 0, 0, 0
68802, 27617562, 0, 0, 0
68805, 328211, 1, 0, 0
69038, 39086183, 0, 0, 0
69038, 374270, 1, 0, 0
69146, 35842152, 0, 0, 0
69233, 87336842, 0, 0, 0
69234, 395254, 1, 0, 0
69300, 66589861, 0, 0, 0
69301, 381888, 1, 0, 0
69408, 53133158, 0, 0, 0
69439, 380558, 1, 0, 0
69522, 18909931, 0, 0, 0
69599, 332886, 1, 0, 0
69615, 30895633, 0, 0, 0
69693, 368502, 1, 0, 0
69706, 22572783, 0, 0, 0
69804, 19594622, 0, 0, 0
69886, 389302, 1, 0, 0
69931, 21139062, 0, 0, 0
69931, 369597, 1, 0, 0
70212, 93552001, 0, 0, 0
70219, 294307, 1, 0, 0
70350, 45746574, 0, 0, 0
70350, 339063, 1, 0, 0
70424, 73662233, 0, 0, 0
70424, 379729, 1, 0, 0
70505, 15822370, 0, 0, 0
70505, 346212, 1, 0, 0
70678, 57635695, 0, 0, 0
70678, 382529, 1, 0, 0
70758, 79256521, 0, 0, 0
70838, 80348818, 0, 0, 0
70912, 73778580, 0, 0, 0
71079, 83756367, 0, 0, 0
71080, 378618, 1, 0, 0
71128, 23950577, 0, 0, 0
71196, 280423, 1, 0, 0
71218, 14985226, 0, 0, 0
71301, 7509939, 0, 0, 0
71354, 381685, 1, 0, 0
71403, 10142404, 0, 0, 0
71521, 23679940, 0, 0, 0
71567, 378155, 1, 0, 0
71717, 32529267, 0, 0, 0
71718, 325222, 1, 0, 0
71839, 121134782, 0, 0, 0
72149, 51783084, 0, 0, 0
72163, 373655, 1, 0, 0
72204, 7634002, 0, 0, 0
72205, 346350, 1, 0, 0
72322, 7254221, 0, 0, 0
72323, 368665, 1, 0, 0
72544, 110496335, 0, 0, 0
72603, 29472463, 0, 0, 0
72643, 379908, 1, 0, 0
72770, 23852348, 0, 0, 0
72847, 76481798, 0, 0, 0
72891, 389582, 1, 0, 0
72979, 26313401, 0, 0, 0
73067, 88272871, 0, 0, 0
73142, 75422599, 0, 0, 0
73223, 81010370, 0, 0, 0
73285, 372067, 1, 0, 0
73314, 29960793, 0, 0, 0
73403, 14924064, 0, 0, 0
73515, 37240044, 0, 0, 0
73565, 431449, 1, 0, 0
73607, 22796722, 0, 0, 0
73847, 80198254, 0, 0, 0
73927, 39929443, 0, 0, 0
73928, 385635, 1, 0, 0
74007, 78823531, 0, 0, 0
74007, 339403, 1, 0, 0
74114, 21281488, 0, 0, 0
74114, 388997, 1, 0, 0
74221, 26742876, 0, 0, 0
74222, 376850, 1, 0, 0
74343, 40441625, 0, 0, 0
74437, 46699026, 0, 0, 0
74503, 16618627, 0, 0, 0
74628, 62577604, 0, 0, 0
74662, 377953, 1, 0, 0
74775, 73095152, 0, 0, 0
74802, 26743205, 0, 0, 0
74810, 393745, 1, 0, 0
74927, 31228883, 0, 0, 0
74974, 398218, 1, 0, 0
75098, 34102126, 0, 0, 0
75150, 51707388, 0, 0, 0
75150, 395180, 1, 0, 0
75207, 56559940, 0, 0, 0
75207, 283241, 1, 0, 0
75311, 25629154, 0, 0, 0
75409, 16337250, 0, 0, 0
75500, 45615010, 0, 0, 0
75735, 58703464, 0, 0, 0
75811, 76614008, 0, 0, 0
75812, 379469, 1, 0, 0
75935, 61899108, 0, 0, 0
76011, 18749827, 0, 0, 0
76011, 429117, 1, 0, 0
76135, 41128897, 0, 0, 0
76219, 16839930, 0, 0, 0
76220, 374432, 1, 0, 0
76377, 52527576, 0, 0, 0
76378, 390779, 1, 0, 0
76419, 40522842, 0, 0, 0
76494, 375209, 1, 0, 0
76587, 33511066, 0, 0, 0
76668, 81696657, 0, 0, 0
76736, 67813902, 0, 0, 0
76737, 379179, 1, 0, 0
76803, 32890587, 0, 0, 0
76941, 69174848, 0, 0, 0
77022, 81275827, 0, 0, 0
77023, 393190, 1, 0, 0
77114, 91212645, 0, 0, 0
77264, 74748440, 0, 0, 0
77338, 74223239, 0, 0, 0
77416, 77985034, 0, 0, 0
77550, 66809646, 0, 0, 0
77635, 28607307, 0, 0, 0
77701, 32996688, 0, 0, 0
77800, 24647956, 0, 0, 0
77801, 377523, 1, 0, 0
78025, 28025170, 0, 0, 0
78025, 391660, 1, 0, 0
78113, 87781044, 0, 0, 0
78142, 375944, 1, 0, 0
78229, 57443972, 0, 0, 0
78311, 82782131, 0, 0, 0
78408, 48219399, 0, 0, 0
78458, 396814, 1, 0, 0
78500, 15246985, 0, 0, 0
78609, 54321699, 0, 0, 0
78609, 347548, 1, 0, 0
78731, 40720106, 0, 0, 0
78808, 76357255, 0, 0, 0
78886, 380226, 1, 0, 0
78921, 56489568, 0, 0, 0
78921, 301217, 1, 0, 0
79007, 85216616, 0, 0, 0
79007, 374504, 1, 0, 0
79165, 78846609, 0, 0, 0
79243, 78040357, 0, 0, 0
79319, 38032313, 0, 0, 0
79393, 393709, 1, 0, 0
79421, 50914084, 0, 0, 0
79455, 282972, 1, 0, 0
79537, 28926506, 0, 0, 0
79610, 14619826, 0, 0, 0
79725, 57500462, 0, 0, 0
79803, 25930445, 0, 0, 0
79804, 390550, 1, 0, 0
79904, 8325259, 0, 0, 0
79905, 332968, 1, 0, 0
80071, 20792295, 0, 0, 0
80126, 54335165, 0, 0, 0
80228, 102131627, 0, 0, 0
80381, 76307195, 0, 0, 0
80462, 81385493, 0, 0, 0
80462, 343994, 1, 0, 0
80540, 77232832, 0, 0, 0
80659, 39734663, 0, 0, 0
80705, 23128415, 0, 0, 0
80705, 288173, 1, 0, 0
80822, 58117384, 0, 0, 0
80903, 81360880, 0, 0, 0
80983, 334727, 1, 0, 0
81020, 57874247, 0, 0, 0
81032, 397204, 1, 0, 0
81133, 37621420, 0, 0, 0
81246, 56527208, 0, 0, 0
81312, 32925701, 0, 0, 0
81313, 387794, 1, 0, 0
81453, 34953614, 0, 0, 0
81545, 30747319, 0, 0, 0
81623, 77847937, 0, 0, 0
81746, 40790845, 0, 0, 0
81754, 373024, 1, 0, 0
81832, 28690285, 0, 0, 0
81911, 39383351, 0, 0, 0
81951, 305249, 1, 0, 0
82060, 29738575, 0, 0, 0
82060, 380105, 1, 0, 0
82152, 45674903, 0, 0, 0
82231, 39773185, 0, 0, 0
82341, 54673595, 0, 0, 0
82464, 30918470, 0, 0, 0
82543, 78784499, 0, 0, 0
82602, 58692459, 0, 0, 0
82602, 424907, 1, 0, 0
82746, 35594046, 0, 0, 0
82852, 35608349, 0, 0, 0
82934, 81828626, 0, 0, 0
83013, 78496055, 0, 0, 0
83127, 57105569, 0, 0, 0
83128, 380181, 1, 0, 0
83253, 31243196, 0, 0, 0
83253, 341164, 1, 0, 0
83300, 15164363, 0, 0, 0
83300, 357301, 1, 0, 0
83417, 16435915, 0, 0, 0
83417, 389177, 1, 0, 0
83500, 41168645, 0, 0, 0
83500, 337044, 1, 0, 0
83728, 75667804, 0, 0, 0
83809, 80924868, 0, 0, 0
83875, 386669, 1, 0, 0
83917, 53816548, 0, 0, 0
83917, 372847, 1, 0, 0
84033, 57865327, 0, 0, 0
84110, 38420650, 0, 0, 0
84270, 53592362, 0, 0, 0
84313, 42229887, 0, 0, 0
84313, 394055, 1, 0, 0
84400, 43270737, 0, 0, 0
84502, 50976281, 0, 0, 0
84662, 80142894, 0, 0, 0
84668, 382761, 1, 0, 0
84711, 9562650, 0, 0, 0
84808, 24226399, 0, 0, 0
84971, 27246107, 0, 0, 0
85006, 35084588, 0, 0, 0
85131, 41654249, 0, 0, 0
85214, 82542891, 0, 0, 0
85301, 28990619, 0, 0, 0
85314, 384177, 1, 0, 0
85498, 19580851, 0, 0, 0
85578, 80041633, 0, 0, 0
85662, 42035220, 0, 0, 0
85743, 80564263, 0, 0, 0
85791, 327906, 1, 0, 0
85841, 24395029, 0, 0, 0
85852, 382726, 1, 0, 0
85927, 43093048, 0, 0, 0
86038, 55466814, 0, 0, 0
86120, 81402085, 0, 0, 0
86120, 403481, 1, 0, 0
86279, 52984862, 0, 0, 0
86280, 378561, 1, 0, 0
86360, 40251043, 0, 0, 0
86396, 335304, 1, 0, 0
86431, 17626841, 0, 0, 0
86432, 404043, 1, 0, 0
86524, 22918428, 0, 0, 0
86623, 14098231, 0, 0, 0
86683, 378373, 1, 0, 0
86711, 29128891, 0, 0, 0
86735, 370885, 1, 0, 0
86882, 28333201, 0, 0, 0
87102, 110133347, 0, 0, 0
87183, 416114, 1, 0, 0
87261, 52928700, 0, 0, 0
87268, 338401, 1, 0, 0
87300, 18954307, 0, 0, 0
87438, 17222425, 0, 0, 0
87593, 31033262, 0, 0, 0
87593, 383271, 1, 0, 0
87672, 78370844, 0, 0, 0
87710, 19237361, 0, 0, 0
87711, 392250, 1, 0, 0
87868, 52477238, 0, 0, 0
87904, 35654402, 0, 0, 0
87973, 381658, 1, 0, 0
88049, 36181950, 0, 0, 0
88115, 21960701, 0, 0, 0
88115, 381221, 1, 0, 0
88200, 28206129, 0, 0, 0
88355, 51605685, 0, 0, 0
88410, 27541354, 0, 0, 0
88501, 45473295, 0, 0, 0
88526, 399064, 1, 0, 0
88922, 210264038, 0, 0, 0
88940, 376575, 1, 0, 0
89062, 27911052, 0, 0, 0
89146, 28101932, 0, 0, 0
89224, 77369451, 0, 0, 0
89301, 77295396, 0, 0, 0
89301, 413013, 1, 0, 0
89425, 40946850, 0, 0, 0
89425, 376584, 1, 0, 0
89506, 81004919, 0, 0, 0
89507, 329307, 1, 0, 0
89675, 83928012, 0, 0, 0
89675, 337097, 1, 0, 0
89704, 28690807, 0, 0, 0
89705, 376497, 1, 0, 0
89826, 60841861, 0, 0, 0
89876, 391144, 1, 0, 0
89934, 26696067, 0, 0, 0
89935, 383045, 1, 0, 0
90016, 81958413, 0, 0, 0
90088, 398228, 1, 0, 0
90166, 49623889, 0, 0, 0
90240, 73755081, 0, 0, 0
90318, 78153879, 0, 0, 0
90443, 41632723, 0, 0, 0
90512, 23018006, 0, 0, 0
90512, 389121, 1, 0, 0
90609, 32071846, 0, 0, 0
90689, 383619, 1, 0, 0
90766, 78252234, 0, 0, 0
90867, 25341569, 0, 0, 0
90946, 79323940, 0, 0, 0
90955, 304215, 1, 0, 0
91018, 23810530, 0, 0, 0
91052, 375815, 1, 0, 0
91167, 21178901, 0, 0, 0
91214, 15680824, 0, 0, 0
91343, 129548298, 0, 0, 0
91421, 77580211, 0, 0, 0
91479, 386144, 1, 0, 0
91554, 18954120, 0, 0, 0
91646, 45875184, 0, 0, 0
91720, 37277711, 0, 0, 0
91721, 381653, 1, 0, 0
91809, 87699766, 0, 0, 0
91960, 75850124, 0, 0, 0
92049, 44582312, 0, 0, 0
92106, 18915358, 0, 0, 0
92185, 408557, 1, 0, 0
92222, 38091466, 0, 0, 0
92222, 372184, 1, 0, 0
92328, 35314592, 0, 0, 0
92431, 34305903, 0, 0, 0
92432, 375053, 1, 0, 0
92510, 78086235, 0, 0, 0
92510, 296754, 1, 0, 0
92672, 40428804, 0, 0, 0
92673, 379602, 1, 0, 0
92751, 39048739, 0, 0, 0
92834, 82949989, 0, 0, 0
92961, 42250281, 0, 0, 0
93034, 73503669, 0, 0, 0
93034, 289037, 1, 0, 0
93118, 83609091, 0, 0, 0
93221, 17189150, 0, 0, 0
93304, 82760517, 0, 0, 0
93304, 404197, 1, 0, 0
93462, 12765762, 0, 0, 0
93462, 370236, 1, 0, 0
93501, 19636978, 0, 0, 0
93533, 384556, 1, 0, 0
93601, 8182665, 0, 0, 0
93943, 48934447, 0, 0, 0
94010, 22178258, 0, 0, 0
94047, 356993, 1, 0, 0
94107, 10697678, 0, 0, 0
94110, 399401, 1, 0, 0
94209, 10050365, 0, 0, 0
94302, 13374577, 0, 0, 0
94421, 14867798, 0, 0, 0
94422, 358392, 1, 0, 0
94505, 11872680, 0, 0, 0
94903, 66277570, 0, 0, 0
94946, 346601, 1, 0, 0
95011, 11957136, 0, 0, 0
95085, 407558, 1, 0, 0
95100, 12570772, 0, 0, 0
95461, 180394386, 0, 0, 0
95568, 53704627, 0, 0, 0
95601, 32371512, 0, 0, 0
95716, 57592911, 0, 0, 0
95729, 338253, 1, 0, 0
95835, 59176692, 0, 0, 0
95916, 81484695, 0, 0, 0
96010, 46807177, 0, 0, 0
96110, 50258133, 0, 0, 0
96111, 381851, 1, 0, 0
96273, 81367491, 0, 0, 0
96316, 21205068, 0, 0, 0
96463, 73617904, 0, 0, 0
96541, 25943545, 0, 0, 0
96623, 82328621, 0, 0, 0
96679, 399727, 1, 0, 0
96758, 67061225, 0, 0, 0
96838, 40265878, 0, 0, 0
96917, 78366081, 0, 0, 0
97010, 31095290, 0, 0, 0
97113, 51644986, 0, 0, 0
97192, 392793, 1, 0, 0
97219, 52609837, 0, 0, 0
97307, 43803355, 0, 0, 0
97459, 76441375, 0, 0, 0
97541, 81297704, 0, 0, 0
97603, 62527319, 0, 0, 0
97684, 403673, 1, 0, 0
97721, 23493939, 0, 0, 0
97864, 71488891, 0, 0, 0
97865, 384992, 1, 0, 0
97900, 17718006, 0, 0, 0
97931, 394517, 1, 0, 0
98000, 19826344, 0, 0, 0
98105, 105014533, 0, 0, 0
98215, 54764917, 0, 0, 0
98300, 85332076, 0, 0, 0
98463, 32522075, 0, 0, 0
98518, 27740255, 0, 0, 0
98631, 56462817, 0, 0, 0
98684, 347128, 1, 0, 0
98719, 29238650, 0, 0, 0
98874, 77306992, 0, 0, 0
98881, 401130, 1, 0, 0
98915, 20391609, 0, 0, 0
99072, 52082834, 0, 0, 0
99108, 18203265, 0, 0, 0
99108, 373785, 1, 0, 0
99222, 56635895, 0, 0, 0
99301, 78997063, 0, 0, 0
99457, 51998485, 0, 0, 0
99532, 75686257, 0, 0, 0
99562, 398175, 1, 0, 0
99600, 22543988, 0, 0, 0
99615, 372589, 1, 0, 0
99711, 27434544, 0, 0, 0
99757, 387542, 1, 0, 0
99865, 30773878, 0, 0, 0
99929, 64161129, 0, 0, 0
99930, 381213, 1, 0, 0
100005, 18419754, 0, 0, 0
100039, 383850, 1, 0, 0
100106, 16555677, 0, 0, 0
100198, 334129, 1, 0, 0
100228, 20250343, 0, 0, 0
100321, 23367494, 0, 0, 0
100360, 403765, 1, 0, 0
100541, 43791961, 0, 0, 0
100541, 382494, 1, 0, 0
100601, 11823723, 0, 0, 0
100706, 104880654, 0, 0, 0
100714, 381298, 1, 0, 0
100955, 41381772, 0, 0, 0
101031, 75884991, 0, 0, 0
101109, 77703569, 0, 0, 0
101149, 389500, 1, 0, 0
101229, 29955886, 0, 0, 0
101309, 40002917, 0, 0, 0
101461, 76015866, 0, 0, 0
101461, 378742, 1, 0, 0
101506, 45086650, 0, 0, 0
101600, 13408017, 0, 0, 0
101646, 391251, 1, 0, 0
101705, 14663711, 0, 0, 0
101807, 34312092, 0, 0, 0
101818, 347502, 1, 0, 0
101900, 15326104, 0, 0, 0
102042, 71121487, 0, 0, 0
102107, 21376232, 0, 0, 0
102128, 390515, 1, 0, 0
102390, 94333218, 0, 0, 0
102406, 7958543, 0, 0, 0
102436, 279200, 1, 0, 0
102529, 15215404, 0, 0, 0
102529, 377278, 1, 0, 0
102611, 81627883, 0, 0, 0
102611, 280112, 1, 0, 0
102765, 38193240, 0, 0, 0
102858, 46444216, 0, 0, 0
102900, 42055425, 0, 0, 0
103136, 118233227, 0, 0, 0
103136, 350898, 1, 0, 0
103212, 75554604, 0, 0, 0
103212, 368064, 1, 0, 0
103362, 74726198, 0, 0, 0
103441, 79432615, 0, 0, 0
103506, 32228713, 0, 0, 0
103506, 390404, 1, 0, 0
103632, 41926064, 0, 0, 0
103658, 374761, 1, 0, 0
103725, 22851872, 0, 0, 0
103739, 347393, 1, 0, 0
103808, 27356796, 0, 0, 0
103958, 30036258, 0, 0, 0
104003, 22413488, 0, 0, 0
104168, 55208110, 0, 0, 0
104248, 79758054, 0, 0, 0
104283, 305486, 1, 0, 0
104311, 15523512, 0, 0, 0
104340, 381842, 1, 0, 0
104431, 29818624, 0, 0, 0
104536, 34994258, 0, 0, 0
104586, 370589, 1, 0, 0
104608, 11663738, 0, 0, 0
104622, 382730, 1, 0, 0
104886, 55508646, 0, 0, 0
104887, 384567, 1, 0, 0
104963, 38129777, 0, 0, 0
104963, 386742, 1, 0, 0
105036, 72957085, 0, 0, 0
105072, 372427, 1, 0, 0
105104, 13262221, 0, 0, 0
105104, 373657, 1, 0, 0
105204, 19966790, 0, 0, 0
105457, 253201757, 0, 0, 0
105528, 23475284, 0, 0, 0
105656, 128532839, 0, 0, 0
105717, 30295798, 0, 0, 0
105823, 53144225, 0, 0, 0
105891, 337636, 1, 0, 0
105984, 39979593, 0, 0, 0
106012, 27630900, 0, 0, 0
106119, 53846349, 0, 0, 0
106120, 376252, 1, 0, 0
106203, 20704938, 0, 0, 0
106204, 368325, 1, 0, 0
106345, 70273037, 0, 0, 0
106345, 374172, 1, 0, 0
106429, 27726507, 0, 0, 0
106530, 101466973, 0, 0, 0
106531, 467325, 1, 0, 0
106691, 53376321, 0, 0, 0
106692, 377062, 1, 0, 0
106719, 13716609, 0, 0, 0
106722, 297976, 1, 0, 0
106803, 16732997, 0, 0, 0
106901, 16328355, 0, 0, 0
107127, 75216239, 0, 0, 0
107139, 370176, 1, 0, 0
107259, 26233535, 0, 0, 0
107368, 109676458, 0, 0, 0
107444, 75282877, 0, 0, 0
107444, 383515, 1, 0, 0
107519, 18633020, 0, 0, 0
107551, 387776, 1, 0, 0
107695, 58480746, 0, 0, 0
107777, 82847100, 0, 0, 0
107860, 82199787, 0, 0, 0
107936, 76048661, 0, 0, 0
108040, 34940855, 0, 0, 0
108041, 373949, 1, 0, 0
108136, 31778133, 0, 0, 0
108197, 395839, 1, 0, 0
108296, 53230067, 0, 0, 0
108379, 82537859, 0, 0, 0
108453, 37099075, 0, 0, 0
108453, 375939, 1, 0, 0
108562, 54391262, 0, 0, 0
108642, 79598914, 0, 0, 0
108732, 30023326, 0, 0, 0
108774, 384418, 1, 0, 0
109376, 214484410, 0, 0, 0
109400, 12082752, 0, 0, 0
109562, 80935692, 0, 0, 0
109604, 21070179, 0, 0, 0
109762, 78917172, 0, 0, 0
109763, 381778, 1, 0, 0
109823, 30047402, 0, 0, 0
109823, 370830, 1, 0, 0
109913, 29836240, 0, 0, 0
109914, 379554, 1, 0, 0
110021, 26875860, 0, 0, 0
110105, 11961152, 0, 0, 0
110405, 50079362, 0, 0, 0
110406, 394490, 1, 0, 0
110558, 50528952, 0, 0, 0
110639, 40726727, 0, 0, 0
110640, 375942, 1, 0, 0
110727, 87898933, 0, 0, 0
110774, 382021, 1, 0, 0
110810, 20583388, 0, 0, 0
110901, 45361385, 0, 0, 0
110901, 392651, 1, 0, 0
111065, 81209746, 0, 0, 0
111107, 21227394, 0, 0, 0
111264, 52321534, 0, 0, 0
111265, 375133, 1, 0, 0
111324, 58468420, 0, 0, 0
111324, 308737, 1, 0, 0
111403, 19716941, 0, 0, 0
111503, 14266342, 0, 0, 0
111578, 291206, 1, 0, 0
111622, 39705079, 0, 0, 0
111653, 372694, 1, 0, 0
111721, 24606528, 0, 0, 0
111838, 29100403, 0, 0, 0
111916, 39233998, 0, 0, 0
112000, 396915, 1, 0, 0
112045, 21344076, 0, 0, 0
112117, 24007752, 0, 0, 0
112321, 204108238, 0, 0, 0
112413, 46292958, 0, 0, 0
112437, 280544, 1, 0, 0
112568, 22047767, 0, 0, 0
112569, 289748, 1, 0, 0
112605, 12334542, 0, 0, 0
112609, 369367, 1, 0, 0
112714, 35788794, 0, 0, 0
112835, 30400540, 0, 0, 0
112836, 337213, 1, 0, 0
112922, 43329275, 0, 0, 0
112993, 390961, 1, 0, 0
113026, 17227623, 0, 0, 0
113026, 276011, 1, 0, 0
113148, 40367116, 0, 0, 0
113148, 385184, 1, 0, 0
113208, 14779881, 0, 0, 0
113282, 370824, 1, 0, 0
113322, 28374732, 0, 0, 0
113328, 371280, 1, 0, 0
113460, 19641631, 0, 0, 0
113605, 72511436, 0, 0, 0
113765, 79913829, 0, 0, 0
113843, 77355251, 0, 0, 0
113918, 75525866, 0, 0, 0
114004, 42994883, 0, 0, 0
114089, 376519, 1, 0, 0
114114, 36422320, 0, 0, 0
114270, 77892599, 0, 0, 0
114270, 407868, 1, 0, 0
114311, 40620072, 0, 0, 0
114407, 16074056, 0, 0, 0
114483, 368983, 1, 0, 0
114518, 22093020, 0, 0, 0
114562, 381067, 1, 0, 0
114609, 30158245, 0, 0, 0
114610, 327729, 1, 0, 0
114706, 10739133, 0, 0, 0
114802, 31901155, 0, 0, 0
114807, 369405, 1, 0, 0
114902, 9922076, 0, 0, 0
114944, 380477, 1, 0, 0
115044, 28197305, 0, 0, 0
115103, 14747416, 0, 0, 0
115316, 53230738, 0, 0, 0
115334, 373569, 1, 0, 0
115403, 12168554, 0, 0, 0
115504, 25377071, 0, 0, 0
115647, 142527189, 0, 0, 0
115735, 88147093, 0, 0, 0
115735, 375571, 1, 0, 0
115818, 27667864, 0, 0, 0
115915, 32254322, 0, 0, 0
115915, 403878, 1, 0, 0
116073, 39392587, 0, 0, 0
116074, 331584, 1, 0, 0
116145, 71122249, 0, 0, 0
116226, 81422598, 0, 0, 0
116227, 376026, 1, 0, 0
116378, 37588918, 0, 0, 0
116378, 353107, 1, 0, 0
116454, 25206787, 0, 0, 0
116520, 33085783, 0, 0, 0
116533, 282598, 1, 0, 0
116613, 46153486, 0, 0, 0
116613, 382016, 1, 0, 0
116763, 29887278, 0, 0, 0
116873, 55057605, 0, 0, 0
116949, 75972456, 0, 0, 0
117029, 79614955, 0, 0, 0
117105, 76396166, 0, 0, 0
117262, 39173835, 0, 0, 0
117342, 79561900, 0, 0, 0
117419, 77903447, 0, 0, 0
117578, 79200616, 0, 0, 0
117655, 38735693, 0, 0, 0
117656, 382668, 1, 0, 0
117736, 15860390, 0, 0, 0
117736, 384866, 1, 0, 0
117812, 76403070, 0, 0, 0
117896, 403614, 1, 0, 0
117957, 48030597, 0, 0, 0
117957, 369975, 1, 0, 0
118029, 35730735, 0, 0, 0
118030, 381234, 1, 0, 0
118110, 26527348, 0, 0, 0
118124, 375508, 1, 0, 0
118249, 27586902, 0, 0, 0
118249, 378499, 1, 0, 0
118354, 52391731, 0, 0, 0
118417, 63437967, 0, 0, 0
118533, 58058046, 0, 0, 0
118625, 91657853, 0, 0, 0
118626, 385511, 1, 0, 0
118725, 49517593, 0, 0, 0
118770, 376766, 1, 0, 0
118806, 26935732, 0, 0, 0
118936, 43203516, 0, 0, 0
119058, 40855419, 0, 0, 0
119109, 50371327, 0, 0, 0
119199, 416561, 1, 0, 0
119286, 44033214, 0, 0, 0
119330, 22073991, 0, 0, 0
119489, 39711587, 0, 0, 0
119519, 30607984, 0, 0, 0
119625, 17664774, 0, 0, 0
119698, 374668, 1, 0, 0
119730, 14930904, 0, 0, 0
119804, 73845065, 0, 0, 0
119968, 81776370, 0, 0, 0
119968, 391233, 1, 0, 0
120026, 28751494, 0, 0, 0
120105, 13222865, 0, 0, 0
120105, 409034, 1, 0, 0
120331, 32230183, 0, 0, 0
120331, 376592, 1, 0, 0
120416, 21010187, 0, 0, 0
120425, 376040, 1, 0, 0
120610, 64404608, 0, 0, 0
120757, 73764881, 0, 0, 0
120837, 79085590, 0, 0, 0
120837, 283179, 1, 0, 0
120915, 78550303, 0, 0, 0
121001, 42696252, 0, 0, 0
121001, 387405, 1, 0, 0
121153, 75779159, 0, 0, 0
121154, 378400, 1, 0, 0
121216, 31123905, 0, 0, 0
121241, 369347, 1, 0, 0
121308, 15262742, 0, 0, 0
121335, 377205, 1, 0, 0
121423, 28160449, 0, 0, 0
121492, 371308, 1, 0, 0
121524, 33694075, 0, 0, 0
121568, 366687, 1, 0, 0
121605, 20083727, 0, 0, 0
121606, 285999, 1, 0, 0
121866, 86381589, 0, 0, 0
121866, 346314, 1, 0, 0
121948, 81780771, 0, 0, 0
121949, 372388, 1, 0, 0
122022, 24331016, 0, 0, 0
122111, 88543595, 0, 0, 0
122234, 61502309, 0, 0, 0
122234, 385064, 1, 0, 0
122385, 407491, 1, 0, 0
122409, 12281967, 0, 0, 0
122441, 374076, 1, 0, 0
122501, 9050714, 0, 0, 0
122501, 360521, 1, 0, 0
122602, 14142271, 0, 0, 0
122669, 371500, 1, 0, 0
122711, 12061564, 0, 0, 0
122711, 379994, 1, 0, 0
122817, 14879634, 0, 0, 0
122846, 357197, 1, 0, 0
122911, 15600112, 0, 0, 0
122911, 373065, 1, 0, 0
123010, 7355403, 0, 0, 0
123116, 17690562, 0, 0, 0
123156, 373918, 1, 0, 0
123205, 11041621, 0, 0, 0
123323, 16856652, 0, 0, 0
123390, 307266, 1, 0, 0
123401, 15599283, 0, 0, 0
123433, 370367, 1, 0, 0
123721, 106632283, 0, 0, 0
124198, 158902079, 0, 0, 0
124199, 436429, 1, 0, 0
124210, 5260851, 0, 0, 0
124306, 10655298, 0, 0, 0
124334, 368760, 1, 0, 0
124502, 49071854, 0, 0, 0
124503, 403763, 1, 0, 0
124600, 370244, 1, 0, 0
124621, 39082896, 0, 0, 0
124731, 11877510, 0, 0, 0
124787, 366879, 1, 0, 0
124816, 21316333, 0, 0, 0
124817, 369837, 1, 0, 0
124946, 12831332, 0, 0, 0
125055, 54532732, 0, 0, 0
125121, 32793025, 0, 0, 0
125133, 373665, 1, 0, 0
125405, 70959391, 0, 0, 0
125405, 404103, 1, 0, 0
125553, 73912270, 0, 0, 0
125640, 86486418, 0, 0, 0
125732, 30802143, 0, 0, 0
125803, 23643293, 0, 0, 0
125963, 80112253, 0, 0, 0
126042, 78758554, 0, 0, 0
126135, 30852330, 0, 0, 0
126135, 377217, 1, 0, 0
126211, 37930751, 0, 0, 0
126315, 51776787, 0, 0, 0
126443, 32087177, 0, 0, 0
126521, 78079680, 0, 0, 0
126522, 345168, 1, 0, 0
126603, 80891400, 0, 0, 0
126621, 403735, 1, 0, 0
126776, 43338565, 0, 0, 0
126856, 79921292, 0, 0, 0
126905, 48484489, 0, 0, 0
127055, 50124301, 0, 0, 0
127134, 79218411, 0, 0, 0
127214, 39721575, 0, 0, 0
127214, 377421, 1, 0, 0
127327, 56284129, 0, 0, 0
127327, 397697, 1, 0, 0
127408, 80773815, 0, 0, 0
127409, 387185, 1, 0, 0
127509, 49849927, 0, 0, 0
127636, 31662600, 0, 0, 0
127766, 64995355, 0, 0, 0
127842, 76197864, 0, 0, 0
127888, 369072, 1, 0, 0
127928, 28316256, 0, 0, 0
128015, 43659861, 0, 0, 0
128188, 86405314, 0, 0, 0
128188, 423414, 1, 0, 0
128267, 78884478, 0, 0, 0
128350, 41282474, 0, 0, 0
128430, 80160811, 0, 0, 0
128509, 78675825, 0, 0, 0
128516, 375311, 1, 0, 0
128672, 32558431, 0, 0, 0
128672, 282184, 1, 0, 0
128750, 38843183, 0, 0, 0
128842, 30606929, 0, 0, 0
128918, 76118467, 0, 0, 0
129074, 77830812, 0, 0, 0
129155, 27035476, 0, 0, 0
129234, 79054063, 0, 0, 0
129289, 410244, 1, 0, 0
129318, 20748831, 0, 0, 0
129318, 371681, 1, 0, 0
129434, 38617912, 0, 0, 0
129435, 328361, 1, 0, 0
129507, 36265515, 0, 0, 0
129586, 373843, 1, 0, 0
129662, 77386794, 0, 0, 0
129744, 81100090, 0, 0, 0
129744, 389502, 1, 0, 0
129826, 82255599, 0, 0, 0
129970, 28772327, 0, 0, 0
129970, 377397, 1, 0, 0
130051, 80086791, 0, 0, 0
130051, 391924, 1, 0, 0
130105, 17818207, 0, 0, 0
130105, 285520, 1, 0, 0
130203, 13943420, 0, 0, 0
130437, 78062343, 0, 0, 0
130524, 43488000, 0, 0, 0
130524, 386200, 1, 0, 0
130604, 39799600, 0, 0, 0
130605, 331211, 1, 0, 0
130761, 78244906, 0, 0, 0
130838, 76667255, 0, 0, 0
130839, 387913, 1, 0, 0
130937, 49001281, 0, 0, 0
131008, 10127934, 0, 0, 0
131020, 401534, 1, 0, 0
131115, 53692399, 0, 0, 0
131270, 77142150, 0, 0, 0
131270, 386570, 1, 0, 0
131316, 46278555, 0, 0, 0
131390, 386300, 1, 0, 0
131476, 31781199, 0, 0, 0
131556, 80421628, 0, 0, 0
131556, 371803, 1, 0, 0
131635, 78043687, 0, 0, 0
131715, 40352334, 0, 0, 0
131798, 389020, 1, 0, 0
131874, 78687255, 0, 0, 0
131933, 59423986, 0, 0, 0
132010, 15341577, 0, 0, 0
132125, 16474885, 0, 0, 0
132140, 379656, 1, 0, 0
132227, 20262382, 0, 0, 0
132249, 393363, 1, 0, 0
132305, 7702826, 0, 0, 0
132402, 9666614, 0, 0, 0
132422, 335589, 1, 0, 0
132515, 11248234, 0, 0, 0
132515, 378690, 1, 0, 0
132623, 27054125, 0, 0, 0
132624, 376019, 1, 0, 0
132798, 174211226, 0, 0, 0
132804, 5894995, 0, 0, 0
132814, 382712, 1, 0, 0
132960, 30950137, 0, 0, 0
132960, 328412, 1, 0, 0
133004, 8381481, 0, 0, 0
133366, 362755295, 0, 0, 0
133376, 322744, 1, 0, 0
133400, 11066086, 0, 0, 0
133400, 385929, 1, 0, 0
133500, 9898478, 0, 0, 0
133516, 373921, 1, 0, 0
133660, 53379030, 0, 0, 0
133661, 383514, 1, 0, 0
133703, 21359398, 0, 0, 0
133704, 369241, 1, 0, 0
133939, 39200049, 0, 0, 0
134128, 63025189, 0, 0, 0
134206, 77768109, 0, 0, 0
134307, 50525202, 0, 0, 0
134314, 379197, 1, 0, 0
134470, 32491480, 0, 0, 0
134506, 17943020, 0, 0, 0
134520, 390775, 1, 0, 0
134603, 23954370, 0, 0, 0
134708, 11692429, 0, 0, 0
135006, 149119069, 0, 0, 0
135007, 386462, 1, 0, 0
135106, 33004417, 0, 0, 0
135150, 371990, 1, 0, 0
135252, 16170278, 0, 0, 0
135399, 73880171, 0, 0, 0
135408, 8370266, 0, 0, 0
135408, 398877, 1, 0, 0
135507, 12203552, 0, 0, 0
135632, 62632183, 0, 0, 0
135661, 358205, 1, 0, 0
135727, 31109007, 0, 0, 0
135820, 30887243, 0, 0, 0
135820, 374266, 1, 0, 0
135929, 18021017, 0, 0, 0
135929, 376840, 1, 0, 0
136085, 38868407, 0, 0, 0
136122, 37005752, 0, 0, 0
136134, 388861, 1, 0, 0
136253, 32405375, 0, 0, 0
136421, 83826958, 0, 0, 0
136421, 368551, 1, 0, 0
136503, 27334626, 0, 0, 0
136504, 369025, 1, 0, 0
136617, 56056131, 0, 0, 0
136767, 37462492, 0, 0, 0
136871, 51911339, 0, 0, 0
136895, 354022, 1, 0, 0
136928, 9459128, 0, 0, 0
137129, 66950968, 0, 0, 0
137216, 86911001, 0, 0, 0
137334, 59108760, 0, 0, 0
137412, 38729388, 0, 0, 0
137529, 38902186, 0, 0, 0
137627, 24711568, 0, 0, 0
137628, 331397, 1, 0, 0
137743, 115470839, 0, 0, 0
137769, 394236, 1, 0, 0
137815, 17923003, 0, 0, 0
137816, 385417, 1, 0, 0
137923, 107110974, 0, 0, 0
138016, 92816658, 0, 0, 0
138060, 370126, 1, 0, 0
138209, 48141565, 0, 0, 0
138209, 395331, 1, 0, 0
138323, 28075965, 0, 0, 0
138326, 369387, 1, 0, 0
138411, 29474986, 0, 0, 0
138412, 373603, 1, 0, 0
138564, 75923449, 0, 0, 0
138614, 49927979, 0, 0, 0
138614, 388265, 1, 0, 0
138767, 76206426, 0, 0, 0
138767, 283362, 1, 0, 0
138821, 27263124, 0, 0, 0
138834, 380811, 1, 0, 0
138915, 46502756, 0, 0, 0
138949, 372311, 1, 0, 0
139024, 54649719, 0, 0, 0
139054, 388527, 1, 0, 0
139137, 55689007, 0, 0, 0
139263, 41997775, 0, 0, 0
139346, 27798660, 0, 0, 0
139425, 79152023, 0, 0, 0
139505, 79785034, 0, 0, 0
139660, 51765119, 0, 0, 0
139661, 375330, 1, 0, 0
139739, 78037943, 0, 0, 0
139739, 278956, 1, 0, 0
139824, 42433120, 0, 0, 0
139903, 26215581, 0, 0, 0
139903, 410354, 1, 0, 0
140010, 26714329, 0, 0, 0
140101, 22625911, 0, 0, 0
140235, 26806367, 0, 0, 0
140265, 381281, 1, 0, 0
140338, 34131261, 0, 0, 0
140338, 374735, 1, 0, 0
140454, 28924843, 0, 0, 0
140528, 73804100, 0, 0, 0
140528, 395106, 1, 0, 0
140604, 19072976, 0, 0, 0
140628, 379336, 1, 0, 0
140759, 38632752, 0, 0, 0
140839, 79541197, 0, 0, 0
140917, 39296750, 0, 0, 0
141076, 79039452, 0, 0, 0
141110, 34813219, 0, 0, 0
141247, 45429664, 0, 0, 0
141325, 78507186, 0, 0, 0
141431, 26425699, 0, 0, 0
141596, 82720774, 0, 0, 0
141629, 32327733, 0, 0, 0
141704, 75655422, 0, 0, 0
141861, 78301473, 0, 0, 0
141964, 34303055, 0, 0, 0
141964, 418159, 1, 0, 0
142019, 54557882, 0, 0, 0
142101, 81672101, 0, 0, 0
142119, 281523, 1, 0, 0
142243, 47332341, 0, 0, 0
142304, 60817251, 0, 0, 0
142304, 376325, 1, 0, 0
142430, 31413862, 0, 0, 0
142475, 386351, 1, 0, 0
142575, 36218246, 0, 0, 0
142654, 78669609, 0, 0, 0
142708, 53960309, 0, 0, 0
142861, 51071419, 0, 0, 0
142862, 375077, 1, 0, 0
142943, 40669777, 0, 0, 0
143019, 76341083, 0, 0, 0
143150, 43592259, 0, 0, 0
143233, 82683939, 0, 0, 0
143316, 41327633, 0, 0, 0
143479, 81921589, 0, 0, 0
143553, 73678984, 0, 0, 0
143631, 25868664, 0, 0, 0
143638, 402436, 1, 0, 0
143744, 37608936, 0, 0, 0
143825, 80235456, 0, 0, 0
143825, 379719, 1, 0, 0
143922, 16157244, 0, 0, 0
144000, 77230728, 0, 0, 0
144162, 80947758, 0, 0, 0
144205, 43242860, 0, 0, 0
144323, 59114231, 0, 0, 0
144366, 390694, 1, 0, 0
144446, 30561221, 0, 0, 0
144446, 375124, 1, 0, 0
144522, 76201345, 0, 0, 0
144551, 387567, 1, 0, 0
144603, 20015022, 0, 0, 0
144626, 373325, 1, 0, 0
144797, 21408040, 0, 0, 0
144797, 385806, 1, 0, 0
144829, 32302944, 0, 0, 0
144951, 121864486, 0, 0, 0
145018, 33392140, 0, 0, 0
145041, 370890, 1, 0, 0
145111, 23173517, 0, 0, 0
145123, 397689, 1, 0, 0
145244, 44139420, 0, 0, 0
145337, 46340549, 0, 0, 0
145381, 280855, 1, 0, 0
145409, 10242873, 0, 0, 0
145422, 374511, 1, 0, 0
145638, 28465779, 0, 0, 0
145724, 42634436, 0, 0, 0
145733, 376573, 1, 0, 0
145846, 30433242, 0, 0, 0
145913, 22143734, 0, 0, 0
146107, 64658117, 0, 0, 0
146107, 381287, 1, 0, 0
146269, 80980233, 0, 0, 0
146349, 79332295, 0, 0, 0
146426, 76787180, 0, 0, 0
146501, 74973783, 0, 0, 0
146575, 335644, 1, 0, 0
146654, 51087163, 0, 0, 0
146733, 39465250, 0, 0, 0
146817, 27955688, 0, 0, 0
146902, 42354886, 0, 0, 0
147061, 79652948, 0, 0, 0
147142, 80779082, 0, 0, 0
147149, 303600, 1, 0, 0
147276, 26726113, 0, 0, 0
147356, 80192107, 0, 0, 0
147417, 20090939, 0, 0, 0
147474, 389171, 1, 0, 0
147573, 39081254, 0, 0, 0
147654, 40264397, 0, 0, 0
147774, 39959883, 0, 0, 0
147811, 18461646, 0, 0, 0
147811, 371217, 1, 0, 0
147900, 44441651, 0, 0, 0
147973, 375725, 1, 0, 0
148008, 13329476, 0, 0, 0
148221, 213554712, 0, 0, 0
148293, 412419, 1, 0, 0
148331, 36345127, 0, 0, 0
148406, 15012228, 0, 0, 0
148418, 371531, 1, 0, 0
148521, 28437759, 0, 0, 0
148588, 379562, 1, 0, 0
148616, 23767340, 0, 0, 0
148616, 371827, 1, 0, 0
148893, 92200939, 0, 0, 0
148901, 7339232, 0, 0, 0
148901, 326136, 1, 0, 0
149005, 51950202, 0, 0, 0
149123, 39270650, 0, 0, 0
149123, 304211, 1, 0, 0
149225, 33705738, 0, 0, 0
149225, 372476, 1, 0, 0
149387, 32051226, 0, 0, 0
149396, 376608, 1, 0, 0
149461, 37194718, 0, 0, 0
149462, 372827, 1, 0, 0
149541, 78495538, 0, 0, 0
149607, 22283648, 0, 0, 0
149699, 373740, 1, 0, 0
149700, 371488, 1, 0, 0
149780, 34358523, 0, 0, 0
149862, 81768116, 0, 0, 0
149893, 380956, 1, 0, 0
149958, 48052368, 0, 0, 0
150060, 25379420, 0, 0, 0
150100, 395080, 1, 0, 0
150105, 11264961, 0, 0, 0
150205, 8239648, 0, 0, 0
150220, 379287, 1, 0, 0
150397, 10827458, 0, 0, 0
150415, 18174772, 0, 0, 0
150440, 375934, 1, 0, 0
150518, 11297753, 0, 0, 0
150569, 402297, 1, 0, 0
150606, 17575371, 0, 0, 0
150618, 389227, 1, 0, 0
150703, 12008584, 0, 0, 0
150704, 398181, 1, 0, 0
150809, 11509353, 0, 0, 0
150809, 376044, 1, 0, 0
150900, 22621171, 0, 0, 0
150900, 403408, 1, 0, 0
151009, 13476934, 0, 0, 0
151085, 353036, 1, 0, 0
151425, 69090696, 0, 0, 0
151449, 375976, 1, 0, 0
151904, 68343159, 0, 0, 0
151958, 380257, 1, 0, 0
152004, 11109179, 0, 0, 0
152005, 391639, 1, 0, 0
152100, 11778547, 0, 0, 0
152180, 339853, 1, 0, 0
152208, 11985512, 0, 0, 0
152208, 289593, 1, 0, 0
152419, 105212210, 0, 0, 0
152574, 51549131, 0, 0, 0
152619, 45403316, 0, 0, 0
152779, 79711866, 0, 0, 0
152856, 77505598, 0, 0, 0
152869, 399655, 1, 0, 0
152912, 18392166, 0, 0, 0
152996, 385301, 1, 0, 0
153026, 56625837, 0, 0, 0
153037, 376112, 1, 0, 0
153118, 45682131, 0, 0, 0
153268, 75249935, 0, 0, 0
153306, 18728016, 0, 0, 0
153306, 390634, 1, 0, 0
153474, 55759056, 0, 0, 0
153553, 39463938, 0, 0, 0
153632, 78904999, 0, 0, 0
153662, 329059, 1, 0, 0
153712, 16021320, 0, 0, 0
153877, 54925250, 0, 0, 0
153913, 36057419, 0, 0, 0
153913, 373367, 1, 0, 0
154012, 49474969, 0, 0, 0
154160, 49288608, 0, 0, 0
154161, 390009, 1, 0, 0
154203, 21137780, 0, 0, 0
154241, 371700, 1, 0, 0
154317, 56686819, 0, 0, 0
154403, 43425854, 0, 0, 0
154414, 387642, 1, 0, 0
154579, 21824078, 0, 0, 0
154606, 26505204, 0, 0, 0
154606, 342129, 1, 0, 0
154718, 11036592, 0, 0, 0
154718, 378366, 1, 0, 0
154801, 41333146, 0, 0, 0
154985, 36748242, 0, 0, 0
155014, 29507827, 0, 0, 0
155116, 33720235, 0, 0, 0
155116, 388092, 1, 0, 0
155201, 14111963, 0, 0, 0
155554, 88219754, 0, 0, 0
155636, 82056758, 0, 0, 0
155636, 340750, 1, 0, 0
155712, 75617557, 0, 0, 0
155794, 392658, 1, 0, 0
155873, 53386364, 0, 0, 0
155949, 76261913, 0, 0, 0
155950, 333536, 1, 0, 0
156032, 82918663, 0, 0, 0
156033, 383069, 1, 0, 0
156106, 35987090, 0, 0, 0
156212, 53027206, 0, 0, 0
156326, 38277054, 0, 0, 0
156466, 46632680, 0, 0, 0
156542, 75267363, 0, 0, 0
156624, 41118179, 0, 0, 0
156635, 318107, 1, 0, 0
156701, 12778486, 0, 0, 0
156701, 370974, 1, 0, 0
156810, 54211006, 0, 0, 0
156810, 370156, 1, 0, 0
156943, 44004028, 0, 0, 0
157023, 80542461, 0, 0, 0
157026, 393927, 1, 0, 0
157106, 27528022, 0, 0, 0
157217, 55654238, 0, 0, 0
157305, 29318355, 0, 0, 0
157446, 46837992, 0, 0, 0
157446, 378277, 1, 0, 0
157569, 30558002, 0, 0, 0
157675, 26505344, 0, 0, 0
157675, 395037, 1, 0, 0
157757, 81630619, 0, 0, 0
157757, 372413, 1, 0, 0
157829, 35901108, 0, 0, 0
157960, 18757598, 0, 0, 0
158044, 42045356, 0, 0, 0
158100, 18427646, 0, 0, 0
158197, 398293, 1, 0, 0
158272, 57350770, 0, 0, 0
158352, 80006992, 0, 0, 0
158427, 74573468, 0, 0, 0
158456, 373499, 1, 0, 0
158542, 38322870, 0, 0, 0
158624, 81770848, 0, 0, 0
158729, 52742150, 0, 0, 0
158799, 317881, 1, 0, 0
158829, 24802746, 0, 0, 0
158829, 373491, 1, 0, 0
158920, 22421974, 0, 0, 0
158920, 389655, 1, 0, 0
159019, 33073697, 0, 0, 0
159314, 73613767, 0, 0, 0
159438, 62164333, 0, 0, 0
159546, 53881678, 0, 0, 0
159546, 376293, 1, 0, 0
159603, 28075995, 0, 0, 0
159719, 38803151, 0, 0, 0
159827, 21632222, 0, 0, 0
159828, 395603, 1, 0, 0
159951, 123018437, 0, 0, 0
160092, 35342920, 0, 0, 0
160104, 11556475, 0, 0, 0
160331, 32421863, 0, 0, 0
160331, 380113, 1, 0, 0
160410, 79408732, 0, 0, 0
160532, 30358406, 0, 0, 0
160625, 31105155, 0, 0, 0
160686, 390259, 1, 0, 0
160711, 42505596, 0, 0, 0
160897, 46657938, 0, 0, 0
160898, 374009, 1, 0, 0
160979, 40924455, 0, 0, 0
161044, 64618378, 0, 0, 0
161150, 52878094, 0, 0, 0
161247, 19430197, 0, 0, 0
161284, 314194, 1, 0, 0
161368, 59873372, 0, 0, 0
161407, 39883971, 0, 0, 0
161570, 81321360, 0, 0, 0
161570, 377292, 1, 0, 0
161653, 82681858, 0, 0, 0
161766, 56399897, 0, 0, 0
161825, 59538100, 0, 0, 0
161908, 82076796, 0, 0, 0
162000, 30864875, 0, 0, 0
162160, 80021663, 0, 0, 0
162236, 75365661, 0, 0, 0
162275, 370778, 1, 0, 0
162309, 24038692, 0, 0, 0
162402, 23250625, 0, 0, 0
162504, 25498584, 0, 0, 0
162572, 381726, 1, 0, 0
162600, 12015191, 0, 0, 0
162708, 15376683, 0, 0, 0
162786, 392560, 1, 0, 0
162800, 13077524, 0, 0, 0
162868, 288680, 1, 0, 0
162924, 15540762, 0, 0, 0
162970, 383676, 1, 0, 0
163006, 16035098, 0, 0, 0
163118, 18641773, 0, 0, 0
163185, 370546, 1, 0, 0
163222, 26088641, 0, 0, 0
163583, 90211863, 0, 0, 0
163603, 9780483, 0, 0, 0
163644, 398097, 1, 0, 0
163747, 11925268, 0, 0, 0
163765, 385060, 1, 0, 0
164124, 75397175, 0, 0, 0
164125, 289145, 1, 0, 0
164202, 77545289, 0, 0, 0
164309, 53440192, 0, 0, 0
164309, 392443, 1, 0, 0
164405, 18970330, 0, 0, 0
164443, 389203, 1, 0, 0
164523, 29469109, 0, 0, 0
164610, 43595148, 0, 0, 0
164770, 39868598, 0, 0, 0
164852, 41053554, 0, 0, 0
164953, 33686737, 0, 0, 0
165031, 78570892, 0, 0, 0
165091, 379858, 1, 0, 0
165122, 30019716, 0, 0, 0
165131, 391461, 1, 0, 0
165282, 22738864, 0, 0, 0
165306, 24399187, 0, 0, 0
165385, 376384, 1, 0, 0
165415, 36087450, 0, 0, 0
165571, 78017704, 0, 0, 0
165607, 35766223, 0, 0, 0
165607, 282084, 1, 0, 0
165708, 50466435, 0, 0, 0
165708, 386506, 1, 0, 0
165812, 17255393, 0, 0, 0
165973, 53610621, 0, 0, 0
166002, 28905743, 0, 0, 0
166032, 347095, 1, 0, 0
166122, 39706247, 0, 0, 0
166122, 377446, 1, 0, 0
166200, 25874464, 0, 0, 0
166328, 42775064, 0, 0, 0
166365, 386924, 1, 0, 0
166428, 24922556, 0, 0, 0
166506, 78284577, 0, 0, 0
166584, 370648, 1, 0, 0
166660, 76661593, 0, 0, 0
166745, 42404088, 0, 0, 0
166842, 32193966, 0, 0, 0
166842, 296023, 1, 0, 0
166914, 23396661, 0, 0, 0
167005, 91951917, 0, 0, 0
167105, 49960603, 0, 0, 0
167262, 52129744, 0, 0, 0
167339, 38696978, 0, 0, 0
167340, 350858, 1, 0, 0
167401, 30667070, 0, 0, 0
167402, 383334, 1, 0, 0
167561, 52978329, 0, 0, 0
167646, 28300352, 0, 0, 0
167721, 24888265, 0, 0, 0
167855, 44552539, 0, 0, 0
167935, 80025422, 0, 0, 0
168013, 78353177, 0, 0, 0
168013, 318488, 1, 0, 0
168119, 35356106, 0, 0, 0
168148, 370783, 1, 0, 0
168222, 17009894, 0, 0, 0
168301, 78964630, 0, 0, 0
168456, 77384250, 0, 0, 0
168574, 59119575, 0, 0, 0
168650, 75741050, 0, 0, 0
168730, 40133257, 0, 0, 0
168774, 387576, 1, 0, 0
168814, 27740846, 0, 0, 0
168891, 372547, 1, 0, 0
168915, 25360548, 0, 0, 0
169075, 53338367, 0, 0, 0
169152, 76010668, 0, 0, 0
169152, 399058, 1, 0, 0
169212, 30174956, 0, 0, 0
169374, 80821663, 0, 0, 0
169452, 78524240, 0, 0, 0
169490, 282835, 1, 0, 0
169569, 38463203, 0, 0, 0
169672, 51855857, 0, 0, 0
169731, 58783267, 0, 0, 0
169804, 24152045, 0, 0, 0
169919, 38540977, 0, 0, 0
170027, 26979299, 0, 0, 0
170109, 81804144, 0, 0, 0
170125, 380329, 1, 0, 0
170206, 12060427, 0, 0, 0
170207, 384985, 1, 0, 0
170320, 112889911, 0, 0, 0
170406, 43190067, 0, 0, 0
170415, 393948, 1, 0, 0
170521, 38200661, 0, 0, 0
170597, 328775, 1, 0, 0
170678, 78118464, 0, 0, 0
170746, 67710357, 0, 0, 0
170805, 29417716, 0, 0, 0
170915, 36730265, 0, 0, 0
171055, 69981903, 0, 0, 0
171055, 379108, 1, 0, 0
171162, 53418156, 0, 0, 0
171239, 77325408, 0, 0, 0
171314, 75148644, 0, 0, 0
171315, 408112, 1, 0, 0
171428, 56374015, 0, 0, 0
171502, 74435219, 0, 0, 0
171606, 51866929, 0, 0, 0
171606, 378338, 1, 0, 0
171716, 36445597, 0, 0, 0
171870, 77208563, 0, 0, 0
171953, 41311345, 0, 0, 0
172035, 81882423, 0, 0, 0
172142, 35619345, 0, 0, 0
172245, 51750647, 0, 0, 0
172254, 333615, 1, 0, 0
172367, 30381974, 0, 0, 0
172442, 74091428, 0, 0, 0
172523, 81095516, 0, 0, 0
172555, 338500, 1, 0, 0
172650, 31790736, 0, 0, 0
172689, 317166, 1, 0, 0
172700, 9717445, 0, 0, 0
172804, 52162595, 0, 0, 0
172834, 383531, 1, 0, 0
172949, 35895656, 0, 0, 0
173003, 13366747, 0, 0, 0
173171, 41941201, 0, 0, 0
173247, 75864753, 0, 0, 0
173281, 375652, 1, 0, 0
173308, 20368547, 0, 0, 0
173309, 392372, 1, 0, 0
173424, 57524573, 0, 0, 0
173568, 72169560, 0, 0, 0
173608, 40430673, 0, 0, 0
173609, 403424, 1, 0, 0
173717, 53646769, 0, 0, 0
173756, 390476, 1, 0, 0
173835, 59152747, 0, 0, 0
173912, 38348668, 0, 0, 0
174000, 44104264, 0, 0, 0
174160, 53266929, 0, 0, 0
174190, 408430, 1, 0, 0
174201, 20075263, 0, 0, 0
174318, 58787076, 0, 0, 0
174319, 288837, 1, 0, 0
174428, 54855530, 0, 0, 0
174429, 419032, 1, 0, 0
174509, 79023458, 0, 0, 0
174509, 373933, 1, 0, 0
174613, 34512792, 0, 0, 0
174745, 44090127, 0, 0, 0
174825, 79974217, 0, 0, 0
174952, 63594631, 0, 0, 0
175012, 59216358, 0, 0, 0
175012, 388969, 1, 0, 0
175104, 18183458, 0, 0, 0
175122, 385410, 1, 0, 0
175234, 25889407, 0, 0, 0
175317, 82936482, 0, 0, 0
175462, 48371137, 0, 0, 0
175462, 398075, 1, 0, 0
175534, 23884248, 0, 0, 0
175620, 42994438, 0, 0, 0
175795, 29168732, 0, 0, 0
175831, 35446842, 0, 0, 0
175900, 34505936, 0, 0, 0
176115, 43066108, 0, 0, 0
176192, 394646, 1, 0, 0
176270, 51371440, 0, 0, 0
176374, 34963124, 0, 0, 0
176375, 402669, 1, 0, 0
176437, 30927884, 0, 0, 0
176519, 82643939, 0, 0, 0
176602, 82908052, 0, 0, 0
176766, 81858266, 0, 0, 0
176766, 378861, 1, 0, 0
176801, 11509023, 0, 0, 0
176801, 389551, 1, 0, 0
176976, 43521461, 0, 0, 0
177017, 40606622, 0, 0, 0
177031, 345507, 1, 0, 0
177107, 45000904, 0, 0, 0
177216, 54302104, 0, 0, 0
177376, 53223296, 0, 0, 0
177381, 386959, 1, 0, 0
177407, 10212416, 0, 0, 0
177562, 51717447, 0, 0, 0
177638, 76127852, 0, 0, 0
177711, 73513418, 0, 0, 0
177821, 54603226, 0, 0, 0
177902, 81782500, 0, 0, 0
178004, 50781527, 0, 0, 0
178162, 39463547, 0, 0, 0
178245, 27853117, 0, 0, 0
178324, 78538554, 0, 0, 0
178372, 386075, 1, 0, 0
178402, 15483461, 0, 0, 0
178510, 36150662, 0, 0, 0
178624, 28414850, 0, 0, 0
178703, 78966119, 0, 0, 0
178786, 412997, 1, 0, 0
178864, 53539023, 0, 0, 0
178864, 379225, 1, 0, 0
178921, 11266234, 0, 0, 0
178921, 313519, 1, 0, 0
179093, 24475755, 0, 0, 0
179094, 381916, 1, 0, 0
179177, 83277457, 0, 0, 0
179177, 387916, 1, 0, 0
179256, 78223999, 0, 0, 0
179336, 79891375, 0, 0, 0
179418, 41358736, 0, 0, 0
179419, 405509, 1, 0, 0
179511, 18347085, 0, 0, 0
179511, 318298, 1, 0, 0
179623, 27759537, 0, 0, 0
179679, 283991, 1, 0, 0
179705, 7458721, 0, 0, 0
179705, 388427, 1, 0, 0
179824, 14764608, 0, 0, 0
179909, 42759828, 0, 0, 0
179973, 387471, 1, 0, 0
180001, 7579705, 0, 0, 0
