151, 74546730, 0, 0, 0
229, 77679704, 0, 0, 0
346, 38943593, 0, 0, 0
377, 466817, 1, 0, 0
405, 29447417, 0, 0, 0
519, 56761216, 0, 0, 0
519, 417018, 1, 0, 0
614, 31304813, 0, 0, 0
733, 59761311, 0, 0, 0
876, 47551155, 0, 0, 0
882, 409235, 1, 0, 0
915, 12884647, 0, 0, 0
1022, 53208039, 0, 0, 0
1102, 80244506, 0, 0, 0
1102, 414081, 1, 0, 0
1234, 65692357, 0, 0, 0
1242, 395706, 1, 0, 0
1317, 20465207, 0, 0, 0
1331, 405507, 1, 0, 0
1404, 17230190, 0, 0, 0
1404, 407177, 1, 0, 0
1536, 65903085, 0, 0, 0
1542, 423716, 1, 0, 0
1626, 44723550, 0, 0, 0
1749, 41103439, 0, 0, 0
1758, 393592, 1, 0, 0
1829, 19795440, 0, 0, 0
1912, 41539781, 0, 0, 0
1941, 425594, 1, 0, 0
2067, 77532738, 0, 0, 0
2143, 75384015, 0, 0, 0
2237, 46827705, 0, 0, 0
2311, 74775172, 0, 0, 0
2341, 412353, 1, 0, 0
2425, 56747924, 0, 0, 0
2530, 52180452, 0, 0, 0
2611, 81794453, 0, 0, 0
2612, 451150, 1, 0, 0
2723, 55205856, 0, 0, 0
2731, 415179, 1, 0, 0
2806, 41238775, 0, 0, 0
2919, 56874652, 0, 0, 0
3049, 43190618, 0, 0, 0
3049, 422736, 1, 0, 0
3113, 31463409, 0, 0, 0
3113, 401306, 1, 0, 0
3288, 43514441, 0, 0, 0
3326, 38279488, 0, 0, 0
3409, 82930379, 0, 0, 0
3449, 427041, 1, 0, 0
3531, 60689734, 0, 0, 0
3643, 55900539, 0, 0, 0
3713, 35014665, 0, 0, 0
3739, 403754, 1, 0, 0
3817, 51812941, 0, 0, 0
3909, 30812006, 0, 0, 0
3910, 405017, 1, 0, 0
4093, 36561983, 0, 0, 0
4093, 422618, 1, 0, 0
4172, 79046999, 0, 0, 0
4248, 75943191, 0, 0, 0
4248, 420870, 1, 0, 0
4374, 41659760, 0, 0, 0
4374, 410064, 1, 0, 0
4453, 78921115, 0, 0, 0
4454, 407783, 1, 0, 0
4529, 75104090, 0, 0, 0
4557, 441161, 1, 0, 0
4630, 33573415, 0, 0, 0
4711, 16157026, 0, 0, 0
4711, 402267, 1, 0, 0
4855, 28738399, 0, 0, 0
4875, 417532, 1, 0, 0
5004, 49445484, 0, 0, 0
5131, 63685431, 0, 0, 0
5131, 419027, 1, 0, 0
5218, 43163421, 0, 0, 0
5219, 407778, 1, 0, 0
5331, 37202481, 0, 0, 0
5391, 395976, 1, 0, 0
5442, 36897176, 0, 0, 0
5443, 414164, 1, 0, 0
5531, 17542752, 0, 0, 0
5600, 22836388, 0, 0, 0
5898, 59696592, 0, 0, 0
5905, 7046364, 0, 0, 0
6189, 70852612, 0, 0, 0
6200, 410529, 1, 0, 0
6207, 8664721, 0, 0, 0
6396, 31510641, 0, 0, 0
6503, 107517126, 0, 0, 0
6580, 432616, 1, 0, 0
6609, 52649679, 0, 0, 0
6719, 27431469, 0, 0, 0
6719, 403060, 1, 0, 0
6839, 39798983, 0, 0, 0
6966, 42584217, 0, 0, 0
7049, 83041364, 0, 0, 0
7196, 48996729, 0, 0, 0
7235, 38780208, 0, 0, 0
7386, 30175671, 0, 0, 0
7414, 28189219, 0, 0, 0
7569, 77499132, 0, 0, 0
7642, 73005636, 0, 0, 0
7719, 15397679, 0, 0, 0
7834, 57384875, 0, 0, 0
7879, 423242, 1, 0, 0
7975, 46866639, 0, 0, 0
8054, 78879479, 0, 0, 0
8142, 43895835, 0, 0, 0
8213, 71725178, 0, 0, 0
8316, 51249480, 0, 0, 0
8345, 406891, 1, 0, 0
8441, 41410346, 0, 0, 0
8516, 18845206, 0, 0, 0
8571, 422163, 1, 0, 0
8605, 17689010, 0, 0, 0
8668, 410912, 1, 0, 0
8702, 32007677, 0, 0, 0
8751, 407613, 1, 0, 0
8965, 52511191, 0, 0, 0
9008, 42708303, 0, 0, 0
9008, 392038, 1, 0, 0
9120, 55951241, 0, 0, 0
9121, 413136, 1, 0, 0
9227, 35227903, 0, 0, 0
9326, 98958701, 0, 0, 0
9435, 54919024, 0, 0, 0
9547, 37263110, 0, 0, 0
9639, 30499668, 0, 0, 0
9655, 397167, 1, 0, 0
9806, 33192976, 0, 0, 0
9827, 393922, 1, 0, 0
9998, 64058175, 0, 0, 0
10076, 77717121, 0, 0, 0
10154, 78555654, 0, 0, 0
10155, 402428, 1, 0, 0
10278, 41178055, 0, 0, 0
10356, 77193543, 0, 0, 0
10356, 419071, 1, 0, 0
10456, 33041267, 0, 0, 0
10532, 38024173, 0, 0, 0
10608, 76007408, 0, 0, 0
10717, 54241190, 0, 0, 0
10717, 390110, 1, 0, 0
10805, 43851768, 0, 0, 0
10924, 59382409, 0, 0, 0
11003, 79561237, 0, 0, 0
11165, 53936283, 0, 0, 0
11165, 406227, 1, 0, 0
11243, 77629993, 0, 0, 0
11302, 58660213, 0, 0, 0
11302, 419179, 1, 0, 0
11419, 58230296, 0, 0, 0
11419, 388890, 1, 0, 0
11555, 67611145, 0, 0, 0
11555, 393314, 1, 0, 0
11601, 15253448, 0, 0, 0
11602, 390721, 1, 0, 0
11759, 78447871, 0, 0, 0
11760, 406888, 1, 0, 0
11872, 56103868, 0, 0, 0
11872, 427505, 1, 0, 0
11949, 76531716, 0, 0, 0
12031, 82034080, 0, 0, 0
12031, 424781, 1, 0, 0
12113, 81339215, 0, 0, 0
12230, 19543609, 0, 0, 0
12310, 79557706, 0, 0, 0
12395, 397109, 1, 0, 0
12477, 55528500, 0, 0, 0
12552, 74935506, 0, 0, 0
12631, 78993987, 0, 0, 0
12640, 392159, 1, 0, 0
12760, 42921246, 0, 0, 0
12761, 400773, 1, 0, 0
12843, 81912536, 0, 0, 0
12857, 402842, 1, 0, 0
12969, 41731232, 0, 0, 0
13033, 32219446, 0, 0, 0
13110, 77102671, 0, 0, 0
13193, 409041, 1, 0, 0
13269, 78932419, 0, 0, 0
13344, 74523123, 0, 0, 0
13344, 400249, 1, 0, 0
13426, 81828584, 0, 0, 0
13577, 75428014, 0, 0, 0
13667, 45228814, 0, 0, 0
13745, 77980092, 0, 0, 0
13857, 55734401, 0, 0, 0
13857, 394822, 1, 0, 0
13938, 80809016, 0, 0, 0
13939, 403399, 1, 0, 0
14013, 74364422, 0, 0, 0
14132, 39629329, 0, 0, 0
14209, 76776027, 0, 0, 0
14325, 57976195, 0, 0, 0
14478, 51287942, 0, 0, 0
14558, 80051139, 0, 0, 0
14621, 62761173, 0, 0, 0
14694, 418000, 1, 0, 0
14713, 22742868, 0, 0, 0
14737, 388689, 1, 0, 0
14819, 52638571, 0, 0, 0
14920, 50851993, 0, 0, 0
15039, 59353468, 0, 0, 0
15040, 405638, 1, 0, 0
15108, 17080450, 0, 0, 0
15108, 418625, 1, 0, 0
15222, 37848235, 0, 0, 0
15222, 394754, 1, 0, 0
15334, 111448139, 0, 0, 0
15411, 76680556, 0, 0, 0
15557, 48538222, 0, 0, 0
15633, 76107356, 0, 0, 0
15710, 76668798, 0, 0, 0
15834, 62300741, 0, 0, 0
15915, 26835490, 0, 0, 0
16021, 35574594, 0, 0, 0
16089, 401401, 1, 0, 0
16120, 32582122, 0, 0, 0
16120, 403047, 1, 0, 0
16297, 177345909, 0, 0, 0
16380, 82710039, 0, 0, 0
16454, 73850106, 0, 0, 0
16521, 33678797, 0, 0, 0
16642, 60279273, 0, 0, 0
16701, 14672543, 0, 0, 0
16701, 405487, 1, 0, 0
16836, 44389917, 0, 0, 0
16921, 42626924, 0, 0, 0
17076, 77740126, 0, 0, 0
17154, 77328635, 0, 0, 0
17154, 397625, 1, 0, 0
17225, 23533245, 0, 0, 0
17317, 30426034, 0, 0, 0
17317, 397308, 1, 0, 0
17422, 26019959, 0, 0, 0
17465, 386319, 1, 0, 0
17502, 19854786, 0, 0, 0
17613, 27775144, 0, 0, 0
17640, 389308, 1, 0, 0
17706, 18525878, 0, 0, 0
17732, 397636, 1, 0, 0
17801, 31254217, 0, 0, 0
18067, 88882665, 0, 0, 0
18131, 31788288, 0, 0, 0
18203, 23928906, 0, 0, 0
18317, 22846074, 0, 0, 0
18408, 30232049, 0, 0, 0
18500, 23145058, 0, 0, 0
18546, 397792, 1, 0, 0
18649, 37086600, 0, 0, 0
18713, 32072356, 0, 0, 0
18877, 164230097, 0, 0, 0
18911, 33928523, 0, 0, 0
19017, 17573765, 0, 0, 0
19108, 45843198, 0, 0, 0
19109, 448401, 1, 0, 0
19272, 162927003, 0, 0, 0
19391, 119432581, 0, 0, 0
19534, 143197637, 0, 0, 0
19581, 393732, 1, 0, 0
19617, 16444541, 0, 0, 0
19718, 33611104, 0, 0, 0
19718, 418046, 1, 0, 0
19828, 18007523, 0, 0, 0
20091, 263727333, 0, 0, 0
20198, 106429924, 0, 0, 0
20278, 80582547, 0, 0, 0
20354, 75391715, 0, 0, 0
20435, 81273587, 0, 0, 0
20508, 73349596, 0, 0, 0
20535, 395451, 1, 0, 0
20648, 46197794, 0, 0, 0
20730, 82257552, 0, 0, 0
20730, 400794, 1, 0, 0
20810, 79182688, 0, 0, 0
20810, 391932, 1, 0, 0
20904, 31251630, 0, 0, 0
20904, 419653, 1, 0, 0
21073, 41723075, 0, 0, 0
21152, 79106784, 0, 0, 0
21203, 17178799, 0, 0, 0
21204, 399810, 1, 0, 0
21303, 19670089, 0, 0, 0
21303, 393411, 1, 0, 0
21531, 76149017, 0, 0, 0
21600, 34420367, 0, 0, 0
21661, 408019, 1, 0, 0
21822, 73721969, 0, 0, 0
21822, 392157, 1, 0, 0
21951, 64201476, 0, 0, 0
22006, 54161583, 0, 0, 0
22104, 32841585, 0, 0, 0
22131, 397948, 1, 0, 0
22258, 50818848, 0, 0, 0
22326, 22608973, 0, 0, 0
22423, 96973367, 0, 0, 0
22505, 81730975, 0, 0, 0
22582, 380484, 1, 0, 0
22620, 57405523, 0, 0, 0
22700, 40002178, 0, 0, 0
22851, 75164303, 0, 0, 0
22929, 78878520, 0, 0, 0
23003, 73750498, 0, 0, 0
23086, 427251, 1, 0, 0
23117, 56546567, 0, 0, 0
23154, 405675, 1, 0, 0
23273, 31239897, 0, 0, 0
23274, 417228, 1, 0, 0
23353, 79216658, 0, 0, 0
23410, 56732983, 0, 0, 0
23574, 54614511, 0, 0, 0
23655, 81332420, 0, 0, 0
23732, 76981011, 0, 0, 0
23825, 31045208, 0, 0, 0
23894, 413849, 1, 0, 0
23903, 38968025, 0, 0, 0
24006, 51404723, 0, 0, 0
24093, 430108, 1, 0, 0
24126, 29633830, 0, 0, 0
24213, 87625959, 0, 0, 0
24334, 40226341, 0, 0, 0
24403, 17238758, 0, 0, 0
24512, 108798005, 0, 0, 0
24512, 403731, 1, 0, 0
24609, 48009208, 0, 0, 0
24643, 387342, 1, 0, 0
24713, 14554783, 0, 0, 0
24910, 65799655, 0, 0, 0
25021, 55222044, 0, 0, 0
25067, 391856, 1, 0, 0
25103, 11687008, 0, 0, 0
25244, 46938687, 0, 0, 0
25277, 404809, 1, 0, 0
25309, 32086863, 0, 0, 0
25398, 396717, 1, 0, 0
25425, 57804684, 0, 0, 0
25425, 407244, 1, 0, 0
25585, 40043633, 0, 0, 0
25620, 17272656, 0, 0, 0
25797, 88503221, 0, 0, 0
25827, 30612852, 0, 0, 0
25828, 396514, 1, 0, 0
26007, 59597756, 0, 0, 0
26129, 61334042, 0, 0, 0
26208, 39169847, 0, 0, 0
26219, 419798, 1, 0, 0
26342, 66909280, 0, 0, 0
26342, 398081, 1, 0, 0
26424, 40661886, 0, 0, 0
26531, 53548479, 0, 0, 0
26532, 401426, 1, 0, 0
26614, 82327939, 0, 0, 0
26722, 53910565, 0, 0, 0
26798, 402000, 1, 0, 0
26879, 77997009, 0, 0, 0
26959, 79717118, 0, 0, 0
27002, 21556269, 0, 0, 0
27003, 391729, 1, 0, 0
27120, 58495237, 0, 0, 0
27120, 388231, 1, 0, 0
27231, 55015071, 0, 0, 0
27343, 37493439, 0, 0, 0
27418, 74318969, 0, 0, 0
27573, 77486802, 0, 0, 0
27573, 404231, 1, 0, 0
27608, 35374254, 0, 0, 0
27767, 79476773, 0, 0, 0
27855, 87840219, 0, 0, 0
27941, 42905330, 0, 0, 0
28017, 76445410, 0, 0, 0
28158, 28100602, 0, 0, 0
28250, 91895743, 0, 0, 0
28332, 82270306, 0, 0, 0
28362, 400806, 1, 0, 0
28439, 53313011, 0, 0, 0
28477, 434570, 1, 0, 0
28506, 22157724, 0, 0, 0
28545, 391598, 1, 0, 0
28600, 31017825, 0, 0, 0
28706, 106493036, 0, 0, 0
28864, 79225207, 0, 0, 0
28890, 426493, 1, 0, 0
28967, 50839893, 0, 0, 0
28995, 395330, 1, 0, 0
29012, 22442158, 0, 0, 0
29013, 390334, 1, 0, 0
29183, 56397592, 0, 0, 0
29217, 16933592, 0, 0, 0
29217, 398453, 1, 0, 0
29335, 39369557, 0, 0, 0
29400, 32270147, 0, 0, 0
29429, 408471, 1, 0, 0
29526, 62640401, 0, 0, 0
29609, 82738218, 0, 0, 0
29708, 24596900, 0, 0, 0
29721, 384585, 1, 0, 0
29906, 32967772, 0, 0, 0
29906, 421549, 1, 0, 0
30009, 51172588, 0, 0, 0
30087, 388807, 1, 0, 0
30167, 78516392, 0, 0, 0
30205, 38651722, 0, 0, 0
30206, 419190, 1, 0, 0
30310, 51860527, 0, 0, 0
30419, 36321166, 0, 0, 0
30509, 45122408, 0, 0, 0
30627, 29472781, 0, 0, 0
30714, 87723228, 0, 0, 0
30786, 402112, 1, 0, 0
30815, 50187312, 0, 0, 0
30822, 403148, 1, 0, 0
30929, 37930264, 0, 0, 0
31071, 47119776, 0, 0, 0
31071, 399313, 1, 0, 0
31103, 31899898, 0, 0, 0
31268, 82578092, 0, 0, 0
31350, 81360928, 0, 0, 0
31430, 80425253, 0, 0, 0
31519, 44305200, 0, 0, 0
31519, 418778, 1, 0, 0
31649, 65191835, 0, 0, 0
31764, 38199787, 0, 0, 0
31765, 400074, 1, 0, 0
31852, 43848954, 0, 0, 0
31934, 81520649, 0, 0, 0
32069, 67800641, 0, 0, 0
32070, 421236, 1, 0, 0
32181, 55399322, 0, 0, 0
32211, 29600045, 0, 0, 0
32310, 33183437, 0, 0, 0
32406, 48070673, 0, 0, 0
32407, 389784, 1, 0, 0
32518, 55444002, 0, 0, 0
32682, 82049310, 0, 0, 0
32682, 403039, 1, 0, 0
32723, 40871226, 0, 0, 0
32800, 76982679, 0, 0, 0
32961, 40077061, 0, 0, 0
33039, 78759453, 0, 0, 0
33159, 39997722, 0, 0, 0
33211, 25711055, 0, 0, 0
33211, 394645, 1, 0, 0
33319, 21504552, 0, 0, 0
33412, 31213046, 0, 0, 0
33446, 408158, 1, 0, 0
33508, 31657350, 0, 0, 0
33583, 393364, 1, 0, 0
33624, 38560501, 0, 0, 0
33670, 404922, 1, 0, 0
33775, 29971049, 0, 0, 0
33807, 32359157, 0, 0, 0
33994, 62196151, 0, 0, 0
34007, 12638842, 0, 0, 0
34139, 66363203, 0, 0, 0
34217, 78187798, 0, 0, 0
34218, 393853, 1, 0, 0
34301, 27743879, 0, 0, 0
34305, 410158, 1, 0, 0
34426, 20699838, 0, 0, 0
34427, 406121, 1, 0, 0
34560, 44381964, 0, 0, 0
34637, 77314962, 0, 0, 0
34641, 404443, 1, 0, 0
34705, 9595743, 0, 0, 0
34735, 398622, 1, 0, 0
34804, 14067359, 0, 0, 0
35086, 40291799, 0, 0, 0
35107, 10120131, 0, 0, 0
35144, 399054, 1, 0, 0
35294, 46818981, 0, 0, 0
35374, 79485719, 0, 0, 0
35374, 424395, 1, 0, 0
35457, 82328093, 0, 0, 0
35609, 31000214, 0, 0, 0
35635, 297042, 1, 0, 0
35709, 12404996, 0, 0, 0
35731, 377805, 1, 0, 0
35813, 11522023, 0, 0, 0
35844, 428229, 1, 0, 0
35910, 10607932, 0, 0, 0
35911, 379298, 1, 0, 0
36014, 14825317, 0, 0, 0
36015, 387273, 1, 0, 0
36113, 13804779, 0, 0, 0
36211, 13971015, 0, 0, 0
36796, 292866894, 0, 0, 0
36810, 14154763, 0, 0, 0
36829, 394978, 1, 0, 0
36901, 14823435, 0, 0, 0
36901, 396626, 1, 0, 0
37010, 12022908, 0, 0, 0
37019, 396465, 1, 0, 0
37239, 28578702, 0, 0, 0
37570, 110351367, 0, 0, 0
37571, 396296, 1, 0, 0
37650, 78609068, 0, 0, 0
37653, 403013, 1, 0, 0
37722, 24047715, 0, 0, 0
37725, 393776, 1, 0, 0
37810, 12445387, 0, 0, 0
37810, 351315, 1, 0, 0
37900, 89596471, 0, 0, 0
38008, 21565922, 0, 0, 0
38189, 90656651, 0, 0, 0
38203, 13632322, 0, 0, 0
38206, 391527, 1, 0, 0
38356, 30329714, 0, 0, 0
38411, 27907077, 0, 0, 0
38513, 16853643, 0, 0, 0
38513, 359567, 1, 0, 0
38611, 13945727, 0, 0, 0
38819, 29697177, 0, 0, 0
38819, 397199, 1, 0, 0
38908, 12649200, 0, 0, 0
38908, 330378, 1, 0, 0
39027, 23590545, 0, 0, 0
39027, 390549, 1, 0, 0
39259, 115821997, 0, 0, 0
39325, 66324924, 0, 0, 0
39403, 78258360, 0, 0, 0
39565, 40330083, 0, 0, 0
39571, 413565, 1, 0, 0
39651, 21476258, 0, 0, 0
39704, 17777107, 0, 0, 0
39705, 394625, 1, 0, 0
39875, 28307163, 0, 0, 0
39903, 27832977, 0, 0, 0
40063, 53462862, 0, 0, 0
40101, 38064034, 0, 0, 0
40130, 400541, 1, 0, 0
40221, 23736185, 0, 0, 0
40322, 100872940, 0, 0, 0
40346, 361280, 1, 0, 0
40410, 29477928, 0, 0, 0
40456, 401996, 1, 0, 0
40518, 13413155, 0, 0, 0
40723, 68232364, 0, 0, 0
40822, 24727415, 0, 0, 0
40928, 21144430, 0, 0, 0
41011, 20845201, 0, 0, 0
41193, 181588992, 0, 0, 0
41209, 16126037, 0, 0, 0
41209, 392759, 1, 0, 0
41326, 29064512, 0, 0, 0
41452, 42114085, 0, 0, 0
41542, 29885584, 0, 0, 0
41618, 75853764, 0, 0, 0
41618, 395556, 1, 0, 0
41784, 82754554, 0, 0, 0
41785, 411599, 1, 0, 0
41864, 39661338, 0, 0, 0
41938, 73652156, 0, 0, 0
42042, 34872084, 0, 0, 0
42118, 25284436, 0, 0, 0
42270, 75700740, 0, 0, 0
42270, 404032, 1, 0, 0
42350, 79575261, 0, 0, 0
42438, 88600405, 0, 0, 0
42519, 40274993, 0, 0, 0
42600, 81702691, 0, 0, 0
42601, 331811, 1, 0, 0
42722, 60563553, 0, 0, 0
42812, 45033030, 0, 0, 0
42813, 390904, 1, 0, 0
42971, 52696414, 0, 0, 0
43048, 76796342, 0, 0, 0
43128, 80422521, 0, 0, 0
43128, 314234, 1, 0, 0
43201, 72945617, 0, 0, 0
43359, 78659960, 0, 0, 0
43413, 54162688, 0, 0, 0
43508, 31879905, 0, 0, 0
43663, 51506467, 0, 0, 0
43724, 60867950, 0, 0, 0
43811, 17396391, 0, 0, 0
43896, 429461, 1, 0, 0
43925, 28366318, 0, 0, 0
43925, 388349, 1, 0, 0
44039, 22818369, 0, 0, 0
44254, 107354156, 0, 0, 0
44334, 39915961, 0, 0, 0
44454, 40201114, 0, 0, 0
44534, 39891697, 0, 0, 0
44542, 407325, 1, 0, 0
44638, 25584041, 0, 0, 0
44639, 389187, 1, 0, 0
44732, 30891048, 0, 0, 0
44793, 395677, 1, 0, 0
44803, 10142151, 0, 0, 0
44979, 58693980, 0, 0, 0
44980, 418458, 1, 0, 0
45029, 24139258, 0, 0, 0
45102, 36216338, 0, 0, 0
45158, 366849, 1, 0, 0
45381, 69710259, 0, 0, 0
45463, 82527779, 0, 0, 0
45464, 391846, 1, 0, 0
45540, 76345311, 0, 0, 0
45541, 315860, 1, 0, 0
45660, 59597117, 0, 0, 0
45773, 28218159, 0, 0, 0
45847, 74817952, 0, 0, 0
45962, 57254444, 0, 0, 0
45962, 398359, 1, 0, 0
46022, 29726509, 0, 0, 0
46102, 80611826, 0, 0, 0
46189, 406628, 1, 0, 0
46234, 26225605, 0, 0, 0
46304, 35261051, 0, 0, 0
46333, 391250, 1, 0, 0
46430, 20881686, 0, 0, 0
46566, 136047734, 0, 0, 0
46650, 27796210, 0, 0, 0
46727, 77376451, 0, 0, 0
46735, 421477, 1, 0, 0
46812, 42331741, 0, 0, 0
46896, 349112, 1, 0, 0
46920, 26884109, 0, 0, 0
46957, 394476, 1, 0, 0
47068, 24524100, 0, 0, 0
47236, 167887546, 0, 0, 0
47236, 420110, 1, 0, 0
47304, 34079564, 0, 0, 0
47427, 40897504, 0, 0, 0
47548, 24098448, 0, 0, 0
47566, 394935, 1, 0, 0
47671, 40939696, 0, 0, 0
47747, 38086859, 0, 0, 0
47853, 52955280, 0, 0, 0
47959, 53072512, 0, 0, 0
47959, 419817, 1, 0, 0
48002, 42028001, 0, 0, 0
48123, 40474173, 0, 0, 0
48204, 81171134, 0, 0, 0
48288, 409511, 1, 0, 0
48335, 32561046, 0, 0, 0
48371, 402746, 1, 0, 0
48407, 35667328, 0, 0, 0
48407, 411280, 1, 0, 0
48532, 41275742, 0, 0, 0
48737, 102670673, 0, 0, 0
48793, 353034, 1, 0, 0
48821, 27843193, 0, 0, 0
48821, 391255, 1, 0, 0
48916, 23507963, 0, 0, 0
49012, 19187147, 0, 0, 0
49239, 227157018, 0, 0, 0
49276, 389261, 1, 0, 0
49360, 40399446, 0, 0, 0
49392, 421462, 1, 0, 0
49493, 66361276, 0, 0, 0
49522, 14342832, 0, 0, 0
49603, 26790386, 0, 0, 0
49716, 37777847, 0, 0, 0
49732, 398352, 1, 0, 0
49822, 15088563, 0, 0, 0
49912, 29891032, 0, 0, 0
49912, 415196, 1, 0, 0
50024, 13977484, 0, 0, 0
50085, 386876, 1, 0, 0
50119, 23623730, 0, 0, 0
50220, 20093351, 0, 0, 0
50233, 343352, 1, 0, 0
50568, 86990239, 0, 0, 0
50569, 416995, 1, 0, 0
50689, 40044726, 0, 0, 0
50743, 54520377, 0, 0, 0
50873, 64753953, 0, 0, 0
50905, 31969856, 0, 0, 0
51007, 12747693, 0, 0, 0
51184, 176897796, 0, 0, 0
51212, 28198881, 0, 0, 0
51357, 72675288, 0, 0, 0
51358, 398574, 1, 0, 0
51436, 78651459, 0, 0, 0
51570, 16716459, 0, 0, 0
51602, 31669669, 0, 0, 0
51718, 57953599, 0, 0, 0
51823, 21081623, 0, 0, 0
51923, 19931519, 0, 0, 0
51987, 394073, 1, 0, 0
52018, 31495244, 0, 0, 0
52018, 392051, 1, 0, 0
52232, 213168286, 0, 0, 0
52232, 414070, 1, 0, 0
52310, 77490007, 0, 0, 0
52310, 401825, 1, 0, 0
52415, 34916892, 0, 0, 0
52497, 413683, 1, 0, 0
52573, 79077493, 0, 0, 0
52574, 398644, 1, 0, 0
52650, 75855805, 0, 0, 0
52779, 64836240, 0, 0, 0
52810, 15356184, 0, 0, 0
52810, 406111, 1, 0, 0
52900, 29735207, 0, 0, 0
53061, 80428665, 0, 0, 0
53085, 401310, 1, 0, 0
53162, 33426027, 0, 0, 0
53238, 76040841, 0, 0, 0
53238, 407705, 1, 0, 0
53320, 81557955, 0, 0, 0
53320, 389287, 1, 0, 0
53405, 42436273, 0, 0, 0
53406, 328585, 1, 0, 0
53559, 51264601, 0, 0, 0
53636, 76338777, 0, 0, 0
53636, 413418, 1, 0, 0
53713, 25571366, 0, 0, 0
53801, 29430363, 0, 0, 0
53834, 305797, 1, 0, 0
53911, 54851600, 0, 0, 0
54022, 55213546, 0, 0, 0
54140, 29453707, 0, 0, 0
54217, 77029846, 0, 0, 0
54367, 75179337, 0, 0, 0
54368, 416487, 1, 0, 0
54449, 81937424, 0, 0, 0
54517, 33900840, 0, 0, 0
54518, 388364, 1, 0, 0
54627, 12180019, 0, 0, 0
54628, 308240, 1, 0, 0
54705, 25805051, 0, 0, 0
54955, 27707461, 0, 0, 0
55033, 78571553, 0, 0, 0
55083, 396828, 1, 0, 0
55110, 10790016, 0, 0, 0
55138, 361661, 1, 0, 0
55318, 17276324, 0, 0, 0
55318, 351283, 1, 0, 0
55476, 78993775, 0, 0, 0
55526, 16644261, 0, 0, 0
55527, 416866, 1, 0, 0
55600, 24276803, 0, 0, 0
55740, 34912445, 0, 0, 0
55740, 429336, 1, 0, 0
55821, 80374079, 0, 0, 0
55821, 394373, 1, 0, 0
55927, 35304241, 0, 0, 0
55928, 390589, 1, 0, 0
56007, 39901481, 0, 0, 0
56166, 79315490, 0, 0, 0
56242, 75767440, 0, 0, 0
56242, 393559, 1, 0, 0
56351, 54542172, 0, 0, 0
56352, 394465, 1, 0, 0
56460, 53686628, 0, 0, 0
56486, 356077, 1, 0, 0
56555, 23681798, 0, 0, 0
56636, 80780804, 0, 0, 0
56676, 386381, 1, 0, 0
56757, 24003700, 0, 0, 0
56805, 24034804, 0, 0, 0
56885, 398577, 1, 0, 0
56963, 78696696, 0, 0, 0
57056, 46649719, 0, 0, 0
57056, 344453, 1, 0, 0
57148, 45591156, 0, 0, 0
57245, 48471893, 0, 0, 0
57323, 78603218, 0, 0, 0
57403, 79479142, 0, 0, 0
57508, 52523406, 0, 0, 0
57658, 37490246, 0, 0, 0
57701, 21599310, 0, 0, 0
57701, 421760, 1, 0, 0
57859, 78934579, 0, 0, 0
57953, 46846115, 0, 0, 0
58029, 75723881, 0, 0, 0
58113, 84595465, 0, 0, 0
58267, 38501624, 0, 0, 0
58347, 79474823, 0, 0, 0
58347, 401808, 1, 0, 0
58425, 77950106, 0, 0, 0
58425, 411835, 1, 0, 0
58507, 20071630, 0, 0, 0
58532, 356904, 1, 0, 0
58697, 27180796, 0, 0, 0
58776, 78907710, 0, 0, 0
58809, 33474265, 0, 0, 0
58810, 403623, 1, 0, 0
58963, 76779875, 0, 0, 0
58964, 396642, 1, 0, 0
59072, 35650333, 0, 0, 0
59103, 31014445, 0, 0, 0
59106, 395085, 1, 0, 0
59251, 36680926, 0, 0, 0
59317, 13276997, 0, 0, 0
59412, 95199311, 0, 0, 0
59488, 372020, 1, 0, 0
59511, 16319379, 0, 0, 0
59589, 405784, 1, 0, 0
59620, 27206732, 0, 0, 0
59650, 393245, 1, 0, 0
59772, 75609297, 0, 0, 0
59772, 404891, 1, 0, 0
59831, 19575217, 0, 0, 0
59832, 401482, 1, 0, 0
59913, 13435506, 0, 0, 0
60014, 25340850, 0, 0, 0
60100, 28612648, 0, 0, 0
60326, 113083847, 0, 0, 0
60466, 140228157, 0, 0, 0
60544, 38772273, 0, 0, 0
60575, 396278, 1, 0, 0
60659, 28483551, 0, 0, 0
60739, 40260136, 0, 0, 0
60825, 85858352, 0, 0, 0
60825, 343775, 1, 0, 0
60908, 41387794, 0, 0, 0
61042, 66609372, 0, 0, 0
61104, 62701557, 0, 0, 0
61161, 390471, 1, 0, 0
61200, 23735488, 0, 0, 0
61210, 392822, 1, 0, 0
61326, 15624495, 0, 0, 0
61326, 387712, 1, 0, 0
61509, 182813196, 0, 0, 0
61509, 401668, 1, 0, 0
61602, 46401501, 0, 0, 0
61705, 51571800, 0, 0, 0
61710, 396192, 1, 0, 0
61807, 14293075, 0, 0, 0
61982, 87608711, 0, 0, 0
61983, 362527, 1, 0, 0
62011, 9602384, 0, 0, 0
62022, 408280, 1, 0, 0
62114, 17013406, 0, 0, 0
62251, 68563857, 0, 0, 0
62330, 79543421, 0, 0, 0
62411, 80633697, 0, 0, 0
62563, 75869032, 0, 0, 0
62563, 407085, 1, 0, 0
62642, 78721655, 0, 0, 0
62642, 402881, 1, 0, 0
62755, 37516056, 0, 0, 0
62755, 393386, 1, 0, 0
62837, 41116019, 0, 0, 0
62838, 411105, 1, 0, 0
62909, 11857380, 0, 0, 0
62993, 403436, 1, 0, 0
63058, 29651708, 0, 0, 0
63059, 399642, 1, 0, 0
63140, 81602818, 0, 0, 0
63254, 28470603, 0, 0, 0
63333, 78783322, 0, 0, 0
63408, 74787841, 0, 0, 0
63533, 31295680, 0, 0, 0
63644, 37002064, 0, 0, 0
63750, 35277987, 0, 0, 0
63866, 29112386, 0, 0, 0
63941, 74384690, 0, 0, 0
64015, 74246302, 0, 0, 0
64122, 53380611, 0, 0, 0
64132, 405765, 1, 0, 0
64210, 43829212, 0, 0, 0
64296, 353937, 1, 0, 0
64372, 40252390, 0, 0, 0
64401, 29066130, 0, 0, 0
64401, 397404, 1, 0, 0
64502, 50186230, 0, 0, 0
64502, 411134, 1, 0, 0
64604, 34041956, 0, 0, 0
64689, 427113, 1, 0, 0
64737, 33129244, 0, 0, 0
64801, 15871960, 0, 0, 0
64814, 415815, 1, 0, 0
64987, 46424509, 0, 0, 0
65024, 37544821, 0, 0, 0
65123, 32803622, 0, 0, 0
65129, 398560, 1, 0, 0
65249, 41751431, 0, 0, 0
65278, 404061, 1, 0, 0
65319, 23286612, 0, 0, 0
65402, 11925003, 0, 0, 0
65518, 2634713, 0, 0, 0
65580, 392158, 1, 0, 0
65603, 13980253, 0, 0, 0
65603, 387476, 1, 0, 0
65719, 8869492, 0, 0, 0
65720, 374159, 1, 0, 0
65809, 14748442, 0, 0, 0
65809, 341232, 1, 0, 0
65918, 15392449, 0, 0, 0
65928, 416691, 1, 0, 0
66004, 16903027, 0, 0, 0
66052, 333983, 1, 0, 0
66106, 14460048, 0, 0, 0
66211, 15064433, 0, 0, 0
66211, 411823, 1, 0, 0
66307, 8693130, 0, 0, 0
66385, 396001, 1, 0, 0
66416, 9830942, 0, 0, 0
66508, 15319926, 0, 0, 0
66585, 397574, 1, 0, 0
66605, 13762826, 0, 0, 0
66657, 303302, 1, 0, 0
66863, 43013592, 0, 0, 0
67010, 73182146, 0, 0, 0
67010, 411675, 1, 0, 0
67570, 93270483, 0, 0, 0
67597, 392032, 1, 0, 0
67606, 7101660, 0, 0, 0
67650, 409052, 1, 0, 0
67721, 11464471, 0, 0, 0
68023, 151306202, 0, 0, 0
68036, 310322, 1, 0, 0
68112, 14718259, 0, 0, 0
68147, 413754, 1, 0, 0
68226, 22733482, 0, 0, 0
68268, 402254, 1, 0, 0
68478, 62733899, 0, 0, 0
68478, 416764, 1, 0, 0
68518, 19613679, 0, 0, 0
68613, 31863239, 0, 0, 0
68719, 53058875, 0, 0, 0
68802, 27619616, 0, 0, 0
68805, 348210, 1, 0, 0
69038, 39087391, 0, 0, 0
69038, 391633, 1, 0, 0
69146, 35843534, 0, 0, 0
69233, 87339409, 0, 0, 0
69234, 414841, 1, 0, 0
69300, 66590659, 0, 0, 0
69301, 404873, 1, 0, 0
69408, 53133919, 0, 0, 0
69439, 400045, 1, 0, 0
69522, 18910935, 0, 0, 0
69599, 350596, 1, 0, 0
69615, 30896721, 0, 0, 0
69693, 387382, 1, 0, 0
69706, 22574080, 0, 0, 0
69804, 19596142, 0, 0, 0
69886, 402781, 1, 0, 0
69931, 21140337, 0, 0, 0
69931, 383504, 1, 0, 0
70212, 93553335, 0, 0, 0
70219, 315002, 1, 0, 0
70350, 45747912, 0, 0, 0
70350, 361521, 1, 0, 0
70424, 73663105, 0, 0, 0
70424, 402564, 1, 0, 0
70505, 15823580, 0, 0, 0
70505, 362273, 1, 0, 0
70678, 57637009, 0, 0, 0
70678, 404359, 1, 0, 0
70758, 79257627, 0, 0, 0
70838, 80350599, 0, 0, 0
70912, 73780260, 0, 0, 0
71079, 83758510, 0, 0, 0
71080, 397874, 1, 0, 0
71128, 23951496, 0, 0, 0
71196, 301245, 1, 0, 0
71218, 14986885, 0, 0, 0
71301, 7510998, 0, 0, 0
71354, 403892, 1, 0, 0
71403, 10143638, 0, 0, 0
71521, 23681418, 0, 0, 0
71567, 397473, 1, 0, 0
71717, 32530474, 0, 0, 0
71718, 344057, 1, 0, 0
71839, 121135646, 0, 0, 0
72149, 51784600, 0, 0, 0
72163, 393325, 1, 0, 0
72204, 7637486, 0, 0, 0
72205, 365684, 1, 0, 0
72322, 7255216, 0, 0, 0
72323, 385974, 1, 0, 0
72544, 110497272, 0, 0, 0
72603, 29475313, 0, 0, 0
72643, 393517, 1, 0, 0
72770, 23853667, 0, 0, 0
72847, 76484775, 0, 0, 0
72891, 411311, 1, 0, 0
72979, 26315179, 0, 0, 0
73067, 88275660, 0, 0, 0
73142, 75425291, 0, 0, 0
73223, 81013013, 0, 0, 0
73285, 392890, 1, 0, 0
73314, 29962816, 0, 0, 0
73403, 14925562, 0, 0, 0
73515, 37242288, 0, 0, 0
73565, 456445, 1, 0, 0
73607, 22798668, 0, 0, 0
73847, 80200059, 0, 0, 0
73927, 39931117, 0, 0, 0
73928, 413603, 1, 0, 0
74007, 78825068, 0, 0, 0
74007, 359930, 1, 0, 0
74114, 21282839, 0, 0, 0
74114, 400169, 1, 0, 0
74221, 26743926, 0, 0, 0
74222, 396901, 1, 0, 0
74343, 40443490, 0, 0, 0
74437, 46701345, 0, 0, 0
74503, 16620592, 0, 0, 0
74628, 62579847, 0, 0, 0
74662, 403042, 1, 0, 0
74775, 73096730, 0, 0, 0
74802, 26745786, 0, 0, 0
74810, 415524, 1, 0, 0
74927, 31230601, 0, 0, 0
74974, 420322, 1, 0, 0
75098, 34103664, 0, 0, 0
75150, 51709922, 0, 0, 0
75150, 408701, 1, 0, 0
75207, 56560851, 0, 0, 0
75207, 307728, 1, 0, 0
75311, 25630322, 0, 0, 0
75409, 16338607, 0, 0, 0
75500, 45617004, 0, 0, 0
75735, 58705160, 0, 0, 0
75811, 76616820, 0, 0, 0
75812, 393913, 1, 0, 0
75935, 61900842, 0, 0, 0
76011, 18752083, 0, 0, 0
76011, 444207, 1, 0, 0
76135, 41130252, 0, 0, 0
76219, 16845473, 0, 0, 0
76220, 394357, 1, 0, 0
76377, 52529400, 0, 0, 0
76378, 416040, 1, 0, 0
76419, 40523647, 0, 0, 0
76494, 390440, 1, 0, 0
76587, 33512553, 0, 0, 0
76668, 81699185, 0, 0, 0
76736, 67816498, 0, 0, 0
76737, 404824, 1, 0, 0
76803, 32892212, 0, 0, 0
76941, 69177320, 0, 0, 0
77022, 81278391, 0, 0, 0
77023, 408719, 1, 0, 0
77114, 91213345, 0, 0, 0
77264, 74751244, 0, 0, 0
77338, 74225925, 0, 0, 0
77416, 77987725, 0, 0, 0
77550, 66812384, 0, 0, 0
77635, 28609200, 0, 0, 0
77701, 32999037, 0, 0, 0
77800, 24650251, 0, 0, 0
77801, 395580, 1, 0, 0
78025, 28026427, 0, 0, 0
78025, 410271, 1, 0, 0
78113, 87781934, 0, 0, 0
78142, 399614, 1, 0, 0
78229, 57445652, 0, 0, 0
78311, 82784463, 0, 0, 0
78408, 48221753, 0, 0, 0
78458, 418858, 1, 0, 0
78500, 15248473, 0, 0, 0
78609, 54323558, 0, 0, 0
78609, 372309, 1, 0, 0
78731, 40721490, 0, 0, 0
78808, 76359494, 0, 0, 0
78886, 406942, 1, 0, 0
78921, 56491118, 0, 0, 0
78921, 322359, 1, 0, 0
79007, 85217355, 0, 0, 0
79007, 398490, 1, 0, 0
79165, 78848286, 0, 0, 0
79243, 78043532, 0, 0, 0
79319, 38033954, 0, 0, 0
79393, 418890, 1, 0, 0
79421, 50915978, 0, 0, 0
79455, 304505, 1, 0, 0
79537, 28928025, 0, 0, 0
79610, 14621458, 0, 0, 0
79725, 57502511, 0, 0, 0
79803, 25932691, 0, 0, 0
79804, 410745, 1, 0, 0
79904, 8326607, 0, 0, 0
79905, 352990, 1, 0, 0
80071, 20793679, 0, 0, 0
80126, 54337684, 0, 0, 0
80228, 102134436, 0, 0, 0
80381, 76309829, 0, 0, 0
80462, 81388454, 0, 0, 0
80462, 367442, 1, 0, 0
80540, 77233595, 0, 0, 0
80659, 39736613, 0, 0, 0
80705, 23130313, 0, 0, 0
80705, 302585, 1, 0, 0
80822, 58118210, 0, 0, 0
80903, 81363477, 0, 0, 0
80983, 357996, 1, 0, 0
81020, 57876004, 0, 0, 0
81032, 418684, 1, 0, 0
81133, 37623237, 0, 0, 0
81246, 56529507, 0, 0, 0
81312, 32938751, 0, 0, 0
81313, 407857, 1, 0, 0
81453, 34955160, 0, 0, 0
81545, 30748858, 0, 0, 0
81623, 77850062, 0, 0, 0
81746, 40792831, 0, 0, 0
81754, 391764, 1, 0, 0
81832, 28691921, 0, 0, 0
81911, 39384946, 0, 0, 0
81951, 327073, 1, 0, 0
82060, 29740180, 0, 0, 0
82060, 394093, 1, 0, 0
82152, 45676270, 0, 0, 0
82231, 39775209, 0, 0, 0
82341, 54675948, 0, 0, 0
82464, 30920249, 0, 0, 0
82543, 78787280, 0, 0, 0
82602, 58694987, 0, 0, 0
82602, 450098, 1, 0, 0
82746, 35595404, 0, 0, 0
82852, 35610057, 0, 0, 0
82934, 81831093, 0, 0, 0
83013, 78498848, 0, 0, 0
83127, 57107966, 0, 0, 0
83128, 401487, 1, 0, 0
83253, 31245057, 0, 0, 0
83253, 357584, 1, 0, 0
83300, 15166247, 0, 0, 0
83300, 373286, 1, 0, 0
83417, 16437452, 0, 0, 0
83417, 406208, 1, 0, 0
83500, 41170117, 0, 0, 0
83500, 350400, 1, 0, 0
83728, 75669278, 0, 0, 0
83809, 80927373, 0, 0, 0
83875, 409084, 1, 0, 0
83917, 53818229, 0, 0, 0
83917, 394552, 1, 0, 0
84033, 57866869, 0, 0, 0
84110, 38422361, 0, 0, 0
84270, 53594583, 0, 0, 0
84313, 42232978, 0, 0, 0
84313, 416838, 1, 0, 0
84400, 43271577, 0, 0, 0
84502, 50978653, 0, 0, 0
84662, 80145372, 0, 0, 0
84668, 403357, 1, 0, 0
84711, 9563896, 0, 0, 0
84808, 24228608, 0, 0, 0
84971, 27247778, 0, 0, 0
85006, 35087538, 0, 0, 0
85131, 41656000, 0, 0, 0
85214, 82545937, 0, 0, 0
85301, 28993178, 0, 0, 0
85314, 400817, 1, 0, 0
85498, 19582502, 0, 0, 0
85578, 80044350, 0, 0, 0
85662, 42037140, 0, 0, 0
85743, 80567017, 0, 0, 0
85791, 344690, 1, 0, 0
85841, 24396781, 0, 0, 0
85852, 406188, 1, 0, 0
85927, 43103144, 0, 0, 0
86038, 55469196, 0, 0, 0
86120, 81404829, 0, 0, 0
86120, 431295, 1, 0, 0
86279, 52986767, 0, 0, 0
86280, 403762, 1, 0, 0
86360, 40252681, 0, 0, 0
86396, 354083, 1, 0, 0
86431, 17628523, 0, 0, 0
86432, 417971, 1, 0, 0
86524, 22919697, 0, 0, 0
86623, 14100076, 0, 0, 0
86683, 400482, 1, 0, 0
86711, 29130650, 0, 0, 0
86735, 387614, 1, 0, 0
86882, 28334992, 0, 0, 0
87102, 110135897, 0, 0, 0
87183, 441946, 1, 0, 0
87261, 52930410, 0, 0, 0
87268, 357521, 1, 0, 0
87300, 18956312, 0, 0, 0
87438, 17224359, 0, 0, 0
87593, 31035188, 0, 0, 0
87593, 398851, 1, 0, 0
87672, 78371647, 0, 0, 0
87710, 19239288, 0, 0, 0
87711, 412937, 1, 0, 0
87868, 52479226, 0, 0, 0
87904, 35657147, 0, 0, 0
87973, 400273, 1, 0, 0
88049, 36183993, 0, 0, 0
88115, 21962419, 0, 0, 0
88115, 406662, 1, 0, 0
88200, 28207375, 0, 0, 0
88355, 51608001, 0, 0, 0
88410, 27544145, 0, 0, 0
88501, 45475534, 0, 0, 0
88526, 422813, 1, 0, 0
88922, 210265674, 0, 0, 0
88940, 389315, 1, 0, 0
89062, 27913106, 0, 0, 0
89146, 28103492, 0, 0, 0
89224, 77371990, 0, 0, 0
89301, 77298065, 0, 0, 0
89301, 438386, 1, 0, 0
89425, 40948390, 0, 0, 0
89425, 396802, 1, 0, 0
89506, 81005552, 0, 0, 0
89507, 349112, 1, 0, 0
89675, 83928852, 0, 0, 0
89675, 362295, 1, 0, 0
89704, 28691559, 0, 0, 0
89705, 392903, 1, 0, 0
89826, 60843422, 0, 0, 0
89876, 413043, 1, 0, 0
89934, 26697896, 0, 0, 0
89935, 402771, 1, 0, 0
90016, 81959377, 0, 0, 0
90088, 416022, 1, 0, 0
90166, 49626087, 0, 0, 0
90240, 73757633, 0, 0, 0
90318, 78156398, 0, 0, 0
90443, 41635058, 0, 0, 0
90512, 23020149, 0, 0, 0
90512, 412275, 1, 0, 0
90609, 32072874, 0, 0, 0
90689, 399009, 1, 0, 0
90766, 78254019, 0, 0, 0
90867, 25348346, 0, 0, 0
90946, 79326539, 0, 0, 0
90955, 317223, 1, 0, 0
91018, 23811908, 0, 0, 0
91052, 397630, 1, 0, 0
91167, 21180684, 0, 0, 0
91214, 15682650, 0, 0, 0
91343, 129550739, 0, 0, 0
91421, 77582972, 0, 0, 0
91479, 408421, 1, 0, 0
91554, 18955913, 0, 0, 0
91646, 45877726, 0, 0, 0
91720, 37279517, 0, 0, 0
91721, 409260, 1, 0, 0
91809, 87700595, 0, 0, 0
91960, 75852973, 0, 0, 0
92049, 44584982, 0, 0, 0
92106, 18917421, 0, 0, 0
92185, 434609, 1, 0, 0
92222, 38092959, 0, 0, 0
92222, 391350, 1, 0, 0
92328, 35316127, 0, 0, 0
92431, 34307919, 0, 0, 0
92432, 393723, 1, 0, 0
92510, 78087117, 0, 0, 0
92510, 321360, 1, 0, 0
92672, 40430076, 0, 0, 0
92673, 401515, 1, 0, 0
92751, 39049516, 0, 0, 0
92834, 82952089, 0, 0, 0
92961, 42252639, 0, 0, 0
93034, 73506804, 0, 0, 0
93034, 313504, 1, 0, 0
93118, 83609977, 0, 0, 0
93221, 17190464, 0, 0, 0
93304, 82762707, 0, 0, 0
93304, 427151, 1, 0, 0
93462, 12767566, 0, 0, 0
93462, 399409, 1, 0, 0
93501, 19638306, 0, 0, 0
93533, 406760, 1, 0, 0
93601, 8184192, 0, 0, 0
93943, 48935996, 0, 0, 0
94010, 22180423, 0, 0, 0
94047, 378342, 1, 0, 0
94107, 10699279, 0, 0, 0
94110, 421370, 1, 0, 0
94209, 10051628, 0, 0, 0
94302, 13376350, 0, 0, 0
94421, 14869547, 0, 0, 0
94422, 377974, 1, 0, 0
94505, 11874210, 0, 0, 0
94903, 66279271, 0, 0, 0
94946, 365739, 1, 0, 0
95011, 11958924, 0, 0, 0
95085, 427557, 1, 0, 0
95100, 12572457, 0, 0, 0
95461, 180396582, 0, 0, 0
95568, 53707078, 0, 0, 0
95601, 32373736, 0, 0, 0
95716, 57595325, 0, 0, 0
95729, 349220, 1, 0, 0
95835, 59178262, 0, 0, 0
95916, 81486984, 0, 0, 0
96010, 46809683, 0, 0, 0
96110, 50260674, 0, 0, 0
96111, 404568, 1, 0, 0
96273, 81369203, 0, 0, 0
96316, 21207636, 0, 0, 0
96463, 73620464, 0, 0, 0
96541, 25944932, 0, 0, 0
96623, 82331024, 0, 0, 0
96679, 421199, 1, 0, 0
96758, 67062817, 0, 0, 0
96838, 40267394, 0, 0, 0
96917, 78368674, 0, 0, 0
97010, 31097186, 0, 0, 0
97113, 51647301, 0, 0, 0
97192, 418454, 1, 0, 0
97219, 52611995, 0, 0, 0
97307, 43805285, 0, 0, 0
97459, 76443837, 0, 0, 0
97541, 81300700, 0, 0, 0
97603, 62530222, 0, 0, 0
97684, 426676, 1, 0, 0
97721, 23496010, 0, 0, 0
97864, 71491272, 0, 0, 0
97865, 413436, 1, 0, 0
97900, 17719439, 0, 0, 0
97931, 416595, 1, 0, 0
98000, 19827824, 0, 0, 0
98105, 105016726, 0, 0, 0
98215, 54767150, 0, 0, 0
98300, 85334533, 0, 0, 0
98463, 32523948, 0, 0, 0
98518, 27742721, 0, 0, 0
98631, 56464943, 0, 0, 0
98684, 362693, 1, 0, 0
98719, 29240417, 0, 0, 0
98874, 77309495, 0, 0, 0
98881, 424204, 1, 0, 0
98915, 20393411, 0, 0, 0
99071, 52084751, 0, 0, 0
99108, 18205614, 0, 0, 0
99108, 395610, 1, 0, 0
99222, 56637309, 0, 0, 0
99301, 78999620, 0, 0, 0
99457, 52001119, 0, 0, 0
99532, 75688885, 0, 0, 0
99562, 422898, 1, 0, 0
99600, 22545829, 0, 0, 0
99615, 391886, 1, 0, 0
99711, 27436180, 0, 0, 0
99757, 407162, 1, 0, 0
99865, 30775741, 0, 0, 0
99929, 64164016, 0, 0, 0
99930, 399461, 1, 0, 0
100005, 18420830, 0, 0, 0
100039, 402091, 1, 0, 0
100106, 16557151, 0, 0, 0
100198, 355074, 1, 0, 0
100228, 20251978, 0, 0, 0
100321, 23369234, 0, 0, 0
100360, 425259, 1, 0, 0
100541, 43793353, 0, 0, 0
100541, 401798, 1, 0, 0
100601, 11825197, 0, 0, 0
100706, 104882649, 0, 0, 0
100714, 401228, 1, 0, 0
100955, 41383431, 0, 0, 0
101031, 75887357, 0, 0, 0
101109, 77705987, 0, 0, 0
101149, 411321, 1, 0, 0
101229, 29957686, 0, 0, 0
101309, 40004657, 0, 0, 0
101461, 76018039, 0, 0, 0
101461, 403166, 1, 0, 0
101506, 45087643, 0, 0, 0
101600, 13409596, 0, 0, 0
101646, 413287, 1, 0, 0
101705, 14664647, 0, 0, 0
101807, 34313512, 0, 0, 0
101818, 365381, 1, 0, 0
101900, 15327696, 0, 0, 0
102042, 71122977, 0, 0, 0
102107, 21378131, 0, 0, 0
102128, 408569, 1, 0, 0
102390, 94334437, 0, 0, 0
102406, 7960034, 0, 0, 0
102436, 300169, 1, 0, 0
102529, 15216503, 0, 0, 0
102529, 392238, 1, 0, 0
102611, 81628647, 0, 0, 0
102611, 303761, 1, 0, 0
102765, 38194166, 0, 0, 0
102858, 46445985, 0, 0, 0
102900, 42057371, 0, 0, 0
103136, 118235269, 0, 0, 0
103136, 370449, 1, 0, 0
103212, 75555501, 0, 0, 0
103212, 389223, 1, 0, 0
103362, 74727839, 0, 0, 0
103441, 79434762, 0, 0, 0
103506, 32230388, 0, 0, 0
103506, 403790, 1, 0, 0
103632, 41927100, 0, 0, 0
103658, 393579, 1, 0, 0
103725, 22853063, 0, 0, 0
103739, 362351, 1, 0, 0
103808, 27358178, 0, 0, 0
103958, 30037430, 0, 0, 0
104003, 22415423, 0, 0, 0
104168, 55215419, 0, 0, 0
104248, 79759914, 0, 0, 0
104283, 319868, 1, 0, 0
104311, 15524658, 0, 0, 0
104340, 403329, 1, 0, 0
104431, 29819856, 0, 0, 0
104536, 34995725, 0, 0, 0
104586, 386334, 1, 0, 0
104608, 11664638, 0, 0, 0
104622, 399627, 1, 0, 0
104886, 55509815, 0, 0, 0
104887, 404353, 1, 0, 0
104963, 38131555, 0, 0, 0
104963, 410062, 1, 0, 0
105036, 72957859, 0, 0, 0
105072, 394617, 1, 0, 0
105104, 13263517, 0, 0, 0
105104, 388951, 1, 0, 0
105204, 19968011, 0, 0, 0
105457, 253203054, 0, 0, 0
105528, 23476896, 0, 0, 0
105656, 128534720, 0, 0, 0
105717, 30297792, 0, 0, 0
105823, 53145825, 0, 0, 0
105891, 358957, 1, 0, 0
105984, 39981049, 0, 0, 0
106012, 27632864, 0, 0, 0
106119, 53847824, 0, 0, 0
106120, 397163, 1, 0, 0
106203, 20706149, 0, 0, 0
106204, 385703, 1, 0, 0
106345, 70274140, 0, 0, 0
106345, 392379, 1, 0, 0
106429, 27727399, 0, 0, 0
106530, 101468561, 0, 0, 0
106531, 495016, 1, 0, 0
106691, 53378475, 0, 0, 0
106692, 402383, 1, 0, 0
106719, 13717279, 0, 0, 0
106722, 315744, 1, 0, 0
106803, 16734410, 0, 0, 0
106901, 16329592, 0, 0, 0
107127, 75218142, 0, 0, 0
107139, 389870, 1, 0, 0
107259, 26234746, 0, 0, 0
107368, 109678118, 0, 0, 0
107444, 75284440, 0, 0, 0
107444, 403451, 1, 0, 0
107519, 18634199, 0, 0, 0
107551, 408578, 1, 0, 0
107695, 58481910, 0, 0, 0
107777, 82848996, 0, 0, 0
107860, 82201467, 0, 0, 0
107936, 76050159, 0, 0, 0
108040, 34942353, 0, 0, 0
108041, 395721, 1, 0, 0
108136, 31779682, 0, 0, 0
108197, 418057, 1, 0, 0
108296, 53231348, 0, 0, 0
108379, 82539897, 0, 0, 0
108453, 37100345, 0, 0, 0
108453, 401945, 1, 0, 0
108562, 54392624, 0, 0, 0
108642, 79600898, 0, 0, 0
108732, 30031413, 0, 0, 0
108774, 403670, 1, 0, 0
109376, 214485856, 0, 0, 0
109400, 12084938, 0, 0, 0
109562, 80937777, 0, 0, 0
109604, 21071834, 0, 0, 0
109762, 78918641, 0, 0, 0
109763, 399439, 1, 0, 0
109823, 30048693, 0, 0, 0
109823, 393309, 1, 0, 0
109913, 29837137, 0, 0, 0
109914, 396879, 1, 0, 0
110021, 26877069, 0, 0, 0
110105, 11962717, 0, 0, 0
110405, 50080878, 0, 0, 0
110406, 419338, 1, 0, 0
110558, 50530091, 0, 0, 0
110639, 40728665, 0, 0, 0
110640, 397232, 1, 0, 0
110727, 87899622, 0, 0, 0
110774, 403668, 1, 0, 0
110810, 20584863, 0, 0, 0
110901, 45362460, 0, 0, 0
110901, 416159, 1, 0, 0
111065, 81210383, 0, 0, 0
111107, 21229239, 0, 0, 0
111264, 52323023, 0, 0, 0
111265, 393363, 1, 0, 0
111324, 58469007, 0, 0, 0
111324, 325244, 1, 0, 0
111403, 19718295, 0, 0, 0
111503, 14267771, 0, 0, 0
111578, 303957, 1, 0, 0
111622, 39706342, 0, 0, 0
111653, 393238, 1, 0, 0
111721, 24607747, 0, 0, 0
111838, 29101843, 0, 0, 0
111916, 39235595, 0, 0, 0
112000, 410581, 1, 0, 0
112045, 21345357, 0, 0, 0
112117, 24009387, 0, 0, 0
112321, 204109759, 0, 0, 0
112413, 46294840, 0, 0, 0
112437, 300531, 1, 0, 0
112568, 22048967, 0, 0, 0
112569, 308872, 1, 0, 0
112605, 12336226, 0, 0, 0
112609, 391379, 1, 0, 0
112714, 35789801, 0, 0, 0
112835, 30402412, 0, 0, 0
112836, 355224, 1, 0, 0
112922, 43330486, 0, 0, 0
112993, 411924, 1, 0, 0
113026, 17228812, 0, 0, 0
113026, 295473, 1, 0, 0
113148, 40368275, 0, 0, 0
113148, 406930, 1, 0, 0
113208, 14780878, 0, 0, 0
113282, 384474, 1, 0, 0
113322, 28379958, 0, 0, 0
113328, 394395, 1, 0, 0
113460, 19642539, 0, 0, 0
113605, 72513032, 0, 0, 0
113765, 79915677, 0, 0, 0
113843, 77357283, 0, 0, 0
113918, 75528554, 0, 0, 0
114004, 42997530, 0, 0, 0
114089, 396888, 1, 0, 0
114114, 36423857, 0, 0, 0
114270, 77894485, 0, 0, 0
114270, 432899, 1, 0, 0
114311, 40620767, 0, 0, 0
114407, 16075521, 0, 0, 0
114483, 388106, 1, 0, 0
114518, 22094491, 0, 0, 0
114562, 393934, 1, 0, 0
114609, 30159321, 0, 0, 0
114610, 347580, 1, 0, 0
114706, 10740267, 0, 0, 0
114802, 31902713, 0, 0, 0
114807, 390039, 1, 0, 0
114902, 9923253, 0, 0, 0
114944, 400576, 1, 0, 0
115044, 28198497, 0, 0, 0
115103, 14748973, 0, 0, 0
115316, 53232047, 0, 0, 0
115334, 394904, 1, 0, 0
115403, 12169961, 0, 0, 0
115504, 25378702, 0, 0, 0
115647, 142528974, 0, 0, 0
115735, 88149523, 0, 0, 0
115735, 394531, 1, 0, 0
115818, 27669515, 0, 0, 0
115915, 32256087, 0, 0, 0
115915, 429661, 1, 0, 0
116073, 39393984, 0, 0, 0
116074, 352311, 1, 0, 0
116145, 71123384, 0, 0, 0
116226, 81424860, 0, 0, 0
116227, 397561, 1, 0, 0
116378, 37590041, 0, 0, 0
116378, 369473, 1, 0, 0
116454, 25208025, 0, 0, 0
116520, 33087672, 0, 0, 0
116533, 303623, 1, 0, 0
116613, 46154687, 0, 0, 0
116613, 403351, 1, 0, 0
116763, 29888388, 0, 0, 0
116873, 55059436, 0, 0, 0
116949, 75974613, 0, 0, 0
117029, 79617204, 0, 0, 0
117105, 76398351, 0, 0, 0
117262, 39175295, 0, 0, 0
117342, 79564059, 0, 0, 0
117419, 77905924, 0, 0, 0
117578, 79212195, 0, 0, 0
117655, 38737004, 0, 0, 0
117656, 401041, 1, 0, 0
117736, 15861475, 0, 0, 0
117736, 408082, 1, 0, 0
117812, 76404617, 0, 0, 0
117896, 427606, 1, 0, 0
117957, 48031708, 0, 0, 0
117957, 392526, 1, 0, 0
118029, 35731588, 0, 0, 0
118030, 398295, 1, 0, 0
118110, 26528252, 0, 0, 0
118124, 389886, 1, 0, 0
118249, 27588230, 0, 0, 0
118249, 399065, 1, 0, 0
118354, 52393371, 0, 0, 0
118417, 63440188, 0, 0, 0
118533, 58059847, 0, 0, 0
118625, 91659803, 0, 0, 0
118626, 409892, 1, 0, 0
118725, 49518360, 0, 0, 0
118770, 393790, 1, 0, 0
118806, 26937130, 0, 0, 0
118936, 43205010, 0, 0, 0
119058, 40857002, 0, 0, 0
119109, 50373365, 0, 0, 0
119199, 438792, 1, 0, 0
119286, 44034943, 0, 0, 0
119330, 22076240, 0, 0, 0
119489, 39712891, 0, 0, 0
119519, 30610226, 0, 0, 0
119625, 17666330, 0, 0, 0
119698, 389476, 1, 0, 0
119730, 14932331, 0, 0, 0
119804, 73846935, 0, 0, 0
119968, 81777535, 0, 0, 0
119968, 406393, 1, 0, 0
120026, 28752928, 0, 0, 0
120105, 13224473, 0, 0, 0
120105, 431782, 1, 0, 0
120331, 32231380, 0, 0, 0
120331, 391713, 1, 0, 0
120416, 21011345, 0, 0, 0
120425, 397125, 1, 0, 0
120610, 64405696, 0, 0, 0
120757, 73766735, 0, 0, 0
120837, 79087387, 0, 0, 0
120837, 304652, 1, 0, 0
120915, 78551125, 0, 0, 0
121001, 42698291, 0, 0, 0
121001, 407542, 1, 0, 0
121153, 75779921, 0, 0, 0
121154, 401202, 1, 0, 0
121216, 31125216, 0, 0, 0
121241, 387470, 1, 0, 0
121308, 15264179, 0, 0, 0
121335, 398561, 1, 0, 0
121423, 28161301, 0, 0, 0
121492, 388371, 1, 0, 0
121524, 33695383, 0, 0, 0
121568, 384861, 1, 0, 0
121605, 20088324, 0, 0, 0
121606, 303505, 1, 0, 0
121866, 86382571, 0, 0, 0
121866, 362773, 1, 0, 0
121948, 81781515, 0, 0, 0
121949, 391304, 1, 0, 0
122022, 24331942, 0, 0, 0
122111, 88545389, 0, 0, 0
122234, 61504205, 0, 0, 0
122234, 407407, 1, 0, 0
122385, 456165, 1, 0, 0
122409, 12282729, 0, 0, 0
122441, 393662, 1, 0, 0
122501, 9051826, 0, 0, 0
122501, 379238, 1, 0, 0
122602, 14143337, 0, 0, 0
122669, 389411, 1, 0, 0
122711, 12062848, 0, 0, 0
122711, 391793, 1, 0, 0
122817, 14880622, 0, 0, 0
122846, 374810, 1, 0, 0
122911, 15601408, 0, 0, 0
122911, 391043, 1, 0, 0
123010, 7356381, 0, 0, 0
123116, 17691968, 0, 0, 0
123156, 389161, 1, 0, 0
123205, 11043050, 0, 0, 0
123323, 16858401, 0, 0, 0
123390, 326436, 1, 0, 0
123401, 15600757, 0, 0, 0
123433, 391604, 1, 0, 0
123721, 106633653, 0, 0, 0
124198, 158903965, 0, 0, 0
124199, 455575, 1, 0, 0
124210, 5262529, 0, 0, 0
124306, 10656668, 0, 0, 0
124334, 385153, 1, 0, 0
124502, 49077265, 0, 0, 0
124503, 420389, 1, 0, 0
124600, 386282, 1, 0, 0
124621, 39084158, 0, 0, 0
124731, 11878600, 0, 0, 0
124787, 385573, 1, 0, 0
124816, 21317437, 0, 0, 0
124817, 387728, 1, 0, 0
124946, 12832518, 0, 0, 0
125055, 54534292, 0, 0, 0
125121, 32795655, 0, 0, 0
125133, 389771, 1, 0, 0
125405, 70960660, 0, 0, 0
125405, 429134, 1, 0, 0
125553, 73913607, 0, 0, 0
125640, 86488870, 0, 0, 0
125732, 30803595, 0, 0, 0
125803, 23645417, 0, 0, 0
125963, 80114338, 0, 0, 0
126042, 78760834, 0, 0, 0
126135, 30853819, 0, 0, 0
126135, 403541, 1, 0, 0
126211, 37931469, 0, 0, 0
126315, 51779066, 0, 0, 0
126443, 32089015, 0, 0, 0
126521, 78081933, 0, 0, 0
126522, 360727, 1, 0, 0
126603, 80892143, 0, 0, 0
126621, 424054, 1, 0, 0
126776, 43340191, 0, 0, 0
126856, 79923241, 0, 0, 0
126905, 48486535, 0, 0, 0
127055, 50126506, 0, 0, 0
127134, 79220556, 0, 0, 0
127214, 39723288, 0, 0, 0
127214, 404214, 1, 0, 0
127327, 56285305, 0, 0, 0
127327, 421452, 1, 0, 0
127408, 80774563, 0, 0, 0
127409, 406180, 1, 0, 0
127509, 49851091, 0, 0, 0
127636, 31663786, 0, 0, 0
127766, 64997405, 0, 0, 0
127842, 76199688, 0, 0, 0
127888, 385249, 1, 0, 0
127928, 28317883, 0, 0, 0
128015, 43661450, 0, 0, 0
128188, 86407696, 0, 0, 0
128188, 447786, 1, 0, 0
128267, 78885290, 0, 0, 0
128350, 41284272, 0, 0, 0
128430, 80162445, 0, 0, 0
128509, 78677712, 0, 0, 0
128516, 389976, 1, 0, 0
128672, 32559650, 0, 0, 0
128672, 304829, 1, 0, 0
128750, 38843816, 0, 0, 0
128842, 30608295, 0, 0, 0
128918, 76119908, 0, 0, 0
129074, 77833288, 0, 0, 0
129155, 27036620, 0, 0, 0
129234, 79056072, 0, 0, 0
129289, 433552, 1, 0, 0
129318, 20750184, 0, 0, 0
129318, 384529, 1, 0, 0
129434, 38623315, 0, 0, 0
129435, 345336, 1, 0, 0
129507, 36266614, 0, 0, 0
129586, 399996, 1, 0, 0
129662, 77388049, 0, 0, 0
129744, 81102303, 0, 0, 0
129744, 415935, 1, 0, 0
129826, 82256548, 0, 0, 0
129970, 28773762, 0, 0, 0
129970, 404920, 1, 0, 0
130051, 80087508, 0, 0, 0
130051, 418749, 1, 0, 0
130105, 17819628, 0, 0, 0
130105, 305018, 1, 0, 0
130203, 13944778, 0, 0, 0
130437, 78064086, 0, 0, 0
130524, 43490048, 0, 0, 0
130524, 401064, 1, 0, 0
130604, 39800224, 0, 0, 0
130605, 349135, 1, 0, 0
130761, 78245712, 0, 0, 0
130838, 76668979, 0, 0, 0
130839, 408126, 1, 0, 0
130937, 49002707, 0, 0, 0
131008, 10129465, 0, 0, 0
131020, 422347, 1, 0, 0
131115, 53693971, 0, 0, 0
131270, 77144378, 0, 0, 0
131270, 407377, 1, 0, 0
131316, 46279446, 0, 0, 0
131390, 409434, 1, 0, 0
131476, 31782398, 0, 0, 0
131556, 80423513, 0, 0, 0
131556, 393664, 1, 0, 0
131635, 78044446, 0, 0, 0
131715, 40353862, 0, 0, 0
131798, 411757, 1, 0, 0
131874, 78688843, 0, 0, 0
131933, 59425929, 0, 0, 0
132010, 15343417, 0, 0, 0
132125, 16476336, 0, 0, 0
132140, 396640, 1, 0, 0
132227, 20263652, 0, 0, 0
132249, 414485, 1, 0, 0
132305, 7703890, 0, 0, 0
132402, 9667858, 0, 0, 0
132422, 351941, 1, 0, 0
132515, 11249306, 0, 0, 0
132515, 398133, 1, 0, 0
132623, 27055428, 0, 0, 0
132624, 390236, 1, 0, 0
132798, 174212120, 0, 0, 0
132804, 5897617, 0, 0, 0
132814, 402089, 1, 0, 0
132960, 30951405, 0, 0, 0
132960, 346085, 1, 0, 0
133004, 8382622, 0, 0, 0
133366, 362756756, 0, 0, 0
133376, 342260, 1, 0, 0
133400, 11067491, 0, 0, 0
133400, 407226, 1, 0, 0
133500, 9899573, 0, 0, 0
133516, 392284, 1, 0, 0
133660, 53380264, 0, 0, 0
133661, 407788, 1, 0, 0
133703, 21360662, 0, 0, 0
133704, 389348, 1, 0, 0
133939, 39201245, 0, 0, 0
134128, 63027392, 0, 0, 0
134206, 77770075, 0, 0, 0
134307, 50527523, 0, 0, 0
134314, 401078, 1, 0, 0
134470, 32492798, 0, 0, 0
134506, 17944761, 0, 0, 0
134520, 412687, 1, 0, 0
134603, 23955547, 0, 0, 0
134708, 11693790, 0, 0, 0
135006, 149120615, 0, 0, 0
135007, 410705, 1, 0, 0
135106, 33006145, 0, 0, 0
135150, 392955, 1, 0, 0
135252, 16171412, 0, 0, 0
135399, 73881351, 0, 0, 0
135408, 8372235, 0, 0, 0
135408, 418407, 1, 0, 0
135507, 12204659, 0, 0, 0
135632, 62633138, 0, 0, 0
135661, 375808, 1, 0, 0
135727, 31110180, 0, 0, 0
135820, 30889639, 0, 0, 0
135820, 389475, 1, 0, 0
135929, 18022092, 0, 0, 0
135929, 397746, 1, 0, 0
136085, 38869613, 0, 0, 0
136122, 37008068, 0, 0, 0
136134, 411415, 1, 0, 0
136253, 32406518, 0, 0, 0
136421, 83828947, 0, 0, 0
136421, 385029, 1, 0, 0
136503, 27335840, 0, 0, 0
136504, 391241, 1, 0, 0
136617, 56056845, 0, 0, 0
136767, 37463867, 0, 0, 0
136871, 51912988, 0, 0, 0
136895, 368371, 1, 0, 0
136928, 9460506, 0, 0, 0
137129, 66952536, 0, 0, 0
137216, 86912875, 0, 0, 0
137334, 59110849, 0, 0, 0
137412, 38730722, 0, 0, 0
137529, 38903647, 0, 0, 0
137627, 24713128, 0, 0, 0
137628, 355228, 1, 0, 0
137743, 115471774, 0, 0, 0
137769, 407853, 1, 0, 0
137815, 17924637, 0, 0, 0
137816, 404690, 1, 0, 0
137923, 107112243, 0, 0, 0
138016, 92819292, 0, 0, 0
138060, 381999, 1, 0, 0
138209, 48143233, 0, 0, 0
138209, 419296, 1, 0, 0
138323, 28077024, 0, 0, 0
138326, 382050, 1, 0, 0
138411, 29476426, 0, 0, 0
138412, 397123, 1, 0, 0
138564, 75924933, 0, 0, 0
138614, 49930339, 0, 0, 0
138614, 410183, 1, 0, 0
138767, 76207909, 0, 0, 0
138767, 305888, 1, 0, 0
138821, 27263802, 0, 0, 0
138834, 400348, 1, 0, 0
138915, 46504108, 0, 0, 0
138949, 393212, 1, 0, 0
139024, 54651455, 0, 0, 0
139054, 409792, 1, 0, 0
139137, 55690371, 0, 0, 0
139263, 41999760, 0, 0, 0
139346, 27799716, 0, 0, 0
139425, 79153970, 0, 0, 0
139505, 79787458, 0, 0, 0
139660, 51766833, 0, 0, 0
139661, 394907, 1, 0, 0
139739, 78038874, 0, 0, 0
139739, 298058, 1, 0, 0
139824, 42434649, 0, 0, 0
139903, 26216707, 0, 0, 0
139903, 428893, 1, 0, 0
140010, 26715643, 0, 0, 0
140101, 22627260, 0, 0, 0
140235, 26807796, 0, 0, 0
140265, 404133, 1, 0, 0
140338, 34132701, 0, 0, 0
140338, 397851, 1, 0, 0
140454, 28926167, 0, 0, 0
140528, 73805931, 0, 0, 0
140528, 414487, 1, 0, 0
140604, 19074335, 0, 0, 0
140628, 399930, 1, 0, 0
140759, 38633904, 0, 0, 0
140839, 79542968, 0, 0, 0
140917, 39298201, 0, 0, 0
141076, 79041897, 0, 0, 0
141110, 34815644, 0, 0, 0
141247, 45431615, 0, 0, 0
141325, 78509122, 0, 0, 0
141431, 26427330, 0, 0, 0
141596, 82722817, 0, 0, 0
141629, 32329830, 0, 0, 0
141704, 75657591, 0, 0, 0
141861, 78303476, 0, 0, 0
141964, 34304660, 0, 0, 0
141964, 435182, 1, 0, 0
142019, 54558963, 0, 0, 0
142101, 81674229, 0, 0, 0
142119, 302348, 1, 0, 0
142243, 47333579, 0, 0, 0
142304, 60818964, 0, 0, 0
142304, 399916, 1, 0, 0
142430, 31419895, 0, 0, 0
142475, 408854, 1, 0, 0
142575, 36219529, 0, 0, 0
142654, 78671271, 0, 0, 0
142708, 53961980, 0, 0, 0
142861, 51072706, 0, 0, 0
142862, 387322, 1, 0, 0
142943, 40670913, 0, 0, 0
143019, 76343333, 0, 0, 0
143150, 43594135, 0, 0, 0
143233, 82686293, 0, 0, 0
143316, 41329111, 0, 0, 0
143479, 81923519, 0, 0, 0
143553, 73681299, 0, 0, 0
143631, 25869822, 0, 0, 0
143638, 416046, 1, 0, 0
143744, 37610288, 0, 0, 0
143825, 80237582, 0, 0, 0
143825, 395488, 1, 0, 0
143922, 16158311, 0, 0, 0
144000, 77232929, 0, 0, 0
144162, 80949651, 0, 0, 0
144205, 43245250, 0, 0, 0
144323, 59116185, 0, 0, 0
144366, 410877, 1, 0, 0
144446, 30562675, 0, 0, 0
144446, 397293, 1, 0, 0
144522, 76202029, 0, 0, 0
144551, 406976, 1, 0, 0
144603, 20016487, 0, 0, 0
144626, 395706, 1, 0, 0
144797, 21409169, 0, 0, 0
144797, 403914, 1, 0, 0
144829, 32303737, 0, 0, 0
144951, 121866462, 0, 0, 0
145018, 33394305, 0, 0, 0
145041, 392446, 1, 0, 0
145111, 23175091, 0, 0, 0
145123, 418181, 1, 0, 0
145244, 44140446, 0, 0, 0
145337, 46342494, 0, 0, 0
145381, 301090, 1, 0, 0
145409, 10244011, 0, 0, 0
145422, 386783, 1, 0, 0
145638, 28467040, 0, 0, 0
145724, 42636355, 0, 0, 0
145733, 391555, 1, 0, 0
145846, 30434388, 0, 0, 0
145913, 22145189, 0, 0, 0
146107, 64660143, 0, 0, 0
146107, 402303, 1, 0, 0
146269, 80981613, 0, 0, 0
146349, 79334452, 0, 0, 0
146426, 76788886, 0, 0, 0
146501, 74976116, 0, 0, 0
146575, 354366, 1, 0, 0
146654, 51088322, 0, 0, 0
146733, 39466466, 0, 0, 0
146817, 27957025, 0, 0, 0
146902, 42356685, 0, 0, 0
147061, 79654737, 0, 0, 0
147142, 80781034, 0, 0, 0
147149, 321673, 1, 0, 0
147276, 26728001, 0, 0, 0
147356, 80194060, 0, 0, 0
147417, 20092429, 0, 0, 0
147474, 406779, 1, 0, 0
147573, 39087328, 0, 0, 0
147654, 40265760, 0, 0, 0
147774, 39961647, 0, 0, 0
147811, 18463156, 0, 0, 0
147811, 393335, 1, 0, 0
147900, 44442414, 0, 0, 0
147973, 396538, 1, 0, 0
148008, 13330972, 0, 0, 0
148221, 213556304, 0, 0, 0
148293, 436240, 1, 0, 0
148331, 36346592, 0, 0, 0
148406, 15013408, 0, 0, 0
148418, 389302, 1, 0, 0
148521, 28438724, 0, 0, 0
148588, 400388, 1, 0, 0
148616, 23768738, 0, 0, 0
148616, 383503, 1, 0, 0
148893, 92202013, 0, 0, 0
148901, 7341705, 0, 0, 0
148901, 338653, 1, 0, 0
149005, 51951175, 0, 0, 0
149123, 39272041, 0, 0, 0
149123, 323532, 1, 0, 0
149225, 33706654, 0, 0, 0
149225, 391934, 1, 0, 0
149387, 32052050, 0, 0, 0
149396, 396807, 1, 0, 0
149461, 37195861, 0, 0, 0
149462, 395465, 1, 0, 0
149541, 78496229, 0, 0, 0
149607, 22285121, 0, 0, 0
149699, 386250, 1, 0, 0
149700, 385717, 1, 0, 0
149780, 34359778, 0, 0, 0
149862, 81769749, 0, 0, 0
149893, 405558, 1, 0, 0
149958, 48053396, 0, 0, 0
150060, 25380621, 0, 0, 0
150100, 414958, 1, 0, 0
150105, 11266260, 0, 0, 0
150205, 8240767, 0, 0, 0
150220, 396756, 1, 0, 0
150397, 10828910, 0, 0, 0
150415, 18176428, 0, 0, 0
150440, 396558, 1, 0, 0
150518, 11299046, 0, 0, 0
150569, 421986, 1, 0, 0
150606, 17576694, 0, 0, 0
150618, 409134, 1, 0, 0
150703, 12009688, 0, 0, 0
150704, 417138, 1, 0, 0
150809, 11510497, 0, 0, 0
150809, 393274, 1, 0, 0
150900, 22622587, 0, 0, 0
150900, 415833, 1, 0, 0
151009, 13477890, 0, 0, 0
151085, 372248, 1, 0, 0
151425, 69091777, 0, 0, 0
151449, 394935, 1, 0, 0
151904, 68344355, 0, 0, 0
151958, 399173, 1, 0, 0
152004, 11110534, 0, 0, 0
152005, 412444, 1, 0, 0
152100, 11779604, 0, 0, 0
152180, 358284, 1, 0, 0
152208, 11986460, 0, 0, 0
152208, 309168, 1, 0, 0
152419, 105212899, 0, 0, 0
152574, 51550666, 0, 0, 0
152619, 45405917, 0, 0, 0
152779, 79713746, 0, 0, 0
152856, 77507580, 0, 0, 0
152869, 417255, 1, 0, 0
152912, 18393686, 0, 0, 0
152996, 407856, 1, 0, 0
153026, 56627221, 0, 0, 0
153037, 392110, 1, 0, 0
153118, 45683179, 0, 0, 0
153268, 75251743, 0, 0, 0
153306, 18729436, 0, 0, 0
153306, 412647, 1, 0, 0
153474, 55760555, 0, 0, 0
153553, 39465178, 0, 0, 0
153632, 78906874, 0, 0, 0
153662, 346283, 1, 0, 0
153712, 16022478, 0, 0, 0
153877, 54926475, 0, 0, 0
153913, 36059697, 0, 0, 0
153913, 394199, 1, 0, 0
154012, 49476803, 0, 0, 0
154160, 49290386, 0, 0, 0
154161, 404662, 1, 0, 0
154203, 21139079, 0, 0, 0
154241, 392130, 1, 0, 0
154317, 56687873, 0, 0, 0
154403, 43427649, 0, 0, 0
154414, 407027, 1, 0, 0
154579, 21825227, 0, 0, 0
154606, 26506895, 0, 0, 0
154606, 357950, 1, 0, 0
154718, 11039283, 0, 0, 0
154718, 395196, 1, 0, 0
154801, 41334111, 0, 0, 0
154985, 36749777, 0, 0, 0
155014, 29510108, 0, 0, 0
155116, 33722068, 0, 0, 0
155116, 403239, 1, 0, 0
155201, 14113116, 0, 0, 0
155554, 88220972, 0, 0, 0
155636, 82059327, 0, 0, 0
155636, 362781, 1, 0, 0
155712, 75618345, 0, 0, 0
155794, 417719, 1, 0, 0
155873, 53387905, 0, 0, 0
155949, 76264101, 0, 0, 0
155950, 353886, 1, 0, 0
156032, 82919449, 0, 0, 0
156033, 406061, 1, 0, 0
156106, 35987887, 0, 0, 0
156212, 53028700, 0, 0, 0
156326, 38278867, 0, 0, 0
156466, 46634422, 0, 0, 0
156542, 75269155, 0, 0, 0
156624, 41119952, 0, 0, 0
156635, 332826, 1, 0, 0
156701, 12779864, 0, 0, 0
156701, 392207, 1, 0, 0
156810, 54212060, 0, 0, 0
156810, 387436, 1, 0, 0
156943, 44005449, 0, 0, 0
157023, 80544798, 0, 0, 0
157026, 412322, 1, 0, 0
157106, 27529275, 0, 0, 0
157217, 55656202, 0, 0, 0
157305, 29319667, 0, 0, 0
157446, 46839678, 0, 0, 0
157446, 400387, 1, 0, 0
157569, 30559178, 0, 0, 0
157675, 26506883, 0, 0, 0
157675, 418785, 1, 0, 0
157757, 81631464, 0, 0, 0
157757, 398203, 1, 0, 0
157829, 35901859, 0, 0, 0
157960, 18759057, 0, 0, 0
158044, 42047145, 0, 0, 0
158100, 18429093, 0, 0, 0
158197, 417813, 1, 0, 0
158272, 57352499, 0, 0, 0
158352, 80008694, 0, 0, 0
158427, 74575454, 0, 0, 0
158456, 394974, 1, 0, 0
158542, 38324394, 0, 0, 0
158624, 81772583, 0, 0, 0
158729, 52743783, 0, 0, 0
158799, 340465, 1, 0, 0
158829, 24803843, 0, 0, 0
158829, 395538, 1, 0, 0
158920, 22422848, 0, 0, 0
158920, 407427, 1, 0, 0
159019, 33074904, 0, 0, 0
159314, 73615120, 0, 0, 0
159438, 62166158, 0, 0, 0
159546, 53883398, 0, 0, 0
159546, 396522, 1, 0, 0
159603, 28077147, 0, 0, 0
159719, 38811081, 0, 0, 0
159827, 21633721, 0, 0, 0
159828, 416392, 1, 0, 0
159951, 123019322, 0, 0, 0
160092, 35344679, 0, 0, 0
160104, 11558343, 0, 0, 0
160331, 32423348, 0, 0, 0
160331, 405241, 1, 0, 0
160410, 79409538, 0, 0, 0
160532, 30359683, 0, 0, 0
160625, 31106616, 0, 0, 0
160686, 413979, 1, 0, 0
160711, 42506794, 0, 0, 0
160897, 46659525, 0, 0, 0
160898, 398155, 1, 0, 0
160979, 40925122, 0, 0, 0
161044, 64620432, 0, 0, 0
161150, 52879720, 0, 0, 0
161247, 19431442, 0, 0, 0
161284, 335532, 1, 0, 0
161368, 59874554, 0, 0, 0
161407, 39885865, 0, 0, 0
161570, 81323319, 0, 0, 0
161570, 393354, 1, 0, 0
161653, 82682771, 0, 0, 0
161766, 56401797, 0, 0, 0
161825, 59539676, 0, 0, 0
161908, 82078331, 0, 0, 0
162000, 30866563, 0, 0, 0
162160, 80023111, 0, 0, 0
162236, 75367479, 0, 0, 0
162275, 390244, 1, 0, 0
162309, 24040053, 0, 0, 0
162402, 23251968, 0, 0, 0
162504, 25500433, 0, 0, 0
162572, 394214, 1, 0, 0
162600, 12016328, 0, 0, 0
162708, 15378073, 0, 0, 0
162786, 413297, 1, 0, 0
162800, 13078629, 0, 0, 0
162868, 308467, 1, 0, 0
162924, 15542144, 0, 0, 0
162970, 404667, 1, 0, 0
163006, 16036175, 0, 0, 0
163118, 18642904, 0, 0, 0
163185, 388892, 1, 0, 0
163222, 26089677, 0, 0, 0
163583, 90213089, 0, 0, 0
163603, 9781831, 0, 0, 0
163644, 409830, 1, 0, 0
163747, 11926278, 0, 0, 0
163765, 414407, 1, 0, 0
164124, 75398579, 0, 0, 0
164125, 315346, 1, 0, 0
164202, 77546089, 0, 0, 0
164309, 53442214, 0, 0, 0
164309, 413110, 1, 0, 0
164405, 18971229, 0, 0, 0
164443, 409028, 1, 0, 0
164523, 29470401, 0, 0, 0
164610, 43597155, 0, 0, 0
164770, 39870183, 0, 0, 0
164852, 41054762, 0, 0, 0
164953, 33688265, 0, 0, 0
165031, 78572595, 0, 0, 0
165091, 404136, 1, 0, 0
165122, 30021042, 0, 0, 0
165131, 402597, 1, 0, 0
165282, 22740043, 0, 0, 0
165306, 24401239, 0, 0, 0
165385, 397343, 1, 0, 0
165415, 36088564, 0, 0, 0
165571, 78019764, 0, 0, 0
165607, 35768412, 0, 0, 0
165607, 302407, 1, 0, 0
165708, 50468008, 0, 0, 0
165708, 407793, 1, 0, 0
165812, 17256651, 0, 0, 0
165973, 53612499, 0, 0, 0
166002, 28908312, 0, 0, 0
166032, 367679, 1, 0, 0
166122, 39707834, 0, 0, 0
166122, 401815, 1, 0, 0
166200, 25875162, 0, 0, 0
166328, 42776888, 0, 0, 0
166365, 405489, 1, 0, 0
166428, 24924090, 0, 0, 0
166506, 78286392, 0, 0, 0
166584, 392630, 1, 0, 0
166660, 76663315, 0, 0, 0
166745, 42405828, 0, 0, 0
166842, 32195620, 0, 0, 0
166842, 318968, 1, 0, 0
166914, 23397760, 0, 0, 0
167005, 91953429, 0, 0, 0
167105, 49962579, 0, 0, 0
167262, 52131284, 0, 0, 0
167339, 38698339, 0, 0, 0
167340, 364818, 1, 0, 0
167401, 30668504, 0, 0, 0
167402, 400556, 1, 0, 0
167561, 52979499, 0, 0, 0
167646, 28301505, 0, 0, 0
167721, 24889282, 0, 0, 0
167855, 44554247, 0, 0, 0
167935, 80027093, 0, 0, 0
168013, 78355420, 0, 0, 0
168013, 336742, 1, 0, 0
168119, 35357370, 0, 0, 0
168148, 389676, 1, 0, 0
168222, 17011360, 0, 0, 0
168301, 78966178, 0, 0, 0
168456, 77386333, 0, 0, 0
168574, 59121612, 0, 0, 0
168650, 75742826, 0, 0, 0
168730, 40134682, 0, 0, 0
168774, 411491, 1, 0, 0
168814, 27742173, 0, 0, 0
168891, 395803, 1, 0, 0
168915, 25366690, 0, 0, 0
169075, 53339786, 0, 0, 0
169152, 76012599, 0, 0, 0
169152, 413301, 1, 0, 0
169212, 30176157, 0, 0, 0
169374, 80823660, 0, 0, 0
169452, 78526391, 0, 0, 0
169490, 305192, 1, 0, 0
169569, 38464517, 0, 0, 0
169672, 51857667, 0, 0, 0
169731, 58785041, 0, 0, 0
169804, 24153507, 0, 0, 0
169919, 38542568, 0, 0, 0
170027, 26980894, 0, 0, 0
170109, 81806013, 0, 0, 0
170125, 398781, 1, 0, 0
170206, 12061983, 0, 0, 0
170207, 406135, 1, 0, 0
170320, 112890805, 0, 0, 0
170406, 43193017, 0, 0, 0
170415, 415502, 1, 0, 0
170521, 38202545, 0, 0, 0
170597, 346805, 1, 0, 0
170678, 78120218, 0, 0, 0
170746, 67712866, 0, 0, 0
170805, 29419962, 0, 0, 0
170915, 36732259, 0, 0, 0
171055, 69984385, 0, 0, 0
171055, 405775, 1, 0, 0
171162, 53419715, 0, 0, 0
171239, 77327944, 0, 0, 0
171314, 75151582, 0, 0, 0
171315, 434838, 1, 0, 0
171428, 56375654, 0, 0, 0
171502, 74437731, 0, 0, 0
171606, 51869804, 0, 0, 0
171606, 403846, 1, 0, 0
171716, 36446863, 0, 0, 0
171870, 77211379, 0, 0, 0
171953, 41313060, 0, 0, 0
172035, 81885507, 0, 0, 0
172142, 35621187, 0, 0, 0
172245, 51752910, 0, 0, 0
172254, 352220, 1, 0, 0
172367, 30383582, 0, 0, 0
172442, 74093841, 0, 0, 0
172523, 81097793, 0, 0, 0
172555, 358946, 1, 0, 0
172650, 31792225, 0, 0, 0
172689, 330665, 1, 0, 0
172700, 9718460, 0, 0, 0
172804, 52164349, 0, 0, 0
172834, 400122, 1, 0, 0
172949, 35897325, 0, 0, 0
173003, 13368563, 0, 0, 0
173171, 41943156, 0, 0, 0
173247, 75867369, 0, 0, 0
173281, 393201, 1, 0, 0
173308, 20370428, 0, 0, 0
173309, 405241, 1, 0, 0
173424, 57525972, 0, 0, 0
173568, 72172046, 0, 0, 0
173608, 40433224, 0, 0, 0
173609, 426518, 1, 0, 0
173717, 53648006, 0, 0, 0
173756, 407929, 1, 0, 0
173835, 59154925, 0, 0, 0
173912, 38350702, 0, 0, 0
174000, 44106661, 0, 0, 0
174160, 53268513, 0, 0, 0
174190, 443837, 1, 0, 0
174201, 20077422, 0, 0, 0
174318, 58789019, 0, 0, 0
174319, 310914, 1, 0, 0
174428, 54857179, 0, 0, 0
174429, 445259, 1, 0, 0
174509, 79025067, 0, 0, 0
174509, 390509, 1, 0, 0
174613, 34514507, 0, 0, 0
174745, 44091998, 0, 0, 0
174825, 79976599, 0, 0, 0
174952, 63596953, 0, 0, 0
175012, 59218943, 0, 0, 0
175012, 411594, 1, 0, 0
175104, 18185091, 0, 0, 0
175122, 404273, 1, 0, 0
175234, 25891225, 0, 0, 0
175317, 82939182, 0, 0, 0
175462, 48372963, 0, 0, 0
175462, 414626, 1, 0, 0
175534, 23885845, 0, 0, 0
175620, 42996905, 0, 0, 0
175795, 29170588, 0, 0, 0
175831, 35449910, 0, 0, 0
175900, 34508278, 0, 0, 0
176115, 43067732, 0, 0, 0
176192, 419286, 1, 0, 0
176270, 51372970, 0, 0, 0
176374, 34964864, 0, 0, 0
176375, 423787, 1, 0, 0
176437, 30929425, 0, 0, 0
176519, 82646240, 0, 0, 0
176602, 82910235, 0, 0, 0
176766, 81860774, 0, 0, 0
176766, 403021, 1, 0, 0
176801, 11510580, 0, 0, 0
176801, 401025, 1, 0, 0
176976, 43522690, 0, 0, 0
177017, 40608917, 0, 0, 0
177031, 365732, 1, 0, 0
177107, 45002397, 0, 0, 0
177216, 54304316, 0, 0, 0
177376, 53225387, 0, 0, 0
177381, 400561, 1, 0, 0
177407, 10214228, 0, 0, 0
177562, 51719400, 0, 0, 0
177638, 76130167, 0, 0, 0
177711, 73515624, 0, 0, 0
177821, 54605598, 0, 0, 0
177902, 81784722, 0, 0, 0
178004, 50783762, 0, 0, 0
178162, 39465232, 0, 0, 0
178245, 27854798, 0, 0, 0
178324, 78541962, 0, 0, 0
178372, 408811, 1, 0, 0
178402, 15485096, 0, 0, 0
178510, 36152415, 0, 0, 0
178624, 28416678, 0, 0, 0
178703, 78968042, 0, 0, 0
178786, 425725, 1, 0, 0
178864, 53541013, 0, 0, 0
178864, 394183, 1, 0, 0
178921, 11267472, 0, 0, 0
178921, 333287, 1, 0, 0
179093, 24477256, 0, 0, 0
179094, 405180, 1, 0, 0
179177, 83278766, 0, 0, 0
179177, 428012, 1, 0, 0
179256, 78224802, 0, 0, 0
179336, 79894396, 0, 0, 0
179418, 41361042, 0, 0, 0
179419, 422656, 1, 0, 0
179511, 18348570, 0, 0, 0
179511, 337858, 1, 0, 0
179623, 27761263, 0, 0, 0
179679, 306226, 1, 0, 0
179705, 7460125, 0, 0, 0
179705, 407845, 1, 0, 0
179824, 14766274, 0, 0, 0
179909, 42761916, 0, 0, 0
179973, 408944, 1, 0, 0
180001, 7581087, 0, 0, 0
