500, 20480, 0, 0, 0
1100, 20480, 0, 0, 0
2400, 10240, 0, 0, 0
2500, 10240, 0, 0, 0
2500, 10240, 1, 0, 0
2900, 20480, 0, 0, 0
3000, 20480, 0, 0, 0
3000, 20480, 1, 0, 0
4400, 10240, 0, 0, 0
4800, 20480, 0, 0, 0
5600, 10240, 0, 0, 0
5900, 10343, 0, 0, 0
6000, 10240, 0, 0, 0
6100, 20480, 0, 0, 0
6100, 10240, 1, 0, 0
9500, 10240, 0, 0, 0
9500, 10240, 1, 0, 0
10100, 10240, 0, 0, 0
10200, 10240, 0, 0, 0
11300, 10240, 0, 0, 0
11400, 30720, 0, 0, 0
11400, 20480, 1, 0, 0
11900, 10343, 0, 0, 0
11900, 10343, 1, 0, 0
12000, 20480, 0, 0, 0
12000, 10240, 1, 0, 0
12100, 10240, 0, 0, 0
12800, 10240, 0, 0, 0
12800, 10240, 1, 0, 0
12900, 10240, 0, 0, 0
13300, 10240, 0, 0, 0
13400, 10240, 0, 0, 0
13400, 10240, 1, 0, 0
13500, 20480, 0, 0, 0
13500, 10240, 1, 0, 0
14600, 10240, 0, 0, 0
14700, 10240, 0, 0, 0
14700, 10240, 1, 0, 0
15000, 10240, 0, 0, 0
15100, 10240, 0, 0, 0
15200, 20480, 0, 0, 0
15400, 20480, 0, 0, 0
15400, 10240, 1, 0, 0
17100, 10240, 0, 0, 0
18200, 10240, 0, 0, 0
18700, 10240, 0, 0, 0
19500, 30720, 0, 0, 0
19500, 10240, 1, 0, 0
20200, 20480, 0, 0, 0
21200, 20480, 0, 0, 0
22700, 10240, 0, 0, 0
22700, 10240, 1, 0, 0
22800, 10240, 0, 0, 0
23900, 20480, 0, 0, 0
26000, 10240, 0, 0, 0
26000, 10240, 1, 0, 0
26100, 10240, 0, 0, 0
26100, 10240, 1, 0, 0
27400, 20480, 0, 0, 0
27400, 10240, 1, 0, 0
28800, 20480, 0, 0, 0
28900, 10240, 0, 0, 0
30400, 10240, 0, 0, 0
30900, 10343, 0, 0, 0
31100, 61440, 0, 0, 0
31100, 51200, 1, 0, 0
31200, 92160, 0, 0, 0
31200, 10240, 1, 0, 0
31300, 92160, 0, 0, 0
31300, 20480, 1, 0, 0
31400, 102400, 0, 0, 0
31400, 61440, 1, 0, 0
31500, 92160, 0, 0, 0
31500, 10240, 1, 0, 0
31600, 112640, 0, 0, 0
31600, 71680, 1, 0, 0
31700, 92160, 0, 0, 0
31700, 40960, 1, 0, 0
31800, 122880, 0, 0, 0
31900, 102400, 0, 0, 0
31900, 10240, 1, 0, 0
32000, 102400, 0, 0, 0
32000, 20480, 1, 0, 0
32100, 92160, 0, 0, 0
32200, 103434, 0, 0, 0
32300, 92160, 0, 0, 0
32300, 10240, 1, 0, 0
32400, 92160, 0, 0, 0
32400, 10240, 1, 0, 0
32500, 102400, 0, 0, 0
32500, 30720, 1, 0, 0
32600, 102400, 0, 0, 0
32600, 51200, 1, 0, 0
32700, 102400, 0, 0, 0
32800, 102400, 0, 0, 0
32800, 40960, 1, 0, 0
32900, 102400, 0, 0, 0
32900, 40960, 1, 0, 0
33000, 92160, 0, 0, 0
33000, 10240, 1, 0, 0
33100, 81920, 0, 0, 0
33100, 61440, 1, 0, 0
33500, 10240, 0, 0, 0
34000, 92160, 0, 0, 0
34000, 61440, 1, 0, 0
34100, 102400, 0, 0, 0
34100, 20480, 1, 0, 0
34200, 102400, 0, 0, 0
34200, 51200, 1, 0, 0
34300, 102400, 0, 0, 0
34300, 40960, 1, 0, 0
34400, 92160, 0, 0, 0
34400, 20480, 1, 0, 0
37200, 10240, 0, 0, 0
37400, 10240, 0, 0, 0
39200, 71680, 0, 0, 0
39200, 20480, 1, 0, 0
39300, 92160, 0, 0, 0
39300, 20480, 1, 0, 0
39400, 102400, 0, 0, 0
39400, 40960, 1, 0, 0
39500, 92160, 0, 0, 0
39600, 10240, 0, 0, 0
41100, 10240, 0, 0, 0
41200, 20686, 0, 0, 0
41200, 20686, 1, 0, 0
42800, 20480, 0, 0, 0
43400, 30720, 0, 0, 0
43500, 102400, 0, 0, 0
43500, 51200, 1, 0, 0
43600, 122880, 0, 0, 0
43600, 51200, 1, 0, 0
43700, 102400, 0, 0, 0
43700, 20480, 1, 0, 0
43800, 81920, 0, 0, 0
43800, 30720, 1, 0, 0
43900, 20480, 0, 0, 0
46300, 10240, 0, 0, 0
46400, 10240, 0, 0, 0
46600, 10240, 0, 0, 0
46801, 10240, 0, 0, 0
46900, 10343, 0, 0, 0
47600, 10240, 0, 0, 0
47700, 10240, 0, 0, 0
50000, 20480, 0, 0, 0
52000, 10240, 0, 0, 0
52100, 20480, 0, 0, 0
52200, 10240, 0, 0, 0
53700, 10240, 0, 0, 0
53800, 10240, 0, 0, 0
53900, 10240, 0, 0, 0
54000, 20480, 0, 0, 0
56700, 10240, 0, 0, 0
57700, 10240, 0, 0, 0
60000, 20480, 0, 0, 0
60000, 10240, 1, 0, 0
60100, 10240, 0, 0, 0
63300, 20480, 0, 0, 0
63400, 20480, 0, 0, 0
64800, 20480, 0, 0, 0
65100, 20480, 0, 0, 0
65200, 81920, 0, 0, 0
65200, 20480, 1, 0, 0
65300, 81920, 0, 0, 0
65300, 20480, 1, 0, 0
65400, 102400, 0, 0, 0
65400, 20480, 1, 0, 0
65500, 71680, 0, 0, 0
65500, 40960, 1, 0, 0
65600, 81920, 0, 0, 0
65600, 51200, 1, 0, 0
65701, 30720, 0, 0, 0
65701, 20480, 1, 0, 0
65900, 20480, 0, 0, 0
66000, 92160, 0, 0, 0
66000, 40960, 1, 0, 0
66100, 81920, 0, 0, 0
66100, 61440, 1, 0, 0
66200, 81920, 0, 0, 0
66200, 10240, 1, 0, 0
66300, 71680, 0, 0, 0
66300, 10240, 1, 0, 0
66400, 81920, 0, 0, 0
66400, 20480, 1, 0, 0
66500, 92160, 0, 0, 0
66500, 10240, 1, 0, 0
66600, 112640, 0, 0, 0
66600, 20480, 1, 0, 0
66700, 92160, 0, 0, 0
66700, 30720, 1, 0, 0
66800, 112640, 0, 0, 0
66800, 51200, 1, 0, 0
66900, 71680, 0, 0, 0
66900, 20480, 1, 0, 0
69400, 10240, 0, 0, 0
69500, 10240, 0, 0, 0
70400, 10240, 0, 0, 0
70400, 10240, 1, 0, 0
70500, 10240, 0, 0, 0
72700, 10343, 0, 0, 0
72700, 10343, 1, 0, 0
72900, 10240, 0, 0, 0
72900, 10240, 1, 0, 0
73500, 51200, 0, 0, 0
73600, 92160, 0, 0, 0
73600, 10240, 1, 0, 0
73700, 112640, 0, 0, 0
73700, 51200, 1, 0, 0
73800, 102400, 0, 0, 0
73800, 71680, 1, 0, 0
73900, 92160, 0, 0, 0
73900, 10240, 1, 0, 0
74001, 10240, 0, 0, 0
79300, 10343, 0, 0, 0
79400, 10240, 0, 0, 0
79500, 10240, 0, 0, 0
80400, 10240, 0, 0, 0
80600, 10240, 0, 0, 0
81300, 40960, 0, 0, 0
81400, 10240, 0, 0, 0
81400, 10240, 1, 0, 0
82900, 10240, 0, 0, 0
83000, 92160, 0, 0, 0
83000, 20480, 1, 0, 0
83100, 112640, 0, 0, 0
83100, 81920, 1, 0, 0
83200, 122880, 0, 0, 0
83200, 40960, 1, 0, 0
83300, 112640, 0, 0, 0
83300, 51200, 1, 0, 0
83400, 112640, 0, 0, 0
83400, 10240, 1, 0, 0
84700, 10240, 0, 0, 0
84900, 10240, 0, 0, 0
84900, 10240, 1, 0, 0
86800, 10240, 0, 0, 0
87600, 10240, 0, 0, 0
89500, 10240, 0, 0, 0
89600, 112640, 0, 0, 0
89600, 20480, 1, 0, 0
89700, 102400, 0, 0, 0
89700, 30720, 1, 0, 0
89800, 122880, 0, 0, 0
89800, 30720, 1, 0, 0
89900, 122880, 0, 0, 0
89900, 10240, 1, 0, 0
90000, 61440, 0, 0, 0
92100, 10240, 0, 0, 0
92100, 20480, 1, 0, 0
92200, 10343, 0, 0, 0
97800, 10240, 0, 0, 0
98000, 30720, 0, 0, 0
98000, 10240, 1, 0, 0
98600, 30720, 0, 0, 0
98600, 20480, 1, 0, 0
98700, 92160, 0, 0, 0
98800, 112640, 0, 0, 0
98800, 51200, 1, 0, 0
98900, 122880, 0, 0, 0
98900, 20480, 1, 0, 0
99000, 112640, 0, 0, 0
99000, 10240, 1, 0, 0
99100, 92160, 0, 0, 0
99100, 20480, 1, 0, 0
99500, 51200, 0, 0, 0
99500, 20480, 1, 0, 0
99600, 20480, 0, 0, 0
101400, 10240, 0, 0, 0
101500, 10240, 0, 0, 0
102800, 10240, 0, 0, 0
102900, 10240, 0, 0, 0
103000, 10240, 0, 0, 0
103000, 10240, 1, 0, 0
103200, 51717, 0, 0, 0
103300, 92160, 0, 0, 0
103300, 40960, 1, 0, 0
103400, 71680, 0, 0, 0
103400, 10240, 1, 0, 0
103500, 102400, 0, 0, 0
103500, 40960, 1, 0, 0
103600, 71680, 0, 0, 0
106900, 10240, 0, 0, 0
107000, 20480, 0, 0, 0
107000, 20480, 1, 0, 0
109600, 20480, 0, 0, 0
109600, 10240, 1, 0, 0
109700, 10240, 0, 0, 0
111300, 71680, 0, 0, 0
111300, 20480, 1, 0, 0
111400, 71680, 0, 0, 0
111400, 20480, 1, 0, 0
111500, 92160, 0, 0, 0
111500, 30720, 1, 0, 0
111600, 92160, 0, 0, 0
111600, 20480, 1, 0, 0
111700, 62060, 0, 0, 0
111700, 20686, 1, 0, 0
111800, 10240, 0, 0, 0
114100, 10240, 0, 0, 0
114400, 10343, 0, 0, 0
114700, 81920, 0, 0, 0
114700, 20480, 1, 0, 0
114800, 92160, 0, 0, 0
114800, 10240, 1, 0, 0
114900, 20480, 0, 0, 0
114900, 10240, 1, 0, 0
115000, 10240, 0, 0, 0
118500, 81920, 0, 0, 0
118500, 10240, 1, 0, 0
118601, 92160, 0, 0, 0
118601, 30720, 1, 0, 0
118700, 93090, 0, 0, 0
118700, 10343, 1, 0, 0
118800, 112640, 0, 0, 0
118800, 30720, 1, 0, 0
118900, 71680, 0, 0, 0
119000, 10240, 0, 0, 0
123200, 10240, 0, 0, 0
123300, 51200, 0, 0, 0
123300, 20480, 1, 0, 0
123400, 102400, 0, 0, 0
123400, 20480, 1, 0, 0
123500, 92160, 0, 0, 0
123700, 20480, 0, 0, 0
123800, 71680, 0, 0, 0
123900, 10240, 0, 0, 0
123900, 10240, 1, 0, 0
126300, 20480, 0, 0, 0
126300, 20480, 1, 0, 0
132300, 30720, 0, 0, 0
132400, 92160, 0, 0, 0
132400, 30720, 1, 0, 0
132500, 92160, 0, 0, 0
132600, 81920, 0, 0, 0
132600, 20480, 1, 0, 0
132700, 102400, 0, 0, 0
132700, 30720, 1, 0, 0
132800, 20480, 0, 0, 0
132900, 30720, 0, 0, 0
133200, 102400, 0, 0, 0
133300, 102400, 0, 0, 0
133300, 20480, 1, 0, 0
133400, 92160, 0, 0, 0
133400, 40960, 1, 0, 0
133501, 112640, 0, 0, 0
133501, 40960, 1, 0, 0
133600, 41373, 0, 0, 0
133600, 41373, 1, 0, 0
134500, 30720, 0, 0, 0
134600, 92160, 0, 0, 0
134600, 30720, 1, 0, 0
134700, 102400, 0, 0, 0
134700, 10240, 1, 0, 0
134800, 102400, 0, 0, 0
134800, 20480, 1, 0, 0
134900, 40960, 0, 0, 0
137400, 71680, 0, 0, 0
137400, 20480, 1, 0, 0
137500, 92160, 0, 0, 0
137500, 30720, 1, 0, 0
137600, 92160, 0, 0, 0
137700, 92160, 0, 0, 0
137700, 10240, 1, 0, 0
137800, 71680, 0, 0, 0
137800, 10240, 1, 0, 0
139700, 10240, 0, 0, 0
139700, 10240, 1, 0, 0
139800, 10240, 0, 0, 0
139800, 10240, 1, 0, 0
142500, 20480, 0, 0, 0
142500, 10240, 1, 0, 0
142600, 71680, 0, 0, 0
142600, 20480, 1, 0, 0
142700, 102400, 0, 0, 0
142700, 30720, 1, 0, 0
142800, 81920, 0, 0, 0
142800, 20480, 1, 0, 0
142900, 92160, 0, 0, 0
142900, 10240, 1, 0, 0
143000, 30720, 0, 0, 0
143100, 10240, 0, 0, 0
144600, 40960, 0, 0, 0
144700, 93090, 0, 0, 0
144700, 10343, 1, 0, 0
144800, 92160, 0, 0, 0
144800, 30720, 1, 0, 0
144900, 102400, 0, 0, 0
144900, 20480, 1, 0, 0
145000, 102400, 0, 0, 0
145100, 10240, 0, 0, 0
147600, 40960, 0, 0, 0
147600, 10240, 1, 0, 0
147700, 92160, 0, 0, 0
147800, 92160, 0, 0, 0
147900, 102400, 0, 0, 0
147900, 61440, 1, 0, 0
148000, 92160, 0, 0, 0
148000, 30720, 1, 0, 0
148100, 30720, 0, 0, 0
148100, 10240, 1, 0, 0
150400, 30720, 0, 0, 0
150400, 20480, 1, 0, 0
150500, 112640, 0, 0, 0
150500, 40960, 1, 0, 0
150600, 92160, 0, 0, 0
150600, 10240, 1, 0, 0
150700, 102400, 0, 0, 0
150700, 20480, 1, 0, 0
150800, 92160, 0, 0, 0
150800, 20480, 1, 0, 0
150900, 40960, 0, 0, 0
151000, 10240, 0, 0, 0
151800, 102400, 0, 0, 0
151800, 20480, 1, 0, 0
151900, 92160, 0, 0, 0
151900, 20480, 1, 0, 0
152000, 102400, 0, 0, 0
152000, 30720, 1, 0, 0
152100, 92160, 0, 0, 0
152100, 40960, 1, 0, 0
152200, 61440, 0, 0, 0
152200, 10240, 1, 0, 0
155500, 10240, 0, 0, 0
155500, 10240, 1, 0, 0
155600, 20480, 0, 0, 0
155600, 30720, 1, 0, 0
158700, 10240, 0, 0, 0
158800, 10240, 0, 0, 0
165100, 10240, 0, 0, 0
165200, 10240, 0, 0, 0
165900, 61440, 0, 0, 0
165900, 30720, 1, 0, 0
166000, 92160, 0, 0, 0
166000, 30720, 1, 0, 0
166100, 81920, 0, 0, 0
166201, 92160, 0, 0, 0
166201, 10240, 1, 0, 0
166300, 82747, 0, 0, 0
166300, 31030, 1, 0, 0
166400, 10240, 0, 0, 0
167200, 40960, 0, 0, 0
167200, 10240, 1, 0, 0
167300, 102400, 0, 0, 0
167300, 40960, 1, 0, 0
167400, 102400, 0, 0, 0
167400, 51200, 1, 0, 0
167500, 81920, 0, 0, 0
167601, 40960, 0, 0, 0
167601, 20480, 1, 0, 0
170800, 20480, 0, 0, 0
170800, 10240, 1, 0, 0
171200, 93090, 0, 0, 0
171200, 41373, 1, 0, 0
171300, 92160, 0, 0, 0
171400, 92160, 0, 0, 0
171400, 20480, 1, 0, 0
171500, 122880, 0, 0, 0
171500, 40960, 1, 0, 0
171600, 40960, 0, 0, 0
171600, 20480, 1, 0, 0
171800, 10240, 0, 0, 0
173600, 20480, 0, 0, 0
173800, 10240, 0, 0, 0
173800, 10240, 1, 0, 0
176200, 102400, 0, 0, 0
176200, 40960, 1, 0, 0
176300, 102400, 0, 0, 0
176300, 20480, 1, 0, 0
176400, 133120, 0, 0, 0
176400, 30720, 1, 0, 0
176500, 122880, 0, 0, 0
176500, 40960, 1, 0, 0
176601, 61440, 0, 0, 0
176601, 10240, 1, 0, 0
176800, 10240, 0, 0, 0
176900, 10240, 0, 0, 0
179200, 40960, 0, 0, 0
179300, 133120, 0, 0, 0
179400, 93090, 0, 0, 0
179400, 51717, 1, 0, 0
179500, 102400, 0, 0, 0
179500, 20480, 1, 0, 0
179600, 81920, 0, 0, 0
179600, 10240, 1, 0, 0
179700, 10240, 0, 0, 0
