4040, 4039989170, 0, 0, 0
4111, 70955272, 0, 0, 0
11846, 3867635332, 0, 0, 0
12460, 614291991, 0, 0, 0
12606, 146269799, 0, 0, 0
12607, 440748, 1, 0, 0
15184, 2576879598, 0, 0, 0
15377, 193005205, 0, 0, 0
17292, 1915093561, 0, 0, 0
17292, 471244, 1, 0, 0
19148, 1855736257, 0, 0, 0
19149, 424571, 1, 0, 0
19249, 100312320, 0, 0, 0
19310, 30486063, 0, 0, 0
21728, 2417888999, 0, 0, 0
26098, 2184930217, 0, 0, 0
26186, 88541982, 0, 0, 0
26233, 46165103, 0, 0, 0
26233, 413360, 1, 0, 0
28351, 2118242028, 0, 0, 0
28352, 456712, 1, 0, 0
28403, 10142381, 0, 0, 0
28423, 391700, 1, 0, 0
28513, 11986581, 0, 0, 0
28523, 388101, 1, 0, 0
28604, 11285697, 0, 0, 0
28611, 382139, 1, 0, 0
28707, 10177103, 0, 0, 0
28760, 383636, 1, 0, 0
28810, 12850733, 0, 0, 0
28811, 394177, 1, 0, 0
28900, 11088502, 0, 0, 0
28900, 380885, 1, 0, 0
29010, 10760582, 0, 0, 0
29066, 383446, 1, 0, 0
29107, 10697560, 0, 0, 0
29107, 397028, 1, 0, 0
29201, 10322921, 0, 0, 0
29201, 380545, 1, 0, 0
29306, 10378347, 0, 0, 0
29317, 379260, 1, 0, 0
29406, 12363846, 0, 0, 0
29406, 387979, 1, 0, 0
29504, 10683898, 0, 0, 0
29517, 376232, 1, 0, 0
29608, 11302449, 0, 0, 0
29701, 11610162, 0, 0, 0
29741, 380382, 1, 0, 0
29806, 10497010, 0, 0, 0
29840, 395237, 1, 0, 0
29906, 11049780, 0, 0, 0
30005, 10887220, 0, 0, 0
30104, 11063583, 0, 0, 0
30205, 11209774, 0, 0, 0
30219, 389559, 1, 0, 0
30308, 10244361, 0, 0, 0
30398, 397012, 1, 0, 0
30410, 10085279, 0, 0, 0
30441, 378640, 1, 0, 0
30528, 14556631, 0, 0, 0
30540, 376567, 1, 0, 0
30609, 11368028, 0, 0, 0
30700, 11458390, 0, 0, 0
30721, 383320, 1, 0, 0
30809, 10717249, 0, 0, 0
30809, 377628, 1, 0, 0
30904, 9311704, 0, 0, 0
30938, 376879, 1, 0, 0
31006, 12666075, 0, 0, 0
31027, 381137, 1, 0, 0
31108, 11101458, 0, 0, 0
31130, 380792, 1, 0, 0
31211, 10020544, 0, 0, 0
31282, 383157, 1, 0, 0
31303, 9166580, 0, 0, 0
31328, 378486, 1, 0, 0
31406, 10107248, 0, 0, 0
31423, 383001, 1, 0, 0
31501, 11686635, 0, 0, 0
31543, 381691, 1, 0, 0
31601, 11002372, 0, 0, 0
31705, 11489645, 0, 0, 0
31726, 384694, 1, 0, 0
31806, 9926588, 0, 0, 0
31840, 381989, 1, 0, 0
31902, 10549207, 0, 0, 0
32009, 10627660, 0, 0, 0
32051, 382869, 1, 0, 0
32105, 10579386, 0, 0, 0
32179, 410405, 1, 0, 0
32202, 10715361, 0, 0, 0
32202, 381287, 1, 0, 0
32309, 10490862, 0, 0, 0
32328, 380636, 1, 0, 0
32402, 10066842, 0, 0, 0
32719, 63436476, 0, 0, 0
32789, 391589, 1, 0, 0
33889, 584669027, 0, 0, 0
33910, 10846755, 0, 0, 0
33940, 386125, 1, 0, 0
34004, 11632062, 0, 0, 0
34110, 11707956, 0, 0, 0
34206, 19251907, 0, 0, 0
34261, 402524, 1, 0, 0
34305, 10931421, 0, 0, 0
36709, 1201841222, 0, 0, 0
37056, 347016411, 0, 0, 0
37307, 251514067, 0, 0, 0
39500, 2192782752, 0, 0, 0
39677, 88543708, 0, 0, 0
44808, 5131432053, 0, 0, 0
45023, 214628253, 0, 0, 0
45024, 431050, 1, 0, 0
45102, 78562122, 0, 0, 0
49203, 4100733989, 0, 0, 0
49336, 133187434, 0, 0, 0
49510, 173770741, 0, 0, 0
49715, 205472305, 0, 0, 0
49716, 418621, 1, 0, 0
49813, 97374054, 0, 0, 0
55560, 5746821325, 0, 0, 0
55644, 83774741, 0, 0, 0
60463, 4819228483, 0, 0, 0
61620, 1157081445, 0, 0, 0
61632, 397808, 1, 0, 0
61714, 13242929, 0, 0, 0
61792, 379282, 1, 0, 0
61803, 11031488, 0, 0, 0
61804, 379447, 1, 0, 0
61926, 13331770, 0, 0, 0
61926, 379262, 1, 0, 0
62002, 12540992, 0, 0, 0
62049, 380383, 1, 0, 0
62109, 13256716, 0, 0, 0
62135, 390539, 1, 0, 0
62203, 10320428, 0, 0, 0
62222, 375300, 1, 0, 0
62309, 11486068, 0, 0, 0
62323, 368847, 1, 0, 0
62402, 15405605, 0, 0, 0
62439, 389738, 1, 0, 0
62508, 11724207, 0, 0, 0
62508, 379069, 1, 0, 0
62602, 13424134, 0, 0, 0
63479, 877165962, 0, 0, 0
63500, 10452737, 0, 0, 0
63514, 381052, 1, 0, 0
63604, 12830162, 0, 0, 0
63704, 11045860, 0, 0, 0
63704, 386783, 1, 0, 0
63804, 10766561, 0, 0, 0
64207, 57615765, 0, 0, 0
64615, 407375813, 0, 0, 0
64634, 381789, 1, 0, 0
64707, 13070142, 0, 0, 0
64718, 396232, 1, 0, 0
64809, 11194124, 0, 0, 0
64848, 380028, 1, 0, 0
64900, 10057086, 0, 0, 0
64928, 402428, 1, 0, 0
65011, 9899164, 0, 0, 0
65023, 371847, 1, 0, 0
65111, 10844626, 0, 0, 0
65182, 377303, 1, 0, 0
65203, 11395127, 0, 0, 0
65312, 12112883, 0, 0, 0
65360, 372898, 1, 0, 0
65401, 12709541, 0, 0, 0
65402, 381325, 1, 0, 0
65522, 11988809, 0, 0, 0
65523, 377740, 1, 0, 0
66173, 80945570, 0, 0, 0
66204, 10356014, 0, 0, 0
66215, 378308, 1, 0, 0
66302, 10714235, 0, 0, 0
66348, 376774, 1, 0, 0
66401, 10806736, 0, 0, 0
66401, 374197, 1, 0, 0
66504, 10256161, 0, 0, 0
66531, 407106, 1, 0, 0
66604, 9979159, 0, 0, 0
66605, 388554, 1, 0, 0
67389, 391933061, 0, 0, 0
67406, 8931376, 0, 0, 0
67440, 399534, 1, 0, 0
67507, 11038268, 0, 0, 0
67552, 389758, 1, 0, 0
67611, 11460632, 0, 0, 0
67646, 379178, 1, 0, 0
67700, 10984446, 0, 0, 0
67802, 11332445, 0, 0, 0
67826, 378690, 1, 0, 0
67924, 40510405, 0, 0, 0
70949, 1512394446, 0, 0, 0
71001, 10532704, 0, 0, 0
71014, 412590, 1, 0, 0
71109, 10533191, 0, 0, 0
71195, 384030, 1, 0, 0
71209, 9963558, 0, 0, 0
71236, 399356, 1, 0, 0
71309, 11001607, 0, 0, 0
71310, 381307, 1, 0, 0
71408, 10798851, 0, 0, 0
71456, 387586, 1, 0, 0
71501, 10319121, 0, 0, 0
71608, 10701704, 0, 0, 0
71608, 382102, 1, 0, 0
71703, 9335802, 0, 0, 0
71767, 383434, 1, 0, 0
71810, 10613843, 0, 0, 0
71874, 382709, 1, 0, 0
71904, 11761995, 0, 0, 0
77690, 5785350389, 0, 0, 0
77690, 412636, 1, 0, 0
77779, 88255298, 0, 0, 0
77779, 406942, 1, 0, 0
79836, 2057077537, 0, 0, 0
79837, 442541, 1, 0, 0
79949, 112593582, 0, 0, 0
85595, 5645898731, 0, 0, 0
85692, 96797915, 0, 0, 0
85778, 86414718, 0, 0, 0
85895, 116605399, 0, 0, 0
89040, 3145051717, 0, 0, 0
89123, 82855023, 0, 0, 0
89123, 401344, 1, 0, 0
89468, 343771438, 0, 0, 0
89516, 48250811, 0, 0, 0
89516, 400391, 1, 0, 0
91745, 2228262252, 0, 0, 0
91829, 84583201, 0, 0, 0
91830, 421920, 1, 0, 0
93759, 1929236474, 0, 0, 0
93845, 85977071, 0, 0, 0
97451, 3606348614, 0, 0, 0
97504, 10632103, 0, 0, 0
97576, 382492, 1, 0, 0
97604, 9837063, 0, 0, 0
97614, 384037, 1, 0, 0
97700, 11892458, 0, 0, 0
97700, 385450, 1, 0, 0
97804, 14767096, 0, 0, 0
97816, 383077, 1, 0, 0
97942, 19498653, 0, 0, 0
98299, 357540616, 0, 0, 0
98300, 406763, 1, 0, 0
98307, 7125126, 0, 0, 0
98413, 13212393, 0, 0, 0
98414, 379493, 1, 0, 0
98509, 10550332, 0, 0, 0
98521, 375092, 1, 0, 0
98610, 11102082, 0, 0, 0
98650, 388589, 1, 0, 0
98706, 10619029, 0, 0, 0
98715, 403564, 1, 0, 0
98802, 9592447, 0, 0, 0
98803, 377363, 1, 0, 0
98906, 10191167, 0, 0, 0
98914, 382214, 1, 0, 0
99006, 10004869, 0, 0, 0
99007, 383165, 1, 0, 0
99105, 10808949, 0, 0, 0
99203, 10858812, 0, 0, 0
99226, 387797, 1, 0, 0
99423, 54927122, 0, 0, 0
99506, 82492134, 0, 0, 0
99684, 178525315, 0, 0, 0
99685, 399821, 1, 0, 0
99707, 11433979, 0, 0, 0
99731, 392196, 1, 0, 0
99810, 10202995, 0, 0, 0
99906, 11984339, 0, 0, 0
99994, 383795, 1, 0, 0
100005, 10969202, 0, 0, 0
100013, 385961, 1, 0, 0
100109, 10284253, 0, 0, 0
100109, 379400, 1, 0, 0
100262, 50629607, 0, 0, 0
100370, 108464306, 0, 0, 0
103392, 3021850147, 0, 0, 0
103501, 108887375, 0, 0, 0
104592, 1090723105, 0, 0, 0
104613, 20844159, 0, 0, 0
104666, 386533, 1, 0, 0
104711, 10849025, 0, 0, 0
104721, 419771, 1, 0, 0
104807, 10603517, 0, 0, 0
104815, 376422, 1, 0, 0
104909, 10084586, 0, 0, 0
105004, 10650042, 0, 0, 0
105014, 391135, 1, 0, 0
105100, 10526927, 0, 0, 0
105200, 11057091, 0, 0, 0
105200, 379383, 1, 0, 0
105305, 11387975, 0, 0, 0
105330, 376244, 1, 0, 0
105406, 16842792, 0, 0, 0
105407, 396126, 1, 0, 0
106888, 1479967028, 0, 0, 0
106888, 399021, 1, 0, 0
106908, 10134624, 0, 0, 0
106951, 402119, 1, 0, 0
107008, 10925978, 0, 0, 0
107076, 380206, 1, 0, 0
107107, 9825670, 0, 0, 0
107138, 405488, 1, 0, 0
107200, 10237177, 0, 0, 0
107309, 10962466, 0, 0, 0
107310, 382294, 1, 0, 0
107453, 143441387, 0, 0, 0
107494, 382110, 1, 0, 0
107507, 13324094, 0, 0, 0
107536, 375875, 1, 0, 0
107604, 10633984, 0, 0, 0
107705, 10115588, 0, 0, 0
107705, 397630, 1, 0, 0
107802, 10643154, 0, 0, 0
107855, 387811, 1, 0, 0
107902, 10972100, 0, 0, 0
107902, 381876, 1, 0, 0
108030, 25561338, 0, 0, 0
109723, 846364378, 0, 0, 0
109724, 411981, 1, 0, 0
109850, 126282523, 0, 0, 0
109850, 394946, 1, 0, 0
109937, 85988600, 0, 0, 0
114285, 4348108849, 0, 0, 0
114322, 37470492, 0, 0, 0
124155, 9832957707, 0, 0, 0
124208, 10566424, 0, 0, 0
124232, 395362, 1, 0, 0
124303, 11770010, 0, 0, 0
124407, 14851362, 0, 0, 0
124418, 382147, 1, 0, 0
124506, 10923583, 0, 0, 0
124531, 417295, 1, 0, 0
124603, 13781513, 0, 0, 0
124839, 78594804, 0, 0, 0
124942, 103760952, 0, 0, 0
124943, 398976, 1, 0, 0
131216, 6272734463, 0, 0, 0
131287, 393977, 1, 0, 0
131309, 11556004, 0, 0, 0
131348, 397333, 1, 0, 0
131408, 12263741, 0, 0, 0
131511, 10345540, 0, 0, 0
131531, 392630, 1, 0, 0
131602, 11344239, 0, 0, 0
131702, 14184095, 0, 0, 0
131809, 11906938, 0, 0, 0
131833, 390288, 1, 0, 0
131902, 10109187, 0, 0, 0
131902, 385312, 1, 0, 0
132000, 12105868, 0, 0, 0
132001, 388665, 1, 0, 0
132103, 10077165, 0, 0, 0
132103, 386569, 1, 0, 0
132209, 10454501, 0, 0, 0
132223, 380993, 1, 0, 0
132311, 11343786, 0, 0, 0
132338, 388457, 1, 0, 0
132406, 11813873, 0, 0, 0
132407, 376707, 1, 0, 0
132509, 11305462, 0, 0, 0
132608, 10994557, 0, 0, 0
132660, 385011, 1, 0, 0
132703, 11713486, 0, 0, 0
132815, 27832620, 0, 0, 0
134110, 1295741848, 0, 0, 0
134111, 393609, 1, 0, 0
137830, 3719298793, 0, 0, 0
137879, 394501, 1, 0, 0
137901, 10004329, 0, 0, 0
137946, 384952, 1, 0, 0
138004, 11305988, 0, 0, 0
138023, 383486, 1, 0, 0
138102, 9644047, 0, 0, 0
138113, 383261, 1, 0, 0
138205, 11209791, 0, 0, 0
138228, 380548, 1, 0, 0
138304, 10931062, 0, 0, 0
138304, 384283, 1, 0, 0
138400, 10523607, 0, 0, 0
138480, 388102, 1, 0, 0
138505, 9568102, 0, 0, 0
138592, 382016, 1, 0, 0
138602, 10672966, 0, 0, 0
138602, 385128, 1, 0, 0
138706, 10252730, 0, 0, 0
138739, 379670, 1, 0, 0
139377, 95567085, 0, 0, 0
139408, 15368254, 0, 0, 0
139416, 387512, 1, 0, 0
139503, 10374587, 0, 0, 0
139566, 382919, 1, 0, 0
139606, 10277090, 0, 0, 0
139607, 381349, 1, 0, 0
139707, 10999851, 0, 0, 0
139717, 384635, 1, 0, 0
139881, 19351757, 0, 0, 0
141000, 1118995021, 0, 0, 0
141332, 55277456, 0, 0, 0
141343, 383845, 1, 0, 0
141401, 11375581, 0, 0, 0
141402, 384261, 1, 0, 0
141592, 47391006, 0, 0, 0
142226, 634376004, 0, 0, 0
142254, 394999, 1, 0, 0
142308, 13457700, 0, 0, 0
142317, 393726, 1, 0, 0
142410, 11148534, 0, 0, 0
142462, 382192, 1, 0, 0
142504, 13300370, 0, 0, 0
142504, 391997, 1, 0, 0
142608, 11466902, 0, 0, 0
143457, 141528729, 0, 0, 0
143497, 390656, 1, 0, 0
143517, 11823806, 0, 0, 0
143526, 380675, 1, 0, 0
143609, 11366390, 0, 0, 0
143686, 385194, 1, 0, 0
143708, 10847753, 0, 0, 0
143802, 11693588, 0, 0, 0
152051, 1178399165, 0, 0, 0
152200, 148811951, 0, 0, 0
157635, 2717754036, 0, 0, 0
157702, 11200659, 0, 0, 0
157713, 386383, 1, 0, 0
157811, 11846912, 0, 0, 0
157811, 378131, 1, 0, 0
157907, 9539389, 0, 0, 0
157929, 378515, 1, 0, 0
158016, 13474782, 0, 0, 0
160429, 1206838273, 0, 0, 0
160430, 439173, 1, 0, 0
160531, 25383992, 0, 0, 0
160532, 398702, 1, 0, 0
162708, 2175957048, 0, 0, 0
162803, 10643234, 0, 0, 0
162851, 404670, 1, 0, 0
162904, 10945104, 0, 0, 0
163004, 12522716, 0, 0, 0
163004, 381535, 1, 0, 0
163150, 15991251, 0, 0, 0
165537, 2386812261, 0, 0, 0
165577, 377172, 1, 0, 0
165610, 14480019, 0, 0, 0
165611, 391234, 1, 0, 0
165706, 10421867, 0, 0, 0
165819, 12508187, 0, 0, 0
165819, 379321, 1, 0, 0
167547, 1728319212, 0, 0, 0
167603, 11051443, 0, 0, 0
167603, 407196, 1, 0, 0
167704, 10108908, 0, 0, 0
167750, 370327, 1, 0, 0
167813, 10764836, 0, 0, 0
167900, 10955967, 0, 0, 0
167901, 384692, 1, 0, 0
168003, 11253128, 0, 0, 0
168003, 382794, 1, 0, 0
171097, 1031373322, 0, 0, 0
171107, 10275539, 0, 0, 0
171175, 412200, 1, 0, 0
171207, 11001251, 0, 0, 0
171224, 382404, 1, 0, 0
171304, 9668243, 0, 0, 0
171312, 399384, 1, 0, 0
171410, 10490912, 0, 0, 0
171447, 389115, 1, 0, 0
171503, 10215006, 0, 0, 0
171578, 390143, 1, 0, 0
172244, 92602391, 0, 0, 0
172270, 404989, 1, 0, 0
172308, 10454331, 0, 0, 0
172339, 380545, 1, 0, 0
172406, 13715129, 0, 0, 0
172416, 376883, 1, 0, 0
172509, 12735004, 0, 0, 0
172529, 384797, 1, 0, 0
172670, 40238523, 0, 0, 0
172708, 7489718, 0, 0, 0
172752, 380993, 1, 0, 0
172808, 11070300, 0, 0, 0
172809, 384217, 1, 0, 0
172902, 12937278, 0, 0, 0
172922, 380276, 1, 0, 0
173006, 10280635, 0, 0, 0
173073, 386799, 1, 0, 0
174151, 114434962, 0, 0, 0
174203, 10306945, 0, 0, 0
174286, 387324, 1, 0, 0
174304, 12615381, 0, 0, 0
174323, 405776, 1, 0, 0
174400, 11927375, 0, 0, 0
174464, 381834, 1, 0, 0
174500, 10967477, 0, 0, 0
174577, 396037, 1, 0, 0
174607, 10708987, 0, 0, 0
174608, 390059, 1, 0, 0
174707, 10841663, 0, 0, 0
174783, 382006, 1, 0, 0
174803, 13569673, 0, 0, 0
174814, 386901, 1, 0, 0
174907, 10340259, 0, 0, 0
174939, 385615, 1, 0, 0
175004, 12099540, 0, 0, 0
175016, 379892, 1, 0, 0
175181, 25111626, 0, 0, 0
175181, 412132, 1, 0, 0
175885, 704189977, 0, 0, 0
175907, 10878051, 0, 0, 0
176006, 11035563, 0, 0, 0
176007, 384745, 1, 0, 0
176106, 10838182, 0, 0, 0
176157, 390172, 1, 0, 0
176200, 10411988, 0, 0, 0
176201, 402843, 1, 0, 0
176309, 10863146, 0, 0, 0
179961, 3652174642, 0, 0, 0
179962, 421207, 1, 0, 0
180007, 14945409, 0, 0, 0
