500, 20, 0, 0, 0
1100, 20, 0, 0, 0
2400, 10, 0, 0, 0
2500, 10, 0, 0, 0
2500, 10, 1, 0, 0
2900, 20, 0, 0, 0
3000, 20, 0, 0, 0
3000, 20, 1, 0, 0
4400, 10, 0, 0, 0
4800, 20, 0, 0, 0
5600, 10, 0, 0, 0
5900, 10, 0, 0, 0
6000, 10, 0, 0, 0
6100, 20, 0, 0, 0
6100, 10, 1, 0, 0
9500, 10, 0, 0, 0
9500, 10, 1, 0, 0
10100, 10, 0, 0, 0
10200, 10, 0, 0, 0
11300, 10, 0, 0, 0
11400, 30, 0, 0, 0
11400, 20, 1, 0, 0
11900, 10, 0, 0, 0
11900, 10, 1, 0, 0
12000, 20, 0, 0, 0
12000, 10, 1, 0, 0
12100, 10, 0, 0, 0
12800, 10, 0, 0, 0
12800, 10, 1, 0, 0
12900, 10, 0, 0, 0
13300, 10, 0, 0, 0
13400, 10, 0, 0, 0
13400, 10, 1, 0, 0
13500, 20, 0, 0, 0
13500, 10, 1, 0, 0
14600, 10, 0, 0, 0
14700, 10, 0, 0, 0
14700, 10, 1, 0, 0
15000, 10, 0, 0, 0
15100, 10, 0, 0, 0
15200, 20, 0, 0, 0
15400, 20, 0, 0, 0
15400, 10, 1, 0, 0
17100, 10, 0, 0, 0
18200, 10, 0, 0, 0
18700, 10, 0, 0, 0
19500, 30, 0, 0, 0
19500, 10, 1, 0, 0
20200, 20, 0, 0, 0
21200, 20, 0, 0, 0
22700, 10, 0, 0, 0
22700, 10, 1, 0, 0
22800, 10, 0, 0, 0
23900, 20, 0, 0, 0
26000, 10, 0, 0, 0
26000, 10, 1, 0, 0
26100, 10, 0, 0, 0
26100, 10, 1, 0, 0
27400, 20, 0, 0, 0
27400, 10, 1, 0, 0
28800, 20, 0, 0, 0
28900, 10, 0, 0, 0
30400, 10, 0, 0, 0
30900, 10, 0, 0, 0
31100, 60, 0, 0, 0
31100, 50, 1, 0, 0
31200, 90, 0, 0, 0
31200, 10, 1, 0, 0
31300, 90, 0, 0, 0
31300, 20, 1, 0, 0
31400, 100, 0, 0, 0
31400, 60, 1, 0, 0
31500, 90, 0, 0, 0
31500, 10, 1, 0, 0
31600, 110, 0, 0, 0
31600, 70, 1, 0, 0
31700, 90, 0, 0, 0
31700, 40, 1, 0, 0
31800, 120, 0, 0, 0
31900, 100, 0, 0, 0
31900, 10, 1, 0, 0
32000, 100, 0, 0, 0
32000, 20, 1, 0, 0
32100, 90, 0, 0, 0
32200, 101, 0, 0, 0
32300, 90, 0, 0, 0
32300, 10, 1, 0, 0
32400, 90, 0, 0, 0
32400, 10, 1, 0, 0
32500, 100, 0, 0, 0
32500, 30, 1, 0, 0
32600, 100, 0, 0, 0
32600, 50, 1, 0, 0
32700, 100, 0, 0, 0
32800, 100, 0, 0, 0
32800, 40, 1, 0, 0
32900, 100, 0, 0, 0
32900, 40, 1, 0, 0
33000, 90, 0, 0, 0
33000, 10, 1, 0, 0
33100, 80, 0, 0, 0
33100, 60, 1, 0, 0
33500, 10, 0, 0, 0
34000, 90, 0, 0, 0
34000, 60, 1, 0, 0
34100, 100, 0, 0, 0
34100, 20, 1, 0, 0
34200, 100, 0, 0, 0
34200, 50, 1, 0, 0
34300, 100, 0, 0, 0
34300, 40, 1, 0, 0
34400, 90, 0, 0, 0
34400, 20, 1, 0, 0
37200, 10, 0, 0, 0
37400, 10, 0, 0, 0
39200, 70, 0, 0, 0
39200, 20, 1, 0, 0
39300, 90, 0, 0, 0
39300, 20, 1, 0, 0
39400, 100, 0, 0, 0
39400, 40, 1, 0, 0
39500, 90, 0, 0, 0
39600, 10, 0, 0, 0
41100, 10, 0, 0, 0
41200, 20, 0, 0, 0
41200, 20, 1, 0, 0
42800, 20, 0, 0, 0
43400, 30, 0, 0, 0
43500, 100, 0, 0, 0
43500, 50, 1, 0, 0
43600, 120, 0, 0, 0
43600, 50, 1, 0, 0
43700, 100, 0, 0, 0
43700, 20, 1, 0, 0
43800, 80, 0, 0, 0
43800, 30, 1, 0, 0
43900, 20, 0, 0, 0
46300, 10, 0, 0, 0
46400, 10, 0, 0, 0
46600, 10, 0, 0, 0
46801, 10, 0, 0, 0
46900, 10, 0, 0, 0
47600, 10, 0, 0, 0
47700, 10, 0, 0, 0
50000, 20, 0, 0, 0
52000, 10, 0, 0, 0
52100, 20, 0, 0, 0
52200, 10, 0, 0, 0
53700, 10, 0, 0, 0
53800, 10, 0, 0, 0
53900, 10, 0, 0, 0
54000, 20, 0, 0, 0
56700, 10, 0, 0, 0
57700, 10, 0, 0, 0
60000, 20, 0, 0, 0
60000, 10, 1, 0, 0
60100, 10, 0, 0, 0
63300, 20, 0, 0, 0
63400, 20, 0, 0, 0
64800, 20, 0, 0, 0
65100, 20, 0, 0, 0
65200, 80, 0, 0, 0
65200, 20, 1, 0, 0
65300, 80, 0, 0, 0
65300, 20, 1, 0, 0
65400, 100, 0, 0, 0
65400, 20, 1, 0, 0
65500, 70, 0, 0, 0
65500, 40, 1, 0, 0
65600, 80, 0, 0, 0
65600, 50, 1, 0, 0
65701, 30, 0, 0, 0
65701, 20, 1, 0, 0
65900, 20, 0, 0, 0
66000, 90, 0, 0, 0
66000, 40, 1, 0, 0
66100, 80, 0, 0, 0
66100, 60, 1, 0, 0
66200, 80, 0, 0, 0
66200, 10, 1, 0, 0
66300, 70, 0, 0, 0
66300, 10, 1, 0, 0
66400, 80, 0, 0, 0
66400, 20, 1, 0, 0
66500, 90, 0, 0, 0
66500, 10, 1, 0, 0
66600, 110, 0, 0, 0
66600, 20, 1, 0, 0
66700, 90, 0, 0, 0
66700, 30, 1, 0, 0
66800, 110, 0, 0, 0
66800, 50, 1, 0, 0
66900, 70, 0, 0, 0
66900, 20, 1, 0, 0
69400, 10, 0, 0, 0
69500, 10, 0, 0, 0
70400, 10, 0, 0, 0
70400, 10, 1, 0, 0
70500, 10, 0, 0, 0
72700, 10, 0, 0, 0
72700, 10, 1, 0, 0
72900, 10, 0, 0, 0
72900, 10, 1, 0, 0
73500, 50, 0, 0, 0
73600, 90, 0, 0, 0
73600, 10, 1, 0, 0
73700, 110, 0, 0, 0
73700, 50, 1, 0, 0
73800, 100, 0, 0, 0
73800, 70, 1, 0, 0
73900, 90, 0, 0, 0
73900, 10, 1, 0, 0
74001, 10, 0, 0, 0
79300, 10, 0, 0, 0
79400, 10, 0, 0, 0
79500, 10, 0, 0, 0
80400, 10, 0, 0, 0
80600, 10, 0, 0, 0
81300, 40, 0, 0, 0
81400, 10, 0, 0, 0
81400, 10, 1, 0, 0
82900, 10, 0, 0, 0
83000, 90, 0, 0, 0
83000, 20, 1, 0, 0
83100, 110, 0, 0, 0
83100, 80, 1, 0, 0
83200, 120, 0, 0, 0
83200, 40, 1, 0, 0
83300, 110, 0, 0, 0
83300, 50, 1, 0, 0
83400, 110, 0, 0, 0
83400, 10, 1, 0, 0
84700, 10, 0, 0, 0
84900, 10, 0, 0, 0
84900, 10, 1, 0, 0
86800, 10, 0, 0, 0
87600, 10, 0, 0, 0
89500, 10, 0, 0, 0
89600, 110, 0, 0, 0
89600, 20, 1, 0, 0
89700, 100, 0, 0, 0
89700, 30, 1, 0, 0
89800, 120, 0, 0, 0
89800, 30, 1, 0, 0
89900, 120, 0, 0, 0
89900, 10, 1, 0, 0
90000, 60, 0, 0, 0
92100, 10, 0, 0, 0
92100, 20, 1, 0, 0
92200, 10, 0, 0, 0
97800, 10, 0, 0, 0
98000, 30, 0, 0, 0
98000, 10, 1, 0, 0
98600, 30, 0, 0, 0
98600, 20, 1, 0, 0
98700, 90, 0, 0, 0
98800, 110, 0, 0, 0
98800, 50, 1, 0, 0
98900, 120, 0, 0, 0
98900, 20, 1, 0, 0
99000, 110, 0, 0, 0
99000, 10, 1, 0, 0
99100, 90, 0, 0, 0
99100, 20, 1, 0, 0
99500, 50, 0, 0, 0
99500, 20, 1, 0, 0
99600, 20, 0, 0, 0
101400, 10, 0, 0, 0
101500, 10, 0, 0, 0
102800, 10, 0, 0, 0
102900, 10, 0, 0, 0
103000, 10, 0, 0, 0
103000, 10, 1, 0, 0
103200, 50, 0, 0, 0
103300, 90, 0, 0, 0
103300, 40, 1, 0, 0
103400, 70, 0, 0, 0
103400, 10, 1, 0, 0
103500, 100, 0, 0, 0
103500, 40, 1, 0, 0
103600, 70, 0, 0, 0
106900, 10, 0, 0, 0
107000, 20, 0, 0, 0
107000, 20, 1, 0, 0
109600, 20, 0, 0, 0
109600, 10, 1, 0, 0
109700, 10, 0, 0, 0
111300, 70, 0, 0, 0
111300, 20, 1, 0, 0
111400, 70, 0, 0, 0
111400, 20, 1, 0, 0
111500, 90, 0, 0, 0
111500, 30, 1, 0, 0
111600, 90, 0, 0, 0
111600, 20, 1, 0, 0
111700, 60, 0, 0, 0
111700, 20, 1, 0, 0
111800, 10, 0, 0, 0
114100, 10, 0, 0, 0
114400, 10, 0, 0, 0
114700, 80, 0, 0, 0
114700, 20, 1, 0, 0
114800, 90, 0, 0, 0
114800, 10, 1, 0, 0
114900, 20, 0, 0, 0
114900, 10, 1, 0, 0
115000, 10, 0, 0, 0
118500, 80, 0, 0, 0
118500, 10, 1, 0, 0
118601, 90, 0, 0, 0
118601, 30, 1, 0, 0
118700, 90, 0, 0, 0
118700, 10, 1, 0, 0
118800, 110, 0, 0, 0
118800, 30, 1, 0, 0
118900, 70, 0, 0, 0
119000, 10, 0, 0, 0
123200, 10, 0, 0, 0
123300, 50, 0, 0, 0
123300, 20, 1, 0, 0
123400, 100, 0, 0, 0
123400, 20, 1, 0, 0
123500, 90, 0, 0, 0
123700, 20, 0, 0, 0
123800, 70, 0, 0, 0
123900, 10, 0, 0, 0
123900, 10, 1, 0, 0
126300, 20, 0, 0, 0
126300, 20, 1, 0, 0
132300, 30, 0, 0, 0
132400, 90, 0, 0, 0
132400, 30, 1, 0, 0
132500, 90, 0, 0, 0
132600, 80, 0, 0, 0
132600, 20, 1, 0, 0
132700, 100, 0, 0, 0
132700, 30, 1, 0, 0
132800, 20, 0, 0, 0
132900, 30, 0, 0, 0
133200, 100, 0, 0, 0
133300, 100, 0, 0, 0
133300, 20, 1, 0, 0
133400, 90, 0, 0, 0
133400, 40, 1, 0, 0
133501, 110, 0, 0, 0
133501, 40, 1, 0, 0
133600, 40, 0, 0, 0
133600, 40, 1, 0, 0
134500, 30, 0, 0, 0
134600, 90, 0, 0, 0
134600, 30, 1, 0, 0
134700, 100, 0, 0, 0
134700, 10, 1, 0, 0
134800, 100, 0, 0, 0
134800, 20, 1, 0, 0
134900, 40, 0, 0, 0
137400, 70, 0, 0, 0
137400, 20, 1, 0, 0
137500, 90, 0, 0, 0
137500, 30, 1, 0, 0
137600, 90, 0, 0, 0
137700, 90, 0, 0, 0
137700, 10, 1, 0, 0
137800, 70, 0, 0, 0
137800, 10, 1, 0, 0
139700, 10, 0, 0, 0
139700, 10, 1, 0, 0
139800, 10, 0, 0, 0
139800, 10, 1, 0, 0
142500, 20, 0, 0, 0
142500, 10, 1, 0, 0
142600, 70, 0, 0, 0
142600, 20, 1, 0, 0
142700, 100, 0, 0, 0
142700, 30, 1, 0, 0
142800, 80, 0, 0, 0
142800, 20, 1, 0, 0
142900, 90, 0, 0, 0
142900, 10, 1, 0, 0
143000, 30, 0, 0, 0
143100, 10, 0, 0, 0
144600, 40, 0, 0, 0
144700, 90, 0, 0, 0
144700, 10, 1, 0, 0
144800, 90, 0, 0, 0
144800, 30, 1, 0, 0
144900, 100, 0, 0, 0
144900, 20, 1, 0, 0
145000, 100, 0, 0, 0
145100, 10, 0, 0, 0
147600, 40, 0, 0, 0
147600, 10, 1, 0, 0
147700, 90, 0, 0, 0
147800, 90, 0, 0, 0
147900, 100, 0, 0, 0
147900, 60, 1, 0, 0
148000, 90, 0, 0, 0
148000, 30, 1, 0, 0
148100, 30, 0, 0, 0
148100, 10, 1, 0, 0
150400, 30, 0, 0, 0
150400, 20, 1, 0, 0
150500, 110, 0, 0, 0
150500, 40, 1, 0, 0
150600, 90, 0, 0, 0
150600, 10, 1, 0, 0
150700, 100, 0, 0, 0
150700, 20, 1, 0, 0
150800, 90, 0, 0, 0
150800, 20, 1, 0, 0
150900, 40, 0, 0, 0
151000, 10, 0, 0, 0
151800, 100, 0, 0, 0
151800, 20, 1, 0, 0
151900, 90, 0, 0, 0
151900, 20, 1, 0, 0
152000, 100, 0, 0, 0
152000, 30, 1, 0, 0
152100, 90, 0, 0, 0
152100, 40, 1, 0, 0
152200, 60, 0, 0, 0
152200, 10, 1, 0, 0
155500, 10, 0, 0, 0
155500, 10, 1, 0, 0
155600, 20, 0, 0, 0
155600, 30, 1, 0, 0
158700, 10, 0, 0, 0
158800, 10, 0, 0, 0
165100, 10, 0, 0, 0
165200, 10, 0, 0, 0
165900, 60, 0, 0, 0
165900, 30, 1, 0, 0
166000, 90, 0, 0, 0
166000, 30, 1, 0, 0
166100, 80, 0, 0, 0
166201, 90, 0, 0, 0
166201, 10, 1, 0, 0
166300, 80, 0, 0, 0
166300, 30, 1, 0, 0
166400, 10, 0, 0, 0
167200, 40, 0, 0, 0
167200, 10, 1, 0, 0
167300, 100, 0, 0, 0
167300, 40, 1, 0, 0
167400, 100, 0, 0, 0
167400, 50, 1, 0, 0
167500, 80, 0, 0, 0
167601, 40, 0, 0, 0
167601, 20, 1, 0, 0
170800, 20, 0, 0, 0
170800, 10, 1, 0, 0
171200, 90, 0, 0, 0
171200, 40, 1, 0, 0
171300, 90, 0, 0, 0
171400, 90, 0, 0, 0
171400, 20, 1, 0, 0
171500, 120, 0, 0, 0
171500, 40, 1, 0, 0
171600, 40, 0, 0, 0
171600, 20, 1, 0, 0
171800, 10, 0, 0, 0
173600, 20, 0, 0, 0
173800, 10, 0, 0, 0
173800, 10, 1, 0, 0
176200, 100, 0, 0, 0
176200, 40, 1, 0, 0
176300, 100, 0, 0, 0
176300, 20, 1, 0, 0
176400, 130, 0, 0, 0
176400, 30, 1, 0, 0
176500, 120, 0, 0, 0
176500, 40, 1, 0, 0
176601, 60, 0, 0, 0
176601, 10, 1, 0, 0
176800, 10, 0, 0, 0
176900, 10, 0, 0, 0
179200, 40, 0, 0, 0
179300, 130, 0, 0, 0
179400, 90, 0, 0, 0
179400, 50, 1, 0, 0
179500, 100, 0, 0, 0
179500, 20, 1, 0, 0
179600, 80, 0, 0, 0
179600, 10, 1, 0, 0
179700, 10, 0, 0, 0
