449, 449565897, 0, 0, 0
1049, 299738989, 0, 0, 0
2342, 646779009, 0, 0, 0
2428, 86120565, 0, 0, 0
2429, 448189, 1, 0, 0
2802, 372929503, 0, 0, 0
2976, 86941600, 0, 0, 0
2976, 409950, 1, 0, 0
4336, 679919045, 0, 0, 0
4727, 390504258, 0, 0, 0
5537, 405260182, 0, 0, 0
5861, 323921301, 0, 0, 0
5940, 78899651, 0, 0, 0
6010, 69852185, 0, 0, 0
6020, 406425, 1, 0, 0
9432, 1711009554, 0, 0, 0
9433, 513866, 1, 0, 0
10038, 604961299, 0, 0, 0
10112, 73704478, 0, 0, 0
11283, 1170933812, 0, 0, 0
11317, 34248668, 0, 0, 0
11317, 536023, 1, 0, 0
11890, 190659621, 0, 0, 0
11890, 420303, 1, 0, 0
11938, 48224969, 0, 0, 0
11964, 428420, 1, 0, 0
12080, 70723966, 0, 0, 0
12752, 672036342, 0, 0, 0
12753, 482936, 1, 0, 0
12824, 71447993, 0, 0, 0
13299, 474798259, 0, 0, 0
13300, 497941, 1, 0, 0
13396, 96537041, 0, 0, 0
13451, 54663504, 0, 0, 0
13451, 396589, 1, 0, 0
14565, 556803043, 0, 0, 0
14674, 109474044, 0, 0, 0
14675, 585074, 1, 0, 0
14973, 297567159, 0, 0, 0
15073, 100017761, 0, 0, 0
15107, 34263257, 0, 0, 0
15367, 130183378, 0, 0, 0
15368, 450399, 1, 0, 0
17095, 863896059, 0, 0, 0
18135, 1039410070, 0, 0, 0
18662, 527041174, 0, 0, 0
19402, 739912429, 0, 0, 0
19410, 431018, 1, 0, 0
20167, 254911682, 0, 0, 0
21102, 467424704, 0, 0, 0
22613, 755431786, 0, 0, 0
22613, 472492, 1, 0, 0
22727, 113566629, 0, 0, 0
23878, 1151255445, 0, 0, 0
25962, 1042023361, 0, 0, 0
25963, 482525, 1, 0, 0
26004, 41166768, 0, 0, 0
26004, 399774, 1, 0, 0
27330, 1326079414, 0, 0, 0
27342, 415673, 1, 0, 0
28703, 686327094, 0, 0, 0
28843, 69637208, 0, 0, 0
30354, 1511733660, 0, 0, 0
30807, 452721806, 0, 0, 0
31038, 231144620, 0, 0, 0
31039, 431461, 1, 0, 0
31103, 10530483, 0, 0, 0
31148, 396286, 1, 0, 0
31212, 12038673, 0, 0, 0
31213, 393170, 1, 0, 0
31301, 9731258, 0, 0, 0
31301, 398434, 1, 0, 0
31407, 10359483, 0, 0, 0
31456, 392840, 1, 0, 0
31502, 10542415, 0, 0, 0
31522, 403213, 1, 0, 0
31606, 9194845, 0, 0, 0
31631, 385205, 1, 0, 0
31702, 10518375, 0, 0, 0
31812, 9148715, 0, 0, 0
31818, 393206, 1, 0, 0
31903, 9111833, 0, 0, 0
31904, 414280, 1, 0, 0
32003, 9832454, 0, 0, 0
32107, 11594416, 0, 0, 0
32211, 10438037, 0, 0, 0
32261, 405130, 1, 0, 0
32305, 10323876, 0, 0, 0
32347, 391443, 1, 0, 0
32400, 10548486, 0, 0, 0
32448, 394060, 1, 0, 0
32505, 10426767, 0, 0, 0
32533, 394915, 1, 0, 0
32606, 9841579, 0, 0, 0
32701, 9463295, 0, 0, 0
32714, 391707, 1, 0, 0
32801, 9912818, 0, 0, 0
32828, 388510, 1, 0, 0
32909, 10571265, 0, 0, 0
32916, 384206, 1, 0, 0
33000, 10145921, 0, 0, 0
33001, 393375, 1, 0, 0
33456, 56717979, 0, 0, 0
33911, 454873834, 0, 0, 0
33912, 399662, 1, 0, 0
34001, 9651643, 0, 0, 0
34080, 391799, 1, 0, 0
34109, 10779119, 0, 0, 0
34119, 382973, 1, 0, 0
34210, 9902428, 0, 0, 0
34219, 387857, 1, 0, 0
34303, 9115087, 0, 0, 0
34314, 383616, 1, 0, 0
37142, 315380594, 0, 0, 0
37390, 247641413, 0, 0, 0
39120, 1729749051, 0, 0, 0
39193, 395648, 1, 0, 0
39202, 11683380, 0, 0, 0
39212, 385154, 1, 0, 0
39301, 10952859, 0, 0, 0
39313, 400428, 1, 0, 0
39408, 10457707, 0, 0, 0
39508, 11114525, 0, 0, 0
41028, 1520450444, 0, 0, 0
41135, 107184028, 0, 0, 0
41136, 391555, 1, 0, 0
42766, 814964918, 0, 0, 0
43367, 300693090, 0, 0, 0
43401, 11267995, 0, 0, 0
43455, 408556, 1, 0, 0
43504, 10050778, 0, 0, 0
43525, 386827, 1, 0, 0
43612, 8863185, 0, 0, 0
43641, 388731, 1, 0, 0
43709, 9624640, 0, 0, 0
43710, 381398, 1, 0, 0
43805, 11882795, 0, 0, 0
46296, 1245458037, 0, 0, 0
46387, 90412865, 0, 0, 0
46543, 156383730, 0, 0, 0
46757, 213401070, 0, 0, 0
46839, 82816081, 0, 0, 0
47556, 716259595, 0, 0, 0
47666, 110537512, 0, 0, 0
49969, 2302501413, 0, 0, 0
51961, 996103518, 0, 0, 0
52047, 85905520, 0, 0, 0
52105, 29320522, 0, 0, 0
53676, 1570905559, 0, 0, 0
53786, 109260157, 0, 0, 0
53875, 89280510, 0, 0, 0
53936, 61241108, 0, 0, 0
56664, 1363772684, 0, 0, 0
57685, 1021120978, 0, 0, 0
59908, 2223219598, 0, 0, 0
59909, 430732, 1, 0, 0
60022, 56455234, 0, 0, 0
63204, 3182641557, 0, 0, 0
63315, 55327853, 0, 0, 0
64727, 706092579, 0, 0, 0
65086, 179487767, 0, 0, 0
65108, 10984626, 0, 0, 0
65132, 423316, 1, 0, 0
65210, 12656604, 0, 0, 0
65267, 394008, 1, 0, 0
65301, 11250560, 0, 0, 0
65316, 389270, 1, 0, 0
65412, 11072200, 0, 0, 0
65413, 386992, 1, 0, 0
65500, 14379231, 0, 0, 0
65514, 389101, 1, 0, 0
65601, 10968630, 0, 0, 0
65601, 382473, 1, 0, 0
65875, 91203787, 0, 0, 0
65908, 16416778, 0, 0, 0
65909, 386491, 1, 0, 0
66003, 10322987, 0, 0, 0
66003, 391156, 1, 0, 0
66100, 11851605, 0, 0, 0
66187, 379543, 1, 0, 0
66211, 13788118, 0, 0, 0
66277, 402482, 1, 0, 0
66322, 15798006, 0, 0, 0
66343, 387729, 1, 0, 0
66401, 9815199, 0, 0, 0
66488, 400014, 1, 0, 0
66507, 11731507, 0, 0, 0
66540, 414592, 1, 0, 0
66607, 9056372, 0, 0, 0
66652, 385143, 1, 0, 0
66700, 11463267, 0, 0, 0
66711, 379503, 1, 0, 0
66800, 8860954, 0, 0, 0
66831, 391067, 1, 0, 0
69392, 324003919, 0, 0, 0
69420, 27982960, 0, 0, 0
70368, 947927659, 0, 0, 0
70369, 466093, 1, 0, 0
70469, 100259783, 0, 0, 0
72687, 2217331996, 0, 0, 0
72687, 467488, 1, 0, 0
72807, 119513151, 0, 0, 0
72807, 455459, 1, 0, 0
73445, 637601602, 0, 0, 0
73502, 11384910, 0, 0, 0
73532, 405986, 1, 0, 0
73608, 11781867, 0, 0, 0
73624, 417980, 1, 0, 0
73706, 8770322, 0, 0, 0
73707, 387087, 1, 0, 0
73805, 9580111, 0, 0, 0
73851, 387418, 1, 0, 0
73905, 11051909, 0, 0, 0
79257, 5351981951, 0, 0, 0
79387, 130260626, 0, 0, 0
79454, 66548379, 0, 0, 0
80334, 880525767, 0, 0, 0
80562, 228122853, 0, 0, 0
81205, 642991614, 0, 0, 0
81325, 29884309, 0, 0, 0
81325, 404990, 1, 0, 0
82881, 1555411137, 0, 0, 0
82914, 32905045, 0, 0, 0
82925, 414304, 1, 0, 0
83005, 10009959, 0, 0, 0
83005, 397834, 1, 0, 0
83106, 8942103, 0, 0, 0
83138, 379953, 1, 0, 0
83204, 8037992, 0, 0, 0
83240, 387495, 1, 0, 0
83305, 8971837, 0, 0, 0
83389, 389359, 1, 0, 0
84700, 126821568, 0, 0, 0
84811, 111142545, 0, 0, 0
84812, 456999, 1, 0, 0
86726, 1914568208, 0, 0, 0
87592, 865253240, 0, 0, 0
89493, 1901766982, 0, 0, 0
89503, 9984989, 0, 0, 0
89516, 391044, 1, 0, 0
89609, 9491362, 0, 0, 0
89627, 402023, 1, 0, 0
89706, 9614724, 0, 0, 0
89746, 390584, 1, 0, 0
89807, 8304066, 0, 0, 0
89884, 387225, 1, 0, 0
89902, 7866833, 0, 0, 0
92049, 357918629, 0, 0, 0
92050, 560194, 1, 0, 0
92117, 67068833, 0, 0, 0
97775, 5657434374, 0, 0, 0
97929, 154433809, 0, 0, 0
97962, 417275, 1, 0, 0
98572, 214000957, 0, 0, 0
98585, 393723, 1, 0, 0
98611, 13017512, 0, 0, 0
98713, 11267307, 0, 0, 0
98713, 384865, 1, 0, 0
98821, 9651139, 0, 0, 0
98846, 392566, 1, 0, 0
98900, 7119632, 0, 0, 0
98912, 398686, 1, 0, 0
99003, 8540268, 0, 0, 0
99042, 383118, 1, 0, 0
99457, 15544195, 0, 0, 0
99475, 391772, 1, 0, 0
99511, 10708615, 0, 0, 0
101356, 922379349, 0, 0, 0
101409, 52665156, 0, 0, 0
102759, 1350178672, 0, 0, 0
102849, 89915440, 0, 0, 0
102915, 66072859, 0, 0, 0
102915, 401893, 1, 0, 0
103153, 237675514, 0, 0, 0
103201, 9492713, 0, 0, 0
103248, 416228, 1, 0, 0
103319, 12958219, 0, 0, 0
103319, 389951, 1, 0, 0
103401, 11748757, 0, 0, 0
103402, 389840, 1, 0, 0
103506, 10272954, 0, 0, 0
106843, 476812066, 0, 0, 0
106933, 89338510, 0, 0, 0
106994, 399104, 1, 0, 0
109545, 1305486905, 0, 0, 0
109545, 464474, 1, 0, 0
109601, 28019017, 0, 0, 0
111220, 1618790994, 0, 0, 0
111221, 491656, 1, 0, 0
111326, 14961129, 0, 0, 0
111326, 397505, 1, 0, 0
111404, 11040993, 0, 0, 0
111416, 397019, 1, 0, 0
111508, 11476425, 0, 0, 0
111538, 391803, 1, 0, 0
111600, 11397904, 0, 0, 0
111601, 394721, 1, 0, 0
111708, 15341329, 0, 0, 0
114033, 2324985201, 0, 0, 0
114374, 340943296, 0, 0, 0
114630, 255798104, 0, 0, 0
114631, 395252, 1, 0, 0
114708, 9569067, 0, 0, 0
114752, 403437, 1, 0, 0
114803, 10511754, 0, 0, 0
114818, 401530, 1, 0, 0
114907, 51976172, 0, 0, 0
118404, 3497277302, 0, 0, 0
118494, 396772, 1, 0, 0
118502, 12190629, 0, 0, 0
118555, 418819, 1, 0, 0
118602, 10934749, 0, 0, 0
118614, 393024, 1, 0, 0
118703, 11208641, 0, 0, 0
118713, 400306, 1, 0, 0
118806, 9204376, 0, 0, 0
118939, 19035951, 0, 0, 0
123166, 4226841483, 0, 0, 0
123249, 82922002, 0, 0, 0
123260, 395608, 1, 0, 0
123310, 12156205, 0, 0, 0
123311, 392306, 1, 0, 0
123405, 9397492, 0, 0, 0
123684, 31020844, 0, 0, 0
123705, 10181238, 0, 0, 0
123872, 23931803, 0, 0, 0
123873, 405425, 1, 0, 0
126243, 2370325760, 0, 0, 0
126273, 453645, 1, 0, 0
132273, 3014472185, 0, 0, 0
132303, 10017919, 0, 0, 0
132361, 407882, 1, 0, 0
132401, 10760386, 0, 0, 0
132501, 11083096, 0, 0, 0
132501, 388152, 1, 0, 0
132607, 13181707, 0, 0, 0
132627, 397157, 1, 0, 0
132706, 9812335, 0, 0, 0
132817, 55416351, 0, 0, 0
133101, 94823328, 0, 0, 0
133205, 10364370, 0, 0, 0
133206, 400424, 1, 0, 0
133304, 9827846, 0, 0, 0
133377, 400768, 1, 0, 0
133401, 10572261, 0, 0, 0
133401, 383024, 1, 0, 0
133500, 9706789, 0, 0, 0
133539, 389714, 1, 0, 0
134480, 195704176, 0, 0, 0
134508, 9550430, 0, 0, 0
134534, 385810, 1, 0, 0
134606, 10748033, 0, 0, 0
134653, 398313, 1, 0, 0
134704, 9706650, 0, 0, 0
134714, 401251, 1, 0, 0
134806, 10138991, 0, 0, 0
137323, 629318426, 0, 0, 0
137366, 400291, 1, 0, 0
137403, 11308554, 0, 0, 0
137404, 385684, 1, 0, 0
137502, 10865918, 0, 0, 0
137602, 11042801, 0, 0, 0
137622, 387638, 1, 0, 0
137701, 10977538, 0, 0, 0
137701, 397068, 1, 0, 0
139616, 273544005, 0, 0, 0
139617, 462271, 1, 0, 0
139718, 101127385, 0, 0, 0
139718, 441763, 1, 0, 0
142469, 2750525353, 0, 0, 0
142488, 412954, 1, 0, 0
142502, 16600755, 0, 0, 0
142503, 414567, 1, 0, 0
142603, 14293483, 0, 0, 0
142604, 408197, 1, 0, 0
142712, 10794022, 0, 0, 0
142736, 383677, 1, 0, 0
142801, 10925350, 0, 0, 0
142889, 398135, 1, 0, 0
142902, 11244718, 0, 0, 0
143015, 37588746, 0, 0, 0
144561, 1546078076, 0, 0, 0
144603, 10475076, 0, 0, 0
144614, 422416, 1, 0, 0
144702, 10950985, 0, 0, 0
144712, 387101, 1, 0, 0
144802, 11015367, 0, 0, 0
144840, 391756, 1, 0, 0
144911, 10825445, 0, 0, 0
145003, 9163041, 0, 0, 0
147563, 2560333677, 0, 0, 0
147564, 420889, 1, 0, 0
147610, 11487260, 0, 0, 0
147702, 10205178, 0, 0, 0
147803, 11231907, 0, 0, 0
147828, 391899, 1, 0, 0
147907, 10151633, 0, 0, 0
147907, 389963, 1, 0, 0
148000, 10278338, 0, 0, 0
148021, 389674, 1, 0, 0
150376, 791836507, 0, 0, 0
150394, 393193, 1, 0, 0
150416, 12859973, 0, 0, 0
150422, 385820, 1, 0, 0
150504, 7844921, 0, 0, 0
150527, 395956, 1, 0, 0
150603, 10995303, 0, 0, 0
150639, 402496, 1, 0, 0
150708, 10399774, 0, 0, 0
150764, 396730, 1, 0, 0
150803, 10537693, 0, 0, 0
150920, 29200781, 0, 0, 0
151713, 792370439, 0, 0, 0
151785, 407686, 1, 0, 0
151802, 8846842, 0, 0, 0
151802, 387368, 1, 0, 0
151908, 11651567, 0, 0, 0
151938, 405650, 1, 0, 0
152011, 10219350, 0, 0, 0
152011, 391143, 1, 0, 0
152107, 10450415, 0, 0, 0
152120, 386164, 1, 0, 0
155496, 564805433, 0, 0, 0
155496, 486373, 1, 0, 0
155548, 51344107, 0, 0, 0
155574, 417822, 1, 0, 0
158634, 1542787260, 0, 0, 0
158748, 113978603, 0, 0, 0
165041, 6292887264, 0, 0, 0
165162, 120639735, 0, 0, 0
165840, 677693769, 0, 0, 0
165840, 410336, 1, 0, 0
165906, 10916505, 0, 0, 0
165948, 399961, 1, 0, 0
166002, 10472562, 0, 0, 0
166104, 12702341, 0, 0, 0
166155, 397287, 1, 0, 0
166202, 10918692, 0, 0, 0
166256, 391586, 1, 0, 0
166339, 17001993, 0, 0, 0
167154, 814257878, 0, 0, 0
167166, 392182, 1, 0, 0
167201, 11674003, 0, 0, 0
167201, 394247, 1, 0, 0
167309, 10668717, 0, 0, 0
167310, 387168, 1, 0, 0
167406, 9453276, 0, 0, 0
167502, 12061627, 0, 0, 0
167503, 389988, 1, 0, 0
170702, 799652615, 0, 0, 0
170702, 432183, 1, 0, 0
171105, 201250908, 0, 0, 0
171105, 436595, 1, 0, 0
171202, 10682078, 0, 0, 0
171308, 11708892, 0, 0, 0
171367, 392137, 1, 0, 0
171401, 10222708, 0, 0, 0
171410, 381229, 1, 0, 0
171507, 8712431, 0, 0, 0
171507, 390681, 1, 0, 0
171783, 68808747, 0, 0, 0
173544, 1761310961, 0, 0, 0
173600, 56079270, 0, 0, 0
173712, 111746632, 0, 0, 0
173712, 406550, 1, 0, 0
176125, 2413042091, 0, 0, 0
176126, 453788, 1, 0, 0
176200, 8105691, 0, 0, 0
176200, 389979, 1, 0, 0
176304, 9366586, 0, 0, 0
176366, 395552, 1, 0, 0
176404, 7607045, 0, 0, 0
176410, 387501, 1, 0, 0
176508, 8548332, 0, 0, 0
176508, 391207, 1, 0, 0
176780, 45335994, 0, 0, 0
176818, 37536779, 0, 0, 0
179164, 2345970222, 0, 0, 0
179202, 9476883, 0, 0, 0
179313, 8554821, 0, 0, 0
179326, 444929, 1, 0, 0
179404, 9915229, 0, 0, 0
179405, 389605, 1, 0, 0
179508, 10306160, 0, 0, 0
179538, 395160, 1, 0, 0
179601, 11523048, 0, 0, 0
181928, 2327330053, 0, 0, 0
