146, 28054, 0, 0, 0
246, 122880, 0, 0, 0
346, 163840, 0, 0, 0
446, 204800, 0, 0, 0
546, 204800, 0, 0, 0
646, 248242, 0, 0, 0
746, 204800, 0, 0, 0
846, 204800, 0, 0, 0
946, 204800, 0, 0, 0
1046, 204800, 0, 0, 0
1146, 81920, 0, 0, 0
1246, 122880, 0, 0, 0
1346, 163840, 0, 0, 0
1446, 204800, 0, 0, 0
1546, 204800, 0, 0, 0
1645, 165494, 0, 0, 0
1745, 204800, 0, 0, 0
1845, 163840, 0, 0, 0
1945, 163840, 0, 0, 0
2045, 204800, 0, 0, 0
2146, 204800, 0, 0, 0
2246, 204800, 0, 0, 0
2346, 163840, 0, 0, 0
2446, 204800, 0, 0, 0
2546, 163840, 0, 0, 0
2646, 204800, 0, 0, 0
2746, 204800, 0, 0, 0
2846, 204800, 0, 0, 0
2946, 204800, 0, 0, 0
3046, 163840, 0, 0, 0
3145, 165494, 0, 0, 0
3245, 204800, 0, 0, 0
3345, 204800, 0, 0, 0
3446, 204800, 0, 0, 0
3546, 122880, 0, 0, 0
3646, 163840, 0, 0, 0
3746, 204800, 0, 0, 0
3846, 163840, 0, 0, 0
3946, 204800, 0, 0, 0
4046, 163840, 0, 0, 0
4146, 163840, 0, 0, 0
4246, 122880, 0, 0, 0
4346, 204800, 0, 0, 0
4446, 163840, 0, 0, 0
4546, 204800, 0, 0, 0
4645, 165494, 0, 0, 0
4745, 204800, 0, 0, 0
4845, 122880, 0, 0, 0
4946, 122880, 0, 0, 0
5046, 204800, 0, 0, 0
5146, 204800, 0, 0, 0
5246, 204800, 0, 0, 0
5346, 204800, 0, 0, 0
5446, 163840, 0, 0, 0
5546, 163840, 0, 0, 0
5646, 204800, 0, 0, 0
5746, 204800, 0, 0, 0
5846, 204800, 0, 0, 0
5946, 204800, 0, 0, 0
6046, 122880, 0, 0, 0
6145, 206868, 0, 0, 0
6245, 204800, 0, 0, 0
6345, 163840, 0, 0, 0
6446, 122880, 0, 0, 0
6546, 163840, 0, 0, 0
6646, 204800, 0, 0, 0
6746, 163840, 0, 0, 0
6846, 163840, 0, 0, 0
6946, 204800, 0, 0, 0
7046, 122880, 0, 0, 0
7145, 165494, 0, 0, 0
7245, 163840, 0, 0, 0
7345, 204800, 0, 0, 0
7445, 204800, 0, 0, 0
7545, 163840, 0, 0, 0
7645, 204800, 0, 0, 0
7746, 163840, 0, 0, 0
7846, 163840, 0, 0, 0
7946, 163840, 0, 0, 0
8046, 163840, 0, 0, 0
8146, 204800, 0, 0, 0
8246, 122880, 0, 0, 0
8346, 122880, 0, 0, 0
8446, 163840, 0, 0, 0
8546, 163840, 0, 0, 0
8645, 165494, 0, 0, 0
8745, 204800, 0, 0, 0
8845, 245760, 0, 0, 0
8945, 204800, 0, 0, 0
9045, 163840, 0, 0, 0
9146, 122880, 0, 0, 0
9246, 204800, 0, 0, 0
9346, 122880, 0, 0, 0
9446, 163840, 0, 0, 0
9546, 163840, 0, 0, 0
9646, 163840, 0, 0, 0
9746, 204800, 0, 0, 0
9846, 163840, 0, 0, 0
9946, 163840, 0, 0, 0
10046, 204800, 0, 0, 0
10145, 165494, 0, 0, 0
10245, 163840, 0, 0, 0
10345, 204800, 0, 0, 0
10445, 204800, 0, 0, 0
10545, 163840, 0, 0, 0
10646, 204800, 0, 0, 0
10746, 163840, 0, 0, 0
10846, 204800, 0, 0, 0
10946, 163840, 0, 0, 0
11046, 122880, 0, 0, 0
11146, 40960, 0, 0, 0
11246, 163840, 0, 0, 0
11346, 204800, 0, 0, 0
11446, 204800, 0, 0, 0
11546, 163840, 0, 0, 0
11645, 206868, 0, 0, 0
11745, 204800, 0, 0, 0
11845, 163840, 0, 0, 0
11946, 163840, 0, 0, 0
12046, 163840, 0, 0, 0
12146, 204800, 0, 0, 0
12246, 204800, 0, 0, 0
12346, 204800, 0, 0, 0
12446, 163840, 0, 0, 0
12546, 204800, 0, 0, 0
12646, 163840, 0, 0, 0
12746, 204800, 0, 0, 0
12846, 204800, 0, 0, 0
12946, 204800, 0, 0, 0
13046, 163840, 0, 0, 0
13145, 165494, 0, 0, 0
13245, 204800, 0, 0, 0
13345, 163840, 0, 0, 0
13446, 163840, 0, 0, 0
13546, 163840, 0, 0, 0
13646, 122880, 0, 0, 0
13746, 204800, 0, 0, 0
13846, 245760, 0, 0, 0
13946, 245760, 0, 0, 0
14046, 40960, 0, 0, 0
14145, 206868, 0, 0, 0
14245, 204800, 0, 0, 0
14345, 122880, 0, 0, 0
14445, 204800, 0, 0, 0
14545, 204800, 0, 0, 0
14645, 204800, 0, 0, 0
14745, 204800, 0, 0, 0
14846, 204800, 0, 0, 0
14946, 163840, 0, 0, 0
15046, 163840, 0, 0, 0
15146, 204800, 0, 0, 0
15246, 204800, 0, 0, 0
15346, 204800, 0, 0, 0
15446, 81920, 0, 0, 0
15546, 204800, 0, 0, 0
15645, 165494, 0, 0, 0
15745, 204800, 0, 0, 0
15845, 204800, 0, 0, 0
15945, 245760, 0, 0, 0
16045, 163840, 0, 0, 0
16146, 204800, 0, 0, 0
16246, 204800, 0, 0, 0
16346, 163840, 0, 0, 0
16446, 204800, 0, 0, 0
16546, 204800, 0, 0, 0
16646, 204800, 0, 0, 0
16746, 163840, 0, 0, 0
16846, 163840, 0, 0, 0
16946, 204800, 0, 0, 0
17046, 245760, 0, 0, 0
17145, 206868, 0, 0, 0
17245, 122880, 0, 0, 0
17345, 245760, 0, 0, 0
17445, 204800, 0, 0, 0
17546, 204800, 0, 0, 0
17646, 122880, 0, 0, 0
17746, 163840, 0, 0, 0
17846, 245760, 0, 0, 0
17946, 163840, 0, 0, 0
18046, 163840, 0, 0, 0
18146, 245760, 0, 0, 0
18246, 204800, 0, 0, 0
18346, 122880, 0, 0, 0
18446, 204800, 0, 0, 0
18546, 81920, 0, 0, 0
18645, 165494, 0, 0, 0
18745, 163840, 0, 0, 0
18845, 286720, 0, 0, 0
18946, 163840, 0, 0, 0
19046, 204800, 0, 0, 0
19146, 122880, 0, 0, 0
19246, 122880, 0, 0, 0
19346, 245760, 0, 0, 0
19446, 245760, 0, 0, 0
19546, 204800, 0, 0, 0
19645, 41373, 0, 0, 0
19745, 81920, 0, 0, 0
19845, 163840, 0, 0, 0
19945, 204800, 0, 0, 0
20045, 163840, 0, 0, 0
20145, 163840, 0, 0, 0
20245, 81920, 0, 0, 0
20346, 204800, 0, 0, 0
20446, 204800, 0, 0, 0
20546, 204800, 0, 0, 0
20646, 163840, 0, 0, 0
20746, 163840, 0, 0, 0
20846, 204800, 0, 0, 0
20946, 204800, 0, 0, 0
21046, 245760, 0, 0, 0
21145, 165494, 0, 0, 0
21245, 163840, 0, 0, 0
21345, 163840, 0, 0, 0
21445, 122880, 0, 0, 0
21545, 163840, 0, 0, 0
21645, 204800, 0, 0, 0
21745, 204800, 0, 0, 0
21846, 204800, 0, 0, 0
21946, 122880, 0, 0, 0
22046, 204800, 0, 0, 0
22146, 163840, 0, 0, 0
22246, 163840, 0, 0, 0
22346, 163840, 0, 0, 0
22446, 204800, 0, 0, 0
22546, 204800, 0, 0, 0
22645, 206868, 0, 0, 0
22745, 163840, 0, 0, 0
22845, 163840, 0, 0, 0
22945, 204800, 0, 0, 0
23045, 204800, 0, 0, 0
23146, 204800, 0, 0, 0
23246, 204800, 0, 0, 0
23346, 204800, 0, 0, 0
23446, 204800, 0, 0, 0
23546, 122880, 0, 0, 0
23646, 204800, 0, 0, 0
23746, 204800, 0, 0, 0
23846, 163840, 0, 0, 0
23946, 245760, 0, 0, 0
24046, 163840, 0, 0, 0
24145, 165494, 0, 0, 0
24245, 204800, 0, 0, 0
24345, 81920, 0, 0, 0
24445, 122880, 0, 0, 0
24545, 163840, 0, 0, 0
24646, 122880, 0, 0, 0
24746, 204800, 0, 0, 0
24846, 163840, 0, 0, 0
24946, 204800, 0, 0, 0
25046, 245760, 0, 0, 0
25146, 163840, 0, 0, 0
25246, 204800, 0, 0, 0
25346, 163840, 0, 0, 0
25446, 204800, 0, 0, 0
25546, 245760, 0, 0, 0
25645, 165494, 0, 0, 0
25745, 163840, 0, 0, 0
25845, 204800, 0, 0, 0
25945, 245760, 0, 0, 0
26045, 204800, 0, 0, 0
26145, 163840, 0, 0, 0
26246, 245760, 0, 0, 0
26346, 204800, 0, 0, 0
26446, 204800, 0, 0, 0
26546, 163840, 0, 0, 0
26646, 204800, 0, 0, 0
26746, 204800, 0, 0, 0
26846, 204800, 0, 0, 0
26946, 81920, 0, 0, 0
27046, 163840, 0, 0, 0
27145, 206868, 0, 0, 0
27245, 204800, 0, 0, 0
27345, 204800, 0, 0, 0
27445, 245760, 0, 0, 0
27545, 163840, 0, 0, 0
27646, 163840, 0, 0, 0
27746, 122880, 0, 0, 0
27846, 81920, 0, 0, 0
27946, 81920, 0, 0, 0
28046, 204800, 0, 0, 0
28146, 204800, 0, 0, 0
28246, 204800, 0, 0, 0
28346, 204800, 0, 0, 0
28446, 245760, 0, 0, 0
28546, 204800, 0, 0, 0
28645, 248242, 0, 0, 0
28745, 163840, 0, 0, 0
28845, 122880, 0, 0, 0
28945, 286720, 0, 0, 0
29045, 163840, 0, 0, 0
29146, 163840, 0, 0, 0
29246, 163840, 0, 0, 0
29346, 122880, 0, 0, 0
29446, 204800, 0, 0, 0
29546, 204800, 0, 0, 0
29646, 204800, 0, 0, 0
29746, 245760, 0, 0, 0
29846, 204800, 0, 0, 0
29946, 81920, 0, 0, 0
30046, 81920, 0, 0, 0
30145, 165494, 0, 0, 0
30245, 245760, 0, 0, 0
30345, 163840, 0, 0, 0
30445, 245760, 0, 0, 0
30545, 163840, 0, 0, 0
30646, 204800, 0, 0, 0
30746, 245760, 0, 0, 0
30846, 204800, 0, 0, 0
30946, 163840, 0, 0, 0
31046, 204800, 0, 0, 0
31146, 204800, 0, 0, 0
31246, 163840, 0, 0, 0
31346, 204800, 0, 0, 0
31446, 204800, 0, 0, 0
31546, 122880, 0, 0, 0
31645, 165494, 0, 0, 0
31745, 163840, 0, 0, 0
31845, 163840, 0, 0, 0
31945, 163840, 0, 0, 0
32045, 163840, 0, 0, 0
32146, 204800, 0, 0, 0
32246, 204800, 0, 0, 0
32346, 204800, 0, 0, 0
32446, 204800, 0, 0, 0
32546, 81920, 0, 0, 0
32646, 204800, 0, 0, 0
32746, 163840, 0, 0, 0
32846, 204800, 0, 0, 0
32946, 204800, 0, 0, 0
33046, 81920, 0, 0, 0
33145, 206868, 0, 0, 0
33245, 245760, 0, 0, 0
33345, 122880, 0, 0, 0
33445, 122880, 0, 0, 0
33546, 40960, 0, 0, 0
33646, 122880, 0, 0, 0
33746, 204800, 0, 0, 0
33846, 163840, 0, 0, 0
33946, 204800, 0, 0, 0
34046, 245760, 0, 0, 0
34146, 40960, 0, 0, 0
34246, 122880, 0, 0, 0
34346, 81920, 0, 0, 0
34446, 122880, 0, 0, 0
34546, 204800, 0, 0, 0
34645, 206868, 0, 0, 0
34745, 204800, 0, 0, 0
34845, 163840, 0, 0, 0
34946, 163840, 0, 0, 0
35046, 204800, 0, 0, 0
35146, 204800, 0, 0, 0
35246, 163840, 0, 0, 0
35346, 204800, 0, 0, 0
35446, 245760, 0, 0, 0
35546, 163840, 0, 0, 0
35646, 122880, 0, 0, 0
35746, 163840, 0, 0, 0
35846, 204800, 0, 0, 0
35946, 245760, 0, 0, 0
36046, 204800, 0, 0, 0
36145, 165494, 0, 0, 0
36245, 163840, 0, 0, 0
36345, 122880, 0, 0, 0
36446, 245760, 0, 0, 0
36546, 245760, 0, 0, 0
36646, 81920, 0, 0, 0
36746, 204800, 0, 0, 0
36846, 122880, 0, 0, 0
36946, 204800, 0, 0, 0
37046, 204800, 0, 0, 0
37146, 204800, 0, 0, 0
37246, 163840, 0, 0, 0
37346, 204800, 0, 0, 0
37446, 245760, 0, 0, 0
37546, 163840, 0, 0, 0
37645, 206868, 0, 0, 0
37745, 204800, 0, 0, 0
37845, 204800, 0, 0, 0
37946, 204800, 0, 0, 0
38046, 204800, 0, 0, 0
38146, 204800, 0, 0, 0
38246, 245760, 0, 0, 0
38346, 204800, 0, 0, 0
38446, 163840, 0, 0, 0
38546, 163840, 0, 0, 0
38646, 245760, 0, 0, 0
38746, 204800, 0, 0, 0
38846, 245760, 0, 0, 0
38946, 245760, 0, 0, 0
39046, 163840, 0, 0, 0
39145, 165494, 0, 0, 0
39245, 245760, 0, 0, 0
39346, 204800, 0, 0, 0
39446, 204800, 0, 0, 0
39546, 204800, 0, 0, 0
39646, 204800, 0, 0, 0
39746, 122880, 0, 0, 0
39846, 163840, 0, 0, 0
39946, 204800, 0, 0, 0
40046, 122880, 0, 0, 0
40145, 165494, 0, 0, 0
40245, 245760, 0, 0, 0
40345, 204800, 0, 0, 0
40445, 204800, 0, 0, 0
40545, 204800, 0, 0, 0
40645, 245760, 0, 0, 0
40746, 122880, 0, 0, 0
40846, 204800, 0, 0, 0
40946, 245760, 0, 0, 0
41046, 40960, 0, 0, 0
41146, 204800, 0, 0, 0
41246, 163840, 0, 0, 0
41346, 163840, 0, 0, 0
41446, 245760, 0, 0, 0
41546, 245760, 0, 0, 0
41645, 165494, 0, 0, 0
41745, 204800, 0, 0, 0
41845, 204800, 0, 0, 0
41945, 81920, 0, 0, 0
42045, 204800, 0, 0, 0
42146, 204800, 0, 0, 0
42246, 204800, 0, 0, 0
42346, 163840, 0, 0, 0
42446, 163840, 0, 0, 0
42546, 204800, 0, 0, 0
42646, 204800, 0, 0, 0
42746, 245760, 0, 0, 0
42846, 163840, 0, 0, 0
42946, 163840, 0, 0, 0
43046, 245760, 0, 0, 0
43145, 165494, 0, 0, 0
43245, 81920, 0, 0, 0
43345, 204800, 0, 0, 0
43445, 163840, 0, 0, 0
43546, 122880, 0, 0, 0
43646, 204800, 0, 0, 0
43746, 163840, 0, 0, 0
43846, 204800, 0, 0, 0
43946, 204800, 0, 0, 0
44046, 204800, 0, 0, 0
44146, 204800, 0, 0, 0
44246, 245760, 0, 0, 0
44346, 245760, 0, 0, 0
44446, 204800, 0, 0, 0
44546, 163840, 0, 0, 0
44645, 206868, 0, 0, 0
44745, 204800, 0, 0, 0
44845, 204800, 0, 0, 0
44945, 204800, 0, 0, 0
45046, 163840, 0, 0, 0
45146, 163840, 0, 0, 0
45246, 245760, 0, 0, 0
45346, 163840, 0, 0, 0
45446, 245760, 0, 0, 0
45546, 163840, 0, 0, 0
45646, 163840, 0, 0, 0
45746, 245760, 0, 0, 0
45846, 204800, 0, 0, 0
45946, 163840, 0, 0, 0
46046, 204800, 0, 0, 0
46145, 165494, 0, 0, 0
46245, 245760, 0, 0, 0
46345, 286720, 0, 0, 0
46445, 245760, 0, 0, 0
46545, 245760, 0, 0, 0
46646, 286720, 0, 0, 0
46746, 245760, 0, 0, 0
46846, 204800, 0, 0, 0
46946, 245760, 0, 0, 0
47046, 245760, 0, 0, 0
47146, 245760, 0, 0, 0
47246, 286720, 0, 0, 0
47346, 245760, 0, 0, 0
47446, 245760, 0, 0, 0
47546, 163840, 0, 0, 0
47645, 206868, 0, 0, 0
47745, 286720, 0, 0, 0
47845, 163840, 0, 0, 0
47945, 204800, 0, 0, 0
48045, 245760, 0, 0, 0
48146, 163840, 0, 0, 0
48246, 204800, 0, 0, 0
48346, 163840, 0, 0, 0
48446, 163840, 0, 0, 0
48546, 163840, 0, 0, 0
48646, 204800, 0, 0, 0
48746, 204800, 0, 0, 0
48846, 163840, 0, 0, 0
48946, 204800, 0, 0, 0
49046, 204800, 0, 0, 0
49145, 165494, 0, 0, 0
49245, 204800, 0, 0, 0
49345, 204800, 0, 0, 0
49445, 204800, 0, 0, 0
49545, 204800, 0, 0, 0
49646, 204800, 0, 0, 0
49746, 204800, 0, 0, 0
49846, 163840, 0, 0, 0
49946, 122880, 0, 0, 0
50046, 204800, 0, 0, 0
50146, 204800, 0, 0, 0
50246, 204800, 0, 0, 0
50346, 204800, 0, 0, 0
50446, 40960, 0, 0, 0
50546, 163840, 0, 0, 0
50645, 206868, 0, 0, 0
50745, 204800, 0, 0, 0
50845, 204800, 0, 0, 0
50946, 204800, 0, 0, 0
51046, 163840, 0, 0, 0
51146, 204800, 0, 0, 0
51246, 204800, 0, 0, 0
51346, 163840, 0, 0, 0
51446, 204800, 0, 0, 0
51546, 163840, 0, 0, 0
51646, 122880, 0, 0, 0
51746, 122880, 0, 0, 0
51846, 204800, 0, 0, 0
51946, 204800, 0, 0, 0
52046, 204800, 0, 0, 0
52145, 206868, 0, 0, 0
52245, 163840, 0, 0, 0
52345, 204800, 0, 0, 0
52446, 204800, 0, 0, 0
52546, 81920, 0, 0, 0
52646, 163840, 0, 0, 0
52746, 204800, 0, 0, 0
52846, 245760, 0, 0, 0
52946, 40960, 0, 0, 0
53046, 204800, 0, 0, 0
53146, 81920, 0, 0, 0
53246, 122880, 0, 0, 0
53346, 122880, 0, 0, 0
53446, 204800, 0, 0, 0
53546, 122880, 0, 0, 0
53645, 206868, 0, 0, 0
53745, 204800, 0, 0, 0
53846, 163840, 0, 0, 0
53946, 204800, 0, 0, 0
54046, 163840, 0, 0, 0
54146, 204800, 0, 0, 0
54246, 163840, 0, 0, 0
54346, 245760, 0, 0, 0
54446, 204800, 0, 0, 0
54546, 163840, 0, 0, 0
54645, 165494, 0, 0, 0
54745, 204800, 0, 0, 0
54845, 204800, 0, 0, 0
54945, 163840, 0, 0, 0
55045, 204800, 0, 0, 0
55146, 204800, 0, 0, 0
55246, 163840, 0, 0, 0
55346, 204800, 0, 0, 0
55446, 204800, 0, 0, 0
55546, 163840, 0, 0, 0
55646, 204800, 0, 0, 0
55746, 163840, 0, 0, 0
55846, 81920, 0, 0, 0
55946, 122880, 0, 0, 0
56046, 122880, 0, 0, 0
56145, 248242, 0, 0, 0
56245, 122880, 0, 0, 0
56345, 245760, 0, 0, 0
56445, 245760, 0, 0, 0
56545, 163840, 0, 0, 0
56646, 163840, 0, 0, 0
56746, 204800, 0, 0, 0
56846, 204800, 0, 0, 0
56946, 204800, 0, 0, 0
57046, 163840, 0, 0, 0
57146, 163840, 0, 0, 0
57246, 204800, 0, 0, 0
57346, 163840, 0, 0, 0
57446, 204800, 0, 0, 0
57546, 163840, 0, 0, 0
57645, 248242, 0, 0, 0
57745, 163840, 0, 0, 0
57845, 163840, 0, 0, 0
57946, 163840, 0, 0, 0
58046, 163840, 0, 0, 0
58146, 163840, 0, 0, 0
58246, 163840, 0, 0, 0
58346, 163840, 0, 0, 0
58446, 204800, 0, 0, 0
58546, 204800, 0, 0, 0
58646, 81920, 0, 0, 0
58746, 163840, 0, 0, 0
58846, 81920, 0, 0, 0
58946, 163840, 0, 0, 0
59046, 245760, 0, 0, 0
59145, 165494, 0, 0, 0
59245, 163840, 0, 0, 0
59346, 245760, 0, 0, 0
59446, 163840, 0, 0, 0
59546, 204800, 0, 0, 0
59646, 204800, 0, 0, 0
59746, 204800, 0, 0, 0
59846, 204800, 0, 0, 0
59946, 163840, 0, 0, 0
60046, 163840, 0, 0, 0
60145, 206868, 0, 0, 0
60245, 204800, 0, 0, 0
60345, 122880, 0, 0, 0
60445, 204800, 0, 0, 0
60545, 122880, 0, 0, 0
60646, 204800, 0, 0, 0
60746, 204800, 0, 0, 0
60846, 204800, 0, 0, 0
60946, 163840, 0, 0, 0
61046, 163840, 0, 0, 0
61146, 122880, 0, 0, 0
61246, 163840, 0, 0, 0
61346, 163840, 0, 0, 0
61446, 204800, 0, 0, 0
61546, 163840, 0, 0, 0
61645, 165494, 0, 0, 0
61745, 163840, 0, 0, 0
61845, 163840, 0, 0, 0
61945, 204800, 0, 0, 0
62045, 163840, 0, 0, 0
62146, 163840, 0, 0, 0
62246, 245760, 0, 0, 0
62346, 204800, 0, 0, 0
62446, 204800, 0, 0, 0
62546, 163840, 0, 0, 0
62646, 204800, 0, 0, 0
62746, 163840, 0, 0, 0
62846, 204800, 0, 0, 0
62946, 204800, 0, 0, 0
63046, 204800, 0, 0, 0
63145, 124121, 0, 0, 0
63245, 204800, 0, 0, 0
63345, 204800, 0, 0, 0
63446, 204800, 0, 0, 0
63546, 122880, 0, 0, 0
63646, 204800, 0, 0, 0
63746, 204800, 0, 0, 0
63846, 122880, 0, 0, 0
63946, 245760, 0, 0, 0
64046, 163840, 0, 0, 0
64146, 81920, 0, 0, 0
64246, 122880, 0, 0, 0
64346, 122880, 0, 0, 0
64446, 122880, 0, 0, 0
64546, 163840, 0, 0, 0
64645, 165494, 0, 0, 0
64745, 204800, 0, 0, 0
64845, 163840, 0, 0, 0
64946, 163840, 0, 0, 0
65046, 204800, 0, 0, 0
65146, 40960, 0, 0, 0
65246, 122880, 0, 0, 0
65346, 122880, 0, 0, 0
65446, 122880, 0, 0, 0
65546, 163840, 0, 0, 0
65646, 163840, 0, 0, 0
65746, 204800, 0, 0, 0
65846, 163840, 0, 0, 0
65946, 122880, 0, 0, 0
66046, 122880, 0, 0, 0
66145, 124121, 0, 0, 0
66245, 163840, 0, 0, 0
66345, 204800, 0, 0, 0
66446, 163840, 0, 0, 0
66546, 204800, 0, 0, 0
66646, 204800, 0, 0, 0
66746, 204800, 0, 0, 0
66846, 163840, 0, 0, 0
66946, 122880, 0, 0, 0
67046, 163840, 0, 0, 0
67145, 124121, 0, 0, 0
67245, 204800, 0, 0, 0
67345, 81920, 0, 0, 0
67445, 245760, 0, 0, 0
67545, 163840, 0, 0, 0
67646, 204800, 0, 0, 0
67746, 245760, 0, 0, 0
67846, 204800, 0, 0, 0
67946, 163840, 0, 0, 0
68046, 204800, 0, 0, 0
68146, 204800, 0, 0, 0
68246, 204800, 0, 0, 0
68346, 204800, 0, 0, 0
68446, 204800, 0, 0, 0
68546, 204800, 0, 0, 0
68645, 206868, 0, 0, 0
68745, 245760, 0, 0, 0
68845, 204800, 0, 0, 0
68946, 204800, 0, 0, 0
69046, 204800, 0, 0, 0
69146, 245760, 0, 0, 0
69246, 204800, 0, 0, 0
69346, 163840, 0, 0, 0
69446, 245760, 0, 0, 0
69546, 122880, 0, 0, 0
69646, 204800, 0, 0, 0
69746, 204800, 0, 0, 0
69846, 204800, 0, 0, 0
69946, 163840, 0, 0, 0
70046, 204800, 0, 0, 0
70145, 165494, 0, 0, 0
70245, 163840, 0, 0, 0
70345, 163840, 0, 0, 0
70446, 204800, 0, 0, 0
70546, 204800, 0, 0, 0
70646, 163840, 0, 0, 0
70746, 204800, 0, 0, 0
70846, 245760, 0, 0, 0
70946, 204800, 0, 0, 0
71046, 163840, 0, 0, 0
71146, 163840, 0, 0, 0
71246, 163840, 0, 0, 0
71346, 245760, 0, 0, 0
71446, 122880, 0, 0, 0
71546, 204800, 0, 0, 0
71645, 248242, 0, 0, 0
71745, 204800, 0, 0, 0
71845, 204800, 0, 0, 0
71946, 204800, 0, 0, 0
72046, 204800, 0, 0, 0
72146, 245760, 0, 0, 0
72246, 163840, 0, 0, 0
72346, 204800, 0, 0, 0
72446, 163840, 0, 0, 0
72546, 204800, 0, 0, 0
72645, 165494, 0, 0, 0
72745, 204800, 0, 0, 0
72845, 204800, 0, 0, 0
72945, 163840, 0, 0, 0
73045, 204800, 0, 0, 0
73145, 204800, 0, 0, 0
73246, 204800, 0, 0, 0
73346, 204800, 0, 0, 0
73446, 163840, 0, 0, 0
73546, 163840, 0, 0, 0
73646, 163840, 0, 0, 0
73746, 204800, 0, 0, 0
73846, 204800, 0, 0, 0
73946, 204800, 0, 0, 0
74046, 81920, 0, 0, 0
74145, 165494, 0, 0, 0
74245, 204800, 0, 0, 0
74345, 163840, 0, 0, 0
74445, 245760, 0, 0, 0
74545, 163840, 0, 0, 0
74646, 163840, 0, 0, 0
74746, 122880, 0, 0, 0
74846, 163840, 0, 0, 0
74946, 163840, 0, 0, 0
75046, 204800, 0, 0, 0
75146, 163840, 0, 0, 0
75246, 122880, 0, 0, 0
75346, 122880, 0, 0, 0
75446, 204800, 0, 0, 0
75546, 245760, 0, 0, 0
75645, 124121, 0, 0, 0
75745, 204800, 0, 0, 0
75845, 204800, 0, 0, 0
75945, 163840, 0, 0, 0
76046, 40960, 0, 0, 0
76146, 204800, 0, 0, 0
76246, 204800, 0, 0, 0
76346, 163840, 0, 0, 0
76446, 163840, 0, 0, 0
76546, 163840, 0, 0, 0
76646, 204800, 0, 0, 0
76746, 204800, 0, 0, 0
76846, 163840, 0, 0, 0
76946, 81920, 0, 0, 0
77046, 163840, 0, 0, 0
77145, 124121, 0, 0, 0
77245, 204800, 0, 0, 0
77345, 163840, 0, 0, 0
77446, 163840, 0, 0, 0
77546, 163840, 0, 0, 0
77646, 204800, 0, 0, 0
77746, 204800, 0, 0, 0
77846, 204800, 0, 0, 0
77946, 204800, 0, 0, 0
78046, 163840, 0, 0, 0
78145, 206868, 0, 0, 0
78245, 204800, 0, 0, 0
78345, 163840, 0, 0, 0
78445, 163840, 0, 0, 0
78545, 204800, 0, 0, 0
78646, 204800, 0, 0, 0
78746, 245760, 0, 0, 0
78846, 204800, 0, 0, 0
78946, 204800, 0, 0, 0
79046, 204800, 0, 0, 0
79146, 204800, 0, 0, 0
79246, 163840, 0, 0, 0
79346, 204800, 0, 0, 0
79446, 286720, 0, 0, 0
79546, 204800, 0, 0, 0
79645, 165494, 0, 0, 0
79745, 204800, 0, 0, 0
79845, 204800, 0, 0, 0
79945, 204800, 0, 0, 0
80045, 122880, 0, 0, 0
80146, 245760, 0, 0, 0
80246, 40960, 0, 0, 0
80346, 245760, 0, 0, 0
80446, 204800, 0, 0, 0
80546, 163840, 0, 0, 0
80646, 163840, 0, 0, 0
80746, 204800, 0, 0, 0
80846, 245760, 0, 0, 0
80946, 204800, 0, 0, 0
81046, 122880, 0, 0, 0
81145, 206868, 0, 0, 0
81245, 204800, 0, 0, 0
81345, 245760, 0, 0, 0
81446, 204800, 0, 0, 0
81546, 204800, 0, 0, 0
81646, 204800, 0, 0, 0
81746, 204800, 0, 0, 0
81846, 163840, 0, 0, 0
81946, 163840, 0, 0, 0
82046, 163840, 0, 0, 0
82146, 204800, 0, 0, 0
82246, 204800, 0, 0, 0
82346, 204800, 0, 0, 0
82446, 163840, 0, 0, 0
82546, 204800, 0, 0, 0
82645, 165494, 0, 0, 0
82745, 204800, 0, 0, 0
82846, 204800, 0, 0, 0
82946, 204800, 0, 0, 0
83046, 163840, 0, 0, 0
83146, 204800, 0, 0, 0
83246, 163840, 0, 0, 0
83346, 204800, 0, 0, 0
83446, 204800, 0, 0, 0
83546, 163840, 0, 0, 0
83645, 165494, 0, 0, 0
83745, 204800, 0, 0, 0
83845, 163840, 0, 0, 0
83945, 163840, 0, 0, 0
84045, 245760, 0, 0, 0
84146, 204800, 0, 0, 0
84246, 163840, 0, 0, 0
84346, 122880, 0, 0, 0
84446, 245760, 0, 0, 0
84546, 163840, 0, 0, 0
84646, 122880, 0, 0, 0
84746, 204800, 0, 0, 0
84846, 163840, 0, 0, 0
84946, 163840, 0, 0, 0
85046, 204800, 0, 0, 0
85145, 206868, 0, 0, 0
85245, 163840, 0, 0, 0
85345, 204800, 0, 0, 0
85445, 163840, 0, 0, 0
85545, 163840, 0, 0, 0
85646, 163840, 0, 0, 0
85746, 122880, 0, 0, 0
85846, 204800, 0, 0, 0
85946, 81920, 0, 0, 0
86046, 81920, 0, 0, 0
86146, 163840, 0, 0, 0
86246, 204800, 0, 0, 0
86346, 204800, 0, 0, 0
86446, 204800, 0, 0, 0
86546, 204800, 0, 0, 0
86645, 165494, 0, 0, 0
86745, 163840, 0, 0, 0
86845, 163840, 0, 0, 0
86946, 163840, 0, 0, 0
87046, 204800, 0, 0, 0
87146, 40960, 0, 0, 0
87246, 204800, 0, 0, 0
87346, 40960, 0, 0, 0
87446, 163840, 0, 0, 0
87546, 163840, 0, 0, 0
87646, 163840, 0, 0, 0
87746, 163840, 0, 0, 0
87846, 204800, 0, 0, 0
87946, 122880, 0, 0, 0
88046, 163840, 0, 0, 0
88145, 165494, 0, 0, 0
88245, 163840, 0, 0, 0
88346, 204800, 0, 0, 0
88446, 163840, 0, 0, 0
88546, 204800, 0, 0, 0
88646, 204800, 0, 0, 0
88746, 122880, 0, 0, 0
88846, 204800, 0, 0, 0
88946, 81920, 0, 0, 0
89046, 122880, 0, 0, 0
89145, 248242, 0, 0, 0
89245, 163840, 0, 0, 0
89345, 204800, 0, 0, 0
89445, 204800, 0, 0, 0
89545, 204800, 0, 0, 0
89645, 122880, 0, 0, 0
89746, 204800, 0, 0, 0
89846, 40960, 0, 0, 0
89946, 204800, 0, 0, 0
90046, 163840, 0, 0, 0
90146, 204800, 0, 0, 0
90246, 122880, 0, 0, 0
90346, 163840, 0, 0, 0
90446, 204800, 0, 0, 0
90546, 204800, 0, 0, 0
90645, 124121, 0, 0, 0
90745, 81920, 0, 0, 0
90845, 163840, 0, 0, 0
90945, 163840, 0, 0, 0
91045, 163840, 0, 0, 0
91146, 204800, 0, 0, 0
91246, 204800, 0, 0, 0
91346, 163840, 0, 0, 0
91446, 204800, 0, 0, 0
91546, 163840, 0, 0, 0
91646, 122880, 0, 0, 0
91746, 163840, 0, 0, 0
91846, 204800, 0, 0, 0
91946, 204800, 0, 0, 0
92046, 163840, 0, 0, 0
92145, 206868, 0, 0, 0
92245, 163840, 0, 0, 0
92345, 204800, 0, 0, 0
92445, 122880, 0, 0, 0
92546, 163840, 0, 0, 0
92646, 204800, 0, 0, 0
92746, 204800, 0, 0, 0
92846, 163840, 0, 0, 0
92946, 204800, 0, 0, 0
93046, 163840, 0, 0, 0
93146, 122880, 0, 0, 0
93246, 245760, 0, 0, 0
93346, 163840, 0, 0, 0
93446, 204800, 0, 0, 0
93546, 81920, 0, 0, 0
93645, 165494, 0, 0, 0
93745, 81920, 0, 0, 0
93845, 204800, 0, 0, 0
93946, 163840, 0, 0, 0
94046, 122880, 0, 0, 0
94146, 204800, 0, 0, 0
94246, 163840, 0, 0, 0
94346, 245760, 0, 0, 0
94446, 163840, 0, 0, 0
94546, 81920, 0, 0, 0
94646, 81920, 0, 0, 0
94746, 163840, 0, 0, 0
94846, 163840, 0, 0, 0
94946, 204800, 0, 0, 0
95046, 204800, 0, 0, 0
95145, 165494, 0, 0, 0
95245, 163840, 0, 0, 0
95345, 204800, 0, 0, 0
95446, 245760, 0, 0, 0
95546, 40960, 0, 0, 0
95646, 122880, 0, 0, 0
95746, 122880, 0, 0, 0
95846, 245760, 0, 0, 0
95946, 163840, 0, 0, 0
96046, 163840, 0, 0, 0
96146, 204800, 0, 0, 0
96246, 163840, 0, 0, 0
96346, 204800, 0, 0, 0
96446, 245760, 0, 0, 0
96546, 204800, 0, 0, 0
96645, 41373, 0, 0, 0
96745, 204800, 0, 0, 0
96845, 204800, 0, 0, 0
96946, 81920, 0, 0, 0
97046, 204800, 0, 0, 0
97146, 122880, 0, 0, 0
97246, 163840, 0, 0, 0
97346, 204800, 0, 0, 0
97446, 204800, 0, 0, 0
97546, 163840, 0, 0, 0
97646, 163840, 0, 0, 0
97746, 204800, 0, 0, 0
97846, 204800, 0, 0, 0
97946, 163840, 0, 0, 0
98046, 81920, 0, 0, 0
98145, 206868, 0, 0, 0
98245, 204800, 0, 0, 0
98346, 245760, 0, 0, 0
98446, 163840, 0, 0, 0
98546, 163840, 0, 0, 0
98646, 163840, 0, 0, 0
98746, 204800, 0, 0, 0
98846, 204800, 0, 0, 0
98946, 245760, 0, 0, 0
99046, 122880, 0, 0, 0
99145, 165494, 0, 0, 0
99245, 163840, 0, 0, 0
99345, 163840, 0, 0, 0
99445, 163840, 0, 0, 0
99545, 245760, 0, 0, 0
99646, 122880, 0, 0, 0
99746, 204800, 0, 0, 0
99846, 204800, 0, 0, 0
99946, 204800, 0, 0, 0
100046, 122880, 0, 0, 0
100146, 204800, 0, 0, 0
100246, 245760, 0, 0, 0
100346, 245760, 0, 0, 0
100446, 163840, 0, 0, 0
100546, 163840, 0, 0, 0
100645, 248242, 0, 0, 0
100745, 204800, 0, 0, 0
100845, 204800, 0, 0, 0
100945, 163840, 0, 0, 0
101046, 163840, 0, 0, 0
101146, 204800, 0, 0, 0
101246, 204800, 0, 0, 0
101346, 245760, 0, 0, 0
101446, 163840, 0, 0, 0
101546, 204800, 0, 0, 0
101646, 245760, 0, 0, 0
101746, 163840, 0, 0, 0
101846, 204800, 0, 0, 0
101946, 163840, 0, 0, 0
102046, 204800, 0, 0, 0
102145, 206868, 0, 0, 0
102245, 204800, 0, 0, 0
102345, 163840, 0, 0, 0
102446, 163840, 0, 0, 0
102546, 163840, 0, 0, 0
102646, 204800, 0, 0, 0
102746, 204800, 0, 0, 0
102846, 204800, 0, 0, 0
102946, 204800, 0, 0, 0
103046, 81920, 0, 0, 0
103145, 206868, 0, 0, 0
103245, 245760, 0, 0, 0
103345, 122880, 0, 0, 0
103445, 163840, 0, 0, 0
103545, 204800, 0, 0, 0
103645, 204800, 0, 0, 0
103745, 204800, 0, 0, 0
103846, 163840, 0, 0, 0
103946, 204800, 0, 0, 0
104046, 122880, 0, 0, 0
104146, 163840, 0, 0, 0
104246, 163840, 0, 0, 0
104346, 122880, 0, 0, 0
104446, 245760, 0, 0, 0
104546, 204800, 0, 0, 0
104645, 248242, 0, 0, 0
104745, 122880, 0, 0, 0
104845, 81920, 0, 0, 0
104945, 204800, 0, 0, 0
105045, 163840, 0, 0, 0
105145, 245760, 0, 0, 0
105246, 204800, 0, 0, 0
105346, 204800, 0, 0, 0
105446, 163840, 0, 0, 0
105546, 204800, 0, 0, 0
105646, 204800, 0, 0, 0
105746, 204800, 0, 0, 0
105846, 204800, 0, 0, 0
105946, 163840, 0, 0, 0
106046, 204800, 0, 0, 0
106145, 248242, 0, 0, 0
106245, 81920, 0, 0, 0
106345, 163840, 0, 0, 0
106445, 204800, 0, 0, 0
106545, 204800, 0, 0, 0
106645, 245760, 0, 0, 0
106745, 204800, 0, 0, 0
106846, 122880, 0, 0, 0
106946, 204800, 0, 0, 0
107046, 204800, 0, 0, 0
107146, 245760, 0, 0, 0
107246, 163840, 0, 0, 0
107346, 204800, 0, 0, 0
107446, 163840, 0, 0, 0
107546, 204800, 0, 0, 0
107645, 165494, 0, 0, 0
107745, 204800, 0, 0, 0
107845, 204800, 0, 0, 0
107945, 163840, 0, 0, 0
108045, 204800, 0, 0, 0
108146, 245760, 0, 0, 0
108246, 204800, 0, 0, 0
108346, 163840, 0, 0, 0
108446, 204800, 0, 0, 0
108546, 122880, 0, 0, 0
108646, 204800, 0, 0, 0
108746, 245760, 0, 0, 0
108846, 204800, 0, 0, 0
108946, 204800, 0, 0, 0
109046, 204800, 0, 0, 0
109145, 165494, 0, 0, 0
109245, 204800, 0, 0, 0
109345, 245760, 0, 0, 0
109445, 204800, 0, 0, 0
109545, 163840, 0, 0, 0
109646, 286720, 0, 0, 0
109746, 204800, 0, 0, 0
109846, 204800, 0, 0, 0
109946, 245760, 0, 0, 0
110046, 163840, 0, 0, 0
110146, 204800, 0, 0, 0
110246, 163840, 0, 0, 0
110346, 163840, 0, 0, 0
110446, 81920, 0, 0, 0
110546, 245760, 0, 0, 0
110645, 206868, 0, 0, 0
110745, 204800, 0, 0, 0
110845, 163840, 0, 0, 0
110946, 245760, 0, 0, 0
111046, 245760, 0, 0, 0
111146, 204800, 0, 0, 0
111246, 163840, 0, 0, 0
111346, 204800, 0, 0, 0
111446, 204800, 0, 0, 0
111546, 286720, 0, 0, 0
111646, 204800, 0, 0, 0
111746, 245760, 0, 0, 0
111846, 245760, 0, 0, 0
111946, 204800, 0, 0, 0
112046, 204800, 0, 0, 0
112145, 165494, 0, 0, 0
112245, 204800, 0, 0, 0
112345, 245760, 0, 0, 0
112446, 245760, 0, 0, 0
112546, 204800, 0, 0, 0
112646, 163840, 0, 0, 0
112746, 204800, 0, 0, 0
112846, 204800, 0, 0, 0
112946, 204800, 0, 0, 0
113046, 204800, 0, 0, 0
113146, 163840, 0, 0, 0
113246, 204800, 0, 0, 0
113346, 245760, 0, 0, 0
113446, 204800, 0, 0, 0
113546, 163840, 0, 0, 0
113645, 206868, 0, 0, 0
113745, 163840, 0, 0, 0
113845, 204800, 0, 0, 0
113946, 245760, 0, 0, 0
114046, 204800, 0, 0, 0
114146, 163840, 0, 0, 0
114246, 204800, 0, 0, 0
114346, 286720, 0, 0, 0
114446, 286720, 0, 0, 0
114546, 245760, 0, 0, 0
114646, 286720, 0, 0, 0
114746, 245760, 0, 0, 0
114846, 286720, 0, 0, 0
114946, 286720, 0, 0, 0
115046, 163840, 0, 0, 0
115145, 248242, 0, 0, 0
115245, 286720, 0, 0, 0
115345, 245760, 0, 0, 0
115446, 286720, 0, 0, 0
115546, 286720, 0, 0, 0
115646, 163840, 0, 0, 0
115746, 204800, 0, 0, 0
115846, 245760, 0, 0, 0
115946, 81920, 0, 0, 0
116046, 81920, 0, 0, 0
116146, 204800, 0, 0, 0
116246, 163840, 0, 0, 0
116346, 163840, 0, 0, 0
116446, 81920, 0, 0, 0
116546, 204800, 0, 0, 0
116645, 165494, 0, 0, 0
116745, 204800, 0, 0, 0
116845, 204800, 0, 0, 0
116946, 204800, 0, 0, 0
117046, 163840, 0, 0, 0
117146, 122880, 0, 0, 0
117246, 204800, 0, 0, 0
117346, 245760, 0, 0, 0
117446, 122880, 0, 0, 0
117546, 204800, 0, 0, 0
117646, 204800, 0, 0, 0
117746, 204800, 0, 0, 0
117846, 204800, 0, 0, 0
117946, 163840, 0, 0, 0
118046, 204800, 0, 0, 0
118145, 165494, 0, 0, 0
118245, 204800, 0, 0, 0
118345, 204800, 0, 0, 0
118446, 163840, 0, 0, 0
118546, 163840, 0, 0, 0
118646, 204800, 0, 0, 0
118746, 204800, 0, 0, 0
118846, 204800, 0, 0, 0
118946, 163840, 0, 0, 0
119046, 204800, 0, 0, 0
119146, 204800, 0, 0, 0
119246, 163840, 0, 0, 0
119346, 286720, 0, 0, 0
119446, 163840, 0, 0, 0
119546, 204800, 0, 0, 0
119645, 206868, 0, 0, 0
119745, 122880, 0, 0, 0
119845, 204800, 0, 0, 0
119946, 40960, 0, 0, 0
120046, 163840, 0, 0, 0
120146, 286720, 0, 0, 0
120246, 245760, 0, 0, 0
120346, 204800, 0, 0, 0
120446, 163840, 0, 0, 0
120546, 245760, 0, 0, 0
120645, 124121, 0, 0, 0
120745, 163840, 0, 0, 0
120845, 204800, 0, 0, 0
120945, 245760, 0, 0, 0
121045, 81920, 0, 0, 0
121145, 204800, 0, 0, 0
121246, 163840, 0, 0, 0
121346, 204800, 0, 0, 0
121446, 204800, 0, 0, 0
121546, 204800, 0, 0, 0
121646, 163840, 0, 0, 0
121746, 163840, 0, 0, 0
121846, 204800, 0, 0, 0
121946, 163840, 0, 0, 0
122046, 122880, 0, 0, 0
122145, 165494, 0, 0, 0
122245, 163840, 0, 0, 0
122345, 163840, 0, 0, 0
122445, 163840, 0, 0, 0
122545, 204800, 0, 0, 0
122646, 204800, 0, 0, 0
122746, 81920, 0, 0, 0
122846, 204800, 0, 0, 0
122946, 204800, 0, 0, 0
123046, 204800, 0, 0, 0
123146, 163840, 0, 0, 0
123246, 163840, 0, 0, 0
123346, 163840, 0, 0, 0
123446, 204800, 0, 0, 0
123546, 163840, 0, 0, 0
123645, 206868, 0, 0, 0
123745, 204800, 0, 0, 0
123845, 204800, 0, 0, 0
123945, 163840, 0, 0, 0
124045, 122880, 0, 0, 0
124146, 163840, 0, 0, 0
124246, 204800, 0, 0, 0
124346, 204800, 0, 0, 0
124446, 163840, 0, 0, 0
124546, 204800, 0, 0, 0
124646, 204800, 0, 0, 0
124746, 204800, 0, 0, 0
124846, 81920, 0, 0, 0
124946, 204800, 0, 0, 0
125046, 204800, 0, 0, 0
125145, 248242, 0, 0, 0
125245, 163840, 0, 0, 0
125345, 204800, 0, 0, 0
125445, 163840, 0, 0, 0
125545, 163840, 0, 0, 0
125646, 204800, 0, 0, 0
125746, 204800, 0, 0, 0
125846, 204800, 0, 0, 0
125946, 122880, 0, 0, 0
126046, 163840, 0, 0, 0
126146, 245760, 0, 0, 0
126246, 163840, 0, 0, 0
126346, 204800, 0, 0, 0
126446, 204800, 0, 0, 0
126546, 163840, 0, 0, 0
126645, 206868, 0, 0, 0
126745, 163840, 0, 0, 0
126845, 163840, 0, 0, 0
126945, 163840, 0, 0, 0
127046, 163840, 0, 0, 0
127146, 204800, 0, 0, 0
127246, 122880, 0, 0, 0
127346, 163840, 0, 0, 0
127446, 163840, 0, 0, 0
127546, 163840, 0, 0, 0
127646, 40960, 0, 0, 0
127746, 245760, 0, 0, 0
127846, 122880, 0, 0, 0
127946, 204800, 0, 0, 0
128046, 163840, 0, 0, 0
128145, 124121, 0, 0, 0
128245, 163840, 0, 0, 0
128345, 122880, 0, 0, 0
128445, 163840, 0, 0, 0
128546, 163840, 0, 0, 0
128646, 81920, 0, 0, 0
128746, 204800, 0, 0, 0
128846, 204800, 0, 0, 0
128946, 204800, 0, 0, 0
129046, 163840, 0, 0, 0
129146, 204800, 0, 0, 0
129246, 163840, 0, 0, 0
129346, 204800, 0, 0, 0
129446, 122880, 0, 0, 0
129546, 163840, 0, 0, 0
129645, 124121, 0, 0, 0
129745, 163840, 0, 0, 0
129845, 163840, 0, 0, 0
129946, 122880, 0, 0, 0
130046, 163840, 0, 0, 0
130146, 245760, 0, 0, 0
130246, 245760, 0, 0, 0
130346, 81920, 0, 0, 0
130446, 204800, 0, 0, 0
130546, 204800, 0, 0, 0
130646, 204800, 0, 0, 0
130746, 204800, 0, 0, 0
130846, 163840, 0, 0, 0
130946, 122880, 0, 0, 0
131046, 122880, 0, 0, 0
131145, 206868, 0, 0, 0
131245, 204800, 0, 0, 0
131345, 163840, 0, 0, 0
131446, 204800, 0, 0, 0
131546, 204800, 0, 0, 0
131646, 163840, 0, 0, 0
131746, 163840, 0, 0, 0
131846, 204800, 0, 0, 0
131946, 204800, 0, 0, 0
132046, 163840, 0, 0, 0
132146, 245760, 0, 0, 0
132246, 163840, 0, 0, 0
132346, 204800, 0, 0, 0
132446, 163840, 0, 0, 0
132546, 163840, 0, 0, 0
132645, 206868, 0, 0, 0
132745, 204800, 0, 0, 0
132845, 204800, 0, 0, 0
132946, 204800, 0, 0, 0
133046, 163840, 0, 0, 0
133146, 122880, 0, 0, 0
133246, 204800, 0, 0, 0
133346, 163840, 0, 0, 0
133446, 163840, 0, 0, 0
133546, 122880, 0, 0, 0
133646, 204800, 0, 0, 0
133746, 204800, 0, 0, 0
133846, 122880, 0, 0, 0
133946, 204800, 0, 0, 0
134046, 204800, 0, 0, 0
134145, 165494, 0, 0, 0
134245, 245760, 0, 0, 0
134346, 122880, 0, 0, 0
134446, 204800, 0, 0, 0
134546, 204800, 0, 0, 0
134646, 163840, 0, 0, 0
134746, 163840, 0, 0, 0
134846, 163840, 0, 0, 0
134946, 163840, 0, 0, 0
135046, 163840, 0, 0, 0
135145, 165494, 0, 0, 0
135245, 245760, 0, 0, 0
135345, 204800, 0, 0, 0
135445, 163840, 0, 0, 0
135545, 122880, 0, 0, 0
135645, 81920, 0, 0, 0
135745, 81920, 0, 0, 0
135846, 204800, 0, 0, 0
135946, 204800, 0, 0, 0
136046, 204800, 0, 0, 0
136146, 163840, 0, 0, 0
136246, 204800, 0, 0, 0
136346, 163840, 0, 0, 0
136446, 163840, 0, 0, 0
136546, 81920, 0, 0, 0
136645, 206868, 0, 0, 0
136745, 163840, 0, 0, 0
136845, 204800, 0, 0, 0
136945, 204800, 0, 0, 0
137045, 163840, 0, 0, 0
137145, 204800, 0, 0, 0
137246, 204800, 0, 0, 0
137346, 204800, 0, 0, 0
137446, 204800, 0, 0, 0
137546, 163840, 0, 0, 0
137646, 204800, 0, 0, 0
137746, 204800, 0, 0, 0
137846, 163840, 0, 0, 0
137946, 204800, 0, 0, 0
138046, 163840, 0, 0, 0
138145, 165494, 0, 0, 0
138245, 204800, 0, 0, 0
138345, 163840, 0, 0, 0
138445, 122880, 0, 0, 0
138545, 122880, 0, 0, 0
138646, 204800, 0, 0, 0
138746, 204800, 0, 0, 0
138846, 204800, 0, 0, 0
138946, 163840, 0, 0, 0
139046, 163840, 0, 0, 0
139146, 204800, 0, 0, 0
139246, 122880, 0, 0, 0
139346, 122880, 0, 0, 0
139446, 204800, 0, 0, 0
139546, 204800, 0, 0, 0
139645, 165494, 0, 0, 0
139745, 204800, 0, 0, 0
139845, 204800, 0, 0, 0
139945, 204800, 0, 0, 0
140045, 163840, 0, 0, 0
140146, 204800, 0, 0, 0
140246, 245760, 0, 0, 0
140346, 81920, 0, 0, 0
140446, 204800, 0, 0, 0
140546, 163840, 0, 0, 0
140646, 204800, 0, 0, 0
140746, 122880, 0, 0, 0
140846, 204800, 0, 0, 0
140946, 81920, 0, 0, 0
141046, 163840, 0, 0, 0
141145, 206868, 0, 0, 0
141245, 163840, 0, 0, 0
141345, 163840, 0, 0, 0
141445, 81920, 0, 0, 0
141545, 204800, 0, 0, 0
141646, 204800, 0, 0, 0
141746, 163840, 0, 0, 0
141846, 204800, 0, 0, 0
141946, 81920, 0, 0, 0
142046, 204800, 0, 0, 0
142146, 163840, 0, 0, 0
142246, 204800, 0, 0, 0
142346, 245760, 0, 0, 0
142446, 81920, 0, 0, 0
142546, 204800, 0, 0, 0
142645, 165494, 0, 0, 0
142745, 204800, 0, 0, 0
142845, 163840, 0, 0, 0
142945, 163840, 0, 0, 0
143045, 204800, 0, 0, 0
143145, 122880, 0, 0, 0
143246, 204800, 0, 0, 0
143346, 163840, 0, 0, 0
143446, 204800, 0, 0, 0
143546, 122880, 0, 0, 0
143646, 163840, 0, 0, 0
143746, 163840, 0, 0, 0
143846, 204800, 0, 0, 0
143946, 204800, 0, 0, 0
144046, 245760, 0, 0, 0
144145, 206868, 0, 0, 0
144245, 204800, 0, 0, 0
144345, 204800, 0, 0, 0
144445, 245760, 0, 0, 0
144545, 204800, 0, 0, 0
144645, 204800, 0, 0, 0
144745, 163840, 0, 0, 0
144846, 163840, 0, 0, 0
144946, 245760, 0, 0, 0
145046, 204800, 0, 0, 0
145146, 163840, 0, 0, 0
145246, 286720, 0, 0, 0
145346, 245760, 0, 0, 0
145446, 163840, 0, 0, 0
145546, 163840, 0, 0, 0
145646, 204800, 0, 0, 0
145746, 163840, 0, 0, 0
145846, 163840, 0, 0, 0
145946, 204800, 0, 0, 0
146046, 204800, 0, 0, 0
146145, 206868, 0, 0, 0
146245, 204800, 0, 0, 0
146346, 163840, 0, 0, 0
146446, 163840, 0, 0, 0
146546, 204800, 0, 0, 0
146646, 204800, 0, 0, 0
146746, 204800, 0, 0, 0
146846, 204800, 0, 0, 0
146946, 40960, 0, 0, 0
147046, 163840, 0, 0, 0
147146, 245760, 0, 0, 0
147246, 204800, 0, 0, 0
147346, 204800, 0, 0, 0
147446, 163840, 0, 0, 0
147546, 163840, 0, 0, 0
147645, 248242, 0, 0, 0
147746, 204800, 0, 0, 0
147846, 204800, 0, 0, 0
147946, 204800, 0, 0, 0
148046, 122880, 0, 0, 0
148146, 204800, 0, 0, 0
148246, 245760, 0, 0, 0
148346, 204800, 0, 0, 0
148446, 163840, 0, 0, 0
148546, 163840, 0, 0, 0
148645, 248242, 0, 0, 0
148745, 122880, 0, 0, 0
148845, 204800, 0, 0, 0
148945, 204800, 0, 0, 0
149045, 204800, 0, 0, 0
149146, 163840, 0, 0, 0
149246, 163840, 0, 0, 0
149346, 40960, 0, 0, 0
149446, 163840, 0, 0, 0
149546, 204800, 0, 0, 0
149646, 204800, 0, 0, 0
149746, 204800, 0, 0, 0
149846, 204800, 0, 0, 0
149946, 163840, 0, 0, 0
150046, 163840, 0, 0, 0
150145, 206868, 0, 0, 0
150245, 204800, 0, 0, 0
150345, 245760, 0, 0, 0
150445, 163840, 0, 0, 0
150545, 163840, 0, 0, 0
150646, 163840, 0, 0, 0
150746, 163840, 0, 0, 0
150846, 204800, 0, 0, 0
150946, 163840, 0, 0, 0
151046, 204800, 0, 0, 0
151146, 204800, 0, 0, 0
151246, 163840, 0, 0, 0
151346, 122880, 0, 0, 0
151446, 204800, 0, 0, 0
151546, 163840, 0, 0, 0
151645, 165494, 0, 0, 0
151745, 204800, 0, 0, 0
151845, 163840, 0, 0, 0
151945, 204800, 0, 0, 0
152045, 204800, 0, 0, 0
152146, 204800, 0, 0, 0
152246, 163840, 0, 0, 0
152346, 163840, 0, 0, 0
152446, 204800, 0, 0, 0
152546, 163840, 0, 0, 0
152646, 163840, 0, 0, 0
152746, 204800, 0, 0, 0
152846, 163840, 0, 0, 0
152946, 245760, 0, 0, 0
153046, 163840, 0, 0, 0
153145, 165494, 0, 0, 0
153245, 163840, 0, 0, 0
153345, 204800, 0, 0, 0
153445, 245760, 0, 0, 0
153545, 163840, 0, 0, 0
153646, 163840, 0, 0, 0
153746, 163840, 0, 0, 0
153846, 204800, 0, 0, 0
153946, 204800, 0, 0, 0
154046, 163840, 0, 0, 0
154146, 204800, 0, 0, 0
154246, 204800, 0, 0, 0
154346, 245760, 0, 0, 0
154446, 163840, 0, 0, 0
154546, 163840, 0, 0, 0
154645, 206868, 0, 0, 0
154745, 204800, 0, 0, 0
154845, 204800, 0, 0, 0
154945, 163840, 0, 0, 0
155045, 163840, 0, 0, 0
155146, 245760, 0, 0, 0
155246, 163840, 0, 0, 0
155346, 286720, 0, 0, 0
155446, 122880, 0, 0, 0
155546, 204800, 0, 0, 0
155646, 245760, 0, 0, 0
155746, 163840, 0, 0, 0
155846, 163840, 0, 0, 0
155946, 204800, 0, 0, 0
156046, 204800, 0, 0, 0
156145, 206868, 0, 0, 0
156245, 163840, 0, 0, 0
156345, 204800, 0, 0, 0
156445, 122880, 0, 0, 0
156545, 204800, 0, 0, 0
156646, 204800, 0, 0, 0
156746, 163840, 0, 0, 0
156846, 204800, 0, 0, 0
156946, 122880, 0, 0, 0
157046, 204800, 0, 0, 0
157146, 204800, 0, 0, 0
157246, 204800, 0, 0, 0
157346, 204800, 0, 0, 0
157446, 204800, 0, 0, 0
157546, 204800, 0, 0, 0
157645, 206868, 0, 0, 0
157745, 122880, 0, 0, 0
157845, 204800, 0, 0, 0
157945, 204800, 0, 0, 0
158045, 204800, 0, 0, 0
158146, 163840, 0, 0, 0
158246, 204800, 0, 0, 0
158346, 204800, 0, 0, 0
158446, 204800, 0, 0, 0
158546, 163840, 0, 0, 0
158646, 204800, 0, 0, 0
158746, 163840, 0, 0, 0
158846, 163840, 0, 0, 0
158946, 163840, 0, 0, 0
159046, 163840, 0, 0, 0
159145, 165494, 0, 0, 0
159245, 245760, 0, 0, 0
159345, 163840, 0, 0, 0
159445, 204800, 0, 0, 0
159545, 122880, 0, 0, 0
159645, 286720, 0, 0, 0
159746, 163840, 0, 0, 0
159846, 163840, 0, 0, 0
159946, 163840, 0, 0, 0
160046, 81920, 0, 0, 0
160146, 204800, 0, 0, 0
160246, 163840, 0, 0, 0
160346, 122880, 0, 0, 0
160446, 204800, 0, 0, 0
160546, 204800, 0, 0, 0
160646, 163840, 0, 0, 0
160746, 204800, 0, 0, 0
160846, 204800, 0, 0, 0
160946, 163840, 0, 0, 0
161046, 122880, 0, 0, 0
161145, 165494, 0, 0, 0
161245, 163840, 0, 0, 0
161345, 204800, 0, 0, 0
161446, 163840, 0, 0, 0
161546, 204800, 0, 0, 0
161646, 204800, 0, 0, 0
161746, 163840, 0, 0, 0
161846, 81920, 0, 0, 0
161946, 204800, 0, 0, 0
162046, 204800, 0, 0, 0
162146, 204800, 0, 0, 0
162246, 163840, 0, 0, 0
162346, 122880, 0, 0, 0
162446, 163840, 0, 0, 0
162546, 163840, 0, 0, 0
162645, 165494, 0, 0, 0
162745, 163840, 0, 0, 0
162845, 163840, 0, 0, 0
162946, 81920, 0, 0, 0
163046, 122880, 0, 0, 0
163146, 204800, 0, 0, 0
163246, 163840, 0, 0, 0
163346, 163840, 0, 0, 0
163446, 204800, 0, 0, 0
163546, 122880, 0, 0, 0
163646, 204800, 0, 0, 0
163746, 81920, 0, 0, 0
163846, 204800, 0, 0, 0
163946, 204800, 0, 0, 0
164046, 163840, 0, 0, 0
164145, 206868, 0, 0, 0
164245, 204800, 0, 0, 0
164345, 163840, 0, 0, 0
164445, 163840, 0, 0, 0
164545, 163840, 0, 0, 0
164646, 163840, 0, 0, 0
164746, 163840, 0, 0, 0
164846, 204800, 0, 0, 0
164946, 163840, 0, 0, 0
165046, 204800, 0, 0, 0
165146, 204800, 0, 0, 0
165246, 204800, 0, 0, 0
165346, 163840, 0, 0, 0
165446, 245760, 0, 0, 0
165546, 204800, 0, 0, 0
165645, 206868, 0, 0, 0
165745, 122880, 0, 0, 0
165845, 163840, 0, 0, 0
165945, 163840, 0, 0, 0
166045, 163840, 0, 0, 0
166146, 163840, 0, 0, 0
166246, 204800, 0, 0, 0
166346, 204800, 0, 0, 0
166446, 204800, 0, 0, 0
166546, 163840, 0, 0, 0
166646, 163840, 0, 0, 0
166746, 163840, 0, 0, 0
166846, 163840, 0, 0, 0
166946, 204800, 0, 0, 0
167046, 163840, 0, 0, 0
167145, 206868, 0, 0, 0
167245, 163840, 0, 0, 0
167345, 163840, 0, 0, 0
167445, 204800, 0, 0, 0
167545, 204800, 0, 0, 0
167646, 163840, 0, 0, 0
167746, 204800, 0, 0, 0
167846, 163840, 0, 0, 0
167946, 163840, 0, 0, 0
168046, 204800, 0, 0, 0
168146, 204800, 0, 0, 0
168246, 163840, 0, 0, 0
168346, 204800, 0, 0, 0
168446, 122880, 0, 0, 0
168546, 204800, 0, 0, 0
168645, 165494, 0, 0, 0
168745, 163840, 0, 0, 0
168845, 204800, 0, 0, 0
168945, 204800, 0, 0, 0
169046, 204800, 0, 0, 0
169146, 204800, 0, 0, 0
169246, 163840, 0, 0, 0
169346, 163840, 0, 0, 0
169446, 122880, 0, 0, 0
169546, 204800, 0, 0, 0
169646, 163840, 0, 0, 0
169746, 245760, 0, 0, 0
169846, 163840, 0, 0, 0
169946, 163840, 0, 0, 0
170046, 204800, 0, 0, 0
170145, 206868, 0, 0, 0
170245, 204800, 0, 0, 0
170345, 163840, 0, 0, 0
170445, 204800, 0, 0, 0
170546, 245760, 0, 0, 0
170646, 163840, 0, 0, 0
170746, 163840, 0, 0, 0
170846, 163840, 0, 0, 0
170946, 204800, 0, 0, 0
171046, 204800, 0, 0, 0
171146, 81920, 0, 0, 0
171246, 163840, 0, 0, 0
171346, 204800, 0, 0, 0
171446, 204800, 0, 0, 0
171546, 163840, 0, 0, 0
171645, 165494, 0, 0, 0
171745, 163840, 0, 0, 0
171845, 122880, 0, 0, 0
171945, 204800, 0, 0, 0
172046, 204800, 0, 0, 0
172146, 204800, 0, 0, 0
172246, 204800, 0, 0, 0
172346, 163840, 0, 0, 0
172446, 163840, 0, 0, 0
172546, 204800, 0, 0, 0
172646, 163840, 0, 0, 0
172746, 245760, 0, 0, 0
172846, 204800, 0, 0, 0
172946, 163840, 0, 0, 0
173046, 163840, 0, 0, 0
173145, 206868, 0, 0, 0
173245, 204800, 0, 0, 0
173345, 204800, 0, 0, 0
173445, 122880, 0, 0, 0
173545, 163840, 0, 0, 0
173646, 204800, 0, 0, 0
173746, 163840, 0, 0, 0
173846, 245760, 0, 0, 0
173946, 204800, 0, 0, 0
174046, 204800, 0, 0, 0
174146, 204800, 0, 0, 0
174246, 245760, 0, 0, 0
174346, 286720, 0, 0, 0
174446, 286720, 0, 0, 0
174546, 245760, 0, 0, 0
174645, 206868, 0, 0, 0
174745, 245760, 0, 0, 0
174845, 286720, 0, 0, 0
174945, 204800, 0, 0, 0
175045, 245760, 0, 0, 0
175146, 245760, 0, 0, 0
175246, 81920, 0, 0, 0
175346, 204800, 0, 0, 0
175446, 122880, 0, 0, 0
175546, 245760, 0, 0, 0
175646, 163840, 0, 0, 0
175746, 204800, 0, 0, 0
175846, 204800, 0, 0, 0
175946, 163840, 0, 0, 0
176046, 163840, 0, 0, 0
176145, 206868, 0, 0, 0
176245, 204800, 0, 0, 0
176345, 122880, 0, 0, 0
176445, 163840, 0, 0, 0
176545, 163840, 0, 0, 0
176645, 122880, 0, 0, 0
176745, 245760, 0, 0, 0
176845, 204800, 0, 0, 0
176946, 204800, 0, 0, 0
177046, 163840, 0, 0, 0
177146, 163840, 0, 0, 0
177246, 204800, 0, 0, 0
177346, 163840, 0, 0, 0
177446, 163840, 0, 0, 0
177546, 204800, 0, 0, 0
177645, 206868, 0, 0, 0
177745, 163840, 0, 0, 0
177845, 122880, 0, 0, 0
177945, 204800, 0, 0, 0
178045, 204800, 0, 0, 0
178145, 204800, 0, 0, 0
178246, 163840, 0, 0, 0
178346, 81920, 0, 0, 0
178446, 40960, 0, 0, 0
178546, 204800, 0, 0, 0
178646, 245760, 0, 0, 0
178746, 81920, 0, 0, 0
178846, 163840, 0, 0, 0
178946, 245760, 0, 0, 0
179046, 163840, 0, 0, 0
179145, 206868, 0, 0, 0
179245, 204800, 0, 0, 0
179345, 204800, 0, 0, 0
179445, 163840, 0, 0, 0
179545, 163840, 0, 0, 0
179646, 163840, 0, 0, 0
179746, 245760, 0, 0, 0
179846, 204800, 0, 0, 0
179946, 81920, 0, 0, 0
