172, 86217916, 0, 0, 0
201, 14691812, 0, 0, 0
312, 37008111, 0, 0, 0
403, 18175661, 0, 0, 0
502, 19763684, 0, 0, 0
610, 21510210, 0, 0, 0
709, 19767560, 0, 0, 0
800, 18185908, 0, 0, 0
905, 17589058, 0, 0, 0
1029, 24759987, 0, 0, 0
1163, 33578865, 0, 0, 0
1274, 37014045, 0, 0, 0
1304, 14922792, 0, 0, 0
1411, 21428386, 0, 0, 0
1511, 19858082, 0, 0, 0
1609, 19747005, 0, 0, 0
1705, 23980121, 0, 0, 0
1836, 26213733, 0, 0, 0
1935, 24622014, 0, 0, 0
2000, 16193301, 0, 0, 0
2122, 24547669, 0, 0, 0
2213, 22530434, 0, 0, 0
2302, 22432589, 0, 0, 0
2409, 21278606, 0, 0, 0
2506, 19533755, 0, 0, 0
2604, 19535876, 0, 0, 0
2719, 22957295, 0, 0, 0
2809, 22436723, 0, 0, 0
2906, 19540990, 0, 0, 0
3013, 21290133, 0, 0, 0
3103, 22418971, 0, 0, 0
3209, 21223161, 0, 0, 0
3323, 22951842, 0, 0, 0
3405, 20346507, 0, 0, 0
3511, 26590524, 0, 0, 0
3601, 22529198, 0, 0, 0
3716, 22866824, 0, 0, 0
3846, 21779792, 0, 0, 0
3937, 22543675, 0, 0, 0
4018, 27245466, 0, 0, 0
4109, 22561628, 0, 0, 0
4215, 35590863, 0, 0, 0
4306, 22526258, 0, 0, 0
4404, 24512648, 0, 0, 0
4510, 21184152, 0, 0, 0
4608, 19631479, 0, 0, 0
4705, 19536349, 0, 0, 0
4878, 34553463, 0, 0, 0
4919, 20462389, 0, 0, 0
5009, 22541667, 0, 0, 0
5124, 22876554, 0, 0, 0
5205, 20352912, 0, 0, 0
5312, 21280318, 0, 0, 0
5409, 19537401, 0, 0, 0
5507, 19531451, 0, 0, 0
5638, 26203703, 0, 0, 0
5712, 24597974, 0, 0, 0
5810, 19558588, 0, 0, 0
5908, 19629454, 0, 0, 0
6014, 21190505, 0, 0, 0
6104, 22465161, 0, 0, 0
6210, 26682878, 0, 0, 0
6300, 22430525, 0, 0, 0
6456, 25949329, 0, 0, 0
6505, 16277105, 0, 0, 0
6628, 30768354, 0, 0, 0
6710, 27371254, 0, 0, 0
6809, 24720045, 0, 0, 0
6910, 20153260, 0, 0, 0
7011, 20224821, 0, 0, 0
7103, 23169839, 0, 0, 0
7229, 31363613, 0, 0, 0
7313, 21082137, 0, 0, 0
7406, 23138860, 0, 0, 0
7515, 21897189, 0, 0, 0
7607, 23040438, 0, 0, 0
7700, 23159119, 0, 0, 0
7810, 21899770, 0, 0, 0
7902, 23052959, 0, 0, 0
8011, 21909260, 0, 0, 0
8104, 23154289, 0, 0, 0
8288, 36821697, 0, 0, 0
8305, 16860110, 0, 0, 0
8415, 21897606, 0, 0, 0
8507, 23140654, 0, 0, 0
8624, 29277144, 0, 0, 0
8709, 21091899, 0, 0, 0
8801, 18564347, 0, 0, 0
8903, 20244251, 0, 0, 0
9020, 23494746, 0, 0, 0
9121, 25231033, 0, 0, 0
9214, 23125855, 0, 0, 0
9314, 25133735, 0, 0, 0
9407, 23144429, 0, 0, 0
9550, 28556104, 0, 0, 0
9634, 28010842, 0, 0, 0
9701, 22352976, 0, 0, 0
9802, 25233344, 0, 0, 0
9903, 20226562, 0, 0, 0
10029, 25181111, 0, 0, 0
10113, 21060362, 0, 0, 0
10205, 23134017, 0, 0, 0
10323, 23563015, 0, 0, 0
10407, 20962102, 0, 0, 0
10517, 21912909, 0, 0, 0
10601, 21057423, 0, 0, 0
10710, 21807067, 0, 0, 0
10803, 23171745, 0, 0, 0
10904, 20224510, 0, 0, 0
11038, 33502373, 0, 0, 0
11155, 58506513, 0, 0, 0
11206, 16924735, 0, 0, 0
11340, 26895153, 0, 0, 0
11407, 22418469, 0, 0, 0
11517, 21836172, 0, 0, 0
11601, 21059697, 0, 0, 0
11710, 21898203, 0, 0, 0
11803, 23051008, 0, 0, 0
11912, 21913090, 0, 0, 0
12013, 20231891, 0, 0, 0
12131, 23498954, 0, 0, 0
12215, 21059725, 0, 0, 0
12310, 23826095, 0, 0, 0
12407, 19400086, 0, 0, 0
12504, 19394731, 0, 0, 0
12635, 26065993, 0, 0, 0
12716, 20310605, 0, 0, 0
12805, 22298071, 0, 0, 0
12911, 21076395, 0, 0, 0
13008, 19491225, 0, 0, 0
13113, 21060561, 0, 0, 0
13228, 28528930, 0, 0, 0
13341, 22750555, 0, 0, 0
13431, 22392386, 0, 0, 0
13529, 32635281, 0, 0, 0
13603, 37024625, 0, 0, 0
13708, 21048524, 0, 0, 0
13813, 17483009, 0, 0, 0
13910, 16086860, 0, 0, 0
14033, 41171574, 0, 0, 0
14106, 24343582, 0, 0, 0
14212, 21061449, 0, 0, 0
14301, 22374028, 0, 0, 0
14414, 18868563, 0, 0, 0
14520, 26433148, 0, 0, 0
14625, 21079528, 0, 0, 0
14707, 20309612, 0, 0, 0
14804, 19401703, 0, 0, 0
14909, 21076985, 0, 0, 0
15006, 19407566, 0, 0, 0
15137, 26150007, 0, 0, 0
15202, 21539312, 0, 0, 0
15315, 18875315, 0, 0, 0
15438, 41129359, 0, 0, 0
15503, 21565215, 0, 0, 0
15600, 19372893, 0, 0, 0
15706, 21149457, 0, 0, 0
15819, 22738570, 0, 0, 0
15908, 17764466, 0, 0, 0
16005, 19380641, 0, 0, 0
16102, 19486534, 0, 0, 0
16224, 24401066, 0, 0, 0
16330, 21082936, 0, 0, 0
16403, 24302938, 0, 0, 0
16509, 21141798, 0, 0, 0
16606, 19419324, 0, 0, 0
16703, 19378027, 0, 0, 0
16841, 27689738, 0, 0, 0
16917, 19001183, 0, 0, 0
17016, 19871009, 0, 0, 0
17107, 18091724, 0, 0, 0
17206, 19834257, 0, 0, 0
17305, 19780034, 0, 0, 0
17421, 23162129, 0, 0, 0
17520, 19775036, 0, 0, 0
17669, 29844418, 0, 0, 0
17723, 27192819, 0, 0, 0
17814, 18115757, 0, 0, 0
17913, 19836994, 0, 0, 0
18012, 19766754, 0, 0, 0
18113, 25248791, 0, 0, 0
18212, 19861832, 0, 0, 0
18345, 26430572, 0, 0, 0
18429, 21066503, 0, 0, 0
18563, 33569032, 0, 0, 0
18618, 27221062, 0, 0, 0
18710, 23160407, 0, 0, 0
18801, 18099768, 0, 0, 0
18913, 16007629, 0, 0, 0
19037, 24855890, 0, 0, 0
19180, 35656827, 0, 0, 0
19209, 14696767, 0, 0, 0
19308, 19772870, 0, 0, 0
19416, 21493864, 0, 0, 0
19500, 21091358, 0, 0, 0
19634, 33453441, 0, 0, 0
19753, 39806631, 0, 0, 0
19871, 29406845, 0, 0, 0
19901, 14937689, 0, 0, 0
20006, 17572909, 0, 0, 0
20111, 52235480, 0, 0, 0
20230, 39795820, 0, 0, 0
20314, 21086113, 0, 0, 0
20414, 19843166, 0, 0, 0
20504, 18077247, 0, 0, 0
20605, 25240602, 0, 0, 0
20712, 21435855, 0, 0, 0
20803, 18196225, 0, 0, 0
20919, 23093598, 0, 0, 0
21010, 18200396, 0, 0, 0
21109, 19771340, 0, 0, 0
21208, 19845237, 0, 0, 0
21390, 36430551, 0, 0, 0
21405, 14895483, 0, 0, 0
21529, 24746018, 0, 0, 0
21615, 28698015, 0, 0, 0
21714, 19847276, 0, 0, 0
21813, 19768759, 0, 0, 0
21931, 29400931, 0, 0, 0
22011, 20213481, 0, 0, 0
22112, 20208110, 0, 0, 0
22208, 31817489, 0, 0, 0
22301, 18538842, 0, 0, 0
22433, 22091616, 0, 0, 0
22519, 21430853, 0, 0, 0
22612, 18536396, 0, 0, 0
22707, 31821124, 0, 0, 0
22808, 20211021, 0, 0, 0
22901, 18464664, 0, 0, 0
23018, 23543930, 0, 0, 0
23104, 21440615, 0, 0, 0
23212, 17917068, 0, 0, 0
23304, 18535535, 0, 0, 0
23430, 25203421, 0, 0, 0
23533, 25614458, 0, 0, 0
23618, 21417150, 0, 0, 0
23713, 23519256, 0, 0, 0
23813, 20131975, 0, 0, 0
23906, 18560691, 0, 0, 0
24014, 17927149, 0, 0, 0
24101, 29207093, 0, 0, 0
24219, 23461452, 0, 0, 0
24354, 33911317, 0, 0, 0
24467, 37500239, 0, 0, 0
24512, 15144172, 0, 0, 0
24602, 89886116, 0, 0, 0
24703, 20219663, 0, 0, 0
24811, 17989145, 0, 0, 0
24905, 23548466, 0, 0, 0
25014, 21799878, 0, 0, 0
25108, 23517138, 0, 0, 0
25201, 18526229, 0, 0, 0
25309, 17941097, 0, 0, 0
25419, 27658451, 0, 0, 0
25512, 18547215, 0, 0, 0
25606, 23520860, 0, 0, 0
25714, 17929824, 0, 0, 0
25832, 23545268, 0, 0, 0
25909, 19360413, 0, 0, 0
26002, 18545235, 0, 0, 0
26102, 20130689, 0, 0, 0
26227, 20774281, 0, 0, 0
26313, 21416965, 0, 0, 0
26405, 18471246, 0, 0, 0
26513, 17993634, 0, 0, 0
26624, 27682599, 0, 0, 0
26710, 21437482, 0, 0, 0
26802, 18541467, 0, 0, 0
26915, 37391515, 0, 0, 0
27009, 23525222, 0, 0, 0
27103, 18927013, 0, 0, 0
27225, 24416854, 0, 0, 0
27308, 20544999, 0, 0, 0
27410, 17130997, 0, 0, 0
27507, 19314299, 0, 0, 0
27612, 21021742, 0, 0, 0
27710, 97723605, 0, 0, 0
27828, 39372262, 0, 0, 0
27961, 33175734, 0, 0, 0
28004, 14338350, 0, 0, 0
28126, 24357164, 0, 0, 0
28208, 20551371, 0, 0, 0
28310, 17120249, 0, 0, 0
28430, 19913765, 0, 0, 0
28504, 18571700, 0, 0, 0
28601, 19339388, 0, 0, 0
28706, 20996684, 0, 0, 0
28836, 26013298, 0, 0, 0
28902, 16459823, 0, 0, 0
29022, 19940161, 0, 0, 0
29183, 26869568, 0, 0, 0
29211, 14288270, 0, 0, 0
29315, 51785131, 0, 0, 0
29412, 19325880, 0, 0, 0
29500, 17746491, 0, 0, 0
29603, 17067592, 0, 0, 0
29708, 21089098, 0, 0, 0
29805, 19334250, 0, 0, 0
29937, 33060445, 0, 0, 0
30064, 42116675, 0, 0, 0
30107, 14358822, 0, 0, 0
30229, 24438955, 0, 0, 0
30319, 22623697, 0, 0, 0
30402, 20630999, 0, 0, 0
30513, 18526727, 0, 0, 0
30601, 17664873, 0, 0, 0
30706, 21002094, 0, 0, 0
30812, 21009834, 0, 0, 0
30900, 17675196, 0, 0, 0
31005, 21088737, 0, 0, 0
31102, 19339835, 0, 0, 0
31240, 27668297, 0, 0, 0
31323, 20643008, 0, 0, 0
31405, 20540264, 0, 0, 0
31502, 19325626, 0, 0, 0
31682, 36086292, 0, 0, 0
31711, 14276388, 0, 0, 0
31808, 19342423, 0, 0, 0
31917, 36594290, 0, 0, 0
32021, 25913155, 0, 0, 0
32106, 21320020, 0, 0, 0
32213, 17808070, 0, 0, 0
32305, 18412405, 0, 0, 0
32422, 23414159, 0, 0, 0
32549, 31721272, 0, 0, 0
32626, 19125598, 0, 0, 0
32713, 29058486, 0, 0, 0
32805, 18326865, 0, 0, 0
32922, 23440999, 0, 0, 0
33057, 33822239, 0, 0, 0
33102, 15030214, 0, 0, 0
33211, 21754307, 0, 0, 0
33344, 26668481, 0, 0, 0
33521, 44218408, 0, 0, 0
33612, 90144648, 0, 0, 0
33712, 20000486, 0, 0, 0
33804, 18405709, 0, 0, 0
33906, 25486871, 0, 0, 0
34004, 16438171, 0, 0, 0
34148, 35907976, 0, 0, 0
34208, 30056574, 0, 0, 0
34308, 50015112, 0, 0, 0
34413, 52642881, 0, 0, 0
34513, 20015423, 0, 0, 0
34605, 18397812, 0, 0, 0
34722, 23355442, 0, 0, 0
34824, 25467167, 0, 0, 0
34926, 25494721, 0, 0, 0
35011, 21317547, 0, 0, 0
35103, 18419701, 0, 0, 0
35210, 17820479, 0, 0, 0
35336, 25083675, 0, 0, 0
35427, 18318647, 0, 0, 0
35503, 15094757, 0, 0, 0
35601, 98485533, 0, 0, 0
35708, 17790517, 0, 0, 0
35834, 25089183, 0, 0, 0
35910, 19137607, 0, 0, 0
36002, 18422728, 0, 0, 0
36103, 20088646, 0, 0, 0
36285, 30321151, 0, 0, 0
36300, 15075270, 0, 0, 0
36400, 20014778, 0, 0, 0
36530, 18605308, 0, 0, 0
36657, 31731461, 0, 0, 0
36703, 15185390, 0, 0, 0
36808, 52482826, 0, 0, 0
36908, 20089038, 0, 0, 0
37007, 16424805, 0, 0, 0
37139, 21967794, 0, 0, 0
37240, 25478744, 0, 0, 0
37317, 19225986, 0, 0, 0
37413, 19105195, 0, 0, 0
37504, 18111182, 0, 0, 0
37603, 19829050, 0, 0, 0
37718, 23118105, 0, 0, 0
37803, 21058194, 0, 0, 0
37901, 19775179, 0, 0, 0
38007, 17586955, 0, 0, 0
38106, 19835704, 0, 0, 0
38213, 21433976, 0, 0, 0
38304, 18190451, 0, 0, 0
38403, 19764210, 0, 0, 0
38536, 26491417, 0, 0, 0
38626, 18112930, 0, 0, 0
38700, 14845916, 0, 0, 0
38808, 21434998, 0, 0, 0
38913, 17573488, 0, 0, 0
39029, 23187824, 0, 0, 0
39113, 21079646, 0, 0, 0
39204, 18100181, 0, 0, 0
39318, 18957577, 0, 0, 0
39402, 21054687, 0, 0, 0
39501, 19854077, 0, 0, 0
39607, 17555799, 0, 0, 0
39772, 33103518, 0, 0, 0
39802, 14923605, 0, 0, 0
39901, 19774744, 0, 0, 0
40067, 33190800, 0, 0, 0
40111, 14789051, 0, 0, 0
40227, 23099687, 0, 0, 0
40311, 21072771, 0, 0, 0
40410, 19761183, 0, 0, 0
40501, 18174417, 0, 0, 0
40600, 19773507, 0, 0, 0
40714, 19016026, 0, 0, 0
40806, 23066334, 0, 0, 0
40914, 21534552, 0, 0, 0
41048, 33586695, 0, 0, 0
41117, 23112914, 0, 0, 0
41281, 27299791, 0, 0, 0
41311, 14681482, 0, 0, 0
41402, 18190676, 0, 0, 0
41500, 19760762, 0, 0, 0
41606, 17569912, 0, 0, 0
41705, 19827700, 0, 0, 0
41821, 23120785, 0, 0, 0
41961, 35005409, 0, 0, 0
42024, 21191144, 0, 0, 0
42112, 21838370, 0, 0, 0
42206, 18917059, 0, 0, 0
42309, 20558971, 0, 0, 0
42403, 18848275, 0, 0, 0
42531, 25563832, 0, 0, 0
42619, 21935777, 0, 0, 0
42713, 18834895, 0, 0, 0
42801, 21898846, 0, 0, 0
42911, 18329177, 0, 0, 0
43030, 23911703, 0, 0, 0
43118, 21834305, 0, 0, 0
43247, 32212250, 0, 0, 0
43309, 15678028, 0, 0, 0
43407, 48785074, 0, 0, 0
43543, 27247693, 0, 0, 0
43605, 15563686, 0, 0, 0
43701, 23878173, 0, 0, 0
43836, 22560773, 0, 0, 0
43915, 19716206, 0, 0, 0
44003, 21846324, 0, 0, 0
44105, 20573988, 0, 0, 0
44207, 16998964, 0, 0, 0
44309, 16986129, 0, 0, 0
44404, 18899532, 0, 0, 0
44507, 20587470, 0, 0, 0
44601, 18824667, 0, 0, 0
44721, 23932662, 0, 0, 0
44808, 21804674, 0, 0, 0
44903, 18940775, 0, 0, 0
45006, 20572972, 0, 0, 0
45108, 20590114, 0, 0, 0
45228, 23935146, 0, 0, 0
45315, 21810014, 0, 0, 0
45410, 18913891, 0, 0, 0
45513, 20581112, 0, 0, 0
45608, 18903848, 0, 0, 0
45727, 23921996, 0, 0, 0
45814, 21816139, 0, 0, 0
45910, 23912230, 0, 0, 0
46005, 18921039, 0, 0, 0
46108, 20587534, 0, 0, 0
46202, 18905304, 0, 0, 0
46311, 15549922, 0, 0, 0
46405, 15595339, 0, 0, 0
46502, 16199969, 0, 0, 0
46612, 15790228, 0, 0, 0
46707, 15778518, 0, 0, 0
46802, 15789723, 0, 0, 0
46906, 20788604, 0, 0, 0
47000, 15726772, 0, 0, 0
47111, 15792920, 0, 0, 0
47214, 17166594, 0, 0, 0
47309, 15782464, 0, 0, 0
47403, 15776826, 0, 0, 0
47514, 18487625, 0, 0, 0
47603, 29735802, 0, 0, 0
47714, 15796376, 0, 0, 0
47833, 19886606, 0, 0, 0
47913, 20019928, 0, 0, 0
48001, 17440545, 0, 0, 0
48112, 18494081, 0, 0, 0
48200, 22109701, 0, 0, 0
48305, 35138214, 0, 0, 0
48409, 20761334, 0, 0, 0
48505, 19095107, 0, 0, 0
48601, 24076752, 0, 0, 0
48722, 24101615, 0, 0, 0
48818, 24170125, 0, 0, 0
48906, 22030057, 0, 0, 0
49002, 19088747, 0, 0, 0
49114, 22455917, 0, 0, 0
49202, 21998507, 0, 0, 0
49313, 15789185, 0, 0, 0
49401, 21993918, 0, 0, 0
49530, 25761577, 0, 0, 0
49609, 19913709, 0, 0, 0
49713, 20769917, 0, 0, 0
49809, 19102839, 0, 0, 0
49905, 24196215, 0, 0, 0
50002, 24088382, 0, 0, 0
50122, 24102896, 0, 0, 0
50202, 19917573, 0, 0, 0
50306, 20764179, 0, 0, 0
50469, 40737564, 0, 0, 0
50500, 15813238, 0, 0, 0
50604, 20775623, 0, 0, 0
50725, 24108296, 0, 0, 0
50805, 19912218, 0, 0, 0
50908, 20774560, 0, 0, 0
51004, 19110439, 0, 0, 0
51108, 20768688, 0, 0, 0
51230, 24367298, 0, 0, 0
51319, 22265760, 0, 0, 0
51400, 20172262, 0, 0, 0
51546, 24380006, 0, 0, 0
51685, 34861811, 0, 0, 0
51701, 15641591, 0, 0, 0
51807, 21124957, 0, 0, 0
51920, 22729663, 0, 0, 0
52009, 22272659, 0, 0, 0
52106, 19369202, 0, 0, 0
52203, 19436036, 0, 0, 0
52300, 19388628, 0, 0, 0
52414, 22697653, 0, 0, 0
52553, 34770104, 0, 0, 0
52635, 27192771, 0, 0, 0
52715, 20180163, 0, 0, 0
52812, 19399530, 0, 0, 0
52936, 41131025, 0, 0, 0
53000, 21507595, 0, 0, 0
53164, 32806115, 0, 0, 0
53287, 40955429, 0, 0, 0
53303, 16205719, 0, 0, 0
53409, 21031240, 0, 0, 0
53531, 30672508, 0, 0, 0
53637, 21056773, 0, 0, 0
53709, 24283600, 0, 0, 0
53815, 21045537, 0, 0, 0
53912, 19452498, 0, 0, 0
54001, 22280156, 0, 0, 0
54106, 21055288, 0, 0, 0
54213, 26517144, 0, 0, 0
54301, 17725773, 0, 0, 0
54414, 18806689, 0, 0, 0
54511, 24344073, 0, 0, 0
54601, 22268175, 0, 0, 0
54714, 18841100, 0, 0, 0
54828, 28605030, 0, 0, 0
54933, 21066397, 0, 0, 0
55022, 22276086, 0, 0, 0
55104, 20280846, 0, 0, 0
55209, 21027038, 0, 0, 0
55306, 19381105, 0, 0, 0
55403, 19363166, 0, 0, 0
55533, 26115571, 0, 0, 0
55606, 24278361, 0, 0, 0
55716, 21961727, 0, 0, 0
55830, 38214118, 0, 0, 0
55913, 41137322, 0, 0, 0
56010, 24358989, 0, 0, 0
56112, 25410903, 0, 0, 0
56225, 22709294, 0, 0, 0
56314, 17692172, 0, 0, 0
56411, 16212789, 0, 0, 0
56509, 19527464, 0, 0, 0
56632, 30749667, 0, 0, 0
56714, 20468216, 0, 0, 0
56804, 22442724, 0, 0, 0
56910, 21291357, 0, 0, 0
57000, 22445809, 0, 0, 0
57114, 22876549, 0, 0, 0
57212, 19619878, 0, 0, 0
57335, 24516206, 0, 0, 0
57425, 22449486, 0, 0, 0
57515, 22529683, 0, 0, 0
57613, 19533733, 0, 0, 0
57710, 19536711, 0, 0, 0
57800, 22541660, 0, 0, 0
57907, 35609123, 0, 0, 0
58005, 19621965, 0, 0, 0
58112, 26604249, 0, 0, 0
58202, 22439840, 0, 0, 0
58333, 26263702, 0, 0, 0
58423, 22435855, 0, 0, 0
58505, 20466400, 0, 0, 0
58644, 34933653, 0, 0, 0
58718, 24609678, 0, 0, 0
58858, 34949537, 0, 0, 0
58916, 28747167, 0, 0, 0
59005, 17887090, 0, 0, 0
59136, 21782221, 0, 0, 0
59226, 22537564, 0, 0, 0
59307, 20323283, 0, 0, 0
59405, 16230105, 0, 0, 0
59536, 26283568, 0, 0, 0
59626, 22430112, 0, 0, 0
59707, 20354249, 0, 0, 0
59805, 19618705, 0, 0, 0
59911, 21214906, 0, 0, 0
60001, 22445841, 0, 0, 0
60132, 21843520, 0, 0, 0
60214, 20359360, 0, 0, 0
60303, 22430281, 0, 0, 0
60402, 24614452, 0, 0, 0
60542, 34923741, 0, 0, 0
60623, 20456412, 0, 0, 0
60705, 20347282, 0, 0, 0
60803, 19545977, 0, 0, 0
60901, 24624755, 0, 0, 0
61015, 19001462, 0, 0, 0
61106, 91313333, 0, 0, 0
61212, 21188863, 0, 0, 0
61303, 22547282, 0, 0, 0
61400, 19519059, 0, 0, 0
61533, 26530344, 0, 0, 0
61623, 30011980, 0, 0, 0
61713, 22552543, 0, 0, 0
61803, 30021806, 0, 0, 0
61901, 19625860, 0, 0, 0
62008, 21224645, 0, 0, 0
62114, 21194244, 0, 0, 0
62228, 22884133, 0, 0, 0
62310, 20430786, 0, 0, 0
62407, 19544759, 0, 0, 0
62514, 21261612, 0, 0, 0
62612, 19554317, 0, 0, 0
62734, 24525420, 0, 0, 0
62825, 22561320, 0, 0, 0
62906, 20339977, 0, 0, 0
63004, 19540457, 0, 0, 0
63110, 21289982, 0, 0, 0
63200, 22454990, 0, 0, 0
63339, 23159535, 0, 0, 0
63429, 22526358, 0, 0, 0
63535, 26601270, 0, 0, 0
63617, 20345655, 0, 0, 0
63707, 22538856, 0, 0, 0
63813, 26605661, 0, 0, 0
63912, 19628084, 0, 0, 0
64009, 19541537, 0, 0, 0
64174, 41191100, 0, 0, 0
64207, 16276686, 0, 0, 0
64305, 32930426, 0, 0, 0
64405, 99266648, 0, 0, 0
64503, 19609023, 0, 0, 0
64600, 19537413, 0, 0, 0
64715, 28693454, 0, 0, 0
64814, 24603208, 0, 0, 0
64920, 26634257, 0, 0, 0
65010, 22540032, 0, 0, 0
65150, 34945335, 0, 0, 0
65274, 41275179, 0, 0, 0
65307, 16290324, 0, 0, 0
65414, 53524158, 0, 0, 0
65512, 24632333, 0, 0, 0
65610, 24513601, 0, 0, 0
65708, 19538884, 0, 0, 0
65831, 24625336, 0, 0, 0
65971, 34943014, 0, 0, 0
66003, 16246190, 0, 0, 0
66111, 53803119, 0, 0, 0
66209, 24532053, 0, 0, 0
66307, 19520105, 0, 0, 0
66430, 24625585, 0, 0, 0
66520, 22433116, 0, 0, 0
66601, 20327841, 0, 0, 0
66716, 19074414, 0, 0, 0
66806, 30051850, 0, 0, 0
66912, 21208038, 0, 0, 0
67000, 29522857, 0, 0, 0
67167, 33228546, 0, 0, 0
67211, 14809883, 0, 0, 0
67315, 52241792, 0, 0, 0
67400, 21091012, 0, 0, 0
67514, 18980291, 0, 0, 0
67605, 18199637, 0, 0, 0
67712, 21460358, 0, 0, 0
67826, 18987491, 0, 0, 0
67927, 25256743, 0, 0, 0
68027, 19893147, 0, 0, 0
68111, 20999069, 0, 0, 0
68210, 19858057, 0, 0, 0
68301, 18135959, 0, 0, 0
68400, 19864296, 0, 0, 0
68505, 17587411, 0, 0, 0
68621, 23188862, 0, 0, 0
68704, 16469165, 0, 0, 0
68809, 17593153, 0, 0, 0
68900, 18212444, 0, 0, 0
69002, 25271431, 0, 0, 0
69130, 18351838, 0, 0, 0
69214, 21083149, 0, 0, 0
69322, 21531428, 0, 0, 0
69404, 16467483, 0, 0, 0
69560, 25918863, 0, 0, 0
69604, 14827703, 0, 0, 0
69729, 24848363, 0, 0, 0
69813, 21107106, 0, 0, 0
69906, 23205154, 0, 0, 0
70013, 21461522, 0, 0, 0
70106, 23172160, 0, 0, 0
70205, 19804600, 0, 0, 0
70323, 29428947, 0, 0, 0
70407, 21098165, 0, 0, 0
70506, 19781001, 0, 0, 0
70612, 17659902, 0, 0, 0
70704, 23069778, 0, 0, 0
70812, 21540493, 0, 0, 0
70911, 19811094, 0, 0, 0
71011, 19877866, 0, 0, 0
71109, 19774011, 0, 0, 0
71236, 31540022, 0, 0, 0
71312, 19016187, 0, 0, 0
71402, 18111515, 0, 0, 0
71503, 25261212, 0, 0, 0
71626, 20370619, 0, 0, 0
71717, 18203070, 0, 0, 0
71801, 21108076, 0, 0, 0
71907, 17587774, 0, 0, 0
72029, 20389732, 0, 0, 0
72112, 20886706, 0, 0, 0
72202, 22248434, 0, 0, 0
72307, 21132165, 0, 0, 0
72404, 19350695, 0, 0, 0
72501, 19370539, 0, 0, 0
72623, 30621995, 0, 0, 0
72704, 20252957, 0, 0, 0
72801, 19379345, 0, 0, 0
72907, 21060176, 0, 0, 0
73003, 19361568, 0, 0, 0
73125, 24397645, 0, 0, 0
73206, 20265237, 0, 0, 0
73303, 19370363, 0, 0, 0
73409, 21031902, 0, 0, 0
73514, 21048490, 0, 0, 0
73604, 29981132, 0, 0, 0
73701, 19375782, 0, 0, 0
73823, 24400625, 0, 0, 0
73904, 20287407, 0, 0, 0
74035, 32694362, 0, 0, 0
74132, 24326945, 0, 0, 0
74221, 22392893, 0, 0, 0
74302, 20159635, 0, 0, 0
74415, 18836544, 0, 0, 0
74578, 27146512, 0, 0, 0
74610, 16114902, 0, 0, 0
74708, 24349151, 0, 0, 0
74807, 49495635, 0, 0, 0
74904, 24362736, 0, 0, 0
75009, 21028237, 0, 0, 0
75107, 19476582, 0, 0, 0
75279, 34374832, 0, 0, 0
75310, 15850926, 0, 0, 0
75400, 22382932, 0, 0, 0
75513, 22703226, 0, 0, 0
75619, 26437457, 0, 0, 0
75700, 20282040, 0, 0, 0
75813, 16065801, 0, 0, 0
75911, 49223772, 0, 0, 0
76035, 41130588, 0, 0, 0
76108, 24349672, 0, 0, 0
76213, 21032230, 0, 0, 0
76302, 22344182, 0, 0, 0
76400, 24358012, 0, 0, 0
76513, 18814964, 0, 0, 0
76602, 22380826, 0, 0, 0
76724, 24358256, 0, 0, 0
76813, 22293963, 0, 0, 0
76937, 41103570, 0, 0, 0
77010, 36810471, 0, 0, 0
77100, 29988385, 0, 0, 0
77205, 21054050, 0, 0, 0
77313, 26862269, 0, 0, 0
77406, 23169257, 0, 0, 0
77504, 19761747, 0, 0, 0
77604, 19845279, 0, 0, 0
77703, 19764027, 0, 0, 0
77825, 20353895, 0, 0, 0
77903, 26040516, 0, 0, 0
78002, 19773964, 0, 0, 0
78132, 21741131, 0, 0, 0
78225, 23158236, 0, 0, 0
78301, 18993177, 0, 0, 0
78402, 25233286, 0, 0, 0
78532, 21731199, 0, 0, 0
78616, 20969962, 0, 0, 0
78707, 18181635, 0, 0, 0
78812, 17574003, 0, 0, 0
78903, 18183143, 0, 0, 0
79019, 23107133, 0, 0, 0
79112, 23164336, 0, 0, 0
79219, 21433287, 0, 0, 0
79318, 19829033, 0, 0, 0
79400, 16440617, 0, 0, 0
79506, 17568594, 0, 0, 0
79613, 21501516, 0, 0, 0
79712, 19754202, 0, 0, 0
79803, 18198040, 0, 0, 0
79908, 17573392, 0, 0, 0
80013, 52216261, 0, 0, 0
80112, 19865009, 0, 0, 0
80232, 39792963, 0, 0, 0
80308, 18967255, 0, 0, 0
80406, 19775002, 0, 0, 0
80512, 17567102, 0, 0, 0
80613, 25238944, 0, 0, 0
80737, 24849982, 0, 0, 0
80813, 18905737, 0, 0, 0
80904, 18178469, 0, 0, 0
81011, 21437217, 0, 0, 0
81103, 23163700, 0, 0, 0
81203, 19844714, 0, 0, 0
81325, 20345096, 0, 0, 0
81409, 21075539, 0, 0, 0
81500, 18089466, 0, 0, 0
81605, 17568264, 0, 0, 0
81721, 23183580, 0, 0, 0
81807, 28682900, 0, 0, 0
81906, 19772998, 0, 0, 0
82001, 18995161, 0, 0, 0
82124, 30859454, 0, 0, 0
82222, 19554835, 0, 0, 0
82312, 22531613, 0, 0, 0
82402, 22429506, 0, 0, 0
82508, 21196849, 0, 0, 0
82606, 19616587, 0, 0, 0
82704, 19534909, 0, 0, 0
82818, 22872454, 0, 0, 0
82908, 22543422, 0, 0, 0
83014, 21196267, 0, 0, 0
83104, 22445474, 0, 0, 0
83211, 21298326, 0, 0, 0
83308, 19534653, 0, 0, 0
83423, 22869556, 0, 0, 0
83530, 26693613, 0, 0, 0
83603, 24483900, 0, 0, 0
83709, 21287365, 0, 0, 0
83816, 21212054, 0, 0, 0
83913, 19540416, 0, 0, 0
84028, 22865422, 0, 0, 0
84110, 20473984, 0, 0, 0
84208, 24502490, 0, 0, 0
84322, 22948673, 0, 0, 0
84412, 22444518, 0, 0, 0
84501, 17872891, 0, 0, 0
84601, 49609055, 0, 0, 0
84707, 21191478, 0, 0, 0
84813, 21306023, 0, 0, 0
84903, 22440407, 0, 0, 0
85001, 19545436, 0, 0, 0
85124, 24624147, 0, 0, 0
85214, 22437322, 0, 0, 0
85312, 24614727, 0, 0, 0
85410, 24516641, 0, 0, 0
85516, 21178307, 0, 0, 0
85614, 19617919, 0, 0, 0
85713, 49418067, 0, 0, 0
85803, 22537734, 0, 0, 0
85927, 41170451, 0, 0, 0
86059, 32981111, 0, 0, 0
86107, 16127661, 0, 0, 0
86239, 26283836, 0, 0, 0
86328, 22457150, 0, 0, 0
86410, 20316134, 0, 0, 0
86508, 19611499, 0, 0, 0
86606, 24538550, 0, 0, 0
86712, 21185372, 0, 0, 0
86802, 22541129, 0, 0, 0
86925, 30796846, 0, 0, 0
87007, 20461058, 0, 0, 0
87139, 43933238, 0, 0, 0
87213, 24593135, 0, 0, 0
87361, 37013208, 0, 0, 0
87435, 24610679, 0, 0, 0
87525, 29989374, 0, 0, 0
87617, 23166266, 0, 0, 0
87701, 27856843, 0, 0, 0
87810, 21918010, 0, 0, 0
87912, 20223172, 0, 0, 0
88012, 25166073, 0, 0, 0
88105, 30759329, 0, 0, 0
88231, 25251973, 0, 0, 0
88323, 23142898, 0, 0, 0
88416, 23045266, 0, 0, 0
88500, 21057000, 0, 0, 0
88610, 18285392, 0, 0, 0
88735, 31387556, 0, 0, 0
88803, 22450808, 0, 0, 0
88945, 35668918, 0, 0, 0
89021, 25205348, 0, 0, 0
89105, 20988417, 0, 0, 0
89206, 16901147, 0, 0, 0
89307, 25230371, 0, 0, 0
89408, 25138773, 0, 0, 0
89500, 18549989, 0, 0, 0
89618, 29405410, 0, 0, 0
89711, 23146741, 0, 0, 0
89853, 35561814, 0, 0, 0
89929, 25235695, 0, 0, 0
90013, 21068609, 0, 0, 0
90114, 20232608, 0, 0, 0
90206, 30627594, 0, 0, 0
90332, 25228675, 0, 0, 0
90400, 16914279, 0, 0, 0
90509, 27190768, 0, 0, 0
90601, 23145742, 0, 0, 0
90718, 58603134, 0, 0, 0
90811, 23130392, 0, 0, 0
90912, 20163449, 0, 0, 0
91004, 23154768, 0, 0, 0
91139, 26915873, 0, 0, 0
91223, 21062740, 0, 0, 0
91316, 23052952, 0, 0, 0
91408, 23138223, 0, 0, 0
91501, 23139609, 0, 0, 0
91643, 28488793, 0, 0, 0
91736, 23147478, 0, 0, 0
91820, 21066408, 0, 0, 0
91904, 21073312, 0, 0, 0
92005, 20142910, 0, 0, 0
92106, 20253984, 0, 0, 0
92233, 25216905, 0, 0, 0
92300, 16808269, 0, 0, 0
92468, 33562082, 0, 0, 0
92501, 16845443, 0, 0, 0
92627, 25165195, 0, 0, 0
92711, 21063334, 0, 0, 0
92804, 23160542, 0, 0, 0
92905, 20238930, 0, 0, 0
93006, 20156549, 0, 0, 0
93148, 28466329, 0, 0, 0
93213, 16067818, 0, 0, 0
93335, 24398419, 0, 0, 0
93424, 22388659, 0, 0, 0
93523, 49276663, 0, 0, 0
93612, 22388892, 0, 0, 0
93719, 53457058, 0, 0, 0
93809, 22393469, 0, 0, 0
93906, 19408108, 0, 0, 0
94037, 32722319, 0, 0, 0
94126, 22397187, 0, 0, 0
94216, 22289603, 0, 0, 0
94313, 19400039, 0, 0, 0
94402, 22365680, 0, 0, 0
94517, 38226133, 0, 0, 0
94656, 34810153, 0, 0, 0
94738, 27243576, 0, 0, 0
94820, 27294001, 0, 0, 0
94901, 20220154, 0, 0, 0
95006, 21067182, 0, 0, 0
95111, 21071187, 0, 0, 0
95201, 22407188, 0, 0, 0
95331, 21626506, 0, 0, 0
95412, 20207408, 0, 0, 0
95551, 34793728, 0, 0, 0
95674, 41112374, 0, 0, 0
95707, 16191326, 0, 0, 0
95829, 24411053, 0, 0, 0
95910, 27095876, 0, 0, 0
96000, 22421613, 0, 0, 0
96105, 21070396, 0, 0, 0
96202, 19400325, 0, 0, 0
96332, 21637224, 0, 0, 0
96413, 20304381, 0, 0, 0
96510, 19395455, 0, 0, 0
96633, 41017475, 0, 0, 0
96707, 24479024, 0, 0, 0
96812, 21067047, 0, 0, 0
96951, 27745862, 0, 0, 0
97032, 20318990, 0, 0, 0
97171, 34798156, 0, 0, 0
97203, 16153831, 0, 0, 0
97317, 22726026, 0, 0, 0
97414, 19390443, 0, 0, 0
97512, 24450942, 0, 0, 0
97601, 22293664, 0, 0, 0
97714, 18876748, 0, 0, 0
97828, 28527507, 0, 0, 0
97918, 22425045, 0, 0, 0
98049, 32724181, 0, 0, 0
98143, 23360687, 0, 0, 0
98203, 20314184, 0, 0, 0
98309, 17646366, 0, 0, 0
98408, 19763186, 0, 0, 0
98580, 28679028, 0, 0, 0
98610, 14877513, 0, 0, 0
98701, 18114699, 0, 0, 0
98817, 23183676, 0, 0, 0
98901, 20987378, 0, 0, 0
99000, 19851279, 0, 0, 0
99103, 34250696, 0, 0, 0
99273, 24325434, 0, 0, 0
99302, 14755614, 0, 0, 0
99405, 34207448, 0, 0, 0
99502, 16188730, 0, 0, 0
99643, 28179552, 0, 0, 0
99719, 18991223, 0, 0, 0
99803, 20980789, 0, 0, 0
99911, 21523209, 0, 0, 0
100009, 19755082, 0, 0, 0
100102, 23184694, 0, 0, 0
100224, 20344835, 0, 0, 0
100300, 18989830, 0, 0, 0
100414, 18957454, 0, 0, 0
100513, 19843436, 0, 0, 0
100629, 23095779, 0, 0, 0
100713, 21076491, 0, 0, 0
100804, 18083934, 0, 0, 0
100911, 21534711, 0, 0, 0
101010, 19773128, 0, 0, 0
101143, 26504091, 0, 0, 0
101219, 19011957, 0, 0, 0
101309, 18094548, 0, 0, 0
101400, 18174052, 0, 0, 0
101539, 23116496, 0, 0, 0
101615, 18992938, 0, 0, 0
101707, 23066622, 0, 0, 0
101806, 19843761, 0, 0, 0
101905, 19775357, 0, 0, 0
102005, 19853724, 0, 0, 0
102120, 23100983, 0, 0, 0
102213, 23163301, 0, 0, 0
102305, 23153076, 0, 0, 0
102404, 19761757, 0, 0, 0
102503, 19843727, 0, 0, 0
102636, 26431756, 0, 0, 0
102720, 21046090, 0, 0, 0
102813, 23160571, 0, 0, 0
102903, 18107642, 0, 0, 0
103025, 40788477, 0, 0, 0
103111, 21432755, 0, 0, 0
103211, 16609045, 0, 0, 0
103345, 26791616, 0, 0, 0
103439, 23512008, 0, 0, 0
103525, 21428548, 0, 0, 0
103610, 21435902, 0, 0, 0
103703, 18542886, 0, 0, 0
103811, 17934780, 0, 0, 0
103937, 25212694, 0, 0, 0
104073, 33919869, 0, 0, 0
104103, 15081675, 0, 0, 0
104286, 30511166, 0, 0, 0
104301, 14804247, 0, 0, 0
104409, 18007994, 0, 0, 0
104503, 23491735, 0, 0, 0
104609, 15178674, 0, 0, 0
104715, 52810736, 0, 0, 0
104818, 34575390, 0, 0, 0
104927, 21800097, 0, 0, 0
105037, 21891853, 0, 0, 0
105114, 19353676, 0, 0, 0
105207, 18541382, 0, 0, 0
105308, 20122022, 0, 0, 0
105408, 20187066, 0, 0, 0
105501, 18549063, 0, 0, 0
105619, 23535389, 0, 0, 0
105704, 21337785, 0, 0, 0
105812, 18000894, 0, 0, 0
105913, 20214438, 0, 0, 0
106031, 23465477, 0, 0, 0
106108, 19359586, 0, 0, 0
106211, 25602533, 0, 0, 0
106313, 25579730, 0, 0, 0
106414, 20216027, 0, 0, 0
106500, 21432898, 0, 0, 0
106609, 21796797, 0, 0, 0
106710, 20202660, 0, 0, 0
106811, 20193207, 0, 0, 0
106912, 20227470, 0, 0, 0
107038, 25135843, 0, 0, 0
107115, 19359321, 0, 0, 0
107209, 23517249, 0, 0, 0
107310, 20198186, 0, 0, 0
107403, 18537562, 0, 0, 0
107535, 22091150, 0, 0, 0
107623, 29040334, 0, 0, 0
107700, 19352041, 0, 0, 0
107801, 20212158, 0, 0, 0
107902, 20213196, 0, 0, 0
108041, 23148366, 0, 0, 0
108115, 18465211, 0, 0, 0
108212, 19414204, 0, 0, 0
108303, 22629299, 0, 0, 0
108414, 18520286, 0, 0, 0
108513, 24806491, 0, 0, 0
108635, 24336383, 0, 0, 0
108709, 18463621, 0, 0, 0
108803, 15753711, 0, 0, 0
108908, 21008061, 0, 0, 0
109036, 21315788, 0, 0, 0
109127, 22733857, 0, 0, 0
109212, 28255329, 0, 0, 0
109315, 17138574, 0, 0, 0
109411, 19327318, 0, 0, 0
109516, 20974395, 0, 0, 0
109611, 15764533, 0, 0, 0
109707, 19340071, 0, 0, 0
109804, 19343180, 0, 0, 0
109901, 19404129, 0, 0, 0
110006, 21024681, 0, 0, 0
110111, 21002891, 0, 0, 0
110202, 22728891, 0, 0, 0
110307, 21005540, 0, 0, 0
110419, 55932066, 0, 0, 0
110502, 20635053, 0, 0, 0
110605, 17125241, 0, 0, 0
110701, 19356409, 0, 0, 0
110813, 18531590, 0, 0, 0
110926, 22680223, 0, 0, 0
111000, 18466614, 0, 0, 0
111111, 18530850, 0, 0, 0
111208, 19415636, 0, 0, 0
111305, 19315305, 0, 0, 0
111418, 22682530, 0, 0, 0
111504, 14357081, 0, 0, 0
111624, 19917689, 0, 0, 0
111712, 17670661, 0, 0, 0
111807, 15750371, 0, 0, 0
111903, 19328269, 0, 0, 0
112000, 19360612, 0, 0, 0
112145, 24073797, 0, 0, 0
112219, 18583637, 0, 0, 0
112301, 20520448, 0, 0, 0
112410, 15577906, 0, 0, 0
112512, 20305019, 0, 0, 0
112604, 18414838, 0, 0, 0
112704, 20006048, 0, 0, 0
112829, 25107606, 0, 0, 0
112906, 19215558, 0, 0, 0
113013, 17812230, 0, 0, 0
113114, 20104606, 0, 0, 0
113239, 24991567, 0, 0, 0
113316, 19239311, 0, 0, 0
113401, 21288463, 0, 0, 0
113524, 20594464, 0, 0, 0
113601, 19210640, 0, 0, 0
113702, 20099901, 0, 0, 0
113802, 20072909, 0, 0, 0
113911, 21696822, 0, 0, 0
114003, 18404211, 0, 0, 0
114103, 20029581, 0, 0, 0
114235, 22028130, 0, 0, 0
114310, 15001084, 0, 0, 0
114401, 15096242, 0, 0, 0
114506, 15047502, 0, 0, 0
114611, 15048352, 0, 0, 0
114702, 15031958, 0, 0, 0
114807, 15055845, 0, 0, 0
114912, 15054396, 0, 0, 0
115021, 21758175, 0, 0, 0
115105, 16772605, 0, 0, 0
115210, 15049897, 0, 0, 0
115301, 15029377, 0, 0, 0
115406, 15047251, 0, 0, 0
115511, 15045969, 0, 0, 0
115612, 20082653, 0, 0, 0
115712, 20004692, 0, 0, 0
115812, 20093300, 0, 0, 0
115924, 37269112, 0, 0, 0
116059, 33815815, 0, 0, 0
116100, 40153577, 0, 0, 0
116200, 20004884, 0, 0, 0
116300, 20066596, 0, 0, 0
116445, 48380694, 0, 0, 0
116507, 20552134, 0, 0, 0
116607, 20084249, 0, 0, 0
116708, 20101602, 0, 0, 0
116831, 20589952, 0, 0, 0
116917, 21322472, 0, 0, 0
117002, 21323057, 0, 0, 0
117112, 27629141, 0, 0, 0
117236, 24767391, 0, 0, 0
117312, 18992917, 0, 0, 0
117405, 23148465, 0, 0, 0
117504, 19764470, 0, 0, 0
117628, 24844752, 0, 0, 0
117712, 21073770, 0, 0, 0
117811, 19768706, 0, 0, 0
117912, 25249740, 0, 0, 0
118011, 19774128, 0, 0, 0
118110, 19851875, 0, 0, 0
118201, 18095345, 0, 0, 0
118331, 21739721, 0, 0, 0
118409, 26022520, 0, 0, 0
118508, 19762042, 0, 0, 0
118632, 24772863, 0, 0, 0
118716, 21065714, 0, 0, 0
118801, 21081855, 0, 0, 0
118902, 25260230, 0, 0, 0
119007, 17559751, 0, 0, 0
119123, 23118169, 0, 0, 0
119207, 21058824, 0, 0, 0
119312, 17576207, 0, 0, 0
119405, 23156715, 0, 0, 0
119504, 19840462, 0, 0, 0
119610, 17570018, 0, 0, 0
119714, 52222154, 0, 0, 0
119813, 19850225, 0, 0, 0
119948, 33592702, 0, 0, 0
120002, 27194035, 0, 0, 0
120108, 17582713, 0, 0, 0
120213, 17573915, 0, 0, 0
120312, 19844589, 0, 0, 0
120405, 23135743, 0, 0, 0
120510, 17569154, 0, 0, 0
120626, 23111386, 0, 0, 0
120710, 21081343, 0, 0, 0
120834, 24766541, 0, 0, 0
120910, 19005563, 0, 0, 0
121045, 33589985, 0, 0, 0
121114, 23116217, 0, 0, 0
121205, 18185824, 0, 0, 0
121304, 19762660, 0, 0, 0
121428, 24840950, 0, 0, 0
121512, 20968051, 0, 0, 0
121611, 19850517, 0, 0, 0
121712, 25240866, 0, 0, 0
121809, 19471341, 0, 0, 0
121937, 25596067, 0, 0, 0
122075, 34324610, 0, 0, 0
122106, 15619681, 0, 0, 0
122201, 18919545, 0, 0, 0
122307, 52955717, 0, 0, 0
122401, 18928815, 0, 0, 0
122504, 20579239, 0, 0, 0
122624, 23900745, 0, 0, 0
122761, 34330219, 0, 0, 0
122825, 21199923, 0, 0, 0
122928, 20609503, 0, 0, 0
123007, 19717136, 0, 0, 0
123110, 20604077, 0, 0, 0
123213, 25979458, 0, 0, 0
123301, 21811793, 0, 0, 0
123436, 22537521, 0, 0, 0
123540, 25971067, 0, 0, 0
123627, 21815734, 0, 0, 0
123706, 19726933, 0, 0, 0
123809, 20588209, 0, 0, 0
123904, 18926761, 0, 0, 0
124025, 40540395, 0, 0, 0
124121, 23899950, 0, 0, 0
124200, 19836573, 0, 0, 0
124311, 22163749, 0, 0, 0
124406, 18914933, 0, 0, 0
124509, 20575685, 0, 0, 0
124628, 23916578, 0, 0, 0
124707, 19727999, 0, 0, 0
124852, 28926126, 0, 0, 0
124924, 23982561, 0, 0, 0
125010, 17273409, 0, 0, 0
125104, 18838689, 0, 0, 0
125247, 20369904, 0, 0, 0
125343, 23889149, 0, 0, 0
125414, 23859740, 0, 0, 0
125509, 18910266, 0, 0, 0
125637, 25581351, 0, 0, 0
125724, 21818103, 0, 0, 0
125803, 19838450, 0, 0, 0
125906, 20508279, 0, 0, 0
126010, 26084753, 0, 0, 0
126130, 23917586, 0, 0, 0
126217, 21794183, 0, 0, 0
126312, 18933158, 0, 0, 0
126407, 23886148, 0, 0, 0
126510, 20580431, 0, 0, 0
126605, 18915598, 0, 0, 0
126716, 22172814, 0, 0, 0
126804, 29553759, 0, 0, 0
126913, 21778066, 0, 0, 0
127010, 24187064, 0, 0, 0
127131, 24102190, 0, 0, 0
127269, 34500055, 0, 0, 0
127300, 15801046, 0, 0, 0
127404, 20778315, 0, 0, 0
127502, 48929029, 0, 0, 0
127633, 43617361, 0, 0, 0
127713, 19938030, 0, 0, 0
127802, 29612483, 0, 0, 0
127905, 20777084, 0, 0, 0
128001, 19108999, 0, 0, 0
128108, 53353317, 0, 0, 0
128203, 19099668, 0, 0, 0
128302, 49174004, 0, 0, 0
128406, 26135540, 0, 0, 0
128511, 26179119, 0, 0, 0
128641, 32406802, 0, 0, 0
128720, 19921544, 0, 0, 0
128809, 22098403, 0, 0, 0
128904, 19110417, 0, 0, 0
129008, 20771661, 0, 0, 0
129104, 19106526, 0, 0, 0
129232, 25769280, 0, 0, 0
129313, 26820190, 0, 0, 0
129458, 24109340, 0, 0, 0
129505, 15711757, 0, 0, 0
129604, 99167592, 0, 0, 0
129708, 20759418, 0, 0, 0
129803, 19107089, 0, 0, 0
129910, 53372670, 0, 0, 0
130014, 20756358, 0, 0, 0
130110, 24106534, 0, 0, 0
130205, 15782843, 0, 0, 0
130319, 37934828, 0, 0, 0
130415, 19156224, 0, 0, 0
130503, 22014024, 0, 0, 0
130614, 18542439, 0, 0, 0
130702, 22022146, 0, 0, 0
130813, 18546819, 0, 0, 0
130904, 90492671, 0, 0, 0
131000, 19121595, 0, 0, 0
131105, 26270690, 0, 0, 0
131225, 24102411, 0, 0, 0
131322, 24077644, 0, 0, 0
131409, 21992026, 0, 0, 0
131513, 20762595, 0, 0, 0
131601, 21994289, 0, 0, 0
131713, 18546804, 0, 0, 0
131809, 24104265, 0, 0, 0
131905, 19194288, 0, 0, 0
132034, 25774707, 0, 0, 0
132114, 19913322, 0, 0, 0
132202, 21998252, 0, 0, 0
132313, 18556170, 0, 0, 0
132401, 21995933, 0, 0, 0
132506, 21081731, 0, 0, 0
132637, 26112384, 0, 0, 0
132718, 20185450, 0, 0, 0
132807, 22273301, 0, 0, 0
132912, 21124574, 0, 0, 0
133009, 19372346, 0, 0, 0
133124, 38213689, 0, 0, 0
133205, 20279926, 0, 0, 0
133310, 21036259, 0, 0, 0
133416, 21031021, 0, 0, 0
133506, 30002904, 0, 0, 0
133636, 26040679, 0, 0, 0
133716, 20160772, 0, 0, 0
133806, 22299250, 0, 0, 0
133903, 24450653, 0, 0, 0
134025, 24379597, 0, 0, 0
134115, 22275653, 0, 0, 0
134212, 19449407, 0, 0, 0
134301, 22245137, 0, 0, 0
134406, 21047853, 0, 0, 0
134511, 21018949, 0, 0, 0
134625, 22723347, 0, 0, 0
134714, 22343777, 0, 0, 0
134804, 29905863, 0, 0, 0
134901, 19459164, 0, 0, 0
135048, 29381976, 0, 0, 0
135121, 24295810, 0, 0, 0
135202, 20308056, 0, 0, 0
135314, 16002261, 0, 0, 0
135412, 24436933, 0, 0, 0
135503, 91104025, 0, 0, 0
135626, 40991588, 0, 0, 0
135741, 38328063, 0, 0, 0
135806, 21519479, 0, 0, 0
135911, 21045161, 0, 0, 0
136008, 19474375, 0, 0, 0
136105, 19374843, 0, 0, 0
136219, 22692898, 0, 0, 0
136316, 24342913, 0, 0, 0
136430, 22801846, 0, 0, 0
136561, 43755773, 0, 0, 0
136626, 21627618, 0, 0, 0
136724, 24352727, 0, 0, 0
136813, 22275911, 0, 0, 0
136910, 19378100, 0, 0, 0
137015, 21128863, 0, 0, 0
137112, 19369523, 0, 0, 0
137209, 19391843, 0, 0, 0
137314, 21037639, 0, 0, 0
137411, 19349050, 0, 0, 0
137501, 22363271, 0, 0, 0
137639, 22992897, 0, 0, 0
137728, 22269926, 0, 0, 0
137828, 24949352, 0, 0, 0
137909, 20377406, 0, 0, 0
138007, 19611324, 0, 0, 0
138113, 21205278, 0, 0, 0
138236, 24538339, 0, 0, 0
138334, 24630535, 0, 0, 0
138474, 34933881, 0, 0, 0
138507, 16224717, 0, 0, 0
138613, 26602251, 0, 0, 0
138703, 22534219, 0, 0, 0
138809, 21211384, 0, 0, 0
138907, 19546254, 0, 0, 0
139014, 21288467, 0, 0, 0
139112, 24526735, 0, 0, 0
139284, 34552320, 0, 0, 0
139326, 41278600, 0, 0, 0
139407, 16182584, 0, 0, 0
139513, 21282405, 0, 0, 0
139636, 24535787, 0, 0, 0
139710, 24624762, 0, 0, 0
139815, 17607268, 0, 0, 0
139913, 19546852, 0, 0, 0
140003, 22437251, 0, 0, 0
140110, 26706534, 0, 0, 0
140207, 16229036, 0, 0, 0
140363, 31189354, 0, 0, 0
140429, 21834557, 0, 0, 0
140518, 22449816, 0, 0, 0
140608, 22510136, 0, 0, 0
140715, 26605795, 0, 0, 0
140805, 22555252, 0, 0, 0
140929, 41145376, 0, 0, 0
141002, 24625803, 0, 0, 0
141100, 19542451, 0, 0, 0
141214, 18997843, 0, 0, 0
141304, 22554336, 0, 0, 0
141437, 66062055, 0, 0, 0
141518, 20424838, 0, 0, 0
141600, 20352099, 0, 0, 0
141707, 26719596, 0, 0, 0
141813, 21199421, 0, 0, 0
141960, 29564837, 0, 0, 0
142026, 21818941, 0, 0, 0
142132, 21210530, 0, 0, 0
142214, 20451765, 0, 0, 0
142312, 19552518, 0, 0, 0
142427, 38360365, 0, 0, 0
142508, 20432817, 0, 0, 0
142614, 21198170, 0, 0, 0
142705, 22561963, 0, 0, 0
142802, 19540674, 0, 0, 0
142908, 21201093, 0, 0, 0
143031, 24546752, 0, 0, 0
143109, 38994071, 0, 0, 0
143200, 18204235, 0, 0, 0
143308, 21472729, 0, 0, 0
143409, 25259429, 0, 0, 0
143558, 29842126, 0, 0, 0
143629, 35585929, 0, 0, 0
143722, 23182391, 0, 0, 0
143806, 21107026, 0, 0, 0
143912, 17611963, 0, 0, 0
144026, 18976487, 0, 0, 0
144102, 19044043, 0, 0, 0
144207, 17580684, 0, 0, 0
144338, 21778054, 0, 0, 0
144414, 18980269, 0, 0, 0
144505, 18214820, 0, 0, 0
144611, 17597682, 0, 0, 0
144714, 34252000, 0, 0, 0
144804, 18128490, 0, 0, 0
144927, 20446377, 0, 0, 0
145011, 20986442, 0, 0, 0
145110, 19874600, 0, 0, 0
145208, 16216942, 0, 0, 0
145313, 17592219, 0, 0, 0
145406, 23157166, 0, 0, 0
145505, 19801150, 0, 0, 0
145604, 19868729, 0, 0, 0
145728, 24791061, 0, 0, 0
145806, 26066756, 0, 0, 0
145905, 19798136, 0, 0, 0
146030, 24877166, 0, 0, 0
146114, 20981197, 0, 0, 0
146213, 19885525, 0, 0, 0
146312, 19788879, 0, 0, 0
146411, 19848848, 0, 0, 0
146535, 24798364, 0, 0, 0
146620, 21113656, 0, 0, 0
146704, 21086608, 0, 0, 0
146810, 17593264, 0, 0, 0
146914, 52269145, 0, 0, 0
147007, 23188941, 0, 0, 0
147131, 24874513, 0, 0, 0
147216, 21098639, 0, 0, 0
147300, 20997060, 0, 0, 0
147414, 19045296, 0, 0, 0
147513, 19787865, 0, 0, 0
147629, 23128581, 0, 0, 0
147713, 21072996, 0, 0, 0
147813, 19889736, 0, 0, 0
147912, 19794406, 0, 0, 0
148020, 21750570, 0, 0, 0
148101, 20270283, 0, 0, 0
148207, 21051285, 0, 0, 0
148303, 19356001, 0, 0, 0
148409, 21047146, 0, 0, 0
148514, 21035993, 0, 0, 0
148612, 24433494, 0, 0, 0
148709, 24369160, 0, 0, 0
148806, 19375152, 0, 0, 0
148920, 22800914, 0, 0, 0
149009, 22272698, 0, 0, 0
149107, 24359347, 0, 0, 0
149213, 26526993, 0, 0, 0
149336, 40995844, 0, 0, 0
149409, 24443462, 0, 0, 0
149506, 24340944, 0, 0, 0
149619, 18826038, 0, 0, 0
149708, 22278842, 0, 0, 0
149806, 19449018, 0, 0, 0
149911, 21045436, 0, 0, 0
150000, 22268693, 0, 0, 0
150138, 23001762, 0, 0, 0
150203, 21676518, 0, 0, 0
150308, 17439304, 0, 0, 0
150405, 19366278, 0, 0, 0
150502, 24346143, 0, 0, 0
150607, 21037406, 0, 0, 0
150705, 24454082, 0, 0, 0
150803, 24358077, 0, 0, 0
150933, 26055693, 0, 0, 0
151022, 22365924, 0, 0, 0
151111, 22278026, 0, 0, 0
151209, 24352590, 0, 0, 0
151307, 24423489, 0, 0, 0
151404, 24367880, 0, 0, 0
151509, 21030259, 0, 0, 0
151614, 21020618, 0, 0, 0
151704, 22369087, 0, 0, 0
151834, 26060080, 0, 0, 0
151915, 20200192, 0, 0, 0
152004, 22374542, 0, 0, 0
152110, 21042782, 0, 0, 0
152207, 19366760, 0, 0, 0
152312, 21035610, 0, 0, 0
152401, 22369863, 0, 0, 0
152507, 35412201, 0, 0, 0
152613, 21038907, 0, 0, 0
152710, 19450351, 0, 0, 0
152832, 24384233, 0, 0, 0
152913, 20189179, 0, 0, 0
153002, 22279274, 0, 0, 0
153107, 21118417, 0, 0, 0
153213, 26441419, 0, 0, 0
153307, 18745362, 0, 0, 0
153414, 21415728, 0, 0, 0
153515, 25252352, 0, 0, 0
153614, 19762794, 0, 0, 0
153713, 19856149, 0, 0, 0
153837, 24751468, 0, 0, 0
153921, 21102195, 0, 0, 0
154007, 28689212, 0, 0, 0
154113, 17574387, 0, 0, 0
154204, 18167753, 0, 0, 0
154311, 21447603, 0, 0, 0
154402, 18159593, 0, 0, 0
154509, 21439889, 0, 0, 0
154633, 24848022, 0, 0, 0
154718, 21082591, 0, 0, 0
154802, 20981608, 0, 0, 0
154901, 19847532, 0, 0, 0
155002, 25250863, 0, 0, 0
155109, 21437144, 0, 0, 0
155208, 19759254, 0, 0, 0
155305, 16250695, 0, 0, 0
155421, 23098622, 0, 0, 0
155507, 28668039, 0, 0, 0
155612, 17568549, 0, 0, 0
155712, 19848142, 0, 0, 0
155804, 23160700, 0, 0, 0
155903, 19780265, 0, 0, 0
156027, 24852019, 0, 0, 0
156111, 20957155, 0, 0, 0
156204, 23161677, 0, 0, 0
156303, 19841342, 0, 0, 0
156435, 26436760, 0, 0, 0
156505, 23122799, 0, 0, 0
156604, 19827361, 0, 0, 0
156703, 19767268, 0, 0, 0
156802, 19852232, 0, 0, 0
156959, 31442050, 0, 0, 0
157014, 27475960, 0, 0, 0
157105, 18090508, 0, 0, 0
157210, 17570550, 0, 0, 0
157326, 23176580, 0, 0, 0
157410, 20988998, 0, 0, 0
157509, 19843543, 0, 0, 0
157608, 19765425, 0, 0, 0
157726, 29388381, 0, 0, 0
157802, 19021195, 0, 0, 0
157907, 17562433, 0, 0, 0
158001, 18829478, 0, 0, 0
158132, 26213812, 0, 0, 0
158222, 22455937, 0, 0, 0
158312, 22509045, 0, 0, 0
158410, 19534781, 0, 0, 0
158508, 19536710, 0, 0, 0
158606, 24616844, 0, 0, 0
158712, 21203728, 0, 0, 0
158802, 22541058, 0, 0, 0
158908, 21217739, 0, 0, 0
159015, 26605412, 0, 0, 0
159105, 22544203, 0, 0, 0
159228, 24538813, 0, 0, 0
159317, 22431881, 0, 0, 0
159408, 22552648, 0, 0, 0
159522, 22864610, 0, 0, 0
159611, 17873618, 0, 0, 0
159702, 22526977, 0, 0, 0
159800, 24526228, 0, 0, 0
159906, 21291257, 0, 0, 0
160013, 53567861, 0, 0, 0
160112, 19638312, 0, 0, 0
160202, 30039721, 0, 0, 0
160300, 24595310, 0, 0, 0
160406, 26615214, 0, 0, 0
160529, 20381195, 0, 0, 0
160611, 27376412, 0, 0, 0
160709, 19553638, 0, 0, 0
160806, 19542336, 0, 0, 0
160913, 21292418, 0, 0, 0
161012, 49398594, 0, 0, 0
161102, 22540099, 0, 0, 0
161208, 21208636, 0, 0, 0
161314, 21220849, 0, 0, 0
161404, 22506905, 0, 0, 0
161502, 19547724, 0, 0, 0
161625, 24540147, 0, 0, 0
161715, 22539175, 0, 0, 0
161855, 34943807, 0, 0, 0
161928, 24624309, 0, 0, 0
162010, 20356349, 0, 0, 0
162108, 19624191, 0, 0, 0
162206, 19537018, 0, 0, 0
162313, 53784211, 0, 0, 0
162403, 22422086, 0, 0, 0
162509, 26582376, 0, 0, 0
162600, 22549343, 0, 0, 0
162706, 26589188, 0, 0, 0
162812, 21305900, 0, 0, 0
162920, 53599564, 0, 0, 0
163010, 22521893, 0, 0, 0
163100, 22443895, 0, 0, 0
163215, 28782439, 0, 0, 0
163332, 23474656, 0, 0, 0
163408, 25191184, 0, 0, 0
163500, 23173005, 0, 0, 0
163609, 27183060, 0, 0, 0
163760, 30251403, 0, 0, 0
163828, 22441177, 0, 0, 0
163929, 20259625, 0, 0, 0
164013, 20946256, 0, 0, 0
164114, 20258690, 0, 0, 0
164207, 23145725, 0, 0, 0
164307, 25106374, 0, 0, 0
164400, 23163807, 0, 0, 0
164501, 25227180, 0, 0, 0
164610, 21880111, 0, 0, 0
164702, 23050942, 0, 0, 0
164812, 21926240, 0, 0, 0
164913, 20235422, 0, 0, 0
165031, 23494429, 0, 0, 0
165115, 21043572, 0, 0, 0
165216, 20254688, 0, 0, 0
165317, 25105063, 0, 0, 0
165409, 18577304, 0, 0, 0
165502, 18564900, 0, 0, 0
165611, 21802505, 0, 0, 0
165712, 25254065, 0, 0, 0
165805, 23136272, 0, 0, 0
165939, 26826189, 0, 0, 0
166040, 25236719, 0, 0, 0
166116, 25242529, 0, 0, 0
166200, 21088629, 0, 0, 0
166301, 20130447, 0, 0, 0
166402, 20248399, 0, 0, 0
166503, 20226862, 0, 0, 0
166629, 31382431, 0, 0, 0
166721, 23147978, 0, 0, 0
166814, 23147685, 0, 0, 0
166907, 23159376, 0, 0, 0
167016, 21820919, 0, 0, 0
167108, 23163884, 0, 0, 0
167201, 23148438, 0, 0, 0
167302, 20141527, 0, 0, 0
167403, 20231025, 0, 0, 0
167521, 23557465, 0, 0, 0
167613, 23050560, 0, 0, 0
167706, 23147024, 0, 0, 0
167807, 20235712, 0, 0, 0
167908, 20160447, 0, 0, 0
168009, 25238308, 0, 0, 0
168126, 23570581, 0, 0, 0
168219, 23147889, 0, 0, 0
168311, 23054199, 0, 0, 0
168404, 23136659, 0, 0, 0
168504, 25069746, 0, 0, 0
168609, 21061257, 0, 0, 0
168706, 19398890, 0, 0, 0
168837, 26151934, 0, 0, 0
168918, 20228126, 0, 0, 0
169007, 22302372, 0, 0, 0
169113, 21066871, 0, 0, 0
169210, 19479954, 0, 0, 0
169307, 19396099, 0, 0, 0
169414, 53617902, 0, 0, 0
169511, 19399837, 0, 0, 0
169609, 24370098, 0, 0, 0
169714, 17470573, 0, 0, 0
169812, 24482482, 0, 0, 0
169934, 24394516, 0, 0, 0
170023, 22322176, 0, 0, 0
170113, 22401344, 0, 0, 0
170210, 19395175, 0, 0, 0
170307, 19397652, 0, 0, 0
170412, 26429498, 0, 0, 0
170509, 16091796, 0, 0, 0
170615, 21138353, 0, 0, 0
170704, 22277769, 0, 0, 0
170801, 24406400, 0, 0, 0
170915, 22804477, 0, 0, 0
171005, 22328505, 0, 0, 0
171144, 34777773, 0, 0, 0
171226, 27253221, 0, 0, 0
171306, 20210377, 0, 0, 0
171412, 21081256, 0, 0, 0
171501, 22389052, 0, 0, 0
171615, 18838869, 0, 0, 0
171787, 34424869, 0, 0, 0
171803, 16053913, 0, 0, 0
171900, 19407676, 0, 0, 0
172022, 24409958, 0, 0, 0
172111, 22398496, 0, 0, 0
172209, 19416135, 0, 0, 0
172306, 24354669, 0, 0, 0
172411, 21061245, 0, 0, 0
172509, 19477101, 0, 0, 0
172631, 24415040, 0, 0, 0
172712, 20218691, 0, 0, 0
172809, 19402901, 0, 0, 0
172914, 21135834, 0, 0, 0
173004, 22329035, 0, 0, 0
173123, 23895914, 0, 0, 0
173222, 19859930, 0, 0, 0
173307, 21056979, 0, 0, 0
173439, 26436437, 0, 0, 0
173523, 21069990, 0, 0, 0
173609, 28679358, 0, 0, 0
173700, 18084813, 0, 0, 0
173831, 21808846, 0, 0, 0
173915, 20988063, 0, 0, 0
174014, 19852286, 0, 0, 0
174113, 19771817, 0, 0, 0
174202, 14862371, 0, 0, 0
174305, 14753240, 0, 0, 0
174409, 14809555, 0, 0, 0
174517, 15506456, 0, 0, 0
174614, 24041140, 0, 0, 0
174702, 14793354, 0, 0, 0
174806, 14816293, 0, 0, 0
174920, 18957983, 0, 0, 0
175025, 17577371, 0, 0, 0
175100, 14865342, 0, 0, 0
175219, 39798168, 0, 0, 0
175312, 23154979, 0, 0, 0
175427, 23093486, 0, 0, 0
175503, 18971581, 0, 0, 0
175633, 21733541, 0, 0, 0
175726, 23162698, 0, 0, 0
175810, 21087297, 0, 0, 0
175926, 23103145, 0, 0, 0
176010, 21088915, 0, 0, 0
176101, 18099023, 0, 0, 0
176200, 19864712, 0, 0, 0
176305, 52227776, 0, 0, 0
176404, 19831947, 0, 0, 0
176500, 48051201, 0, 0, 0
176607, 21496266, 0, 0, 0
176730, 20363607, 0, 0, 0
176806, 18981390, 0, 0, 0
176905, 19773905, 0, 0, 0
177006, 25270610, 0, 0, 0
177104, 19752719, 0, 0, 0
177204, 19860491, 0, 0, 0
177306, 34235337, 0, 0, 0
177405, 19745371, 0, 0, 0
177504, 19855620, 0, 0, 0
177628, 24749468, 0, 0, 0
177713, 21097799, 0, 0, 0
177839, 31661486, 0, 0, 0
177917, 19346063, 0, 0, 0
178002, 21440051, 0, 0, 0
178104, 20225663, 0, 0, 0
178211, 17929410, 0, 0, 0
178302, 90290374, 0, 0, 0
178447, 48470580, 0, 0, 0
178533, 21407773, 0, 0, 0
178610, 19353282, 0, 0, 0
178746, 33956482, 0, 0, 0
178816, 23490903, 0, 0, 0
178909, 18546218, 0, 0, 0
179010, 20200627, 0, 0, 0
179102, 18461839, 0, 0, 0
179220, 23541926, 0, 0, 0
179306, 21451242, 0, 0, 0
179408, 25596247, 0, 0, 0
179509, 20184075, 0, 0, 0
179610, 20137923, 0, 0, 0
179704, 23501437, 0, 0, 0
179812, 18009306, 0, 0, 0
179956, 36039591, 0, 0, 0
180002, 15153012, 0, 0, 0
