146, 6, 0, 0, 0
246, 30, 0, 0, 0
346, 40, 0, 0, 0
446, 50, 0, 0, 0
546, 50, 0, 0, 0
646, 60, 0, 0, 0
746, 50, 0, 0, 0
846, 50, 0, 0, 0
946, 50, 0, 0, 0
1046, 50, 0, 0, 0
1146, 20, 0, 0, 0
1246, 30, 0, 0, 0
1346, 40, 0, 0, 0
1446, 50, 0, 0, 0
1546, 50, 0, 0, 0
1645, 40, 0, 0, 0
1745, 50, 0, 0, 0
1845, 40, 0, 0, 0
1945, 40, 0, 0, 0
2045, 50, 0, 0, 0
2146, 50, 0, 0, 0
2246, 50, 0, 0, 0
2346, 40, 0, 0, 0
2446, 50, 0, 0, 0
2546, 40, 0, 0, 0
2646, 50, 0, 0, 0
2746, 50, 0, 0, 0
2846, 50, 0, 0, 0
2946, 50, 0, 0, 0
3046, 40, 0, 0, 0
3145, 40, 0, 0, 0
3245, 50, 0, 0, 0
3345, 50, 0, 0, 0
3446, 50, 0, 0, 0
3546, 30, 0, 0, 0
3646, 40, 0, 0, 0
3746, 50, 0, 0, 0
3846, 40, 0, 0, 0
3946, 50, 0, 0, 0
4046, 40, 0, 0, 0
4146, 40, 0, 0, 0
4246, 30, 0, 0, 0
4346, 50, 0, 0, 0
4446, 40, 0, 0, 0
4546, 50, 0, 0, 0
4645, 40, 0, 0, 0
4745, 50, 0, 0, 0
4845, 30, 0, 0, 0
4946, 30, 0, 0, 0
5046, 50, 0, 0, 0
5146, 50, 0, 0, 0
5246, 50, 0, 0, 0
5346, 50, 0, 0, 0
5446, 40, 0, 0, 0
5546, 40, 0, 0, 0
5646, 50, 0, 0, 0
5746, 50, 0, 0, 0
5846, 50, 0, 0, 0
5946, 50, 0, 0, 0
6046, 30, 0, 0, 0
6145, 50, 0, 0, 0
6245, 50, 0, 0, 0
6345, 40, 0, 0, 0
6446, 30, 0, 0, 0
6546, 40, 0, 0, 0
6646, 50, 0, 0, 0
6746, 40, 0, 0, 0
6846, 40, 0, 0, 0
6946, 50, 0, 0, 0
7046, 30, 0, 0, 0
7145, 40, 0, 0, 0
7245, 40, 0, 0, 0
7345, 50, 0, 0, 0
7445, 50, 0, 0, 0
7545, 40, 0, 0, 0
7645, 50, 0, 0, 0
7746, 40, 0, 0, 0
7846, 40, 0, 0, 0
7946, 40, 0, 0, 0
8046, 40, 0, 0, 0
8146, 50, 0, 0, 0
8246, 30, 0, 0, 0
8346, 30, 0, 0, 0
8446, 40, 0, 0, 0
8546, 40, 0, 0, 0
8645, 40, 0, 0, 0
8745, 50, 0, 0, 0
8845, 60, 0, 0, 0
8945, 50, 0, 0, 0
9045, 40, 0, 0, 0
9146, 30, 0, 0, 0
9246, 50, 0, 0, 0
9346, 30, 0, 0, 0
9446, 40, 0, 0, 0
9546, 40, 0, 0, 0
9646, 40, 0, 0, 0
9746, 50, 0, 0, 0
9846, 40, 0, 0, 0
9946, 40, 0, 0, 0
10046, 50, 0, 0, 0
10145, 40, 0, 0, 0
10245, 40, 0, 0, 0
10345, 50, 0, 0, 0
10445, 50, 0, 0, 0
10545, 40, 0, 0, 0
10646, 50, 0, 0, 0
10746, 40, 0, 0, 0
10846, 50, 0, 0, 0
10946, 40, 0, 0, 0
11046, 30, 0, 0, 0
11146, 10, 0, 0, 0
11246, 40, 0, 0, 0
11346, 50, 0, 0, 0
11446, 50, 0, 0, 0
11546, 40, 0, 0, 0
11645, 50, 0, 0, 0
11745, 50, 0, 0, 0
11845, 40, 0, 0, 0
11946, 40, 0, 0, 0
12046, 40, 0, 0, 0
12146, 50, 0, 0, 0
12246, 50, 0, 0, 0
12346, 50, 0, 0, 0
12446, 40, 0, 0, 0
12546, 50, 0, 0, 0
12646, 40, 0, 0, 0
12746, 50, 0, 0, 0
12846, 50, 0, 0, 0
12946, 50, 0, 0, 0
13046, 40, 0, 0, 0
13145, 40, 0, 0, 0
13245, 50, 0, 0, 0
13345, 40, 0, 0, 0
13446, 40, 0, 0, 0
13546, 40, 0, 0, 0
13646, 30, 0, 0, 0
13746, 50, 0, 0, 0
13846, 60, 0, 0, 0
13946, 60, 0, 0, 0
14046, 10, 0, 0, 0
14145, 50, 0, 0, 0
14245, 50, 0, 0, 0
14345, 30, 0, 0, 0
14445, 50, 0, 0, 0
14545, 50, 0, 0, 0
14645, 50, 0, 0, 0
14745, 50, 0, 0, 0
14846, 50, 0, 0, 0
14946, 40, 0, 0, 0
15046, 40, 0, 0, 0
15146, 50, 0, 0, 0
15246, 50, 0, 0, 0
15346, 50, 0, 0, 0
15446, 20, 0, 0, 0
15546, 50, 0, 0, 0
15645, 40, 0, 0, 0
15745, 50, 0, 0, 0
15845, 50, 0, 0, 0
15945, 60, 0, 0, 0
16045, 40, 0, 0, 0
16146, 50, 0, 0, 0
16246, 50, 0, 0, 0
16346, 40, 0, 0, 0
16446, 50, 0, 0, 0
16546, 50, 0, 0, 0
16646, 50, 0, 0, 0
16746, 40, 0, 0, 0
16846, 40, 0, 0, 0
16946, 50, 0, 0, 0
17046, 60, 0, 0, 0
17145, 50, 0, 0, 0
17245, 30, 0, 0, 0
17345, 60, 0, 0, 0
17445, 50, 0, 0, 0
17546, 50, 0, 0, 0
17646, 30, 0, 0, 0
17746, 40, 0, 0, 0
17846, 60, 0, 0, 0
17946, 40, 0, 0, 0
18046, 40, 0, 0, 0
18146, 60, 0, 0, 0
18246, 50, 0, 0, 0
18346, 30, 0, 0, 0
18446, 50, 0, 0, 0
18546, 20, 0, 0, 0
18645, 40, 0, 0, 0
18745, 40, 0, 0, 0
18845, 70, 0, 0, 0
18946, 40, 0, 0, 0
19046, 50, 0, 0, 0
19146, 30, 0, 0, 0
19246, 30, 0, 0, 0
19346, 60, 0, 0, 0
19446, 60, 0, 0, 0
19546, 50, 0, 0, 0
19645, 10, 0, 0, 0
19745, 20, 0, 0, 0
19845, 40, 0, 0, 0
19945, 50, 0, 0, 0
20045, 40, 0, 0, 0
20145, 40, 0, 0, 0
20245, 20, 0, 0, 0
20346, 50, 0, 0, 0
20446, 50, 0, 0, 0
20546, 50, 0, 0, 0
20646, 40, 0, 0, 0
20746, 40, 0, 0, 0
20846, 50, 0, 0, 0
20946, 50, 0, 0, 0
21046, 60, 0, 0, 0
21145, 40, 0, 0, 0
21245, 40, 0, 0, 0
21345, 40, 0, 0, 0
21445, 30, 0, 0, 0
21545, 40, 0, 0, 0
21645, 50, 0, 0, 0
21745, 50, 0, 0, 0
21846, 50, 0, 0, 0
21946, 30, 0, 0, 0
22046, 50, 0, 0, 0
22146, 40, 0, 0, 0
22246, 40, 0, 0, 0
22346, 40, 0, 0, 0
22446, 50, 0, 0, 0
22546, 50, 0, 0, 0
22645, 50, 0, 0, 0
22745, 40, 0, 0, 0
22845, 40, 0, 0, 0
22945, 50, 0, 0, 0
23045, 50, 0, 0, 0
23146, 50, 0, 0, 0
23246, 50, 0, 0, 0
23346, 50, 0, 0, 0
23446, 50, 0, 0, 0
23546, 30, 0, 0, 0
23646, 50, 0, 0, 0
23746, 50, 0, 0, 0
23846, 40, 0, 0, 0
23946, 60, 0, 0, 0
24046, 40, 0, 0, 0
24145, 40, 0, 0, 0
24245, 50, 0, 0, 0
24345, 20, 0, 0, 0
24445, 30, 0, 0, 0
24545, 40, 0, 0, 0
24646, 30, 0, 0, 0
24746, 50, 0, 0, 0
24846, 40, 0, 0, 0
24946, 50, 0, 0, 0
25046, 60, 0, 0, 0
25146, 40, 0, 0, 0
25246, 50, 0, 0, 0
25346, 40, 0, 0, 0
25446, 50, 0, 0, 0
25546, 60, 0, 0, 0
25645, 40, 0, 0, 0
25745, 40, 0, 0, 0
25845, 50, 0, 0, 0
25945, 60, 0, 0, 0
26045, 50, 0, 0, 0
26145, 40, 0, 0, 0
26246, 60, 0, 0, 0
26346, 50, 0, 0, 0
26446, 50, 0, 0, 0
26546, 40, 0, 0, 0
26646, 50, 0, 0, 0
26746, 50, 0, 0, 0
26846, 50, 0, 0, 0
26946, 20, 0, 0, 0
27046, 40, 0, 0, 0
27145, 50, 0, 0, 0
27245, 50, 0, 0, 0
27345, 50, 0, 0, 0
27445, 60, 0, 0, 0
27545, 40, 0, 0, 0
27646, 40, 0, 0, 0
27746, 30, 0, 0, 0
27846, 20, 0, 0, 0
27946, 20, 0, 0, 0
28046, 50, 0, 0, 0
28146, 50, 0, 0, 0
28246, 50, 0, 0, 0
28346, 50, 0, 0, 0
28446, 60, 0, 0, 0
28546, 50, 0, 0, 0
28645, 60, 0, 0, 0
28745, 40, 0, 0, 0
28845, 30, 0, 0, 0
28945, 70, 0, 0, 0
29045, 40, 0, 0, 0
29146, 40, 0, 0, 0
29246, 40, 0, 0, 0
29346, 30, 0, 0, 0
29446, 50, 0, 0, 0
29546, 50, 0, 0, 0
29646, 50, 0, 0, 0
29746, 60, 0, 0, 0
29846, 50, 0, 0, 0
29946, 20, 0, 0, 0
30046, 20, 0, 0, 0
30145, 40, 0, 0, 0
30245, 60, 0, 0, 0
30345, 40, 0, 0, 0
30445, 60, 0, 0, 0
30545, 40, 0, 0, 0
30646, 50, 0, 0, 0
30746, 60, 0, 0, 0
30846, 50, 0, 0, 0
30946, 40, 0, 0, 0
31046, 50, 0, 0, 0
31146, 50, 0, 0, 0
31246, 40, 0, 0, 0
31346, 50, 0, 0, 0
31446, 50, 0, 0, 0
31546, 30, 0, 0, 0
31645, 40, 0, 0, 0
31745, 40, 0, 0, 0
31845, 40, 0, 0, 0
31945, 40, 0, 0, 0
32045, 40, 0, 0, 0
32146, 50, 0, 0, 0
32246, 50, 0, 0, 0
32346, 50, 0, 0, 0
32446, 50, 0, 0, 0
32546, 20, 0, 0, 0
32646, 50, 0, 0, 0
32746, 40, 0, 0, 0
32846, 50, 0, 0, 0
32946, 50, 0, 0, 0
33046, 20, 0, 0, 0
33145, 50, 0, 0, 0
33245, 60, 0, 0, 0
33345, 30, 0, 0, 0
33445, 30, 0, 0, 0
33546, 10, 0, 0, 0
33646, 30, 0, 0, 0
33746, 50, 0, 0, 0
33846, 40, 0, 0, 0
33946, 50, 0, 0, 0
34046, 60, 0, 0, 0
34146, 10, 0, 0, 0
34246, 30, 0, 0, 0
34346, 20, 0, 0, 0
34446, 30, 0, 0, 0
34546, 50, 0, 0, 0
34645, 50, 0, 0, 0
34745, 50, 0, 0, 0
34845, 40, 0, 0, 0
34946, 40, 0, 0, 0
35046, 50, 0, 0, 0
35146, 50, 0, 0, 0
35246, 40, 0, 0, 0
35346, 50, 0, 0, 0
35446, 60, 0, 0, 0
35546, 40, 0, 0, 0
35646, 30, 0, 0, 0
35746, 40, 0, 0, 0
35846, 50, 0, 0, 0
35946, 60, 0, 0, 0
36046, 50, 0, 0, 0
36145, 40, 0, 0, 0
36245, 40, 0, 0, 0
36345, 30, 0, 0, 0
36446, 60, 0, 0, 0
36546, 60, 0, 0, 0
36646, 20, 0, 0, 0
36746, 50, 0, 0, 0
36846, 30, 0, 0, 0
36946, 50, 0, 0, 0
37046, 50, 0, 0, 0
37146, 50, 0, 0, 0
37246, 40, 0, 0, 0
37346, 50, 0, 0, 0
37446, 60, 0, 0, 0
37546, 40, 0, 0, 0
37645, 50, 0, 0, 0
37745, 50, 0, 0, 0
37845, 50, 0, 0, 0
37946, 50, 0, 0, 0
38046, 50, 0, 0, 0
38146, 50, 0, 0, 0
38246, 60, 0, 0, 0
38346, 50, 0, 0, 0
38446, 40, 0, 0, 0
38546, 40, 0, 0, 0
38646, 60, 0, 0, 0
38746, 50, 0, 0, 0
38846, 60, 0, 0, 0
38946, 60, 0, 0, 0
39046, 40, 0, 0, 0
39145, 40, 0, 0, 0
39245, 60, 0, 0, 0
39346, 50, 0, 0, 0
39446, 50, 0, 0, 0
39546, 50, 0, 0, 0
39646, 50, 0, 0, 0
39746, 30, 0, 0, 0
39846, 40, 0, 0, 0
39946, 50, 0, 0, 0
40046, 30, 0, 0, 0
40145, 40, 0, 0, 0
40245, 60, 0, 0, 0
40345, 50, 0, 0, 0
40445, 50, 0, 0, 0
40545, 50, 0, 0, 0
40645, 60, 0, 0, 0
40746, 30, 0, 0, 0
40846, 50, 0, 0, 0
40946, 60, 0, 0, 0
41046, 10, 0, 0, 0
41146, 50, 0, 0, 0
41246, 40, 0, 0, 0
41346, 40, 0, 0, 0
41446, 60, 0, 0, 0
41546, 60, 0, 0, 0
41645, 40, 0, 0, 0
41745, 50, 0, 0, 0
41845, 50, 0, 0, 0
41945, 20, 0, 0, 0
42045, 50, 0, 0, 0
42146, 50, 0, 0, 0
42246, 50, 0, 0, 0
42346, 40, 0, 0, 0
42446, 40, 0, 0, 0
42546, 50, 0, 0, 0
42646, 50, 0, 0, 0
42746, 60, 0, 0, 0
42846, 40, 0, 0, 0
42946, 40, 0, 0, 0
43046, 60, 0, 0, 0
43145, 40, 0, 0, 0
43245, 20, 0, 0, 0
43345, 50, 0, 0, 0
43445, 40, 0, 0, 0
43546, 30, 0, 0, 0
43646, 50, 0, 0, 0
43746, 40, 0, 0, 0
43846, 50, 0, 0, 0
43946, 50, 0, 0, 0
44046, 50, 0, 0, 0
44146, 50, 0, 0, 0
44246, 60, 0, 0, 0
44346, 60, 0, 0, 0
44446, 50, 0, 0, 0
44546, 40, 0, 0, 0
44645, 50, 0, 0, 0
44745, 50, 0, 0, 0
44845, 50, 0, 0, 0
44945, 50, 0, 0, 0
45046, 40, 0, 0, 0
45146, 40, 0, 0, 0
45246, 60, 0, 0, 0
45346, 40, 0, 0, 0
45446, 60, 0, 0, 0
45546, 40, 0, 0, 0
45646, 40, 0, 0, 0
45746, 60, 0, 0, 0
45846, 50, 0, 0, 0
45946, 40, 0, 0, 0
46046, 50, 0, 0, 0
46145, 40, 0, 0, 0
46245, 60, 0, 0, 0
46345, 70, 0, 0, 0
46445, 60, 0, 0, 0
46545, 60, 0, 0, 0
46646, 70, 0, 0, 0
46746, 60, 0, 0, 0
46846, 50, 0, 0, 0
46946, 60, 0, 0, 0
47046, 60, 0, 0, 0
47146, 60, 0, 0, 0
47246, 70, 0, 0, 0
47346, 60, 0, 0, 0
47446, 60, 0, 0, 0
47546, 40, 0, 0, 0
47645, 50, 0, 0, 0
47745, 70, 0, 0, 0
47845, 40, 0, 0, 0
47945, 50, 0, 0, 0
48045, 60, 0, 0, 0
48146, 40, 0, 0, 0
48246, 50, 0, 0, 0
48346, 40, 0, 0, 0
48446, 40, 0, 0, 0
48546, 40, 0, 0, 0
48646, 50, 0, 0, 0
48746, 50, 0, 0, 0
48846, 40, 0, 0, 0
48946, 50, 0, 0, 0
49046, 50, 0, 0, 0
49145, 40, 0, 0, 0
49245, 50, 0, 0, 0
49345, 50, 0, 0, 0
49445, 50, 0, 0, 0
49545, 50, 0, 0, 0
49646, 50, 0, 0, 0
49746, 50, 0, 0, 0
49846, 40, 0, 0, 0
49946, 30, 0, 0, 0
50046, 50, 0, 0, 0
50146, 50, 0, 0, 0
50246, 50, 0, 0, 0
50346, 50, 0, 0, 0
50446, 10, 0, 0, 0
50546, 40, 0, 0, 0
50645, 50, 0, 0, 0
50745, 50, 0, 0, 0
50845, 50, 0, 0, 0
50946, 50, 0, 0, 0
51046, 40, 0, 0, 0
51146, 50, 0, 0, 0
51246, 50, 0, 0, 0
51346, 40, 0, 0, 0
51446, 50, 0, 0, 0
51546, 40, 0, 0, 0
51646, 30, 0, 0, 0
51746, 30, 0, 0, 0
51846, 50, 0, 0, 0
51946, 50, 0, 0, 0
52046, 50, 0, 0, 0
52145, 50, 0, 0, 0
52245, 40, 0, 0, 0
52345, 50, 0, 0, 0
52446, 50, 0, 0, 0
52546, 20, 0, 0, 0
52646, 40, 0, 0, 0
52746, 50, 0, 0, 0
52846, 60, 0, 0, 0
52946, 10, 0, 0, 0
53046, 50, 0, 0, 0
53146, 20, 0, 0, 0
53246, 30, 0, 0, 0
53346, 30, 0, 0, 0
53446, 50, 0, 0, 0
53546, 30, 0, 0, 0
53645, 50, 0, 0, 0
53745, 50, 0, 0, 0
53846, 40, 0, 0, 0
53946, 50, 0, 0, 0
54046, 40, 0, 0, 0
54146, 50, 0, 0, 0
54246, 40, 0, 0, 0
54346, 60, 0, 0, 0
54446, 50, 0, 0, 0
54546, 40, 0, 0, 0
54645, 40, 0, 0, 0
54745, 50, 0, 0, 0
54845, 50, 0, 0, 0
54945, 40, 0, 0, 0
55045, 50, 0, 0, 0
55146, 50, 0, 0, 0
55246, 40, 0, 0, 0
55346, 50, 0, 0, 0
55446, 50, 0, 0, 0
55546, 40, 0, 0, 0
55646, 50, 0, 0, 0
55746, 40, 0, 0, 0
55846, 20, 0, 0, 0
55946, 30, 0, 0, 0
56046, 30, 0, 0, 0
56145, 60, 0, 0, 0
56245, 30, 0, 0, 0
56345, 60, 0, 0, 0
56445, 60, 0, 0, 0
56545, 40, 0, 0, 0
56646, 40, 0, 0, 0
56746, 50, 0, 0, 0
56846, 50, 0, 0, 0
56946, 50, 0, 0, 0
57046, 40, 0, 0, 0
57146, 40, 0, 0, 0
57246, 50, 0, 0, 0
57346, 40, 0, 0, 0
57446, 50, 0, 0, 0
57546, 40, 0, 0, 0
57645, 60, 0, 0, 0
57745, 40, 0, 0, 0
57845, 40, 0, 0, 0
57946, 40, 0, 0, 0
58046, 40, 0, 0, 0
58146, 40, 0, 0, 0
58246, 40, 0, 0, 0
58346, 40, 0, 0, 0
58446, 50, 0, 0, 0
58546, 50, 0, 0, 0
58646, 20, 0, 0, 0
58746, 40, 0, 0, 0
58846, 20, 0, 0, 0
58946, 40, 0, 0, 0
59046, 60, 0, 0, 0
59145, 40, 0, 0, 0
59245, 40, 0, 0, 0
59346, 60, 0, 0, 0
59446, 40, 0, 0, 0
59546, 50, 0, 0, 0
59646, 50, 0, 0, 0
59746, 50, 0, 0, 0
59846, 50, 0, 0, 0
59946, 40, 0, 0, 0
60046, 40, 0, 0, 0
60145, 50, 0, 0, 0
60245, 50, 0, 0, 0
60345, 30, 0, 0, 0
60445, 50, 0, 0, 0
60545, 30, 0, 0, 0
60646, 50, 0, 0, 0
60746, 50, 0, 0, 0
60846, 50, 0, 0, 0
60946, 40, 0, 0, 0
61046, 40, 0, 0, 0
61146, 30, 0, 0, 0
61246, 40, 0, 0, 0
61346, 40, 0, 0, 0
61446, 50, 0, 0, 0
61546, 40, 0, 0, 0
61645, 40, 0, 0, 0
61745, 40, 0, 0, 0
61845, 40, 0, 0, 0
61945, 50, 0, 0, 0
62045, 40, 0, 0, 0
62146, 40, 0, 0, 0
62246, 60, 0, 0, 0
62346, 50, 0, 0, 0
62446, 50, 0, 0, 0
62546, 40, 0, 0, 0
62646, 50, 0, 0, 0
62746, 40, 0, 0, 0
62846, 50, 0, 0, 0
62946, 50, 0, 0, 0
63046, 50, 0, 0, 0
63145, 30, 0, 0, 0
63245, 50, 0, 0, 0
63345, 50, 0, 0, 0
63446, 50, 0, 0, 0
63546, 30, 0, 0, 0
63646, 50, 0, 0, 0
63746, 50, 0, 0, 0
63846, 30, 0, 0, 0
63946, 60, 0, 0, 0
64046, 40, 0, 0, 0
64146, 20, 0, 0, 0
64246, 30, 0, 0, 0
64346, 30, 0, 0, 0
64446, 30, 0, 0, 0
64546, 40, 0, 0, 0
64645, 40, 0, 0, 0
64745, 50, 0, 0, 0
64845, 40, 0, 0, 0
64946, 40, 0, 0, 0
65046, 50, 0, 0, 0
65146, 10, 0, 0, 0
65246, 30, 0, 0, 0
65346, 30, 0, 0, 0
65446, 30, 0, 0, 0
65546, 40, 0, 0, 0
65646, 40, 0, 0, 0
65746, 50, 0, 0, 0
65846, 40, 0, 0, 0
65946, 30, 0, 0, 0
66046, 30, 0, 0, 0
66145, 30, 0, 0, 0
66245, 40, 0, 0, 0
66345, 50, 0, 0, 0
66446, 40, 0, 0, 0
66546, 50, 0, 0, 0
66646, 50, 0, 0, 0
66746, 50, 0, 0, 0
66846, 40, 0, 0, 0
66946, 30, 0, 0, 0
67046, 40, 0, 0, 0
67145, 30, 0, 0, 0
67245, 50, 0, 0, 0
67345, 20, 0, 0, 0
67445, 60, 0, 0, 0
67545, 40, 0, 0, 0
67646, 50, 0, 0, 0
67746, 60, 0, 0, 0
67846, 50, 0, 0, 0
67946, 40, 0, 0, 0
68046, 50, 0, 0, 0
68146, 50, 0, 0, 0
68246, 50, 0, 0, 0
68346, 50, 0, 0, 0
68446, 50, 0, 0, 0
68546, 50, 0, 0, 0
68645, 50, 0, 0, 0
68745, 60, 0, 0, 0
68845, 50, 0, 0, 0
68946, 50, 0, 0, 0
69046, 50, 0, 0, 0
69146, 60, 0, 0, 0
69246, 50, 0, 0, 0
69346, 40, 0, 0, 0
69446, 60, 0, 0, 0
69546, 30, 0, 0, 0
69646, 50, 0, 0, 0
69746, 50, 0, 0, 0
69846, 50, 0, 0, 0
69946, 40, 0, 0, 0
70046, 50, 0, 0, 0
70145, 40, 0, 0, 0
70245, 40, 0, 0, 0
70345, 40, 0, 0, 0
70446, 50, 0, 0, 0
70546, 50, 0, 0, 0
70646, 40, 0, 0, 0
70746, 50, 0, 0, 0
70846, 60, 0, 0, 0
70946, 50, 0, 0, 0
71046, 40, 0, 0, 0
71146, 40, 0, 0, 0
71246, 40, 0, 0, 0
71346, 60, 0, 0, 0
71446, 30, 0, 0, 0
71546, 50, 0, 0, 0
71645, 60, 0, 0, 0
71745, 50, 0, 0, 0
71845, 50, 0, 0, 0
71946, 50, 0, 0, 0
72046, 50, 0, 0, 0
72146, 60, 0, 0, 0
72246, 40, 0, 0, 0
72346, 50, 0, 0, 0
72446, 40, 0, 0, 0
72546, 50, 0, 0, 0
72645, 40, 0, 0, 0
72745, 50, 0, 0, 0
72845, 50, 0, 0, 0
72945, 40, 0, 0, 0
73045, 50, 0, 0, 0
73145, 50, 0, 0, 0
73246, 50, 0, 0, 0
73346, 50, 0, 0, 0
73446, 40, 0, 0, 0
73546, 40, 0, 0, 0
73646, 40, 0, 0, 0
73746, 50, 0, 0, 0
73846, 50, 0, 0, 0
73946, 50, 0, 0, 0
74046, 20, 0, 0, 0
74145, 40, 0, 0, 0
74245, 50, 0, 0, 0
74345, 40, 0, 0, 0
74445, 60, 0, 0, 0
74545, 40, 0, 0, 0
74646, 40, 0, 0, 0
74746, 30, 0, 0, 0
74846, 40, 0, 0, 0
74946, 40, 0, 0, 0
75046, 50, 0, 0, 0
75146, 40, 0, 0, 0
75246, 30, 0, 0, 0
75346, 30, 0, 0, 0
75446, 50, 0, 0, 0
75546, 60, 0, 0, 0
75645, 30, 0, 0, 0
75745, 50, 0, 0, 0
75845, 50, 0, 0, 0
75945, 40, 0, 0, 0
76046, 10, 0, 0, 0
76146, 50, 0, 0, 0
76246, 50, 0, 0, 0
76346, 40, 0, 0, 0
76446, 40, 0, 0, 0
76546, 40, 0, 0, 0
76646, 50, 0, 0, 0
76746, 50, 0, 0, 0
76846, 40, 0, 0, 0
76946, 20, 0, 0, 0
77046, 40, 0, 0, 0
77145, 30, 0, 0, 0
77245, 50, 0, 0, 0
77345, 40, 0, 0, 0
77446, 40, 0, 0, 0
77546, 40, 0, 0, 0
77646, 50, 0, 0, 0
77746, 50, 0, 0, 0
77846, 50, 0, 0, 0
77946, 50, 0, 0, 0
78046, 40, 0, 0, 0
78145, 50, 0, 0, 0
78245, 50, 0, 0, 0
78345, 40, 0, 0, 0
78445, 40, 0, 0, 0
78545, 50, 0, 0, 0
78646, 50, 0, 0, 0
78746, 60, 0, 0, 0
78846, 50, 0, 0, 0
78946, 50, 0, 0, 0
79046, 50, 0, 0, 0
79146, 50, 0, 0, 0
79246, 40, 0, 0, 0
79346, 50, 0, 0, 0
79446, 70, 0, 0, 0
79546, 50, 0, 0, 0
79645, 40, 0, 0, 0
79745, 50, 0, 0, 0
79845, 50, 0, 0, 0
79945, 50, 0, 0, 0
80045, 30, 0, 0, 0
80146, 60, 0, 0, 0
80246, 10, 0, 0, 0
80346, 60, 0, 0, 0
80446, 50, 0, 0, 0
80546, 40, 0, 0, 0
80646, 40, 0, 0, 0
80746, 50, 0, 0, 0
80846, 60, 0, 0, 0
80946, 50, 0, 0, 0
81046, 30, 0, 0, 0
81145, 50, 0, 0, 0
81245, 50, 0, 0, 0
81345, 60, 0, 0, 0
81446, 50, 0, 0, 0
81546, 50, 0, 0, 0
81646, 50, 0, 0, 0
81746, 50, 0, 0, 0
81846, 40, 0, 0, 0
81946, 40, 0, 0, 0
82046, 40, 0, 0, 0
82146, 50, 0, 0, 0
82246, 50, 0, 0, 0
82346, 50, 0, 0, 0
82446, 40, 0, 0, 0
82546, 50, 0, 0, 0
82645, 40, 0, 0, 0
82745, 50, 0, 0, 0
82846, 50, 0, 0, 0
82946, 50, 0, 0, 0
83046, 40, 0, 0, 0
83146, 50, 0, 0, 0
83246, 40, 0, 0, 0
83346, 50, 0, 0, 0
83446, 50, 0, 0, 0
83546, 40, 0, 0, 0
83645, 40, 0, 0, 0
83745, 50, 0, 0, 0
83845, 40, 0, 0, 0
83945, 40, 0, 0, 0
84045, 60, 0, 0, 0
84146, 50, 0, 0, 0
84246, 40, 0, 0, 0
84346, 30, 0, 0, 0
84446, 60, 0, 0, 0
84546, 40, 0, 0, 0
84646, 30, 0, 0, 0
84746, 50, 0, 0, 0
84846, 40, 0, 0, 0
84946, 40, 0, 0, 0
85046, 50, 0, 0, 0
85145, 50, 0, 0, 0
85245, 40, 0, 0, 0
85345, 50, 0, 0, 0
85445, 40, 0, 0, 0
85545, 40, 0, 0, 0
85646, 40, 0, 0, 0
85746, 30, 0, 0, 0
85846, 50, 0, 0, 0
85946, 20, 0, 0, 0
86046, 20, 0, 0, 0
86146, 40, 0, 0, 0
86246, 50, 0, 0, 0
86346, 50, 0, 0, 0
86446, 50, 0, 0, 0
86546, 50, 0, 0, 0
86645, 40, 0, 0, 0
86745, 40, 0, 0, 0
86845, 40, 0, 0, 0
86946, 40, 0, 0, 0
87046, 50, 0, 0, 0
87146, 10, 0, 0, 0
87246, 50, 0, 0, 0
87346, 10, 0, 0, 0
87446, 40, 0, 0, 0
87546, 40, 0, 0, 0
87646, 40, 0, 0, 0
87746, 40, 0, 0, 0
87846, 50, 0, 0, 0
87946, 30, 0, 0, 0
88046, 40, 0, 0, 0
88145, 40, 0, 0, 0
88245, 40, 0, 0, 0
88346, 50, 0, 0, 0
88446, 40, 0, 0, 0
88546, 50, 0, 0, 0
88646, 50, 0, 0, 0
88746, 30, 0, 0, 0
88846, 50, 0, 0, 0
88946, 20, 0, 0, 0
89046, 30, 0, 0, 0
89145, 60, 0, 0, 0
89245, 40, 0, 0, 0
89345, 50, 0, 0, 0
89445, 50, 0, 0, 0
89545, 50, 0, 0, 0
89645, 30, 0, 0, 0
89746, 50, 0, 0, 0
89846, 10, 0, 0, 0
89946, 50, 0, 0, 0
90046, 40, 0, 0, 0
90146, 50, 0, 0, 0
90246, 30, 0, 0, 0
90346, 40, 0, 0, 0
90446, 50, 0, 0, 0
90546, 50, 0, 0, 0
90645, 30, 0, 0, 0
90745, 20, 0, 0, 0
90845, 40, 0, 0, 0
90945, 40, 0, 0, 0
91045, 40, 0, 0, 0
91146, 50, 0, 0, 0
91246, 50, 0, 0, 0
91346, 40, 0, 0, 0
91446, 50, 0, 0, 0
91546, 40, 0, 0, 0
91646, 30, 0, 0, 0
91746, 40, 0, 0, 0
91846, 50, 0, 0, 0
91946, 50, 0, 0, 0
92046, 40, 0, 0, 0
92145, 50, 0, 0, 0
92245, 40, 0, 0, 0
92345, 50, 0, 0, 0
92445, 30, 0, 0, 0
92546, 40, 0, 0, 0
92646, 50, 0, 0, 0
92746, 50, 0, 0, 0
92846, 40, 0, 0, 0
92946, 50, 0, 0, 0
93046, 40, 0, 0, 0
93146, 30, 0, 0, 0
93246, 60, 0, 0, 0
93346, 40, 0, 0, 0
93446, 50, 0, 0, 0
93546, 20, 0, 0, 0
93645, 40, 0, 0, 0
93745, 20, 0, 0, 0
93845, 50, 0, 0, 0
93946, 40, 0, 0, 0
94046, 30, 0, 0, 0
94146, 50, 0, 0, 0
94246, 40, 0, 0, 0
94346, 60, 0, 0, 0
94446, 40, 0, 0, 0
94546, 20, 0, 0, 0
94646, 20, 0, 0, 0
94746, 40, 0, 0, 0
94846, 40, 0, 0, 0
94946, 50, 0, 0, 0
95046, 50, 0, 0, 0
95145, 40, 0, 0, 0
95245, 40, 0, 0, 0
95345, 50, 0, 0, 0
95446, 60, 0, 0, 0
95546, 10, 0, 0, 0
95646, 30, 0, 0, 0
95746, 30, 0, 0, 0
95846, 60, 0, 0, 0
95946, 40, 0, 0, 0
96046, 40, 0, 0, 0
96146, 50, 0, 0, 0
96246, 40, 0, 0, 0
96346, 50, 0, 0, 0
96446, 60, 0, 0, 0
96546, 50, 0, 0, 0
96645, 10, 0, 0, 0
96745, 50, 0, 0, 0
96845, 50, 0, 0, 0
96946, 20, 0, 0, 0
97046, 50, 0, 0, 0
97146, 30, 0, 0, 0
97246, 40, 0, 0, 0
97346, 50, 0, 0, 0
97446, 50, 0, 0, 0
97546, 40, 0, 0, 0
97646, 40, 0, 0, 0
97746, 50, 0, 0, 0
97846, 50, 0, 0, 0
97946, 40, 0, 0, 0
98046, 20, 0, 0, 0
98145, 50, 0, 0, 0
98245, 50, 0, 0, 0
98346, 60, 0, 0, 0
98446, 40, 0, 0, 0
98546, 40, 0, 0, 0
98646, 40, 0, 0, 0
98746, 50, 0, 0, 0
98846, 50, 0, 0, 0
98946, 60, 0, 0, 0
99046, 30, 0, 0, 0
99145, 40, 0, 0, 0
99245, 40, 0, 0, 0
99345, 40, 0, 0, 0
99445, 40, 0, 0, 0
99545, 60, 0, 0, 0
99646, 30, 0, 0, 0
99746, 50, 0, 0, 0
99846, 50, 0, 0, 0
99946, 50, 0, 0, 0
100046, 30, 0, 0, 0
100146, 50, 0, 0, 0
100246, 60, 0, 0, 0
100346, 60, 0, 0, 0
100446, 40, 0, 0, 0
100546, 40, 0, 0, 0
100645, 60, 0, 0, 0
100745, 50, 0, 0, 0
100845, 50, 0, 0, 0
100945, 40, 0, 0, 0
101046, 40, 0, 0, 0
101146, 50, 0, 0, 0
101246, 50, 0, 0, 0
101346, 60, 0, 0, 0
101446, 40, 0, 0, 0
101546, 50, 0, 0, 0
101646, 60, 0, 0, 0
101746, 40, 0, 0, 0
101846, 50, 0, 0, 0
101946, 40, 0, 0, 0
102046, 50, 0, 0, 0
102145, 50, 0, 0, 0
102245, 50, 0, 0, 0
102345, 40, 0, 0, 0
102446, 40, 0, 0, 0
102546, 40, 0, 0, 0
102646, 50, 0, 0, 0
102746, 50, 0, 0, 0
102846, 50, 0, 0, 0
102946, 50, 0, 0, 0
103046, 20, 0, 0, 0
103145, 50, 0, 0, 0
103245, 60, 0, 0, 0
103345, 30, 0, 0, 0
103445, 40, 0, 0, 0
103545, 50, 0, 0, 0
103645, 50, 0, 0, 0
103745, 50, 0, 0, 0
103846, 40, 0, 0, 0
103946, 50, 0, 0, 0
104046, 30, 0, 0, 0
104146, 40, 0, 0, 0
104246, 40, 0, 0, 0
104346, 30, 0, 0, 0
104446, 60, 0, 0, 0
104546, 50, 0, 0, 0
104645, 60, 0, 0, 0
104745, 30, 0, 0, 0
104845, 20, 0, 0, 0
104945, 50, 0, 0, 0
105045, 40, 0, 0, 0
105145, 60, 0, 0, 0
105246, 50, 0, 0, 0
105346, 50, 0, 0, 0
105446, 40, 0, 0, 0
105546, 50, 0, 0, 0
105646, 50, 0, 0, 0
105746, 50, 0, 0, 0
105846, 50, 0, 0, 0
105946, 40, 0, 0, 0
106046, 50, 0, 0, 0
106145, 60, 0, 0, 0
106245, 20, 0, 0, 0
106345, 40, 0, 0, 0
106445, 50, 0, 0, 0
106545, 50, 0, 0, 0
106645, 60, 0, 0, 0
106745, 50, 0, 0, 0
106846, 30, 0, 0, 0
106946, 50, 0, 0, 0
107046, 50, 0, 0, 0
107146, 60, 0, 0, 0
107246, 40, 0, 0, 0
107346, 50, 0, 0, 0
107446, 40, 0, 0, 0
107546, 50, 0, 0, 0
107645, 40, 0, 0, 0
107745, 50, 0, 0, 0
107845, 50, 0, 0, 0
107945, 40, 0, 0, 0
108045, 50, 0, 0, 0
108146, 60, 0, 0, 0
108246, 50, 0, 0, 0
108346, 40, 0, 0, 0
108446, 50, 0, 0, 0
108546, 30, 0, 0, 0
108646, 50, 0, 0, 0
108746, 60, 0, 0, 0
108846, 50, 0, 0, 0
108946, 50, 0, 0, 0
109046, 50, 0, 0, 0
109145, 40, 0, 0, 0
109245, 50, 0, 0, 0
109345, 60, 0, 0, 0
109445, 50, 0, 0, 0
109545, 40, 0, 0, 0
109646, 70, 0, 0, 0
109746, 50, 0, 0, 0
109846, 50, 0, 0, 0
109946, 60, 0, 0, 0
110046, 40, 0, 0, 0
110146, 50, 0, 0, 0
110246, 40, 0, 0, 0
110346, 40, 0, 0, 0
110446, 20, 0, 0, 0
110546, 60, 0, 0, 0
110645, 50, 0, 0, 0
110745, 50, 0, 0, 0
110845, 40, 0, 0, 0
110946, 60, 0, 0, 0
111046, 60, 0, 0, 0
111146, 50, 0, 0, 0
111246, 40, 0, 0, 0
111346, 50, 0, 0, 0
111446, 50, 0, 0, 0
111546, 70, 0, 0, 0
111646, 50, 0, 0, 0
111746, 60, 0, 0, 0
111846, 60, 0, 0, 0
111946, 50, 0, 0, 0
112046, 50, 0, 0, 0
112145, 40, 0, 0, 0
112245, 50, 0, 0, 0
112345, 60, 0, 0, 0
112446, 60, 0, 0, 0
112546, 50, 0, 0, 0
112646, 40, 0, 0, 0
112746, 50, 0, 0, 0
112846, 50, 0, 0, 0
112946, 50, 0, 0, 0
113046, 50, 0, 0, 0
113146, 40, 0, 0, 0
113246, 50, 0, 0, 0
113346, 60, 0, 0, 0
113446, 50, 0, 0, 0
113546, 40, 0, 0, 0
113645, 50, 0, 0, 0
113745, 40, 0, 0, 0
113845, 50, 0, 0, 0
113946, 60, 0, 0, 0
114046, 50, 0, 0, 0
114146, 40, 0, 0, 0
114246, 50, 0, 0, 0
114346, 70, 0, 0, 0
114446, 70, 0, 0, 0
114546, 60, 0, 0, 0
114646, 70, 0, 0, 0
114746, 60, 0, 0, 0
114846, 70, 0, 0, 0
114946, 70, 0, 0, 0
115046, 40, 0, 0, 0
115145, 60, 0, 0, 0
115245, 70, 0, 0, 0
115345, 60, 0, 0, 0
115446, 70, 0, 0, 0
115546, 70, 0, 0, 0
115646, 40, 0, 0, 0
115746, 50, 0, 0, 0
115846, 60, 0, 0, 0
115946, 20, 0, 0, 0
116046, 20, 0, 0, 0
116146, 50, 0, 0, 0
116246, 40, 0, 0, 0
116346, 40, 0, 0, 0
116446, 20, 0, 0, 0
116546, 50, 0, 0, 0
116645, 40, 0, 0, 0
116745, 50, 0, 0, 0
116845, 50, 0, 0, 0
116946, 50, 0, 0, 0
117046, 40, 0, 0, 0
117146, 30, 0, 0, 0
117246, 50, 0, 0, 0
117346, 60, 0, 0, 0
117446, 30, 0, 0, 0
117546, 50, 0, 0, 0
117646, 50, 0, 0, 0
117746, 50, 0, 0, 0
117846, 50, 0, 0, 0
117946, 40, 0, 0, 0
118046, 50, 0, 0, 0
118145, 40, 0, 0, 0
118245, 50, 0, 0, 0
118345, 50, 0, 0, 0
118446, 40, 0, 0, 0
118546, 40, 0, 0, 0
118646, 50, 0, 0, 0
118746, 50, 0, 0, 0
118846, 50, 0, 0, 0
118946, 40, 0, 0, 0
119046, 50, 0, 0, 0
119146, 50, 0, 0, 0
119246, 40, 0, 0, 0
119346, 70, 0, 0, 0
119446, 40, 0, 0, 0
119546, 50, 0, 0, 0
119645, 50, 0, 0, 0
119745, 30, 0, 0, 0
119845, 50, 0, 0, 0
119946, 10, 0, 0, 0
120046, 40, 0, 0, 0
120146, 70, 0, 0, 0
120246, 60, 0, 0, 0
120346, 50, 0, 0, 0
120446, 40, 0, 0, 0
120546, 60, 0, 0, 0
120645, 30, 0, 0, 0
120745, 40, 0, 0, 0
120845, 50, 0, 0, 0
120945, 60, 0, 0, 0
121045, 20, 0, 0, 0
121145, 50, 0, 0, 0
121246, 40, 0, 0, 0
121346, 50, 0, 0, 0
121446, 50, 0, 0, 0
121546, 50, 0, 0, 0
121646, 40, 0, 0, 0
121746, 40, 0, 0, 0
121846, 50, 0, 0, 0
121946, 40, 0, 0, 0
122046, 30, 0, 0, 0
122145, 40, 0, 0, 0
122245, 40, 0, 0, 0
122345, 40, 0, 0, 0
122445, 40, 0, 0, 0
122545, 50, 0, 0, 0
122646, 50, 0, 0, 0
122746, 20, 0, 0, 0
122846, 50, 0, 0, 0
122946, 50, 0, 0, 0
123046, 50, 0, 0, 0
123146, 40, 0, 0, 0
123246, 40, 0, 0, 0
123346, 40, 0, 0, 0
123446, 50, 0, 0, 0
123546, 40, 0, 0, 0
123645, 50, 0, 0, 0
123745, 50, 0, 0, 0
123845, 50, 0, 0, 0
123945, 40, 0, 0, 0
124045, 30, 0, 0, 0
124146, 40, 0, 0, 0
124246, 50, 0, 0, 0
124346, 50, 0, 0, 0
124446, 40, 0, 0, 0
124546, 50, 0, 0, 0
124646, 50, 0, 0, 0
124746, 50, 0, 0, 0
124846, 20, 0, 0, 0
124946, 50, 0, 0, 0
125046, 50, 0, 0, 0
125145, 60, 0, 0, 0
125245, 40, 0, 0, 0
125345, 50, 0, 0, 0
125445, 40, 0, 0, 0
125545, 40, 0, 0, 0
125646, 50, 0, 0, 0
125746, 50, 0, 0, 0
125846, 50, 0, 0, 0
125946, 30, 0, 0, 0
126046, 40, 0, 0, 0
126146, 60, 0, 0, 0
126246, 40, 0, 0, 0
126346, 50, 0, 0, 0
126446, 50, 0, 0, 0
126546, 40, 0, 0, 0
126645, 50, 0, 0, 0
126745, 40, 0, 0, 0
126845, 40, 0, 0, 0
126945, 40, 0, 0, 0
127046, 40, 0, 0, 0
127146, 50, 0, 0, 0
127246, 30, 0, 0, 0
127346, 40, 0, 0, 0
127446, 40, 0, 0, 0
127546, 40, 0, 0, 0
127646, 10, 0, 0, 0
127746, 60, 0, 0, 0
127846, 30, 0, 0, 0
127946, 50, 0, 0, 0
128046, 40, 0, 0, 0
128145, 30, 0, 0, 0
128245, 40, 0, 0, 0
128345, 30, 0, 0, 0
128445, 40, 0, 0, 0
128546, 40, 0, 0, 0
128646, 20, 0, 0, 0
128746, 50, 0, 0, 0
128846, 50, 0, 0, 0
128946, 50, 0, 0, 0
129046, 40, 0, 0, 0
129146, 50, 0, 0, 0
129246, 40, 0, 0, 0
129346, 50, 0, 0, 0
129446, 30, 0, 0, 0
129546, 40, 0, 0, 0
129645, 30, 0, 0, 0
129745, 40, 0, 0, 0
129845, 40, 0, 0, 0
129946, 30, 0, 0, 0
130046, 40, 0, 0, 0
130146, 60, 0, 0, 0
130246, 60, 0, 0, 0
130346, 20, 0, 0, 0
130446, 50, 0, 0, 0
130546, 50, 0, 0, 0
130646, 50, 0, 0, 0
130746, 50, 0, 0, 0
130846, 40, 0, 0, 0
130946, 30, 0, 0, 0
131046, 30, 0, 0, 0
131145, 50, 0, 0, 0
131245, 50, 0, 0, 0
131345, 40, 0, 0, 0
131446, 50, 0, 0, 0
131546, 50, 0, 0, 0
131646, 40, 0, 0, 0
131746, 40, 0, 0, 0
131846, 50, 0, 0, 0
131946, 50, 0, 0, 0
132046, 40, 0, 0, 0
132146, 60, 0, 0, 0
132246, 40, 0, 0, 0
132346, 50, 0, 0, 0
132446, 40, 0, 0, 0
132546, 40, 0, 0, 0
132645, 50, 0, 0, 0
132745, 50, 0, 0, 0
132845, 50, 0, 0, 0
132946, 50, 0, 0, 0
133046, 40, 0, 0, 0
133146, 30, 0, 0, 0
133246, 50, 0, 0, 0
133346, 40, 0, 0, 0
133446, 40, 0, 0, 0
133546, 30, 0, 0, 0
133646, 50, 0, 0, 0
133746, 50, 0, 0, 0
133846, 30, 0, 0, 0
133946, 50, 0, 0, 0
134046, 50, 0, 0, 0
134145, 40, 0, 0, 0
134245, 60, 0, 0, 0
134346, 30, 0, 0, 0
134446, 50, 0, 0, 0
134546, 50, 0, 0, 0
134646, 40, 0, 0, 0
134746, 40, 0, 0, 0
134846, 40, 0, 0, 0
134946, 40, 0, 0, 0
135046, 40, 0, 0, 0
135145, 40, 0, 0, 0
135245, 60, 0, 0, 0
135345, 50, 0, 0, 0
135445, 40, 0, 0, 0
135545, 30, 0, 0, 0
135645, 20, 0, 0, 0
135745, 20, 0, 0, 0
135846, 50, 0, 0, 0
135946, 50, 0, 0, 0
136046, 50, 0, 0, 0
136146, 40, 0, 0, 0
136246, 50, 0, 0, 0
136346, 40, 0, 0, 0
136446, 40, 0, 0, 0
136546, 20, 0, 0, 0
136645, 50, 0, 0, 0
136745, 40, 0, 0, 0
136845, 50, 0, 0, 0
136945, 50, 0, 0, 0
137045, 40, 0, 0, 0
137145, 50, 0, 0, 0
137246, 50, 0, 0, 0
137346, 50, 0, 0, 0
137446, 50, 0, 0, 0
137546, 40, 0, 0, 0
137646, 50, 0, 0, 0
137746, 50, 0, 0, 0
137846, 40, 0, 0, 0
137946, 50, 0, 0, 0
138046, 40, 0, 0, 0
138145, 40, 0, 0, 0
138245, 50, 0, 0, 0
138345, 40, 0, 0, 0
138445, 30, 0, 0, 0
138545, 30, 0, 0, 0
138646, 50, 0, 0, 0
138746, 50, 0, 0, 0
138846, 50, 0, 0, 0
138946, 40, 0, 0, 0
139046, 40, 0, 0, 0
139146, 50, 0, 0, 0
139246, 30, 0, 0, 0
139346, 30, 0, 0, 0
139446, 50, 0, 0, 0
139546, 50, 0, 0, 0
139645, 40, 0, 0, 0
139745, 50, 0, 0, 0
139845, 50, 0, 0, 0
139945, 50, 0, 0, 0
140045, 40, 0, 0, 0
140146, 50, 0, 0, 0
140246, 60, 0, 0, 0
140346, 20, 0, 0, 0
140446, 50, 0, 0, 0
140546, 40, 0, 0, 0
140646, 50, 0, 0, 0
140746, 30, 0, 0, 0
140846, 50, 0, 0, 0
140946, 20, 0, 0, 0
141046, 40, 0, 0, 0
141145, 50, 0, 0, 0
141245, 40, 0, 0, 0
141345, 40, 0, 0, 0
141445, 20, 0, 0, 0
141545, 50, 0, 0, 0
141646, 50, 0, 0, 0
141746, 40, 0, 0, 0
141846, 50, 0, 0, 0
141946, 20, 0, 0, 0
142046, 50, 0, 0, 0
142146, 40, 0, 0, 0
142246, 50, 0, 0, 0
142346, 60, 0, 0, 0
142446, 20, 0, 0, 0
142546, 50, 0, 0, 0
142645, 40, 0, 0, 0
142745, 50, 0, 0, 0
142845, 40, 0, 0, 0
142945, 40, 0, 0, 0
143045, 50, 0, 0, 0
143145, 30, 0, 0, 0
143246, 50, 0, 0, 0
143346, 40, 0, 0, 0
143446, 50, 0, 0, 0
143546, 30, 0, 0, 0
143646, 40, 0, 0, 0
143746, 40, 0, 0, 0
143846, 50, 0, 0, 0
143946, 50, 0, 0, 0
144046, 60, 0, 0, 0
144145, 50, 0, 0, 0
144245, 50, 0, 0, 0
144345, 50, 0, 0, 0
144445, 60, 0, 0, 0
144545, 50, 0, 0, 0
144645, 50, 0, 0, 0
144745, 40, 0, 0, 0
144846, 40, 0, 0, 0
144946, 60, 0, 0, 0
145046, 50, 0, 0, 0
145146, 40, 0, 0, 0
145246, 70, 0, 0, 0
145346, 60, 0, 0, 0
145446, 40, 0, 0, 0
145546, 40, 0, 0, 0
145646, 50, 0, 0, 0
145746, 40, 0, 0, 0
145846, 40, 0, 0, 0
145946, 50, 0, 0, 0
146046, 50, 0, 0, 0
146145, 50, 0, 0, 0
146245, 50, 0, 0, 0
146346, 40, 0, 0, 0
146446, 40, 0, 0, 0
146546, 50, 0, 0, 0
146646, 50, 0, 0, 0
146746, 50, 0, 0, 0
146846, 50, 0, 0, 0
146946, 10, 0, 0, 0
147046, 40, 0, 0, 0
147146, 60, 0, 0, 0
147246, 50, 0, 0, 0
147346, 50, 0, 0, 0
147446, 40, 0, 0, 0
147546, 40, 0, 0, 0
147645, 60, 0, 0, 0
147746, 50, 0, 0, 0
147846, 50, 0, 0, 0
147946, 50, 0, 0, 0
148046, 30, 0, 0, 0
148146, 50, 0, 0, 0
148246, 60, 0, 0, 0
148346, 50, 0, 0, 0
148446, 40, 0, 0, 0
148546, 40, 0, 0, 0
148645, 60, 0, 0, 0
148745, 30, 0, 0, 0
148845, 50, 0, 0, 0
148945, 50, 0, 0, 0
149045, 50, 0, 0, 0
149146, 40, 0, 0, 0
149246, 40, 0, 0, 0
149346, 10, 0, 0, 0
149446, 40, 0, 0, 0
149546, 50, 0, 0, 0
149646, 50, 0, 0, 0
149746, 50, 0, 0, 0
149846, 50, 0, 0, 0
149946, 40, 0, 0, 0
150046, 40, 0, 0, 0
150145, 50, 0, 0, 0
150245, 50, 0, 0, 0
150345, 60, 0, 0, 0
150445, 40, 0, 0, 0
150545, 40, 0, 0, 0
150646, 40, 0, 0, 0
150746, 40, 0, 0, 0
150846, 50, 0, 0, 0
150946, 40, 0, 0, 0
151046, 50, 0, 0, 0
151146, 50, 0, 0, 0
151246, 40, 0, 0, 0
151346, 30, 0, 0, 0
151446, 50, 0, 0, 0
151546, 40, 0, 0, 0
151645, 40, 0, 0, 0
151745, 50, 0, 0, 0
151845, 40, 0, 0, 0
151945, 50, 0, 0, 0
152045, 50, 0, 0, 0
152146, 50, 0, 0, 0
152246, 40, 0, 0, 0
152346, 40, 0, 0, 0
152446, 50, 0, 0, 0
152546, 40, 0, 0, 0
152646, 40, 0, 0, 0
152746, 50, 0, 0, 0
152846, 40, 0, 0, 0
152946, 60, 0, 0, 0
153046, 40, 0, 0, 0
153145, 40, 0, 0, 0
153245, 40, 0, 0, 0
153345, 50, 0, 0, 0
153445, 60, 0, 0, 0
153545, 40, 0, 0, 0
153646, 40, 0, 0, 0
153746, 40, 0, 0, 0
153846, 50, 0, 0, 0
153946, 50, 0, 0, 0
154046, 40, 0, 0, 0
154146, 50, 0, 0, 0
154246, 50, 0, 0, 0
154346, 60, 0, 0, 0
154446, 40, 0, 0, 0
154546, 40, 0, 0, 0
154645, 50, 0, 0, 0
154745, 50, 0, 0, 0
154845, 50, 0, 0, 0
154945, 40, 0, 0, 0
155045, 40, 0, 0, 0
155146, 60, 0, 0, 0
155246, 40, 0, 0, 0
155346, 70, 0, 0, 0
155446, 30, 0, 0, 0
155546, 50, 0, 0, 0
155646, 60, 0, 0, 0
155746, 40, 0, 0, 0
155846, 40, 0, 0, 0
155946, 50, 0, 0, 0
156046, 50, 0, 0, 0
156145, 50, 0, 0, 0
156245, 40, 0, 0, 0
156345, 50, 0, 0, 0
156445, 30, 0, 0, 0
156545, 50, 0, 0, 0
156646, 50, 0, 0, 0
156746, 40, 0, 0, 0
156846, 50, 0, 0, 0
156946, 30, 0, 0, 0
157046, 50, 0, 0, 0
157146, 50, 0, 0, 0
157246, 50, 0, 0, 0
157346, 50, 0, 0, 0
157446, 50, 0, 0, 0
157546, 50, 0, 0, 0
157645, 50, 0, 0, 0
157745, 30, 0, 0, 0
157845, 50, 0, 0, 0
157945, 50, 0, 0, 0
158045, 50, 0, 0, 0
158146, 40, 0, 0, 0
158246, 50, 0, 0, 0
158346, 50, 0, 0, 0
158446, 50, 0, 0, 0
158546, 40, 0, 0, 0
158646, 50, 0, 0, 0
158746, 40, 0, 0, 0
158846, 40, 0, 0, 0
158946, 40, 0, 0, 0
159046, 40, 0, 0, 0
159145, 40, 0, 0, 0
159245, 60, 0, 0, 0
159345, 40, 0, 0, 0
159445, 50, 0, 0, 0
159545, 30, 0, 0, 0
159645, 70, 0, 0, 0
159746, 40, 0, 0, 0
159846, 40, 0, 0, 0
159946, 40, 0, 0, 0
160046, 20, 0, 0, 0
160146, 50, 0, 0, 0
160246, 40, 0, 0, 0
160346, 30, 0, 0, 0
160446, 50, 0, 0, 0
160546, 50, 0, 0, 0
160646, 40, 0, 0, 0
160746, 50, 0, 0, 0
160846, 50, 0, 0, 0
160946, 40, 0, 0, 0
161046, 30, 0, 0, 0
161145, 40, 0, 0, 0
161245, 40, 0, 0, 0
161345, 50, 0, 0, 0
161446, 40, 0, 0, 0
161546, 50, 0, 0, 0
161646, 50, 0, 0, 0
161746, 40, 0, 0, 0
161846, 20, 0, 0, 0
161946, 50, 0, 0, 0
162046, 50, 0, 0, 0
162146, 50, 0, 0, 0
162246, 40, 0, 0, 0
162346, 30, 0, 0, 0
162446, 40, 0, 0, 0
162546, 40, 0, 0, 0
162645, 40, 0, 0, 0
162745, 40, 0, 0, 0
162845, 40, 0, 0, 0
162946, 20, 0, 0, 0
163046, 30, 0, 0, 0
163146, 50, 0, 0, 0
163246, 40, 0, 0, 0
163346, 40, 0, 0, 0
163446, 50, 0, 0, 0
163546, 30, 0, 0, 0
163646, 50, 0, 0, 0
163746, 20, 0, 0, 0
163846, 50, 0, 0, 0
163946, 50, 0, 0, 0
164046, 40, 0, 0, 0
164145, 50, 0, 0, 0
164245, 50, 0, 0, 0
164345, 40, 0, 0, 0
164445, 40, 0, 0, 0
164545, 40, 0, 0, 0
164646, 40, 0, 0, 0
164746, 40, 0, 0, 0
164846, 50, 0, 0, 0
164946, 40, 0, 0, 0
165046, 50, 0, 0, 0
165146, 50, 0, 0, 0
165246, 50, 0, 0, 0
165346, 40, 0, 0, 0
165446, 60, 0, 0, 0
165546, 50, 0, 0, 0
165645, 50, 0, 0, 0
165745, 30, 0, 0, 0
165845, 40, 0, 0, 0
165945, 40, 0, 0, 0
166045, 40, 0, 0, 0
166146, 40, 0, 0, 0
166246, 50, 0, 0, 0
166346, 50, 0, 0, 0
166446, 50, 0, 0, 0
166546, 40, 0, 0, 0
166646, 40, 0, 0, 0
166746, 40, 0, 0, 0
166846, 40, 0, 0, 0
166946, 50, 0, 0, 0
167046, 40, 0, 0, 0
167145, 50, 0, 0, 0
167245, 40, 0, 0, 0
167345, 40, 0, 0, 0
167445, 50, 0, 0, 0
167545, 50, 0, 0, 0
167646, 40, 0, 0, 0
167746, 50, 0, 0, 0
167846, 40, 0, 0, 0
167946, 40, 0, 0, 0
168046, 50, 0, 0, 0
168146, 50, 0, 0, 0
168246, 40, 0, 0, 0
168346, 50, 0, 0, 0
168446, 30, 0, 0, 0
168546, 50, 0, 0, 0
168645, 40, 0, 0, 0
168745, 40, 0, 0, 0
168845, 50, 0, 0, 0
168945, 50, 0, 0, 0
169046, 50, 0, 0, 0
169146, 50, 0, 0, 0
169246, 40, 0, 0, 0
169346, 40, 0, 0, 0
169446, 30, 0, 0, 0
169546, 50, 0, 0, 0
169646, 40, 0, 0, 0
169746, 60, 0, 0, 0
169846, 40, 0, 0, 0
169946, 40, 0, 0, 0
170046, 50, 0, 0, 0
170145, 50, 0, 0, 0
170245, 50, 0, 0, 0
170345, 40, 0, 0, 0
170445, 50, 0, 0, 0
170546, 60, 0, 0, 0
170646, 40, 0, 0, 0
170746, 40, 0, 0, 0
170846, 40, 0, 0, 0
170946, 50, 0, 0, 0
171046, 50, 0, 0, 0
171146, 20, 0, 0, 0
171246, 40, 0, 0, 0
171346, 50, 0, 0, 0
171446, 50, 0, 0, 0
171546, 40, 0, 0, 0
171645, 40, 0, 0, 0
171745, 40, 0, 0, 0
171845, 30, 0, 0, 0
171945, 50, 0, 0, 0
172046, 50, 0, 0, 0
172146, 50, 0, 0, 0
172246, 50, 0, 0, 0
172346, 40, 0, 0, 0
172446, 40, 0, 0, 0
172546, 50, 0, 0, 0
172646, 40, 0, 0, 0
172746, 60, 0, 0, 0
172846, 50, 0, 0, 0
172946, 40, 0, 0, 0
173046, 40, 0, 0, 0
173145, 50, 0, 0, 0
173245, 50, 0, 0, 0
173345, 50, 0, 0, 0
173445, 30, 0, 0, 0
173545, 40, 0, 0, 0
173646, 50, 0, 0, 0
173746, 40, 0, 0, 0
173846, 60, 0, 0, 0
173946, 50, 0, 0, 0
174046, 50, 0, 0, 0
174146, 50, 0, 0, 0
174246, 60, 0, 0, 0
174346, 70, 0, 0, 0
174446, 70, 0, 0, 0
174546, 60, 0, 0, 0
174645, 50, 0, 0, 0
174745, 60, 0, 0, 0
174845, 70, 0, 0, 0
174945, 50, 0, 0, 0
175045, 60, 0, 0, 0
175146, 60, 0, 0, 0
175246, 20, 0, 0, 0
175346, 50, 0, 0, 0
175446, 30, 0, 0, 0
175546, 60, 0, 0, 0
175646, 40, 0, 0, 0
175746, 50, 0, 0, 0
175846, 50, 0, 0, 0
175946, 40, 0, 0, 0
176046, 40, 0, 0, 0
176145, 50, 0, 0, 0
176245, 50, 0, 0, 0
176345, 30, 0, 0, 0
176445, 40, 0, 0, 0
176545, 40, 0, 0, 0
176645, 30, 0, 0, 0
176745, 60, 0, 0, 0
176845, 50, 0, 0, 0
176946, 50, 0, 0, 0
177046, 40, 0, 0, 0
177146, 40, 0, 0, 0
177246, 50, 0, 0, 0
177346, 40, 0, 0, 0
177446, 40, 0, 0, 0
177546, 50, 0, 0, 0
177645, 50, 0, 0, 0
177745, 40, 0, 0, 0
177845, 30, 0, 0, 0
177945, 50, 0, 0, 0
178045, 50, 0, 0, 0
178145, 50, 0, 0, 0
178246, 40, 0, 0, 0
178346, 20, 0, 0, 0
178446, 10, 0, 0, 0
178546, 50, 0, 0, 0
178646, 60, 0, 0, 0
178746, 20, 0, 0, 0
178846, 40, 0, 0, 0
178946, 60, 0, 0, 0
179046, 40, 0, 0, 0
179145, 50, 0, 0, 0
179245, 50, 0, 0, 0
179345, 50, 0, 0, 0
179445, 40, 0, 0, 0
179545, 40, 0, 0, 0
179646, 40, 0, 0, 0
179746, 60, 0, 0, 0
179846, 50, 0, 0, 0
179946, 20, 0, 0, 0
