172, 86219951, 0, 0, 0
201, 14693726, 0, 0, 0
312, 37009542, 0, 0, 0
403, 18176910, 0, 0, 0
502, 19764700, 0, 0, 0
610, 21511178, 0, 0, 0
709, 19768789, 0, 0, 0
800, 18186859, 0, 0, 0
905, 17589949, 0, 0, 0
1029, 24761208, 0, 0, 0
1163, 33579942, 0, 0, 0
1274, 37015675, 0, 0, 0
1304, 14924141, 0, 0, 0
1411, 21429640, 0, 0, 0
1511, 19859339, 0, 0, 0
1609, 19751463, 0, 0, 0
1705, 23982202, 0, 0, 0
1836, 26215525, 0, 0, 0
1935, 24623705, 0, 0, 0
2000, 16194782, 0, 0, 0
2122, 24548870, 0, 0, 0
2213, 22532282, 0, 0, 0
2302, 22434398, 0, 0, 0
2409, 21280290, 0, 0, 0
2506, 19535815, 0, 0, 0
2604, 19537634, 0, 0, 0
2719, 22958754, 0, 0, 0
2809, 22438714, 0, 0, 0
2906, 19542884, 0, 0, 0
3013, 21292138, 0, 0, 0
3103, 22420572, 0, 0, 0
3209, 21225012, 0, 0, 0
3323, 22953768, 0, 0, 0
3405, 20348271, 0, 0, 0
3511, 26592073, 0, 0, 0
3601, 22531076, 0, 0, 0
3716, 22874911, 0, 0, 0
3846, 21781650, 0, 0, 0
3937, 22545533, 0, 0, 0
4018, 27247609, 0, 0, 0
4109, 22563504, 0, 0, 0
4215, 35592986, 0, 0, 0
4306, 22528091, 0, 0, 0
4404, 24514508, 0, 0, 0
4510, 21185981, 0, 0, 0
4608, 19633259, 0, 0, 0
4705, 19538082, 0, 0, 0
4878, 34554818, 0, 0, 0
4919, 20463962, 0, 0, 0
5009, 22543072, 0, 0, 0
5124, 22877669, 0, 0, 0
5205, 20354204, 0, 0, 0
5312, 21281506, 0, 0, 0
5409, 19538434, 0, 0, 0
5507, 19532756, 0, 0, 0
5638, 26204900, 0, 0, 0
5712, 24599295, 0, 0, 0
5810, 19559761, 0, 0, 0
5908, 19630549, 0, 0, 0
6014, 21191873, 0, 0, 0
6104, 22466218, 0, 0, 0
6210, 26683996, 0, 0, 0
6300, 22431620, 0, 0, 0
6456, 25950595, 0, 0, 0
6505, 16280046, 0, 0, 0
6628, 30769482, 0, 0, 0
6710, 27372445, 0, 0, 0
6809, 24721173, 0, 0, 0
6910, 20154390, 0, 0, 0
7011, 20226470, 0, 0, 0
7103, 23171019, 0, 0, 0
7229, 31365011, 0, 0, 0
7313, 21083397, 0, 0, 0
7406, 23145843, 0, 0, 0
7515, 21898453, 0, 0, 0
7607, 23041616, 0, 0, 0
7700, 23160455, 0, 0, 0
7810, 21900982, 0, 0, 0
7902, 23054137, 0, 0, 0
8011, 21910586, 0, 0, 0
8104, 23155429, 0, 0, 0
8288, 36822905, 0, 0, 0
8305, 16861831, 0, 0, 0
8415, 21898782, 0, 0, 0
8507, 23142223, 0, 0, 0
8624, 29278369, 0, 0, 0
8709, 21093279, 0, 0, 0
8801, 18566347, 0, 0, 0
8903, 20245697, 0, 0, 0
9020, 23496548, 0, 0, 0
9121, 25232348, 0, 0, 0
9214, 23127095, 0, 0, 0
9314, 25134991, 0, 0, 0
9407, 23145766, 0, 0, 0
9550, 28557237, 0, 0, 0
9634, 28012122, 0, 0, 0
9701, 22354235, 0, 0, 0
9802, 25234755, 0, 0, 0
9903, 20227618, 0, 0, 0
10029, 25182550, 0, 0, 0
10113, 21061679, 0, 0, 0
10205, 23135213, 0, 0, 0
10323, 23564109, 0, 0, 0
10407, 20963180, 0, 0, 0
10517, 21914075, 0, 0, 0
10601, 21058698, 0, 0, 0
10710, 21808148, 0, 0, 0
10803, 23172997, 0, 0, 0
10904, 20225720, 0, 0, 0
11038, 33503967, 0, 0, 0
11155, 58520488, 0, 0, 0
11206, 16926634, 0, 0, 0
11340, 26896533, 0, 0, 0
11407, 22419911, 0, 0, 0
11517, 21837777, 0, 0, 0
11601, 21061295, 0, 0, 0
11710, 21899488, 0, 0, 0
11803, 23052300, 0, 0, 0
11912, 21914324, 0, 0, 0
12013, 20233198, 0, 0, 0
12131, 23499969, 0, 0, 0
12215, 21060860, 0, 0, 0
12310, 23827317, 0, 0, 0
12407, 19401230, 0, 0, 0
12504, 19395866, 0, 0, 0
12635, 26067212, 0, 0, 0
12716, 20311856, 0, 0, 0
12805, 22299264, 0, 0, 0
12911, 21077602, 0, 0, 0
13008, 19492702, 0, 0, 0
13113, 21061671, 0, 0, 0
13228, 28530272, 0, 0, 0
13341, 22751844, 0, 0, 0
13431, 22393512, 0, 0, 0
13529, 32636603, 0, 0, 0
13603, 37026121, 0, 0, 0
13708, 21049891, 0, 0, 0
13813, 17484236, 0, 0, 0
13910, 16088097, 0, 0, 0
14033, 41172946, 0, 0, 0
14106, 24344918, 0, 0, 0
14212, 21062773, 0, 0, 0
14301, 22375408, 0, 0, 0
14414, 18869753, 0, 0, 0
14520, 26434551, 0, 0, 0
14625, 21086285, 0, 0, 0
14707, 20310880, 0, 0, 0
14804, 19402874, 0, 0, 0
14909, 21078142, 0, 0, 0
15006, 19408827, 0, 0, 0
15137, 26151120, 0, 0, 0
15202, 21540606, 0, 0, 0
15315, 18876376, 0, 0, 0
15438, 41130394, 0, 0, 0
15503, 21566611, 0, 0, 0
15600, 19374045, 0, 0, 0
15706, 21150746, 0, 0, 0
15819, 22739666, 0, 0, 0
15908, 17765594, 0, 0, 0
16005, 19382022, 0, 0, 0
16102, 19487529, 0, 0, 0
16224, 24402371, 0, 0, 0
16330, 21084039, 0, 0, 0
16403, 24304008, 0, 0, 0
16509, 21143125, 0, 0, 0
16606, 19421115, 0, 0, 0
16703, 19379925, 0, 0, 0
16841, 27691420, 0, 0, 0
16917, 19003002, 0, 0, 0
17016, 19872890, 0, 0, 0
17107, 18093592, 0, 0, 0
17206, 19835416, 0, 0, 0
17305, 19781068, 0, 0, 0
17421, 23163238, 0, 0, 0
17520, 19776350, 0, 0, 0
17669, 29845697, 0, 0, 0
17723, 27194255, 0, 0, 0
17814, 18117358, 0, 0, 0
17913, 19838868, 0, 0, 0
18012, 19773618, 0, 0, 0
18113, 25251002, 0, 0, 0
18212, 19863654, 0, 0, 0
18345, 26432298, 0, 0, 0
18429, 21068568, 0, 0, 0
18563, 33570627, 0, 0, 0
18618, 27223120, 0, 0, 0
18710, 23162182, 0, 0, 0
18801, 18101276, 0, 0, 0
18913, 16009345, 0, 0, 0
19037, 24857779, 0, 0, 0
19180, 35658441, 0, 0, 0
19209, 14698756, 0, 0, 0
19308, 19774451, 0, 0, 0
19416, 21495557, 0, 0, 0
19500, 21093327, 0, 0, 0
19634, 33454957, 0, 0, 0
19753, 39808197, 0, 0, 0
19871, 29408219, 0, 0, 0
19901, 14939679, 0, 0, 0
20006, 17574277, 0, 0, 0
20111, 52236817, 0, 0, 0
20230, 39797147, 0, 0, 0
20314, 21087695, 0, 0, 0
20414, 19844439, 0, 0, 0
20504, 18079349, 0, 0, 0
20605, 25242048, 0, 0, 0
20712, 21437640, 0, 0, 0
20803, 18197740, 0, 0, 0
20919, 23095102, 0, 0, 0
21010, 18202145, 0, 0, 0
21109, 19772767, 0, 0, 0
21208, 19846583, 0, 0, 0
21390, 36431781, 0, 0, 0
21405, 14898568, 0, 0, 0
21529, 24747833, 0, 0, 0
21615, 28707538, 0, 0, 0
21714, 19848904, 0, 0, 0
21813, 19770134, 0, 0, 0
21931, 29402480, 0, 0, 0
22011, 20215096, 0, 0, 0
22112, 20209378, 0, 0, 0
22208, 31818698, 0, 0, 0
22301, 18540078, 0, 0, 0
22433, 22092812, 0, 0, 0
22519, 21432648, 0, 0, 0
22612, 18538078, 0, 0, 0
22707, 31822968, 0, 0, 0
22808, 20212648, 0, 0, 0
22901, 18466537, 0, 0, 0
23018, 23545913, 0, 0, 0
23104, 21442537, 0, 0, 0
23212, 17918888, 0, 0, 0
23304, 18536900, 0, 0, 0
23430, 25204492, 0, 0, 0
23533, 25615576, 0, 0, 0
23618, 21418420, 0, 0, 0
23713, 23520612, 0, 0, 0
23813, 20133216, 0, 0, 0
23906, 18561798, 0, 0, 0
24014, 17928245, 0, 0, 0
24101, 29208143, 0, 0, 0
24219, 23462484, 0, 0, 0
24354, 33912424, 0, 0, 0
24467, 37502130, 0, 0, 0
24512, 15145573, 0, 0, 0
24602, 89887088, 0, 0, 0
24703, 20221540, 0, 0, 0
24811, 17990246, 0, 0, 0
24905, 23549587, 0, 0, 0
25014, 21801492, 0, 0, 0
25108, 23526797, 0, 0, 0
25201, 18527428, 0, 0, 0
25309, 17942772, 0, 0, 0
25419, 27660223, 0, 0, 0
25512, 18549082, 0, 0, 0
25606, 23522629, 0, 0, 0
25714, 17931666, 0, 0, 0
25832, 23546474, 0, 0, 0
25909, 19361790, 0, 0, 0
26002, 18546725, 0, 0, 0
26102, 20131884, 0, 0, 0
26227, 20775527, 0, 0, 0
26313, 21418293, 0, 0, 0
26405, 18472424, 0, 0, 0
26513, 17995082, 0, 0, 0
26624, 27684089, 0, 0, 0
26710, 21438945, 0, 0, 0
26802, 18542897, 0, 0, 0
26915, 37392658, 0, 0, 0
27009, 23527275, 0, 0, 0
27103, 18928268, 0, 0, 0
27225, 24418301, 0, 0, 0
27308, 20546893, 0, 0, 0
27410, 17132705, 0, 0, 0
27507, 19315899, 0, 0, 0
27612, 21023046, 0, 0, 0
27710, 97724842, 0, 0, 0
27828, 39373770, 0, 0, 0
27961, 33177503, 0, 0, 0
28004, 14339761, 0, 0, 0
28126, 24358429, 0, 0, 0
28208, 20552852, 0, 0, 0
28310, 17121459, 0, 0, 0
28430, 19915031, 0, 0, 0
28504, 18579123, 0, 0, 0
28601, 19340632, 0, 0, 0
28706, 20998034, 0, 0, 0
28836, 26014572, 0, 0, 0
28902, 16461340, 0, 0, 0
29022, 19941544, 0, 0, 0
29183, 26870855, 0, 0, 0
29211, 14290647, 0, 0, 0
29315, 51786830, 0, 0, 0
29412, 19327761, 0, 0, 0
29500, 17747954, 0, 0, 0
29603, 17069088, 0, 0, 0
29708, 21090589, 0, 0, 0
29805, 19335957, 0, 0, 0
29937, 33062062, 0, 0, 0
30064, 42119120, 0, 0, 0
30107, 14360297, 0, 0, 0
30229, 24440409, 0, 0, 0
30319, 22625252, 0, 0, 0
30402, 20632423, 0, 0, 0
30513, 18528284, 0, 0, 0
30601, 17666379, 0, 0, 0
30706, 21003586, 0, 0, 0
30812, 21011346, 0, 0, 0
30900, 17676687, 0, 0, 0
31005, 21090411, 0, 0, 0
31102, 19341340, 0, 0, 0
31240, 27669914, 0, 0, 0
31323, 20644658, 0, 0, 0
31405, 20541842, 0, 0, 0
31502, 19327162, 0, 0, 0
31682, 36087660, 0, 0, 0
31711, 14278418, 0, 0, 0
31808, 19344018, 0, 0, 0
31917, 36603646, 0, 0, 0
32021, 25914766, 0, 0, 0
32106, 21321610, 0, 0, 0
32213, 17809572, 0, 0, 0
32305, 18413913, 0, 0, 0
32422, 23415462, 0, 0, 0
32549, 31722763, 0, 0, 0
32626, 19126873, 0, 0, 0
32713, 29060171, 0, 0, 0
32805, 18328098, 0, 0, 0
32922, 23442286, 0, 0, 0
33057, 33823640, 0, 0, 0
33102, 15031620, 0, 0, 0
33211, 21755578, 0, 0, 0
33344, 26669712, 0, 0, 0
33521, 44220152, 0, 0, 0
33612, 90147546, 0, 0, 0
33712, 20002696, 0, 0, 0
33804, 18407567, 0, 0, 0
33906, 25488781, 0, 0, 0
34004, 16439725, 0, 0, 0
34148, 35909400, 0, 0, 0
34208, 30058456, 0, 0, 0
34308, 50017453, 0, 0, 0
34413, 52644596, 0, 0, 0
34513, 20017115, 0, 0, 0
34605, 18399657, 0, 0, 0
34722, 23356911, 0, 0, 0
34824, 25468374, 0, 0, 0
34926, 25495871, 0, 0, 0
35011, 21319105, 0, 0, 0
35103, 18421009, 0, 0, 0
35210, 17821815, 0, 0, 0
35336, 25084894, 0, 0, 0
35427, 18319815, 0, 0, 0
35503, 15096157, 0, 0, 0
35601, 98486733, 0, 0, 0
35708, 17796742, 0, 0, 0
35834, 25090499, 0, 0, 0
35910, 19138901, 0, 0, 0
36002, 18424405, 0, 0, 0
36103, 20090278, 0, 0, 0
36285, 30322519, 0, 0, 0
36300, 15077058, 0, 0, 0
36400, 20016080, 0, 0, 0
36530, 18606553, 0, 0, 0
36657, 31732911, 0, 0, 0
36703, 15186902, 0, 0, 0
36808, 52483937, 0, 0, 0
36908, 20090772, 0, 0, 0
37007, 16426274, 0, 0, 0
37139, 21969053, 0, 0, 0
37240, 25480081, 0, 0, 0
37317, 19227440, 0, 0, 0
37413, 19106528, 0, 0, 0
37504, 18112679, 0, 0, 0
37603, 19830323, 0, 0, 0
37718, 23119388, 0, 0, 0
37803, 21059447, 0, 0, 0
37901, 19776313, 0, 0, 0
38007, 17588427, 0, 0, 0
38106, 19836930, 0, 0, 0
38213, 21435413, 0, 0, 0
38304, 18192176, 0, 0, 0
38403, 19765832, 0, 0, 0
38536, 26492948, 0, 0, 0
38626, 18114681, 0, 0, 0
38700, 14847370, 0, 0, 0
38808, 21436181, 0, 0, 0
38913, 17579304, 0, 0, 0
39029, 23188989, 0, 0, 0
39113, 21080921, 0, 0, 0
39204, 18101771, 0, 0, 0
39318, 18958844, 0, 0, 0
39402, 21055885, 0, 0, 0
39501, 19855562, 0, 0, 0
39607, 17557385, 0, 0, 0
39772, 33105701, 0, 0, 0
39802, 14926364, 0, 0, 0
39901, 19776417, 0, 0, 0
40067, 33192571, 0, 0, 0
40111, 14790853, 0, 0, 0
40227, 23101334, 0, 0, 0
40311, 21074192, 0, 0, 0
40410, 19762668, 0, 0, 0
40501, 18176244, 0, 0, 0
40600, 19775081, 0, 0, 0
40714, 19017671, 0, 0, 0
40806, 23067873, 0, 0, 0
40914, 21536156, 0, 0, 0
41048, 33588247, 0, 0, 0
41117, 23114434, 0, 0, 0
41281, 27301275, 0, 0, 0
41311, 14683502, 0, 0, 0
41402, 18192275, 0, 0, 0
41500, 19762458, 0, 0, 0
41606, 17571506, 0, 0, 0
41705, 19829308, 0, 0, 0
41821, 23122468, 0, 0, 0
41961, 35007100, 0, 0, 0
42024, 21193045, 0, 0, 0
42112, 21840456, 0, 0, 0
42206, 18918921, 0, 0, 0
42309, 20565064, 0, 0, 0
42403, 18849760, 0, 0, 0
42531, 25565369, 0, 0, 0
42619, 21937203, 0, 0, 0
42713, 18836807, 0, 0, 0
42801, 21900551, 0, 0, 0
42911, 18330641, 0, 0, 0
43030, 23913277, 0, 0, 0
43118, 21835754, 0, 0, 0
43247, 32213665, 0, 0, 0
43309, 15679444, 0, 0, 0
43407, 48786732, 0, 0, 0
43543, 27249198, 0, 0, 0
43605, 15564940, 0, 0, 0
43701, 23879458, 0, 0, 0
43836, 22561943, 0, 0, 0
43915, 19717489, 0, 0, 0
44003, 21847703, 0, 0, 0
44105, 20575222, 0, 0, 0
44207, 17000290, 0, 0, 0
44309, 16987252, 0, 0, 0
44404, 18900631, 0, 0, 0
44507, 20588699, 0, 0, 0
44601, 18826022, 0, 0, 0
44721, 23933881, 0, 0, 0
44808, 21806040, 0, 0, 0
44903, 18942203, 0, 0, 0
45006, 20574408, 0, 0, 0
45108, 20591327, 0, 0, 0
45228, 23936321, 0, 0, 0
45315, 21811347, 0, 0, 0
45410, 18915131, 0, 0, 0
45513, 20582300, 0, 0, 0
45608, 18913610, 0, 0, 0
45727, 23923352, 0, 0, 0
45814, 21817309, 0, 0, 0
45910, 23913560, 0, 0, 0
46005, 18922594, 0, 0, 0
46108, 20588741, 0, 0, 0
46202, 18906648, 0, 0, 0
46311, 15551092, 0, 0, 0
46405, 15596673, 0, 0, 0
46502, 16201205, 0, 0, 0
46612, 15791380, 0, 0, 0
46707, 15779705, 0, 0, 0
46802, 15790907, 0, 0, 0
46906, 20789879, 0, 0, 0
47000, 15728267, 0, 0, 0
47111, 15794106, 0, 0, 0
47214, 17167738, 0, 0, 0
47309, 15783581, 0, 0, 0
47403, 15778173, 0, 0, 0
47514, 18488862, 0, 0, 0
47603, 29737198, 0, 0, 0
47714, 15797530, 0, 0, 0
47833, 19887782, 0, 0, 0
47913, 20021336, 0, 0, 0
48001, 17442035, 0, 0, 0
48112, 18495371, 0, 0, 0
48200, 22111023, 0, 0, 0
48305, 35139465, 0, 0, 0
48409, 20767606, 0, 0, 0
48505, 19096355, 0, 0, 0
48601, 24077987, 0, 0, 0
48722, 24102889, 0, 0, 0
48818, 24171446, 0, 0, 0
48906, 22031200, 0, 0, 0
49002, 19090285, 0, 0, 0
49114, 22457089, 0, 0, 0
49202, 21999872, 0, 0, 0
49313, 15790354, 0, 0, 0
49401, 21995187, 0, 0, 0
49530, 25762840, 0, 0, 0
49609, 19914943, 0, 0, 0
49713, 20771322, 0, 0, 0
49809, 19104057, 0, 0, 0
49905, 24197496, 0, 0, 0
50002, 24089850, 0, 0, 0
50122, 24104317, 0, 0, 0
50202, 19918858, 0, 0, 0
50306, 20765455, 0, 0, 0
50469, 40738840, 0, 0, 0
50500, 15815808, 0, 0, 0
50604, 20777102, 0, 0, 0
50725, 24110268, 0, 0, 0
50805, 19913995, 0, 0, 0
50908, 20776133, 0, 0, 0
51004, 19112221, 0, 0, 0
51108, 20770237, 0, 0, 0
51230, 24369093, 0, 0, 0
51319, 22267318, 0, 0, 0
51400, 20173778, 0, 0, 0
51546, 24381723, 0, 0, 0
51685, 34863329, 0, 0, 0
51701, 15643448, 0, 0, 0
51807, 21126208, 0, 0, 0
51920, 22736236, 0, 0, 0
52009, 22274480, 0, 0, 0
52106, 19370554, 0, 0, 0
52203, 19437348, 0, 0, 0
52300, 19389859, 0, 0, 0
52414, 22699227, 0, 0, 0
52553, 34771326, 0, 0, 0
52635, 27194326, 0, 0, 0
52715, 20182051, 0, 0, 0
52812, 19401232, 0, 0, 0
52936, 41132571, 0, 0, 0
53000, 21509627, 0, 0, 0
53164, 32807681, 0, 0, 0
53287, 40957273, 0, 0, 0
53303, 16208057, 0, 0, 0
53409, 21032675, 0, 0, 0
53531, 30674395, 0, 0, 0
53637, 21058355, 0, 0, 0
53709, 24285443, 0, 0, 0
53815, 21047182, 0, 0, 0
53912, 19454189, 0, 0, 0
54001, 22282035, 0, 0, 0
54106, 21057191, 0, 0, 0
54213, 26518810, 0, 0, 0
54301, 17727292, 0, 0, 0
54414, 18808173, 0, 0, 0
54511, 24345912, 0, 0, 0
54601, 22269583, 0, 0, 0
54714, 18842816, 0, 0, 0
54828, 28606860, 0, 0, 0
54933, 21067916, 0, 0, 0
55022, 22277790, 0, 0, 0
55104, 20282368, 0, 0, 0
55209, 21028569, 0, 0, 0
55306, 19382506, 0, 0, 0
55403, 19369072, 0, 0, 0
55533, 26117283, 0, 0, 0
55606, 24279898, 0, 0, 0
55716, 21963350, 0, 0, 0
55830, 38215762, 0, 0, 0
55913, 41139019, 0, 0, 0
56010, 24360637, 0, 0, 0
56112, 25412480, 0, 0, 0
56225, 22710978, 0, 0, 0
56314, 17693636, 0, 0, 0
56411, 16214156, 0, 0, 0
56509, 19529323, 0, 0, 0
56632, 30751259, 0, 0, 0
56714, 20469873, 0, 0, 0
56804, 22444414, 0, 0, 0
56910, 21293049, 0, 0, 0
57000, 22447545, 0, 0, 0
57114, 22878360, 0, 0, 0
57212, 19621618, 0, 0, 0
57335, 24517978, 0, 0, 0
57425, 22451092, 0, 0, 0
57515, 22531417, 0, 0, 0
57613, 19535532, 0, 0, 0
57710, 19538479, 0, 0, 0
57800, 22543509, 0, 0, 0
57907, 35611105, 0, 0, 0
58005, 19623693, 0, 0, 0
58112, 26606011, 0, 0, 0
58202, 22441850, 0, 0, 0
58333, 26264985, 0, 0, 0
58423, 22437060, 0, 0, 0
58505, 20467770, 0, 0, 0
58644, 34934845, 0, 0, 0
58718, 24613395, 0, 0, 0
58858, 34950762, 0, 0, 0
58916, 28748791, 0, 0, 0
59005, 17893638, 0, 0, 0
59136, 21783301, 0, 0, 0
59226, 22538908, 0, 0, 0
59307, 20324625, 0, 0, 0
59405, 16231296, 0, 0, 0
59536, 26284913, 0, 0, 0
59626, 22431417, 0, 0, 0
59707, 20355486, 0, 0, 0
59805, 19620015, 0, 0, 0
59911, 21216250, 0, 0, 0
60001, 22447656, 0, 0, 0
60132, 21844730, 0, 0, 0
60214, 20360724, 0, 0, 0
60303, 22431564, 0, 0, 0
60402, 24615696, 0, 0, 0
60542, 34925052, 0, 0, 0
60623, 20457673, 0, 0, 0
60705, 20348463, 0, 0, 0
60803, 19547126, 0, 0, 0
60901, 24625924, 0, 0, 0
61015, 19003400, 0, 0, 0
61106, 91314960, 0, 0, 0
61212, 21191242, 0, 0, 0
61303, 22549297, 0, 0, 0
61400, 19520706, 0, 0, 0
61533, 26532243, 0, 0, 0
61623, 30013857, 0, 0, 0
61713, 22554339, 0, 0, 0
61803, 30023647, 0, 0, 0
61901, 19627612, 0, 0, 0
62008, 21226607, 0, 0, 0
62114, 21196015, 0, 0, 0
62228, 22886016, 0, 0, 0
62310, 20432575, 0, 0, 0
62407, 19550760, 0, 0, 0
62514, 21263552, 0, 0, 0
62612, 19556079, 0, 0, 0
62734, 24527249, 0, 0, 0
62825, 22563234, 0, 0, 0
62906, 20341583, 0, 0, 0
63004, 19542294, 0, 0, 0
63110, 21291567, 0, 0, 0
63200, 22456667, 0, 0, 0
63339, 23161102, 0, 0, 0
63429, 22527797, 0, 0, 0
63535, 26602460, 0, 0, 0
63617, 20346747, 0, 0, 0
63707, 22540567, 0, 0, 0
63813, 26607196, 0, 0, 0
63912, 19629373, 0, 0, 0
64009, 19543214, 0, 0, 0
64174, 41192610, 0, 0, 0
64207, 16278645, 0, 0, 0
64305, 32932023, 0, 0, 0
64405, 99268180, 0, 0, 0
64503, 19610482, 0, 0, 0
64600, 19538584, 0, 0, 0
64715, 28694881, 0, 0, 0
64814, 24604405, 0, 0, 0
64920, 26635333, 0, 0, 0
65010, 22541638, 0, 0, 0
65150, 34946767, 0, 0, 0
65274, 41277136, 0, 0, 0
65307, 16292226, 0, 0, 0
65414, 53525928, 0, 0, 0
65512, 24634034, 0, 0, 0
65610, 24515161, 0, 0, 0
65708, 19540679, 0, 0, 0
65831, 24626828, 0, 0, 0
65971, 34944546, 0, 0, 0
66003, 16248320, 0, 0, 0
66111, 53805888, 0, 0, 0
66209, 24533740, 0, 0, 0
66307, 19526386, 0, 0, 0
66430, 24627028, 0, 0, 0
66520, 22434736, 0, 0, 0
66601, 20329425, 0, 0, 0
66716, 19076333, 0, 0, 0
66806, 30053812, 0, 0, 0
66912, 21209667, 0, 0, 0
67000, 29524984, 0, 0, 0
67167, 33230089, 0, 0, 0
67211, 14811597, 0, 0, 0
67315, 52243161, 0, 0, 0
67400, 21092829, 0, 0, 0
67514, 18981794, 0, 0, 0
67605, 18200937, 0, 0, 0
67712, 21461655, 0, 0, 0
67826, 18988762, 0, 0, 0
67927, 25257966, 0, 0, 0
68027, 19894539, 0, 0, 0
68111, 21000516, 0, 0, 0
68210, 19859235, 0, 0, 0
68301, 18137187, 0, 0, 0
68400, 19865741, 0, 0, 0
68505, 17588705, 0, 0, 0
68621, 23190879, 0, 0, 0
68704, 16471928, 0, 0, 0
68809, 17595204, 0, 0, 0
68900, 18214047, 0, 0, 0
69002, 25273377, 0, 0, 0
69130, 18353371, 0, 0, 0
69214, 21084988, 0, 0, 0
69322, 21533207, 0, 0, 0
69404, 16469045, 0, 0, 0
69560, 25923929, 0, 0, 0
69604, 14829722, 0, 0, 0
69729, 24850352, 0, 0, 0
69813, 21108721, 0, 0, 0
69906, 23206583, 0, 0, 0
70013, 21463135, 0, 0, 0
70106, 23173287, 0, 0, 0
70205, 19805957, 0, 0, 0
70323, 29430634, 0, 0, 0
70407, 21099606, 0, 0, 0
70506, 19782781, 0, 0, 0
70612, 17661167, 0, 0, 0
70704, 23071300, 0, 0, 0
70812, 21541785, 0, 0, 0
70911, 19812930, 0, 0, 0
71011, 19879079, 0, 0, 0
71109, 19775575, 0, 0, 0
71236, 31542116, 0, 0, 0
71312, 19018214, 0, 0, 0
71402, 18113227, 0, 0, 0
71503, 25263386, 0, 0, 0
71626, 20372146, 0, 0, 0
71717, 18204618, 0, 0, 0
71801, 21109302, 0, 0, 0
71907, 17589110, 0, 0, 0
72029, 20391125, 0, 0, 0
72112, 20888019, 0, 0, 0
72202, 22249633, 0, 0, 0
72307, 21133430, 0, 0, 0
72404, 19351740, 0, 0, 0
72501, 19372271, 0, 0, 0
72623, 30623036, 0, 0, 0
72704, 20262132, 0, 0, 0
72801, 19380550, 0, 0, 0
72907, 21061293, 0, 0, 0
73003, 19362871, 0, 0, 0
73125, 24398702, 0, 0, 0
73206, 20266294, 0, 0, 0
73303, 19371573, 0, 0, 0
73409, 21032871, 0, 0, 0
73514, 21049562, 0, 0, 0
73604, 29982263, 0, 0, 0
73701, 19377084, 0, 0, 0
73823, 24401686, 0, 0, 0
73904, 20289723, 0, 0, 0
74035, 32696148, 0, 0, 0
74132, 24329101, 0, 0, 0
74221, 22394773, 0, 0, 0
74302, 20161227, 0, 0, 0
74415, 18837833, 0, 0, 0
74578, 27147875, 0, 0, 0
74610, 16117196, 0, 0, 0
74708, 24350895, 0, 0, 0
74807, 49497759, 0, 0, 0
74904, 24364019, 0, 0, 0
75009, 21030121, 0, 0, 0
75107, 19477825, 0, 0, 0
75279, 34376024, 0, 0, 0
75310, 15852324, 0, 0, 0
75400, 22384253, 0, 0, 0
75513, 22704489, 0, 0, 0
75619, 26438649, 0, 0, 0
75700, 20283849, 0, 0, 0
75813, 16066953, 0, 0, 0
75911, 49225699, 0, 0, 0
76035, 41132611, 0, 0, 0
76108, 24352114, 0, 0, 0
76213, 21034345, 0, 0, 0
76302, 22351963, 0, 0, 0
76400, 24359974, 0, 0, 0
76513, 18816985, 0, 0, 0
76602, 22382858, 0, 0, 0
76724, 24360229, 0, 0, 0
76813, 22295791, 0, 0, 0
76937, 41105365, 0, 0, 0
77010, 36812691, 0, 0, 0
77100, 29990425, 0, 0, 0
77205, 21055932, 0, 0, 0
77313, 26864077, 0, 0, 0
77406, 23170935, 0, 0, 0
77504, 19763609, 0, 0, 0
77604, 19846984, 0, 0, 0
77703, 19765796, 0, 0, 0
77825, 20355690, 0, 0, 0
77903, 26041944, 0, 0, 0
78002, 19775893, 0, 0, 0
78132, 21743068, 0, 0, 0
78225, 23160032, 0, 0, 0
78301, 18995107, 0, 0, 0
78402, 25235193, 0, 0, 0
78532, 21732956, 0, 0, 0
78616, 20972147, 0, 0, 0
78707, 18183656, 0, 0, 0
78812, 17575781, 0, 0, 0
78903, 18184932, 0, 0, 0
79019, 23109325, 0, 0, 0
79112, 23166676, 0, 0, 0
79219, 21434785, 0, 0, 0
79318, 19830245, 0, 0, 0
79400, 16441771, 0, 0, 0
79506, 17569754, 0, 0, 0
79613, 21509281, 0, 0, 0
79712, 19755745, 0, 0, 0
79803, 18199827, 0, 0, 0
79908, 17574772, 0, 0, 0
80013, 52218226, 0, 0, 0
80112, 19866438, 0, 0, 0
80232, 39794259, 0, 0, 0
80308, 18969087, 0, 0, 0
80406, 19776556, 0, 0, 0
80512, 17568715, 0, 0, 0
80613, 25240773, 0, 0, 0
80737, 24851525, 0, 0, 0
80813, 18907421, 0, 0, 0
80904, 18180111, 0, 0, 0
81011, 21439084, 0, 0, 0
81103, 23165396, 0, 0, 0
81203, 19846475, 0, 0, 0
81325, 20346685, 0, 0, 0
81409, 21077044, 0, 0, 0
81500, 18091308, 0, 0, 0
81605, 17570043, 0, 0, 0
81721, 23185474, 0, 0, 0
81807, 28684757, 0, 0, 0
81906, 19774652, 0, 0, 0
82001, 18997066, 0, 0, 0
82124, 30861353, 0, 0, 0
82222, 19556286, 0, 0, 0
82312, 22533414, 0, 0, 0
82402, 22431260, 0, 0, 0
82508, 21198628, 0, 0, 0
82606, 19618318, 0, 0, 0
82704, 19536561, 0, 0, 0
82818, 22878639, 0, 0, 0
82908, 22545005, 0, 0, 0
83014, 21197572, 0, 0, 0
83104, 22446698, 0, 0, 0
83211, 21299677, 0, 0, 0
83308, 19536257, 0, 0, 0
83423, 22871119, 0, 0, 0
83530, 26695345, 0, 0, 0
83603, 24485453, 0, 0, 0
83709, 21288846, 0, 0, 0
83816, 21213580, 0, 0, 0
83913, 19541828, 0, 0, 0
84028, 22866737, 0, 0, 0
84110, 20475354, 0, 0, 0
84208, 24503762, 0, 0, 0
84322, 22949912, 0, 0, 0
84412, 22445678, 0, 0, 0
84501, 17874122, 0, 0, 0
84601, 49610084, 0, 0, 0
84707, 21192861, 0, 0, 0
84813, 21307437, 0, 0, 0
84903, 22441703, 0, 0, 0
85001, 19547626, 0, 0, 0
85124, 24625737, 0, 0, 0
85214, 22438810, 0, 0, 0
85312, 24616327, 0, 0, 0
85410, 24518194, 0, 0, 0
85516, 21179971, 0, 0, 0
85614, 19619139, 0, 0, 0
85713, 49419533, 0, 0, 0
85803, 22539449, 0, 0, 0
85927, 41171504, 0, 0, 0
86059, 32982738, 0, 0, 0
86107, 16129079, 0, 0, 0
86239, 26284979, 0, 0, 0
86328, 22458313, 0, 0, 0
86410, 20325034, 0, 0, 0
86508, 19613438, 0, 0, 0
86606, 24540239, 0, 0, 0
86712, 21187357, 0, 0, 0
86802, 22543471, 0, 0, 0
86925, 30798368, 0, 0, 0
87007, 20462718, 0, 0, 0
87139, 43935322, 0, 0, 0
87213, 24594753, 0, 0, 0
87361, 37014334, 0, 0, 0
87435, 24612588, 0, 0, 0
87525, 29990653, 0, 0, 0
87617, 23167662, 0, 0, 0
87701, 27858081, 0, 0, 0
87810, 21919442, 0, 0, 0
87912, 20224591, 0, 0, 0
88012, 25167519, 0, 0, 0
88105, 30760419, 0, 0, 0
88231, 25253892, 0, 0, 0
88323, 23144591, 0, 0, 0
88416, 23046830, 0, 0, 0
88500, 21058663, 0, 0, 0
88610, 18286865, 0, 0, 0
88735, 31389299, 0, 0, 0
88803, 22451950, 0, 0, 0
88945, 35670001, 0, 0, 0
89021, 25206790, 0, 0, 0
89105, 20989614, 0, 0, 0
89206, 16902260, 0, 0, 0
89307, 25231522, 0, 0, 0
89408, 25139857, 0, 0, 0
89500, 18551432, 0, 0, 0
89618, 29406562, 0, 0, 0
89711, 23148003, 0, 0, 0
89853, 35563055, 0, 0, 0
89929, 25237727, 0, 0, 0
90013, 21070468, 0, 0, 0
90114, 20239359, 0, 0, 0
90206, 30629636, 0, 0, 0
90332, 25229873, 0, 0, 0
90400, 16915447, 0, 0, 0
90509, 27192090, 0, 0, 0
90601, 23147551, 0, 0, 0
90718, 58604819, 0, 0, 0
90811, 23132543, 0, 0, 0
90912, 20165338, 0, 0, 0
91004, 23156629, 0, 0, 0
91139, 26917502, 0, 0, 0
91223, 21064657, 0, 0, 0
91316, 23054663, 0, 0, 0
91408, 23140266, 0, 0, 0
91501, 23141480, 0, 0, 0
91643, 28490554, 0, 0, 0
91736, 23149304, 0, 0, 0
91820, 21068094, 0, 0, 0
91904, 21074963, 0, 0, 0
92005, 20144928, 0, 0, 0
92106, 20255645, 0, 0, 0
92233, 25218654, 0, 0, 0
92300, 16809983, 0, 0, 0
92468, 33563656, 0, 0, 0
92501, 16847921, 0, 0, 0
92627, 25166959, 0, 0, 0
92711, 21064722, 0, 0, 0
92804, 23161730, 0, 0, 0
92905, 20240191, 0, 0, 0
93006, 20157985, 0, 0, 0
93148, 28467667, 0, 0, 0
93213, 16069104, 0, 0, 0
93335, 24399612, 0, 0, 0
93424, 22389845, 0, 0, 0
93523, 49278184, 0, 0, 0
93612, 22390236, 0, 0, 0
93719, 53458360, 0, 0, 0
93809, 22400860, 0, 0, 0
93906, 19409355, 0, 0, 0
94037, 32723761, 0, 0, 0
94126, 22399022, 0, 0, 0
94216, 22291464, 0, 0, 0
94313, 19401604, 0, 0, 0
94402, 22367004, 0, 0, 0
94517, 38227699, 0, 0, 0
94656, 34811360, 0, 0, 0
94738, 27245156, 0, 0, 0
94820, 27295315, 0, 0, 0
94901, 20221449, 0, 0, 0
95006, 21068444, 0, 0, 0
95111, 21072425, 0, 0, 0
95201, 22408358, 0, 0, 0
95331, 21627657, 0, 0, 0
95412, 20208611, 0, 0, 0
95551, 34794988, 0, 0, 0
95674, 41113574, 0, 0, 0
95707, 16192907, 0, 0, 0
95829, 24412199, 0, 0, 0
95910, 27097126, 0, 0, 0
96000, 22422968, 0, 0, 0
96105, 21071665, 0, 0, 0
96202, 19401477, 0, 0, 0
96332, 21638318, 0, 0, 0
96413, 20305461, 0, 0, 0
96510, 19396637, 0, 0, 0
96633, 41018620, 0, 0, 0
96707, 24480440, 0, 0, 0
96812, 21068297, 0, 0, 0
96951, 27747278, 0, 0, 0
97032, 20320408, 0, 0, 0
97171, 34799549, 0, 0, 0
97203, 16155428, 0, 0, 0
97317, 22727298, 0, 0, 0
97414, 19391669, 0, 0, 0
97512, 24457977, 0, 0, 0
97601, 22294975, 0, 0, 0
97714, 18877937, 0, 0, 0
97828, 28528802, 0, 0, 0
97918, 22426182, 0, 0, 0
98049, 32725606, 0, 0, 0
98143, 23361802, 0, 0, 0
98203, 20315549, 0, 0, 0
98309, 17647527, 0, 0, 0
98408, 19764481, 0, 0, 0
98580, 28680211, 0, 0, 0
98610, 14878921, 0, 0, 0
98701, 18115849, 0, 0, 0
98817, 23184772, 0, 0, 0
98901, 20988717, 0, 0, 0
99000, 19852514, 0, 0, 0
99103, 34252034, 0, 0, 0
99273, 24326524, 0, 0, 0
99302, 14757196, 0, 0, 0
99405, 34209004, 0, 0, 0
99502, 16189975, 0, 0, 0
99643, 28180696, 0, 0, 0
99719, 18992788, 0, 0, 0
99803, 20982152, 0, 0, 0
99911, 21524527, 0, 0, 0
100009, 19756456, 0, 0, 0
100102, 23185937, 0, 0, 0
100224, 20346125, 0, 0, 0
100300, 18991717, 0, 0, 0
100414, 18958967, 0, 0, 0
100513, 19844878, 0, 0, 0
100629, 23097122, 0, 0, 0
100713, 21078311, 0, 0, 0
100804, 18090398, 0, 0, 0
100911, 21536282, 0, 0, 0
101010, 19774494, 0, 0, 0
101143, 26505287, 0, 0, 0
101219, 19013442, 0, 0, 0
101309, 18095918, 0, 0, 0
101400, 18175702, 0, 0, 0
101539, 23118606, 0, 0, 0
101615, 18994637, 0, 0, 0
101707, 23068261, 0, 0, 0
101806, 19845452, 0, 0, 0
101905, 19776992, 0, 0, 0
102005, 19855325, 0, 0, 0
102120, 23102296, 0, 0, 0
102213, 23164599, 0, 0, 0
102305, 23154316, 0, 0, 0
102404, 19762948, 0, 0, 0
102503, 19845146, 0, 0, 0
102636, 26433099, 0, 0, 0
102720, 21047911, 0, 0, 0
102813, 23162242, 0, 0, 0
102903, 18109049, 0, 0, 0
103025, 40789909, 0, 0, 0
103111, 21434265, 0, 0, 0
103211, 16610376, 0, 0, 0
103345, 26792930, 0, 0, 0
103439, 23513454, 0, 0, 0
103525, 21430000, 0, 0, 0
103610, 21437257, 0, 0, 0
103703, 18544328, 0, 0, 0
103811, 17936189, 0, 0, 0
103937, 25214092, 0, 0, 0
104073, 33926492, 0, 0, 0
104103, 15083649, 0, 0, 0
104286, 30512447, 0, 0, 0
104301, 14806622, 0, 0, 0
104409, 18009111, 0, 0, 0
104503, 23493280, 0, 0, 0
104609, 15179780, 0, 0, 0
104715, 52812161, 0, 0, 0
104818, 34576877, 0, 0, 0
104927, 21801511, 0, 0, 0
105037, 21893407, 0, 0, 0
105114, 19355301, 0, 0, 0
105207, 18542986, 0, 0, 0
105308, 20123570, 0, 0, 0
105408, 20188626, 0, 0, 0
105501, 18550501, 0, 0, 0
105619, 23536732, 0, 0, 0
105704, 21339178, 0, 0, 0
105812, 18002194, 0, 0, 0
105913, 20216160, 0, 0, 0
106031, 23466857, 0, 0, 0
106108, 19360937, 0, 0, 0
106211, 25604059, 0, 0, 0
106313, 25581223, 0, 0, 0
106414, 20217452, 0, 0, 0
106500, 21434270, 0, 0, 0
106609, 21798015, 0, 0, 0
106710, 20203918, 0, 0, 0
106811, 20194532, 0, 0, 0
106912, 20228803, 0, 0, 0
107038, 25137087, 0, 0, 0
107115, 19360765, 0, 0, 0
107209, 23518626, 0, 0, 0
107310, 20204117, 0, 0, 0
107403, 18538858, 0, 0, 0
107535, 22092511, 0, 0, 0
107623, 29041623, 0, 0, 0
107700, 19353286, 0, 0, 0
107801, 20213334, 0, 0, 0
107902, 20214333, 0, 0, 0
108041, 23149691, 0, 0, 0
108115, 18466513, 0, 0, 0
108212, 19415516, 0, 0, 0
108303, 22630635, 0, 0, 0
108414, 18521681, 0, 0, 0
108513, 24807962, 0, 0, 0
108635, 24337733, 0, 0, 0
108709, 18464847, 0, 0, 0
108803, 15754863, 0, 0, 0
108908, 21009177, 0, 0, 0
109036, 21317071, 0, 0, 0
109127, 22735051, 0, 0, 0
109212, 28256691, 0, 0, 0
109315, 17139743, 0, 0, 0
109411, 19328467, 0, 0, 0
109516, 20975658, 0, 0, 0
109611, 15765809, 0, 0, 0
109707, 19341256, 0, 0, 0
109804, 19344262, 0, 0, 0
109901, 19405256, 0, 0, 0
110006, 21026137, 0, 0, 0
110111, 21004110, 0, 0, 0
110202, 22730060, 0, 0, 0
110307, 21007001, 0, 0, 0
110419, 55945101, 0, 0, 0
110502, 20636593, 0, 0, 0
110605, 17126319, 0, 0, 0
110701, 19357658, 0, 0, 0
110813, 18532807, 0, 0, 0
110926, 22681362, 0, 0, 0
111000, 18468107, 0, 0, 0
111111, 18532173, 0, 0, 0
111208, 19416978, 0, 0, 0
111305, 19316626, 0, 0, 0
111418, 22683783, 0, 0, 0
111504, 14358276, 0, 0, 0
111624, 19918881, 0, 0, 0
111712, 17671953, 0, 0, 0
111807, 15751506, 0, 0, 0
111903, 19329430, 0, 0, 0
112000, 19362058, 0, 0, 0
112145, 24075020, 0, 0, 0
112219, 18584951, 0, 0, 0
112301, 20521633, 0, 0, 0
112410, 15579144, 0, 0, 0
112512, 20306188, 0, 0, 0
112604, 18416133, 0, 0, 0
112704, 20007598, 0, 0, 0
112829, 25108872, 0, 0, 0
112906, 19216846, 0, 0, 0
113013, 17813819, 0, 0, 0
113114, 20105798, 0, 0, 0
113239, 24992846, 0, 0, 0
113316, 19246383, 0, 0, 0
113401, 21289724, 0, 0, 0
113524, 20595692, 0, 0, 0
113601, 19211955, 0, 0, 0
113702, 20101018, 0, 0, 0
113802, 20073983, 0, 0, 0
113911, 21697870, 0, 0, 0
114003, 18405585, 0, 0, 0
114103, 20030708, 0, 0, 0
114235, 22029331, 0, 0, 0
114310, 15002218, 0, 0, 0
114401, 15097383, 0, 0, 0
114506, 15048600, 0, 0, 0
114611, 15049359, 0, 0, 0
114702, 15033050, 0, 0, 0
114807, 15056854, 0, 0, 0
114912, 15055653, 0, 0, 0
115021, 21759355, 0, 0, 0
115105, 16773712, 0, 0, 0
115210, 15050975, 0, 0, 0
115301, 15030403, 0, 0, 0
115406, 15048243, 0, 0, 0
115511, 15047038, 0, 0, 0
115612, 20083727, 0, 0, 0
115712, 20005847, 0, 0, 0
115812, 20094449, 0, 0, 0
115924, 37270217, 0, 0, 0
116059, 33822868, 0, 0, 0
116100, 40155376, 0, 0, 0
116200, 20006122, 0, 0, 0
116300, 20067816, 0, 0, 0
116445, 48381877, 0, 0, 0
116507, 20553782, 0, 0, 0
116607, 20085460, 0, 0, 0
116708, 20102908, 0, 0, 0
116831, 20591143, 0, 0, 0
116917, 21323809, 0, 0, 0
117002, 21324624, 0, 0, 0
117112, 27630586, 0, 0, 0
117236, 24768680, 0, 0, 0
117312, 18994151, 0, 0, 0
117405, 23149931, 0, 0, 0
117504, 19765996, 0, 0, 0
117628, 24845954, 0, 0, 0
117712, 21075208, 0, 0, 0
117811, 19770061, 0, 0, 0
117912, 25251270, 0, 0, 0
118011, 19775647, 0, 0, 0
118110, 19853124, 0, 0, 0
118201, 18096535, 0, 0, 0
118331, 21740898, 0, 0, 0
118409, 26023759, 0, 0, 0
118508, 19763278, 0, 0, 0
118632, 24774067, 0, 0, 0
118716, 21066989, 0, 0, 0
118801, 21082922, 0, 0, 0
118902, 25261429, 0, 0, 0
119007, 17561269, 0, 0, 0
119123, 23119465, 0, 0, 0
119207, 21060084, 0, 0, 0
119312, 17581683, 0, 0, 0
119405, 23157823, 0, 0, 0
119504, 19841862, 0, 0, 0
119610, 17571395, 0, 0, 0
119714, 52223341, 0, 0, 0
119813, 19851573, 0, 0, 0
119948, 33593832, 0, 0, 0
120002, 27196311, 0, 0, 0
120108, 17583943, 0, 0, 0
120213, 17574995, 0, 0, 0
120312, 19845708, 0, 0, 0
120405, 23136968, 0, 0, 0
120510, 17570348, 0, 0, 0
120626, 23112522, 0, 0, 0
120710, 21082506, 0, 0, 0
120834, 24767636, 0, 0, 0
120910, 19006688, 0, 0, 0
121045, 33591403, 0, 0, 0
121114, 23117725, 0, 0, 0
121205, 18187024, 0, 0, 0
121304, 19763734, 0, 0, 0
121428, 24842249, 0, 0, 0
121512, 20969506, 0, 0, 0
121611, 19852040, 0, 0, 0
121712, 25242292, 0, 0, 0
121809, 19472676, 0, 0, 0
121937, 25597209, 0, 0, 0
122075, 34326118, 0, 0, 0
122106, 15621062, 0, 0, 0
122201, 18920768, 0, 0, 0
122307, 52956971, 0, 0, 0
122401, 18929995, 0, 0, 0
122504, 20580673, 0, 0, 0
122624, 23902229, 0, 0, 0
122761, 34337482, 0, 0, 0
122825, 21201488, 0, 0, 0
122928, 20610893, 0, 0, 0
123007, 19718916, 0, 0, 0
123110, 20605520, 0, 0, 0
123213, 25981047, 0, 0, 0
123301, 21813176, 0, 0, 0
123436, 22538810, 0, 0, 0
123540, 25972927, 0, 0, 0
123627, 21817481, 0, 0, 0
123706, 19728646, 0, 0, 0
123809, 20589839, 0, 0, 0
123904, 18928634, 0, 0, 0
124025, 40542094, 0, 0, 0
124121, 23901745, 0, 0, 0
124200, 19838186, 0, 0, 0
124311, 22165557, 0, 0, 0
124406, 18916649, 0, 0, 0
124509, 20577252, 0, 0, 0
124628, 23918204, 0, 0, 0
124707, 19729760, 0, 0, 0
124852, 28928019, 0, 0, 0
124924, 23984190, 0, 0, 0
125010, 17275100, 0, 0, 0
125104, 18840327, 0, 0, 0
125247, 20371400, 0, 0, 0
125343, 23890991, 0, 0, 0
125414, 23861589, 0, 0, 0
125509, 18912024, 0, 0, 0
125637, 25582943, 0, 0, 0
125724, 21819777, 0, 0, 0
125803, 19840249, 0, 0, 0
125906, 20509763, 0, 0, 0
126010, 26092530, 0, 0, 0
126130, 23919194, 0, 0, 0
126217, 21795845, 0, 0, 0
126312, 18934995, 0, 0, 0
126407, 23888104, 0, 0, 0
126510, 20582221, 0, 0, 0
126605, 18917196, 0, 0, 0
126716, 22174426, 0, 0, 0
126804, 29555412, 0, 0, 0
126913, 21779940, 0, 0, 0
127010, 24189024, 0, 0, 0
127131, 24103850, 0, 0, 0
127269, 34501751, 0, 0, 0
127300, 15803130, 0, 0, 0
127404, 20779972, 0, 0, 0
127502, 48930908, 0, 0, 0
127633, 43619201, 0, 0, 0
127713, 19939784, 0, 0, 0
127802, 29614022, 0, 0, 0
127905, 20778595, 0, 0, 0
128001, 19110561, 0, 0, 0
128108, 53354685, 0, 0, 0
128203, 19101229, 0, 0, 0
128302, 49175322, 0, 0, 0
128406, 26137236, 0, 0, 0
128511, 26180885, 0, 0, 0
128641, 32408452, 0, 0, 0
128720, 19923151, 0, 0, 0
128809, 22099900, 0, 0, 0
128904, 19111851, 0, 0, 0
129008, 20773269, 0, 0, 0
129104, 19108006, 0, 0, 0
129232, 25770676, 0, 0, 0
129313, 26821945, 0, 0, 0
129458, 24110754, 0, 0, 0
129505, 15713375, 0, 0, 0
129604, 99169492, 0, 0, 0
129708, 20765607, 0, 0, 0
129803, 19108800, 0, 0, 0
129910, 53374989, 0, 0, 0
130014, 20758253, 0, 0, 0
130110, 24108091, 0, 0, 0
130205, 15784283, 0, 0, 0
130319, 37936247, 0, 0, 0
130415, 19158141, 0, 0, 0
130503, 22015707, 0, 0, 0
130614, 18543865, 0, 0, 0
130702, 22023646, 0, 0, 0
130813, 18548348, 0, 0, 0
130904, 90494673, 0, 0, 0
131000, 19123404, 0, 0, 0
131105, 26272194, 0, 0, 0
131225, 24104198, 0, 0, 0
131322, 24079360, 0, 0, 0
131409, 21993546, 0, 0, 0
131513, 20764227, 0, 0, 0
131601, 21995924, 0, 0, 0
131713, 18548100, 0, 0, 0
131809, 24105827, 0, 0, 0
131905, 19195689, 0, 0, 0
132034, 25776239, 0, 0, 0
132114, 19914927, 0, 0, 0
132202, 21999874, 0, 0, 0
132313, 18557601, 0, 0, 0
132401, 21997408, 0, 0, 0
132506, 21083182, 0, 0, 0
132637, 26113802, 0, 0, 0
132718, 20187004, 0, 0, 0
132807, 22274870, 0, 0, 0
132912, 21126096, 0, 0, 0
133009, 19379399, 0, 0, 0
133124, 38215323, 0, 0, 0
133205, 20281557, 0, 0, 0
133310, 21037703, 0, 0, 0
133416, 21032556, 0, 0, 0
133506, 30004469, 0, 0, 0
133636, 26041923, 0, 0, 0
133716, 20162172, 0, 0, 0
133806, 22300570, 0, 0, 0
133903, 24452336, 0, 0, 0
134025, 24381345, 0, 0, 0
134115, 22277147, 0, 0, 0
134212, 19450860, 0, 0, 0
134301, 22246578, 0, 0, 0
134406, 21049320, 0, 0, 0
134511, 21020463, 0, 0, 0
134625, 22724702, 0, 0, 0
134714, 22345495, 0, 0, 0
134804, 29907418, 0, 0, 0
134901, 19460576, 0, 0, 0
135048, 29383419, 0, 0, 0
135121, 24297274, 0, 0, 0
135202, 20309578, 0, 0, 0
135314, 16003472, 0, 0, 0
135412, 24438332, 0, 0, 0
135503, 91105485, 0, 0, 0
135626, 40993241, 0, 0, 0
135741, 38330262, 0, 0, 0
135806, 21521336, 0, 0, 0
135911, 21046517, 0, 0, 0
136008, 19476005, 0, 0, 0
136105, 19376246, 0, 0, 0
136219, 22694295, 0, 0, 0
136316, 24344393, 0, 0, 0
136430, 22803250, 0, 0, 0
136561, 43757277, 0, 0, 0
136626, 21636396, 0, 0, 0
136724, 24354396, 0, 0, 0
136813, 22277298, 0, 0, 0
136910, 19379575, 0, 0, 0
137015, 21130448, 0, 0, 0
137112, 19370838, 0, 0, 0
137209, 19393185, 0, 0, 0
137314, 21038991, 0, 0, 0
137411, 19350324, 0, 0, 0
137501, 22364682, 0, 0, 0
137639, 22994089, 0, 0, 0
137728, 22271203, 0, 0, 0
137828, 24950560, 0, 0, 0
137909, 20378758, 0, 0, 0
138007, 19612913, 0, 0, 0
138113, 21206918, 0, 0, 0
138236, 24539811, 0, 0, 0
138334, 24632193, 0, 0, 0
138474, 34935211, 0, 0, 0
138507, 16226379, 0, 0, 0
138613, 26603771, 0, 0, 0
138703, 22535770, 0, 0, 0
138809, 21212741, 0, 0, 0
138907, 19547689, 0, 0, 0
139014, 21289983, 0, 0, 0
139112, 24528674, 0, 0, 0
139284, 34553864, 0, 0, 0
139326, 41280563, 0, 0, 0
139407, 16184228, 0, 0, 0
139513, 21283890, 0, 0, 0
139636, 24537209, 0, 0, 0
139710, 24626204, 0, 0, 0
139815, 17608606, 0, 0, 0
139913, 19548248, 0, 0, 0
140003, 22444329, 0, 0, 0
140110, 26708120, 0, 0, 0
140207, 16230843, 0, 0, 0
140363, 31190796, 0, 0, 0
140429, 21836169, 0, 0, 0
140518, 22451286, 0, 0, 0
140608, 22511809, 0, 0, 0
140715, 26607888, 0, 0, 0
140805, 22556916, 0, 0, 0
140929, 41146587, 0, 0, 0
141002, 24627625, 0, 0, 0
141100, 19543875, 0, 0, 0
141214, 18999102, 0, 0, 0
141304, 22555532, 0, 0, 0
141437, 66064612, 0, 0, 0
141518, 20426771, 0, 0, 0
141600, 20353689, 0, 0, 0
141707, 26721220, 0, 0, 0
141813, 21200666, 0, 0, 0
141960, 29565958, 0, 0, 0
142026, 21821239, 0, 0, 0
142132, 21211859, 0, 0, 0
142214, 20453159, 0, 0, 0
142312, 19553766, 0, 0, 0
142427, 38361483, 0, 0, 0
142508, 20434328, 0, 0, 0
142614, 21199557, 0, 0, 0
142705, 22563196, 0, 0, 0
142802, 19541672, 0, 0, 0
142908, 21202108, 0, 0, 0
143031, 24547828, 0, 0, 0
143109, 38995811, 0, 0, 0
143200, 18205351, 0, 0, 0
143308, 21473820, 0, 0, 0
143409, 25260680, 0, 0, 0
143558, 29849725, 0, 0, 0
143629, 35587459, 0, 0, 0
143722, 23183937, 0, 0, 0
143806, 21108615, 0, 0, 0
143912, 17613102, 0, 0, 0
144026, 18977564, 0, 0, 0
144102, 19045117, 0, 0, 0
144207, 17581852, 0, 0, 0
144338, 21779127, 0, 0, 0
144414, 18982117, 0, 0, 0
144505, 18216286, 0, 0, 0
144611, 17598919, 0, 0, 0
144714, 34253608, 0, 0, 0
144804, 18129899, 0, 0, 0
144927, 20447615, 0, 0, 0
145011, 20988271, 0, 0, 0
145110, 19875972, 0, 0, 0
145208, 16218238, 0, 0, 0
145313, 17593495, 0, 0, 0
145406, 23158490, 0, 0, 0
145505, 19802352, 0, 0, 0
145604, 19869882, 0, 0, 0
145728, 24792357, 0, 0, 0
145806, 26068231, 0, 0, 0
145905, 19799398, 0, 0, 0
146030, 24878807, 0, 0, 0
146114, 20982403, 0, 0, 0
146213, 19886844, 0, 0, 0
146312, 19790021, 0, 0, 0
146411, 19850071, 0, 0, 0
146535, 24799720, 0, 0, 0
146620, 21121265, 0, 0, 0
146704, 21087999, 0, 0, 0
146810, 17594719, 0, 0, 0
146914, 52270398, 0, 0, 0
147007, 23190864, 0, 0, 0
147131, 24875719, 0, 0, 0
147216, 21099936, 0, 0, 0
147300, 20998218, 0, 0, 0
147414, 19046584, 0, 0, 0
147513, 19788999, 0, 0, 0
147629, 23129662, 0, 0, 0
147713, 21074103, 0, 0, 0
147813, 19890969, 0, 0, 0
147912, 19795998, 0, 0, 0
148020, 21751928, 0, 0, 0
148101, 20271411, 0, 0, 0
148207, 21052573, 0, 0, 0
148303, 19357165, 0, 0, 0
148409, 21048292, 0, 0, 0
148514, 21037202, 0, 0, 0
148612, 24434706, 0, 0, 0
148709, 24370479, 0, 0, 0
148806, 19376313, 0, 0, 0
148920, 22802103, 0, 0, 0
149009, 22274234, 0, 0, 0
149107, 24360596, 0, 0, 0
149213, 26528291, 0, 0, 0
149336, 40997039, 0, 0, 0
149409, 24445134, 0, 0, 0
149506, 24342309, 0, 0, 0
149619, 18827191, 0, 0, 0
149708, 22280064, 0, 0, 0
149806, 19450270, 0, 0, 0
149911, 21051292, 0, 0, 0
150000, 22270135, 0, 0, 0
150138, 23002959, 0, 0, 0
150203, 21677836, 0, 0, 0
150308, 17440533, 0, 0, 0
150405, 19367383, 0, 0, 0
150502, 24347404, 0, 0, 0
150607, 21038526, 0, 0, 0
150705, 24455164, 0, 0, 0
150803, 24359198, 0, 0, 0
150933, 26056853, 0, 0, 0
151022, 22367409, 0, 0, 0
151111, 22279223, 0, 0, 0
151209, 24353954, 0, 0, 0
151307, 24424891, 0, 0, 0
151404, 24369147, 0, 0, 0
151509, 21031543, 0, 0, 0
151614, 21022106, 0, 0, 0
151704, 22370545, 0, 0, 0
151834, 26061410, 0, 0, 0
151915, 20201434, 0, 0, 0
152004, 22376109, 0, 0, 0
152110, 21044049, 0, 0, 0
152207, 19367974, 0, 0, 0
152312, 21036873, 0, 0, 0
152401, 22371152, 0, 0, 0
152507, 35413649, 0, 0, 0
152613, 21040281, 0, 0, 0
152710, 19451644, 0, 0, 0
152832, 24385435, 0, 0, 0
152913, 20190756, 0, 0, 0
153002, 22280888, 0, 0, 0
153107, 21119685, 0, 0, 0
153213, 26442863, 0, 0, 0
153307, 18751708, 0, 0, 0
153414, 21417028, 0, 0, 0
153515, 25253571, 0, 0, 0
153614, 19764008, 0, 0, 0
153713, 19857431, 0, 0, 0
153837, 24753413, 0, 0, 0
153921, 21103554, 0, 0, 0
154007, 28690928, 0, 0, 0
154113, 17575877, 0, 0, 0
154204, 18169038, 0, 0, 0
154311, 21448796, 0, 0, 0
154402, 18160932, 0, 0, 0
154509, 21441086, 0, 0, 0
154633, 24849440, 0, 0, 0
154718, 21083972, 0, 0, 0
154802, 20982808, 0, 0, 0
154901, 19849294, 0, 0, 0
155002, 25252473, 0, 0, 0
155109, 21438664, 0, 0, 0
155208, 19760798, 0, 0, 0
155305, 16251953, 0, 0, 0
155421, 23099952, 0, 0, 0
155507, 28670097, 0, 0, 0
155612, 17570020, 0, 0, 0
155712, 19849727, 0, 0, 0
155804, 23162361, 0, 0, 0
155903, 19781780, 0, 0, 0
156027, 24853999, 0, 0, 0
156111, 20958436, 0, 0, 0
156204, 23163060, 0, 0, 0
156303, 19842858, 0, 0, 0
156435, 26443847, 0, 0, 0
156505, 23124151, 0, 0, 0
156604, 19828935, 0, 0, 0
156703, 19768795, 0, 0, 0
156802, 19853520, 0, 0, 0
156959, 31443280, 0, 0, 0
157014, 27477898, 0, 0, 0
157105, 18091983, 0, 0, 0
157210, 17571807, 0, 0, 0
157326, 23177828, 0, 0, 0
157410, 20990185, 0, 0, 0
157509, 19844809, 0, 0, 0
157608, 19766743, 0, 0, 0
157726, 29389777, 0, 0, 0
157802, 19022613, 0, 0, 0
157907, 17563888, 0, 0, 0
158001, 18830780, 0, 0, 0
158132, 26215017, 0, 0, 0
158222, 22457363, 0, 0, 0
158312, 22510296, 0, 0, 0
158410, 19536315, 0, 0, 0
158508, 19538162, 0, 0, 0
158606, 24618419, 0, 0, 0
158712, 21205150, 0, 0, 0
158802, 22542226, 0, 0, 0
158908, 21218859, 0, 0, 0
159015, 26607171, 0, 0, 0
159105, 22545493, 0, 0, 0
159228, 24540025, 0, 0, 0
159317, 22432957, 0, 0, 0
159408, 22553671, 0, 0, 0
159522, 22865788, 0, 0, 0
159611, 17874915, 0, 0, 0
159702, 22535580, 0, 0, 0
159800, 24527636, 0, 0, 0
159906, 21292762, 0, 0, 0
160013, 53569293, 0, 0, 0
160112, 19639892, 0, 0, 0
160202, 30041293, 0, 0, 0
160300, 24596669, 0, 0, 0
160406, 26616595, 0, 0, 0
160529, 20382241, 0, 0, 0
160611, 27377988, 0, 0, 0
160709, 19554900, 0, 0, 0
160806, 19543459, 0, 0, 0
160913, 21293674, 0, 0, 0
161012, 49399624, 0, 0, 0
161102, 22541499, 0, 0, 0
161208, 21209831, 0, 0, 0
161314, 21221916, 0, 0, 0
161404, 22508049, 0, 0, 0
161502, 19549339, 0, 0, 0
161625, 24541425, 0, 0, 0
161715, 22540712, 0, 0, 0
161855, 34944824, 0, 0, 0
161928, 24625906, 0, 0, 0
162010, 20358036, 0, 0, 0
162108, 19625694, 0, 0, 0
162206, 19538397, 0, 0, 0
162313, 53785510, 0, 0, 0
162403, 22423764, 0, 0, 0
162509, 26583835, 0, 0, 0
162600, 22550659, 0, 0, 0
162706, 26590514, 0, 0, 0
162812, 21307266, 0, 0, 0
162920, 53600485, 0, 0, 0
163010, 22523590, 0, 0, 0
163100, 22445111, 0, 0, 0
163215, 28783556, 0, 0, 0
163332, 23481594, 0, 0, 0
163408, 25192439, 0, 0, 0
163500, 23174262, 0, 0, 0
163609, 27184215, 0, 0, 0
163760, 30252727, 0, 0, 0
163828, 22442760, 0, 0, 0
163929, 20260593, 0, 0, 0
164013, 20947719, 0, 0, 0
164114, 20259734, 0, 0, 0
164207, 23146699, 0, 0, 0
164307, 25107546, 0, 0, 0
164400, 23164825, 0, 0, 0
164501, 25228395, 0, 0, 0
164610, 21881898, 0, 0, 0
164702, 23052434, 0, 0, 0
164812, 21927934, 0, 0, 0
164913, 20236632, 0, 0, 0
165031, 23495689, 0, 0, 0
165115, 21044769, 0, 0, 0
165216, 20255957, 0, 0, 0
165317, 25106160, 0, 0, 0
165409, 18578343, 0, 0, 0
165502, 18565872, 0, 0, 0
165611, 21803611, 0, 0, 0
165712, 25255470, 0, 0, 0
165805, 23137473, 0, 0, 0
165939, 26827649, 0, 0, 0
166040, 25237856, 0, 0, 0
166116, 25243712, 0, 0, 0
166200, 21089661, 0, 0, 0
166301, 20131469, 0, 0, 0
166402, 20249464, 0, 0, 0
166503, 20228306, 0, 0, 0
166629, 31384396, 0, 0, 0
166721, 23149825, 0, 0, 0
166814, 23155371, 0, 0, 0
166907, 23160856, 0, 0, 0
167016, 21822643, 0, 0, 0
167108, 23165352, 0, 0, 0
167201, 23150144, 0, 0, 0
167302, 20143013, 0, 0, 0
167403, 20232401, 0, 0, 0
167521, 23558985, 0, 0, 0
167613, 23052044, 0, 0, 0
167706, 23148687, 0, 0, 0
167807, 20237112, 0, 0, 0
167908, 20161870, 0, 0, 0
168009, 25240052, 0, 0, 0
168126, 23572118, 0, 0, 0
168219, 23149463, 0, 0, 0
168311, 23055675, 0, 0, 0
168404, 23138377, 0, 0, 0
168504, 25071485, 0, 0, 0
168609, 21062731, 0, 0, 0
168706, 19400409, 0, 0, 0
168837, 26153303, 0, 0, 0
168918, 20229813, 0, 0, 0
169007, 22304032, 0, 0, 0
169113, 21068322, 0, 0, 0
169210, 19481375, 0, 0, 0
169307, 19397546, 0, 0, 0
169414, 53619829, 0, 0, 0
169511, 19401301, 0, 0, 0
169609, 24371698, 0, 0, 0
169714, 17471932, 0, 0, 0
169812, 24484178, 0, 0, 0
169934, 24395872, 0, 0, 0
170023, 22323851, 0, 0, 0
170113, 22408486, 0, 0, 0
170210, 19396699, 0, 0, 0
170307, 19399271, 0, 0, 0
170412, 26430962, 0, 0, 0
170509, 16093668, 0, 0, 0
170615, 21140139, 0, 0, 0
170704, 22279530, 0, 0, 0
170801, 24407568, 0, 0, 0
170915, 22805769, 0, 0, 0
171005, 22329855, 0, 0, 0
171144, 34779528, 0, 0, 0
171226, 27254917, 0, 0, 0
171306, 20211556, 0, 0, 0
171412, 21082684, 0, 0, 0
171501, 22390522, 0, 0, 0
171615, 18840334, 0, 0, 0
171787, 34426240, 0, 0, 0
171803, 16056833, 0, 0, 0
171900, 19408947, 0, 0, 0
172022, 24411132, 0, 0, 0
172111, 22399790, 0, 0, 0
172209, 19417404, 0, 0, 0
172306, 24355836, 0, 0, 0
172411, 21062437, 0, 0, 0
172509, 19478102, 0, 0, 0
172631, 24416037, 0, 0, 0
172712, 20219744, 0, 0, 0
172809, 19403979, 0, 0, 0
172914, 21137181, 0, 0, 0
173004, 22330083, 0, 0, 0
173123, 23896947, 0, 0, 0
173222, 19860902, 0, 0, 0
173307, 21057987, 0, 0, 0
173439, 26443712, 0, 0, 0
173523, 21071884, 0, 0, 0
173609, 28680885, 0, 0, 0
173700, 18086246, 0, 0, 0
173831, 21810002, 0, 0, 0
173915, 20989058, 0, 0, 0
174014, 19853481, 0, 0, 0
174113, 19773158, 0, 0, 0
174202, 14863316, 0, 0, 0
174305, 14754217, 0, 0, 0
174409, 14810514, 0, 0, 0
174517, 15507420, 0, 0, 0
174614, 24042053, 0, 0, 0
174702, 14794542, 0, 0, 0
174806, 14817343, 0, 0, 0
174920, 18958918, 0, 0, 0
175025, 17578383, 0, 0, 0
175100, 14866303, 0, 0, 0
175219, 39799069, 0, 0, 0
175312, 23156228, 0, 0, 0
175427, 23094455, 0, 0, 0
175503, 18972694, 0, 0, 0
175633, 21734519, 0, 0, 0
175726, 23164006, 0, 0, 0
175810, 21088766, 0, 0, 0
175926, 23104396, 0, 0, 0
176010, 21090222, 0, 0, 0
176101, 18100041, 0, 0, 0
176200, 19865959, 0, 0, 0
176305, 52228831, 0, 0, 0
176404, 19838933, 0, 0, 0
176500, 48052161, 0, 0, 0
176607, 21497664, 0, 0, 0
176730, 20364934, 0, 0, 0
176806, 18982443, 0, 0, 0
176905, 19775484, 0, 0, 0
177006, 25272726, 0, 0, 0
177104, 19754266, 0, 0, 0
177204, 19862048, 0, 0, 0
177306, 34237090, 0, 0, 0
177405, 19746872, 0, 0, 0
177504, 19857121, 0, 0, 0
177628, 24750884, 0, 0, 0
177713, 21099367, 0, 0, 0
177839, 31663292, 0, 0, 0
177917, 19347644, 0, 0, 0
178002, 21441750, 0, 0, 0
178104, 20227108, 0, 0, 0
178211, 17930785, 0, 0, 0
178302, 90291906, 0, 0, 0
178447, 48472348, 0, 0, 0
178533, 21409483, 0, 0, 0
178610, 19354770, 0, 0, 0
178746, 33957848, 0, 0, 0
178816, 23492657, 0, 0, 0
178909, 18547534, 0, 0, 0
179010, 20202202, 0, 0, 0
179102, 18463007, 0, 0, 0
179220, 23543141, 0, 0, 0
179306, 21452573, 0, 0, 0
179408, 25597715, 0, 0, 0
179509, 20185560, 0, 0, 0
179610, 20139188, 0, 0, 0
179704, 23502747, 0, 0, 0
179812, 18014863, 0, 0, 0
179956, 36040785, 0, 0, 0
180002, 15154856, 0, 0, 0
