122, 2601967, 1, 0, 0
222, 2631680, 1, 0, 0
322, 2641920, 1, 0, 0
422, 2027520, 1, 0, 0
622, 941252, 1, 0, 0
722, 3543040, 1, 0, 0
822, 3553280, 1, 0, 0
922, 2631680, 1, 0, 0
1022, 3727360, 1, 0, 0
1121, 3858101, 1, 0, 0
1222, 2764800, 1, 0, 0
1322, 3072000, 1, 0, 0
1422, 3901440, 1, 0, 0
1522, 3512320, 1, 0, 0
1622, 3184640, 1, 0, 0
1722, 3911680, 1, 0, 0
1822, 3389440, 1, 0, 0
1922, 3389440, 1, 0, 0
2022, 3901440, 1, 0, 0
2121, 3227151, 1, 0, 0
2221, 3594240, 1, 0, 0
2321, 3819520, 1, 0, 0
2421, 3072000, 1, 0, 0
2521, 3778560, 1, 0, 0
2621, 3860480, 1, 0, 0
2721, 2949120, 1, 0, 0
2821, 3911680, 1, 0, 0
2922, 3840000, 1, 0, 0
3022, 2631680, 1, 0, 0
3122, 3624960, 1, 0, 0
3222, 3840000, 1, 0, 0
3322, 3020800, 1, 0, 0
3422, 3850240, 1, 0, 0
3522, 3819520, 1, 0, 0
3621, 2947878, 1, 0, 0
3721, 3911680, 1, 0, 0
3821, 3829760, 1, 0, 0
3921, 2641920, 1, 0, 0
4021, 3768320, 1, 0, 0
4122, 3921920, 1, 0, 0
4222, 2877440, 1, 0, 0
4322, 3911680, 1, 0, 0
4422, 3921920, 1, 0, 0
4522, 2867200, 1, 0, 0
4622, 3911680, 1, 0, 0
4722, 3921920, 1, 0, 0
4822, 2856960, 1, 0, 0
4922, 3911680, 1, 0, 0
5022, 3921920, 1, 0, 0
5121, 2865131, 1, 0, 0
5221, 3850240, 1, 0, 0
5321, 3911680, 1, 0, 0
5422, 2949120, 1, 0, 0
5522, 3829760, 1, 0, 0
5622, 3921920, 1, 0, 0
5722, 3020800, 1, 0, 0
5822, 3860480, 1, 0, 0
5922, 3911680, 1, 0, 0
6022, 2918400, 1, 0, 0
6122, 3809280, 1, 0, 0
6222, 3911680, 1, 0, 0
6322, 2211840, 1, 0, 0
6422, 3891200, 1, 0, 0
6522, 3973120, 1, 0, 0
6621, 2223838, 1, 0, 0
6721, 3942400, 1, 0, 0
6821, 3921920, 1, 0, 0
6922, 2990080, 1, 0, 0
7022, 3973120, 1, 0, 0
7122, 3880960, 1, 0, 0
7222, 3031040, 1, 0, 0
7322, 3973120, 1, 0, 0
7422, 3901440, 1, 0, 0
7522, 2990080, 1, 0, 0
7621, 3971878, 1, 0, 0
7721, 3870720, 1, 0, 0
7821, 3031040, 1, 0, 0
7921, 3973120, 1, 0, 0
8021, 3901440, 1, 0, 0
8121, 2990080, 1, 0, 0
8222, 3973120, 1, 0, 0
8322, 3880960, 1, 0, 0
8422, 3031040, 1, 0, 0
8522, 3973120, 1, 0, 0
8622, 3809280, 1, 0, 0
8722, 3082240, 1, 0, 0
8822, 3973120, 1, 0, 0
8922, 3430400, 1, 0, 0
9022, 3440640, 1, 0, 0
9121, 3971878, 1, 0, 0
9221, 3112960, 1, 0, 0
9321, 3717120, 1, 0, 0
9421, 3973120, 1, 0, 0
9522, 2990080, 1, 0, 0
9622, 3880960, 1, 0, 0
9722, 3973120, 1, 0, 0
9822, 3031040, 1, 0, 0
9922, 3901440, 1, 0, 0
10022, 3973120, 1, 0, 0
10122, 2211840, 1, 0, 0
10222, 3850240, 1, 0, 0
10322, 3921920, 1, 0, 0
10423, 2918400, 1, 0, 0
10523, 3819520, 1, 0, 0
10622, 3930505, 1, 0, 0
10722, 2375680, 1, 0, 0
10822, 3799040, 1, 0, 0
10922, 3840000, 1, 0, 0
11022, 2928640, 1, 0, 0
11122, 3909818, 1, 0, 0
11222, 3809280, 1, 0, 0
11322, 2979840, 1, 0, 0
11422, 3932160, 1, 0, 0
11522, 3840000, 1, 0, 0
11622, 2990080, 1, 0, 0
11722, 3911680, 1, 0, 0
11822, 3850240, 1, 0, 0
11922, 2437120, 1, 0, 0
12022, 3911680, 1, 0, 0
12121, 3868444, 1, 0, 0
12221, 2938880, 1, 0, 0
12321, 3891200, 1, 0, 0
12422, 3860480, 1, 0, 0
12522, 2949120, 1, 0, 0
12622, 3911680, 1, 0, 0
12722, 3921920, 1, 0, 0
12822, 2877440, 1, 0, 0
12922, 3901440, 1, 0, 0
13022, 3901440, 1, 0, 0
13121, 2430707, 1, 0, 0
13221, 3880960, 1, 0, 0
13321, 3901440, 1, 0, 0
13421, 2099200, 1, 0, 0
13521, 3686400, 1, 0, 0
13622, 3973120, 1, 0, 0
13722, 3020800, 1, 0, 0
13822, 3891200, 1, 0, 0
13922, 3962880, 1, 0, 0
14022, 3061760, 1, 0, 0
14122, 3901440, 1, 0, 0
14222, 3962880, 1, 0, 0
14322, 2068480, 1, 0, 0
14422, 3840000, 1, 0, 0
14522, 3973120, 1, 0, 0
14621, 2627232, 1, 0, 0
14721, 3491840, 1, 0, 0
14821, 3891200, 1, 0, 0
14922, 3102720, 1, 0, 0
15022, 3840000, 1, 0, 0
15122, 3891200, 1, 0, 0
15222, 3051520, 1, 0, 0
15322, 3973120, 1, 0, 0
15422, 3921920, 1, 0, 0
15522, 2990080, 1, 0, 0
15622, 3973120, 1, 0, 0
15722, 3880960, 1, 0, 0
15822, 2416640, 1, 0, 0
15922, 3911680, 1, 0, 0
16022, 3840000, 1, 0, 0
16122, 2989252, 1, 0, 0
16222, 3901440, 1, 0, 0
16322, 3850240, 1, 0, 0
16422, 2949120, 1, 0, 0
16522, 3911680, 1, 0, 0
16621, 3816727, 1, 0, 0
16721, 2949120, 1, 0, 0
16821, 3911680, 1, 0, 0
16922, 3870720, 1, 0, 0
17022, 2928640, 1, 0, 0
17122, 3911680, 1, 0, 0
17222, 3921920, 1, 0, 0
17322, 2498560, 1, 0, 0
17422, 3911680, 1, 0, 0
17522, 3911680, 1, 0, 0
17622, 2846720, 1, 0, 0
17722, 3911680, 1, 0, 0
17822, 3921920, 1, 0, 0
17922, 2017280, 1, 0, 0
18022, 3850240, 1, 0, 0
18121, 3930505, 1, 0, 0
18221, 2938880, 1, 0, 0
18321, 3840000, 1, 0, 0
18422, 3921920, 1, 0, 0
18522, 2959360, 1, 0, 0
18622, 3850240, 1, 0, 0
18722, 3911680, 1, 0, 0
18822, 2222080, 1, 0, 0
18922, 3860480, 1, 0, 0
19022, 3911680, 1, 0, 0
19121, 2896161, 1, 0, 0
19221, 3809280, 1, 0, 0
19321, 3911680, 1, 0, 0
19421, 2990080, 1, 0, 0
19521, 3880960, 1, 0, 0
19621, 3880960, 1, 0, 0
19722, 2252800, 1, 0, 0
19822, 3911680, 1, 0, 0
19922, 3829760, 1, 0, 0
20022, 2949120, 1, 0, 0
20122, 3911680, 1, 0, 0
20222, 3819520, 1, 0, 0
20322, 2949120, 1, 0, 0
20422, 3911680, 1, 0, 0
20522, 3829760, 1, 0, 0
20621, 2978909, 1, 0, 0
20721, 3911680, 1, 0, 0
20821, 3840000, 1, 0, 0
20921, 2938880, 1, 0, 0
21022, 3921920, 1, 0, 0
21122, 3819520, 1, 0, 0
21222, 2969600, 1, 0, 0
21322, 3880960, 1, 0, 0
21422, 3911680, 1, 0, 0
21522, 2928640, 1, 0, 0
21622, 3891200, 1, 0, 0
21722, 3901440, 1, 0, 0
21822, 2877440, 1, 0, 0
21922, 3891200, 1, 0, 0
22022, 3870720, 1, 0, 0
22121, 2834101, 1, 0, 0
22221, 3901440, 1, 0, 0
22321, 3921920, 1, 0, 0
22422, 2979840, 1, 0, 0
22522, 3921920, 1, 0, 0
22622, 3870720, 1, 0, 0
22722, 2037760, 1, 0, 0
22822, 3829760, 1, 0, 0
22922, 3880960, 1, 0, 0
23022, 2949120, 1, 0, 0
23121, 3785696, 1, 0, 0
23221, 3870720, 1, 0, 0
23321, 2181120, 1, 0, 0
23421, 3809280, 1, 0, 0
23521, 3921920, 1, 0, 0
23621, 2949120, 1, 0, 0
23721, 3829760, 1, 0, 0
23821, 3911680, 1, 0, 0
23922, 2293760, 1, 0, 0
24022, 3901440, 1, 0, 0
24122, 3870720, 1, 0, 0
24222, 2938880, 1, 0, 0
24322, 3911680, 1, 0, 0
24422, 3840000, 1, 0, 0
24522, 2938880, 1, 0, 0
24621, 3909818, 1, 0, 0
24721, 3829760, 1, 0, 0
24821, 2938880, 1, 0, 0
24921, 3911680, 1, 0, 0
25021, 3819520, 1, 0, 0
25122, 2979840, 1, 0, 0
25222, 3901440, 1, 0, 0
25322, 3840000, 1, 0, 0
25422, 2949120, 1, 0, 0
25522, 3921920, 1, 0, 0
25622, 3809280, 1, 0, 0
25722, 1925120, 1, 0, 0
25822, 3921920, 1, 0, 0
25922, 3911680, 1, 0, 0
26022, 2877440, 1, 0, 0
26121, 3909818, 1, 0, 0
26221, 3921920, 1, 0, 0
26321, 2785280, 1, 0, 0
26422, 3921920, 1, 0, 0
26522, 3921920, 1, 0, 0
26622, 2887680, 1, 0, 0
26722, 3891200, 1, 0, 0
26822, 3911680, 1, 0, 0
26922, 2877440, 1, 0, 0
27022, 3850240, 1, 0, 0
27121, 3920161, 1, 0, 0
27221, 2938880, 1, 0, 0
27321, 3829760, 1, 0, 0
27421, 3921920, 1, 0, 0
27521, 2979840, 1, 0, 0
27621, 3840000, 1, 0, 0
27722, 3911680, 1, 0, 0
27822, 2949120, 1, 0, 0
27922, 3819520, 1, 0, 0
28022, 3911680, 1, 0, 0
28122, 2990080, 1, 0, 0
28222, 3829760, 1, 0, 0
28322, 3860480, 1, 0, 0
28422, 2990080, 1, 0, 0
28522, 3840000, 1, 0, 0
28621, 3692606, 1, 0, 0
28721, 3225600, 1, 0, 0
28821, 3850240, 1, 0, 0
28921, 3409920, 1, 0, 0
29022, 3471360, 1, 0, 0
29122, 3870720, 1, 0, 0
29222, 3143680, 1, 0, 0
29322, 3717120, 1, 0, 0
29422, 3901440, 1, 0, 0
29522, 2877440, 1, 0, 0
29622, 3911680, 1, 0, 0
29722, 3921920, 1, 0, 0
29822, 2877440, 1, 0, 0
29922, 3891200, 1, 0, 0
30022, 3891200, 1, 0, 0
30121, 2875474, 1, 0, 0
30221, 3891200, 1, 0, 0
30322, 3921920, 1, 0, 0
30422, 2908160, 1, 0, 0
30522, 3860480, 1, 0, 0
30622, 3880960, 1, 0, 0
30722, 2990080, 1, 0, 0
30822, 3829760, 1, 0, 0
30922, 3901440, 1, 0, 0
31022, 2928640, 1, 0, 0
31121, 3816727, 1, 0, 0
31221, 3891200, 1, 0, 0
31321, 2897920, 1, 0, 0
31421, 3799040, 1, 0, 0
31521, 3891200, 1, 0, 0
31622, 2908160, 1, 0, 0
31722, 3799040, 1, 0, 0
31822, 3870720, 1, 0, 0
31922, 2918400, 1, 0, 0
32022, 3809280, 1, 0, 0
32122, 3891200, 1, 0, 0
32222, 2969600, 1, 0, 0
32322, 3840000, 1, 0, 0
32422, 3901440, 1, 0, 0
32522, 2304000, 1, 0, 0
32621, 3909818, 1, 0, 0
32721, 3850240, 1, 0, 0
32821, 2324480, 1, 0, 0
32921, 3921920, 1, 0, 0
33021, 3819520, 1, 0, 0
33122, 3010560, 1, 0, 0
33222, 3901440, 1, 0, 0
33322, 3819520, 1, 0, 0
33422, 2365440, 1, 0, 0
33522, 3901440, 1, 0, 0
33622, 3850240, 1, 0, 0
33722, 2938880, 1, 0, 0
33822, 3891200, 1, 0, 0
33922, 3819520, 1, 0, 0
34022, 2949120, 1, 0, 0
34121, 3899474, 1, 0, 0
34221, 3880960, 1, 0, 0
34321, 2918400, 1, 0, 0
34422, 3921920, 1, 0, 0
34522, 3911680, 1, 0, 0
34622, 2775040, 1, 0, 0
34722, 3911680, 1, 0, 0
34822, 3911680, 1, 0, 0
34922, 2918400, 1, 0, 0
35022, 3911680, 1, 0, 0
35122, 3921920, 1, 0, 0
35222, 2058240, 1, 0, 0
35322, 3870720, 1, 0, 0
35422, 3901440, 1, 0, 0
35522, 2897920, 1, 0, 0
35621, 3858101, 1, 0, 0
35721, 3921920, 1, 0, 0
35821, 2990080, 1, 0, 0
35922, 3850240, 1, 0, 0
36022, 3911680, 1, 0, 0
36122, 2949120, 1, 0, 0
36222, 3829760, 1, 0, 0
36322, 3911680, 1, 0, 0
36422, 3143680, 1, 0, 0
36522, 3788800, 1, 0, 0
36621, 3889131, 1, 0, 0
36721, 2918400, 1, 0, 0
36821, 3809280, 1, 0, 0
36921, 3891200, 1, 0, 0
37021, 2969600, 1, 0, 0
37122, 3829760, 1, 0, 0
37222, 3901440, 1, 0, 0
37322, 2355200, 1, 0, 0
37422, 3901440, 1, 0, 0
37522, 3819520, 1, 0, 0
37622, 2887680, 1, 0, 0
37722, 3901440, 1, 0, 0
37822, 3788800, 1, 0, 0
37922, 2979840, 1, 0, 0
38022, 3901440, 1, 0, 0
38121, 3837414, 1, 0, 0
38221, 2969600, 1, 0, 0
38321, 3901440, 1, 0, 0
38422, 3850240, 1, 0, 0
38522, 2959360, 1, 0, 0
38622, 3921920, 1, 0, 0
38722, 3840000, 1, 0, 0
38822, 2969600, 1, 0, 0
38922, 3921920, 1, 0, 0
39022, 3850240, 1, 0, 0
39122, 2979840, 1, 0, 0
39222, 3921920, 1, 0, 0
39322, 3584000, 1, 0, 0
39422, 3256320, 1, 0, 0
39522, 3921920, 1, 0, 0
39621, 3340929, 1, 0, 0
39721, 3430400, 1, 0, 0
39821, 3911680, 1, 0, 0
39922, 3143680, 1, 0, 0
40022, 3840000, 1, 0, 0
40122, 3911680, 1, 0, 0
40222, 2795520, 1, 0, 0
40322, 3799040, 1, 0, 0
40422, 3911680, 1, 0, 0
40522, 2979840, 1, 0, 0
40621, 3858101, 1, 0, 0
40721, 3911680, 1, 0, 0
40821, 2990080, 1, 0, 0
40921, 3870720, 1, 0, 0
41021, 3891200, 1, 0, 0
41122, 2283520, 1, 0, 0
41222, 3962880, 1, 0, 0
41322, 3891200, 1, 0, 0
41422, 3072000, 1, 0, 0
41522, 3973120, 1, 0, 0
41622, 3901440, 1, 0, 0
41722, 3031040, 1, 0, 0
41822, 3962880, 1, 0, 0
41922, 3901440, 1, 0, 0
42022, 2949120, 1, 0, 0
42121, 3992565, 1, 0, 0
42221, 3860480, 1, 0, 0
42321, 3031040, 1, 0, 0
42422, 3962880, 1, 0, 0
42522, 3901440, 1, 0, 0
42622, 3061760, 1, 0, 0
42722, 3921920, 1, 0, 0
42822, 3901440, 1, 0, 0
42922, 2949120, 1, 0, 0
43022, 3932160, 1, 0, 0
43121, 3868444, 1, 0, 0
43221, 1914880, 1, 0, 0
43321, 3962880, 1, 0, 0
43421, 3891200, 1, 0, 0
43521, 2867200, 1, 0, 0
43622, 3973120, 1, 0, 0
43722, 3952640, 1, 0, 0
43822, 3000320, 1, 0, 0
43922, 3952640, 1, 0, 0
44022, 3973120, 1, 0, 0
44121, 2958222, 1, 0, 0
44222, 3973120, 1, 0, 0
44322, 3942400, 1, 0, 0
44422, 2979840, 1, 0, 0
44522, 3973120, 1, 0, 0
44622, 3532800, 1, 0, 0
44722, 3440640, 1, 0, 0
44822, 3973120, 1, 0, 0
44922, 3072000, 1, 0, 0
45022, 3665920, 1, 0, 0
45121, 3961535, 1, 0, 0
45221, 3031040, 1, 0, 0
45321, 3901440, 1, 0, 0
45422, 3942400, 1, 0, 0
45522, 2969600, 1, 0, 0
45622, 3911680, 1, 0, 0
45722, 3901440, 1, 0, 0
45822, 3031040, 1, 0, 0
45922, 3973120, 1, 0, 0
46022, 3891200, 1, 0, 0
46121, 3030626, 1, 0, 0
46221, 3973120, 1, 0, 0
46321, 3911680, 1, 0, 0
46421, 3061760, 1, 0, 0
46521, 3973120, 1, 0, 0
46622, 3921920, 1, 0, 0
46722, 2478080, 1, 0, 0
46822, 3962880, 1, 0, 0
46922, 3921920, 1, 0, 0
47022, 2447360, 1, 0, 0
47122, 3921920, 1, 0, 0
47222, 3880960, 1, 0, 0
47322, 2949120, 1, 0, 0
47422, 3942400, 1, 0, 0
47522, 3840000, 1, 0, 0
47621, 2947878, 1, 0, 0
47721, 3921920, 1, 0, 0
47821, 3880960, 1, 0, 0
47922, 3010560, 1, 0, 0
48022, 3952640, 1, 0, 0
48122, 3942400, 1, 0, 0
48222, 2928640, 1, 0, 0
48322, 3962880, 1, 0, 0
48422, 3942400, 1, 0, 0
48522, 3010560, 1, 0, 0
48621, 3951191, 1, 0, 0
48721, 3604480, 1, 0, 0
48821, 3246080, 1, 0, 0
48921, 3952640, 1, 0, 0
49021, 3287040, 1, 0, 0
49122, 3235840, 1, 0, 0
49222, 3962880, 1, 0, 0
49322, 3287040, 1, 0, 0
49422, 3594240, 1, 0, 0
49522, 3973120, 1, 0, 0
49622, 2918400, 1, 0, 0
49722, 3225600, 1, 0, 0
49822, 3891200, 1, 0, 0
49922, 3368960, 1, 0, 0
50022, 3553280, 1, 0, 0
50121, 3847757, 1, 0, 0
50221, 3123200, 1, 0, 0
50321, 3840000, 1, 0, 0
50422, 3870720, 1, 0, 0
50522, 3000320, 1, 0, 0
50622, 3962880, 1, 0, 0
50722, 3891200, 1, 0, 0
50822, 2990080, 1, 0, 0
50922, 3973120, 1, 0, 0
51022, 3870720, 1, 0, 0
51121, 3061656, 1, 0, 0
51221, 3942400, 1, 0, 0
51321, 3911680, 1, 0, 0
51421, 3082240, 1, 0, 0
51521, 3973120, 1, 0, 0
51621, 3921920, 1, 0, 0
51722, 3102720, 1, 0, 0
51822, 3962880, 1, 0, 0
51922, 3942400, 1, 0, 0
52022, 3000320, 1, 0, 0
52122, 3973120, 1, 0, 0
52222, 3880960, 1, 0, 0
52322, 3092480, 1, 0, 0
52422, 3962880, 1, 0, 0
52522, 3706880, 1, 0, 0
52621, 3082343, 1, 0, 0
52721, 3952640, 1, 0, 0
52821, 3481600, 1, 0, 0
52921, 2979840, 1, 0, 0
53022, 3952640, 1, 0, 0
53122, 3553280, 1, 0, 0
53222, 3317760, 1, 0, 0
53322, 3932160, 1, 0, 0
53422, 3235840, 1, 0, 0
53522, 3614720, 1, 0, 0
53622, 3932160, 1, 0, 0
53722, 2990080, 1, 0, 0
53822, 3921920, 1, 0, 0
53922, 3911680, 1, 0, 0
54022, 2949120, 1, 0, 0
54121, 3899474, 1, 0, 0
54221, 3973120, 1, 0, 0
54321, 3010560, 1, 0, 0
54422, 3921920, 1, 0, 0
54522, 3973120, 1, 0, 0
54622, 3010560, 1, 0, 0
54722, 3901440, 1, 0, 0
54822, 3973120, 1, 0, 0
54922, 2283520, 1, 0, 0
55022, 3901440, 1, 0, 0
55121, 3878787, 1, 0, 0
55221, 3000320, 1, 0, 0
55322, 3921920, 1, 0, 0
55422, 3860480, 1, 0, 0
55522, 2959360, 1, 0, 0
55621, 3920161, 1, 0, 0
55721, 3829760, 1, 0, 0
55821, 2990080, 1, 0, 0
55922, 3901440, 1, 0, 0
56022, 3860480, 1, 0, 0
56122, 2990080, 1, 0, 0
56222, 3921920, 1, 0, 0
56322, 3829760, 1, 0, 0
56422, 2529280, 1, 0, 0
56522, 3901440, 1, 0, 0
56621, 3909818, 1, 0, 0
56721, 2990080, 1, 0, 0
56821, 3901440, 1, 0, 0
56921, 3829760, 1, 0, 0
57022, 2979840, 1, 0, 0
57122, 3901440, 1, 0, 0
57222, 3696640, 1, 0, 0
57322, 2979840, 1, 0, 0
57422, 3891200, 1, 0, 0
57522, 3860480, 1, 0, 0
57622, 2897920, 1, 0, 0
57722, 3901440, 1, 0, 0
57822, 3819520, 1, 0, 0
57922, 2918400, 1, 0, 0
58022, 3891200, 1, 0, 0
58121, 3889131, 1, 0, 0
58221, 2877440, 1, 0, 0
58321, 3911680, 1, 0, 0
58421, 3850240, 1, 0, 0
58521, 2058240, 1, 0, 0
58622, 3870720, 1, 0, 0
58722, 3911680, 1, 0, 0
58822, 2867200, 1, 0, 0
58922, 3840000, 1, 0, 0
59022, 3921920, 1, 0, 0
59122, 2990080, 1, 0, 0
59222, 3850240, 1, 0, 0
59322, 3921920, 1, 0, 0
59422, 2959360, 1, 0, 0
59522, 3829760, 1, 0, 0
59621, 3930505, 1, 0, 0
59721, 2949120, 1, 0, 0
59821, 3829760, 1, 0, 0
59922, 3829760, 1, 0, 0
60022, 3072000, 1, 0, 0
60122, 3850240, 1, 0, 0
60222, 3563520, 1, 0, 0
60322, 3307520, 1, 0, 0
60422, 3819520, 1, 0, 0
60522, 3358720, 1, 0, 0
60621, 3547797, 1, 0, 0
60721, 3860480, 1, 0, 0
60821, 3112960, 1, 0, 0
60921, 3747840, 1, 0, 0
61021, 3921920, 1, 0, 0
61122, 3010560, 1, 0, 0
61222, 3921920, 1, 0, 0
61322, 3921920, 1, 0, 0
61422, 2447360, 1, 0, 0
61522, 3368960, 1, 0, 0
61622, 3921920, 1, 0, 0
61722, 3194880, 1, 0, 0
61822, 3491840, 1, 0, 0
61922, 3891200, 1, 0, 0
62022, 3102720, 1, 0, 0
62121, 3785696, 1, 0, 0
62221, 3901440, 1, 0, 0
62321, 2949120, 1, 0, 0
62422, 3840000, 1, 0, 0
62522, 3901440, 1, 0, 0
62622, 3031040, 1, 0, 0
62722, 3891200, 1, 0, 0
62822, 3901440, 1, 0, 0
62922, 2836480, 1, 0, 0
63022, 3788800, 1, 0, 0
63122, 3911680, 1, 0, 0
63222, 2938880, 1, 0, 0
63322, 3840000, 1, 0, 0
63422, 3911680, 1, 0, 0
63522, 2129920, 1, 0, 0
63621, 3858101, 1, 0, 0
63721, 3911680, 1, 0, 0
63821, 2918400, 1, 0, 0
63922, 3860480, 1, 0, 0
64022, 3880960, 1, 0, 0
64122, 3020800, 1, 0, 0
64222, 3880960, 1, 0, 0
64322, 3840000, 1, 0, 0
64422, 2897920, 1, 0, 0
64522, 3891200, 1, 0, 0
64621, 3796040, 1, 0, 0
64721, 2887680, 1, 0, 0
64821, 3891200, 1, 0, 0
64921, 3799040, 1, 0, 0
65021, 2938880, 1, 0, 0
65121, 3901440, 1, 0, 0
65221, 3819520, 1, 0, 0
65322, 2457600, 1, 0, 0
65422, 3901440, 1, 0, 0
65522, 3840000, 1, 0, 0
65622, 2938880, 1, 0, 0
65722, 3911680, 1, 0, 0
65822, 3860480, 1, 0, 0
65922, 1966080, 1, 0, 0
66022, 3819520, 1, 0, 0
66121, 3889131, 1, 0, 0
66221, 2867200, 1, 0, 0
66321, 3840000, 1, 0, 0
66421, 3921920, 1, 0, 0
66521, 2867200, 1, 0, 0
66622, 3880960, 1, 0, 0
66722, 3911680, 1, 0, 0
66822, 3020800, 1, 0, 0
66922, 3870720, 1, 0, 0
67022, 3911680, 1, 0, 0
67122, 2887680, 1, 0, 0
67222, 3829760, 1, 0, 0
67322, 3921920, 1, 0, 0
67422, 3123200, 1, 0, 0
67522, 3870720, 1, 0, 0
67622, 3940848, 1, 0, 0
67722, 2662400, 1, 0, 0
67822, 3860480, 1, 0, 0
67922, 3932160, 1, 0, 0
68022, 2959360, 1, 0, 0
68121, 3847757, 1, 0, 0
68222, 3901440, 1, 0, 0
68322, 2969600, 1, 0, 0
68422, 3819520, 1, 0, 0
68522, 3921920, 1, 0, 0
68622, 2990080, 1, 0, 0
68722, 3840000, 1, 0, 0
68822, 3911680, 1, 0, 0
68922, 2949120, 1, 0, 0
69022, 3870720, 1, 0, 0
69121, 3858101, 1, 0, 0
69221, 3000320, 1, 0, 0
69321, 3870720, 1, 0, 0
69421, 3809280, 1, 0, 0
69521, 2959360, 1, 0, 0
69622, 3880960, 1, 0, 0
69722, 3819520, 1, 0, 0
69822, 2990080, 1, 0, 0
69922, 3911680, 1, 0, 0
70022, 3829760, 1, 0, 0
70122, 2928640, 1, 0, 0
70222, 3911680, 1, 0, 0
70322, 3850240, 1, 0, 0
70422, 2949120, 1, 0, 0
70522, 3921920, 1, 0, 0
70621, 3651232, 1, 0, 0
70721, 3102720, 1, 0, 0
70821, 3901440, 1, 0, 0
70922, 3481600, 1, 0, 0
71022, 3266560, 1, 0, 0
71122, 3891200, 1, 0, 0
71222, 3328000, 1, 0, 0
71322, 3409920, 1, 0, 0
71422, 3911680, 1, 0, 0
71522, 3164160, 1, 0, 0
71622, 3543040, 1, 0, 0
71722, 3911680, 1, 0, 0
71822, 3031040, 1, 0, 0
71922, 3768320, 1, 0, 0
72022, 3911680, 1, 0, 0
72121, 2968565, 1, 0, 0
72221, 3840000, 1, 0, 0
72321, 3911680, 1, 0, 0
72422, 2969600, 1, 0, 0
72522, 3850240, 1, 0, 0
72622, 3932160, 1, 0, 0
72722, 2928640, 1, 0, 0
72822, 3788800, 1, 0, 0
72922, 3870720, 1, 0, 0
73022, 2949120, 1, 0, 0
73121, 3889131, 1, 0, 0
73221, 3809280, 1, 0, 0
73321, 2928640, 1, 0, 0
73421, 3880960, 1, 0, 0
73521, 3788800, 1, 0, 0
73621, 2990080, 1, 0, 0
73722, 3921920, 1, 0, 0
73822, 3850240, 1, 0, 0
73922, 2959360, 1, 0, 0
74022, 3921920, 1, 0, 0
74122, 3840000, 1, 0, 0
74222, 2519040, 1, 0, 0
74322, 3962880, 1, 0, 0
74422, 3911680, 1, 0, 0
74522, 1914880, 1, 0, 0
74621, 3961535, 1, 0, 0
74721, 3962880, 1, 0, 0
74821, 2795520, 1, 0, 0
74921, 3942400, 1, 0, 0
75021, 3962880, 1, 0, 0
75122, 3010560, 1, 0, 0
75222, 3921920, 1, 0, 0
75322, 3962880, 1, 0, 0
75422, 2990080, 1, 0, 0
75522, 3932160, 1, 0, 0
75622, 3962880, 1, 0, 0
75722, 1781760, 1, 0, 0
75822, 3880960, 1, 0, 0
75922, 3932160, 1, 0, 0
76023, 2877440, 1, 0, 0
76122, 3847757, 1, 0, 0
76222, 3921920, 1, 0, 0
76322, 3010560, 1, 0, 0
76422, 3870720, 1, 0, 0
76522, 3921920, 1, 0, 0
76622, 2978909, 1, 0, 0
76722, 3860480, 1, 0, 0
76822, 3911680, 1, 0, 0
76922, 2918400, 1, 0, 0
77022, 3850240, 1, 0, 0
77121, 3920161, 1, 0, 0
77222, 3000320, 1, 0, 0
77322, 3870720, 1, 0, 0
77422, 3921920, 1, 0, 0
77522, 2990080, 1, 0, 0
77621, 3847757, 1, 0, 0
77721, 3921920, 1, 0, 0
77822, 2775040, 1, 0, 0
77922, 3891200, 1, 0, 0
78022, 3840000, 1, 0, 0
78121, 2410020, 1, 0, 0
78221, 3911680, 1, 0, 0
78321, 3850240, 1, 0, 0
78422, 3000320, 1, 0, 0
78522, 3921920, 1, 0, 0
78622, 3860480, 1, 0, 0
78722, 2938880, 1, 0, 0
78822, 3921920, 1, 0, 0
78923, 3860480, 1, 0, 0
79023, 2959360, 1, 0, 0
79122, 3920161, 1, 0, 0
79222, 3891200, 1, 0, 0
79322, 3010560, 1, 0, 0
79422, 3921920, 1, 0, 0
79522, 3840000, 1, 0, 0
79622, 2958222, 1, 0, 0
79722, 3932160, 1, 0, 0
79822, 3624960, 1, 0, 0
79922, 3256320, 1, 0, 0
80022, 3921920, 1, 0, 0
80122, 3340929, 1, 0, 0
80222, 3471360, 1, 0, 0
80322, 3921920, 1, 0, 0
80422, 3092480, 1, 0, 0
80522, 3655680, 1, 0, 0
80621, 3930505, 1, 0, 0
80721, 2969600, 1, 0, 0
80822, 3860480, 1, 0, 0
80922, 3921920, 1, 0, 0
81022, 2959360, 1, 0, 0
81121, 3827070, 1, 0, 0
81221, 3932160, 1, 0, 0
81321, 3072000, 1, 0, 0
81421, 3901440, 1, 0, 0
81521, 3901440, 1, 0, 0
81621, 3010560, 1, 0, 0
81721, 3880960, 1, 0, 0
81822, 3901440, 1, 0, 0
81922, 2949120, 1, 0, 0
82022, 3829760, 1, 0, 0
82122, 3921920, 1, 0, 0
82222, 2979840, 1, 0, 0
82322, 3850240, 1, 0, 0
82422, 3870720, 1, 0, 0
82522, 3000320, 1, 0, 0
82621, 3899474, 1, 0, 0
82721, 3860480, 1, 0, 0
82821, 2949120, 1, 0, 0
82922, 3932160, 1, 0, 0
83022, 3829760, 1, 0, 0
83122, 3072000, 1, 0, 0
83222, 3921920, 1, 0, 0
83322, 3891200, 1, 0, 0
83422, 2979840, 1, 0, 0
83523, 3932160, 1, 0, 0
83622, 3878787, 1, 0, 0
83722, 2928640, 1, 0, 0
83822, 3932160, 1, 0, 0
83922, 3840000, 1, 0, 0
84022, 2887680, 1, 0, 0
84122, 3930505, 1, 0, 0
84222, 3717120, 1, 0, 0
84322, 3051520, 1, 0, 0
84422, 3921920, 1, 0, 0
84522, 3512320, 1, 0, 0
84622, 3379200, 1, 0, 0
84722, 3921920, 1, 0, 0
84822, 3184640, 1, 0, 0
84922, 3604480, 1, 0, 0
85022, 3921920, 1, 0, 0
85121, 2989252, 1, 0, 0
85221, 3706880, 1, 0, 0
85321, 3901440, 1, 0, 0
85421, 2990080, 1, 0, 0
85522, 3860480, 1, 0, 0
85622, 3921920, 1, 0, 0
85722, 2918400, 1, 0, 0
85822, 3819520, 1, 0, 0
85922, 3921920, 1, 0, 0
86022, 3061760, 1, 0, 0
86122, 3891200, 1, 0, 0
86222, 3932160, 1, 0, 0
86322, 2662400, 1, 0, 0
86422, 3891200, 1, 0, 0
86522, 3921920, 1, 0, 0
86621, 2937535, 1, 0, 0
86721, 3901440, 1, 0, 0
86821, 3880960, 1, 0, 0
86922, 3020800, 1, 0, 0
87022, 3911680, 1, 0, 0
87122, 3870720, 1, 0, 0
87222, 2949120, 1, 0, 0
87322, 3921920, 1, 0, 0
87422, 3819520, 1, 0, 0
87522, 3000320, 1, 0, 0
87621, 3920161, 1, 0, 0
87721, 3840000, 1, 0, 0
87821, 2938880, 1, 0, 0
87921, 3921920, 1, 0, 0
88021, 3655680, 1, 0, 0
88121, 3051520, 1, 0, 0
88222, 3921920, 1, 0, 0
88322, 3891200, 1, 0, 0
88422, 2897920, 1, 0, 0
88522, 3891200, 1, 0, 0
88622, 3901440, 1, 0, 0
88722, 2867200, 1, 0, 0
88822, 3911680, 1, 0, 0
88922, 3880960, 1, 0, 0
89022, 1986560, 1, 0, 0
89121, 3920161, 1, 0, 0
89221, 3901440, 1, 0, 0
89321, 2918400, 1, 0, 0
89422, 3932160, 1, 0, 0
89522, 3860480, 1, 0, 0
89622, 2979840, 1, 0, 0
89722, 3911680, 1, 0, 0
89822, 3880960, 1, 0, 0
89922, 2897920, 1, 0, 0
90022, 3870720, 1, 0, 0
90122, 3932160, 1, 0, 0
90222, 2949120, 1, 0, 0
90322, 3850240, 1, 0, 0
90422, 3911680, 1, 0, 0
90522, 3000320, 1, 0, 0
90621, 3847757, 1, 0, 0
90721, 3717120, 1, 0, 0
90821, 3205120, 1, 0, 0
90922, 3870720, 1, 0, 0
91022, 3409920, 1, 0, 0
91122, 3614720, 1, 0, 0
91222, 3901440, 1, 0, 0
91322, 3031040, 1, 0, 0
91422, 3880960, 1, 0, 0
91522, 3891200, 1, 0, 0
91622, 2652160, 1, 0, 0
91722, 3491840, 1, 0, 0
91822, 3860480, 1, 0, 0
91922, 3133440, 1, 0, 0
92022, 3041280, 1, 0, 0
92121, 3827070, 1, 0, 0
92221, 3655680, 1, 0, 0
92321, 3205120, 1, 0, 0
92422, 3809280, 1, 0, 0
92522, 3471360, 1, 0, 0
92622, 3358720, 1, 0, 0
92722, 3870720, 1, 0, 0
92822, 3256320, 1, 0, 0
92922, 3614720, 1, 0, 0
93022, 3921920, 1, 0, 0
93122, 2949120, 1, 0, 0
93222, 3870720, 1, 0, 0
93322, 3880960, 1, 0, 0
93422, 2938880, 1, 0, 0
93522, 3829760, 1, 0, 0
93621, 3878787, 1, 0, 0
93721, 2611200, 1, 0, 0
93821, 3676160, 1, 0, 0
93922, 3901440, 1, 0, 0
94022, 2908160, 1, 0, 0
94122, 3850240, 1, 0, 0
94222, 3880960, 1, 0, 0
94322, 2908160, 1, 0, 0
94422, 3911680, 1, 0, 0
94522, 3880960, 1, 0, 0
94622, 2539520, 1, 0, 0
94722, 3317760, 1, 0, 0
94822, 3911680, 1, 0, 0
94922, 3256320, 1, 0, 0
95022, 3491840, 1, 0, 0
95121, 3909818, 1, 0, 0
95221, 3123200, 1, 0, 0
95321, 2979840, 1, 0, 0
95422, 3891200, 1, 0, 0
95522, 3614720, 1, 0, 0
95622, 3225600, 1, 0, 0
95722, 3829760, 1, 0, 0
95822, 3430400, 1, 0, 0
95922, 3430400, 1, 0, 0
96022, 3860480, 1, 0, 0
96121, 3227151, 1, 0, 0
96221, 3665920, 1, 0, 0
96321, 3880960, 1, 0, 0
96421, 2938880, 1, 0, 0
96521, 3911680, 1, 0, 0
96621, 3829760, 1, 0, 0
96721, 2990080, 1, 0, 0
96822, 3932160, 1, 0, 0
96922, 3850240, 1, 0, 0
97022, 2938880, 1, 0, 0
97122, 3932160, 1, 0, 0
97222, 3850240, 1, 0, 0
97322, 2918400, 1, 0, 0
97422, 3911680, 1, 0, 0
97522, 3880960, 1, 0, 0
97621, 2937535, 1, 0, 0
97721, 3911680, 1, 0, 0
97821, 3911680, 1, 0, 0
97921, 2979840, 1, 0, 0
98021, 3901440, 1, 0, 0
98121, 3891200, 1, 0, 0
98222, 2928640, 1, 0, 0
98322, 3891200, 1, 0, 0
98422, 3891200, 1, 0, 0
98522, 2897920, 1, 0, 0
98622, 3911680, 1, 0, 0
98722, 3870720, 1, 0, 0
98822, 2099200, 1, 0, 0
98922, 3891200, 1, 0, 0
99022, 3911680, 1, 0, 0
99121, 2534141, 1, 0, 0
99221, 3850240, 1, 0, 0
99321, 3921920, 1, 0, 0
99421, 2918400, 1, 0, 0
99521, 3850240, 1, 0, 0
99621, 3921920, 1, 0, 0
99722, 2150400, 1, 0, 0
99822, 3829760, 1, 0, 0
99922, 3901440, 1, 0, 0
100022, 2232320, 1, 0, 0
100122, 3860480, 1, 0, 0
100222, 3809280, 1, 0, 0
100322, 2918400, 1, 0, 0
100422, 3911680, 1, 0, 0
100522, 3850240, 1, 0, 0
100621, 2947878, 1, 0, 0
100721, 3921920, 1, 0, 0
100821, 3840000, 1, 0, 0
100921, 3041280, 1, 0, 0
101021, 3911680, 1, 0, 0
101122, 3788800, 1, 0, 0
101222, 2908160, 1, 0, 0
101322, 3921920, 1, 0, 0
101422, 3829760, 1, 0, 0
101522, 2959360, 1, 0, 0
101622, 3932160, 1, 0, 0
101722, 3880960, 1, 0, 0
101822, 2979840, 1, 0, 0
101922, 3921920, 1, 0, 0
102022, 3870720, 1, 0, 0
102121, 2927191, 1, 0, 0
102221, 3911680, 1, 0, 0
102321, 3911680, 1, 0, 0
102422, 2949120, 1, 0, 0
102522, 3921920, 1, 0, 0
102622, 3880960, 1, 0, 0
102722, 2908160, 1, 0, 0
102822, 3921920, 1, 0, 0
102922, 3891200, 1, 0, 0
103022, 2979840, 1, 0, 0
103121, 3909818, 1, 0, 0
103221, 3870720, 1, 0, 0
103321, 2918400, 1, 0, 0
103421, 3901440, 1, 0, 0
103521, 3880960, 1, 0, 0
103622, 1976320, 1, 0, 0
103722, 3840000, 1, 0, 0
103822, 3911680, 1, 0, 0
103922, 1955840, 1, 0, 0
104022, 3880960, 1, 0, 0
104122, 3921920, 1, 0, 0
104222, 2867200, 1, 0, 0
104322, 3799040, 1, 0, 0
104422, 3921920, 1, 0, 0
104522, 3031040, 1, 0, 0
104621, 3868444, 1, 0, 0
104721, 3932160, 1, 0, 0
104821, 2621440, 1, 0, 0
104921, 3911680, 1, 0, 0
105021, 3880960, 1, 0, 0
105122, 2283520, 1, 0, 0
105222, 3921920, 1, 0, 0
105322, 3860480, 1, 0, 0
105422, 2918400, 1, 0, 0
105522, 3921920, 1, 0, 0
105622, 3860480, 1, 0, 0
105722, 2990080, 1, 0, 0
105822, 3911680, 1, 0, 0
105922, 3850240, 1, 0, 0
106022, 2897920, 1, 0, 0
106121, 3930505, 1, 0, 0
106222, 3880960, 1, 0, 0
106322, 3031040, 1, 0, 0
106422, 3921920, 1, 0, 0
106522, 3860480, 1, 0, 0
106621, 2885818, 1, 0, 0
106721, 3911680, 1, 0, 0
106822, 3901440, 1, 0, 0
106922, 3010560, 1, 0, 0
107022, 3921920, 1, 0, 0
107121, 3889131, 1, 0, 0
107221, 2928640, 1, 0, 0
107321, 3911680, 1, 0, 0
107422, 3911680, 1, 0, 0
107522, 2949120, 1, 0, 0
107622, 3911680, 1, 0, 0
107722, 3686400, 1, 0, 0
107822, 3143680, 1, 0, 0
107923, 3911680, 1, 0, 0
108023, 3430400, 1, 0, 0
108122, 3361616, 1, 0, 0
108222, 3921920, 1, 0, 0
108322, 3235840, 1, 0, 0
108422, 3686400, 1, 0, 0
108523, 3911680, 1, 0, 0
108622, 2989252, 1, 0, 0
108722, 3891200, 1, 0, 0
108822, 3911680, 1, 0, 0
108922, 3051520, 1, 0, 0
109022, 3880960, 1, 0, 0
109122, 3899474, 1, 0, 0
109222, 3020800, 1, 0, 0
109322, 3921920, 1, 0, 0
109422, 3880960, 1, 0, 0
109522, 2949120, 1, 0, 0
109621, 3920161, 1, 0, 0
109722, 3850240, 1, 0, 0
109822, 2959360, 1, 0, 0
109922, 3921920, 1, 0, 0
110022, 3880960, 1, 0, 0
110121, 2968565, 1, 0, 0
110221, 3911680, 1, 0, 0
110322, 3860480, 1, 0, 0
110422, 2938880, 1, 0, 0
110522, 3921920, 1, 0, 0
110621, 3858101, 1, 0, 0
110722, 2949120, 1, 0, 0
110822, 3921920, 1, 0, 0
110922, 3891200, 1, 0, 0
111022, 2959360, 1, 0, 0
111121, 3878787, 1, 0, 0
111221, 3850240, 1, 0, 0
111321, 1966080, 1, 0, 0
111421, 3911680, 1, 0, 0
111521, 3901440, 1, 0, 0
111622, 2959360, 1, 0, 0
111722, 3932160, 1, 0, 0
111822, 3870720, 1, 0, 0
111922, 3020800, 1, 0, 0
112022, 3911680, 1, 0, 0
112122, 3921920, 1, 0, 0
112222, 3000320, 1, 0, 0
112322, 3911680, 1, 0, 0
112422, 3860480, 1, 0, 0
112522, 3020800, 1, 0, 0
112621, 3909818, 1, 0, 0
112721, 3860480, 1, 0, 0
112821, 2099200, 1, 0, 0
112922, 3870720, 1, 0, 0
113022, 3901440, 1, 0, 0
113122, 2908160, 1, 0, 0
113222, 3829760, 1, 0, 0
113322, 3891200, 1, 0, 0
113422, 2990080, 1, 0, 0
113522, 3850240, 1, 0, 0
113621, 3920161, 1, 0, 0
113721, 2990080, 1, 0, 0
113821, 3829760, 1, 0, 0
113921, 3891200, 1, 0, 0
114021, 3072000, 1, 0, 0
114122, 3850240, 1, 0, 0
114222, 3717120, 1, 0, 0
114322, 3143680, 1, 0, 0
114422, 3850240, 1, 0, 0
114522, 3491840, 1, 0, 0
114622, 3348480, 1, 0, 0
114722, 3850240, 1, 0, 0
114822, 3287040, 1, 0, 0
114922, 3522560, 1, 0, 0
115022, 3850240, 1, 0, 0
115121, 3144404, 1, 0, 0
115221, 3737600, 1, 0, 0
115321, 3880960, 1, 0, 0
115422, 2990080, 1, 0, 0
115522, 3891200, 1, 0, 0
115622, 3880960, 1, 0, 0
115722, 2949120, 1, 0, 0
115822, 3880960, 1, 0, 0
115922, 3880960, 1, 0, 0
116022, 2928640, 1, 0, 0
116122, 3880960, 1, 0, 0
116222, 3911680, 1, 0, 0
116322, 3051520, 1, 0, 0
116422, 3911680, 1, 0, 0
116522, 3901440, 1, 0, 0
116621, 3061656, 1, 0, 0
116721, 3891200, 1, 0, 0
116821, 3921920, 1, 0, 0
116922, 3102720, 1, 0, 0
117022, 3921920, 1, 0, 0
117122, 3891200, 1, 0, 0
117222, 2979840, 1, 0, 0
117322, 3901440, 1, 0, 0
117422, 3860480, 1, 0, 0
117522, 3000320, 1, 0, 0
117621, 3878787, 1, 0, 0
117721, 3901440, 1, 0, 0
117821, 2908160, 1, 0, 0
117921, 3850240, 1, 0, 0
118021, 3880960, 1, 0, 0
118122, 3010560, 1, 0, 0
118222, 3860480, 1, 0, 0
118322, 3850240, 1, 0, 0
118422, 2897920, 1, 0, 0
118522, 3778560, 1, 0, 0
118622, 3860480, 1, 0, 0
118722, 2897920, 1, 0, 0
118822, 3809280, 1, 0, 0
118922, 3788800, 1, 0, 0
119022, 3174400, 1, 0, 0
119121, 3827070, 1, 0, 0
119221, 3522560, 1, 0, 0
119322, 3358720, 1, 0, 0
119422, 3880960, 1, 0, 0
119522, 3246080, 1, 0, 0
119622, 3584000, 1, 0, 0
119722, 3850240, 1, 0, 0
119822, 3051520, 1, 0, 0
119922, 3819520, 1, 0, 0
120022, 3850240, 1, 0, 0
120122, 2947878, 1, 0, 0
120222, 3860480, 1, 0, 0
120322, 3860480, 1, 0, 0
120422, 2959360, 1, 0, 0
120522, 3870720, 1, 0, 0
120622, 3870720, 1, 0, 0
120722, 2990080, 1, 0, 0
120822, 3880960, 1, 0, 0
120922, 3880960, 1, 0, 0
121022, 2938880, 1, 0, 0
121121, 3878787, 1, 0, 0
121221, 3880960, 1, 0, 0
121321, 2969600, 1, 0, 0
121421, 3880960, 1, 0, 0
121521, 3911680, 1, 0, 0
121622, 2058240, 1, 0, 0
121722, 3942400, 1, 0, 0
121822, 3962880, 1, 0, 0
121922, 2252800, 1, 0, 0
122022, 3696640, 1, 0, 0
122121, 3982222, 1, 0, 0
122221, 2979840, 1, 0, 0
122322, 3911680, 1, 0, 0
122422, 3962880, 1, 0, 0
122522, 2938880, 1, 0, 0
122622, 3901440, 1, 0, 0
122722, 3952640, 1, 0, 0
122822, 3041280, 1, 0, 0
122923, 3911680, 1, 0, 0
123023, 3962880, 1, 0, 0
123122, 2989252, 1, 0, 0
123222, 3921920, 1, 0, 0
123322, 3932160, 1, 0, 0
123422, 2918400, 1, 0, 0
123522, 3962880, 1, 0, 0
123622, 3920161, 1, 0, 0
123722, 2990080, 1, 0, 0
123822, 3962880, 1, 0, 0
123922, 3911680, 1, 0, 0
124022, 3092480, 1, 0, 0
124121, 3971878, 1, 0, 0
124221, 3921920, 1, 0, 0
124321, 2344960, 1, 0, 0
124421, 3952640, 1, 0, 0
124521, 3901440, 1, 0, 0
124622, 2979840, 1, 0, 0
124722, 3942400, 1, 0, 0
124822, 3911680, 1, 0, 0
124922, 3010560, 1, 0, 0
125022, 3962880, 1, 0, 0
125122, 3747840, 1, 0, 0
125222, 3164160, 1, 0, 0
125322, 3962880, 1, 0, 0
125422, 3358720, 1, 0, 0
125522, 3635200, 1, 0, 0
125621, 3961535, 1, 0, 0
125721, 2959360, 1, 0, 0
125821, 3932160, 1, 0, 0
125922, 3952640, 1, 0, 0
126022, 2938880, 1, 0, 0
126122, 3932160, 1, 0, 0
126222, 3962880, 1, 0, 0
126322, 2928640, 1, 0, 0
126422, 3880960, 1, 0, 0
126522, 3962880, 1, 0, 0
126622, 3072000, 1, 0, 0
126722, 3932160, 1, 0, 0
126822, 3962880, 1, 0, 0
126922, 2969600, 1, 0, 0
127022, 3901440, 1, 0, 0
127121, 3940848, 1, 0, 0
127221, 2959360, 1, 0, 0
127322, 3921920, 1, 0, 0
127422, 3952640, 1, 0, 0
127522, 3041280, 1, 0, 0
127622, 3870720, 1, 0, 0
127722, 3962880, 1, 0, 0
127822, 2324480, 1, 0, 0
127922, 3921920, 1, 0, 0
128022, 3952640, 1, 0, 0
128121, 2999595, 1, 0, 0
128221, 3911680, 1, 0, 0
128321, 3962880, 1, 0, 0
128421, 3031040, 1, 0, 0
128521, 3891200, 1, 0, 0
128622, 3921920, 1, 0, 0
128722, 2293760, 1, 0, 0
128822, 3921920, 1, 0, 0
128922, 3788800, 1, 0, 0
129022, 3143680, 1, 0, 0
129122, 3921920, 1, 0, 0
129222, 3901440, 1, 0, 0
129322, 2908160, 1, 0, 0
129422, 3962880, 1, 0, 0
129522, 3614720, 1, 0, 0
129621, 3123717, 1, 0, 0
129721, 3942400, 1, 0, 0
129821, 3450880, 1, 0, 0
129922, 3409920, 1, 0, 0
130022, 3973120, 1, 0, 0
130122, 3102720, 1, 0, 0
130222, 3911680, 1, 0, 0
130322, 3921920, 1, 0, 0
130422, 2652160, 1, 0, 0
130522, 3799040, 1, 0, 0
130622, 3921920, 1, 0, 0
130722, 2918400, 1, 0, 0
130822, 3880960, 1, 0, 0
130922, 3952640, 1, 0, 0
131022, 2949120, 1, 0, 0
131121, 3868444, 1, 0, 0
131221, 3973120, 1, 0, 0
131321, 2242560, 1, 0, 0
131422, 3942400, 1, 0, 0
131522, 3942400, 1, 0, 0
131622, 3031040, 1, 0, 0
131722, 3901440, 1, 0, 0
131822, 3911680, 1, 0, 0
131922, 2918400, 1, 0, 0
132022, 3921920, 1, 0, 0
132121, 3909818, 1, 0, 0
132221, 2979840, 1, 0, 0
132321, 3942400, 1, 0, 0
132421, 3901440, 1, 0, 0
132521, 2990080, 1, 0, 0
132621, 3921920, 1, 0, 0
132721, 3891200, 1, 0, 0
132822, 2908160, 1, 0, 0
132922, 3952640, 1, 0, 0
133022, 3891200, 1, 0, 0
133122, 3020800, 1, 0, 0
133222, 3983360, 1, 0, 0
133322, 3962880, 1, 0, 0
133422, 3184640, 1, 0, 0
133522, 3973120, 1, 0, 0
133621, 3961535, 1, 0, 0
133721, 3143680, 1, 0, 0
133821, 3962880, 1, 0, 0
133921, 3379200, 1, 0, 0
134021, 3491840, 1, 0, 0
134122, 3880960, 1, 0, 0
134222, 3112960, 1, 0, 0
134322, 3758080, 1, 0, 0
134422, 3891200, 1, 0, 0
134522, 3051520, 1, 0, 0
134622, 3932160, 1, 0, 0
134722, 3952640, 1, 0, 0
134822, 2385920, 1, 0, 0
134922, 3676160, 1, 0, 0
135022, 3962880, 1, 0, 0
135121, 2875474, 1, 0, 0
135221, 3532800, 1, 0, 0
135321, 3962880, 1, 0, 0
135421, 2990080, 1, 0, 0
135522, 3932160, 1, 0, 0
135622, 3973120, 1, 0, 0
135722, 2979840, 1, 0, 0
135822, 3880960, 1, 0, 0
135922, 3962880, 1, 0, 0
136022, 2938880, 1, 0, 0
136122, 3891200, 1, 0, 0
136222, 3942400, 1, 0, 0
136322, 2949120, 1, 0, 0
136422, 3850240, 1, 0, 0
136522, 3911680, 1, 0, 0
136621, 2958222, 1, 0, 0
136721, 3891200, 1, 0, 0
136821, 3942400, 1, 0, 0
136922, 2979840, 1, 0, 0
137022, 3891200, 1, 0, 0
137122, 3921920, 1, 0, 0
137222, 3000320, 1, 0, 0
137322, 3921920, 1, 0, 0
137422, 3962880, 1, 0, 0
137522, 2990080, 1, 0, 0
137622, 3891200, 1, 0, 0
137722, 3962880, 1, 0, 0
137822, 2355200, 1, 0, 0
137922, 3901440, 1, 0, 0
138023, 3911680, 1, 0, 0
138122, 2854787, 1, 0, 0
138222, 3891200, 1, 0, 0
138322, 3891200, 1, 0, 0
138422, 2293760, 1, 0, 0
138522, 3921920, 1, 0, 0
138621, 3909818, 1, 0, 0
138722, 2949120, 1, 0, 0
138822, 3911680, 1, 0, 0
138922, 3880960, 1, 0, 0
139022, 2877440, 1, 0, 0
139121, 3940848, 1, 0, 0
139221, 3911680, 1, 0, 0
139321, 2949120, 1, 0, 0
139421, 3983360, 1, 0, 0
139521, 3911680, 1, 0, 0
139622, 2990080, 1, 0, 0
139722, 3973120, 1, 0, 0
139822, 3686400, 1, 0, 0
139922, 3184640, 1, 0, 0
140022, 3973120, 1, 0, 0
140122, 3328000, 1, 0, 0
140222, 3532800, 1, 0, 0
140322, 3952640, 1, 0, 0
140422, 3000320, 1, 0, 0
140522, 3840000, 1, 0, 0
140621, 3951191, 1, 0, 0
140721, 3000320, 1, 0, 0
140821, 3911680, 1, 0, 0
140922, 3962880, 1, 0, 0
141022, 3041280, 1, 0, 0
141122, 3932160, 1, 0, 0
141222, 3962880, 1, 0, 0
141322, 3010560, 1, 0, 0
141422, 3911680, 1, 0, 0
141522, 3973120, 1, 0, 0
141621, 2978909, 1, 0, 0
141721, 3942400, 1, 0, 0
141821, 3983360, 1, 0, 0
141921, 3143680, 1, 0, 0
142021, 3942400, 1, 0, 0
142122, 3962880, 1, 0, 0
142222, 3031040, 1, 0, 0
142322, 3891200, 1, 0, 0
142422, 3983360, 1, 0, 0
142522, 2959360, 1, 0, 0
142622, 3921920, 1, 0, 0
142722, 3717120, 1, 0, 0
142822, 2539520, 1, 0, 0
142922, 3901440, 1, 0, 0
143022, 3962880, 1, 0, 0
143121, 2358303, 1, 0, 0
143221, 3942400, 1, 0, 0
143321, 3932160, 1, 0, 0
143422, 2877440, 1, 0, 0
143522, 3932160, 1, 0, 0
143622, 3880960, 1, 0, 0
143722, 2928640, 1, 0, 0
143822, 3973120, 1, 0, 0
143922, 3737600, 1, 0, 0
144022, 3082240, 1, 0, 0
144122, 3696640, 1, 0, 0
144222, 3706880, 1, 0, 0
144322, 3205120, 1, 0, 0
144422, 3942400, 1, 0, 0
144522, 3338240, 1, 0, 0
144621, 3527111, 1, 0, 0
144721, 3962880, 1, 0, 0
144821, 3031040, 1, 0, 0
144922, 3768320, 1, 0, 0
145022, 3942400, 1, 0, 0
145122, 2979840, 1, 0, 0
145222, 3911680, 1, 0, 0
145322, 3973120, 1, 0, 0
145422, 3010560, 1, 0, 0
145522, 3942400, 1, 0, 0
145621, 3971878, 1, 0, 0
145721, 2928640, 1, 0, 0
145821, 3880960, 1, 0, 0
145921, 3973120, 1, 0, 0
146021, 2979840, 1, 0, 0
146122, 3921920, 1, 0, 0
146222, 3962880, 1, 0, 0
146322, 3010560, 1, 0, 0
146422, 3942400, 1, 0, 0
146522, 3962880, 1, 0, 0
146622, 3092480, 1, 0, 0
146722, 3973120, 1, 0, 0
146822, 3942400, 1, 0, 0
146922, 3143680, 1, 0, 0
147022, 3952640, 1, 0, 0
147121, 3796040, 1, 0, 0
147221, 3153920, 1, 0, 0
147321, 3911680, 1, 0, 0
147422, 3420160, 1, 0, 0
147522, 3522560, 1, 0, 0
147622, 3932160, 1, 0, 0
147722, 3031040, 1, 0, 0
147822, 3840000, 1, 0, 0
147922, 3891200, 1, 0, 0
148022, 2969600, 1, 0, 0
148122, 3932160, 1, 0, 0
148222, 3921920, 1, 0, 0
148322, 3041280, 1, 0, 0
148422, 3932160, 1, 0, 0
148522, 3911680, 1, 0, 0
148621, 2989252, 1, 0, 0
148721, 3911680, 1, 0, 0
148822, 3911680, 1, 0, 0
148922, 2979840, 1, 0, 0
149022, 3921920, 1, 0, 0
149122, 3911680, 1, 0, 0
149222, 2979840, 1, 0, 0
149322, 3911680, 1, 0, 0
149422, 3932160, 1, 0, 0
149522, 1853440, 1, 0, 0
149621, 3920161, 1, 0, 0
149721, 3891200, 1, 0, 0
149822, 3000320, 1, 0, 0
149922, 3870720, 1, 0, 0
150022, 3901440, 1, 0, 0
150122, 2906505, 1, 0, 0
150222, 3860480, 1, 0, 0
150322, 3880960, 1, 0, 0
150422, 2949120, 1, 0, 0
150522, 3911680, 1, 0, 0
150622, 3889131, 1, 0, 0
150722, 2252800, 1, 0, 0
150822, 3901440, 1, 0, 0
150922, 3942400, 1, 0, 0
151022, 2908160, 1, 0, 0
151122, 3870720, 1, 0, 0
151222, 3973120, 1, 0, 0
151322, 3041280, 1, 0, 0
151422, 3962880, 1, 0, 0
151522, 3952640, 1, 0, 0
151621, 2958222, 1, 0, 0
151721, 3952640, 1, 0, 0
151821, 3952640, 1, 0, 0
151922, 3184640, 1, 0, 0
152022, 3973120, 1, 0, 0
152122, 3891200, 1, 0, 0
152222, 3133440, 1, 0, 0
152322, 3932160, 1, 0, 0
152422, 3420160, 1, 0, 0
152522, 3491840, 1, 0, 0
152622, 3952640, 1, 0, 0
152722, 3051520, 1, 0, 0
152822, 3962880, 1, 0, 0
152922, 3942400, 1, 0, 0
153022, 3031040, 1, 0, 0
153121, 3899474, 1, 0, 0
153222, 3901440, 1, 0, 0
153322, 2938880, 1, 0, 0
153422, 3932160, 1, 0, 0
153522, 3880960, 1, 0, 0
153622, 2908160, 1, 0, 0
153722, 3901440, 1, 0, 0
153822, 3880960, 1, 0, 0
153922, 2949120, 1, 0, 0
154022, 3911680, 1, 0, 0
154121, 3868444, 1, 0, 0
154221, 2969600, 1, 0, 0
154321, 3860480, 1, 0, 0
154421, 3932160, 1, 0, 0
154521, 2170880, 1, 0, 0
154622, 3911680, 1, 0, 0
154722, 3932160, 1, 0, 0
154822, 3092480, 1, 0, 0
154922, 3911680, 1, 0, 0
155022, 3911680, 1, 0, 0
155122, 3072000, 1, 0, 0
155222, 3962880, 1, 0, 0
155322, 3921920, 1, 0, 0
155422, 2990080, 1, 0, 0
155522, 3891200, 1, 0, 0
155621, 3930505, 1, 0, 0
155721, 2990080, 1, 0, 0
155821, 3870720, 1, 0, 0
155922, 3962880, 1, 0, 0
156022, 2242560, 1, 0, 0
156122, 3952640, 1, 0, 0
156222, 3942400, 1, 0, 0
156322, 2990080, 1, 0, 0
156422, 3942400, 1, 0, 0
156522, 3942400, 1, 0, 0
156621, 3165090, 1, 0, 0
156721, 3952640, 1, 0, 0
156821, 3614720, 1, 0, 0
156921, 3235840, 1, 0, 0
157021, 3921920, 1, 0, 0
157122, 3328000, 1, 0, 0
157222, 3573760, 1, 0, 0
157322, 3911680, 1, 0, 0
157422, 3010560, 1, 0, 0
157522, 3942400, 1, 0, 0
157622, 3921920, 1, 0, 0
157722, 3020800, 1, 0, 0
157822, 3942400, 1, 0, 0
157922, 3932160, 1, 0, 0
158022, 3000320, 1, 0, 0
158121, 3889131, 1, 0, 0
158221, 3921920, 1, 0, 0
158321, 3010560, 1, 0, 0
158421, 3932160, 1, 0, 0
158522, 3942400, 1, 0, 0
158622, 3041280, 1, 0, 0
158722, 3932160, 1, 0, 0
158822, 3921920, 1, 0, 0
158922, 3031040, 1, 0, 0
159022, 3942400, 1, 0, 0
159122, 3891200, 1, 0, 0
159222, 3041280, 1, 0, 0
159322, 3880960, 1, 0, 0
159422, 3942400, 1, 0, 0
159522, 2949120, 1, 0, 0
159621, 3909818, 1, 0, 0
159721, 3880960, 1, 0, 0
159821, 3000320, 1, 0, 0
159922, 3942400, 1, 0, 0
160022, 3676160, 1, 0, 0
160122, 3256320, 1, 0, 0
160222, 3921920, 1, 0, 0
160322, 3307520, 1, 0, 0
160422, 3655680, 1, 0, 0
160522, 3911680, 1, 0, 0
160621, 3082343, 1, 0, 0
160721, 3952640, 1, 0, 0
160821, 3983360, 1, 0, 0
160921, 3143680, 1, 0, 0
161021, 3973120, 1, 0, 0
161121, 3952640, 1, 0, 0
161222, 2580480, 1, 0, 0
161322, 3932160, 1, 0, 0
161422, 3891200, 1, 0, 0
161522, 2928640, 1, 0, 0
161622, 3932160, 1, 0, 0
161722, 3911680, 1, 0, 0
161822, 2007040, 1, 0, 0
161922, 3901440, 1, 0, 0
162022, 3870720, 1, 0, 0
162121, 2947878, 1, 0, 0
162221, 3901440, 1, 0, 0
162321, 3840000, 1, 0, 0
162422, 2918400, 1, 0, 0
162522, 3911680, 1, 0, 0
162622, 3860480, 1, 0, 0
162722, 3000320, 1, 0, 0
162822, 3880960, 1, 0, 0
162922, 3891200, 1, 0, 0
163022, 2017280, 1, 0, 0
163122, 3860480, 1, 0, 0
163222, 3921920, 1, 0, 0
163322, 2928640, 1, 0, 0
163422, 3809280, 1, 0, 0
163522, 3880960, 1, 0, 0
163621, 2896161, 1, 0, 0
163721, 3880960, 1, 0, 0
163821, 3850240, 1, 0, 0
163922, 2990080, 1, 0, 0
164022, 3880960, 1, 0, 0
164122, 3901440, 1, 0, 0
164222, 2467840, 1, 0, 0
164322, 3840000, 1, 0, 0
164422, 3880960, 1, 0, 0
164522, 2119680, 1, 0, 0
164621, 3868444, 1, 0, 0
164721, 3911680, 1, 0, 0
164821, 2744320, 1, 0, 0
164921, 3840000, 1, 0, 0
165021, 3819520, 1, 0, 0
165122, 3010560, 1, 0, 0
165222, 3901440, 1, 0, 0
165322, 3880960, 1, 0, 0
165422, 2816000, 1, 0, 0
165522, 3880960, 1, 0, 0
165622, 3860480, 1, 0, 0
165722, 2949120, 1, 0, 0
165822, 3860480, 1, 0, 0
165922, 3911680, 1, 0, 0
166022, 2918400, 1, 0, 0
166121, 3878787, 1, 0, 0
166221, 3880960, 1, 0, 0
166321, 2979840, 1, 0, 0
166421, 3891200, 1, 0, 0
166521, 3880960, 1, 0, 0
166622, 1986560, 1, 0, 0
166722, 3973120, 1, 0, 0
166822, 3911680, 1, 0, 0
166922, 2396160, 1, 0, 0
167022, 3624960, 1, 0, 0
167121, 3940848, 1, 0, 0
167221, 2959360, 1, 0, 0
167322, 3000320, 1, 0, 0
167422, 3983360, 1, 0, 0
167522, 3502080, 1, 0, 0
167622, 3461120, 1, 0, 0
167722, 3942400, 1, 0, 0
167822, 3082240, 1, 0, 0
167923, 3891200, 1, 0, 0
168023, 3932160, 1, 0, 0
168122, 3020282, 1, 0, 0
168222, 3942400, 1, 0, 0
168322, 3942400, 1, 0, 0
168422, 3031040, 1, 0, 0
168522, 3911680, 1, 0, 0
168622, 3961535, 1, 0, 0
168722, 2979840, 1, 0, 0
168822, 3962880, 1, 0, 0
168922, 3901440, 1, 0, 0
169022, 3031040, 1, 0, 0
169122, 3940848, 1, 0, 0
169222, 3932160, 1, 0, 0
169322, 3051520, 1, 0, 0
169422, 3921920, 1, 0, 0
169522, 3983360, 1, 0, 0
169621, 3185777, 1, 0, 0
169721, 3973120, 1, 0, 0
169821, 3973120, 1, 0, 0
169922, 3051520, 1, 0, 0
170022, 3932160, 1, 0, 0
170121, 3609858, 1, 0, 0
170221, 3328000, 1, 0, 0
170321, 3932160, 1, 0, 0
170422, 3225600, 1, 0, 0
170522, 3758080, 1, 0, 0
170622, 3962880, 1, 0, 0
170723, 2979840, 1, 0, 0
170823, 3942400, 1, 0, 0
170923, 3942400, 1, 0, 0
171023, 3031040, 1, 0, 0
171123, 3952640, 1, 0, 0
171224, 3962880, 1, 0, 0
171324, 2918400, 1, 0, 0
171424, 3952640, 1, 0, 0
171524, 3880960, 1, 0, 0
171624, 2938880, 1, 0, 0
171724, 3952640, 1, 0, 0
171824, 3942400, 1, 0, 0
171924, 3123200, 1, 0, 0
172024, 3962880, 1, 0, 0
172124, 3983360, 1, 0, 0
172224, 3031040, 1, 0, 0
172324, 3973120, 1, 0, 0
172425, 3932160, 1, 0, 0
172525, 2990080, 1, 0, 0
172625, 3932160, 1, 0, 0
172725, 3840000, 1, 0, 0
172825, 3072000, 1, 0, 0
172925, 3932160, 1, 0, 0
173025, 3481600, 1, 0, 0
173125, 3420160, 1, 0, 0
173225, 3921920, 1, 0, 0
173325, 3143680, 1, 0, 0
173425, 3850240, 1, 0, 0
173525, 3921920, 1, 0, 0
173625, 2908160, 1, 0, 0
173725, 3891200, 1, 0, 0
173826, 3932160, 1, 0, 0
173926, 2897920, 1, 0, 0
174026, 3901440, 1, 0, 0
174126, 3952640, 1, 0, 0
174226, 3020800, 1, 0, 0
174326, 3932160, 1, 0, 0
174426, 3973120, 1, 0, 0
174526, 3010560, 1, 0, 0
174627, 3932160, 1, 0, 0
174727, 3962880, 1, 0, 0
174827, 2938880, 1, 0, 0
174927, 3952640, 1, 0, 0
175027, 3768320, 1, 0, 0
175127, 3123200, 1, 0, 0
175227, 3952640, 1, 0, 0
175327, 3962880, 1, 0, 0
175427, 2918400, 1, 0, 0
175528, 3942400, 1, 0, 0
175628, 3932160, 1, 0, 0
175728, 3010560, 1, 0, 0
175828, 3932160, 1, 0, 0
175928, 3850240, 1, 0, 0
176028, 3112960, 1, 0, 0
176128, 3911680, 1, 0, 0
176229, 3461120, 1, 0, 0
176329, 3471360, 1, 0, 0
176429, 3921920, 1, 0, 0
176529, 3092480, 1, 0, 0
176629, 3901440, 1, 0, 0
176729, 3973120, 1, 0, 0
176829, 3164160, 1, 0, 0
176929, 3952640, 1, 0, 0
177029, 3901440, 1, 0, 0
177129, 2979840, 1, 0, 0
177229, 3870720, 1, 0, 0
177329, 3932160, 1, 0, 0
177430, 2467840, 1, 0, 0
177530, 3921920, 1, 0, 0
177630, 3942400, 1, 0, 0
177730, 3010560, 1, 0, 0
177830, 3891200, 1, 0, 0
177930, 3952640, 1, 0, 0
178030, 3010560, 1, 0, 0
178130, 3952640, 1, 0, 0
178230, 3921920, 1, 0, 0
178330, 2539520, 1, 0, 0
178430, 3921920, 1, 0, 0
178530, 3911680, 1, 0, 0
178631, 3000320, 1, 0, 0
178731, 3942400, 1, 0, 0
178831, 3932160, 1, 0, 0
178931, 3041280, 1, 0, 0
179031, 3932160, 1, 0, 0
179131, 3911680, 1, 0, 0
179231, 3102720, 1, 0, 0
179331, 3942400, 1, 0, 0
179431, 3932160, 1, 0, 0
179531, 2283520, 1, 0, 0
179631, 3911680, 1, 0, 0
179731, 3942400, 1, 0, 0
179831, 2908160, 1, 0, 0
179932, 3911680, 1, 0, 0
