100, 373239, 1, 0, 0
200, 374905, 1, 0, 0
300, 374821, 1, 0, 0
594, 373514, 1, 0, 0
600, 362627, 1, 0, 0
700, 277598, 1, 0, 0
800, 276823, 1, 0, 0
917, 276979, 1, 0, 0
1001, 261690, 1, 0, 0
1100, 258030, 1, 0, 0
1240, 252081, 1, 0, 0
1300, 257859, 1, 0, 0
1400, 253441, 1, 0, 0
1500, 251842, 1, 0, 0
1600, 257026, 1, 0, 0
1700, 252401, 1, 0, 0
1800, 250381, 1, 0, 0
1900, 250889, 1, 0, 0
2000, 256333, 1, 0, 0
2100, 249609, 1, 0, 0
2200, 251992, 1, 0, 0
2300, 257828, 1, 0, 0
2400, 251530, 1, 0, 0
2500, 250490, 1, 0, 0
2600, 254155, 1, 0, 0
2719, 250235, 1, 0, 0
2800, 249741, 1, 0, 0
2900, 255853, 1, 0, 0
3029, 249882, 1, 0, 0
3100, 249630, 1, 0, 0
3200, 254842, 1, 0, 0
3324, 249842, 1, 0, 0
3400, 250300, 1, 0, 0
3500, 254160, 1, 0, 0
3619, 251863, 1, 0, 0
3700, 249691, 1, 0, 0
3800, 250508, 1, 0, 0
3925, 256096, 1, 0, 0
4000, 249631, 1, 0, 0
4100, 249825, 1, 0, 0
4220, 254848, 1, 0, 0
4300, 249691, 1, 0, 0
4400, 250145, 1, 0, 0
4514, 256107, 1, 0, 0
4600, 249783, 1, 0, 0
4700, 249781, 1, 0, 0
4809, 257868, 1, 0, 0
4900, 252405, 1, 0, 0
5000, 249790, 1, 0, 0
5103, 253375, 1, 0, 0
5200, 256911, 1, 0, 0
5300, 249923, 1, 0, 0
5400, 250525, 1, 0, 0
5500, 255708, 1, 0, 0
5600, 249480, 1, 0, 0
5700, 250259, 1, 0, 0
5800, 253409, 1, 0, 0
5900, 250226, 1, 0, 0
6000, 250116, 1, 0, 0
6100, 256808, 1, 0, 0
6200, 249984, 1, 0, 0
6301, 250153, 1, 0, 0
6400, 250661, 1, 0, 0
6500, 248295, 1, 0, 0
6611, 246996, 1, 0, 0
6700, 246895, 1, 0, 0
6800, 252540, 1, 0, 0
6901, 246840, 1, 0, 0
7000, 247418, 1, 0, 0
7100, 252462, 1, 0, 0
7200, 246972, 1, 0, 0
7300, 247293, 1, 0, 0
7400, 251458, 1, 0, 0
7500, 247046, 1, 0, 0
7600, 247350, 1, 0, 0
7700, 252507, 1, 0, 0
7800, 247307, 1, 0, 0
7900, 247104, 1, 0, 0
8000, 251686, 1, 0, 0
8100, 247024, 1, 0, 0
8200, 247278, 1, 0, 0
8300, 252542, 1, 0, 0
8400, 246984, 1, 0, 0
8500, 247195, 1, 0, 0
8600, 251084, 1, 0, 0
8700, 246799, 1, 0, 0
8800, 246953, 1, 0, 0
8900, 251976, 1, 0, 0
9000, 250575, 1, 0, 0
9100, 247703, 1, 0, 0
9200, 249380, 1, 0, 0
9300, 255307, 1, 0, 0
9400, 247131, 1, 0, 0
9517, 247421, 1, 0, 0
9600, 253875, 1, 0, 0
9700, 247145, 1, 0, 0
9807, 247114, 1, 0, 0
9900, 251581, 1, 0, 0
10000, 247498, 1, 0, 0
10117, 247289, 1, 0, 0
10200, 253738, 1, 0, 0
10300, 250942, 1, 0, 0
10412, 249651, 1, 0, 0
10500, 252222, 1, 0, 0
10600, 254367, 1, 0, 0
10725, 249992, 1, 0, 0
10800, 249353, 1, 0, 0
10900, 255321, 1, 0, 0
11021, 249617, 1, 0, 0
11100, 250301, 1, 0, 0
11200, 257944, 1, 0, 0
11315, 250368, 1, 0, 0
11400, 249400, 1, 0, 0
11500, 254880, 1, 0, 0
11609, 250459, 1, 0, 0
11700, 250257, 1, 0, 0
11800, 254867, 1, 0, 0
11916, 249904, 1, 0, 0
12000, 250060, 1, 0, 0
12100, 251048, 1, 0, 0
12210, 254575, 1, 0, 0
12300, 251503, 1, 0, 0
12400, 250695, 1, 0, 0
12505, 257292, 1, 0, 0
12600, 250493, 1, 0, 0
12700, 250111, 1, 0, 0
12800, 256183, 1, 0, 0
12900, 251659, 1, 0, 0
13000, 251207, 1, 0, 0
13105, 260536, 1, 0, 0
13200, 254124, 1, 0, 0
13300, 251646, 1, 0, 0
13427, 255138, 1, 0, 0
13500, 253884, 1, 0, 0
13600, 247257, 1, 0, 0
13717, 248017, 1, 0, 0
13800, 252310, 1, 0, 0
13900, 247673, 1, 0, 0
14006, 246910, 1, 0, 0
14100, 252495, 1, 0, 0
14200, 247259, 1, 0, 0
14320, 247480, 1, 0, 0
14400, 254839, 1, 0, 0
14500, 248999, 1, 0, 0
14633, 247060, 1, 0, 0
14700, 247004, 1, 0, 0
14800, 253045, 1, 0, 0
14900, 247438, 1, 0, 0
15000, 248946, 1, 0, 0
15100, 252048, 1, 0, 0
15214, 247480, 1, 0, 0
15300, 246833, 1, 0, 0
15400, 250473, 1, 0, 0
15504, 246930, 1, 0, 0
15600, 247040, 1, 0, 0
15700, 252596, 1, 0, 0
15810, 246906, 1, 0, 0
15900, 250283, 1, 0, 0
16000, 255639, 1, 0, 0
16104, 249562, 1, 0, 0
16200, 250454, 1, 0, 0
16300, 254363, 1, 0, 0
16400, 250655, 1, 0, 0
16500, 249907, 1, 0, 0
16600, 253572, 1, 0, 0
16700, 254839, 1, 0, 0
16800, 250140, 1, 0, 0
16900, 249886, 1, 0, 0
17000, 259127, 1, 0, 0
17100, 250025, 1, 0, 0
17200, 250095, 1, 0, 0
17300, 259771, 1, 0, 0
17400, 250201, 1, 0, 0
17500, 249801, 1, 0, 0
17600, 256076, 1, 0, 0
17700, 253257, 1, 0, 0
17800, 249556, 1, 0, 0
17905, 251764, 1, 0, 0
18000, 254129, 1, 0, 0
18100, 249820, 1, 0, 0
18200, 250816, 1, 0, 0
18300, 255392, 1, 0, 0
18400, 249312, 1, 0, 0
18500, 249848, 1, 0, 0
18600, 254611, 1, 0, 0
18700, 250001, 1, 0, 0
18806, 249515, 1, 0, 0
18900, 253445, 1, 0, 0
19000, 251585, 1, 0, 0
19101, 250360, 1, 0, 0
19200, 252229, 1, 0, 0
19300, 255640, 1, 0, 0
19400, 249853, 1, 0, 0
19500, 250111, 1, 0, 0
19600, 254716, 1, 0, 0
19708, 254364, 1, 0, 0
19800, 250175, 1, 0, 0
19900, 256032, 1, 0, 0
20003, 250371, 1, 0, 0
20100, 250332, 1, 0, 0
20200, 256556, 1, 0, 0
20300, 250842, 1, 0, 0
20400, 250353, 1, 0, 0
20500, 256094, 1, 0, 0
20600, 250431, 1, 0, 0
20700, 250107, 1, 0, 0
20800, 253666, 1, 0, 0
20900, 253083, 1, 0, 0
21000, 250643, 1, 0, 0
21100, 250200, 1, 0, 0
21200, 259239, 1, 0, 0
21300, 252952, 1, 0, 0
21400, 249304, 1, 0, 0
21500, 260687, 1, 0, 0
21600, 250201, 1, 0, 0
21700, 252708, 1, 0, 0
21800, 260074, 1, 0, 0
21900, 251601, 1, 0, 0
22000, 253092, 1, 0, 0
22100, 257621, 1, 0, 0
22200, 252872, 1, 0, 0
22300, 249872, 1, 0, 0
22400, 251657, 1, 0, 0
22500, 251862, 1, 0, 0
22600, 253371, 1, 0, 0
22700, 252201, 1, 0, 0
22800, 257437, 1, 0, 0
22900, 251326, 1, 0, 0
23000, 251442, 1, 0, 0
23100, 257433, 1, 0, 0
23200, 253562, 1, 0, 0
23300, 249754, 1, 0, 0
23400, 257354, 1, 0, 0
23500, 249702, 1, 0, 0
23600, 250587, 1, 0, 0
23700, 253682, 1, 0, 0
23800, 252511, 1, 0, 0
23900, 250500, 1, 0, 0
24000, 249760, 1, 0, 0
24100, 254699, 1, 0, 0
24200, 251030, 1, 0, 0
24300, 250100, 1, 0, 0
24400, 255647, 1, 0, 0
24500, 250685, 1, 0, 0
24600, 250684, 1, 0, 0
24700, 256348, 1, 0, 0
24800, 250066, 1, 0, 0
24900, 251044, 1, 0, 0
25000, 256405, 1, 0, 0
25100, 250672, 1, 0, 0
25200, 250907, 1, 0, 0
25300, 255635, 1, 0, 0
25400, 250164, 1, 0, 0
25500, 250333, 1, 0, 0
25600, 253995, 1, 0, 0
25700, 256354, 1, 0, 0
25800, 249991, 1, 0, 0
25900, 250429, 1, 0, 0
26000, 258629, 1, 0, 0
26100, 250848, 1, 0, 0
26200, 250787, 1, 0, 0
26300, 254849, 1, 0, 0
26400, 254594, 1, 0, 0
26500, 249841, 1, 0, 0
26600, 251999, 1, 0, 0
26700, 254033, 1, 0, 0
26800, 250699, 1, 0, 0
26900, 253669, 1, 0, 0
27000, 256562, 1, 0, 0
27100, 250235, 1, 0, 0
27200, 250782, 1, 0, 0
27300, 256312, 1, 0, 0
27400, 249966, 1, 0, 0
27500, 250401, 1, 0, 0
27600, 255119, 1, 0, 0
27700, 250129, 1, 0, 0
27800, 250560, 1, 0, 0
27900, 257071, 1, 0, 0
28000, 250373, 1, 0, 0
28100, 250308, 1, 0, 0
28200, 256076, 1, 0, 0
28300, 249379, 1, 0, 0
28400, 249481, 1, 0, 0
28500, 253814, 1, 0, 0
28600, 251433, 1, 0, 0
28700, 249095, 1, 0, 0
28800, 250353, 1, 0, 0
28900, 253548, 1, 0, 0
29000, 249631, 1, 0, 0
29100, 249858, 1, 0, 0
29200, 256057, 1, 0, 0
29300, 250617, 1, 0, 0
29400, 250117, 1, 0, 0
29522, 256446, 1, 0, 0
29600, 250061, 1, 0, 0
29700, 250571, 1, 0, 0
29816, 255901, 1, 0, 0
29900, 252352, 1, 0, 0
30000, 251857, 1, 0, 0
30111, 255431, 1, 0, 0
30200, 254189, 1, 0, 0
30300, 250323, 1, 0, 0
30406, 251988, 1, 0, 0
30500, 255769, 1, 0, 0
30600, 251184, 1, 0, 0
30700, 251509, 1, 0, 0
30800, 256849, 1, 0, 0
30900, 251640, 1, 0, 0
31000, 249988, 1, 0, 0
31100, 255003, 1, 0, 0
31200, 253478, 1, 0, 0
31300, 257373, 1, 0, 0
31400, 255053, 1, 0, 0
31500, 253412, 1, 0, 0
31600, 252353, 1, 0, 0
31700, 259186, 1, 0, 0
31800, 253399, 1, 0, 0
31900, 252438, 1, 0, 0
32000, 255037, 1, 0, 0
32100, 254232, 1, 0, 0
32200, 250441, 1, 0, 0
32300, 251801, 1, 0, 0
32400, 254235, 1, 0, 0
32500, 250999, 1, 0, 0
32600, 250539, 1, 0, 0
32700, 254445, 1, 0, 0
32805, 250904, 1, 0, 0
32900, 249684, 1, 0, 0
33000, 256522, 1, 0, 0
33100, 250654, 1, 0, 0
33200, 250268, 1, 0, 0
33300, 258104, 1, 0, 0
33409, 252280, 1, 0, 0
33500, 250143, 1, 0, 0
33600, 253712, 1, 0, 0
33703, 254230, 1, 0, 0
33800, 253186, 1, 0, 0
33900, 251644, 1, 0, 0
34000, 257661, 1, 0, 0
34100, 249928, 1, 0, 0
34200, 252179, 1, 0, 0
34300, 258394, 1, 0, 0
34400, 250429, 1, 0, 0
34500, 250217, 1, 0, 0
34600, 263420, 1, 0, 0
34700, 252168, 1, 0, 0
34800, 250366, 1, 0, 0
34900, 252069, 1, 0, 0
35000, 253525, 1, 0, 0
35100, 250264, 1, 0, 0
35201, 252540, 1, 0, 0
35300, 253425, 1, 0, 0
35400, 251838, 1, 0, 0
35500, 250514, 1, 0, 0
35600, 254547, 1, 0, 0
35700, 249901, 1, 0, 0
35800, 252544, 1, 0, 0
35900, 254597, 1, 0, 0
36000, 250333, 1, 0, 0
36100, 250411, 1, 0, 0
36200, 256571, 1, 0, 0
36300, 250075, 1, 0, 0
36400, 251676, 1, 0, 0
36500, 256751, 1, 0, 0
36600, 253442, 1, 0, 0
36700, 252273, 1, 0, 0
36800, 256423, 1, 0, 0
36900, 251494, 1, 0, 0
37000, 253149, 1, 0, 0
37100, 251831, 1, 0, 0
37200, 254904, 1, 0, 0
37300, 250029, 1, 0, 0
37400, 250900, 1, 0, 0
37500, 256644, 1, 0, 0
37600, 250222, 1, 0, 0
37700, 250950, 1, 0, 0
37800, 258153, 1, 0, 0
37900, 250735, 1, 0, 0
38000, 250784, 1, 0, 0
38100, 255696, 1, 0, 0
38200, 250141, 1, 0, 0
38300, 251150, 1, 0, 0
38400, 254558, 1, 0, 0
38500, 249775, 1, 0, 0
38600, 249815, 1, 0, 0
38700, 254196, 1, 0, 0
38800, 253670, 1, 0, 0
38900, 249532, 1, 0, 0
39000, 250617, 1, 0, 0
39100, 255716, 1, 0, 0
39200, 249923, 1, 0, 0
39300, 250359, 1, 0, 0
39400, 255244, 1, 0, 0
39500, 249783, 1, 0, 0
39600, 250665, 1, 0, 0
39700, 256717, 1, 0, 0
39800, 249917, 1, 0, 0
39900, 249348, 1, 0, 0
40000, 250515, 1, 0, 0
40100, 250424, 1, 0, 0
40220, 253073, 1, 0, 0
40300, 257958, 1, 0, 0
40400, 252482, 1, 0, 0
40515, 250481, 1, 0, 0
40600, 250404, 1, 0, 0
40700, 254340, 1, 0, 0
40809, 250488, 1, 0, 0
40900, 250049, 1, 0, 0
41000, 254996, 1, 0, 0
41120, 250217, 1, 0, 0
41200, 246928, 1, 0, 0
41300, 251768, 1, 0, 0
41409, 256850, 1, 0, 0
41500, 246820, 1, 0, 0
41600, 252204, 1, 0, 0
41700, 246867, 1, 0, 0
41800, 246629, 1, 0, 0
41900, 251960, 1, 0, 0
42000, 247590, 1, 0, 0
42100, 246604, 1, 0, 0
42200, 253807, 1, 0, 0
42300, 247128, 1, 0, 0
42400, 247222, 1, 0, 0
42500, 251565, 1, 0, 0
42600, 248460, 1, 0, 0
42700, 249921, 1, 0, 0
42800, 251553, 1, 0, 0
42900, 250640, 1, 0, 0
43000, 248478, 1, 0, 0
43100, 255380, 1, 0, 0
43200, 249828, 1, 0, 0
43300, 247054, 1, 0, 0
43400, 248936, 1, 0, 0
43500, 261174, 1, 0, 0
43600, 246663, 1, 0, 0
43700, 247290, 1, 0, 0
43800, 253603, 1, 0, 0
43900, 248630, 1, 0, 0
44000, 246984, 1, 0, 0
44100, 253745, 1, 0, 0
44200, 247073, 1, 0, 0
44300, 246592, 1, 0, 0
44400, 255081, 1, 0, 0
44500, 246889, 1, 0, 0
44600, 246702, 1, 0, 0
44700, 249427, 1, 0, 0
44800, 247518, 1, 0, 0
44900, 249128, 1, 0, 0
45000, 251353, 1, 0, 0
45100, 254217, 1, 0, 0
45218, 247124, 1, 0, 0
45300, 246847, 1, 0, 0
45400, 252275, 1, 0, 0
45510, 250397, 1, 0, 0
45600, 250008, 1, 0, 0
45700, 252529, 1, 0, 0
45801, 247532, 1, 0, 0
45900, 247484, 1, 0, 0
46000, 251593, 1, 0, 0
46100, 246913, 1, 0, 0
46200, 246930, 1, 0, 0
46300, 251168, 1, 0, 0
46400, 247226, 1, 0, 0
46500, 247185, 1, 0, 0
46600, 250386, 1, 0, 0
46700, 247145, 1, 0, 0
46800, 247320, 1, 0, 0
46900, 250119, 1, 0, 0
47000, 247705, 1, 0, 0
47100, 250443, 1, 0, 0
47200, 253015, 1, 0, 0
47300, 248959, 1, 0, 0
47400, 248837, 1, 0, 0
47500, 254637, 1, 0, 0
47600, 248304, 1, 0, 0
47700, 250602, 1, 0, 0
47800, 248731, 1, 0, 0
47900, 256894, 1, 0, 0
48000, 248610, 1, 0, 0
48100, 247292, 1, 0, 0
48200, 254170, 1, 0, 0
48300, 247741, 1, 0, 0
48400, 247785, 1, 0, 0
48500, 253303, 1, 0, 0
48600, 248140, 1, 0, 0
48700, 249495, 1, 0, 0
48800, 253606, 1, 0, 0
48900, 248348, 1, 0, 0
49000, 249459, 1, 0, 0
49100, 250660, 1, 0, 0
49200, 248838, 1, 0, 0
49300, 247880, 1, 0, 0
49400, 250117, 1, 0, 0
49500, 249955, 1, 0, 0
49640, 247809, 1, 0, 0
49700, 249432, 1, 0, 0
49800, 253619, 1, 0, 0
49900, 248142, 1, 0, 0
50000, 249294, 1, 0, 0
50100, 254602, 1, 0, 0
50200, 247456, 1, 0, 0
50300, 247391, 1, 0, 0
50400, 253341, 1, 0, 0
50516, 247165, 1, 0, 0
50600, 247093, 1, 0, 0
50700, 252489, 1, 0, 0
50807, 247452, 1, 0, 0
50900, 247062, 1, 0, 0
51000, 252945, 1, 0, 0
51100, 246843, 1, 0, 0
51200, 248905, 1, 0, 0
51300, 251529, 1, 0, 0
51400, 246471, 1, 0, 0
51500, 246460, 1, 0, 0
51600, 250516, 1, 0, 0
51700, 247417, 1, 0, 0
51800, 246909, 1, 0, 0
51900, 249544, 1, 0, 0
52000, 247268, 1, 0, 0
52100, 248492, 1, 0, 0
52200, 252632, 1, 0, 0
52300, 247024, 1, 0, 0
52400, 247491, 1, 0, 0
52500, 249466, 1, 0, 0
52600, 252966, 1, 0, 0
52700, 249808, 1, 0, 0
52800, 250548, 1, 0, 0
52900, 252446, 1, 0, 0
53000, 250001, 1, 0, 0
53100, 248087, 1, 0, 0
53200, 253590, 1, 0, 0
53300, 249968, 1, 0, 0
53400, 250401, 1, 0, 0
53500, 255150, 1, 0, 0
53600, 248457, 1, 0, 0
53721, 249277, 1, 0, 0
53800, 250990, 1, 0, 0
53900, 250023, 1, 0, 0
54014, 251564, 1, 0, 0
54100, 252698, 1, 0, 0
54200, 247246, 1, 0, 0
54304, 248243, 1, 0, 0
54400, 250748, 1, 0, 0
54500, 246936, 1, 0, 0
54600, 246860, 1, 0, 0
54700, 249681, 1, 0, 0
54800, 248445, 1, 0, 0
54902, 247212, 1, 0, 0
55000, 249377, 1, 0, 0
55100, 254284, 1, 0, 0
55200, 249888, 1, 0, 0
55300, 249453, 1, 0, 0
55400, 254387, 1, 0, 0
55500, 249983, 1, 0, 0
55600, 249771, 1, 0, 0
55700, 255629, 1, 0, 0
55800, 249677, 1, 0, 0
55900, 250731, 1, 0, 0
56000, 254435, 1, 0, 0
56100, 249709, 1, 0, 0
56200, 249977, 1, 0, 0
56300, 255802, 1, 0, 0
56400, 251634, 1, 0, 0
56500, 251410, 1, 0, 0
56600, 250849, 1, 0, 0
56700, 252014, 1, 0, 0
56800, 249955, 1, 0, 0
56900, 258336, 1, 0, 0
57000, 250533, 1, 0, 0
57100, 250556, 1, 0, 0
57200, 253296, 1, 0, 0
57300, 278806, 1, 0, 0
57400, 253238, 1, 0, 0
57500, 252598, 1, 0, 0
57600, 257098, 1, 0, 0
57700, 251124, 1, 0, 0
57800, 252507, 1, 0, 0
57900, 261787, 1, 0, 0
58000, 250532, 1, 0, 0
58100, 251233, 1, 0, 0
58200, 257934, 1, 0, 0
58300, 251115, 1, 0, 0
58400, 253038, 1, 0, 0
58500, 254456, 1, 0, 0
58600, 253573, 1, 0, 0
58700, 250498, 1, 0, 0
58800, 254207, 1, 0, 0
58900, 255521, 1, 0, 0
59000, 249451, 1, 0, 0
59100, 250491, 1, 0, 0
59200, 254216, 1, 0, 0
59300, 249480, 1, 0, 0
59400, 249882, 1, 0, 0
59500, 255731, 1, 0, 0
59600, 249575, 1, 0, 0
59700, 249740, 1, 0, 0
59800, 255479, 1, 0, 0
59900, 249884, 1, 0, 0
60000, 250054, 1, 0, 0
60100, 253777, 1, 0, 0
60200, 250745, 1, 0, 0
60300, 250001, 1, 0, 0
60400, 251611, 1, 0, 0
60500, 254514, 1, 0, 0
60600, 250003, 1, 0, 0
60700, 250319, 1, 0, 0
60800, 254188, 1, 0, 0
60900, 249481, 1, 0, 0
61000, 250154, 1, 0, 0
61117, 255154, 1, 0, 0
61200, 250055, 1, 0, 0
61300, 249942, 1, 0, 0
61436, 252012, 1, 0, 0
61500, 250632, 1, 0, 0
61600, 250382, 1, 0, 0
61700, 254568, 1, 0, 0
61800, 258470, 1, 0, 0
61900, 253128, 1, 0, 0
62000, 250259, 1, 0, 0
62100, 251766, 1, 0, 0
62200, 250593, 1, 0, 0
62319, 253627, 1, 0, 0
62400, 256652, 1, 0, 0
62500, 250448, 1, 0, 0
62611, 252089, 1, 0, 0
62700, 252115, 1, 0, 0
62800, 250788, 1, 0, 0
62908, 251990, 1, 0, 0
63000, 258707, 1, 0, 0
63100, 250756, 1, 0, 0
63204, 253705, 1, 0, 0
63300, 255426, 1, 0, 0
63400, 250340, 1, 0, 0
63520, 250779, 1, 0, 0
63600, 250660, 1, 0, 0
63700, 253974, 1, 0, 0
63815, 251995, 1, 0, 0
63900, 250384, 1, 0, 0
64000, 256199, 1, 0, 0
64108, 250371, 1, 0, 0
64200, 250982, 1, 0, 0
64300, 256615, 1, 0, 0
64405, 252077, 1, 0, 0
64500, 251782, 1, 0, 0
64600, 258884, 1, 0, 0
64702, 252274, 1, 0, 0
64800, 253319, 1, 0, 0
64900, 257784, 1, 0, 0
65000, 250961, 1, 0, 0
65100, 250807, 1, 0, 0
65200, 256802, 1, 0, 0
65308, 250493, 1, 0, 0
65400, 250564, 1, 0, 0
65500, 251773, 1, 0, 0
65603, 255193, 1, 0, 0
65700, 250140, 1, 0, 0
65800, 250666, 1, 0, 0
65924, 259530, 1, 0, 0
66000, 253124, 1, 0, 0
66100, 252177, 1, 0, 0
66220, 252948, 1, 0, 0
66300, 255955, 1, 0, 0
66400, 250641, 1, 0, 0
66516, 252794, 1, 0, 0
66600, 253659, 1, 0, 0
66700, 250276, 1, 0, 0
66808, 252957, 1, 0, 0
66900, 253412, 1, 0, 0
67000, 250541, 1, 0, 0
67104, 252125, 1, 0, 0
67200, 256670, 1, 0, 0
67300, 249365, 1, 0, 0
67400, 251694, 1, 0, 0
67500, 253030, 1, 0, 0
67600, 249013, 1, 0, 0
67700, 251277, 1, 0, 0
67800, 253680, 1, 0, 0
67900, 249875, 1, 0, 0
68000, 249756, 1, 0, 0
68100, 254869, 1, 0, 0
68200, 250278, 1, 0, 0
68300, 252172, 1, 0, 0
68400, 254039, 1, 0, 0
68500, 252727, 1, 0, 0
68600, 250149, 1, 0, 0
68700, 251255, 1, 0, 0
68800, 254607, 1, 0, 0
68900, 250155, 1, 0, 0
69000, 250716, 1, 0, 0
69100, 256040, 1, 0, 0
69200, 250584, 1, 0, 0
69300, 253174, 1, 0, 0
69400, 256097, 1, 0, 0
69500, 253700, 1, 0, 0
69600, 253183, 1, 0, 0
69700, 255929, 1, 0, 0
69800, 250025, 1, 0, 0
69900, 250619, 1, 0, 0
70000, 255459, 1, 0, 0
70100, 251972, 1, 0, 0
70200, 250985, 1, 0, 0
70300, 254231, 1, 0, 0
70400, 253448, 1, 0, 0
70500, 250391, 1, 0, 0
70600, 253241, 1, 0, 0
70700, 256134, 1, 0, 0
70800, 253169, 1, 0, 0
70900, 253991, 1, 0, 0
71000, 256392, 1, 0, 0
71100, 251526, 1, 0, 0
71200, 255674, 1, 0, 0
71300, 254673, 1, 0, 0
71400, 252802, 1, 0, 0
71500, 253542, 1, 0, 0
71600, 255351, 1, 0, 0
71700, 252021, 1, 0, 0
71800, 251394, 1, 0, 0
71900, 254416, 1, 0, 0
72000, 250625, 1, 0, 0
72118, 251329, 1, 0, 0
72200, 252394, 1, 0, 0
72300, 253024, 1, 0, 0
72412, 251786, 1, 0, 0
72500, 250105, 1, 0, 0
72600, 254089, 1, 0, 0
72706, 252930, 1, 0, 0
72800, 257633, 1, 0, 0
72900, 256139, 1, 0, 0
73003, 251724, 1, 0, 0
73100, 253055, 1, 0, 0
73200, 256236, 1, 0, 0
73300, 253719, 1, 0, 0
73400, 251351, 1, 0, 0
73500, 256948, 1, 0, 0
73600, 251907, 1, 0, 0
73700, 249717, 1, 0, 0
73800, 254473, 1, 0, 0
73900, 249480, 1, 0, 0
74000, 249356, 1, 0, 0
74100, 255415, 1, 0, 0
74200, 249406, 1, 0, 0
74300, 246942, 1, 0, 0
74400, 249770, 1, 0, 0
74513, 249274, 1, 0, 0
74600, 248301, 1, 0, 0
74700, 247359, 1, 0, 0
74806, 254890, 1, 0, 0
74900, 253291, 1, 0, 0
75000, 247457, 1, 0, 0
75100, 250590, 1, 0, 0
75200, 251325, 1, 0, 0
75300, 246993, 1, 0, 0
75400, 247246, 1, 0, 0
75500, 249472, 1, 0, 0
75600, 246931, 1, 0, 0
75708, 252679, 1, 0, 0
75800, 251907, 1, 0, 0
75900, 250318, 1, 0, 0
76004, 252546, 1, 0, 0
76100, 255441, 1, 0, 0
76200, 249589, 1, 0, 0
76300, 251409, 1, 0, 0
76400, 253521, 1, 0, 0
76500, 249465, 1, 0, 0
76600, 249767, 1, 0, 0
76700, 254761, 1, 0, 0
76800, 249892, 1, 0, 0
76900, 249855, 1, 0, 0
77000, 255184, 1, 0, 0
77100, 249829, 1, 0, 0
77200, 252582, 1, 0, 0
77300, 251982, 1, 0, 0
77400, 250696, 1, 0, 0
77500, 250147, 1, 0, 0
77600, 249504, 1, 0, 0
77700, 255144, 1, 0, 0
77800, 252902, 1, 0, 0
77900, 250933, 1, 0, 0
78000, 256389, 1, 0, 0
78100, 249091, 1, 0, 0
78200, 250120, 1, 0, 0
78300, 254617, 1, 0, 0
78400, 248880, 1, 0, 0
78500, 250174, 1, 0, 0
78600, 253467, 1, 0, 0
78700, 252206, 1, 0, 0
78800, 249264, 1, 0, 0
78900, 254445, 1, 0, 0
79000, 253331, 1, 0, 0
79100, 249787, 1, 0, 0
79200, 251690, 1, 0, 0
79300, 251663, 1, 0, 0
79400, 250355, 1, 0, 0
79500, 250480, 1, 0, 0
79600, 255368, 1, 0, 0
79700, 249676, 1, 0, 0
79800, 250354, 1, 0, 0
79900, 252065, 1, 0, 0
80000, 249758, 1, 0, 0
80100, 253639, 1, 0, 0
80200, 252735, 1, 0, 0
80300, 249486, 1, 0, 0
80400, 251644, 1, 0, 0
80500, 255757, 1, 0, 0
80600, 249407, 1, 0, 0
80721, 251026, 1, 0, 0
80800, 253562, 1, 0, 0
80900, 251075, 1, 0, 0
81015, 249787, 1, 0, 0
81100, 250372, 1, 0, 0
81200, 255774, 1, 0, 0
81306, 249209, 1, 0, 0
81400, 249194, 1, 0, 0
81500, 253678, 1, 0, 0
81600, 252305, 1, 0, 0
81700, 249307, 1, 0, 0
81800, 254050, 1, 0, 0
81900, 255126, 1, 0, 0
82000, 251307, 1, 0, 0
82100, 254399, 1, 0, 0
82200, 249915, 1, 0, 0
82300, 253018, 1, 0, 0
82400, 255542, 1, 0, 0
82500, 251579, 1, 0, 0
82600, 251427, 1, 0, 0
82700, 253675, 1, 0, 0
82800, 250190, 1, 0, 0
82900, 249854, 1, 0, 0
83000, 256047, 1, 0, 0
83100, 249450, 1, 0, 0
83200, 249889, 1, 0, 0
83300, 251859, 1, 0, 0
83400, 251110, 1, 0, 0
83500, 249159, 1, 0, 0
83600, 253015, 1, 0, 0
83700, 251573, 1, 0, 0
83800, 249935, 1, 0, 0
83900, 255070, 1, 0, 0
84000, 255463, 1, 0, 0
84100, 250086, 1, 0, 0
84200, 251910, 1, 0, 0
84300, 255778, 1, 0, 0
84400, 249499, 1, 0, 0
84500, 250623, 1, 0, 0
84600, 251264, 1, 0, 0
84700, 249647, 1, 0, 0
84800, 253120, 1, 0, 0
84900, 252511, 1, 0, 0
85000, 249340, 1, 0, 0
85124, 254894, 1, 0, 0
85200, 257830, 1, 0, 0
85300, 251998, 1, 0, 0
85419, 250139, 1, 0, 0
85500, 254260, 1, 0, 0
85600, 250144, 1, 0, 0
85713, 252234, 1, 0, 0
85800, 251858, 1, 0, 0
85900, 255052, 1, 0, 0
86006, 249375, 1, 0, 0
86100, 249914, 1, 0, 0
86200, 251325, 1, 0, 0
86306, 248859, 1, 0, 0
86400, 249336, 1, 0, 0
86500, 252007, 1, 0, 0
86600, 251060, 1, 0, 0
86700, 249371, 1, 0, 0
86800, 253899, 1, 0, 0
86900, 250351, 1, 0, 0
87000, 249469, 1, 0, 0
87100, 253838, 1, 0, 0
87200, 249865, 1, 0, 0
87300, 249839, 1, 0, 0
87400, 255834, 1, 0, 0
87500, 249546, 1, 0, 0
87600, 249959, 1, 0, 0
87700, 254546, 1, 0, 0
87800, 251020, 1, 0, 0
87900, 249295, 1, 0, 0
88000, 268200, 1, 0, 0
88100, 250806, 1, 0, 0
88200, 249794, 1, 0, 0
88300, 251350, 1, 0, 0
88400, 256687, 1, 0, 0
88500, 253012, 1, 0, 0
88600, 251383, 1, 0, 0
88700, 254314, 1, 0, 0
88800, 250019, 1, 0, 0
88900, 253122, 1, 0, 0
89000, 249046, 1, 0, 0
89100, 253186, 1, 0, 0
89200, 249620, 1, 0, 0
89300, 251554, 1, 0, 0
89400, 251811, 1, 0, 0
89500, 250449, 1, 0, 0
89600, 253716, 1, 0, 0
89700, 251126, 1, 0, 0
89800, 249163, 1, 0, 0
89900, 254376, 1, 0, 0
90000, 255589, 1, 0, 0
90100, 249688, 1, 0, 0
90200, 249959, 1, 0, 0
90300, 254080, 1, 0, 0
90400, 249411, 1, 0, 0
90500, 251053, 1, 0, 0
90600, 254193, 1, 0, 0
90700, 249796, 1, 0, 0
90800, 249238, 1, 0, 0
90900, 252906, 1, 0, 0
91000, 249189, 1, 0, 0
91100, 253032, 1, 0, 0
91200, 251593, 1, 0, 0
91320, 250115, 1, 0, 0
91400, 251950, 1, 0, 0
91500, 251708, 1, 0, 0
91633, 251851, 1, 0, 0
91700, 251900, 1, 0, 0
91800, 252919, 1, 0, 0
91900, 253279, 1, 0, 0
92000, 253391, 1, 0, 0
92100, 255444, 1, 0, 0
92200, 251266, 1, 0, 0
92300, 249741, 1, 0, 0
92400, 253155, 1, 0, 0
92500, 255994, 1, 0, 0
92600, 251903, 1, 0, 0
92700, 250215, 1, 0, 0
92800, 254929, 1, 0, 0
92900, 249883, 1, 0, 0
93000, 249762, 1, 0, 0
93122, 254463, 1, 0, 0
93200, 252337, 1, 0, 0
93300, 251646, 1, 0, 0
93417, 254338, 1, 0, 0
93500, 257361, 1, 0, 0
93600, 251828, 1, 0, 0
93726, 255935, 1, 0, 0
93800, 256373, 1, 0, 0
93900, 250011, 1, 0, 0
94022, 254396, 1, 0, 0
94100, 254629, 1, 0, 0
94200, 253546, 1, 0, 0
94318, 255368, 1, 0, 0
94400, 251338, 1, 0, 0
94500, 252791, 1, 0, 0
94636, 253849, 1, 0, 0
94700, 256052, 1, 0, 0
94800, 250624, 1, 0, 0
94900, 250831, 1, 0, 0
95000, 252060, 1, 0, 0
95100, 254350, 1, 0, 0
95200, 250698, 1, 0, 0
95300, 250006, 1, 0, 0
95400, 252524, 1, 0, 0
95500, 250265, 1, 0, 0
95600, 251688, 1, 0, 0
95700, 256201, 1, 0, 0
95800, 250137, 1, 0, 0
95900, 250607, 1, 0, 0
96000, 254746, 1, 0, 0
96100, 250374, 1, 0, 0
96200, 249714, 1, 0, 0
96300, 252766, 1, 0, 0
96422, 251625, 1, 0, 0
96500, 249687, 1, 0, 0
96600, 255830, 1, 0, 0
96715, 249413, 1, 0, 0
96800, 249342, 1, 0, 0
96900, 254466, 1, 0, 0
97009, 249587, 1, 0, 0
97100, 250541, 1, 0, 0
97200, 252241, 1, 0, 0
97303, 252835, 1, 0, 0
97400, 251645, 1, 0, 0
97500, 249998, 1, 0, 0
97600, 254012, 1, 0, 0
97700, 253120, 1, 0, 0
97800, 249334, 1, 0, 0
97900, 251377, 1, 0, 0
98000, 251648, 1, 0, 0
98100, 251035, 1, 0, 0
98200, 251357, 1, 0, 0
98300, 252625, 1, 0, 0
98400, 249280, 1, 0, 0
98500, 259847, 1, 0, 0
98600, 250758, 1, 0, 0
98700, 249224, 1, 0, 0
98800, 255983, 1, 0, 0
98900, 251628, 1, 0, 0
99000, 249424, 1, 0, 0
99100, 253114, 1, 0, 0
99200, 254890, 1, 0, 0
99300, 249881, 1, 0, 0
99400, 249653, 1, 0, 0
99500, 253939, 1, 0, 0
99600, 249820, 1, 0, 0
99708, 253835, 1, 0, 0
99800, 250899, 1, 0, 0
99900, 256127, 1, 0, 0
100023, 251569, 1, 0, 0
100100, 250939, 1, 0, 0
100200, 255984, 1, 0, 0
100320, 251892, 1, 0, 0
100400, 249973, 1, 0, 0
100500, 255080, 1, 0, 0
100614, 252560, 1, 0, 0
100700, 249506, 1, 0, 0
100800, 254188, 1, 0, 0
100905, 251694, 1, 0, 0
101000, 251563, 1, 0, 0
101100, 255877, 1, 0, 0
101203, 253475, 1, 0, 0
101300, 250839, 1, 0, 0
101400, 255261, 1, 0, 0
101500, 249712, 1, 0, 0
101600, 251862, 1, 0, 0
101700, 251790, 1, 0, 0
101800, 251164, 1, 0, 0
101900, 249461, 1, 0, 0
102000, 252149, 1, 0, 0
102100, 251289, 1, 0, 0
102200, 253577, 1, 0, 0
102300, 250320, 1, 0, 0
102400, 250201, 1, 0, 0
102500, 252200, 1, 0, 0
102600, 252265, 1, 0, 0
102700, 249487, 1, 0, 0
102800, 252657, 1, 0, 0
102900, 251746, 1, 0, 0
103000, 250448, 1, 0, 0
103100, 251184, 1, 0, 0
103200, 251202, 1, 0, 0
103300, 252457, 1, 0, 0
103400, 252971, 1, 0, 0
103500, 249861, 1, 0, 0
103600, 264237, 1, 0, 0
103700, 254791, 1, 0, 0
103800, 250550, 1, 0, 0
103900, 250103, 1, 0, 0
104000, 252128, 1, 0, 0
104100, 249632, 1, 0, 0
104200, 252812, 1, 0, 0
104300, 253398, 1, 0, 0
104400, 253701, 1, 0, 0
104500, 249459, 1, 0, 0
104600, 250163, 1, 0, 0
104700, 252849, 1, 0, 0
104800, 249202, 1, 0, 0
104900, 249604, 1, 0, 0
105000, 252786, 1, 0, 0
105100, 251812, 1, 0, 0
105200, 249624, 1, 0, 0
105300, 253569, 1, 0, 0
105400, 252971, 1, 0, 0
105500, 249534, 1, 0, 0
105600, 254206, 1, 0, 0
105700, 250183, 1, 0, 0
105800, 249625, 1, 0, 0
105900, 254832, 1, 0, 0
106000, 254048, 1, 0, 0
106100, 249972, 1, 0, 0
106200, 252065, 1, 0, 0
106300, 249692, 1, 0, 0
106400, 250234, 1, 0, 0
106500, 253902, 1, 0, 0
106600, 254787, 1, 0, 0
106700, 250782, 1, 0, 0
106800, 250968, 1, 0, 0
106900, 251845, 1, 0, 0
107000, 249729, 1, 0, 0
107100, 251955, 1, 0, 0
107200, 253313, 1, 0, 0
107300, 251245, 1, 0, 0
107400, 251301, 1, 0, 0
107500, 250193, 1, 0, 0
107600, 250723, 1, 0, 0
107700, 254087, 1, 0, 0
107800, 251549, 1, 0, 0
107900, 252637, 1, 0, 0
108000, 249745, 1, 0, 0
108100, 248881, 1, 0, 0
108200, 254071, 1, 0, 0
108300, 252197, 1, 0, 0
108400, 250063, 1, 0, 0
108500, 252375, 1, 0, 0
108620, 249608, 1, 0, 0
108700, 249682, 1, 0, 0
108800, 252887, 1, 0, 0
108911, 252269, 1, 0, 0
109000, 249331, 1, 0, 0
109100, 254308, 1, 0, 0
109204, 250187, 1, 0, 0
109300, 249694, 1, 0, 0
109400, 253376, 1, 0, 0
109500, 250032, 1, 0, 0
109600, 249796, 1, 0, 0
109700, 254352, 1, 0, 0
109800, 252708, 1, 0, 0
109900, 250175, 1, 0, 0
110000, 252202, 1, 0, 0
110100, 250792, 1, 0, 0
110200, 250391, 1, 0, 0
110300, 254502, 1, 0, 0
110400, 251622, 1, 0, 0
110500, 249856, 1, 0, 0
110600, 254612, 1, 0, 0
110700, 252861, 1, 0, 0
110800, 249850, 1, 0, 0
110900, 252587, 1, 0, 0
111000, 251898, 1, 0, 0
111100, 252105, 1, 0, 0
111200, 254914, 1, 0, 0
111300, 250306, 1, 0, 0
111400, 254202, 1, 0, 0
111500, 250173, 1, 0, 0
111600, 251479, 1, 0, 0
111700, 251800, 1, 0, 0
111800, 252025, 1, 0, 0
111900, 251216, 1, 0, 0
112000, 252437, 1, 0, 0
112100, 250425, 1, 0, 0
112200, 250145, 1, 0, 0
112300, 251273, 1, 0, 0
112400, 253720, 1, 0, 0
112500, 250189, 1, 0, 0
112600, 251004, 1, 0, 0
112700, 253982, 1, 0, 0
112800, 249465, 1, 0, 0
112900, 255557, 1, 0, 0
113000, 250439, 1, 0, 0
113100, 251392, 1, 0, 0
113200, 256503, 1, 0, 0
113300, 249371, 1, 0, 0
113400, 252887, 1, 0, 0
113500, 254070, 1, 0, 0
113600, 249601, 1, 0, 0
113700, 249919, 1, 0, 0
113800, 255876, 1, 0, 0
113900, 249899, 1, 0, 0
114000, 252763, 1, 0, 0
114100, 254891, 1, 0, 0
114200, 249492, 1, 0, 0
114300, 249712, 1, 0, 0
114400, 254544, 1, 0, 0
114500, 249953, 1, 0, 0
114600, 253431, 1, 0, 0
114700, 253921, 1, 0, 0
114800, 249516, 1, 0, 0
114900, 252275, 1, 0, 0
115000, 251646, 1, 0, 0
115100, 252775, 1, 0, 0
115200, 251248, 1, 0, 0
115300, 249577, 1, 0, 0
115419, 253226, 1, 0, 0
115500, 251960, 1, 0, 0
115600, 249542, 1, 0, 0
115713, 253275, 1, 0, 0
115800, 252295, 1, 0, 0
115900, 249807, 1, 0, 0
116008, 254767, 1, 0, 0
116100, 252991, 1, 0, 0
116200, 249719, 1, 0, 0
116300, 252096, 1, 0, 0
116400, 250206, 1, 0, 0
116500, 249642, 1, 0, 0
116600, 251463, 1, 0, 0
116700, 251621, 1, 0, 0
116800, 249396, 1, 0, 0
116900, 249747, 1, 0, 0
117000, 249995, 1, 0, 0
117100, 250320, 1, 0, 0
117200, 251811, 1, 0, 0
117300, 250717, 1, 0, 0
117400, 250988, 1, 0, 0
117500, 255147, 1, 0, 0
117600, 253980, 1, 0, 0
117700, 249777, 1, 0, 0
117800, 252345, 1, 0, 0
117900, 254503, 1, 0, 0
118000, 251824, 1, 0, 0
118100, 253546, 1, 0, 0
118200, 254607, 1, 0, 0
118300, 251719, 1, 0, 0
118400, 255950, 1, 0, 0
118500, 259167, 1, 0, 0
118600, 253231, 1, 0, 0
118700, 253731, 1, 0, 0
118800, 257950, 1, 0, 0
118900, 251523, 1, 0, 0
119000, 253073, 1, 0, 0
119100, 255870, 1, 0, 0
119200, 251735, 1, 0, 0
119300, 253603, 1, 0, 0
119400, 253284, 1, 0, 0
119500, 251562, 1, 0, 0
119600, 251747, 1, 0, 0
119700, 254226, 1, 0, 0
119800, 250701, 1, 0, 0
119900, 251943, 1, 0, 0
120000, 253702, 1, 0, 0
120119, 251282, 1, 0, 0
120200, 253854, 1, 0, 0
120300, 251030, 1, 0, 0
120414, 252902, 1, 0, 0
120500, 252712, 1, 0, 0
120600, 249895, 1, 0, 0
120708, 253502, 1, 0, 0
120800, 252306, 1, 0, 0
120900, 250069, 1, 0, 0
121003, 253385, 1, 0, 0
121100, 252461, 1, 0, 0
121200, 250972, 1, 0, 0
121300, 254270, 1, 0, 0
121400, 252162, 1, 0, 0
121500, 249452, 1, 0, 0
121614, 253119, 1, 0, 0
121700, 248570, 1, 0, 0
121800, 247626, 1, 0, 0
121927, 251604, 1, 0, 0
122000, 252300, 1, 0, 0
122100, 248887, 1, 0, 0
122218, 247803, 1, 0, 0
122300, 248217, 1, 0, 0
122400, 250270, 1, 0, 0
122510, 249931, 1, 0, 0
122600, 246934, 1, 0, 0
122700, 252683, 1, 0, 0
122800, 248642, 1, 0, 0
122900, 247740, 1, 0, 0
123000, 251000, 1, 0, 0
123100, 247404, 1, 0, 0
123200, 247464, 1, 0, 0
123300, 251740, 1, 0, 0
123400, 250470, 1, 0, 0
123500, 247777, 1, 0, 0
123600, 250442, 1, 0, 0
123700, 250452, 1, 0, 0
123800, 247669, 1, 0, 0
123900, 251364, 1, 0, 0
124000, 251305, 1, 0, 0
124100, 247381, 1, 0, 0
124200, 250064, 1, 0, 0
124300, 250379, 1, 0, 0
124400, 248298, 1, 0, 0
124500, 253105, 1, 0, 0
124600, 249624, 1, 0, 0
124700, 249842, 1, 0, 0
124800, 250725, 1, 0, 0
124900, 249127, 1, 0, 0
125000, 247810, 1, 0, 0
125100, 250577, 1, 0, 0
125200, 249973, 1, 0, 0
125300, 247019, 1, 0, 0
125400, 249016, 1, 0, 0
125500, 248753, 1, 0, 0
125600, 247303, 1, 0, 0
125721, 249694, 1, 0, 0
125800, 249959, 1, 0, 0
125900, 247702, 1, 0, 0
126012, 251159, 1, 0, 0
126100, 249772, 1, 0, 0
126200, 247534, 1, 0, 0
126304, 251194, 1, 0, 0
126400, 252700, 1, 0, 0
126500, 247153, 1, 0, 0
126600, 246999, 1, 0, 0
126700, 249615, 1, 0, 0
126800, 247507, 1, 0, 0
126900, 248910, 1, 0, 0
127000, 251568, 1, 0, 0
127100, 248982, 1, 0, 0
127200, 250766, 1, 0, 0
127300, 251620, 1, 0, 0
127400, 248562, 1, 0, 0
127500, 249100, 1, 0, 0
127600, 253722, 1, 0, 0
127700, 247638, 1, 0, 0
127800, 248435, 1, 0, 0
127900, 249010, 1, 0, 0
128000, 249464, 1, 0, 0
128100, 250008, 1, 0, 0
128200, 247891, 1, 0, 0
128300, 249697, 1, 0, 0
128400, 250362, 1, 0, 0
128500, 247984, 1, 0, 0
128600, 251988, 1, 0, 0
128700, 254844, 1, 0, 0
128800, 248983, 1, 0, 0
128900, 258016, 1, 0, 0
129000, 255727, 1, 0, 0
129100, 248868, 1, 0, 0
129200, 251906, 1, 0, 0
129300, 249811, 1, 0, 0
129400, 247860, 1, 0, 0
129500, 254234, 1, 0, 0
129600, 254131, 1, 0, 0
129700, 250709, 1, 0, 0
129800, 252830, 1, 0, 0
129900, 249421, 1, 0, 0
130000, 246684, 1, 0, 0
130100, 252195, 1, 0, 0
130200, 248243, 1, 0, 0
130300, 248864, 1, 0, 0
130424, 249939, 1, 0, 0
130500, 251689, 1, 0, 0
130600, 250290, 1, 0, 0
130718, 251437, 1, 0, 0
130800, 252782, 1, 0, 0
130900, 250134, 1, 0, 0
131011, 252231, 1, 0, 0
131100, 253504, 1, 0, 0
131200, 248502, 1, 0, 0
131321, 247685, 1, 0, 0
131400, 246776, 1, 0, 0
131500, 250441, 1, 0, 0
131610, 248526, 1, 0, 0
131700, 252061, 1, 0, 0
131800, 251108, 1, 0, 0
131905, 250450, 1, 0, 0
132000, 248782, 1, 0, 0
132100, 252432, 1, 0, 0
132200, 251796, 1, 0, 0
132300, 249990, 1, 0, 0
132400, 252417, 1, 0, 0
132500, 248280, 1, 0, 0
132600, 250303, 1, 0, 0
132700, 252100, 1, 0, 0
132800, 254317, 1, 0, 0
132900, 250026, 1, 0, 0
133000, 252011, 1, 0, 0
133100, 251069, 1, 0, 0
133200, 246561, 1, 0, 0
133300, 247340, 1, 0, 0
133400, 246537, 1, 0, 0
133500, 246751, 1, 0, 0
133600, 247055, 1, 0, 0
133700, 247357, 1, 0, 0
133800, 247827, 1, 0, 0
133900, 247784, 1, 0, 0
134000, 251919, 1, 0, 0
134100, 249790, 1, 0, 0
134200, 254041, 1, 0, 0
134300, 250423, 1, 0, 0
134400, 247923, 1, 0, 0
134516, 252260, 1, 0, 0
134600, 250142, 1, 0, 0
134700, 247244, 1, 0, 0
134829, 248558, 1, 0, 0
134900, 249394, 1, 0, 0
135000, 247841, 1, 0, 0
135131, 249768, 1, 0, 0
135200, 250499, 1, 0, 0
135300, 247056, 1, 0, 0
135422, 249886, 1, 0, 0
135500, 250078, 1, 0, 0
135600, 247099, 1, 0, 0
135712, 250374, 1, 0, 0
135800, 253207, 1, 0, 0
135900, 247818, 1, 0, 0
136004, 251109, 1, 0, 0
136100, 251223, 1, 0, 0
136200, 248612, 1, 0, 0
136300, 255863, 1, 0, 0
136400, 255173, 1, 0, 0
136500, 248702, 1, 0, 0
136600, 249812, 1, 0, 0
136700, 251127, 1, 0, 0
136800, 249491, 1, 0, 0
136900, 254377, 1, 0, 0
137000, 249979, 1, 0, 0
137100, 252887, 1, 0, 0
137200, 249059, 1, 0, 0
137300, 247797, 1, 0, 0
137400, 249889, 1, 0, 0
137500, 250081, 1, 0, 0
137600, 248137, 1, 0, 0
137700, 251752, 1, 0, 0
137800, 250365, 1, 0, 0
137900, 250499, 1, 0, 0
138000, 251002, 1, 0, 0
138100, 254510, 1, 0, 0
138200, 250346, 1, 0, 0
138300, 253261, 1, 0, 0
138400, 252050, 1, 0, 0
138500, 252003, 1, 0, 0
138600, 250800, 1, 0, 0
138700, 251449, 1, 0, 0
138800, 251060, 1, 0, 0
138900, 253614, 1, 0, 0
139000, 249823, 1, 0, 0
139100, 251268, 1, 0, 0
139200, 251738, 1, 0, 0
139300, 247279, 1, 0, 0
139400, 249184, 1, 0, 0
139500, 250511, 1, 0, 0
139600, 247797, 1, 0, 0
139700, 248987, 1, 0, 0
139800, 249340, 1, 0, 0
139900, 247137, 1, 0, 0
140000, 250366, 1, 0, 0
140100, 249736, 1, 0, 0
140200, 248791, 1, 0, 0
140300, 253345, 1, 0, 0
140424, 249705, 1, 0, 0
140500, 249162, 1, 0, 0
140600, 251075, 1, 0, 0
140715, 251342, 1, 0, 0
140800, 246996, 1, 0, 0
140900, 251967, 1, 0, 0
141004, 246925, 1, 0, 0
141100, 247335, 1, 0, 0
141200, 249595, 1, 0, 0
141300, 248529, 1, 0, 0
141400, 247744, 1, 0, 0
141500, 250516, 1, 0, 0
141600, 251768, 1, 0, 0
141700, 246484, 1, 0, 0
141800, 248579, 1, 0, 0
141900, 248081, 1, 0, 0
142000, 248639, 1, 0, 0
142100, 248302, 1, 0, 0
142200, 248132, 1, 0, 0
142300, 253430, 1, 0, 0
142400, 246471, 1, 0, 0
142500, 250697, 1, 0, 0
142600, 252295, 1, 0, 0
142700, 248537, 1, 0, 0
142800, 252145, 1, 0, 0
142900, 248688, 1, 0, 0
143000, 250123, 1, 0, 0
143100, 250607, 1, 0, 0
143200, 247593, 1, 0, 0
143300, 250985, 1, 0, 0
143400, 254120, 1, 0, 0
143500, 248405, 1, 0, 0
143600, 254054, 1, 0, 0
143700, 251218, 1, 0, 0
143800, 248581, 1, 0, 0
143900, 250482, 1, 0, 0
144000, 251513, 1, 0, 0
144100, 269962, 1, 0, 0
144200, 252032, 1, 0, 0
144300, 250156, 1, 0, 0
144400, 249296, 1, 0, 0
144500, 249571, 1, 0, 0
144600, 250683, 1, 0, 0
144700, 249238, 1, 0, 0
144824, 251199, 1, 0, 0
144900, 253516, 1, 0, 0
145000, 250491, 1, 0, 0
145117, 249964, 1, 0, 0
145200, 250238, 1, 0, 0
145300, 248729, 1, 0, 0
145407, 248734, 1, 0, 0
145500, 248401, 1, 0, 0
145600, 247776, 1, 0, 0
145700, 252830, 1, 0, 0
145800, 250020, 1, 0, 0
145900, 250239, 1, 0, 0
146000, 246905, 1, 0, 0
146100, 247176, 1, 0, 0
146200, 250406, 1, 0, 0
146300, 251546, 1, 0, 0
146400, 247147, 1, 0, 0
146500, 249306, 1, 0, 0
146600, 248284, 1, 0, 0
146700, 246904, 1, 0, 0
146800, 247090, 1, 0, 0
146900, 248365, 1, 0, 0
147000, 248357, 1, 0, 0
147100, 248720, 1, 0, 0
147200, 252256, 1, 0, 0
147300, 250678, 1, 0, 0
147400, 248134, 1, 0, 0
147500, 251475, 1, 0, 0
147600, 248167, 1, 0, 0
147700, 252705, 1, 0, 0
147800, 250205, 1, 0, 0
147900, 252531, 1, 0, 0
148017, 248768, 1, 0, 0
148100, 250043, 1, 0, 0
148200, 250382, 1, 0, 0
148307, 249112, 1, 0, 0
148400, 249097, 1, 0, 0
148500, 250097, 1, 0, 0
148600, 249808, 1, 0, 0
148700, 250200, 1, 0, 0
148800, 251004, 1, 0, 0
148900, 248242, 1, 0, 0
149000, 250536, 1, 0, 0
149100, 250548, 1, 0, 0
149200, 247108, 1, 0, 0
149300, 250639, 1, 0, 0
149400, 249554, 1, 0, 0
149502, 254360, 1, 0, 0
149600, 250083, 1, 0, 0
149700, 250283, 1, 0, 0
149800, 251108, 1, 0, 0
149900, 253734, 1, 0, 0
150000, 250391, 1, 0, 0
150100, 251687, 1, 0, 0
150200, 253368, 1, 0, 0
150300, 249635, 1, 0, 0
150400, 254932, 1, 0, 0
150500, 250342, 1, 0, 0
150600, 249755, 1, 0, 0
150700, 257996, 1, 0, 0
150800, 249301, 1, 0, 0
150900, 250583, 1, 0, 0
151000, 247032, 1, 0, 0
151100, 250993, 1, 0, 0
151200, 251130, 1, 0, 0
151300, 248493, 1, 0, 0
151400, 247344, 1, 0, 0
151500, 248144, 1, 0, 0
151600, 249887, 1, 0, 0
151700, 247075, 1, 0, 0
151800, 248000, 1, 0, 0
151900, 249236, 1, 0, 0
152000, 246826, 1, 0, 0
152100, 246546, 1, 0, 0
152200, 248561, 1, 0, 0
152300, 249492, 1, 0, 0
152400, 246856, 1, 0, 0
152500, 252358, 1, 0, 0
152600, 247655, 1, 0, 0
152722, 248155, 1, 0, 0
152800, 248032, 1, 0, 0
152900, 249439, 1, 0, 0
153011, 246909, 1, 0, 0
153100, 250162, 1, 0, 0
153200, 253341, 1, 0, 0
153304, 249128, 1, 0, 0
153400, 251409, 1, 0, 0
153500, 252640, 1, 0, 0
153600, 252243, 1, 0, 0
153700, 251957, 1, 0, 0
153800, 252514, 1, 0, 0
153900, 247369, 1, 0, 0
154000, 252181, 1, 0, 0
154100, 252173, 1, 0, 0
154200, 251599, 1, 0, 0
154300, 253475, 1, 0, 0
154400, 249480, 1, 0, 0
154500, 248098, 1, 0, 0
154600, 250886, 1, 0, 0
154700, 247747, 1, 0, 0
154800, 258834, 1, 0, 0
154900, 250835, 1, 0, 0
155000, 247101, 1, 0, 0
155100, 251396, 1, 0, 0
155200, 247578, 1, 0, 0
155300, 247099, 1, 0, 0
155400, 252055, 1, 0, 0
155500, 252145, 1, 0, 0
155600, 248865, 1, 0, 0
155700, 248587, 1, 0, 0
155800, 254119, 1, 0, 0
155900, 247681, 1, 0, 0
156000, 250924, 1, 0, 0
156100, 249807, 1, 0, 0
156200, 247521, 1, 0, 0
156300, 249471, 1, 0, 0
156400, 248814, 1, 0, 0
156500, 246546, 1, 0, 0
156600, 250201, 1, 0, 0
156700, 247986, 1, 0, 0
156800, 247662, 1, 0, 0
156900, 252078, 1, 0, 0
157000, 250154, 1, 0, 0
157100, 247354, 1, 0, 0
157200, 248619, 1, 0, 0
157300, 250817, 1, 0, 0
157422, 248551, 1, 0, 0
157500, 248965, 1, 0, 0
157600, 250768, 1, 0, 0
157712, 247345, 1, 0, 0
157800, 249619, 1, 0, 0
157900, 249673, 1, 0, 0
158002, 248828, 1, 0, 0
158100, 251844, 1, 0, 0
158200, 250049, 1, 0, 0
158300, 248376, 1, 0, 0
158400, 249615, 1, 0, 0
158500, 249301, 1, 0, 0
158600, 246814, 1, 0, 0
158700, 249317, 1, 0, 0
158800, 250215, 1, 0, 0
158900, 247077, 1, 0, 0
159000, 249131, 1, 0, 0
159100, 249051, 1, 0, 0
159200, 250450, 1, 0, 0
159300, 251881, 1, 0, 0
159400, 249997, 1, 0, 0
159500, 246904, 1, 0, 0
159600, 252325, 1, 0, 0
159700, 253064, 1, 0, 0
159800, 249392, 1, 0, 0
159900, 249119, 1, 0, 0
160000, 252495, 1, 0, 0
160100, 247932, 1, 0, 0
160200, 250683, 1, 0, 0
160300, 246816, 1, 0, 0
160400, 247125, 1, 0, 0
160500, 251101, 1, 0, 0
160618, 247528, 1, 0, 0
160700, 248733, 1, 0, 0
160800, 246694, 1, 0, 0
160903, 246562, 1, 0, 0
161000, 247111, 1, 0, 0
161100, 248470, 1, 0, 0
161202, 245633, 1, 0, 0
161300, 250252, 1, 0, 0
161400, 252127, 1, 0, 0
161500, 251294, 1, 0, 0
161600, 251681, 1, 0, 0
161700, 249574, 1, 0, 0
161813, 253536, 1, 0, 0
161900, 251150, 1, 0, 0
162000, 252682, 1, 0, 0
162107, 249701, 1, 0, 0
162200, 250726, 1, 0, 0
162300, 255415, 1, 0, 0
162402, 253633, 1, 0, 0
162500, 252403, 1, 0, 0
162600, 253389, 1, 0, 0
162700, 250103, 1, 0, 0
162800, 252233, 1, 0, 0
162900, 252379, 1, 0, 0
163013, 254352, 1, 0, 0
163100, 254107, 1, 0, 0
163200, 250443, 1, 0, 0
163308, 251973, 1, 0, 0
163400, 258498, 1, 0, 0
163500, 252599, 1, 0, 0
163605, 250409, 1, 0, 0
163700, 252441, 1, 0, 0
163800, 251620, 1, 0, 0
163900, 254016, 1, 0, 0
164000, 252966, 1, 0, 0
164100, 249358, 1, 0, 0
164205, 251602, 1, 0, 0
164300, 253625, 1, 0, 0
164400, 253100, 1, 0, 0
164523, 254806, 1, 0, 0
164600, 250027, 1, 0, 0
164700, 250427, 1, 0, 0
164822, 257583, 1, 0, 0
164900, 252020, 1, 0, 0
165000, 258515, 1, 0, 0
165117, 250672, 1, 0, 0
165200, 250734, 1, 0, 0
165300, 252989, 1, 0, 0
165414, 253510, 1, 0, 0
165500, 254302, 1, 0, 0
165600, 254194, 1, 0, 0
165709, 252383, 1, 0, 0
165800, 254431, 1, 0, 0
165900, 250205, 1, 0, 0
166004, 252485, 1, 0, 0
166100, 251702, 1, 0, 0
166200, 252427, 1, 0, 0
166300, 251168, 1, 0, 0
166400, 251191, 1, 0, 0
166500, 252755, 1, 0, 0
166617, 251071, 1, 0, 0
166700, 246769, 1, 0, 0
166800, 251181, 1, 0, 0
166930, 246893, 1, 0, 0
167000, 248557, 1, 0, 0
167100, 247288, 1, 0, 0
167245, 250650, 1, 0, 0
167300, 254274, 1, 0, 0
167400, 246856, 1, 0, 0
167500, 246789, 1, 0, 0
167600, 251427, 1, 0, 0
167700, 246462, 1, 0, 0
167800, 249358, 1, 0, 0
167900, 249868, 1, 0, 0
168000, 247012, 1, 0, 0
168114, 249938, 1, 0, 0
168200, 249397, 1, 0, 0
168300, 247209, 1, 0, 0
168403, 249692, 1, 0, 0
168500, 250631, 1, 0, 0
168600, 246940, 1, 0, 0
168700, 248778, 1, 0, 0
168800, 246914, 1, 0, 0
168900, 247994, 1, 0, 0
169000, 253231, 1, 0, 0
169100, 249066, 1, 0, 0
169200, 247482, 1, 0, 0
169300, 249567, 1, 0, 0
169400, 250351, 1, 0, 0
169500, 246274, 1, 0, 0
169600, 246409, 1, 0, 0
169700, 246674, 1, 0, 0
169800, 246933, 1, 0, 0
169900, 247119, 1, 0, 0
170000, 250091, 1, 0, 0
170100, 247914, 1, 0, 0
170200, 251086, 1, 0, 0
170300, 249405, 1, 0, 0
170400, 246673, 1, 0, 0
170500, 249728, 1, 0, 0
170600, 248326, 1, 0, 0
170717, 247887, 1, 0, 0
170800, 248985, 1, 0, 0
170900, 249685, 1, 0, 0
171007, 247922, 1, 0, 0
171100, 248275, 1, 0, 0
171200, 248067, 1, 0, 0
171300, 250985, 1, 0, 0
171400, 249673, 1, 0, 0
171500, 253070, 1, 0, 0
171600, 250467, 1, 0, 0
171700, 249434, 1, 0, 0
171800, 249476, 1, 0, 0
171900, 247734, 1, 0, 0
172000, 248499, 1, 0, 0
172100, 246815, 1, 0, 0
172200, 246383, 1, 0, 0
172300, 250036, 1, 0, 0
172400, 249744, 1, 0, 0
172500, 246523, 1, 0, 0
172600, 252446, 1, 0, 0
172700, 247769, 1, 0, 0
172800, 250325, 1, 0, 0
172900, 250604, 1, 0, 0
173000, 249214, 1, 0, 0
173100, 248260, 1, 0, 0
173200, 253763, 1, 0, 0
173300, 248956, 1, 0, 0
173400, 246946, 1, 0, 0
173500, 249558, 1, 0, 0
173621, 252569, 1, 0, 0
173700, 248440, 1, 0, 0
173800, 252015, 1, 0, 0
173915, 255427, 1, 0, 0
174000, 248475, 1, 0, 0
174100, 252098, 1, 0, 0
174206, 250867, 1, 0, 0
174300, 247030, 1, 0, 0
174400, 249128, 1, 0, 0
174500, 248628, 1, 0, 0
174600, 246881, 1, 0, 0
174700, 251473, 1, 0, 0
174800, 252783, 1, 0, 0
174900, 247093, 1, 0, 0
175000, 260221, 1, 0, 0
175100, 249371, 1, 0, 0
175200, 247592, 1, 0, 0
175300, 248052, 1, 0, 0
175400, 251679, 1, 0, 0
175500, 246907, 1, 0, 0
175600, 250255, 1, 0, 0
175700, 249841, 1, 0, 0
175800, 247398, 1, 0, 0
175900, 249599, 1, 0, 0
176000, 248456, 1, 0, 0
176100, 248413, 1, 0, 0
176200, 250146, 1, 0, 0
176300, 252947, 1, 0, 0
176400, 248176, 1, 0, 0
176500, 251786, 1, 0, 0
176600, 247550, 1, 0, 0
176700, 246340, 1, 0, 0
176815, 248711, 1, 0, 0
176900, 248504, 1, 0, 0
177000, 250313, 1, 0, 0
177107, 248963, 1, 0, 0
177200, 254032, 1, 0, 0
177300, 247975, 1, 0, 0
177412, 248829, 1, 0, 0
177500, 248586, 1, 0, 0
177600, 251257, 1, 0, 0
177703, 248598, 1, 0, 0
177800, 250665, 1, 0, 0
177900, 250012, 1, 0, 0
178000, 248362, 1, 0, 0
178100, 248382, 1, 0, 0
178200, 250262, 1, 0, 0
178300, 246342, 1, 0, 0
178400, 250193, 1, 0, 0
178500, 249414, 1, 0, 0
178600, 249199, 1, 0, 0
178700, 250046, 1, 0, 0
178800, 249239, 1, 0, 0
178900, 247906, 1, 0, 0
179000, 247695, 1, 0, 0
179100, 250342, 1, 0, 0
179200, 249647, 1, 0, 0
179300, 248569, 1, 0, 0
179400, 248583, 1, 0, 0
179500, 246725, 1, 0, 0
179600, 250921, 1, 0, 0
179700, 247595, 1, 0, 0
179800, 253336, 1, 0, 0
179900, 251182, 1, 0, 0
180000, 247385, 1, 0, 0
