122, 2549, 1, 0, 0
222, 2570, 1, 0, 0
322, 2580, 1, 0, 0
422, 1980, 1, 0, 0
622, 919, 1, 0, 0
722, 3460, 1, 0, 0
822, 3470, 1, 0, 0
922, 2570, 1, 0, 0
1022, 3640, 1, 0, 0
1121, 3767, 1, 0, 0
1222, 2700, 1, 0, 0
1322, 3000, 1, 0, 0
1422, 3810, 1, 0, 0
1522, 3430, 1, 0, 0
1622, 3110, 1, 0, 0
1722, 3820, 1, 0, 0
1822, 3310, 1, 0, 0
1922, 3310, 1, 0, 0
2022, 3810, 1, 0, 0
2121, 3151, 1, 0, 0
2221, 3510, 1, 0, 0
2321, 3730, 1, 0, 0
2421, 3000, 1, 0, 0
2521, 3690, 1, 0, 0
2621, 3770, 1, 0, 0
2721, 2880, 1, 0, 0
2821, 3820, 1, 0, 0
2922, 3750, 1, 0, 0
3022, 2570, 1, 0, 0
3122, 3540, 1, 0, 0
3222, 3750, 1, 0, 0
3322, 2950, 1, 0, 0
3422, 3760, 1, 0, 0
3522, 3730, 1, 0, 0
3621, 2878, 1, 0, 0
3721, 3820, 1, 0, 0
3821, 3740, 1, 0, 0
3921, 2580, 1, 0, 0
4021, 3680, 1, 0, 0
4122, 3830, 1, 0, 0
4222, 2810, 1, 0, 0
4322, 3820, 1, 0, 0
4422, 3830, 1, 0, 0
4522, 2800, 1, 0, 0
4622, 3820, 1, 0, 0
4722, 3830, 1, 0, 0
4822, 2790, 1, 0, 0
4922, 3820, 1, 0, 0
5022, 3830, 1, 0, 0
5121, 2797, 1, 0, 0
5221, 3760, 1, 0, 0
5321, 3820, 1, 0, 0
5422, 2880, 1, 0, 0
5522, 3740, 1, 0, 0
5622, 3830, 1, 0, 0
5722, 2950, 1, 0, 0
5822, 3770, 1, 0, 0
5922, 3820, 1, 0, 0
6022, 2850, 1, 0, 0
6122, 3720, 1, 0, 0
6222, 3820, 1, 0, 0
6322, 2160, 1, 0, 0
6422, 3800, 1, 0, 0
6522, 3880, 1, 0, 0
6621, 2171, 1, 0, 0
6721, 3850, 1, 0, 0
6821, 3830, 1, 0, 0
6922, 2920, 1, 0, 0
7022, 3880, 1, 0, 0
7122, 3790, 1, 0, 0
7222, 2960, 1, 0, 0
7322, 3880, 1, 0, 0
7422, 3810, 1, 0, 0
7522, 2920, 1, 0, 0
7621, 3878, 1, 0, 0
7721, 3780, 1, 0, 0
7821, 2960, 1, 0, 0
7921, 3880, 1, 0, 0
8021, 3810, 1, 0, 0
8121, 2920, 1, 0, 0
8222, 3880, 1, 0, 0
8322, 3790, 1, 0, 0
8422, 2960, 1, 0, 0
8522, 3880, 1, 0, 0
8622, 3720, 1, 0, 0
8722, 3010, 1, 0, 0
8822, 3880, 1, 0, 0
8922, 3350, 1, 0, 0
9022, 3360, 1, 0, 0
9121, 3878, 1, 0, 0
9221, 3040, 1, 0, 0
9321, 3630, 1, 0, 0
9421, 3880, 1, 0, 0
9522, 2920, 1, 0, 0
9622, 3790, 1, 0, 0
9722, 3880, 1, 0, 0
9822, 2960, 1, 0, 0
9922, 3810, 1, 0, 0
10022, 3880, 1, 0, 0
10122, 2160, 1, 0, 0
10222, 3760, 1, 0, 0
10322, 3830, 1, 0, 0
10423, 2850, 1, 0, 0
10523, 3730, 1, 0, 0
10622, 3838, 1, 0, 0
10722, 2320, 1, 0, 0
10822, 3710, 1, 0, 0
10922, 3750, 1, 0, 0
11022, 2860, 1, 0, 0
11122, 3818, 1, 0, 0
11222, 3720, 1, 0, 0
11322, 2910, 1, 0, 0
11422, 3840, 1, 0, 0
11522, 3750, 1, 0, 0
11622, 2920, 1, 0, 0
11722, 3820, 1, 0, 0
11822, 3760, 1, 0, 0
11922, 2380, 1, 0, 0
12022, 3820, 1, 0, 0
12121, 3777, 1, 0, 0
12221, 2870, 1, 0, 0
12321, 3800, 1, 0, 0
12422, 3770, 1, 0, 0
12522, 2880, 1, 0, 0
12622, 3820, 1, 0, 0
12722, 3830, 1, 0, 0
12822, 2810, 1, 0, 0
12922, 3810, 1, 0, 0
13022, 3810, 1, 0, 0
13121, 2373, 1, 0, 0
13221, 3790, 1, 0, 0
13321, 3810, 1, 0, 0
13421, 2050, 1, 0, 0
13521, 3600, 1, 0, 0
13622, 3880, 1, 0, 0
13722, 2950, 1, 0, 0
13822, 3800, 1, 0, 0
13922, 3870, 1, 0, 0
14022, 2990, 1, 0, 0
14122, 3810, 1, 0, 0
14222, 3870, 1, 0, 0
14322, 2020, 1, 0, 0
14422, 3750, 1, 0, 0
14522, 3880, 1, 0, 0
14621, 2565, 1, 0, 0
14721, 3410, 1, 0, 0
14821, 3800, 1, 0, 0
14922, 3030, 1, 0, 0
15022, 3750, 1, 0, 0
15122, 3800, 1, 0, 0
15222, 2980, 1, 0, 0
15322, 3880, 1, 0, 0
15422, 3830, 1, 0, 0
15522, 2920, 1, 0, 0
15622, 3880, 1, 0, 0
15722, 3790, 1, 0, 0
15822, 2360, 1, 0, 0
15922, 3820, 1, 0, 0
16022, 3750, 1, 0, 0
16122, 2919, 1, 0, 0
16222, 3810, 1, 0, 0
16322, 3760, 1, 0, 0
16422, 2880, 1, 0, 0
16522, 3820, 1, 0, 0
16621, 3727, 1, 0, 0
16721, 2880, 1, 0, 0
16821, 3820, 1, 0, 0
16922, 3780, 1, 0, 0
17022, 2860, 1, 0, 0
17122, 3820, 1, 0, 0
17222, 3830, 1, 0, 0
17322, 2440, 1, 0, 0
17422, 3820, 1, 0, 0
17522, 3820, 1, 0, 0
17622, 2780, 1, 0, 0
17722, 3820, 1, 0, 0
17822, 3830, 1, 0, 0
17922, 1970, 1, 0, 0
18022, 3760, 1, 0, 0
18121, 3838, 1, 0, 0
18221, 2870, 1, 0, 0
18321, 3750, 1, 0, 0
18422, 3830, 1, 0, 0
18522, 2890, 1, 0, 0
18622, 3760, 1, 0, 0
18722, 3820, 1, 0, 0
18822, 2170, 1, 0, 0
18922, 3770, 1, 0, 0
19022, 3820, 1, 0, 0
19121, 2828, 1, 0, 0
19221, 3720, 1, 0, 0
19321, 3820, 1, 0, 0
19421, 2920, 1, 0, 0
19521, 3790, 1, 0, 0
19621, 3790, 1, 0, 0
19722, 2200, 1, 0, 0
19822, 3820, 1, 0, 0
19922, 3740, 1, 0, 0
20022, 2880, 1, 0, 0
20122, 3820, 1, 0, 0
20222, 3730, 1, 0, 0
20322, 2880, 1, 0, 0
20422, 3820, 1, 0, 0
20522, 3740, 1, 0, 0
20621, 2909, 1, 0, 0
20721, 3820, 1, 0, 0
20821, 3750, 1, 0, 0
20921, 2870, 1, 0, 0
21022, 3830, 1, 0, 0
21122, 3730, 1, 0, 0
21222, 2900, 1, 0, 0
21322, 3790, 1, 0, 0
21422, 3820, 1, 0, 0
21522, 2860, 1, 0, 0
21622, 3800, 1, 0, 0
21722, 3810, 1, 0, 0
21822, 2810, 1, 0, 0
21922, 3800, 1, 0, 0
22022, 3780, 1, 0, 0
22121, 2767, 1, 0, 0
22221, 3810, 1, 0, 0
22321, 3830, 1, 0, 0
22422, 2910, 1, 0, 0
22522, 3830, 1, 0, 0
22622, 3780, 1, 0, 0
22722, 1990, 1, 0, 0
22822, 3740, 1, 0, 0
22922, 3790, 1, 0, 0
23022, 2880, 1, 0, 0
23121, 3696, 1, 0, 0
23221, 3780, 1, 0, 0
23321, 2130, 1, 0, 0
23421, 3720, 1, 0, 0
23521, 3830, 1, 0, 0
23621, 2880, 1, 0, 0
23721, 3740, 1, 0, 0
23821, 3820, 1, 0, 0
23922, 2240, 1, 0, 0
24022, 3810, 1, 0, 0
24122, 3780, 1, 0, 0
24222, 2870, 1, 0, 0
24322, 3820, 1, 0, 0
24422, 3750, 1, 0, 0
24522, 2870, 1, 0, 0
24621, 3818, 1, 0, 0
24721, 3740, 1, 0, 0
24821, 2870, 1, 0, 0
24921, 3820, 1, 0, 0
25021, 3730, 1, 0, 0
25122, 2910, 1, 0, 0
25222, 3810, 1, 0, 0
25322, 3750, 1, 0, 0
25422, 2880, 1, 0, 0
25522, 3830, 1, 0, 0
25622, 3720, 1, 0, 0
25722, 1880, 1, 0, 0
25822, 3830, 1, 0, 0
25922, 3830, 1, 0, 0
26022, 2810, 1, 0, 0
26121, 3818, 1, 0, 0
26221, 3830, 1, 0, 0
26321, 2720, 1, 0, 0
26422, 3830, 1, 0, 0
26522, 3830, 1, 0, 0
26622, 2820, 1, 0, 0
26722, 3800, 1, 0, 0
26822, 3820, 1, 0, 0
26922, 2810, 1, 0, 0
27022, 3760, 1, 0, 0
27121, 3828, 1, 0, 0
27221, 2870, 1, 0, 0
27321, 3740, 1, 0, 0
27421, 3830, 1, 0, 0
27521, 2910, 1, 0, 0
27621, 3750, 1, 0, 0
27722, 3820, 1, 0, 0
27822, 2880, 1, 0, 0
27922, 3730, 1, 0, 0
28022, 3820, 1, 0, 0
28122, 2920, 1, 0, 0
28222, 3740, 1, 0, 0
28322, 3770, 1, 0, 0
28422, 2920, 1, 0, 0
28522, 3750, 1, 0, 0
28621, 3606, 1, 0, 0
28721, 3150, 1, 0, 0
28821, 3760, 1, 0, 0
28921, 3330, 1, 0, 0
29022, 3390, 1, 0, 0
29122, 3780, 1, 0, 0
29222, 3070, 1, 0, 0
29322, 3630, 1, 0, 0
29422, 3810, 1, 0, 0
29522, 2810, 1, 0, 0
29622, 3820, 1, 0, 0
29722, 3830, 1, 0, 0
29822, 2810, 1, 0, 0
29922, 3800, 1, 0, 0
30022, 3800, 1, 0, 0
30121, 2808, 1, 0, 0
30221, 3800, 1, 0, 0
30322, 3830, 1, 0, 0
30422, 2840, 1, 0, 0
30522, 3770, 1, 0, 0
30622, 3790, 1, 0, 0
30722, 2920, 1, 0, 0
30822, 3740, 1, 0, 0
30922, 3810, 1, 0, 0
31022, 2860, 1, 0, 0
31121, 3727, 1, 0, 0
31221, 3800, 1, 0, 0
31321, 2830, 1, 0, 0
31421, 3710, 1, 0, 0
31521, 3800, 1, 0, 0
31622, 2840, 1, 0, 0
31722, 3710, 1, 0, 0
31822, 3780, 1, 0, 0
31922, 2850, 1, 0, 0
32022, 3720, 1, 0, 0
32122, 3800, 1, 0, 0
32222, 2900, 1, 0, 0
32322, 3750, 1, 0, 0
32422, 3810, 1, 0, 0
32522, 2250, 1, 0, 0
32621, 3818, 1, 0, 0
32721, 3760, 1, 0, 0
32821, 2270, 1, 0, 0
32921, 3830, 1, 0, 0
33021, 3730, 1, 0, 0
33122, 2940, 1, 0, 0
33222, 3810, 1, 0, 0
33322, 3730, 1, 0, 0
33422, 2310, 1, 0, 0
33522, 3810, 1, 0, 0
33622, 3760, 1, 0, 0
33722, 2870, 1, 0, 0
33822, 3800, 1, 0, 0
33922, 3730, 1, 0, 0
34022, 2880, 1, 0, 0
34121, 3808, 1, 0, 0
34221, 3790, 1, 0, 0
34321, 2850, 1, 0, 0
34422, 3830, 1, 0, 0
34522, 3820, 1, 0, 0
34622, 2710, 1, 0, 0
34722, 3820, 1, 0, 0
34822, 3820, 1, 0, 0
34922, 2850, 1, 0, 0
35022, 3820, 1, 0, 0
35122, 3830, 1, 0, 0
35222, 2010, 1, 0, 0
35322, 3780, 1, 0, 0
35422, 3810, 1, 0, 0
35522, 2830, 1, 0, 0
35621, 3767, 1, 0, 0
35721, 3830, 1, 0, 0
35821, 2920, 1, 0, 0
35922, 3760, 1, 0, 0
36022, 3820, 1, 0, 0
36122, 2880, 1, 0, 0
36222, 3740, 1, 0, 0
36322, 3820, 1, 0, 0
36422, 3070, 1, 0, 0
36522, 3700, 1, 0, 0
36621, 3797, 1, 0, 0
36721, 2850, 1, 0, 0
36821, 3720, 1, 0, 0
36921, 3800, 1, 0, 0
37021, 2900, 1, 0, 0
37122, 3740, 1, 0, 0
37222, 3810, 1, 0, 0
37322, 2300, 1, 0, 0
37422, 3810, 1, 0, 0
37522, 3730, 1, 0, 0
37622, 2820, 1, 0, 0
37722, 3810, 1, 0, 0
37822, 3700, 1, 0, 0
37922, 2910, 1, 0, 0
38022, 3810, 1, 0, 0
38121, 3747, 1, 0, 0
38221, 2900, 1, 0, 0
38321, 3810, 1, 0, 0
38422, 3760, 1, 0, 0
38522, 2890, 1, 0, 0
38622, 3830, 1, 0, 0
38722, 3750, 1, 0, 0
38822, 2900, 1, 0, 0
38922, 3830, 1, 0, 0
39022, 3760, 1, 0, 0
39122, 2910, 1, 0, 0
39222, 3830, 1, 0, 0
39322, 3500, 1, 0, 0
39422, 3180, 1, 0, 0
39522, 3830, 1, 0, 0
39621, 3262, 1, 0, 0
39721, 3350, 1, 0, 0
39821, 3820, 1, 0, 0
39922, 3070, 1, 0, 0
40022, 3750, 1, 0, 0
40122, 3820, 1, 0, 0
40222, 2730, 1, 0, 0
40322, 3710, 1, 0, 0
40422, 3820, 1, 0, 0
40522, 2910, 1, 0, 0
40621, 3767, 1, 0, 0
40721, 3820, 1, 0, 0
40821, 2920, 1, 0, 0
40921, 3780, 1, 0, 0
41021, 3800, 1, 0, 0
41122, 2230, 1, 0, 0
41222, 3870, 1, 0, 0
41322, 3800, 1, 0, 0
41422, 3000, 1, 0, 0
41522, 3880, 1, 0, 0
41622, 3810, 1, 0, 0
41722, 2960, 1, 0, 0
41822, 3870, 1, 0, 0
41922, 3810, 1, 0, 0
42022, 2880, 1, 0, 0
42121, 3898, 1, 0, 0
42221, 3770, 1, 0, 0
42321, 2960, 1, 0, 0
42422, 3870, 1, 0, 0
42522, 3810, 1, 0, 0
42622, 2990, 1, 0, 0
42722, 3830, 1, 0, 0
42822, 3810, 1, 0, 0
42922, 2880, 1, 0, 0
43022, 3840, 1, 0, 0
43121, 3777, 1, 0, 0
43221, 1870, 1, 0, 0
43321, 3870, 1, 0, 0
43421, 3800, 1, 0, 0
43521, 2800, 1, 0, 0
43622, 3880, 1, 0, 0
43722, 3860, 1, 0, 0
43822, 2930, 1, 0, 0
43922, 3860, 1, 0, 0
44022, 3880, 1, 0, 0
44121, 2888, 1, 0, 0
44222, 3880, 1, 0, 0
44322, 3850, 1, 0, 0
44422, 2910, 1, 0, 0
44522, 3880, 1, 0, 0
44622, 3450, 1, 0, 0
44722, 3360, 1, 0, 0
44822, 3880, 1, 0, 0
44922, 3000, 1, 0, 0
45022, 3580, 1, 0, 0
45121, 3868, 1, 0, 0
45221, 2960, 1, 0, 0
45321, 3810, 1, 0, 0
45422, 3850, 1, 0, 0
45522, 2900, 1, 0, 0
45622, 3820, 1, 0, 0
45722, 3810, 1, 0, 0
45822, 2960, 1, 0, 0
45922, 3880, 1, 0, 0
46022, 3800, 1, 0, 0
46121, 2959, 1, 0, 0
46221, 3880, 1, 0, 0
46321, 3820, 1, 0, 0
46421, 2990, 1, 0, 0
46521, 3880, 1, 0, 0
46622, 3830, 1, 0, 0
46722, 2420, 1, 0, 0
46822, 3870, 1, 0, 0
46922, 3830, 1, 0, 0
47022, 2390, 1, 0, 0
47122, 3830, 1, 0, 0
47222, 3790, 1, 0, 0
47322, 2880, 1, 0, 0
47422, 3850, 1, 0, 0
47522, 3750, 1, 0, 0
47621, 2878, 1, 0, 0
47721, 3830, 1, 0, 0
47821, 3790, 1, 0, 0
47922, 2940, 1, 0, 0
48022, 3860, 1, 0, 0
48122, 3850, 1, 0, 0
48222, 2860, 1, 0, 0
48322, 3870, 1, 0, 0
48422, 3850, 1, 0, 0
48522, 2940, 1, 0, 0
48621, 3858, 1, 0, 0
48721, 3520, 1, 0, 0
48821, 3170, 1, 0, 0
48921, 3860, 1, 0, 0
49021, 3210, 1, 0, 0
49122, 3160, 1, 0, 0
49222, 3870, 1, 0, 0
49322, 3210, 1, 0, 0
49422, 3510, 1, 0, 0
49522, 3880, 1, 0, 0
49622, 2850, 1, 0, 0
49722, 3150, 1, 0, 0
49822, 3800, 1, 0, 0
49922, 3290, 1, 0, 0
50022, 3470, 1, 0, 0
50121, 3757, 1, 0, 0
50221, 3050, 1, 0, 0
50321, 3750, 1, 0, 0
50422, 3780, 1, 0, 0
50522, 2930, 1, 0, 0
50622, 3870, 1, 0, 0
50722, 3800, 1, 0, 0
50822, 2920, 1, 0, 0
50922, 3880, 1, 0, 0
51022, 3780, 1, 0, 0
51121, 2989, 1, 0, 0
51221, 3850, 1, 0, 0
51321, 3820, 1, 0, 0
51421, 3010, 1, 0, 0
51521, 3880, 1, 0, 0
51621, 3830, 1, 0, 0
51722, 3030, 1, 0, 0
51822, 3870, 1, 0, 0
51922, 3850, 1, 0, 0
52022, 2930, 1, 0, 0
52122, 3880, 1, 0, 0
52222, 3790, 1, 0, 0
52322, 3020, 1, 0, 0
52422, 3870, 1, 0, 0
52522, 3620, 1, 0, 0
52621, 3010, 1, 0, 0
52721, 3860, 1, 0, 0
52821, 3400, 1, 0, 0
52921, 2910, 1, 0, 0
53022, 3860, 1, 0, 0
53122, 3470, 1, 0, 0
53222, 3240, 1, 0, 0
53322, 3840, 1, 0, 0
53422, 3160, 1, 0, 0
53522, 3530, 1, 0, 0
53622, 3840, 1, 0, 0
53722, 2920, 1, 0, 0
53822, 3830, 1, 0, 0
53922, 3820, 1, 0, 0
54022, 2880, 1, 0, 0
54121, 3808, 1, 0, 0
54221, 3880, 1, 0, 0
54321, 2940, 1, 0, 0
54422, 3830, 1, 0, 0
54522, 3880, 1, 0, 0
54622, 2940, 1, 0, 0
54722, 3810, 1, 0, 0
54822, 3880, 1, 0, 0
54922, 2230, 1, 0, 0
55022, 3810, 1, 0, 0
55121, 3787, 1, 0, 0
55221, 2930, 1, 0, 0
55322, 3830, 1, 0, 0
55422, 3770, 1, 0, 0
55522, 2890, 1, 0, 0
55621, 3828, 1, 0, 0
55721, 3740, 1, 0, 0
55821, 2920, 1, 0, 0
55922, 3810, 1, 0, 0
56022, 3770, 1, 0, 0
56122, 2920, 1, 0, 0
56222, 3830, 1, 0, 0
56322, 3740, 1, 0, 0
56422, 2470, 1, 0, 0
56522, 3810, 1, 0, 0
56621, 3818, 1, 0, 0
56721, 2920, 1, 0, 0
56821, 3810, 1, 0, 0
56921, 3740, 1, 0, 0
57022, 2910, 1, 0, 0
57122, 3810, 1, 0, 0
57222, 3610, 1, 0, 0
57322, 2910, 1, 0, 0
57422, 3800, 1, 0, 0
57522, 3770, 1, 0, 0
57622, 2830, 1, 0, 0
57722, 3810, 1, 0, 0
57822, 3730, 1, 0, 0
57922, 2850, 1, 0, 0
58022, 3800, 1, 0, 0
58121, 3797, 1, 0, 0
58221, 2810, 1, 0, 0
58321, 3820, 1, 0, 0
58421, 3760, 1, 0, 0
58521, 2010, 1, 0, 0
58622, 3780, 1, 0, 0
58722, 3820, 1, 0, 0
58822, 2800, 1, 0, 0
58922, 3750, 1, 0, 0
59022, 3830, 1, 0, 0
59122, 2920, 1, 0, 0
59222, 3760, 1, 0, 0
59322, 3830, 1, 0, 0
59422, 2890, 1, 0, 0
59522, 3740, 1, 0, 0
59621, 3838, 1, 0, 0
59721, 2880, 1, 0, 0
59821, 3740, 1, 0, 0
59922, 3740, 1, 0, 0
60022, 3000, 1, 0, 0
60122, 3760, 1, 0, 0
60222, 3480, 1, 0, 0
60322, 3230, 1, 0, 0
60422, 3730, 1, 0, 0
60522, 3280, 1, 0, 0
60621, 3464, 1, 0, 0
60721, 3770, 1, 0, 0
60821, 3040, 1, 0, 0
60921, 3660, 1, 0, 0
61021, 3830, 1, 0, 0
61122, 2940, 1, 0, 0
61222, 3830, 1, 0, 0
61322, 3830, 1, 0, 0
61422, 2390, 1, 0, 0
61522, 3290, 1, 0, 0
61622, 3830, 1, 0, 0
61722, 3120, 1, 0, 0
61822, 3410, 1, 0, 0
61922, 3800, 1, 0, 0
62022, 3030, 1, 0, 0
62121, 3696, 1, 0, 0
62221, 3810, 1, 0, 0
62321, 2880, 1, 0, 0
62422, 3750, 1, 0, 0
62522, 3810, 1, 0, 0
62622, 2960, 1, 0, 0
62722, 3800, 1, 0, 0
62822, 3810, 1, 0, 0
62922, 2770, 1, 0, 0
63022, 3700, 1, 0, 0
63122, 3820, 1, 0, 0
63222, 2870, 1, 0, 0
63322, 3750, 1, 0, 0
63422, 3820, 1, 0, 0
63522, 2080, 1, 0, 0
63621, 3767, 1, 0, 0
63721, 3820, 1, 0, 0
63821, 2850, 1, 0, 0
63922, 3770, 1, 0, 0
64022, 3790, 1, 0, 0
64122, 2950, 1, 0, 0
64222, 3790, 1, 0, 0
64322, 3750, 1, 0, 0
64422, 2830, 1, 0, 0
64522, 3800, 1, 0, 0
64621, 3707, 1, 0, 0
64721, 2820, 1, 0, 0
64821, 3800, 1, 0, 0
64921, 3710, 1, 0, 0
65021, 2870, 1, 0, 0
65121, 3810, 1, 0, 0
65221, 3730, 1, 0, 0
65322, 2400, 1, 0, 0
65422, 3810, 1, 0, 0
65522, 3750, 1, 0, 0
65622, 2870, 1, 0, 0
65722, 3820, 1, 0, 0
65822, 3770, 1, 0, 0
65922, 1920, 1, 0, 0
66022, 3730, 1, 0, 0
66121, 3808, 1, 0, 0
66221, 2800, 1, 0, 0
66321, 3750, 1, 0, 0
66421, 3830, 1, 0, 0
66521, 2800, 1, 0, 0
66622, 3790, 1, 0, 0
66722, 3820, 1, 0, 0
66822, 2950, 1, 0, 0
66922, 3780, 1, 0, 0
67022, 3820, 1, 0, 0
67122, 2820, 1, 0, 0
67222, 3740, 1, 0, 0
67322, 3830, 1, 0, 0
67422, 3050, 1, 0, 0
67522, 3780, 1, 0, 0
67622, 3848, 1, 0, 0
67722, 2600, 1, 0, 0
67822, 3770, 1, 0, 0
67922, 3840, 1, 0, 0
68022, 2890, 1, 0, 0
68121, 3757, 1, 0, 0
68222, 3810, 1, 0, 0
68322, 2900, 1, 0, 0
68422, 3730, 1, 0, 0
68522, 3830, 1, 0, 0
68622, 2920, 1, 0, 0
68722, 3750, 1, 0, 0
68822, 3820, 1, 0, 0
68922, 2880, 1, 0, 0
69022, 3780, 1, 0, 0
69121, 3767, 1, 0, 0
69221, 2930, 1, 0, 0
69321, 3780, 1, 0, 0
69421, 3720, 1, 0, 0
69521, 2890, 1, 0, 0
69622, 3790, 1, 0, 0
69722, 3730, 1, 0, 0
69822, 2920, 1, 0, 0
69922, 3820, 1, 0, 0
70022, 3740, 1, 0, 0
70122, 2860, 1, 0, 0
70222, 3820, 1, 0, 0
70322, 3760, 1, 0, 0
70422, 2880, 1, 0, 0
70522, 3830, 1, 0, 0
70621, 3565, 1, 0, 0
70721, 3030, 1, 0, 0
70821, 3810, 1, 0, 0
70922, 3400, 1, 0, 0
71022, 3190, 1, 0, 0
71122, 3800, 1, 0, 0
71222, 3250, 1, 0, 0
71322, 3330, 1, 0, 0
71422, 3820, 1, 0, 0
71522, 3090, 1, 0, 0
71622, 3460, 1, 0, 0
71722, 3820, 1, 0, 0
71822, 2960, 1, 0, 0
71922, 3680, 1, 0, 0
72022, 3820, 1, 0, 0
72121, 2898, 1, 0, 0
72221, 3750, 1, 0, 0
72321, 3820, 1, 0, 0
72422, 2900, 1, 0, 0
72522, 3760, 1, 0, 0
72622, 3840, 1, 0, 0
72722, 2860, 1, 0, 0
72822, 3700, 1, 0, 0
72922, 3780, 1, 0, 0
73022, 2880, 1, 0, 0
73121, 3797, 1, 0, 0
73221, 3720, 1, 0, 0
73321, 2860, 1, 0, 0
73421, 3790, 1, 0, 0
73521, 3700, 1, 0, 0
73621, 2920, 1, 0, 0
73722, 3830, 1, 0, 0
73822, 3760, 1, 0, 0
73922, 2890, 1, 0, 0
74022, 3830, 1, 0, 0
74122, 3750, 1, 0, 0
74222, 2460, 1, 0, 0
74322, 3870, 1, 0, 0
74422, 3820, 1, 0, 0
74522, 1870, 1, 0, 0
74621, 3868, 1, 0, 0
74721, 3870, 1, 0, 0
74821, 2730, 1, 0, 0
74921, 3850, 1, 0, 0
75021, 3870, 1, 0, 0
75122, 2940, 1, 0, 0
75222, 3830, 1, 0, 0
75322, 3870, 1, 0, 0
75422, 2920, 1, 0, 0
75522, 3840, 1, 0, 0
75622, 3870, 1, 0, 0
75722, 1740, 1, 0, 0
75822, 3790, 1, 0, 0
75922, 3840, 1, 0, 0
76023, 2810, 1, 0, 0
76122, 3757, 1, 0, 0
76222, 3830, 1, 0, 0
76322, 2940, 1, 0, 0
76422, 3780, 1, 0, 0
76522, 3830, 1, 0, 0
76622, 2909, 1, 0, 0
76722, 3770, 1, 0, 0
76822, 3820, 1, 0, 0
76922, 2850, 1, 0, 0
77022, 3760, 1, 0, 0
77121, 3828, 1, 0, 0
77222, 2930, 1, 0, 0
77322, 3780, 1, 0, 0
77422, 3830, 1, 0, 0
77522, 2920, 1, 0, 0
77621, 3757, 1, 0, 0
77721, 3830, 1, 0, 0
77822, 2710, 1, 0, 0
77922, 3800, 1, 0, 0
78022, 3750, 1, 0, 0
78121, 2353, 1, 0, 0
78221, 3820, 1, 0, 0
78321, 3760, 1, 0, 0
78422, 2930, 1, 0, 0
78522, 3830, 1, 0, 0
78622, 3770, 1, 0, 0
78722, 2870, 1, 0, 0
78822, 3830, 1, 0, 0
78923, 3770, 1, 0, 0
79023, 2890, 1, 0, 0
79122, 3828, 1, 0, 0
79222, 3800, 1, 0, 0
79322, 2940, 1, 0, 0
79422, 3830, 1, 0, 0
79522, 3750, 1, 0, 0
79622, 2888, 1, 0, 0
79722, 3840, 1, 0, 0
79822, 3540, 1, 0, 0
79922, 3180, 1, 0, 0
80022, 3830, 1, 0, 0
80122, 3262, 1, 0, 0
80222, 3390, 1, 0, 0
80322, 3830, 1, 0, 0
80422, 3020, 1, 0, 0
80522, 3570, 1, 0, 0
80621, 3838, 1, 0, 0
80721, 2900, 1, 0, 0
80822, 3770, 1, 0, 0
80922, 3830, 1, 0, 0
81022, 2890, 1, 0, 0
81121, 3737, 1, 0, 0
81221, 3840, 1, 0, 0
81321, 3000, 1, 0, 0
81421, 3810, 1, 0, 0
81521, 3810, 1, 0, 0
81621, 2940, 1, 0, 0
81721, 3790, 1, 0, 0
81822, 3810, 1, 0, 0
81922, 2880, 1, 0, 0
82022, 3740, 1, 0, 0
82122, 3830, 1, 0, 0
82222, 2910, 1, 0, 0
82322, 3760, 1, 0, 0
82422, 3780, 1, 0, 0
82522, 2930, 1, 0, 0
82621, 3808, 1, 0, 0
82721, 3770, 1, 0, 0
82821, 2880, 1, 0, 0
82922, 3840, 1, 0, 0
83022, 3740, 1, 0, 0
83122, 3000, 1, 0, 0
83222, 3830, 1, 0, 0
83322, 3800, 1, 0, 0
83422, 2910, 1, 0, 0
83523, 3840, 1, 0, 0
83622, 3787, 1, 0, 0
83722, 2860, 1, 0, 0
83822, 3840, 1, 0, 0
83922, 3750, 1, 0, 0
84022, 2820, 1, 0, 0
84122, 3838, 1, 0, 0
84222, 3630, 1, 0, 0
84322, 2980, 1, 0, 0
84422, 3830, 1, 0, 0
84522, 3430, 1, 0, 0
84622, 3300, 1, 0, 0
84722, 3830, 1, 0, 0
84822, 3110, 1, 0, 0
84922, 3520, 1, 0, 0
85022, 3840, 1, 0, 0
85121, 2909, 1, 0, 0
85221, 3620, 1, 0, 0
85321, 3810, 1, 0, 0
85421, 2920, 1, 0, 0
85522, 3770, 1, 0, 0
85622, 3830, 1, 0, 0
85722, 2850, 1, 0, 0
85822, 3730, 1, 0, 0
85922, 3830, 1, 0, 0
86022, 2990, 1, 0, 0
86122, 3800, 1, 0, 0
86222, 3840, 1, 0, 0
86322, 2600, 1, 0, 0
86422, 3800, 1, 0, 0
86522, 3830, 1, 0, 0
86621, 2868, 1, 0, 0
86721, 3810, 1, 0, 0
86821, 3790, 1, 0, 0
86922, 2950, 1, 0, 0
87022, 3820, 1, 0, 0
87122, 3780, 1, 0, 0
87222, 2880, 1, 0, 0
87322, 3830, 1, 0, 0
87422, 3730, 1, 0, 0
87522, 2930, 1, 0, 0
87621, 3828, 1, 0, 0
87721, 3750, 1, 0, 0
87821, 2870, 1, 0, 0
87921, 3830, 1, 0, 0
88021, 3570, 1, 0, 0
88122, 2980, 1, 0, 0
88222, 3830, 1, 0, 0
88322, 3800, 1, 0, 0
88422, 2830, 1, 0, 0
88522, 3800, 1, 0, 0
88622, 3810, 1, 0, 0
88722, 2800, 1, 0, 0
88822, 3820, 1, 0, 0
88922, 3790, 1, 0, 0
89022, 1940, 1, 0, 0
89121, 3828, 1, 0, 0
89221, 3810, 1, 0, 0
89321, 2850, 1, 0, 0
89422, 3840, 1, 0, 0
89522, 3770, 1, 0, 0
89622, 2910, 1, 0, 0
89722, 3820, 1, 0, 0
89822, 3790, 1, 0, 0
89922, 2830, 1, 0, 0
90022, 3780, 1, 0, 0
90122, 3840, 1, 0, 0
90222, 2880, 1, 0, 0
90322, 3760, 1, 0, 0
90422, 3820, 1, 0, 0
90522, 2930, 1, 0, 0
90621, 3757, 1, 0, 0
90721, 3630, 1, 0, 0
90821, 3130, 1, 0, 0
90922, 3780, 1, 0, 0
91022, 3330, 1, 0, 0
91122, 3530, 1, 0, 0
91222, 3810, 1, 0, 0
91322, 2960, 1, 0, 0
91422, 3790, 1, 0, 0
91522, 3800, 1, 0, 0
91622, 2590, 1, 0, 0
91722, 3410, 1, 0, 0
91822, 3770, 1, 0, 0
91922, 3060, 1, 0, 0
92022, 2970, 1, 0, 0
92121, 3737, 1, 0, 0
92221, 3570, 1, 0, 0
92321, 3130, 1, 0, 0
92422, 3720, 1, 0, 0
92522, 3390, 1, 0, 0
92622, 3280, 1, 0, 0
92722, 3780, 1, 0, 0
92822, 3180, 1, 0, 0
92922, 3530, 1, 0, 0
93022, 3830, 1, 0, 0
93122, 2880, 1, 0, 0
93222, 3780, 1, 0, 0
93322, 3790, 1, 0, 0
93422, 2870, 1, 0, 0
93522, 3740, 1, 0, 0
93621, 3787, 1, 0, 0
93721, 2550, 1, 0, 0
93821, 3590, 1, 0, 0
93922, 3810, 1, 0, 0
94022, 2840, 1, 0, 0
94122, 3760, 1, 0, 0
94222, 3790, 1, 0, 0
94322, 2840, 1, 0, 0
94422, 3820, 1, 0, 0
94522, 3790, 1, 0, 0
94622, 2480, 1, 0, 0
94722, 3240, 1, 0, 0
94822, 3820, 1, 0, 0
94922, 3180, 1, 0, 0
95022, 3410, 1, 0, 0
95121, 3818, 1, 0, 0
95221, 3050, 1, 0, 0
95321, 2910, 1, 0, 0
95422, 3800, 1, 0, 0
95522, 3530, 1, 0, 0
95622, 3150, 1, 0, 0
95722, 3740, 1, 0, 0
95822, 3350, 1, 0, 0
95922, 3350, 1, 0, 0
96022, 3770, 1, 0, 0
96121, 3151, 1, 0, 0
96221, 3580, 1, 0, 0
96321, 3790, 1, 0, 0
96421, 2870, 1, 0, 0
96521, 3820, 1, 0, 0
96621, 3740, 1, 0, 0
96721, 2920, 1, 0, 0
96822, 3840, 1, 0, 0
96922, 3760, 1, 0, 0
97022, 2870, 1, 0, 0
97122, 3840, 1, 0, 0
97222, 3760, 1, 0, 0
97322, 2850, 1, 0, 0
97422, 3820, 1, 0, 0
97522, 3790, 1, 0, 0
97621, 2868, 1, 0, 0
97721, 3820, 1, 0, 0
97821, 3820, 1, 0, 0
97921, 2910, 1, 0, 0
98021, 3810, 1, 0, 0
98121, 3800, 1, 0, 0
98222, 2860, 1, 0, 0
98322, 3800, 1, 0, 0
98422, 3800, 1, 0, 0
98522, 2830, 1, 0, 0
98622, 3820, 1, 0, 0
98722, 3780, 1, 0, 0
98822, 2050, 1, 0, 0
98922, 3800, 1, 0, 0
99022, 3820, 1, 0, 0
99121, 2474, 1, 0, 0
99221, 3760, 1, 0, 0
99321, 3830, 1, 0, 0
99421, 2850, 1, 0, 0
99521, 3760, 1, 0, 0
99622, 3830, 1, 0, 0
99722, 2100, 1, 0, 0
99822, 3740, 1, 0, 0
99922, 3810, 1, 0, 0
100022, 2180, 1, 0, 0
100122, 3770, 1, 0, 0
100222, 3720, 1, 0, 0
100322, 2850, 1, 0, 0
100422, 3820, 1, 0, 0
100522, 3760, 1, 0, 0
100621, 2878, 1, 0, 0
100721, 3830, 1, 0, 0
100821, 3750, 1, 0, 0
100921, 2970, 1, 0, 0
101021, 3820, 1, 0, 0
101122, 3700, 1, 0, 0
101222, 2840, 1, 0, 0
101322, 3830, 1, 0, 0
101422, 3740, 1, 0, 0
101522, 2890, 1, 0, 0
101622, 3840, 1, 0, 0
101722, 3790, 1, 0, 0
101822, 2910, 1, 0, 0
101922, 3830, 1, 0, 0
102022, 3780, 1, 0, 0
102121, 2858, 1, 0, 0
102221, 3820, 1, 0, 0
102321, 3820, 1, 0, 0
102422, 2880, 1, 0, 0
102522, 3830, 1, 0, 0
102622, 3790, 1, 0, 0
102722, 2840, 1, 0, 0
102822, 3830, 1, 0, 0
102922, 3800, 1, 0, 0
103022, 2910, 1, 0, 0
103121, 3818, 1, 0, 0
103221, 3780, 1, 0, 0
103321, 2850, 1, 0, 0
103421, 3810, 1, 0, 0
103521, 3790, 1, 0, 0
103622, 1930, 1, 0, 0
103722, 3750, 1, 0, 0
103822, 3820, 1, 0, 0
103922, 1910, 1, 0, 0
104022, 3790, 1, 0, 0
104122, 3830, 1, 0, 0
104222, 2800, 1, 0, 0
104322, 3710, 1, 0, 0
104422, 3830, 1, 0, 0
104522, 2960, 1, 0, 0
104621, 3777, 1, 0, 0
104721, 3840, 1, 0, 0
104821, 2560, 1, 0, 0
104921, 3820, 1, 0, 0
105021, 3790, 1, 0, 0
105122, 2230, 1, 0, 0
105222, 3830, 1, 0, 0
105322, 3770, 1, 0, 0
105422, 2850, 1, 0, 0
105522, 3830, 1, 0, 0
105622, 3770, 1, 0, 0
105722, 2920, 1, 0, 0
105822, 3820, 1, 0, 0
105922, 3760, 1, 0, 0
106022, 2830, 1, 0, 0
106121, 3838, 1, 0, 0
106222, 3790, 1, 0, 0
106322, 2960, 1, 0, 0
106422, 3830, 1, 0, 0
106522, 3770, 1, 0, 0
106621, 2818, 1, 0, 0
106721, 3820, 1, 0, 0
106822, 3810, 1, 0, 0
106922, 2940, 1, 0, 0
107022, 3830, 1, 0, 0
107121, 3797, 1, 0, 0
107221, 2860, 1, 0, 0
107321, 3820, 1, 0, 0
107422, 3820, 1, 0, 0
107522, 2880, 1, 0, 0
107622, 3820, 1, 0, 0
107722, 3600, 1, 0, 0
107822, 3070, 1, 0, 0
107923, 3820, 1, 0, 0
108023, 3350, 1, 0, 0
108122, 3282, 1, 0, 0
108222, 3830, 1, 0, 0
108322, 3160, 1, 0, 0
108422, 3600, 1, 0, 0
108523, 3820, 1, 0, 0
108622, 2919, 1, 0, 0
108722, 3800, 1, 0, 0
108822, 3820, 1, 0, 0
108922, 2980, 1, 0, 0
109022, 3790, 1, 0, 0
109122, 3808, 1, 0, 0
109222, 2950, 1, 0, 0
109322, 3830, 1, 0, 0
109422, 3790, 1, 0, 0
109522, 2880, 1, 0, 0
109621, 3828, 1, 0, 0
109722, 3760, 1, 0, 0
109822, 2890, 1, 0, 0
109922, 3830, 1, 0, 0
110022, 3790, 1, 0, 0
110121, 2898, 1, 0, 0
110221, 3820, 1, 0, 0
110322, 3770, 1, 0, 0
110422, 2870, 1, 0, 0
110522, 3830, 1, 0, 0
110621, 3767, 1, 0, 0
110722, 2880, 1, 0, 0
110822, 3830, 1, 0, 0
110922, 3800, 1, 0, 0
111022, 2890, 1, 0, 0
111121, 3787, 1, 0, 0
111221, 3760, 1, 0, 0
111321, 1920, 1, 0, 0
111421, 3820, 1, 0, 0
111521, 3810, 1, 0, 0
111622, 2890, 1, 0, 0
111722, 3840, 1, 0, 0
111822, 3780, 1, 0, 0
111922, 2950, 1, 0, 0
112022, 3820, 1, 0, 0
112122, 3830, 1, 0, 0
112222, 2930, 1, 0, 0
112322, 3820, 1, 0, 0
112422, 3770, 1, 0, 0
112522, 2950, 1, 0, 0
112621, 3818, 1, 0, 0
112721, 3770, 1, 0, 0
112821, 2050, 1, 0, 0
112922, 3780, 1, 0, 0
113022, 3810, 1, 0, 0
113122, 2840, 1, 0, 0
113222, 3740, 1, 0, 0
113322, 3800, 1, 0, 0
113422, 2920, 1, 0, 0
113522, 3760, 1, 0, 0
113621, 3828, 1, 0, 0
113721, 2920, 1, 0, 0
113821, 3740, 1, 0, 0
113921, 3800, 1, 0, 0
114021, 3000, 1, 0, 0
114122, 3760, 1, 0, 0
114222, 3630, 1, 0, 0
114322, 3070, 1, 0, 0
114422, 3760, 1, 0, 0
114522, 3410, 1, 0, 0
114622, 3270, 1, 0, 0
114722, 3760, 1, 0, 0
114822, 3210, 1, 0, 0
114922, 3440, 1, 0, 0
115022, 3760, 1, 0, 0
115121, 3070, 1, 0, 0
115221, 3650, 1, 0, 0
115321, 3790, 1, 0, 0
115422, 2920, 1, 0, 0
115522, 3800, 1, 0, 0
115622, 3790, 1, 0, 0
115722, 2880, 1, 0, 0
115822, 3790, 1, 0, 0
115922, 3790, 1, 0, 0
116022, 2860, 1, 0, 0
116122, 3790, 1, 0, 0
116222, 3820, 1, 0, 0
116322, 2980, 1, 0, 0
116422, 3820, 1, 0, 0
116522, 3810, 1, 0, 0
116621, 2989, 1, 0, 0
116721, 3800, 1, 0, 0
116821, 3830, 1, 0, 0
116922, 3030, 1, 0, 0
117022, 3830, 1, 0, 0
117122, 3800, 1, 0, 0
117222, 2910, 1, 0, 0
117322, 3810, 1, 0, 0
117422, 3770, 1, 0, 0
117522, 2930, 1, 0, 0
117621, 3787, 1, 0, 0
117721, 3810, 1, 0, 0
117821, 2840, 1, 0, 0
117921, 3760, 1, 0, 0
118021, 3790, 1, 0, 0
118122, 2940, 1, 0, 0
118222, 3770, 1, 0, 0
118322, 3760, 1, 0, 0
118422, 2830, 1, 0, 0
118522, 3690, 1, 0, 0
118622, 3770, 1, 0, 0
118722, 2830, 1, 0, 0
118822, 3720, 1, 0, 0
118922, 3700, 1, 0, 0
119022, 3100, 1, 0, 0
119121, 3737, 1, 0, 0
119221, 3440, 1, 0, 0
119322, 3280, 1, 0, 0
119422, 3790, 1, 0, 0
119522, 3170, 1, 0, 0
119622, 3500, 1, 0, 0
119722, 3760, 1, 0, 0
119822, 2980, 1, 0, 0
119922, 3730, 1, 0, 0
120022, 3760, 1, 0, 0
120122, 2878, 1, 0, 0
120222, 3770, 1, 0, 0
120322, 3770, 1, 0, 0
120422, 2890, 1, 0, 0
120522, 3780, 1, 0, 0
120622, 3780, 1, 0, 0
120722, 2920, 1, 0, 0
120822, 3790, 1, 0, 0
120922, 3790, 1, 0, 0
121022, 2870, 1, 0, 0
121121, 3787, 1, 0, 0
121221, 3790, 1, 0, 0
121321, 2900, 1, 0, 0
121421, 3790, 1, 0, 0
121521, 3820, 1, 0, 0
121622, 2010, 1, 0, 0
121722, 3850, 1, 0, 0
121822, 3870, 1, 0, 0
121922, 2200, 1, 0, 0
122022, 3610, 1, 0, 0
122121, 3888, 1, 0, 0
122221, 2910, 1, 0, 0
122322, 3820, 1, 0, 0
122422, 3870, 1, 0, 0
122522, 2870, 1, 0, 0
122622, 3810, 1, 0, 0
122722, 3860, 1, 0, 0
122822, 2970, 1, 0, 0
122923, 3820, 1, 0, 0
123023, 3870, 1, 0, 0
123122, 2919, 1, 0, 0
123222, 3830, 1, 0, 0
123322, 3840, 1, 0, 0
123422, 2850, 1, 0, 0
123522, 3870, 1, 0, 0
123622, 3828, 1, 0, 0
123722, 2920, 1, 0, 0
123822, 3870, 1, 0, 0
123922, 3820, 1, 0, 0
124022, 3020, 1, 0, 0
124121, 3878, 1, 0, 0
124221, 3830, 1, 0, 0
124321, 2290, 1, 0, 0
124421, 3860, 1, 0, 0
124521, 3810, 1, 0, 0
124622, 2910, 1, 0, 0
124722, 3850, 1, 0, 0
124822, 3820, 1, 0, 0
124922, 2940, 1, 0, 0
125022, 3870, 1, 0, 0
125122, 3660, 1, 0, 0
125222, 3090, 1, 0, 0
125322, 3870, 1, 0, 0
125422, 3280, 1, 0, 0
125522, 3550, 1, 0, 0
125621, 3868, 1, 0, 0
125721, 2890, 1, 0, 0
125821, 3840, 1, 0, 0
125922, 3860, 1, 0, 0
126022, 2870, 1, 0, 0
126122, 3840, 1, 0, 0
126222, 3870, 1, 0, 0
126322, 2860, 1, 0, 0
126422, 3790, 1, 0, 0
126522, 3870, 1, 0, 0
126622, 3000, 1, 0, 0
126722, 3840, 1, 0, 0
126822, 3870, 1, 0, 0
126922, 2900, 1, 0, 0
127022, 3810, 1, 0, 0
127121, 3848, 1, 0, 0
127221, 2890, 1, 0, 0
127322, 3830, 1, 0, 0
127422, 3860, 1, 0, 0
127522, 2970, 1, 0, 0
127622, 3780, 1, 0, 0
127722, 3870, 1, 0, 0
127822, 2270, 1, 0, 0
127922, 3830, 1, 0, 0
128022, 3860, 1, 0, 0
128121, 2929, 1, 0, 0
128221, 3820, 1, 0, 0
128321, 3870, 1, 0, 0
128421, 2960, 1, 0, 0
128521, 3800, 1, 0, 0
128622, 3830, 1, 0, 0
128722, 2240, 1, 0, 0
128822, 3830, 1, 0, 0
128922, 3700, 1, 0, 0
129022, 3070, 1, 0, 0
129122, 3830, 1, 0, 0
129222, 3810, 1, 0, 0
129322, 2840, 1, 0, 0
129422, 3870, 1, 0, 0
129522, 3530, 1, 0, 0
129621, 3050, 1, 0, 0
129721, 3850, 1, 0, 0
129821, 3370, 1, 0, 0
129922, 3330, 1, 0, 0
130022, 3880, 1, 0, 0
130122, 3030, 1, 0, 0
130222, 3820, 1, 0, 0
130322, 3830, 1, 0, 0
130422, 2590, 1, 0, 0
130522, 3710, 1, 0, 0
130622, 3830, 1, 0, 0
130722, 2850, 1, 0, 0
130822, 3790, 1, 0, 0
130922, 3860, 1, 0, 0
131022, 2880, 1, 0, 0
131121, 3777, 1, 0, 0
131221, 3880, 1, 0, 0
131321, 2190, 1, 0, 0
131422, 3850, 1, 0, 0
131522, 3850, 1, 0, 0
131622, 2960, 1, 0, 0
131722, 3810, 1, 0, 0
131822, 3820, 1, 0, 0
131922, 2850, 1, 0, 0
132022, 3830, 1, 0, 0
132121, 3818, 1, 0, 0
132221, 2910, 1, 0, 0
132321, 3850, 1, 0, 0
132421, 3810, 1, 0, 0
132521, 2920, 1, 0, 0
132621, 3830, 1, 0, 0
132721, 3800, 1, 0, 0
132822, 2840, 1, 0, 0
132922, 3860, 1, 0, 0
133022, 3810, 1, 0, 0
133122, 2950, 1, 0, 0
133222, 3890, 1, 0, 0
133322, 3870, 1, 0, 0
133422, 3110, 1, 0, 0
133522, 3880, 1, 0, 0
133621, 3868, 1, 0, 0
133721, 3070, 1, 0, 0
133821, 3870, 1, 0, 0
133921, 3300, 1, 0, 0
134021, 3410, 1, 0, 0
134122, 3790, 1, 0, 0
134222, 3040, 1, 0, 0
134322, 3670, 1, 0, 0
134422, 3800, 1, 0, 0
134522, 2980, 1, 0, 0
134622, 3840, 1, 0, 0
134722, 3860, 1, 0, 0
134822, 2330, 1, 0, 0
134922, 3590, 1, 0, 0
135022, 3870, 1, 0, 0
135121, 2808, 1, 0, 0
135221, 3450, 1, 0, 0
135321, 3870, 1, 0, 0
135421, 2920, 1, 0, 0
135522, 3840, 1, 0, 0
135622, 3880, 1, 0, 0
135722, 2910, 1, 0, 0
135822, 3790, 1, 0, 0
135922, 3870, 1, 0, 0
136022, 2870, 1, 0, 0
136122, 3800, 1, 0, 0
136222, 3850, 1, 0, 0
136322, 2880, 1, 0, 0
136422, 3760, 1, 0, 0
136522, 3820, 1, 0, 0
136621, 2888, 1, 0, 0
136721, 3800, 1, 0, 0
136821, 3850, 1, 0, 0
136922, 2910, 1, 0, 0
137022, 3800, 1, 0, 0
137122, 3830, 1, 0, 0
137222, 2930, 1, 0, 0
137322, 3830, 1, 0, 0
137422, 3870, 1, 0, 0
137522, 2920, 1, 0, 0
137622, 3800, 1, 0, 0
137722, 3870, 1, 0, 0
137822, 2300, 1, 0, 0
137922, 3810, 1, 0, 0
138023, 3820, 1, 0, 0
138122, 2787, 1, 0, 0
138222, 3800, 1, 0, 0
138322, 3800, 1, 0, 0
138422, 2240, 1, 0, 0
138522, 3830, 1, 0, 0
138621, 3818, 1, 0, 0
138722, 2880, 1, 0, 0
138822, 3820, 1, 0, 0
138922, 3790, 1, 0, 0
139022, 2810, 1, 0, 0
139121, 3848, 1, 0, 0
139221, 3820, 1, 0, 0
139321, 2880, 1, 0, 0
139421, 3890, 1, 0, 0
139521, 3820, 1, 0, 0
139622, 2920, 1, 0, 0
139722, 3880, 1, 0, 0
139822, 3600, 1, 0, 0
139922, 3110, 1, 0, 0
140022, 3880, 1, 0, 0
140122, 3250, 1, 0, 0
140222, 3450, 1, 0, 0
140322, 3860, 1, 0, 0
140422, 2930, 1, 0, 0
140522, 3750, 1, 0, 0
140621, 3858, 1, 0, 0
140721, 2930, 1, 0, 0
140821, 3820, 1, 0, 0
140922, 3870, 1, 0, 0
141022, 2970, 1, 0, 0
141122, 3840, 1, 0, 0
141222, 3870, 1, 0, 0
141322, 2940, 1, 0, 0
141422, 3820, 1, 0, 0
141522, 3880, 1, 0, 0
141621, 2909, 1, 0, 0
141721, 3850, 1, 0, 0
141821, 3890, 1, 0, 0
141921, 3070, 1, 0, 0
142021, 3850, 1, 0, 0
142122, 3870, 1, 0, 0
142222, 2960, 1, 0, 0
142322, 3800, 1, 0, 0
142422, 3890, 1, 0, 0
142522, 2890, 1, 0, 0
142622, 3830, 1, 0, 0
142722, 3630, 1, 0, 0
142822, 2480, 1, 0, 0
142922, 3810, 1, 0, 0
143022, 3870, 1, 0, 0
143121, 2303, 1, 0, 0
143221, 3850, 1, 0, 0
143321, 3840, 1, 0, 0
143422, 2810, 1, 0, 0
143522, 3840, 1, 0, 0
143622, 3790, 1, 0, 0
143722, 2860, 1, 0, 0
143822, 3880, 1, 0, 0
143922, 3650, 1, 0, 0
144022, 3010, 1, 0, 0
144122, 3610, 1, 0, 0
144222, 3620, 1, 0, 0
144322, 3130, 1, 0, 0
144422, 3850, 1, 0, 0
144522, 3260, 1, 0, 0
144621, 3444, 1, 0, 0
144721, 3870, 1, 0, 0
144821, 2960, 1, 0, 0
144922, 3680, 1, 0, 0
145022, 3850, 1, 0, 0
145122, 2910, 1, 0, 0
145222, 3820, 1, 0, 0
145322, 3880, 1, 0, 0
145422, 2940, 1, 0, 0
145522, 3850, 1, 0, 0
145621, 3878, 1, 0, 0
145721, 2860, 1, 0, 0
145821, 3790, 1, 0, 0
145921, 3880, 1, 0, 0
146021, 2910, 1, 0, 0
146122, 3830, 1, 0, 0
146222, 3870, 1, 0, 0
146322, 2940, 1, 0, 0
146422, 3850, 1, 0, 0
146522, 3870, 1, 0, 0
146622, 3020, 1, 0, 0
146722, 3880, 1, 0, 0
146822, 3850, 1, 0, 0
146922, 3070, 1, 0, 0
147022, 3860, 1, 0, 0
147121, 3707, 1, 0, 0
147221, 3080, 1, 0, 0
147321, 3820, 1, 0, 0
147422, 3340, 1, 0, 0
147522, 3440, 1, 0, 0
147622, 3840, 1, 0, 0
147722, 2960, 1, 0, 0
147822, 3750, 1, 0, 0
147922, 3800, 1, 0, 0
148022, 2900, 1, 0, 0
148122, 3840, 1, 0, 0
148222, 3830, 1, 0, 0
148322, 2970, 1, 0, 0
148422, 3840, 1, 0, 0
148522, 3830, 1, 0, 0
148621, 2919, 1, 0, 0
148721, 3820, 1, 0, 0
148822, 3820, 1, 0, 0
148922, 2910, 1, 0, 0
149022, 3830, 1, 0, 0
149122, 3820, 1, 0, 0
149222, 2910, 1, 0, 0
149322, 3820, 1, 0, 0
149422, 3840, 1, 0, 0
149522, 1810, 1, 0, 0
149621, 3828, 1, 0, 0
149721, 3800, 1, 0, 0
149822, 2930, 1, 0, 0
149922, 3780, 1, 0, 0
150022, 3810, 1, 0, 0
150122, 2838, 1, 0, 0
150222, 3770, 1, 0, 0
150322, 3790, 1, 0, 0
150422, 2880, 1, 0, 0
150522, 3820, 1, 0, 0
150622, 3797, 1, 0, 0
150722, 2200, 1, 0, 0
150822, 3810, 1, 0, 0
150922, 3850, 1, 0, 0
151022, 2840, 1, 0, 0
151122, 3780, 1, 0, 0
151222, 3880, 1, 0, 0
151322, 2970, 1, 0, 0
151422, 3870, 1, 0, 0
151522, 3860, 1, 0, 0
151621, 2888, 1, 0, 0
151721, 3860, 1, 0, 0
151821, 3860, 1, 0, 0
151922, 3110, 1, 0, 0
152022, 3880, 1, 0, 0
152122, 3800, 1, 0, 0
152222, 3060, 1, 0, 0
152322, 3840, 1, 0, 0
152422, 3340, 1, 0, 0
152522, 3410, 1, 0, 0
152622, 3860, 1, 0, 0
152722, 2980, 1, 0, 0
152822, 3870, 1, 0, 0
152922, 3850, 1, 0, 0
153022, 2960, 1, 0, 0
153121, 3808, 1, 0, 0
153222, 3810, 1, 0, 0
153322, 2870, 1, 0, 0
153422, 3840, 1, 0, 0
153522, 3790, 1, 0, 0
153622, 2840, 1, 0, 0
153722, 3810, 1, 0, 0
153822, 3790, 1, 0, 0
153922, 2880, 1, 0, 0
154022, 3820, 1, 0, 0
154121, 3777, 1, 0, 0
154221, 2900, 1, 0, 0
154321, 3770, 1, 0, 0
154421, 3840, 1, 0, 0
154521, 2120, 1, 0, 0
154622, 3820, 1, 0, 0
154722, 3840, 1, 0, 0
154822, 3020, 1, 0, 0
154922, 3820, 1, 0, 0
155022, 3820, 1, 0, 0
155122, 3000, 1, 0, 0
155222, 3870, 1, 0, 0
155322, 3830, 1, 0, 0
155422, 2920, 1, 0, 0
155522, 3800, 1, 0, 0
155621, 3838, 1, 0, 0
155721, 2920, 1, 0, 0
155821, 3780, 1, 0, 0
155922, 3870, 1, 0, 0
156022, 2190, 1, 0, 0
156122, 3860, 1, 0, 0
156222, 3850, 1, 0, 0
156322, 2920, 1, 0, 0
156422, 3850, 1, 0, 0
156522, 3850, 1, 0, 0
156621, 3090, 1, 0, 0
156721, 3860, 1, 0, 0
156821, 3530, 1, 0, 0
156921, 3160, 1, 0, 0
157021, 3830, 1, 0, 0
157122, 3250, 1, 0, 0
157222, 3490, 1, 0, 0
157322, 3820, 1, 0, 0
157422, 2940, 1, 0, 0
157522, 3850, 1, 0, 0
157622, 3830, 1, 0, 0
157722, 2950, 1, 0, 0
157822, 3850, 1, 0, 0
157922, 3840, 1, 0, 0
158022, 2930, 1, 0, 0
158121, 3797, 1, 0, 0
158221, 3830, 1, 0, 0
158321, 2940, 1, 0, 0
158421, 3840, 1, 0, 0
158522, 3850, 1, 0, 0
158622, 2970, 1, 0, 0
158722, 3840, 1, 0, 0
158822, 3830, 1, 0, 0
158922, 2960, 1, 0, 0
159022, 3850, 1, 0, 0
159122, 3800, 1, 0, 0
159222, 2970, 1, 0, 0
159322, 3790, 1, 0, 0
159422, 3850, 1, 0, 0
159522, 2880, 1, 0, 0
159621, 3818, 1, 0, 0
159721, 3790, 1, 0, 0
159821, 2930, 1, 0, 0
159922, 3850, 1, 0, 0
160022, 3590, 1, 0, 0
160122, 3180, 1, 0, 0
160222, 3830, 1, 0, 0
160322, 3230, 1, 0, 0
160422, 3570, 1, 0, 0
160522, 3820, 1, 0, 0
160621, 3010, 1, 0, 0
160721, 3860, 1, 0, 0
160821, 3890, 1, 0, 0
160921, 3070, 1, 0, 0
161021, 3880, 1, 0, 0
161121, 3860, 1, 0, 0
161222, 2520, 1, 0, 0
161322, 3840, 1, 0, 0
161422, 3800, 1, 0, 0
161522, 2860, 1, 0, 0
161622, 3840, 1, 0, 0
161722, 3820, 1, 0, 0
161822, 1960, 1, 0, 0
161922, 3810, 1, 0, 0
162022, 3780, 1, 0, 0
162121, 2878, 1, 0, 0
162221, 3810, 1, 0, 0
162321, 3750, 1, 0, 0
162422, 2850, 1, 0, 0
162522, 3820, 1, 0, 0
162622, 3770, 1, 0, 0
162722, 2930, 1, 0, 0
162822, 3790, 1, 0, 0
162922, 3800, 1, 0, 0
163022, 1970, 1, 0, 0
163122, 3770, 1, 0, 0
163222, 3830, 1, 0, 0
163322, 2860, 1, 0, 0
163422, 3720, 1, 0, 0
163522, 3790, 1, 0, 0
163621, 2828, 1, 0, 0
163721, 3790, 1, 0, 0
163821, 3760, 1, 0, 0
163922, 2920, 1, 0, 0
164022, 3790, 1, 0, 0
164122, 3810, 1, 0, 0
164222, 2410, 1, 0, 0
164322, 3750, 1, 0, 0
164422, 3790, 1, 0, 0
164522, 2070, 1, 0, 0
164621, 3777, 1, 0, 0
164721, 3820, 1, 0, 0
164821, 2680, 1, 0, 0
164921, 3750, 1, 0, 0
165021, 3730, 1, 0, 0
165122, 2940, 1, 0, 0
165222, 3810, 1, 0, 0
165322, 3790, 1, 0, 0
165422, 2750, 1, 0, 0
165522, 3790, 1, 0, 0
165622, 3770, 1, 0, 0
165722, 2880, 1, 0, 0
165822, 3770, 1, 0, 0
165922, 3820, 1, 0, 0
166022, 2860, 1, 0, 0
166121, 3787, 1, 0, 0
166221, 3790, 1, 0, 0
166321, 2910, 1, 0, 0
166421, 3800, 1, 0, 0
166521, 3790, 1, 0, 0
166622, 1940, 1, 0, 0
166722, 3880, 1, 0, 0
166822, 3820, 1, 0, 0
166922, 2340, 1, 0, 0
167022, 3540, 1, 0, 0
167121, 3848, 1, 0, 0
167221, 2890, 1, 0, 0
167322, 2930, 1, 0, 0
167422, 3890, 1, 0, 0
167522, 3420, 1, 0, 0
167622, 3380, 1, 0, 0
167722, 3850, 1, 0, 0
167822, 3010, 1, 0, 0
167923, 3800, 1, 0, 0
168023, 3840, 1, 0, 0
168122, 2949, 1, 0, 0
168222, 3850, 1, 0, 0
168322, 3850, 1, 0, 0
168422, 2960, 1, 0, 0
168522, 3820, 1, 0, 0
168622, 3868, 1, 0, 0
168722, 2910, 1, 0, 0
168822, 3870, 1, 0, 0
168922, 3810, 1, 0, 0
169022, 2960, 1, 0, 0
169122, 3848, 1, 0, 0
169222, 3840, 1, 0, 0
169322, 2980, 1, 0, 0
169422, 3830, 1, 0, 0
169522, 3890, 1, 0, 0
169621, 3111, 1, 0, 0
169721, 3880, 1, 0, 0
169821, 3880, 1, 0, 0
169922, 2980, 1, 0, 0
170022, 3840, 1, 0, 0
170121, 3525, 1, 0, 0
170221, 3250, 1, 0, 0
170321, 3840, 1, 0, 0
170422, 3150, 1, 0, 0
170522, 3670, 1, 0, 0
170622, 3870, 1, 0, 0
170723, 2910, 1, 0, 0
170823, 3850, 1, 0, 0
170923, 3850, 1, 0, 0
171023, 2960, 1, 0, 0
171123, 3860, 1, 0, 0
171224, 3870, 1, 0, 0
171324, 2850, 1, 0, 0
171424, 3860, 1, 0, 0
171524, 3790, 1, 0, 0
171624, 2870, 1, 0, 0
171724, 3860, 1, 0, 0
171824, 3850, 1, 0, 0
171924, 3050, 1, 0, 0
172024, 3870, 1, 0, 0
172124, 3890, 1, 0, 0
172224, 2960, 1, 0, 0
172324, 3880, 1, 0, 0
172425, 3840, 1, 0, 0
172525, 2920, 1, 0, 0
172625, 3840, 1, 0, 0
172725, 3750, 1, 0, 0
172825, 3000, 1, 0, 0
172925, 3840, 1, 0, 0
173025, 3400, 1, 0, 0
173125, 3340, 1, 0, 0
173225, 3830, 1, 0, 0
173325, 3070, 1, 0, 0
173425, 3760, 1, 0, 0
173525, 3830, 1, 0, 0
173625, 2840, 1, 0, 0
173725, 3800, 1, 0, 0
173826, 3840, 1, 0, 0
173926, 2830, 1, 0, 0
174026, 3810, 1, 0, 0
174126, 3860, 1, 0, 0
174226, 2950, 1, 0, 0
174326, 3840, 1, 0, 0
174426, 3880, 1, 0, 0
174526, 2940, 1, 0, 0
174627, 3840, 1, 0, 0
174727, 3870, 1, 0, 0
174827, 2870, 1, 0, 0
174927, 3860, 1, 0, 0
175027, 3680, 1, 0, 0
175127, 3050, 1, 0, 0
175227, 3860, 1, 0, 0
175327, 3870, 1, 0, 0
175427, 2850, 1, 0, 0
175528, 3850, 1, 0, 0
175628, 3840, 1, 0, 0
175728, 2940, 1, 0, 0
175828, 3840, 1, 0, 0
175928, 3760, 1, 0, 0
176028, 3040, 1, 0, 0
176128, 3820, 1, 0, 0
176229, 3380, 1, 0, 0
176329, 3390, 1, 0, 0
176429, 3830, 1, 0, 0
176529, 3020, 1, 0, 0
176629, 3810, 1, 0, 0
176729, 3880, 1, 0, 0
176829, 3090, 1, 0, 0
176929, 3860, 1, 0, 0
177029, 3810, 1, 0, 0
177129, 2910, 1, 0, 0
177229, 3780, 1, 0, 0
177329, 3840, 1, 0, 0
177430, 2410, 1, 0, 0
177530, 3830, 1, 0, 0
177630, 3850, 1, 0, 0
177730, 2940, 1, 0, 0
177830, 3800, 1, 0, 0
177930, 3860, 1, 0, 0
178030, 2940, 1, 0, 0
178130, 3860, 1, 0, 0
178230, 3830, 1, 0, 0
178330, 2480, 1, 0, 0
178430, 3830, 1, 0, 0
178530, 3820, 1, 0, 0
178631, 2930, 1, 0, 0
178731, 3850, 1, 0, 0
178831, 3840, 1, 0, 0
178931, 2970, 1, 0, 0
179031, 3840, 1, 0, 0
179131, 3820, 1, 0, 0
179231, 3030, 1, 0, 0
179331, 3850, 1, 0, 0
179431, 3840, 1, 0, 0
179531, 2230, 1, 0, 0
179631, 3820, 1, 0, 0
179731, 3850, 1, 0, 0
179831, 2840, 1, 0, 0
179932, 3820, 1, 0, 0
