100, 386082, 1, 0, 0
200, 387569, 1, 0, 0
300, 388030, 1, 0, 0
594, 386192, 1, 0, 0
600, 374965, 1, 0, 0
700, 288717, 1, 0, 0
800, 288029, 1, 0, 0
917, 288239, 1, 0, 0
1001, 272569, 1, 0, 0
1100, 269635, 1, 0, 0
1240, 262913, 1, 0, 0
1300, 271228, 1, 0, 0
1400, 264109, 1, 0, 0
1500, 262743, 1, 0, 0
1600, 268028, 1, 0, 0
1700, 263036, 1, 0, 0
1800, 261066, 1, 0, 0
1900, 261566, 1, 0, 0
2000, 267133, 1, 0, 0
2100, 260275, 1, 0, 0
2200, 263324, 1, 0, 0
2300, 268601, 1, 0, 0
2400, 262293, 1, 0, 0
2500, 261371, 1, 0, 0
2600, 265039, 1, 0, 0
2719, 261173, 1, 0, 0
2800, 260545, 1, 0, 0
2900, 266882, 1, 0, 0
3029, 260923, 1, 0, 0
3100, 260437, 1, 0, 0
3200, 266008, 1, 0, 0
3324, 260838, 1, 0, 0
3400, 261238, 1, 0, 0
3500, 265032, 1, 0, 0
3619, 262854, 1, 0, 0
3700, 260627, 1, 0, 0
3800, 261409, 1, 0, 0
3925, 267235, 1, 0, 0
4000, 260610, 1, 0, 0
4100, 260606, 1, 0, 0
4220, 266049, 1, 0, 0
4300, 260582, 1, 0, 0
4400, 261123, 1, 0, 0
4514, 267174, 1, 0, 0
4600, 260748, 1, 0, 0
4700, 260666, 1, 0, 0
4809, 268836, 1, 0, 0
4900, 263400, 1, 0, 0
5000, 260689, 1, 0, 0
5103, 264440, 1, 0, 0
5200, 267834, 1, 0, 0
5300, 260804, 1, 0, 0
5400, 261619, 1, 0, 0
5500, 266825, 1, 0, 0
5600, 260351, 1, 0, 0
5700, 261366, 1, 0, 0
5800, 264386, 1, 0, 0
5900, 261336, 1, 0, 0
6000, 261097, 1, 0, 0
6100, 267697, 1, 0, 0
6200, 260959, 1, 0, 0
6301, 260979, 1, 0, 0
6400, 260980, 1, 0, 0
6500, 258609, 1, 0, 0
6611, 257325, 1, 0, 0
6700, 257202, 1, 0, 0
6800, 262873, 1, 0, 0
6901, 257151, 1, 0, 0
7000, 257855, 1, 0, 0
7100, 262979, 1, 0, 0
7200, 257268, 1, 0, 0
7300, 257629, 1, 0, 0
7400, 261843, 1, 0, 0
7500, 257470, 1, 0, 0
7600, 257779, 1, 0, 0
7700, 262959, 1, 0, 0
7800, 257814, 1, 0, 0
7900, 257468, 1, 0, 0
8000, 262202, 1, 0, 0
8100, 257405, 1, 0, 0
8200, 257566, 1, 0, 0
8300, 263093, 1, 0, 0
8400, 257257, 1, 0, 0
8500, 257623, 1, 0, 0
8600, 261369, 1, 0, 0
8700, 257101, 1, 0, 0
8800, 257276, 1, 0, 0
8900, 262450, 1, 0, 0
9000, 260889, 1, 0, 0
9100, 258133, 1, 0, 0
9200, 259689, 1, 0, 0
9300, 266027, 1, 0, 0
9400, 257281, 1, 0, 0
9517, 257871, 1, 0, 0
9600, 264338, 1, 0, 0
9700, 257495, 1, 0, 0
9807, 257401, 1, 0, 0
9900, 262051, 1, 0, 0
10000, 257792, 1, 0, 0
10117, 257682, 1, 0, 0
10200, 264791, 1, 0, 0
10300, 261927, 1, 0, 0
10412, 260646, 1, 0, 0
10500, 263228, 1, 0, 0
10600, 265333, 1, 0, 0
10725, 260880, 1, 0, 0
10800, 260186, 1, 0, 0
10900, 266388, 1, 0, 0
11021, 260459, 1, 0, 0
11100, 261007, 1, 0, 0
11200, 268795, 1, 0, 0
11315, 261069, 1, 0, 0
11400, 259943, 1, 0, 0
11500, 265915, 1, 0, 0
11609, 261348, 1, 0, 0
11700, 260823, 1, 0, 0
11800, 265660, 1, 0, 0
11916, 260634, 1, 0, 0
12000, 260824, 1, 0, 0
12100, 261559, 1, 0, 0
12210, 265272, 1, 0, 0
12300, 262391, 1, 0, 0
12400, 261505, 1, 0, 0
12505, 268125, 1, 0, 0
12600, 261185, 1, 0, 0
12700, 260924, 1, 0, 0
12800, 267082, 1, 0, 0
12900, 262457, 1, 0, 0
13000, 261772, 1, 0, 0
13105, 271714, 1, 0, 0
13200, 264971, 1, 0, 0
13300, 262369, 1, 0, 0
13427, 266112, 1, 0, 0
13500, 264240, 1, 0, 0
13600, 257670, 1, 0, 0
13717, 258264, 1, 0, 0
13800, 263062, 1, 0, 0
13900, 258280, 1, 0, 0
14006, 257288, 1, 0, 0
14100, 263134, 1, 0, 0
14200, 257594, 1, 0, 0
14320, 258151, 1, 0, 0
14400, 265525, 1, 0, 0
14500, 259532, 1, 0, 0
14633, 257554, 1, 0, 0
14700, 257410, 1, 0, 0
14800, 263660, 1, 0, 0
14900, 257969, 1, 0, 0
15000, 259166, 1, 0, 0
15100, 262425, 1, 0, 0
15214, 257896, 1, 0, 0
15300, 257039, 1, 0, 0
15400, 260929, 1, 0, 0
15504, 257215, 1, 0, 0
15600, 257297, 1, 0, 0
15700, 263128, 1, 0, 0
15810, 257248, 1, 0, 0
15900, 261294, 1, 0, 0
16000, 266628, 1, 0, 0
16104, 260418, 1, 0, 0
16200, 261349, 1, 0, 0
16300, 265287, 1, 0, 0
16400, 261662, 1, 0, 0
16500, 260775, 1, 0, 0
16600, 264714, 1, 0, 0
16700, 265789, 1, 0, 0
16800, 260951, 1, 0, 0
16900, 260792, 1, 0, 0
17000, 270240, 1, 0, 0
17100, 260925, 1, 0, 0
17200, 260845, 1, 0, 0
17300, 270887, 1, 0, 0
17400, 261060, 1, 0, 0
17500, 260750, 1, 0, 0
17600, 267201, 1, 0, 0
17700, 264199, 1, 0, 0
17800, 260181, 1, 0, 0
17905, 262636, 1, 0, 0
18000, 264916, 1, 0, 0
18100, 260610, 1, 0, 0
18200, 261622, 1, 0, 0
18300, 266291, 1, 0, 0
18400, 260060, 1, 0, 0
18500, 260710, 1, 0, 0
18600, 265431, 1, 0, 0
18700, 260806, 1, 0, 0
18806, 260196, 1, 0, 0
18900, 264257, 1, 0, 0
19000, 262470, 1, 0, 0
19101, 260997, 1, 0, 0
19200, 263106, 1, 0, 0
19300, 266422, 1, 0, 0
19400, 260634, 1, 0, 0
19500, 260710, 1, 0, 0
19600, 265716, 1, 0, 0
19708, 265160, 1, 0, 0
19800, 261172, 1, 0, 0
19900, 266790, 1, 0, 0
20003, 261150, 1, 0, 0
20100, 260981, 1, 0, 0
20200, 267392, 1, 0, 0
20300, 261596, 1, 0, 0
20400, 261074, 1, 0, 0
20500, 267083, 1, 0, 0
20600, 261019, 1, 0, 0
20700, 260900, 1, 0, 0
20800, 264194, 1, 0, 0
20900, 263892, 1, 0, 0
21000, 261386, 1, 0, 0
21100, 260909, 1, 0, 0
21200, 270362, 1, 0, 0
21300, 263612, 1, 0, 0
21400, 259951, 1, 0, 0
21500, 271559, 1, 0, 0
21600, 260746, 1, 0, 0
21700, 263561, 1, 0, 0
21800, 270876, 1, 0, 0
21900, 262339, 1, 0, 0
22000, 263761, 1, 0, 0
22100, 268552, 1, 0, 0
22200, 263710, 1, 0, 0
22300, 260487, 1, 0, 0
22400, 262291, 1, 0, 0
22500, 262455, 1, 0, 0
22600, 264201, 1, 0, 0
22700, 262936, 1, 0, 0
22800, 268201, 1, 0, 0
22900, 262013, 1, 0, 0
23000, 262200, 1, 0, 0
23100, 268229, 1, 0, 0
23200, 264322, 1, 0, 0
23300, 260452, 1, 0, 0
23400, 267985, 1, 0, 0
23500, 260531, 1, 0, 0
23600, 261309, 1, 0, 0
23700, 264238, 1, 0, 0
23800, 263306, 1, 0, 0
23900, 261110, 1, 0, 0
24000, 260531, 1, 0, 0
24100, 265385, 1, 0, 0
24200, 261833, 1, 0, 0
24300, 260738, 1, 0, 0
24400, 266479, 1, 0, 0
24500, 261406, 1, 0, 0
24600, 261487, 1, 0, 0
24700, 267251, 1, 0, 0
24800, 260940, 1, 0, 0
24900, 261857, 1, 0, 0
25000, 267295, 1, 0, 0
25100, 261387, 1, 0, 0
25200, 261638, 1, 0, 0
25300, 266336, 1, 0, 0
25400, 260940, 1, 0, 0
25500, 260975, 1, 0, 0
25600, 264796, 1, 0, 0
25700, 267330, 1, 0, 0
25800, 262020, 1, 0, 0
25900, 261272, 1, 0, 0
26000, 269541, 1, 0, 0
26100, 261462, 1, 0, 0
26200, 261478, 1, 0, 0
26300, 265667, 1, 0, 0
26400, 265394, 1, 0, 0
26500, 260517, 1, 0, 0
26600, 262775, 1, 0, 0
26700, 266309, 1, 0, 0
26800, 261411, 1, 0, 0
26900, 264494, 1, 0, 0
27000, 267424, 1, 0, 0
27100, 260771, 1, 0, 0
27200, 261587, 1, 0, 0
27300, 267119, 1, 0, 0
27400, 260850, 1, 0, 0
27500, 261111, 1, 0, 0
27600, 266004, 1, 0, 0
27700, 260869, 1, 0, 0
27800, 261294, 1, 0, 0
27900, 267874, 1, 0, 0
28000, 261046, 1, 0, 0
28100, 260950, 1, 0, 0
28200, 266823, 1, 0, 0
28300, 260095, 1, 0, 0
28400, 260265, 1, 0, 0
28500, 264456, 1, 0, 0
28600, 262186, 1, 0, 0
28700, 260044, 1, 0, 0
28800, 261177, 1, 0, 0
28900, 264415, 1, 0, 0
29000, 260536, 1, 0, 0
29100, 260654, 1, 0, 0
29200, 266728, 1, 0, 0
29300, 261318, 1, 0, 0
29400, 260859, 1, 0, 0
29522, 267272, 1, 0, 0
29600, 260623, 1, 0, 0
29700, 261162, 1, 0, 0
29816, 266762, 1, 0, 0
29900, 263244, 1, 0, 0
30000, 262419, 1, 0, 0
30111, 266353, 1, 0, 0
30200, 265111, 1, 0, 0
30300, 261007, 1, 0, 0
30406, 262807, 1, 0, 0
30500, 266575, 1, 0, 0
30600, 261833, 1, 0, 0
30700, 264308, 1, 0, 0
30800, 267669, 1, 0, 0
30900, 262245, 1, 0, 0
31000, 260779, 1, 0, 0
31100, 265565, 1, 0, 0
31200, 264438, 1, 0, 0
31300, 268158, 1, 0, 0
31400, 267586, 1, 0, 0
31500, 264199, 1, 0, 0
31600, 263079, 1, 0, 0
31700, 270220, 1, 0, 0
31800, 263978, 1, 0, 0
31900, 263522, 1, 0, 0
32000, 265741, 1, 0, 0
32100, 265114, 1, 0, 0
32200, 261463, 1, 0, 0
32300, 262499, 1, 0, 0
32400, 265254, 1, 0, 0
32500, 261657, 1, 0, 0
32600, 261399, 1, 0, 0
32700, 265355, 1, 0, 0
32805, 261753, 1, 0, 0
32900, 260539, 1, 0, 0
33000, 267338, 1, 0, 0
33100, 261578, 1, 0, 0
33200, 261014, 1, 0, 0
33300, 268836, 1, 0, 0
33409, 263081, 1, 0, 0
33500, 260775, 1, 0, 0
33600, 264480, 1, 0, 0
33703, 265029, 1, 0, 0
33800, 263949, 1, 0, 0
33900, 262247, 1, 0, 0
34000, 268475, 1, 0, 0
34100, 260738, 1, 0, 0
34200, 262950, 1, 0, 0
34300, 269206, 1, 0, 0
34400, 261110, 1, 0, 0
34500, 261018, 1, 0, 0
34600, 274441, 1, 0, 0
34700, 262992, 1, 0, 0
34800, 261116, 1, 0, 0
34900, 262682, 1, 0, 0
35000, 264320, 1, 0, 0
35100, 260795, 1, 0, 0
35201, 263394, 1, 0, 0
35300, 264102, 1, 0, 0
35400, 262687, 1, 0, 0
35500, 261416, 1, 0, 0
35600, 265382, 1, 0, 0
35700, 260632, 1, 0, 0
35800, 263379, 1, 0, 0
35900, 265426, 1, 0, 0
36000, 260998, 1, 0, 0
36100, 261193, 1, 0, 0
36200, 267327, 1, 0, 0
36300, 260908, 1, 0, 0
36400, 262435, 1, 0, 0
36500, 267747, 1, 0, 0
36600, 264298, 1, 0, 0
36700, 263092, 1, 0, 0
36800, 267377, 1, 0, 0
36900, 262291, 1, 0, 0
37000, 264056, 1, 0, 0
37100, 262657, 1, 0, 0
37200, 265872, 1, 0, 0
37300, 260734, 1, 0, 0
37400, 261741, 1, 0, 0
37500, 267471, 1, 0, 0
37600, 260990, 1, 0, 0
37700, 261589, 1, 0, 0
37800, 269171, 1, 0, 0
37900, 261774, 1, 0, 0
38000, 261438, 1, 0, 0
38100, 266693, 1, 0, 0
38200, 261123, 1, 0, 0
38300, 261922, 1, 0, 0
38400, 265487, 1, 0, 0
38500, 260645, 1, 0, 0
38600, 260662, 1, 0, 0
38700, 265144, 1, 0, 0
38800, 264532, 1, 0, 0
38900, 260355, 1, 0, 0
39000, 261297, 1, 0, 0
39100, 266692, 1, 0, 0
39200, 260763, 1, 0, 0
39300, 261145, 1, 0, 0
39400, 266351, 1, 0, 0
39500, 260719, 1, 0, 0
39600, 261542, 1, 0, 0
39700, 267759, 1, 0, 0
39800, 260758, 1, 0, 0
39900, 260209, 1, 0, 0
40000, 261364, 1, 0, 0
40100, 261311, 1, 0, 0
40220, 263670, 1, 0, 0
40300, 268628, 1, 0, 0
40400, 263244, 1, 0, 0
40515, 261328, 1, 0, 0
40600, 261376, 1, 0, 0
40700, 264945, 1, 0, 0
40809, 261137, 1, 0, 0
40900, 260735, 1, 0, 0
41000, 265733, 1, 0, 0
41120, 261103, 1, 0, 0
41200, 257548, 1, 0, 0
41300, 262238, 1, 0, 0
41409, 268466, 1, 0, 0
41500, 257079, 1, 0, 0
41600, 262454, 1, 0, 0
41700, 257266, 1, 0, 0
41800, 256936, 1, 0, 0
41900, 262551, 1, 0, 0
42000, 257989, 1, 0, 0
42100, 256854, 1, 0, 0
42200, 264431, 1, 0, 0
42300, 257518, 1, 0, 0
42400, 257564, 1, 0, 0
42500, 262105, 1, 0, 0
42600, 258674, 1, 0, 0
42700, 260083, 1, 0, 0
42800, 261919, 1, 0, 0
42900, 260913, 1, 0, 0
43000, 258911, 1, 0, 0
43100, 265857, 1, 0, 0
43200, 260554, 1, 0, 0
43300, 257465, 1, 0, 0
43400, 259294, 1, 0, 0
43500, 271651, 1, 0, 0
43600, 256905, 1, 0, 0
43700, 257520, 1, 0, 0
43800, 264206, 1, 0, 0
43900, 259158, 1, 0, 0
44000, 257297, 1, 0, 0
44100, 264349, 1, 0, 0
44200, 257347, 1, 0, 0
44300, 256938, 1, 0, 0
44400, 265591, 1, 0, 0
44500, 257185, 1, 0, 0
44600, 257075, 1, 0, 0
44700, 259737, 1, 0, 0
44800, 257896, 1, 0, 0
44900, 259613, 1, 0, 0
45000, 261894, 1, 0, 0
45100, 264902, 1, 0, 0
45218, 257614, 1, 0, 0
45300, 257226, 1, 0, 0
45400, 262706, 1, 0, 0
45510, 260669, 1, 0, 0
45600, 260362, 1, 0, 0
45700, 262783, 1, 0, 0
45801, 257980, 1, 0, 0
45900, 257854, 1, 0, 0
46000, 261998, 1, 0, 0
46100, 257140, 1, 0, 0
46200, 257058, 1, 0, 0
46300, 261517, 1, 0, 0
46400, 257608, 1, 0, 0
46500, 257453, 1, 0, 0
46600, 260743, 1, 0, 0
46700, 257361, 1, 0, 0
46800, 257545, 1, 0, 0
46900, 260496, 1, 0, 0
47000, 258150, 1, 0, 0
47100, 260798, 1, 0, 0
47200, 263524, 1, 0, 0
47300, 261458, 1, 0, 0
47400, 259207, 1, 0, 0
47500, 265327, 1, 0, 0
47600, 258722, 1, 0, 0
47700, 260949, 1, 0, 0
47800, 259178, 1, 0, 0
47900, 267515, 1, 0, 0
48000, 259112, 1, 0, 0
48100, 257566, 1, 0, 0
48200, 264620, 1, 0, 0
48300, 258124, 1, 0, 0
48400, 258226, 1, 0, 0
48500, 263673, 1, 0, 0
48600, 258483, 1, 0, 0
48700, 259849, 1, 0, 0
48800, 264042, 1, 0, 0
48900, 258574, 1, 0, 0
49000, 259959, 1, 0, 0
49100, 261061, 1, 0, 0
49200, 259220, 1, 0, 0
49300, 258225, 1, 0, 0
49400, 260276, 1, 0, 0
49500, 260246, 1, 0, 0
49640, 258141, 1, 0, 0
49700, 259935, 1, 0, 0
49800, 263957, 1, 0, 0
49900, 258270, 1, 0, 0
50000, 259522, 1, 0, 0
50100, 265031, 1, 0, 0
50200, 257884, 1, 0, 0
50300, 257772, 1, 0, 0
50400, 263745, 1, 0, 0
50516, 257517, 1, 0, 0
50600, 257246, 1, 0, 0
50700, 262928, 1, 0, 0
50807, 258005, 1, 0, 0
50900, 257313, 1, 0, 0
51000, 263486, 1, 0, 0
51100, 257322, 1, 0, 0
51200, 259376, 1, 0, 0
51300, 261737, 1, 0, 0
51400, 256697, 1, 0, 0
51500, 256727, 1, 0, 0
51600, 260702, 1, 0, 0
51700, 257980, 1, 0, 0
51800, 257202, 1, 0, 0
51900, 260060, 1, 0, 0
52000, 257599, 1, 0, 0
52100, 258985, 1, 0, 0
52200, 263088, 1, 0, 0
52300, 257540, 1, 0, 0
52400, 257998, 1, 0, 0
52500, 259896, 1, 0, 0
52600, 263544, 1, 0, 0
52700, 260031, 1, 0, 0
52800, 260930, 1, 0, 0
52900, 263053, 1, 0, 0
53000, 260123, 1, 0, 0
53100, 258450, 1, 0, 0
53200, 263882, 1, 0, 0
53300, 260203, 1, 0, 0
53400, 260795, 1, 0, 0
53500, 265682, 1, 0, 0
53600, 258729, 1, 0, 0
53721, 259655, 1, 0, 0
53800, 261357, 1, 0, 0
53900, 260358, 1, 0, 0
54014, 262048, 1, 0, 0
54100, 263133, 1, 0, 0
54200, 257526, 1, 0, 0
54304, 258648, 1, 0, 0
54400, 261193, 1, 0, 0
54500, 257220, 1, 0, 0
54600, 257256, 1, 0, 0
54700, 259852, 1, 0, 0
54800, 258741, 1, 0, 0
54902, 257518, 1, 0, 0
55000, 260143, 1, 0, 0
55100, 265334, 1, 0, 0
55200, 260839, 1, 0, 0
55300, 260131, 1, 0, 0
55400, 265467, 1, 0, 0
55500, 260913, 1, 0, 0
55600, 260584, 1, 0, 0
55700, 266728, 1, 0, 0
55800, 260506, 1, 0, 0
55900, 261833, 1, 0, 0
56000, 265366, 1, 0, 0
56100, 260710, 1, 0, 0
56200, 260622, 1, 0, 0
56300, 266503, 1, 0, 0
56400, 262454, 1, 0, 0
56500, 262097, 1, 0, 0
56600, 261558, 1, 0, 0
56700, 262953, 1, 0, 0
56800, 260474, 1, 0, 0
56900, 269082, 1, 0, 0
57000, 261371, 1, 0, 0
57100, 261243, 1, 0, 0
57200, 264054, 1, 0, 0
57300, 292018, 1, 0, 0
57400, 264085, 1, 0, 0
57500, 263290, 1, 0, 0
57600, 267898, 1, 0, 0
57700, 261686, 1, 0, 0
57800, 263342, 1, 0, 0
57900, 272787, 1, 0, 0
58000, 261108, 1, 0, 0
58100, 261912, 1, 0, 0
58200, 268739, 1, 0, 0
58300, 261930, 1, 0, 0
58400, 263792, 1, 0, 0
58500, 265173, 1, 0, 0
58600, 264437, 1, 0, 0
58700, 261038, 1, 0, 0
58800, 265012, 1, 0, 0
58900, 266490, 1, 0, 0
59000, 260150, 1, 0, 0
59100, 261230, 1, 0, 0
59200, 265018, 1, 0, 0
59300, 260345, 1, 0, 0
59400, 260659, 1, 0, 0
59500, 266722, 1, 0, 0
59600, 260286, 1, 0, 0
59700, 260748, 1, 0, 0
59800, 266516, 1, 0, 0
59900, 260861, 1, 0, 0
60000, 261020, 1, 0, 0
60100, 264784, 1, 0, 0
60200, 261656, 1, 0, 0
60300, 260928, 1, 0, 0
60400, 262466, 1, 0, 0
60500, 265695, 1, 0, 0
60600, 261016, 1, 0, 0
60700, 261338, 1, 0, 0
60800, 265177, 1, 0, 0
60900, 260050, 1, 0, 0
61000, 260761, 1, 0, 0
61117, 266043, 1, 0, 0
61200, 260678, 1, 0, 0
61300, 260485, 1, 0, 0
61436, 262883, 1, 0, 0
61500, 261353, 1, 0, 0
61600, 260988, 1, 0, 0
61700, 265397, 1, 0, 0
61800, 269243, 1, 0, 0
61900, 263974, 1, 0, 0
62000, 260971, 1, 0, 0
62100, 262433, 1, 0, 0
62200, 261335, 1, 0, 0
62319, 264523, 1, 0, 0
62400, 267617, 1, 0, 0
62500, 261358, 1, 0, 0
62611, 263112, 1, 0, 0
62700, 262975, 1, 0, 0
62800, 261725, 1, 0, 0
62908, 262835, 1, 0, 0
63000, 269514, 1, 0, 0
63100, 261833, 1, 0, 0
63204, 264605, 1, 0, 0
63300, 266350, 1, 0, 0
63400, 261158, 1, 0, 0
63520, 261565, 1, 0, 0
63600, 261432, 1, 0, 0
63700, 265035, 1, 0, 0
63815, 262954, 1, 0, 0
63900, 261006, 1, 0, 0
64000, 267088, 1, 0, 0
64108, 261286, 1, 0, 0
64200, 261840, 1, 0, 0
64300, 267551, 1, 0, 0
64405, 263103, 1, 0, 0
64500, 262562, 1, 0, 0
64600, 269954, 1, 0, 0
64702, 263080, 1, 0, 0
64800, 264269, 1, 0, 0
64900, 268819, 1, 0, 0
65000, 262003, 1, 0, 0
65100, 261681, 1, 0, 0
65200, 267758, 1, 0, 0
65308, 261218, 1, 0, 0
65400, 261436, 1, 0, 0
65500, 262785, 1, 0, 0
65603, 266187, 1, 0, 0
65700, 260883, 1, 0, 0
65800, 261541, 1, 0, 0
65924, 270395, 1, 0, 0
66000, 263905, 1, 0, 0
66100, 262991, 1, 0, 0
66220, 263742, 1, 0, 0
66300, 266824, 1, 0, 0
66400, 261294, 1, 0, 0
66516, 263637, 1, 0, 0
66600, 264362, 1, 0, 0
66700, 260868, 1, 0, 0
66808, 263787, 1, 0, 0
66900, 264244, 1, 0, 0
67000, 261299, 1, 0, 0
67104, 262847, 1, 0, 0
67200, 267522, 1, 0, 0
67300, 260199, 1, 0, 0
67400, 262591, 1, 0, 0
67500, 263904, 1, 0, 0
67600, 259886, 1, 0, 0
67700, 262018, 1, 0, 0
67800, 264524, 1, 0, 0
67900, 260614, 1, 0, 0
68000, 260742, 1, 0, 0
68100, 265645, 1, 0, 0
68200, 261200, 1, 0, 0
68300, 262946, 1, 0, 0
68400, 264752, 1, 0, 0
68500, 263283, 1, 0, 0
68600, 260905, 1, 0, 0
68700, 261956, 1, 0, 0
68800, 265357, 1, 0, 0
68900, 260883, 1, 0, 0
69000, 261330, 1, 0, 0
69100, 266765, 1, 0, 0
69200, 261369, 1, 0, 0
69300, 263888, 1, 0, 0
69400, 266847, 1, 0, 0
69500, 264470, 1, 0, 0
69600, 263920, 1, 0, 0
69700, 266735, 1, 0, 0
69800, 260767, 1, 0, 0
69900, 261448, 1, 0, 0
70000, 266307, 1, 0, 0
70100, 262893, 1, 0, 0
70200, 261668, 1, 0, 0
70300, 265192, 1, 0, 0
70400, 264347, 1, 0, 0
70500, 260980, 1, 0, 0
70600, 263977, 1, 0, 0
70700, 266788, 1, 0, 0
70800, 263922, 1, 0, 0
70900, 264697, 1, 0, 0
71000, 267221, 1, 0, 0
71100, 262241, 1, 0, 0
71200, 266535, 1, 0, 0
71300, 265445, 1, 0, 0
71400, 263618, 1, 0, 0
71500, 264288, 1, 0, 0
71600, 266273, 1, 0, 0
71700, 262707, 1, 0, 0
71800, 262177, 1, 0, 0
71900, 265173, 1, 0, 0
72000, 261452, 1, 0, 0
72118, 262013, 1, 0, 0
72200, 263222, 1, 0, 0
72300, 263976, 1, 0, 0
72412, 262496, 1, 0, 0
72500, 260846, 1, 0, 0
72600, 264698, 1, 0, 0
72706, 263811, 1, 0, 0
72800, 269192, 1, 0, 0
72900, 266784, 1, 0, 0
73003, 262520, 1, 0, 0
73100, 263581, 1, 0, 0
73200, 267008, 1, 0, 0
73300, 264597, 1, 0, 0
73400, 263641, 1, 0, 0
73500, 267712, 1, 0, 0
73600, 262707, 1, 0, 0
73700, 260525, 1, 0, 0
73800, 265338, 1, 0, 0
73900, 260335, 1, 0, 0
74000, 260070, 1, 0, 0
74100, 266337, 1, 0, 0
74200, 260354, 1, 0, 0
74300, 257341, 1, 0, 0
74400, 260364, 1, 0, 0
74513, 259917, 1, 0, 0
74600, 258858, 1, 0, 0
74700, 257861, 1, 0, 0
74806, 265506, 1, 0, 0
74900, 263742, 1, 0, 0
75000, 257843, 1, 0, 0
75100, 261004, 1, 0, 0
75200, 261800, 1, 0, 0
75300, 257401, 1, 0, 0
75400, 257838, 1, 0, 0
75500, 259877, 1, 0, 0
75600, 257198, 1, 0, 0
75708, 263289, 1, 0, 0
75800, 262785, 1, 0, 0
75900, 261231, 1, 0, 0
76004, 263502, 1, 0, 0
76100, 266532, 1, 0, 0
76200, 260394, 1, 0, 0
76300, 262234, 1, 0, 0
76400, 264427, 1, 0, 0
76500, 260277, 1, 0, 0
76600, 260651, 1, 0, 0
76700, 265764, 1, 0, 0
76800, 260754, 1, 0, 0
76900, 261031, 1, 0, 0
77000, 266099, 1, 0, 0
77100, 260825, 1, 0, 0
77200, 263482, 1, 0, 0
77300, 263039, 1, 0, 0
77400, 261691, 1, 0, 0
77500, 261051, 1, 0, 0
77600, 260357, 1, 0, 0
77700, 266145, 1, 0, 0
77800, 264177, 1, 0, 0
77900, 261795, 1, 0, 0
78000, 267381, 1, 0, 0
78100, 260120, 1, 0, 0
78200, 260971, 1, 0, 0
78300, 265501, 1, 0, 0
78400, 259746, 1, 0, 0
78500, 261034, 1, 0, 0
78600, 264440, 1, 0, 0
78700, 263285, 1, 0, 0
78800, 260080, 1, 0, 0
78900, 265392, 1, 0, 0
79000, 264165, 1, 0, 0
79100, 260681, 1, 0, 0
79200, 262501, 1, 0, 0
79300, 262358, 1, 0, 0
79400, 261194, 1, 0, 0
79500, 261127, 1, 0, 0
79600, 266217, 1, 0, 0
79700, 260415, 1, 0, 0
79800, 261374, 1, 0, 0
79900, 263113, 1, 0, 0
80000, 260342, 1, 0, 0
80100, 264566, 1, 0, 0
80200, 263811, 1, 0, 0
80300, 260347, 1, 0, 0
80400, 262538, 1, 0, 0
80500, 266732, 1, 0, 0
80600, 260181, 1, 0, 0
80721, 261996, 1, 0, 0
80800, 264381, 1, 0, 0
80900, 261881, 1, 0, 0
81015, 260699, 1, 0, 0
81100, 260981, 1, 0, 0
81200, 266391, 1, 0, 0
81306, 259854, 1, 0, 0
81400, 259719, 1, 0, 0
81500, 264422, 1, 0, 0
81600, 262990, 1, 0, 0
81700, 259887, 1, 0, 0
81800, 264886, 1, 0, 0
81900, 266006, 1, 0, 0
82000, 261979, 1, 0, 0
82100, 265340, 1, 0, 0
82200, 260715, 1, 0, 0
82300, 263654, 1, 0, 0
82400, 266205, 1, 0, 0
82500, 262416, 1, 0, 0
82600, 262157, 1, 0, 0
82700, 264256, 1, 0, 0
82800, 261002, 1, 0, 0
82900, 260885, 1, 0, 0
83000, 266968, 1, 0, 0
83100, 260545, 1, 0, 0
83200, 260723, 1, 0, 0
83300, 262612, 1, 0, 0
83400, 262027, 1, 0, 0
83500, 259886, 1, 0, 0
83600, 263935, 1, 0, 0
83700, 262508, 1, 0, 0
83800, 260799, 1, 0, 0
83900, 266116, 1, 0, 0
84000, 266375, 1, 0, 0
84100, 261033, 1, 0, 0
84200, 262758, 1, 0, 0
84300, 266388, 1, 0, 0
84400, 260301, 1, 0, 0
84500, 261453, 1, 0, 0
84600, 262124, 1, 0, 0
84700, 260461, 1, 0, 0
84800, 264217, 1, 0, 0
84900, 263467, 1, 0, 0
85000, 260222, 1, 0, 0
85124, 265836, 1, 0, 0
85200, 268700, 1, 0, 0
85300, 262859, 1, 0, 0
85419, 261041, 1, 0, 0
85500, 264953, 1, 0, 0
85600, 260850, 1, 0, 0
85713, 263054, 1, 0, 0
85800, 262731, 1, 0, 0
85900, 265831, 1, 0, 0
86006, 260241, 1, 0, 0
86100, 260684, 1, 0, 0
86200, 262105, 1, 0, 0
86306, 259517, 1, 0, 0
86400, 260065, 1, 0, 0
86500, 262901, 1, 0, 0
86600, 261840, 1, 0, 0
86700, 259955, 1, 0, 0
86800, 264859, 1, 0, 0
86900, 261113, 1, 0, 0
87000, 260347, 1, 0, 0
87100, 264854, 1, 0, 0
87200, 260975, 1, 0, 0
87300, 260752, 1, 0, 0
87400, 266708, 1, 0, 0
87500, 260391, 1, 0, 0
87600, 260759, 1, 0, 0
87700, 265578, 1, 0, 0
87800, 261944, 1, 0, 0
87900, 259991, 1, 0, 0
88000, 280796, 1, 0, 0
88100, 261803, 1, 0, 0
88200, 260658, 1, 0, 0
88300, 262051, 1, 0, 0
88400, 268406, 1, 0, 0
88500, 264467, 1, 0, 0
88600, 262438, 1, 0, 0
88700, 265300, 1, 0, 0
88800, 261053, 1, 0, 0
88900, 264050, 1, 0, 0
89000, 259721, 1, 0, 0
89100, 264059, 1, 0, 0
89200, 260378, 1, 0, 0
89300, 262571, 1, 0, 0
89400, 262599, 1, 0, 0
89500, 261194, 1, 0, 0
89600, 264667, 1, 0, 0
89700, 261912, 1, 0, 0
89800, 260031, 1, 0, 0
89900, 265255, 1, 0, 0
90000, 266553, 1, 0, 0
90100, 260479, 1, 0, 0
90200, 260749, 1, 0, 0
90300, 264829, 1, 0, 0
90400, 260167, 1, 0, 0
90500, 262090, 1, 0, 0
90600, 265125, 1, 0, 0
90700, 260694, 1, 0, 0
90800, 259842, 1, 0, 0
90900, 263604, 1, 0, 0
91000, 259933, 1, 0, 0
91100, 263866, 1, 0, 0
91200, 262209, 1, 0, 0
91320, 260826, 1, 0, 0
91400, 264732, 1, 0, 0
91500, 262260, 1, 0, 0
91633, 262572, 1, 0, 0
91700, 262682, 1, 0, 0
91800, 263538, 1, 0, 0
91900, 264120, 1, 0, 0
92000, 264030, 1, 0, 0
92100, 266218, 1, 0, 0
92200, 262037, 1, 0, 0
92300, 260432, 1, 0, 0
92400, 263739, 1, 0, 0
92500, 266761, 1, 0, 0
92600, 262522, 1, 0, 0
92700, 261026, 1, 0, 0
92800, 265806, 1, 0, 0
92900, 260857, 1, 0, 0
93000, 260368, 1, 0, 0
93122, 265287, 1, 0, 0
93200, 265131, 1, 0, 0
93300, 262160, 1, 0, 0
93417, 265275, 1, 0, 0
93500, 268204, 1, 0, 0
93600, 262515, 1, 0, 0
93726, 266813, 1, 0, 0
93800, 266912, 1, 0, 0
93900, 260626, 1, 0, 0
94022, 265275, 1, 0, 0
94100, 265281, 1, 0, 0
94200, 264256, 1, 0, 0
94318, 266257, 1, 0, 0
94400, 261886, 1, 0, 0
94500, 263466, 1, 0, 0
94636, 264655, 1, 0, 0
94700, 266895, 1, 0, 0
94800, 261234, 1, 0, 0
94900, 261520, 1, 0, 0
95000, 262833, 1, 0, 0
95100, 265031, 1, 0, 0
95200, 261399, 1, 0, 0
95300, 260774, 1, 0, 0
95400, 263183, 1, 0, 0
95500, 260929, 1, 0, 0
95600, 262457, 1, 0, 0
95700, 266979, 1, 0, 0
95800, 260716, 1, 0, 0
95900, 261414, 1, 0, 0
96000, 265511, 1, 0, 0
96100, 261207, 1, 0, 0
96200, 260466, 1, 0, 0
96300, 263563, 1, 0, 0
96422, 262415, 1, 0, 0
96500, 260496, 1, 0, 0
96600, 266534, 1, 0, 0
96715, 260329, 1, 0, 0
96800, 260124, 1, 0, 0
96900, 265448, 1, 0, 0
97009, 260382, 1, 0, 0
97100, 261279, 1, 0, 0
97200, 263113, 1, 0, 0
97303, 263627, 1, 0, 0
97400, 262498, 1, 0, 0
97500, 260854, 1, 0, 0
97600, 264759, 1, 0, 0
97700, 263884, 1, 0, 0
97800, 259996, 1, 0, 0
97900, 262259, 1, 0, 0
98000, 262472, 1, 0, 0
98100, 261928, 1, 0, 0
98200, 262522, 1, 0, 0
98300, 263714, 1, 0, 0
98400, 259990, 1, 0, 0
98500, 271844, 1, 0, 0
98600, 261598, 1, 0, 0
98700, 260042, 1, 0, 0
98800, 267081, 1, 0, 0
98900, 262497, 1, 0, 0
99000, 260462, 1, 0, 0
99100, 264019, 1, 0, 0
99200, 265764, 1, 0, 0
99300, 260802, 1, 0, 0
99400, 260506, 1, 0, 0
99500, 264909, 1, 0, 0
99600, 260543, 1, 0, 0
99708, 265037, 1, 0, 0
99800, 261592, 1, 0, 0
99900, 267014, 1, 0, 0
100023, 262458, 1, 0, 0
100100, 261646, 1, 0, 0
100200, 266774, 1, 0, 0
100320, 262448, 1, 0, 0
100400, 260540, 1, 0, 0
100500, 265898, 1, 0, 0
100614, 263296, 1, 0, 0
100700, 260045, 1, 0, 0
100800, 264926, 1, 0, 0
100905, 262550, 1, 0, 0
101000, 262306, 1, 0, 0
101100, 266882, 1, 0, 0
101203, 264476, 1, 0, 0
101300, 261611, 1, 0, 0
101400, 266097, 1, 0, 0
101500, 260737, 1, 0, 0
101600, 262660, 1, 0, 0
101700, 262772, 1, 0, 0
101800, 262065, 1, 0, 0
101900, 260268, 1, 0, 0
102000, 262965, 1, 0, 0
102100, 262287, 1, 0, 0
102200, 264407, 1, 0, 0
102300, 261018, 1, 0, 0
102400, 261350, 1, 0, 0
102500, 262801, 1, 0, 0
102600, 263060, 1, 0, 0
102700, 260330, 1, 0, 0
102800, 263435, 1, 0, 0
102900, 262737, 1, 0, 0
103000, 261272, 1, 0, 0
103100, 262067, 1, 0, 0
103200, 262087, 1, 0, 0
103300, 263564, 1, 0, 0
103400, 263823, 1, 0, 0
103500, 260657, 1, 0, 0
103600, 276552, 1, 0, 0
103700, 265549, 1, 0, 0
103800, 261379, 1, 0, 0
103900, 260860, 1, 0, 0
104000, 263062, 1, 0, 0
104100, 260397, 1, 0, 0
104200, 263986, 1, 0, 0
104300, 264321, 1, 0, 0
104400, 264542, 1, 0, 0
104500, 260288, 1, 0, 0
104600, 260884, 1, 0, 0
104700, 263559, 1, 0, 0
104800, 260042, 1, 0, 0
104900, 260344, 1, 0, 0
105000, 263716, 1, 0, 0
105100, 262925, 1, 0, 0
105200, 260413, 1, 0, 0
105300, 264461, 1, 0, 0
105400, 264016, 1, 0, 0
105500, 260299, 1, 0, 0
105600, 265048, 1, 0, 0
105700, 261033, 1, 0, 0
105800, 260284, 1, 0, 0
105900, 265951, 1, 0, 0
106000, 265067, 1, 0, 0
106100, 260857, 1, 0, 0
106200, 263091, 1, 0, 0
106300, 260486, 1, 0, 0
106400, 261157, 1, 0, 0
106500, 264972, 1, 0, 0
106600, 265776, 1, 0, 0
106700, 261673, 1, 0, 0
106800, 261897, 1, 0, 0
106900, 262741, 1, 0, 0
107000, 260594, 1, 0, 0
107100, 262755, 1, 0, 0
107200, 264421, 1, 0, 0
107300, 262262, 1, 0, 0
107400, 262314, 1, 0, 0
107500, 261070, 1, 0, 0
107600, 261693, 1, 0, 0
107700, 264984, 1, 0, 0
107800, 262465, 1, 0, 0
107900, 263727, 1, 0, 0
108000, 260631, 1, 0, 0
108100, 259558, 1, 0, 0
108200, 265012, 1, 0, 0
108300, 263022, 1, 0, 0
108400, 261023, 1, 0, 0
108500, 263382, 1, 0, 0
108620, 260429, 1, 0, 0
108700, 260415, 1, 0, 0
108800, 263768, 1, 0, 0
108911, 263124, 1, 0, 0
109000, 260172, 1, 0, 0
109100, 265315, 1, 0, 0
109204, 261291, 1, 0, 0
109300, 260411, 1, 0, 0
109400, 264202, 1, 0, 0
109500, 261124, 1, 0, 0
109600, 260769, 1, 0, 0
109700, 265443, 1, 0, 0
109800, 263857, 1, 0, 0
109900, 261072, 1, 0, 0
110000, 263096, 1, 0, 0
110100, 261847, 1, 0, 0
110200, 261300, 1, 0, 0
110300, 265505, 1, 0, 0
110400, 262729, 1, 0, 0
110500, 260930, 1, 0, 0
110600, 265595, 1, 0, 0
110700, 263859, 1, 0, 0
110800, 260713, 1, 0, 0
110900, 263641, 1, 0, 0
111000, 263045, 1, 0, 0
111100, 263196, 1, 0, 0
111200, 265781, 1, 0, 0
111300, 261319, 1, 0, 0
111400, 264840, 1, 0, 0
111500, 260752, 1, 0, 0
111600, 262230, 1, 0, 0
111700, 262543, 1, 0, 0
111800, 262836, 1, 0, 0
111900, 261954, 1, 0, 0
112000, 263124, 1, 0, 0
112100, 261077, 1, 0, 0
112200, 260971, 1, 0, 0
112300, 262088, 1, 0, 0
112400, 264422, 1, 0, 0
112500, 260961, 1, 0, 0
112600, 261628, 1, 0, 0
112700, 264585, 1, 0, 0
112800, 260273, 1, 0, 0
112900, 266434, 1, 0, 0
113000, 260935, 1, 0, 0
113100, 262216, 1, 0, 0
113200, 267087, 1, 0, 0
113300, 260148, 1, 0, 0
113400, 263751, 1, 0, 0
113500, 265088, 1, 0, 0
113600, 260450, 1, 0, 0
113700, 260991, 1, 0, 0
113800, 266808, 1, 0, 0
113900, 260821, 1, 0, 0
114000, 263625, 1, 0, 0
114100, 265767, 1, 0, 0
114200, 260216, 1, 0, 0
114300, 260652, 1, 0, 0
114400, 265322, 1, 0, 0
114500, 260857, 1, 0, 0
114600, 264482, 1, 0, 0
114700, 264823, 1, 0, 0
114800, 260313, 1, 0, 0
114900, 263279, 1, 0, 0
115000, 262611, 1, 0, 0
115100, 263585, 1, 0, 0
115200, 262162, 1, 0, 0
115300, 260350, 1, 0, 0
115419, 264126, 1, 0, 0
115500, 262866, 1, 0, 0
115600, 260374, 1, 0, 0
115713, 264215, 1, 0, 0
115800, 263321, 1, 0, 0
115900, 260804, 1, 0, 0
116008, 265702, 1, 0, 0
116100, 263788, 1, 0, 0
116200, 260436, 1, 0, 0
116300, 262894, 1, 0, 0
116400, 260867, 1, 0, 0
116500, 260429, 1, 0, 0
116600, 262415, 1, 0, 0
116700, 262342, 1, 0, 0
116800, 260119, 1, 0, 0
116900, 260594, 1, 0, 0
117000, 260777, 1, 0, 0
117100, 261116, 1, 0, 0
117200, 262988, 1, 0, 0
117300, 261505, 1, 0, 0
117400, 261329, 1, 0, 0
117500, 265858, 1, 0, 0
117600, 264660, 1, 0, 0
117700, 260383, 1, 0, 0
117800, 263266, 1, 0, 0
117900, 266662, 1, 0, 0
118000, 262530, 1, 0, 0
118100, 264307, 1, 0, 0
118200, 265762, 1, 0, 0
118300, 262492, 1, 0, 0
118400, 266797, 1, 0, 0
118500, 270110, 1, 0, 0
118600, 264093, 1, 0, 0
118700, 264617, 1, 0, 0
118800, 268916, 1, 0, 0
118900, 262320, 1, 0, 0
119000, 263920, 1, 0, 0
119100, 266639, 1, 0, 0
119200, 262490, 1, 0, 0
119300, 264218, 1, 0, 0
119400, 263884, 1, 0, 0
119500, 262278, 1, 0, 0
119600, 262547, 1, 0, 0
119700, 265130, 1, 0, 0
119800, 261611, 1, 0, 0
119900, 262816, 1, 0, 0
120000, 264609, 1, 0, 0
120119, 262070, 1, 0, 0
120200, 264772, 1, 0, 0
120300, 261988, 1, 0, 0
120414, 263877, 1, 0, 0
120500, 263782, 1, 0, 0
120600, 260856, 1, 0, 0
120708, 264607, 1, 0, 0
120800, 263243, 1, 0, 0
120900, 260847, 1, 0, 0
121003, 264089, 1, 0, 0
121100, 263225, 1, 0, 0
121200, 261928, 1, 0, 0
121300, 265326, 1, 0, 0
121400, 263133, 1, 0, 0
121500, 260157, 1, 0, 0
121614, 264145, 1, 0, 0
121700, 259117, 1, 0, 0
121800, 258022, 1, 0, 0
121927, 262191, 1, 0, 0
122000, 262899, 1, 0, 0
122100, 259375, 1, 0, 0
122218, 258268, 1, 0, 0
122300, 258650, 1, 0, 0
122400, 260968, 1, 0, 0
122510, 260462, 1, 0, 0
122600, 257390, 1, 0, 0
122700, 263247, 1, 0, 0
122800, 259172, 1, 0, 0
122900, 258113, 1, 0, 0
123000, 261579, 1, 0, 0
123100, 257948, 1, 0, 0
123200, 257792, 1, 0, 0
123300, 262244, 1, 0, 0
123400, 261048, 1, 0, 0
123500, 258334, 1, 0, 0
123600, 260911, 1, 0, 0
123700, 261026, 1, 0, 0
123800, 258196, 1, 0, 0
123900, 261878, 1, 0, 0
124000, 261891, 1, 0, 0
124100, 257665, 1, 0, 0
124200, 260385, 1, 0, 0
124300, 260768, 1, 0, 0
124400, 258515, 1, 0, 0
124500, 263477, 1, 0, 0
124600, 260031, 1, 0, 0
124700, 260245, 1, 0, 0
124800, 261036, 1, 0, 0
124900, 259426, 1, 0, 0
125000, 258147, 1, 0, 0
125100, 260884, 1, 0, 0
125200, 260264, 1, 0, 0
125300, 257462, 1, 0, 0
125400, 259167, 1, 0, 0
125500, 259236, 1, 0, 0
125600, 257710, 1, 0, 0
125721, 260320, 1, 0, 0
125800, 260432, 1, 0, 0
125900, 258188, 1, 0, 0
126012, 261710, 1, 0, 0
126100, 260243, 1, 0, 0
126200, 258047, 1, 0, 0
126304, 261773, 1, 0, 0
126400, 263287, 1, 0, 0
126500, 257563, 1, 0, 0
126600, 257343, 1, 0, 0
126700, 260193, 1, 0, 0
126800, 257963, 1, 0, 0
126900, 259338, 1, 0, 0
127000, 262109, 1, 0, 0
127100, 259399, 1, 0, 0
127200, 261269, 1, 0, 0
127300, 261878, 1, 0, 0
127400, 258866, 1, 0, 0
127500, 259527, 1, 0, 0
127600, 264017, 1, 0, 0
127700, 257902, 1, 0, 0
127800, 258646, 1, 0, 0
127900, 259353, 1, 0, 0
128000, 259810, 1, 0, 0
128100, 260277, 1, 0, 0
128200, 258304, 1, 0, 0
128300, 260028, 1, 0, 0
128400, 260817, 1, 0, 0
128500, 258430, 1, 0, 0
128600, 262302, 1, 0, 0
128700, 265523, 1, 0, 0
128800, 259321, 1, 0, 0
128900, 269159, 1, 0, 0
129000, 266403, 1, 0, 0
129100, 259072, 1, 0, 0
129200, 262299, 1, 0, 0
129300, 260125, 1, 0, 0
129400, 258208, 1, 0, 0
129500, 264601, 1, 0, 0
129600, 264774, 1, 0, 0
129700, 261035, 1, 0, 0
129800, 263211, 1, 0, 0
129900, 259635, 1, 0, 0
130000, 256958, 1, 0, 0
130100, 262628, 1, 0, 0
130200, 258451, 1, 0, 0
130300, 259210, 1, 0, 0
130424, 260346, 1, 0, 0
130500, 262076, 1, 0, 0
130600, 260588, 1, 0, 0
130718, 261775, 1, 0, 0
130800, 263185, 1, 0, 0
130900, 260362, 1, 0, 0
131011, 262654, 1, 0, 0
131100, 263716, 1, 0, 0
131200, 258663, 1, 0, 0
131321, 258143, 1, 0, 0
131400, 256982, 1, 0, 0
131500, 260750, 1, 0, 0
131610, 258939, 1, 0, 0
131700, 262216, 1, 0, 0
131800, 261573, 1, 0, 0
131905, 260905, 1, 0, 0
132000, 259189, 1, 0, 0
132100, 262796, 1, 0, 0
132200, 262275, 1, 0, 0
132300, 260430, 1, 0, 0
132400, 263031, 1, 0, 0
132500, 258497, 1, 0, 0
132600, 260628, 1, 0, 0
132700, 262438, 1, 0, 0
132800, 265282, 1, 0, 0
132900, 260247, 1, 0, 0
133000, 262293, 1, 0, 0
133100, 261405, 1, 0, 0
133200, 256791, 1, 0, 0
133300, 257680, 1, 0, 0
133400, 256852, 1, 0, 0
133500, 256882, 1, 0, 0
133600, 257450, 1, 0, 0
133700, 257521, 1, 0, 0
133800, 258130, 1, 0, 0
133900, 258124, 1, 0, 0
134000, 262405, 1, 0, 0
134100, 260088, 1, 0, 0
134200, 264351, 1, 0, 0
134300, 260899, 1, 0, 0
134400, 258301, 1, 0, 0
134516, 262641, 1, 0, 0
134600, 260418, 1, 0, 0
134700, 257581, 1, 0, 0
134829, 259017, 1, 0, 0
134900, 259882, 1, 0, 0
135000, 258052, 1, 0, 0
135131, 260290, 1, 0, 0
135200, 261027, 1, 0, 0
135300, 257436, 1, 0, 0
135422, 260249, 1, 0, 0
135500, 260462, 1, 0, 0
135600, 257285, 1, 0, 0
135712, 260894, 1, 0, 0
135800, 263701, 1, 0, 0
135900, 258283, 1, 0, 0
136004, 261590, 1, 0, 0
136100, 261782, 1, 0, 0
136200, 258943, 1, 0, 0
136300, 266397, 1, 0, 0
136400, 265762, 1, 0, 0
136500, 259060, 1, 0, 0
136600, 260466, 1, 0, 0
136700, 261327, 1, 0, 0
136800, 259916, 1, 0, 0
136900, 264967, 1, 0, 0
137000, 260383, 1, 0, 0
137100, 263432, 1, 0, 0
137200, 259475, 1, 0, 0
137300, 258086, 1, 0, 0
137400, 260353, 1, 0, 0
137500, 260524, 1, 0, 0
137600, 258495, 1, 0, 0
137700, 262251, 1, 0, 0
137800, 261084, 1, 0, 0
137900, 261589, 1, 0, 0
138000, 261951, 1, 0, 0
138100, 265690, 1, 0, 0
138200, 261334, 1, 0, 0
138300, 264188, 1, 0, 0
138400, 262952, 1, 0, 0
138500, 262889, 1, 0, 0
138600, 261552, 1, 0, 0
138700, 262465, 1, 0, 0
138800, 261937, 1, 0, 0
138900, 264704, 1, 0, 0
139000, 261021, 1, 0, 0
139100, 261970, 1, 0, 0
139200, 262164, 1, 0, 0
139300, 257573, 1, 0, 0
139400, 259422, 1, 0, 0
139500, 260971, 1, 0, 0
139600, 258007, 1, 0, 0
139700, 259459, 1, 0, 0
139800, 259692, 1, 0, 0
139900, 257507, 1, 0, 0
140000, 260825, 1, 0, 0
140100, 260112, 1, 0, 0
140200, 259096, 1, 0, 0
140300, 263699, 1, 0, 0
140424, 260025, 1, 0, 0
140500, 259563, 1, 0, 0
140600, 261381, 1, 0, 0
140715, 261681, 1, 0, 0
140800, 257273, 1, 0, 0
140900, 262277, 1, 0, 0
141004, 257356, 1, 0, 0
141100, 257852, 1, 0, 0
141200, 259856, 1, 0, 0
141300, 259023, 1, 0, 0
141400, 258031, 1, 0, 0
141500, 260782, 1, 0, 0
141600, 262173, 1, 0, 0
141700, 256575, 1, 0, 0
141800, 258828, 1, 0, 0
141900, 258300, 1, 0, 0
142000, 258961, 1, 0, 0
142100, 260091, 1, 0, 0
142200, 258336, 1, 0, 0
142300, 263791, 1, 0, 0
142400, 256837, 1, 0, 0
142500, 261136, 1, 0, 0
142600, 262540, 1, 0, 0
142700, 258779, 1, 0, 0
142800, 262600, 1, 0, 0
142900, 258983, 1, 0, 0
143000, 260535, 1, 0, 0
143100, 261233, 1, 0, 0
143200, 257869, 1, 0, 0
143300, 261345, 1, 0, 0
143400, 264620, 1, 0, 0
143500, 258690, 1, 0, 0
143600, 264488, 1, 0, 0
143700, 261672, 1, 0, 0
143800, 259010, 1, 0, 0
143900, 260825, 1, 0, 0
144000, 261947, 1, 0, 0
144100, 282850, 1, 0, 0
144200, 262485, 1, 0, 0
144300, 260487, 1, 0, 0
144400, 259505, 1, 0, 0
144500, 261508, 1, 0, 0
144600, 261099, 1, 0, 0
144700, 259506, 1, 0, 0
144824, 261790, 1, 0, 0
144900, 263895, 1, 0, 0
145000, 260818, 1, 0, 0
145117, 260450, 1, 0, 0
145200, 260567, 1, 0, 0
145300, 259101, 1, 0, 0
145407, 259100, 1, 0, 0
145500, 258714, 1, 0, 0
145600, 257950, 1, 0, 0
145700, 263131, 1, 0, 0
145800, 260367, 1, 0, 0
145900, 260518, 1, 0, 0
146000, 257313, 1, 0, 0
146100, 257598, 1, 0, 0
146200, 260856, 1, 0, 0
146300, 262226, 1, 0, 0
146400, 257516, 1, 0, 0
146500, 259682, 1, 0, 0
146600, 258787, 1, 0, 0
146700, 257274, 1, 0, 0
146800, 257597, 1, 0, 0
146900, 258930, 1, 0, 0
147000, 258732, 1, 0, 0
147100, 259039, 1, 0, 0
147200, 262624, 1, 0, 0
147300, 260818, 1, 0, 0
147400, 258460, 1, 0, 0
147500, 261802, 1, 0, 0
147600, 258390, 1, 0, 0
147700, 263140, 1, 0, 0
147800, 260681, 1, 0, 0
147900, 262824, 1, 0, 0
148017, 259136, 1, 0, 0
148100, 260358, 1, 0, 0
148200, 260662, 1, 0, 0
148307, 259554, 1, 0, 0
148400, 259756, 1, 0, 0
148500, 260556, 1, 0, 0
148600, 260343, 1, 0, 0
148700, 260773, 1, 0, 0
148800, 261457, 1, 0, 0
148900, 258762, 1, 0, 0
149000, 261056, 1, 0, 0
149100, 260914, 1, 0, 0
149200, 257513, 1, 0, 0
149300, 261089, 1, 0, 0
149400, 259849, 1, 0, 0
149502, 265701, 1, 0, 0
149600, 260930, 1, 0, 0
149700, 261177, 1, 0, 0
149800, 262065, 1, 0, 0
149900, 264819, 1, 0, 0
150000, 261361, 1, 0, 0
150100, 262776, 1, 0, 0
150200, 264379, 1, 0, 0
150300, 260471, 1, 0, 0
150400, 265984, 1, 0, 0
150500, 261189, 1, 0, 0
150600, 260586, 1, 0, 0
150700, 269208, 1, 0, 0
150800, 259640, 1, 0, 0
150900, 261042, 1, 0, 0
151000, 259492, 1, 0, 0
151100, 261402, 1, 0, 0
151200, 261453, 1, 0, 0
151300, 259060, 1, 0, 0
151400, 257687, 1, 0, 0
151500, 258588, 1, 0, 0
151600, 260414, 1, 0, 0
151700, 257426, 1, 0, 0
151800, 258302, 1, 0, 0
151900, 259627, 1, 0, 0
152000, 257003, 1, 0, 0
152100, 256937, 1, 0, 0
152200, 258826, 1, 0, 0
152300, 259854, 1, 0, 0
152400, 257317, 1, 0, 0
152500, 262806, 1, 0, 0
152600, 257945, 1, 0, 0
152722, 258487, 1, 0, 0
152800, 258392, 1, 0, 0
152900, 259698, 1, 0, 0
153011, 257188, 1, 0, 0
153100, 260482, 1, 0, 0
153200, 263715, 1, 0, 0
153304, 259528, 1, 0, 0
153400, 261931, 1, 0, 0
153500, 263162, 1, 0, 0
153600, 262826, 1, 0, 0
153700, 263747, 1, 0, 0
153800, 262853, 1, 0, 0
153900, 259762, 1, 0, 0
154000, 262530, 1, 0, 0
154100, 262638, 1, 0, 0
154200, 262025, 1, 0, 0
154300, 263876, 1, 0, 0
154400, 259981, 1, 0, 0
154500, 258822, 1, 0, 0
154600, 261432, 1, 0, 0
154700, 258231, 1, 0, 0
154800, 270525, 1, 0, 0
154900, 261277, 1, 0, 0
155000, 257320, 1, 0, 0
155100, 261802, 1, 0, 0
155200, 257825, 1, 0, 0
155300, 257385, 1, 0, 0
155400, 262568, 1, 0, 0
155500, 262735, 1, 0, 0
155600, 259254, 1, 0, 0
155700, 259139, 1, 0, 0
155800, 264672, 1, 0, 0
155900, 258023, 1, 0, 0
156000, 261408, 1, 0, 0
156100, 260147, 1, 0, 0
156200, 257883, 1, 0, 0
156300, 259935, 1, 0, 0
156400, 259160, 1, 0, 0
156500, 256831, 1, 0, 0
156600, 260740, 1, 0, 0
156700, 258301, 1, 0, 0
156800, 258031, 1, 0, 0
156900, 262619, 1, 0, 0
157000, 260719, 1, 0, 0
157100, 257643, 1, 0, 0
157200, 258929, 1, 0, 0
157300, 261205, 1, 0, 0
157422, 258884, 1, 0, 0
157500, 259504, 1, 0, 0
157600, 260894, 1, 0, 0
157712, 257631, 1, 0, 0
157800, 259972, 1, 0, 0
157900, 259975, 1, 0, 0
158002, 259164, 1, 0, 0
158100, 262167, 1, 0, 0
158200, 260390, 1, 0, 0
158300, 260628, 1, 0, 0
158400, 259901, 1, 0, 0
158500, 259496, 1, 0, 0
158600, 257150, 1, 0, 0
158700, 259466, 1, 0, 0
158800, 260500, 1, 0, 0
158900, 257344, 1, 0, 0
159000, 259405, 1, 0, 0
159100, 260904, 1, 0, 0
159200, 260886, 1, 0, 0
159300, 262140, 1, 0, 0
159400, 260306, 1, 0, 0
159500, 257413, 1, 0, 0
159600, 262707, 1, 0, 0
159700, 263561, 1, 0, 0
159800, 259789, 1, 0, 0
159900, 259642, 1, 0, 0
160000, 262999, 1, 0, 0
160100, 258327, 1, 0, 0
160200, 261024, 1, 0, 0
160300, 257141, 1, 0, 0
160400, 257553, 1, 0, 0
160500, 261560, 1, 0, 0
160618, 257795, 1, 0, 0
160700, 259030, 1, 0, 0
160800, 256901, 1, 0, 0
160903, 256976, 1, 0, 0
161000, 257514, 1, 0, 0
161100, 259051, 1, 0, 0
161202, 256029, 1, 0, 0
161300, 261140, 1, 0, 0
161400, 263207, 1, 0, 0
161500, 262336, 1, 0, 0
161600, 262684, 1, 0, 0
161700, 260429, 1, 0, 0
161813, 264536, 1, 0, 0
161900, 262363, 1, 0, 0
162000, 263549, 1, 0, 0
162107, 260633, 1, 0, 0
162200, 261639, 1, 0, 0
162300, 266152, 1, 0, 0
162402, 264530, 1, 0, 0
162500, 263133, 1, 0, 0
162600, 264273, 1, 0, 0
162700, 260673, 1, 0, 0
162800, 262852, 1, 0, 0
162900, 263001, 1, 0, 0
163013, 265164, 1, 0, 0
163100, 264801, 1, 0, 0
163200, 261030, 1, 0, 0
163308, 262737, 1, 0, 0
163400, 269139, 1, 0, 0
163500, 263214, 1, 0, 0
163605, 261075, 1, 0, 0
163700, 263181, 1, 0, 0
163800, 262358, 1, 0, 0
163900, 265139, 1, 0, 0
164000, 263845, 1, 0, 0
164100, 260117, 1, 0, 0
164205, 262734, 1, 0, 0
164300, 264569, 1, 0, 0
164400, 263814, 1, 0, 0
164523, 265732, 1, 0, 0
164600, 260660, 1, 0, 0
164700, 261247, 1, 0, 0
164822, 268285, 1, 0, 0
164900, 263014, 1, 0, 0
165000, 269380, 1, 0, 0
165117, 261757, 1, 0, 0
165200, 261549, 1, 0, 0
165300, 263788, 1, 0, 0
165414, 264496, 1, 0, 0
165500, 265197, 1, 0, 0
165600, 265033, 1, 0, 0
165709, 263519, 1, 0, 0
165800, 265422, 1, 0, 0
165900, 261124, 1, 0, 0
166004, 263401, 1, 0, 0
166100, 262789, 1, 0, 0
166200, 263369, 1, 0, 0
166300, 262275, 1, 0, 0
166400, 261990, 1, 0, 0
166500, 263583, 1, 0, 0
166617, 262165, 1, 0, 0
166700, 257287, 1, 0, 0
166800, 261484, 1, 0, 0
166930, 257258, 1, 0, 0
167000, 258891, 1, 0, 0
167100, 257777, 1, 0, 0
167245, 261170, 1, 0, 0
167300, 264734, 1, 0, 0
167400, 257195, 1, 0, 0
167500, 257265, 1, 0, 0
167600, 261892, 1, 0, 0
167700, 256702, 1, 0, 0
167800, 259942, 1, 0, 0
167900, 260263, 1, 0, 0
168000, 257326, 1, 0, 0
168114, 260386, 1, 0, 0
168200, 259839, 1, 0, 0
168300, 257519, 1, 0, 0
168403, 260013, 1, 0, 0
168500, 261109, 1, 0, 0
168600, 257429, 1, 0, 0
168700, 259306, 1, 0, 0
168800, 257319, 1, 0, 0
168900, 258511, 1, 0, 0
169000, 263567, 1, 0, 0
169100, 259402, 1, 0, 0
169200, 258128, 1, 0, 0
169300, 259924, 1, 0, 0
169400, 260750, 1, 0, 0
169500, 256426, 1, 0, 0
169600, 256769, 1, 0, 0
169700, 257101, 1, 0, 0
169800, 257445, 1, 0, 0
169900, 257645, 1, 0, 0
170000, 260677, 1, 0, 0
170100, 258369, 1, 0, 0
170200, 261638, 1, 0, 0
170300, 259803, 1, 0, 0
170400, 256890, 1, 0, 0
170500, 260194, 1, 0, 0
170600, 258795, 1, 0, 0
170717, 258275, 1, 0, 0
170800, 259520, 1, 0, 0
170900, 260109, 1, 0, 0
171007, 258341, 1, 0, 0
171100, 258594, 1, 0, 0
171200, 258471, 1, 0, 0
171300, 261505, 1, 0, 0
171400, 259974, 1, 0, 0
171500, 263534, 1, 0, 0
171600, 260768, 1, 0, 0
171700, 259769, 1, 0, 0
171800, 259706, 1, 0, 0
171900, 257900, 1, 0, 0
172000, 258715, 1, 0, 0
172100, 257157, 1, 0, 0
172200, 256718, 1, 0, 0
172300, 260272, 1, 0, 0
172400, 260033, 1, 0, 0
172500, 258709, 1, 0, 0
172600, 262707, 1, 0, 0
172700, 258078, 1, 0, 0
172800, 260587, 1, 0, 0
172900, 260975, 1, 0, 0
173000, 261001, 1, 0, 0
173100, 258527, 1, 0, 0
173200, 264078, 1, 0, 0
173300, 259292, 1, 0, 0
173400, 257270, 1, 0, 0
173500, 259885, 1, 0, 0
173621, 262990, 1, 0, 0
173700, 258681, 1, 0, 0
173800, 262428, 1, 0, 0
173915, 265946, 1, 0, 0
174000, 258696, 1, 0, 0
174100, 262461, 1, 0, 0
174206, 261224, 1, 0, 0
174300, 257368, 1, 0, 0
174400, 259476, 1, 0, 0
174500, 259028, 1, 0, 0
174600, 257328, 1, 0, 0
174700, 261883, 1, 0, 0
174800, 263209, 1, 0, 0
174900, 257401, 1, 0, 0
175000, 272236, 1, 0, 0
175100, 259666, 1, 0, 0
175200, 257799, 1, 0, 0
175300, 258497, 1, 0, 0
175400, 261927, 1, 0, 0
175500, 257037, 1, 0, 0
175600, 260747, 1, 0, 0
175700, 260300, 1, 0, 0
175800, 257642, 1, 0, 0
175900, 259975, 1, 0, 0
176000, 258805, 1, 0, 0
176100, 258611, 1, 0, 0
176200, 260405, 1, 0, 0
176300, 263422, 1, 0, 0
176400, 258421, 1, 0, 0
176500, 262166, 1, 0, 0
176600, 257978, 1, 0, 0
176700, 256525, 1, 0, 0
176815, 259017, 1, 0, 0
176900, 258787, 1, 0, 0
177000, 260427, 1, 0, 0
177107, 259333, 1, 0, 0
177200, 264456, 1, 0, 0
177300, 258118, 1, 0, 0
177412, 259099, 1, 0, 0
177500, 258921, 1, 0, 0
177600, 261449, 1, 0, 0
177703, 258895, 1, 0, 0
177800, 260951, 1, 0, 0
177900, 260348, 1, 0, 0
178000, 258953, 1, 0, 0
178100, 258743, 1, 0, 0
178200, 260699, 1, 0, 0
178300, 256644, 1, 0, 0
178400, 260484, 1, 0, 0
178500, 259844, 1, 0, 0
178600, 259729, 1, 0, 0
178700, 260480, 1, 0, 0
178800, 259589, 1, 0, 0
178900, 258352, 1, 0, 0
179000, 257981, 1, 0, 0
179100, 260702, 1, 0, 0
179200, 260103, 1, 0, 0
179300, 259086, 1, 0, 0
179400, 259000, 1, 0, 0
179500, 257109, 1, 0, 0
179600, 261302, 1, 0, 0
179700, 258066, 1, 0, 0
179800, 263903, 1, 0, 0
179900, 261756, 1, 0, 0
180000, 257799, 1, 0, 0
