156, 76717143, 0, 0, 0
232, 37815405, 0, 0, 0
306, 74494295, 0, 0, 0
417, 55208997, 0, 0, 0
537, 60164878, 0, 0, 0
614, 38514115, 0, 0, 0
743, 64707137, 0, 0, 0
810, 66904028, 0, 0, 0
935, 41538003, 0, 0, 0
1089, 77210956, 0, 0, 0
1169, 79788134, 0, 0, 0
1225, 56258254, 0, 0, 0
1357, 65893302, 0, 0, 0
1437, 79517804, 0, 0, 0
1517, 80296267, 0, 0, 0
1611, 23513985, 0, 0, 0
1707, 9619172, 0, 0, 0
1963, 127941306, 0, 0, 0
2004, 8171296, 0, 0, 0
2239, 33552007, 0, 0, 0
2304, 12994159, 0, 0, 0
2405, 10051660, 0, 0, 0
2714, 44241599, 0, 0, 0
2807, 46062001, 0, 0, 0
2945, 19756066, 0, 0, 0
3002, 14360288, 0, 0, 0
3106, 11555670, 0, 0, 0
3221, 14312838, 0, 0, 0
3328, 17800980, 0, 0, 0
3403, 10689926, 0, 0, 0
3523, 17233294, 0, 0, 0
3609, 10731269, 0, 0, 0
3712, 17213163, 0, 0, 0
3807, 15669668, 0, 0, 0
4379, 52005084, 0, 0, 0
4460, 40506859, 0, 0, 0
4540, 80584099, 0, 0, 0
4603, 8891357, 0, 0, 0
4721, 14856475, 0, 0, 0
4890, 84055067, 0, 0, 0
4902, 12524861, 0, 0, 0
5007, 10517742, 0, 0, 0
5321, 39160829, 0, 0, 0
5437, 29031579, 0, 0, 0
5500, 9021887, 0, 0, 0
5647, 18333686, 0, 0, 0
5887, 120139158, 0, 0, 0
5962, 75406004, 0, 0, 0
6004, 41697761, 0, 0, 0
6113, 18087485, 0, 0, 0
6350, 78938959, 0, 0, 0
6430, 40197608, 0, 0, 0
6504, 74433396, 0, 0, 0
6603, 19728426, 0, 0, 0
6725, 20372731, 0, 0, 0
6801, 15093724, 0, 0, 0
7060, 64688098, 0, 0, 0
7136, 75989575, 0, 0, 0
7210, 74150884, 0, 0, 0
7314, 52177100, 0, 0, 0
7436, 30532148, 0, 0, 0
7535, 49531118, 0, 0, 0
7612, 76598317, 0, 0, 0
7730, 58885889, 0, 0, 0
7825, 31888022, 0, 0, 0
7934, 54076589, 0, 0, 0
8097, 40842795, 0, 0, 0
8174, 77065783, 0, 0, 0
8254, 79820088, 0, 0, 0
8303, 16505037, 0, 0, 0
8491, 31225284, 0, 0, 0
8515, 23802260, 0, 0, 0
8624, 54657803, 0, 0, 0
8706, 41150310, 0, 0, 0
8849, 28557011, 0, 0, 0
8928, 78956071, 0, 0, 0
9042, 37839343, 0, 0, 0
9165, 41055576, 0, 0, 0
9202, 18455490, 0, 0, 0
9316, 57003362, 0, 0, 0
9471, 38930436, 0, 0, 0
9552, 80530609, 0, 0, 0
9633, 80792554, 0, 0, 0
9701, 22680753, 0, 0, 0
9801, 19938823, 0, 0, 0
9925, 24811101, 0, 0, 0
10120, 48825055, 0, 0, 0
10232, 27990450, 0, 0, 0
10312, 80540675, 0, 0, 0
10415, 25667660, 0, 0, 0
10553, 27519880, 0, 0, 0
10630, 77126821, 0, 0, 0
10768, 34455267, 0, 0, 0
10844, 76485389, 0, 0, 0
10904, 29878141, 0, 0, 0
11020, 16579642, 0, 0, 0
11107, 17290264, 0, 0, 0
11200, 13346366, 0, 0, 0
11325, 17896716, 0, 0, 0
11433, 21585831, 0, 0, 0
11535, 101651283, 0, 0, 0
11604, 23048018, 0, 0, 0
11737, 14704906, 0, 0, 0
11894, 157771803, 0, 0, 0
11914, 19587878, 0, 0, 0
12150, 118220227, 0, 0, 0
12207, 28077887, 0, 0, 0
12338, 32934475, 0, 0, 0
12417, 78645757, 0, 0, 0
12515, 48936279, 0, 0, 0
12667, 76122005, 0, 0, 0
12748, 81309082, 0, 0, 0
12810, 30982863, 0, 0, 0
12909, 49354709, 0, 0, 0
13017, 35901072, 0, 0, 0
13119, 25554049, 0, 0, 0
13218, 49255466, 0, 0, 0
13308, 29965139, 0, 0, 0
13413, 35011924, 0, 0, 0
13501, 44374440, 0, 0, 0
13611, 54718355, 0, 0, 0
13709, 32868600, 0, 0, 0
13817, 53766250, 0, 0, 0
13933, 38719061, 0, 0, 0
14012, 79195344, 0, 0, 0
14158, 36536376, 0, 0, 0
14236, 77397486, 0, 0, 0
14308, 24051917, 0, 0, 0
14428, 59715672, 0, 0, 0
14523, 31954366, 0, 0, 0
14608, 28215167, 0, 0, 0
14703, 15815807, 0, 0, 0
14810, 107413123, 0, 0, 0
15036, 56318886, 0, 0, 0
15111, 75641911, 0, 0, 0
15263, 75574709, 0, 0, 0
15340, 77569709, 0, 0, 0
15406, 32983550, 0, 0, 0
15556, 37503011, 0, 0, 0
15634, 77963734, 0, 0, 0
15712, 77526445, 0, 0, 0
15867, 77658343, 0, 0, 0
15905, 12514976, 0, 0, 0
16003, 49415026, 0, 0, 0
16102, 49145747, 0, 0, 0
16200, 32714753, 0, 0, 0
16304, 51991054, 0, 0, 0
16467, 40736083, 0, 0, 0
16546, 79331160, 0, 0, 0
16603, 28548485, 0, 0, 0
16724, 12063674, 0, 0, 0
16833, 54752113, 0, 0, 0
17060, 226172209, 0, 0, 0
17137, 77075092, 0, 0, 0
17219, 82130921, 0, 0, 0
17306, 43664363, 0, 0, 0
17448, 47385032, 0, 0, 0
17524, 76045298, 0, 0, 0
17600, 76087817, 0, 0, 0
17705, 52046644, 0, 0, 0
17871, 55347250, 0, 0, 0
17919, 48126692, 0, 0, 0
18022, 51564841, 0, 0, 0
18101, 79405618, 0, 0, 0
18244, 28474745, 0, 0, 0
18354, 55268672, 0, 0, 0
18467, 37725784, 0, 0, 0
18526, 58164842, 0, 0, 0
18621, 31922156, 0, 0, 0
18731, 54839802, 0, 0, 0
18861, 43175329, 0, 0, 0
18918, 28592794, 0, 0, 0
19018, 50107632, 0, 0, 0
19103, 28273666, 0, 0, 0
19206, 25672295, 0, 0, 0
19303, 32353110, 0, 0, 0
19403, 14249106, 0, 0, 0
19508, 15045743, 0, 0, 0
19884, 47004880, 0, 0, 0
19924, 19775365, 0, 0, 0
20049, 25072491, 0, 0, 0
20206, 156639757, 0, 0, 0
20357, 37911671, 0, 0, 0
20509, 37863584, 0, 0, 0
20612, 51644332, 0, 0, 0
20713, 50709271, 0, 0, 0
20863, 74781384, 0, 0, 0
20965, 50949300, 0, 0, 0
21007, 13928156, 0, 0, 0
21125, 39575212, 0, 0, 0
21203, 77536541, 0, 0, 0
21327, 41341334, 0, 0, 0
21421, 46907048, 0, 0, 0
21502, 80834974, 0, 0, 0
21615, 56746638, 0, 0, 0
21774, 26410503, 0, 0, 0
21849, 75699330, 0, 0, 0
21923, 73204244, 0, 0, 0
22075, 76085078, 0, 0, 0
22154, 79296663, 0, 0, 0
22230, 76125039, 0, 0, 0
22315, 42337769, 0, 0, 0
22471, 52166651, 0, 0, 0
22578, 53370820, 0, 0, 0
22609, 30276180, 0, 0, 0
22709, 50109630, 0, 0, 0
22810, 25428901, 0, 0, 0
22919, 54279992, 0, 0, 0
23006, 87250251, 0, 0, 0
23167, 53413421, 0, 0, 0
23244, 76947639, 0, 0, 0
23317, 73301785, 0, 0, 0
23426, 54808098, 0, 0, 0
23513, 17341548, 0, 0, 0
23652, 69631955, 0, 0, 0
23725, 72585848, 0, 0, 0
23850, 41770154, 0, 0, 0
23924, 74048388, 0, 0, 0
24000, 18789722, 0, 0, 0
24158, 79001438, 0, 0, 0
24257, 33003400, 0, 0, 0
24311, 13489394, 0, 0, 0
24469, 79122318, 0, 0, 0
24567, 24515747, 0, 0, 0
24657, 89561179, 0, 0, 0
24763, 35603269, 0, 0, 0
24858, 47300951, 0, 0, 0
24927, 34717550, 0, 0, 0
25021, 46680640, 0, 0, 0
25105, 20917813, 0, 0, 0
25227, 40812368, 0, 0, 0
25317, 29874956, 0, 0, 0
25420, 17151226, 0, 0, 0
25510, 30130993, 0, 0, 0
25623, 18841337, 0, 0, 0
25709, 21442558, 0, 0, 0
25823, 22894896, 0, 0, 0
25931, 53691497, 0, 0, 0
26010, 26490506, 0, 0, 0
26338, 328097457, 0, 0, 0
26407, 34239211, 0, 0, 0
26517, 21973323, 0, 0, 0
26610, 23193078, 0, 0, 0
26701, 13057516, 0, 0, 0
26901, 66555754, 0, 0, 0
27011, 36613797, 0, 0, 0
27158, 73600908, 0, 0, 0
27240, 41193576, 0, 0, 0
27356, 57945661, 0, 0, 0
27452, 48082848, 0, 0, 0
27529, 76700683, 0, 0, 0
27606, 77039870, 0, 0, 0
27721, 57246211, 0, 0, 0
27849, 25763263, 0, 0, 0
27912, 20816258, 0, 0, 0
28033, 40315233, 0, 0, 0
28108, 75168839, 0, 0, 0
28261, 50888393, 0, 0, 0
28347, 43023679, 0, 0, 0
28419, 24197465, 0, 0, 0
28565, 72711481, 0, 0, 0
28601, 18320901, 0, 0, 0
28769, 41973375, 0, 0, 0
28880, 55422046, 0, 0, 0
28922, 10320730, 0, 0, 0
29030, 108753297, 0, 0, 0
29158, 42471297, 0, 0, 0
29237, 79703535, 0, 0, 0
29316, 78784315, 0, 0, 0
29408, 18385091, 0, 0, 0
29506, 48764078, 0, 0, 0
29675, 42250756, 0, 0, 0
29754, 79599617, 0, 0, 0
29835, 80185430, 0, 0, 0
29923, 44456536, 0, 0, 0
30002, 78676960, 0, 0, 0
30164, 53857586, 0, 0, 0
30237, 73534189, 0, 0, 0
30319, 40597383, 0, 0, 0
30478, 79770517, 0, 0, 0
30505, 26524750, 0, 0, 0
30649, 28869000, 0, 0, 0
30709, 30233383, 0, 0, 0
30815, 105101129, 0, 0, 0
30931, 38701110, 0, 0, 0
31008, 25621692, 0, 0, 0
31114, 26587901, 0, 0, 0
31216, 20330436, 0, 0, 0
31303, 29144361, 0, 0, 0
31598, 295286297, 0, 0, 0
31613, 14869546, 0, 0, 0
31712, 14094040, 0, 0, 0
31888, 58797996, 0, 0, 0
31909, 20371883, 0, 0, 0
32032, 123424106, 0, 0, 0
32142, 55078871, 0, 0, 0
32204, 20669085, 0, 0, 0
32322, 39064709, 0, 0, 0
32487, 27596596, 0, 0, 0
32550, 63070230, 0, 0, 0
32625, 74350116, 0, 0, 0
32703, 39358755, 0, 0, 0
32859, 51992458, 0, 0, 0
32936, 25373787, 0, 0, 0
33023, 87675486, 0, 0, 0
33100, 19234761, 0, 0, 0
33216, 29007790, 0, 0, 0
33314, 24382458, 0, 0, 0
33416, 51037198, 0, 0, 0
33578, 162360117, 0, 0, 0
33651, 73042622, 0, 0, 0
33726, 74316451, 0, 0, 0
33804, 78168483, 0, 0, 0
33960, 78347611, 0, 0, 0
34036, 75935384, 0, 0, 0
34136, 50002143, 0, 0, 0
34250, 38005657, 0, 0, 0
34326, 75602374, 0, 0, 0
34429, 34428014, 0, 0, 0
34542, 56297362, 0, 0, 0
34612, 17594618, 0, 0, 0
34764, 75825868, 0, 0, 0
34864, 50107612, 0, 0, 0
34938, 73944173, 0, 0, 0
35019, 80955231, 0, 0, 0
35127, 53768280, 0, 0, 0
35272, 48334206, 0, 0, 0
35351, 79374551, 0, 0, 0
35430, 39388050, 0, 0, 0
35560, 26032853, 0, 0, 0
35613, 26310203, 0, 0, 0
35708, 19014083, 0, 0, 0
35828, 119934994, 0, 0, 0
35907, 79196620, 0, 0, 0
36038, 18745951, 0, 0, 0
36116, 39065031, 0, 0, 0
36222, 35313801, 0, 0, 0
36325, 51514216, 0, 0, 0
36404, 39124853, 0, 0, 0
36512, 13508854, 0, 0, 0
36623, 13930542, 0, 0, 0
36709, 10757851, 0, 0, 0
36821, 13986970, 0, 0, 0
36908, 29086335, 0, 0, 0
37228, 245057320, 0, 0, 0
37303, 75698655, 0, 0, 0
37428, 62148980, 0, 0, 0
37515, 43627226, 0, 0, 0
37669, 77196727, 0, 0, 0
37747, 78089953, 0, 0, 0
37825, 39002564, 0, 0, 0
37914, 44036536, 0, 0, 0
38026, 22397109, 0, 0, 0
38115, 29821882, 0, 0, 0
38205, 15037010, 0, 0, 0
38302, 24270989, 0, 0, 0
38623, 80092481, 0, 0, 0
38728, 52564802, 0, 0, 0
38812, 20907899, 0, 0, 0
38925, 56498501, 0, 0, 0
39002, 76925658, 0, 0, 0
39163, 80741757, 0, 0, 0
39240, 77322382, 0, 0, 0
39317, 76476980, 0, 0, 0
39411, 31211670, 0, 0, 0
39532, 40393307, 0, 0, 0
39610, 78641535, 0, 0, 0
39711, 25086913, 0, 0, 0
39821, 55291334, 0, 0, 0
39973, 75658863, 0, 0, 0
40001, 28492838, 0, 0, 0
40102, 33491280, 0, 0, 0
40204, 34249617, 0, 0, 0
40311, 53120211, 0, 0, 0
40479, 56108583, 0, 0, 0
40565, 43115732, 0, 0, 0
40626, 20208685, 0, 0, 0
40731, 52649898, 0, 0, 0
40845, 56996401, 0, 0, 0
40959, 37878404, 0, 0, 0
41065, 52874247, 0, 0, 0
41138, 73492568, 0, 0, 0
41242, 51991516, 0, 0, 0
41341, 49527431, 0, 0, 0
41472, 43701474, 0, 0, 0
41576, 52014409, 0, 0, 0
41605, 28186719, 0, 0, 0
41706, 16973599, 0, 0, 0
41878, 85910100, 0, 0, 0
41953, 75198376, 0, 0, 0
42031, 77701134, 0, 0, 0
42185, 30835474, 0, 0, 0
42259, 73389433, 0, 0, 0
42337, 39007834, 0, 0, 0
42460, 61552716, 0, 0, 0
42539, 79079762, 0, 0, 0
42622, 41303431, 0, 0, 0
42700, 78587237, 0, 0, 0
42802, 33885000, 0, 0, 0
42904, 50790659, 0, 0, 0
43022, 39378912, 0, 0, 0
43100, 77948483, 0, 0, 0
43231, 65582447, 0, 0, 0
43328, 24172633, 0, 0, 0
43469, 35417604, 0, 0, 0
43550, 80319910, 0, 0, 0
43626, 38085208, 0, 0, 0
43721, 23781542, 0, 0, 0
43810, 29598304, 0, 0, 0
43925, 23088975, 0, 0, 0
44001, 19011072, 0, 0, 0
44123, 121912798, 0, 0, 0
44329, 102779060, 0, 0, 0
44401, 24007407, 0, 0, 0
44570, 84788655, 0, 0, 0
44648, 77748015, 0, 0, 0
44752, 52143768, 0, 0, 0
44829, 25615888, 0, 0, 0
44925, 19232790, 0, 0, 0
45016, 18164781, 0, 0, 0
45108, 22961077, 0, 0, 0
45221, 18859282, 0, 0, 0
45312, 22533808, 0, 0, 0
45400, 17680672, 0, 0, 0
45518, 19744447, 0, 0, 0
45775, 128206189, 0, 0, 0
45873, 49055522, 0, 0, 0
45948, 75059905, 0, 0, 0
46024, 75677910, 0, 0, 0
46105, 80773552, 0, 0, 0
46256, 75611482, 0, 0, 0
46337, 81042648, 0, 0, 0
46417, 79885483, 0, 0, 0
46539, 30680733, 0, 0, 0
46613, 73222707, 0, 0, 0
46702, 22251940, 0, 0, 0
46861, 22774024, 0, 0, 0
46936, 74446466, 0, 0, 0
47042, 53217626, 0, 0, 0
47121, 79069743, 0, 0, 0
47221, 49908892, 0, 0, 0
47370, 74373184, 0, 0, 0
47450, 80574634, 0, 0, 0
47530, 79269918, 0, 0, 0
47642, 37563497, 0, 0, 0
47745, 51318944, 0, 0, 0
47846, 33524919, 0, 0, 0
47974, 32172526, 0, 0, 0
48048, 73667045, 0, 0, 0
48165, 58704583, 0, 0, 0
48275, 54755684, 0, 0, 0
48350, 75336355, 0, 0, 0
48428, 78165860, 0, 0, 0
48555, 63255043, 0, 0, 0
48636, 80708562, 0, 0, 0
48710, 74302857, 0, 0, 0
48855, 72280323, 0, 0, 0
48975, 30115513, 0, 0, 0
49007, 32178050, 0, 0, 0
49114, 53328241, 0, 0, 0
49222, 54282294, 0, 0, 0
49300, 77787664, 0, 0, 0
49416, 38636160, 0, 0, 0
49505, 88788751, 0, 0, 0
49645, 69999332, 0, 0, 0
49726, 81039115, 0, 0, 0
49802, 76259826, 0, 0, 0
49946, 71942181, 0, 0, 0
50024, 78302669, 0, 0, 0
50102, 77564299, 0, 0, 0
50265, 54246677, 0, 0, 0
50342, 77545531, 0, 0, 0
50416, 74128113, 0, 0, 0
50568, 75971732, 0, 0, 0
50654, 43006321, 0, 0, 0
50731, 76225189, 0, 0, 0
50803, 72720549, 0, 0, 0
50910, 53419435, 0, 0, 0
51063, 76497926, 0, 0, 0
51168, 52264028, 0, 0, 0
51201, 32712177, 0, 0, 0
51349, 74429095, 0, 0, 0
51426, 76224254, 0, 0, 0
51506, 80176992, 0, 0, 0
51611, 52444527, 0, 0, 0
51713, 25566920, 0, 0, 0
51845, 32931992, 0, 0, 0
51924, 79032264, 0, 0, 0
52007, 41647261, 0, 0, 0
52115, 53924730, 0, 0, 0
52272, 78612379, 0, 0, 0
52301, 29245409, 0, 0, 0
52537, 33576702, 0, 0, 0
52605, 17173243, 0, 0, 0
52802, 98584198, 0, 0, 0
52910, 53605960, 0, 0, 0
53036, 42119317, 0, 0, 0
53123, 43340052, 0, 0, 0
53237, 57033005, 0, 0, 0
53301, 21450076, 0, 0, 0
53415, 113937376, 0, 0, 0
53579, 54602759, 0, 0, 0
53601, 21518861, 0, 0, 0
53714, 28377078, 0, 0, 0
53808, 23381911, 0, 0, 0
54136, 82006824, 0, 0, 0
54244, 35958146, 0, 0, 0
54323, 79876143, 0, 0, 0
54400, 15406425, 0, 0, 0
54651, 83398756, 0, 0, 0
54729, 78747002, 0, 0, 0
54802, 72941500, 0, 0, 0
54903, 50347924, 0, 0, 0
55010, 53375064, 0, 0, 0
55118, 36104857, 0, 0, 0
55255, 45749821, 0, 0, 0
55364, 54366772, 0, 0, 0
55422, 11597422, 0, 0, 0
55583, 53713863, 0, 0, 0
55665, 82051491, 0, 0, 0
55752, 86183483, 0, 0, 0
55826, 74048454, 0, 0, 0
55903, 77471700, 0, 0, 0
56005, 50991561, 0, 0, 0
56115, 54719388, 0, 0, 0
56217, 51403356, 0, 0, 0
56376, 79033312, 0, 0, 0
56415, 38993937, 0, 0, 0
56522, 53897784, 0, 0, 0
56659, 45679285, 0, 0, 0
56713, 26824739, 0, 0, 0
56816, 51365200, 0, 0, 0
56930, 57014965, 0, 0, 0
57018, 87962710, 0, 0, 0
57129, 27889234, 0, 0, 0
57212, 82293709, 0, 0, 0
57374, 54049785, 0, 0, 0
57448, 74110268, 0, 0, 0
57501, 17552062, 0, 0, 0
57656, 77842264, 0, 0, 0
57736, 79851626, 0, 0, 0
57809, 72770173, 0, 0, 0
57964, 77378648, 0, 0, 0
58037, 73644693, 0, 0, 0
58180, 28470767, 0, 0, 0
58253, 73027328, 0, 0, 0
58364, 55755709, 0, 0, 0
58441, 76751127, 0, 0, 0
58522, 80672798, 0, 0, 0
58602, 80040562, 0, 0, 0
58701, 33026456, 0, 0, 0
58801, 49840827, 0, 0, 0
58950, 74549602, 0, 0, 0
59071, 30271927, 0, 0, 0
59149, 78299113, 0, 0, 0
59251, 51140739, 0, 0, 0
59329, 38673322, 0, 0, 0
59411, 20575932, 0, 0, 0
59507, 19208806, 0, 0, 0
59618, 27648312, 0, 0, 0
59858, 240311844, 0, 0, 0
60052, 64736911, 0, 0, 0
60165, 37649490, 0, 0, 0
60252, 86832511, 0, 0, 0
60344, 45954856, 0, 0, 0
60424, 79735907, 0, 0, 0
60502, 77949215, 0, 0, 0
60600, 49107401, 0, 0, 0
60711, 55331092, 0, 0, 0
60850, 34743196, 0, 0, 0
60921, 71499763, 0, 0, 0
61030, 54279339, 0, 0, 0
61108, 78104125, 0, 0, 0
61210, 34085460, 0, 0, 0
61403, 48271396, 0, 0, 0
61556, 51099317, 0, 0, 0
61657, 50504700, 0, 0, 0
61722, 32233041, 0, 0, 0
61943, 36775578, 0, 0, 0
62055, 56308183, 0, 0, 0
62127, 71816817, 0, 0, 0
62200, 73283676, 0, 0, 0
62314, 56718271, 0, 0, 0
62418, 51869732, 0, 0, 0
62522, 52049927, 0, 0, 0
62654, 44047394, 0, 0, 0
62764, 55304471, 0, 0, 0
62865, 50212575, 0, 0, 0
62970, 52779917, 0, 0, 0
63047, 76575802, 0, 0, 0
63117, 34780465, 0, 0, 0
63201, 42008821, 0, 0, 0
63422, 55393857, 0, 0, 0
63602, 44816798, 0, 0, 0
63732, 65063812, 0, 0, 0
63870, 69164718, 0, 0, 0
63909, 19279760, 0, 0, 0
64012, 51460702, 0, 0, 0
64161, 49960067, 0, 0, 0
64224, 31097853, 0, 0, 0
64467, 81031654, 0, 0, 0
64632, 82836839, 0, 0, 0
64732, 50011647, 0, 0, 0
64866, 44563629, 0, 0, 0
65001, 135167945, 0, 0, 0
65113, 27828224, 0, 0, 0
65269, 77922936, 0, 0, 0
65347, 78892955, 0, 0, 0
65417, 17513019, 0, 0, 0
65541, 61663898, 0, 0, 0
65629, 29398734, 0, 0, 0
65751, 122335367, 0, 0, 0
65830, 78185579, 0, 0, 0
65958, 31987644, 0, 0, 0
66035, 76966343, 0, 0, 0
66110, 75589564, 0, 0, 0
66245, 45043419, 0, 0, 0
66328, 41183409, 0, 0, 0
66402, 74530818, 0, 0, 0
66505, 51597140, 0, 0, 0
66608, 25721162, 0, 0, 0
66710, 51052156, 0, 0, 0
66819, 18150993, 0, 0, 0
66993, 86691943, 0, 0, 0
67020, 27515972, 0, 0, 0
67172, 37976261, 0, 0, 0
67249, 76898883, 0, 0, 0
67327, 77507134, 0, 0, 0
67404, 77666695, 0, 0, 0
67550, 36316305, 0, 0, 0
67655, 52890822, 0, 0, 0
67750, 31400826, 0, 0, 0
67823, 73444605, 0, 0, 0
67901, 77684836, 0, 0, 0
68055, 77381778, 0, 0, 0
68132, 76175215, 0, 0, 0
68210, 78597629, 0, 0, 0
68309, 49491163, 0, 0, 0
68404, 31704236, 0, 0, 0
68519, 28756887, 0, 0, 0
68625, 26467483, 0, 0, 0
68705, 79901084, 0, 0, 0
68860, 77323114, 0, 0, 0
68950, 44892697, 0, 0, 0
69030, 80539343, 0, 0, 0
69152, 40747142, 0, 0, 0
69262, 54599157, 0, 0, 0
69358, 48146640, 0, 0, 0
69416, 28858855, 0, 0, 0
69545, 25813637, 0, 0, 0
69618, 24377013, 0, 0, 0
69713, 95038681, 0, 0, 0
69825, 56031587, 0, 0, 0
69905, 79523204, 0, 0, 0
70070, 55099165, 0, 0, 0
70146, 76035281, 0, 0, 0
70216, 69609355, 0, 0, 0
70300, 42101049, 0, 0, 0
70461, 53811689, 0, 0, 0
70535, 73552152, 0, 0, 0
70625, 44874682, 0, 0, 0
70728, 51918492, 0, 0, 0
70804, 75389154, 0, 0, 0
70911, 53671583, 0, 0, 0
71063, 50467895, 0, 0, 0
71167, 52230031, 0, 0, 0
71224, 28253711, 0, 0, 0
71373, 37411040, 0, 0, 0
71409, 18066508, 0, 0, 0
71524, 38161871, 0, 0, 0
71600, 25233401, 0, 0, 0
71716, 29183114, 0, 0, 0
71813, 13810617, 0, 0, 0
71904, 30185925, 0, 0, 0
72020, 23185478, 0, 0, 0
72224, 204824233, 0, 0, 0
72316, 30694800, 0, 0, 0
72416, 24767322, 0, 0, 0
72519, 34525786, 0, 0, 0
72695, 88051740, 0, 0, 0
72702, 6781858, 0, 0, 0
72865, 81544144, 0, 0, 0
72947, 81353798, 0, 0, 0
73018, 71952165, 0, 0, 0
73134, 57811859, 0, 0, 0
73208, 24734428, 0, 0, 0
73318, 54645058, 0, 0, 0
73432, 28682142, 0, 0, 0
73570, 137298388, 0, 0, 0
73676, 53034799, 0, 0, 0
73775, 24784333, 0, 0, 0
73850, 75215093, 0, 0, 0
73932, 81715900, 0, 0, 0
74013, 27014450, 0, 0, 0
74107, 23457763, 0, 0, 0
74353, 49208479, 0, 0, 0
74425, 36043538, 0, 0, 0
74506, 27052329, 0, 0, 0
74630, 41318290, 0, 0, 0
74714, 42115486, 0, 0, 0
74812, 97801394, 0, 0, 0
74927, 19165111, 0, 0, 0
75062, 44826984, 0, 0, 0
75120, 29242061, 0, 0, 0
75255, 33806931, 0, 0, 0
75397, 141430335, 0, 0, 0
75407, 10155410, 0, 0, 0
75601, 32256563, 0, 0, 0
75761, 80049306, 0, 0, 0
75841, 80261899, 0, 0, 0
75934, 46610709, 0, 0, 0
76014, 40034572, 0, 0, 0
76110, 47784588, 0, 0, 0
76271, 80441028, 0, 0, 0
76344, 73684826, 0, 0, 0
76450, 35298171, 0, 0, 0
76523, 72992513, 0, 0, 0
76632, 54500805, 0, 0, 0
76708, 75337235, 0, 0, 0
76810, 14637882, 0, 0, 0
76903, 11631524, 0, 0, 0
77038, 134433218, 0, 0, 0
77145, 53446676, 0, 0, 0
77218, 73159172, 0, 0, 0
77307, 89395940, 0, 0, 0
77417, 36503237, 0, 0, 0
77525, 54320109, 0, 0, 0
77655, 43317475, 0, 0, 0
77716, 20105644, 0, 0, 0
77906, 38122036, 0, 0, 0
78007, 50413050, 0, 0, 0
78113, 53092901, 0, 0, 0
78217, 34549083, 0, 0, 0
78313, 23954983, 0, 0, 0
78417, 52268386, 0, 0, 0
78518, 25036835, 0, 0, 0
78607, 22390195, 0, 0, 0
78702, 18957204, 0, 0, 0
78963, 87101642, 0, 0, 0
79011, 23738017, 0, 0, 0
79230, 54651761, 0, 0, 0
79372, 47479081, 0, 0, 0
79413, 40917661, 0, 0, 0
79511, 14024035, 0, 0, 0
79608, 96913063, 0, 0, 0
79791, 45834381, 0, 0, 0
79869, 78025114, 0, 0, 0
79945, 75452036, 0, 0, 0
80002, 18882069, 0, 0, 0
80102, 25036824, 0, 0, 0
80293, 31953588, 0, 0, 0
80366, 72970943, 0, 0, 0
80404, 37648771, 0, 0, 0
80509, 26107855, 0, 0, 0
80608, 19787782, 0, 0, 0
80715, 17846910, 0, 0, 0
80818, 17201042, 0, 0, 0
81157, 67795303, 0, 0, 0
81280, 30763678, 0, 0, 0
81362, 82015067, 0, 0, 0
81444, 41228866, 0, 0, 0
81559, 57121728, 0, 0, 0
81635, 76327366, 0, 0, 0
81735, 33256268, 0, 0, 0
81821, 10813204, 0, 0, 0
82066, 122386012, 0, 0, 0
82102, 8927279, 0, 0, 0
82255, 15542537, 0, 0, 0
82300, 15126532, 0, 0, 0
82416, 38561088, 0, 0, 0
82561, 36122817, 0, 0, 0
82745, 184117683, 0, 0, 0
82800, 18510840, 0, 0, 0
83089, 48101283, 0, 0, 0
83113, 5978731, 0, 0, 0
83342, 57267318, 0, 0, 0
83419, 12895219, 0, 0, 0
83693, 68308307, 0, 0, 0
83700, 7440815, 0, 0, 0
83843, 47764988, 0, 0, 0
83916, 18140612, 0, 0, 0
84013, 48349750, 0, 0, 0
84237, 74870220, 0, 0, 0
84317, 15878217, 0, 0, 0
84641, 162057002, 0, 0, 0
84734, 31039163, 0, 0, 0
84826, 91980889, 0, 0, 0
84906, 80629966, 0, 0, 0
85037, 32667840, 0, 0, 0
85121, 42144993, 0, 0, 0
85220, 24728800, 0, 0, 0
85494, 273730603, 0, 0, 0
85531, 36416216, 0, 0, 0
85679, 74087592, 0, 0, 0
85710, 30770796, 0, 0, 0
85941, 33080112, 0, 0, 0
86020, 79245236, 0, 0, 0
86111, 30285151, 0, 0, 0
86211, 99662991, 0, 0, 0
86371, 80145870, 0, 0, 0
86441, 69999070, 0, 0, 0
86518, 77259370, 0, 0, 0
86620, 50543721, 0, 0, 0
86700, 40104305, 0, 0, 0
86806, 26467083, 0, 0, 0
86956, 50237049, 0, 0, 0
87069, 56396071, 0, 0, 0
87110, 20149260, 0, 0, 0
87232, 61036552, 0, 0, 0
87311, 79892481, 0, 0, 0
87464, 76067105, 0, 0, 0
87540, 76814740, 0, 0, 0
87620, 79955724, 0, 0, 0
87750, 32276354, 0, 0, 0
87825, 75393264, 0, 0, 0
87904, 79101690, 0, 0, 0
88064, 79752592, 0, 0, 0
88162, 49190253, 0, 0, 0
88238, 75875308, 0, 0, 0
88316, 77848016, 0, 0, 0
88408, 46082282, 0, 0, 0
88570, 54186275, 0, 0, 0
88652, 81687519, 0, 0, 0
88727, 75133788, 0, 0, 0
88805, 77941550, 0, 0, 0
88960, 77452194, 0, 0, 0
89073, 37583689, 0, 0, 0
89150, 77267298, 0, 0, 0
89225, 75222036, 0, 0, 0
89305, 79352244, 0, 0, 0
89423, 29677446, 0, 0, 0
89539, 57837262, 0, 0, 0
89615, 75766544, 0, 0, 0
89728, 37703114, 0, 0, 0
89804, 75832848, 0, 0, 0
89961, 78709880, 0, 0, 0
90001, 39418742, 0, 0, 0
90158, 78498291, 0, 0, 0
90217, 29406292, 0, 0, 0
90303, 43292052, 0, 0, 0
90463, 53144813, 0, 0, 0
90540, 77601124, 0, 0, 0
90618, 77313701, 0, 0, 0
90760, 47305549, 0, 0, 0
90838, 78090370, 0, 0, 0
90905, 22383601, 0, 0, 0
91104, 39935845, 0, 0, 0
91226, 60625094, 0, 0, 0
91324, 48934680, 0, 0, 0
91406, 82489492, 0, 0, 0
91521, 57547065, 0, 0, 0
91618, 48243242, 0, 0, 0
91738, 60131702, 0, 0, 0
91804, 22106175, 0, 0, 0
91907, 51508726, 0, 0, 0
92011, 51925353, 0, 0, 0
92119, 53656022, 0, 0, 0
92242, 61701053, 0, 0, 0
92319, 76928253, 0, 0, 0
92411, 30755947, 0, 0, 0
92564, 76526179, 0, 0, 0
92641, 76336830, 0, 0, 0
92716, 75443591, 0, 0, 0
92871, 77484126, 0, 0, 0
92908, 18648203, 0, 0, 0
93015, 53455123, 0, 0, 0
93172, 78230106, 0, 0, 0
93246, 74042709, 0, 0, 0
93351, 52638850, 0, 0, 0
93433, 81752974, 0, 0, 0
93514, 26965693, 0, 0, 0
93630, 57903279, 0, 0, 0
93710, 79996839, 0, 0, 0
93819, 54496922, 0, 0, 0
93971, 76042445, 0, 0, 0
94018, 46967014, 0, 0, 0
94170, 76406465, 0, 0, 0
94244, 73704671, 0, 0, 0
94357, 37700481, 0, 0, 0
94432, 74967074, 0, 0, 0
94507, 75110351, 0, 0, 0
94612, 52452873, 0, 0, 0
94759, 73243715, 0, 0, 0
94823, 21383160, 0, 0, 0
94932, 54457735, 0, 0, 0
95003, 17790735, 0, 0, 0
95104, 20260709, 0, 0, 0
95263, 159032544, 0, 0, 0
95319, 13779114, 0, 0, 0
95400, 81482850, 0, 0, 0
95534, 67132315, 0, 0, 0
95638, 51864553, 0, 0, 0
95712, 74134004, 0, 0, 0
95803, 45409927, 0, 0, 0
95908, 26365589, 0, 0, 0
96080, 42819523, 0, 0, 0
96193, 113045139, 0, 0, 0
96222, 28828162, 0, 0, 0
96301, 78891692, 0, 0, 0
96402, 25345674, 0, 0, 0
96507, 52541368, 0, 0, 0
96612, 26309962, 0, 0, 0
96701, 22286862, 0, 0, 0
96805, 17168092, 0, 0, 0
97055, 125023550, 0, 0, 0
97134, 79815999, 0, 0, 0
97210, 75412214, 0, 0, 0
97338, 64126429, 0, 0, 0
97447, 54280019, 0, 0, 0
97520, 73021459, 0, 0, 0
97656, 67913942, 0, 0, 0
97713, 28584105, 0, 0, 0
97811, 49191219, 0, 0, 0
97919, 53918269, 0, 0, 0
98033, 28421059, 0, 0, 0
98201, 42009041, 0, 0, 0
98310, 54620684, 0, 0, 0
98417, 35599137, 0, 0, 0
98534, 58482198, 0, 0, 0
98683, 37305299, 0, 0, 0
98712, 28561110, 0, 0, 0
98863, 75577381, 0, 0, 0
98940, 77153508, 0, 0, 0
99013, 73408495, 0, 0, 0
99113, 49749547, 0, 0, 0
99206, 46499191, 0, 0, 0
99377, 57077432, 0, 0, 0
99424, 23304937, 0, 0, 0
99559, 33871962, 0, 0, 0
99664, 52469028, 0, 0, 0
99720, 27668355, 0, 0, 0
99801, 81145532, 0, 0, 0
99925, 20646041, 0, 0, 0
100023, 32907717, 0, 0, 0
100103, 39830018, 0, 0, 0
100200, 24127894, 0, 0, 0
100301, 20264894, 0, 0, 0
100412, 27663485, 0, 0, 0
100502, 30063390, 0, 0, 0
100632, 26120596, 0, 0, 0
100713, 26786441, 0, 0, 0
101131, 104568520, 0, 0, 0
101203, 24157774, 0, 0, 0
101312, 27116224, 0, 0, 0
101438, 25275474, 0, 0, 0
101520, 27294188, 0, 0, 0
101678, 157725690, 0, 0, 0
101710, 31580944, 0, 0, 0
101870, 22969578, 0, 0, 0
101942, 71192205, 0, 0, 0
102052, 55001690, 0, 0, 0
102125, 36829697, 0, 0, 0
102210, 28214086, 0, 0, 0
102336, 63204274, 0, 0, 0
102412, 75976287, 0, 0, 0
102562, 37404957, 0, 0, 0
102670, 53837690, 0, 0, 0
102769, 49725726, 0, 0, 0
102860, 45595113, 0, 0, 0
102909, 24188255, 0, 0, 0
103003, 47351089, 0, 0, 0
103179, 43927484, 0, 0, 0
103209, 30091490, 0, 0, 0
103325, 57646941, 0, 0, 0
103416, 30387948, 0, 0, 0
103516, 50023227, 0, 0, 0
103670, 38615009, 0, 0, 0
103704, 33911463, 0, 0, 0
103814, 36630716, 0, 0, 0
103924, 55070203, 0, 0, 0
104005, 80325948, 0, 0, 0
104146, 47068502, 0, 0, 0
104221, 75132761, 0, 0, 0
104329, 35991281, 0, 0, 0
104409, 80015760, 0, 0, 0
104504, 19014676, 0, 0, 0
104605, 20285482, 0, 0, 0
104775, 84554598, 0, 0, 0
104848, 72917863, 0, 0, 0
104948, 50415091, 0, 0, 0
105048, 49965332, 0, 0, 0
105127, 78277559, 0, 0, 0
105206, 79401154, 0, 0, 0
105312, 53207004, 0, 0, 0
105421, 36308752, 0, 0, 0
105535, 37987843, 0, 0, 0
105638, 34361619, 0, 0, 0
105738, 49685313, 0, 0, 0
105848, 55081828, 0, 0, 0
105974, 25118962, 0, 0, 0
106052, 78827892, 0, 0, 0
106127, 74182225, 0, 0, 0
106241, 37997605, 0, 0, 0
106318, 77568835, 0, 0, 0
106417, 32848133, 0, 0, 0
106517, 33471682, 0, 0, 0
106602, 42521674, 0, 0, 0
106718, 38514094, 0, 0, 0
106870, 25381352, 0, 0, 0
106906, 36304769, 0, 0, 0
107023, 38832368, 0, 0, 0
107103, 79951660, 0, 0, 0
107229, 42044198, 0, 0, 0
107378, 49659516, 0, 0, 0
107407, 28451485, 0, 0, 0
107555, 74297561, 0, 0, 0
107632, 76902260, 0, 0, 0
107774, 47454037, 0, 0, 0
107803, 28893164, 0, 0, 0
107950, 73527979, 0, 0, 0
108037, 87001210, 0, 0, 0
108171, 44660231, 0, 0, 0
108205, 16849526, 0, 0, 0
108310, 20905281, 0, 0, 0
108494, 184148393, 0, 0, 0
108521, 27369801, 0, 0, 0
108676, 51667770, 0, 0, 0
108701, 24809293, 0, 0, 0
108849, 74238484, 0, 0, 0
108915, 32795895, 0, 0, 0
109015, 99764844, 0, 0, 0
109106, 45797900, 0, 0, 0
109212, 35225886, 0, 0, 0
109345, 22058364, 0, 0, 0
109401, 28266085, 0, 0, 0
109509, 10762400, 0, 0, 0
109749, 80158441, 0, 0, 0
109822, 72958223, 0, 0, 0
109958, 67978382, 0, 0, 0
110038, 80070475, 0, 0, 0
110165, 63240269, 0, 0, 0
110268, 51687373, 0, 0, 0
110302, 33733691, 0, 0, 0
110448, 36433769, 0, 0, 0
110522, 74173769, 0, 0, 0
110622, 50029920, 0, 0, 0
110711, 17752802, 0, 0, 0
110950, 79918463, 0, 0, 0
111056, 35209603, 0, 0, 0
111164, 36051644, 0, 0, 0
111243, 78264145, 0, 0, 0
111330, 43538579, 0, 0, 0
111411, 40828514, 0, 0, 0
111567, 77630018, 0, 0, 0
111653, 86256901, 0, 0, 0
111707, 27266568, 0, 0, 0
111802, 31465412, 0, 0, 0
111912, 27532491, 0, 0, 0
112004, 22913407, 0, 0, 0
112162, 52819316, 0, 0, 0
112219, 28560380, 0, 0, 0
112301, 20466369, 0, 0, 0
112429, 21302623, 0, 0, 0
112644, 71697946, 0, 0, 0
112767, 30612236, 0, 0, 0
112839, 72721293, 0, 0, 0
112913, 74047140, 0, 0, 0
113069, 77722165, 0, 0, 0
113125, 28033300, 0, 0, 0
113275, 37530483, 0, 0, 0
113305, 15003537, 0, 0, 0
113418, 37539903, 0, 0, 0
113502, 28189488, 0, 0, 0
113602, 24932890, 0, 0, 0
113804, 67260945, 0, 0, 0
113935, 32715409, 0, 0, 0
114007, 72693517, 0, 0, 0
114118, 55441890, 0, 0, 0
114251, 66578533, 0, 0, 0
114324, 72375737, 0, 0, 0
114403, 79492956, 0, 0, 0
114510, 21375594, 0, 0, 0
114654, 35887284, 0, 0, 0
114728, 74003985, 0, 0, 0
114816, 29490513, 0, 0, 0
114940, 41218490, 0, 0, 0
115020, 80298512, 0, 0, 0
115105, 42212096, 0, 0, 0
115212, 35656961, 0, 0, 0
115365, 76459064, 0, 0, 0
115443, 78634397, 0, 0, 0
115517, 73985426, 0, 0, 0
115616, 49271582, 0, 0, 0
115709, 46379318, 0, 0, 0
115859, 49983761, 0, 0, 0
115916, 57608848, 0, 0, 0
116074, 39382141, 0, 0, 0
116107, 32948175, 0, 0, 0
116217, 27564791, 0, 0, 0
116362, 72356423, 0, 0, 0
116420, 29267210, 0, 0, 0
116501, 80434334, 0, 0, 0
116609, 36016928, 0, 0, 0
116748, 46365640, 0, 0, 0
116810, 10307959, 0, 0, 0
116921, 37201238, 0, 0, 0
117057, 67941227, 0, 0, 0
117143, 42861211, 0, 0, 0
117220, 19191074, 0, 0, 0
117471, 83755115, 0, 0, 0
117556, 84951172, 0, 0, 0
117633, 76916800, 0, 0, 0
117706, 73142843, 0, 0, 0
117867, 80459901, 0, 0, 0
117922, 54741150, 0, 0, 0
118018, 24168101, 0, 0, 0
118110, 45710841, 0, 0, 0
118212, 51147898, 0, 0, 0
118367, 77257655, 0, 0, 0
118443, 76800207, 0, 0, 0
118509, 32527238, 0, 0, 0
118671, 27132658, 0, 0, 0
118746, 74850450, 0, 0, 0
118825, 39605816, 0, 0, 0
118901, 75184040, 0, 0, 0
119009, 54048904, 0, 0, 0
119163, 51275729, 0, 0, 0
119219, 18805066, 0, 0, 0
119305, 86247997, 0, 0, 0
119410, 35009689, 0, 0, 0
119534, 17679939, 0, 0, 0
119615, 80803322, 0, 0, 0
119728, 56317210, 0, 0, 0
119895, 55818988, 0, 0, 0
119923, 27917166, 0, 0, 0
120021, 49234387, 0, 0, 0
120174, 76066291, 0, 0, 0
120252, 78351443, 0, 0, 0
120304, 26199597, 0, 0, 0
120486, 60593425, 0, 0, 0
120566, 39980988, 0, 0, 0
120644, 78305653, 0, 0, 0
120759, 28598872, 0, 0, 0
120836, 77321850, 0, 0, 0
120915, 79120003, 0, 0, 0
121002, 28885081, 0, 0, 0
121102, 33207424, 0, 0, 0
121211, 36609221, 0, 0, 0
121335, 61668618, 0, 0, 0
121401, 33000617, 0, 0, 0
121501, 33467641, 0, 0, 0
121606, 52232943, 0, 0, 0
121742, 34180990, 0, 0, 0
121802, 9890970, 0, 0, 0
121975, 34583833, 0, 0, 0
122057, 82539362, 0, 0, 0
122135, 78033389, 0, 0, 0
122211, 75756702, 0, 0, 0
122365, 76849487, 0, 0, 0
122401, 35794835, 0, 0, 0
122536, 33836308, 0, 0, 0
122640, 51877580, 0, 0, 0
122719, 26362305, 0, 0, 0
122810, 91424811, 0, 0, 0
122924, 57035622, 0, 0, 0
123001, 38444772, 0, 0, 0
123153, 75956987, 0, 0, 0
123253, 33289866, 0, 0, 0
123359, 53103936, 0, 0, 0
123431, 71212450, 0, 0, 0
123509, 78220046, 0, 0, 0
123667, 79106701, 0, 0, 0
123740, 73162862, 0, 0, 0
123819, 79119341, 0, 0, 0
123978, 79309123, 0, 0, 0
124026, 12033758, 0, 0, 0
124102, 76420055, 0, 0, 0
124245, 47626244, 0, 0, 0
124304, 29058579, 0, 0, 0
124419, 19294973, 0, 0, 0
124511, 22954913, 0, 0, 0
124602, 18178891, 0, 0, 0
124848, 40998127, 0, 0, 0
124923, 18634898, 0, 0, 0
125029, 26600391, 0, 0, 0
125100, 23627750, 0, 0, 0
125219, 29754631, 0, 0, 0
125324, 26211849, 0, 0, 0
125406, 40873094, 0, 0, 0
125756, 116711652, 0, 0, 0
125838, 82734385, 0, 0, 0
125950, 55879869, 0, 0, 0
126030, 79816456, 0, 0, 0
126150, 39855269, 0, 0, 0
126227, 77701548, 0, 0, 0
126307, 39808448, 0, 0, 0
126407, 50201398, 0, 0, 0
126504, 16151204, 0, 0, 0
126611, 106902668, 0, 0, 0
126743, 32949901, 0, 0, 0
126815, 14279712, 0, 0, 0
127022, 44445282, 0, 0, 0
127101, 78721640, 0, 0, 0
127266, 41394990, 0, 0, 0
127345, 78355811, 0, 0, 0
127426, 27144040, 0, 0, 0
127508, 40677689, 0, 0, 0
127648, 70286535, 0, 0, 0
127729, 80758221, 0, 0, 0
127860, 65309033, 0, 0, 0
127931, 23781329, 0, 0, 0
128022, 45365728, 0, 0, 0
128114, 30803286, 0, 0, 0
128223, 36233244, 0, 0, 0
128300, 25809251, 0, 0, 0
128409, 36271130, 0, 0, 0
128511, 20435090, 0, 0, 0
128629, 39282180, 0, 0, 0
128718, 29506063, 0, 0, 0
128814, 32141020, 0, 0, 0
129149, 335286673, 0, 0, 0
129221, 17977747, 0, 0, 0
129413, 95976403, 0, 0, 0
129508, 31706505, 0, 0, 0
129605, 96745563, 0, 0, 0
129713, 53681823, 0, 0, 0
129807, 47129210, 0, 0, 0
129962, 77396254, 0, 0, 0
130041, 79456597, 0, 0, 0
130118, 76627419, 0, 0, 0
130227, 54523508, 0, 0, 0
130306, 79137423, 0, 0, 0
130472, 82938257, 0, 0, 0
130501, 28738789, 0, 0, 0
130660, 79522298, 0, 0, 0
130712, 52083469, 0, 0, 0
130866, 77098763, 0, 0, 0
130960, 31287108, 0, 0, 0
131035, 75242266, 0, 0, 0
131172, 68338004, 0, 0, 0
131225, 26452102, 0, 0, 0
131339, 57274024, 0, 0, 0
131424, 42241380, 0, 0, 0
131507, 41399942, 0, 0, 0
131613, 53399225, 0, 0, 0
131744, 32610976, 0, 0, 0
131815, 17849097, 0, 0, 0
132005, 63106147, 0, 0, 0
132112, 53695107, 0, 0, 0
132268, 78132367, 0, 0, 0
132343, 74574423, 0, 0, 0
132453, 36797308, 0, 0, 0
132535, 81503008, 0, 0, 0
132612, 76739694, 0, 0, 0
132761, 74533234, 0, 0, 0
132867, 53243302, 0, 0, 0
132976, 54225682, 0, 0, 0
133060, 42044305, 0, 0, 0
133130, 70531560, 0, 0, 0
133207, 76646801, 0, 0, 0
133312, 52378909, 0, 0, 0
133434, 61025517, 0, 0, 0
133526, 46145812, 0, 0, 0
133602, 75590557, 0, 0, 0
133761, 39861869, 0, 0, 0
133874, 37805397, 0, 0, 0
133961, 43011783, 0, 0, 0
134038, 77390127, 0, 0, 0
134113, 74842061, 0, 0, 0
134267, 77131275, 0, 0, 0
134347, 80053622, 0, 0, 0
134435, 43755250, 0, 0, 0
134514, 79200388, 0, 0, 0
134667, 76363203, 0, 0, 0
134746, 79793182, 0, 0, 0
134857, 36786514, 0, 0, 0
134936, 79101467, 0, 0, 0
135016, 80453273, 0, 0, 0
135174, 31564167, 0, 0, 0
135250, 75456935, 0, 0, 0
135351, 50460168, 0, 0, 0
135423, 72534237, 0, 0, 0
135502, 78858833, 0, 0, 0
135661, 52990796, 0, 0, 0
135744, 41583553, 0, 0, 0
135818, 73909377, 0, 0, 0
135977, 79276610, 0, 0, 0
136056, 79722905, 0, 0, 0
136132, 75403035, 0, 0, 0
136237, 52719920, 0, 0, 0
136350, 56452011, 0, 0, 0
136435, 42627381, 0, 0, 0
136572, 45567981, 0, 0, 0
136651, 79115219, 0, 0, 0
136732, 81216115, 0, 0, 0
136806, 18352192, 0, 0, 0
136907, 101195085, 0, 0, 0
137010, 51524873, 0, 0, 0
137163, 76283884, 0, 0, 0
137240, 77767605, 0, 0, 0
137319, 78995382, 0, 0, 0
137406, 43486514, 0, 0, 0
137547, 46974246, 0, 0, 0
137627, 80104491, 0, 0, 0
137765, 45773380, 0, 0, 0
137811, 45930773, 0, 0, 0
137964, 76382465, 0, 0, 0
138024, 30109888, 0, 0, 0
138137, 56469992, 0, 0, 0
138212, 75454422, 0, 0, 0
138319, 53618597, 0, 0, 0
138407, 43551046, 0, 0, 0
138556, 74709908, 0, 0, 0
138638, 81872557, 0, 0, 0
138744, 52867533, 0, 0, 0
138825, 81123187, 0, 0, 0
138901, 75849150, 0, 0, 0
139009, 36213345, 0, 0, 0
139119, 36700697, 0, 0, 0
139231, 56042985, 0, 0, 0
139308, 19130323, 0, 0, 0
139409, 100580932, 0, 0, 0
139506, 32529206, 0, 0, 0
139630, 41285118, 0, 0, 0
139709, 26140931, 0, 0, 0
139809, 20079323, 0, 0, 0
139926, 29297589, 0, 0, 0
140004, 38818457, 0, 0, 0
140351, 115639199, 0, 0, 0
140408, 28679594, 0, 0, 0
140535, 63367431, 0, 0, 0
140618, 27754131, 0, 0, 0
140716, 32481476, 0, 0, 0
140936, 110140342, 0, 0, 0
141068, 65845221, 0, 0, 0
141104, 35975057, 0, 0, 0
141328, 56055377, 0, 0, 0
141402, 74506990, 0, 0, 0
141652, 49984646, 0, 0, 0
141761, 54130869, 0, 0, 0
141814, 26613697, 0, 0, 0
141931, 58841059, 0, 0, 0
142072, 46971685, 0, 0, 0
142109, 36447118, 0, 0, 0
142221, 55957462, 0, 0, 0
142324, 51834783, 0, 0, 0
142465, 70323943, 0, 0, 0
142500, 34544976, 0, 0, 0
142612, 28087418, 0, 0, 0
142848, 235727812, 0, 0, 0
142927, 79297492, 0, 0, 0
143005, 77643652, 0, 0, 0
143163, 78974250, 0, 0, 0
143241, 39319895, 0, 0, 0
143320, 78303238, 0, 0, 0
143488, 83979234, 0, 0, 0
143542, 54601638, 0, 0, 0
143611, 68776442, 0, 0, 0
143770, 79315277, 0, 0, 0
143842, 72765820, 0, 0, 0
143908, 32961001, 0, 0, 0
144046, 45859176, 0, 0, 0
144127, 80837679, 0, 0, 0
144211, 41881421, 0, 0, 0
144330, 29816715, 0, 0, 0
144431, 101244867, 0, 0, 0
144572, 47096842, 0, 0, 0
144651, 78802410, 0, 0, 0
144728, 77073810, 0, 0, 0
144855, 63220434, 0, 0, 0
144930, 75310789, 0, 0, 0
145009, 78470266, 0, 0, 0
145168, 79751248, 0, 0, 0
145243, 75365135, 0, 0, 0
145311, 22574177, 0, 0, 0
145462, 75509742, 0, 0, 0
145539, 76816477, 0, 0, 0
145614, 75218584, 0, 0, 0
145728, 57051001, 0, 0, 0
145837, 54309095, 0, 0, 0
145915, 78352283, 0, 0, 0
146021, 53058536, 0, 0, 0
146103, 27199075, 0, 0, 0
146201, 48902232, 0, 0, 0
146366, 55089545, 0, 0, 0
146427, 61340939, 0, 0, 0
146512, 28064396, 0, 0, 0
146671, 52955120, 0, 0, 0
146744, 73720091, 0, 0, 0
146803, 19674058, 0, 0, 0
146980, 58764517, 0, 0, 0
147054, 74329210, 0, 0, 0
147134, 79765528, 0, 0, 0
147213, 39499176, 0, 0, 0
147330, 38926480, 0, 0, 0
147435, 52590011, 0, 0, 0
147515, 40311137, 0, 0, 0
147667, 50458897, 0, 0, 0
147781, 57029967, 0, 0, 0
147855, 74214407, 0, 0, 0
147918, 31379788, 0, 0, 0
148072, 51491584, 0, 0, 0
148122, 24694077, 0, 0, 0
148234, 111865641, 0, 0, 0
148312, 78125192, 0, 0, 0
148415, 51755141, 0, 0, 0
148527, 37132925, 0, 0, 0
148604, 76939422, 0, 0, 0
148747, 47786147, 0, 0, 0
148822, 75291009, 0, 0, 0
148938, 38680214, 0, 0, 0
149016, 77313257, 0, 0, 0
149123, 53548300, 0, 0, 0
149213, 45003014, 0, 0, 0
149331, 39325580, 0, 0, 0
149419, 44178196, 0, 0, 0
149508, 29656063, 0, 0, 0
149683, 43727992, 0, 0, 0
149764, 80653590, 0, 0, 0
149839, 74831782, 0, 0, 0
149910, 35654245, 0, 0, 0
150022, 56213571, 0, 0, 0
150101, 78187877, 0, 0, 0
150218, 39050767, 0, 0, 0
150319, 33918451, 0, 0, 0
150455, 45115709, 0, 0, 0
150565, 36686235, 0, 0, 0
150651, 86124490, 0, 0, 0
150721, 69822613, 0, 0, 0
150822, 50727875, 0, 0, 0
150962, 46708708, 0, 0, 0
151074, 55788438, 0, 0, 0
151154, 80339652, 0, 0, 0
151203, 24130374, 0, 0, 0
151344, 47225752, 0, 0, 0
151425, 80234550, 0, 0, 0
151502, 77207023, 0, 0, 0
151612, 36881119, 0, 0, 0
151713, 50301282, 0, 0, 0
151804, 22759585, 0, 0, 0
152025, 24509240, 0, 0, 0
152100, 74878627, 0, 0, 0
152210, 55125213, 0, 0, 0
152324, 28535461, 0, 0, 0
152428, 51767688, 0, 0, 0
152538, 55023690, 0, 0, 0
152612, 74267594, 0, 0, 0
152770, 78955634, 0, 0, 0
152845, 75536242, 0, 0, 0
152903, 28987737, 0, 0, 0
153021, 29450464, 0, 0, 0
153109, 21956401, 0, 0, 0
153313, 40860338, 0, 0, 0
153432, 29613450, 0, 0, 0
153505, 24488195, 0, 0, 0
153611, 26354112, 0, 0, 0
153809, 66139234, 0, 0, 0
153969, 159319782, 0, 0, 0
154085, 58354814, 0, 0, 0
154118, 32668276, 0, 0, 0
154206, 17637331, 0, 0, 0
154323, 29143791, 0, 0, 0
154400, 25738079, 0, 0, 0
154510, 27490013, 0, 0, 0
154605, 23629397, 0, 0, 0
154783, 59544339, 0, 0, 0
154821, 37885202, 0, 0, 0
154900, 26392562, 0, 0, 0
155000, 24905359, 0, 0, 0
155318, 105956787, 0, 0, 0
155470, 38161979, 0, 0, 0
155502, 15579351, 0, 0, 0
155650, 74095158, 0, 0, 0
155746, 48295532, 0, 0, 0
155820, 73608535, 0, 0, 0
155901, 80478233, 0, 0, 0
156029, 42858614, 0, 0, 0
156145, 38578681, 0, 0, 0
156216, 71341803, 0, 0, 0
156315, 49290407, 0, 0, 0
156404, 88998471, 0, 0, 0
156516, 55849785, 0, 0, 0
156620, 52110422, 0, 0, 0
156775, 77638356, 0, 0, 0
156804, 29026583, 0, 0, 0
156994, 27057148, 0, 0, 0
157072, 78585068, 0, 0, 0
157148, 75780182, 0, 0, 0
157229, 81550883, 0, 0, 0
157304, 74214774, 0, 0, 0
157413, 54627588, 0, 0, 0
157567, 51432728, 0, 0, 0
157671, 51778249, 0, 0, 0
157708, 37281223, 0, 0, 0
157828, 59696742, 0, 0, 0
157965, 45897472, 0, 0, 0
158000, 17168247, 0, 0, 0
158107, 53476844, 0, 0, 0
158260, 76715213, 0, 0, 0
158337, 77154464, 0, 0, 0
158412, 74747172, 0, 0, 0
158560, 49341794, 0, 0, 0
158643, 82831736, 0, 0, 0
158714, 70842862, 0, 0, 0
158864, 75037836, 0, 0, 0
158973, 54698990, 0, 0, 0
159051, 78250886, 0, 0, 0
159132, 80953779, 0, 0, 0
159211, 78279131, 0, 0, 0
159325, 38134898, 0, 0, 0
159405, 79466519, 0, 0, 0
159504, 33035938, 0, 0, 0
159606, 101829595, 0, 0, 0
159763, 78670832, 0, 0, 0
159841, 78240136, 0, 0, 0
159905, 32056757, 0, 0, 0
160011, 53069332, 0, 0, 0
160114, 51277492, 0, 0, 0
160263, 74532289, 0, 0, 0
160346, 82587021, 0, 0, 0
160455, 54817001, 0, 0, 0
160511, 28097683, 0, 0, 0
160629, 58586686, 0, 0, 0
160708, 79490519, 0, 0, 0
160812, 51932598, 0, 0, 0
160972, 53449916, 0, 0, 0
161051, 78510327, 0, 0, 0
161130, 78992790, 0, 0, 0
161200, 70078213, 0, 0, 0
161307, 53543487, 0, 0, 0
161426, 59407583, 0, 0, 0
161534, 26948190, 0, 0, 0
161620, 43178135, 0, 0, 0
161774, 77154738, 0, 0, 0
161829, 54474515, 0, 0, 0
161921, 11509895, 0, 0, 0
162066, 72470634, 0, 0, 0
162117, 25716408, 0, 0, 0
162217, 33060671, 0, 0, 0
162325, 35985495, 0, 0, 0
162422, 24297663, 0, 0, 0
162604, 182012445, 0, 0, 0
162718, 56846399, 0, 0, 0
162810, 30792115, 0, 0, 0
162918, 53945521, 0, 0, 0
163016, 49271743, 0, 0, 0
163174, 52544495, 0, 0, 0
163254, 79599921, 0, 0, 0
163367, 56448786, 0, 0, 0
163440, 73640659, 0, 0, 0
163517, 76685594, 0, 0, 0
163635, 39463291, 0, 0, 0
163719, 16792890, 0, 0, 0
163801, 82129897, 0, 0, 0
163909, 53543460, 0, 0, 0
164019, 55102378, 0, 0, 0
164150, 65603547, 0, 0, 0
164228, 77503020, 0, 0, 0
164334, 35619826, 0, 0, 0
164415, 80416981, 0, 0, 0
164526, 55585221, 0, 0, 0
164600, 24544053, 0, 0, 0
164729, 25875266, 0, 0, 0
164964, 117470235, 0, 0, 0
165056, 45813765, 0, 0, 0
165162, 53091450, 0, 0, 0
165212, 24848453, 0, 0, 0
165302, 22646703, 0, 0, 0
165421, 39472702, 0, 0, 0
165523, 34165339, 0, 0, 0
165697, 173526728, 0, 0, 0
165722, 25776229, 0, 0, 0
165802, 79095700, 0, 0, 0
165949, 49155778, 0, 0, 0
166024, 74586866, 0, 0, 0
166145, 30439804, 0, 0, 0
166219, 74087786, 0, 0, 0
166354, 33547440, 0, 0, 0
166424, 35024168, 0, 0, 0
166633, 69838472, 0, 0, 0
166717, 42049306, 0, 0, 0
166803, 21359324, 0, 0, 0
166939, 22611080, 0, 0, 0
167012, 24341317, 0, 0, 0
167108, 48408951, 0, 0, 0
167285, 88475275, 0, 0, 0
167318, 33020530, 0, 0, 0
167432, 56706600, 0, 0, 0
167504, 71733610, 0, 0, 0
167627, 30784449, 0, 0, 0
167749, 61089104, 0, 0, 0
167830, 80721041, 0, 0, 0
167909, 79352549, 0, 0, 0
168023, 56947863, 0, 0, 0
168176, 76631922, 0, 0, 0
168257, 80484673, 0, 0, 0
168337, 79836078, 0, 0, 0
168402, 32879466, 0, 0, 0
168574, 34427859, 0, 0, 0
168648, 73976713, 0, 0, 0
168725, 76403701, 0, 0, 0
168834, 36399731, 0, 0, 0
168911, 76980887, 0, 0, 0
169011, 50007516, 0, 0, 0
169166, 77359368, 0, 0, 0
169240, 74016966, 0, 0, 0
169334, 47139291, 0, 0, 0
169409, 74821396, 0, 0, 0
169504, 18919316, 0, 0, 0
169689, 23139240, 0, 0, 0
169720, 31261977, 0, 0, 0
169891, 57054969, 0, 0, 0
169968, 76396598, 0, 0, 0
170078, 55208479, 0, 0, 0
170154, 75604629, 0, 0, 0
170240, 21476848, 0, 0, 0
170315, 75373085, 0, 0, 0
170438, 40980173, 0, 0, 0
170508, 23266895, 0, 0, 0
170665, 52456531, 0, 0, 0
170739, 73729238, 0, 0, 0
170844, 52784986, 0, 0, 0
170921, 77029312, 0, 0, 0
171063, 28317909, 0, 0, 0
171174, 55413510, 0, 0, 0
171252, 78139076, 0, 0, 0
171331, 39446813, 0, 0, 0
171470, 46451199, 0, 0, 0
171562, 45655812, 0, 0, 0
171636, 74644860, 0, 0, 0
171711, 75065313, 0, 0, 0
171831, 59975454, 0, 0, 0
171909, 25975802, 0, 0, 0
172016, 26670685, 0, 0, 0
172170, 77108093, 0, 0, 0
172234, 21369024, 0, 0, 0
172361, 126918998, 0, 0, 0
172512, 50180265, 0, 0, 0
172615, 51593676, 0, 0, 0
172770, 77398064, 0, 0, 0
172822, 26070597, 0, 0, 0
172908, 17290789, 0, 0, 0
173086, 177171315, 0, 0, 0
173168, 82168039, 0, 0, 0
173243, 75387458, 0, 0, 0
173323, 79504024, 0, 0, 0
173400, 77588471, 0, 0, 0
173527, 31603804, 0, 0, 0
173727, 49943071, 0, 0, 0
173844, 58776871, 0, 0, 0
173918, 73662102, 0, 0, 0
174072, 51233711, 0, 0, 0
174146, 74815684, 0, 0, 0
174272, 62924318, 0, 0, 0
174468, 65350773, 0, 0, 0
174502, 33802171, 0, 0, 0
174654, 50618674, 0, 0, 0
174734, 80232337, 0, 0, 0
174815, 81258006, 0, 0, 0
174945, 43031417, 0, 0, 0
175049, 52273442, 0, 0, 0
175125, 25337711, 0, 0, 0
175325, 66694675, 0, 0, 0
175405, 79411646, 0, 0, 0
175517, 56308650, 0, 0, 0
175607, 22403029, 0, 0, 0
175797, 47413870, 0, 0, 0
175870, 73334329, 0, 0, 0
175968, 49063067, 0, 0, 0
176019, 7310320, 0, 0, 0
176126, 106982397, 0, 0, 0
176279, 51057115, 0, 0, 0
176307, 27905116, 0, 0, 0
176403, 95194176, 0, 0, 0
176517, 57297051, 0, 0, 0
176676, 20848843, 0, 0, 0
176753, 76885219, 0, 0, 0
176830, 77208142, 0, 0, 0
176930, 14334408, 0, 0, 0
177062, 66051619, 0, 0, 0
177162, 33064337, 0, 0, 0
177257, 95239952, 0, 0, 0
177335, 39252394, 0, 0, 0
177412, 76637271, 0, 0, 0
177563, 75711678, 0, 0, 0
177615, 25791141, 0, 0, 0
177701, 17242816, 0, 0, 0
177905, 40741046, 0, 0, 0
178009, 34781675, 0, 0, 0
178138, 128929260, 0, 0, 0
178217, 79195718, 0, 0, 0
178326, 54043883, 0, 0, 0
178400, 73955489, 0, 0, 0
178509, 36331379, 0, 0, 0
178664, 77928614, 0, 0, 0
178777, 56416265, 0, 0, 0
178853, 75464334, 0, 0, 0
178927, 74270947, 0, 0, 0
179062, 67703056, 0, 0, 0
179142, 79277318, 0, 0, 0
179253, 55645760, 0, 0, 0
179354, 50526691, 0, 0, 0
179409, 27584588, 0, 0, 0
179518, 27057000, 0, 0, 0
179675, 52486325, 0, 0, 0
179749, 74257108, 0, 0, 0
179850, 50278817, 0, 0, 0
179930, 80305021, 0, 0, 0
180005, 74787895, 0, 0, 0
