146, 6, 0, 0, 0
246, 30, 0, 0, 0
346, 20, 0, 0, 0
446, 10, 0, 0, 0
546, 20, 0, 0, 0
646, 20, 0, 0, 0
746, 20, 0, 0, 0
846, 10, 0, 0, 0
946, 30, 0, 0, 0
1046, 10, 0, 0, 0
1146, 10, 0, 0, 0
1246, 20, 0, 0, 0
1346, 10, 0, 0, 0
1446, 20, 0, 0, 0
1546, 20, 0, 0, 0
1645, 70, 0, 0, 0
1745, 60, 0, 0, 0
1845, 10, 0, 0, 0
2046, 110, 0, 0, 0
2146, 10, 0, 0, 0
2246, 10, 0, 0, 0
2346, 80, 0, 0, 0
2446, 100, 0, 0, 0
2546, 30, 0, 0, 0
2746, 10, 0, 0, 0
2846, 60, 0, 0, 0
2946, 30, 0, 0, 0
3046, 70, 0, 0, 0
3146, 111, 0, 0, 0
3246, 40, 0, 0, 0
3346, 60, 0, 0, 0
3446, 70, 0, 0, 0
3546, 80, 0, 0, 0
3646, 80, 0, 0, 0
3746, 60, 0, 0, 0
3846, 70, 0, 0, 0
3946, 70, 0, 0, 0
4445, 20, 0, 0, 0
4546, 20, 0, 0, 0
4646, 110, 0, 0, 0
4746, 50, 0, 0, 0
4946, 50, 0, 0, 0
5046, 100, 0, 0, 0
5146, 40, 0, 0, 0
5346, 30, 0, 0, 0
5446, 30, 0, 0, 0
5546, 90, 0, 0, 0
5645, 40, 0, 0, 0
5745, 20, 0, 0, 0
5945, 10, 0, 0, 0
6045, 40, 0, 0, 0
6146, 50, 0, 0, 0
6246, 10, 0, 0, 0
6446, 30, 0, 0, 0
6546, 30, 0, 0, 0
6646, 70, 0, 0, 0
6746, 30, 0, 0, 0
6846, 70, 0, 0, 0
7145, 20, 0, 0, 0
7245, 20, 0, 0, 0
7345, 20, 0, 0, 0
7445, 30, 0, 0, 0
7545, 20, 0, 0, 0
7645, 10, 0, 0, 0
7746, 40, 0, 0, 0
7846, 10, 0, 0, 0
7946, 30, 0, 0, 0
8046, 20, 0, 0, 0
8146, 10, 0, 0, 0
8246, 10, 0, 0, 0
8346, 70, 0, 0, 0
8446, 20, 0, 0, 0
8546, 20, 0, 0, 0
8646, 30, 0, 0, 0
8746, 30, 0, 0, 0
8846, 20, 0, 0, 0
8946, 30, 0, 0, 0
9046, 20, 0, 0, 0
9145, 20, 0, 0, 0
9245, 40, 0, 0, 0
9345, 10, 0, 0, 0
9446, 30, 0, 0, 0
9546, 10, 0, 0, 0
9646, 20, 0, 0, 0
9746, 40, 0, 0, 0
9846, 50, 0, 0, 0
9946, 60, 0, 0, 0
10046, 10, 0, 0, 0
10146, 30, 0, 0, 0
10246, 20, 0, 0, 0
10346, 40, 0, 0, 0
10446, 10, 0, 0, 0
10546, 40, 0, 0, 0
10645, 20, 0, 0, 0
10745, 30, 0, 0, 0
10845, 20, 0, 0, 0
10946, 40, 0, 0, 0
11046, 60, 0, 0, 0
11146, 70, 0, 0, 0
11246, 60, 0, 0, 0
11346, 50, 0, 0, 0
11446, 50, 0, 0, 0
11546, 20, 0, 0, 0
11646, 70, 0, 0, 0
11746, 40, 0, 0, 0
11946, 30, 0, 0, 0
12245, 50, 0, 0, 0
12345, 20, 0, 0, 0
12446, 10, 0, 0, 0
12546, 20, 0, 0, 0
12646, 10, 0, 0, 0
12746, 10, 0, 0, 0
12846, 40, 0, 0, 0
12946, 30, 0, 0, 0
13046, 30, 0, 0, 0
13146, 20, 0, 0, 0
13246, 30, 0, 0, 0
13346, 30, 0, 0, 0
13446, 30, 0, 0, 0
13546, 10, 0, 0, 0
13645, 20, 0, 0, 0
13745, 40, 0, 0, 0
13845, 20, 0, 0, 0
13945, 20, 0, 0, 0
14046, 20, 0, 0, 0
14146, 20, 0, 0, 0
14246, 30, 0, 0, 0
14346, 20, 0, 0, 0
14446, 20, 0, 0, 0
14546, 30, 0, 0, 0
14646, 60, 0, 0, 0
14746, 30, 0, 0, 0
14846, 20, 0, 0, 0
14946, 20, 0, 0, 0
15046, 10, 0, 0, 0
15145, 10, 0, 0, 0
15245, 10, 0, 0, 0
15345, 20, 0, 0, 0
15445, 20, 0, 0, 0
15545, 30, 0, 0, 0
15645, 20, 0, 0, 0
15746, 10, 0, 0, 0
15846, 10, 0, 0, 0
15946, 40, 0, 0, 0
16046, 20, 0, 0, 0
16146, 20, 0, 0, 0
16246, 30, 0, 0, 0
16346, 40, 0, 0, 0
16446, 10, 0, 0, 0
16546, 10, 0, 0, 0
16646, 70, 0, 0, 0
16746, 60, 0, 0, 0
16846, 20, 0, 0, 0
17145, 20, 0, 0, 0
17245, 20, 0, 0, 0
17345, 20, 0, 0, 0
17446, 10, 0, 0, 0
17546, 20, 0, 0, 0
17646, 20, 0, 0, 0
17746, 20, 0, 0, 0
17846, 10, 0, 0, 0
17946, 20, 0, 0, 0
18046, 20, 0, 0, 0
18146, 40, 0, 0, 0
18246, 20, 0, 0, 0
18346, 10, 0, 0, 0
18446, 30, 0, 0, 0
18546, 40, 0, 0, 0
18645, 10, 0, 0, 0
18745, 20, 0, 0, 0
18845, 20, 0, 0, 0
18945, 30, 0, 0, 0
19045, 20, 0, 0, 0
19146, 40, 0, 0, 0
19246, 40, 0, 0, 0
19346, 20, 0, 0, 0
19446, 100, 0, 0, 0
19546, 50, 0, 0, 0
19646, 60, 0, 0, 0
19946, 30, 0, 0, 0
20046, 40, 0, 0, 0
20146, 10, 0, 0, 0
20246, 20, 0, 0, 0
20346, 20, 0, 0, 0
20446, 40, 0, 0, 0
20546, 10, 0, 0, 0
20645, 20, 0, 0, 0
20745, 20, 0, 0, 0
20845, 10, 0, 0, 0
20946, 20, 0, 0, 0
21046, 50, 0, 0, 0
21146, 20, 0, 0, 0
21246, 20, 0, 0, 0
21346, 30, 0, 0, 0
21446, 10, 0, 0, 0
21546, 10, 0, 0, 0
21646, 40, 0, 0, 0
21746, 30, 0, 0, 0
21846, 10, 0, 0, 0
21946, 20, 0, 0, 0
22046, 10, 0, 0, 0
22145, 10, 0, 0, 0
22245, 30, 0, 0, 0
22345, 20, 0, 0, 0
22445, 10, 0, 0, 0
22545, 20, 0, 0, 0
22646, 20, 0, 0, 0
22746, 40, 0, 0, 0
22846, 20, 0, 0, 0
22946, 20, 0, 0, 0
23046, 20, 0, 0, 0
23146, 10, 0, 0, 0
23246, 20, 0, 0, 0
23346, 10, 0, 0, 0
23446, 20, 0, 0, 0
23546, 50, 0, 0, 0
23645, 10, 0, 0, 0
23745, 20, 0, 0, 0
23845, 20, 0, 0, 0
23945, 20, 0, 0, 0
24045, 40, 0, 0, 0
24145, 10, 0, 0, 0
24246, 30, 0, 0, 0
24346, 50, 0, 0, 0
24446, 10, 0, 0, 0
24546, 40, 0, 0, 0
24646, 10, 0, 0, 0
24746, 30, 0, 0, 0
24846, 20, 0, 0, 0
24946, 40, 0, 0, 0
25046, 20, 0, 0, 0
25145, 30, 0, 0, 0
25245, 30, 0, 0, 0
25345, 50, 0, 0, 0
25445, 40, 0, 0, 0
25546, 50, 0, 0, 0
25646, 40, 0, 0, 0
25746, 50, 0, 0, 0
25846, 40, 0, 0, 0
25946, 20, 0, 0, 0
26046, 30, 0, 0, 0
26346, 10, 0, 0, 0
26446, 30, 0, 0, 0
26546, 50, 0, 0, 0
26645, 60, 0, 0, 0
26745, 60, 0, 0, 0
26946, 30, 0, 0, 0
27046, 10, 0, 0, 0
27146, 10, 0, 0, 0
27246, 30, 0, 0, 0
27346, 10, 0, 0, 0
27446, 20, 0, 0, 0
27546, 20, 0, 0, 0
27646, 20, 0, 0, 0
27746, 20, 0, 0, 0
27846, 30, 0, 0, 0
27946, 50, 0, 0, 0
28046, 20, 0, 0, 0
28146, 20, 0, 0, 0
28246, 10, 0, 0, 0
28346, 20, 0, 0, 0
28446, 40, 0, 0, 0
28546, 10, 0, 0, 0
28646, 50, 0, 0, 0
28746, 10, 0, 0, 0
28846, 20, 0, 0, 0
28946, 50, 0, 0, 0
29046, 10, 0, 0, 0
29145, 20, 0, 0, 0
29245, 20, 0, 0, 0
29345, 30, 0, 0, 0
29446, 40, 0, 0, 0
29546, 30, 0, 0, 0
29646, 10, 0, 0, 0
29746, 10, 0, 0, 0
29846, 30, 0, 0, 0
29946, 10, 0, 0, 0
30046, 20, 0, 0, 0
30145, 10, 0, 0, 0
30245, 30, 0, 0, 0
30345, 10, 0, 0, 0
30445, 10, 0, 0, 0
30545, 30, 0, 0, 0
30646, 30, 0, 0, 0
30746, 30, 0, 0, 0
30846, 20, 0, 0, 0
30946, 20, 0, 0, 0
31046, 40, 0, 0, 0
31146, 40, 0, 0, 0
31246, 50, 0, 0, 0
31346, 20, 0, 0, 0
31645, 30, 0, 0, 0
31745, 70, 0, 0, 0
31845, 10, 0, 0, 0
31946, 20, 0, 0, 0
32046, 10, 0, 0, 0
32146, 20, 0, 0, 0
32246, 50, 0, 0, 0
32346, 10, 0, 0, 0
32446, 50, 0, 0, 0
32546, 10, 0, 0, 0
32645, 20, 0, 0, 0
32745, 30, 0, 0, 0
32845, 10, 0, 0, 0
32945, 40, 0, 0, 0
33045, 10, 0, 0, 0
33146, 50, 0, 0, 0
33246, 40, 0, 0, 0
33346, 40, 0, 0, 0
33446, 10, 0, 0, 0
33646, 10, 0, 0, 0
33746, 20, 0, 0, 0
33846, 10, 0, 0, 0
33946, 10, 0, 0, 0
34046, 20, 0, 0, 0
34145, 20, 0, 0, 0
34245, 20, 0, 0, 0
34345, 30, 0, 0, 0
34445, 20, 0, 0, 0
34545, 20, 0, 0, 0
34646, 40, 0, 0, 0
34746, 10, 0, 0, 0
34846, 20, 0, 0, 0
34946, 20, 0, 0, 0
35046, 10, 0, 0, 0
35146, 20, 0, 0, 0
35246, 20, 0, 0, 0
35346, 10, 0, 0, 0
35446, 40, 0, 0, 0
35546, 30, 0, 0, 0
35645, 50, 0, 0, 0
35745, 30, 0, 0, 0
35845, 10, 0, 0, 0
35946, 60, 0, 0, 0
36046, 30, 0, 0, 0
36146, 20, 0, 0, 0
36246, 30, 0, 0, 0
36346, 20, 0, 0, 0
36446, 50, 0, 0, 0
36546, 50, 0, 0, 0
36646, 80, 0, 0, 0
36746, 100, 0, 0, 0
36846, 50, 0, 0, 0
36946, 30, 0, 0, 0
37245, 10, 0, 0, 0
37345, 20, 0, 0, 0
37446, 20, 0, 0, 0
37546, 10, 0, 0, 0
37646, 10, 0, 0, 0
37746, 10, 0, 0, 0
37846, 40, 0, 0, 0
37946, 20, 0, 0, 0
38046, 50, 0, 0, 0
38145, 20, 0, 0, 0
38245, 70, 0, 0, 0
38345, 40, 0, 0, 0
38445, 20, 0, 0, 0
38646, 10, 0, 0, 0
38746, 30, 0, 0, 0
38846, 40, 0, 0, 0
38946, 10, 0, 0, 0
39046, 10, 0, 0, 0
39146, 10, 0, 0, 0
39246, 20, 0, 0, 0
39346, 10, 0, 0, 0
39446, 40, 0, 0, 0
39546, 20, 0, 0, 0
39645, 30, 0, 0, 0
39746, 20, 0, 0, 0
39846, 20, 0, 0, 0
39946, 10, 0, 0, 0
40046, 30, 0, 0, 0
40146, 30, 0, 0, 0
40246, 20, 0, 0, 0
40346, 20, 0, 0, 0
40446, 20, 0, 0, 0
40546, 20, 0, 0, 0
40645, 40, 0, 0, 0
40745, 20, 0, 0, 0
40845, 20, 0, 0, 0
40946, 20, 0, 0, 0
41046, 20, 0, 0, 0
41146, 20, 0, 0, 0
41246, 20, 0, 0, 0
41346, 20, 0, 0, 0
41446, 20, 0, 0, 0
41546, 20, 0, 0, 0
41645, 40, 0, 0, 0
41745, 50, 0, 0, 0
41945, 10, 0, 0, 0
42045, 20, 0, 0, 0
42145, 40, 0, 0, 0
42245, 10, 0, 0, 0
42346, 30, 0, 0, 0
42446, 10, 0, 0, 0
42546, 20, 0, 0, 0
42646, 20, 0, 0, 0
42746, 30, 0, 0, 0
42846, 10, 0, 0, 0
42946, 30, 0, 0, 0
43046, 20, 0, 0, 0
43146, 20, 0, 0, 0
43246, 20, 0, 0, 0
43346, 60, 0, 0, 0
43546, 10, 0, 0, 0
43645, 30, 0, 0, 0
43745, 40, 0, 0, 0
43845, 40, 0, 0, 0
43945, 60, 0, 0, 0
44045, 20, 0, 0, 0
44146, 20, 0, 0, 0
44346, 20, 0, 0, 0
44446, 20, 0, 0, 0
44546, 10, 0, 0, 0
44646, 10, 0, 0, 0
44746, 20, 0, 0, 0
44846, 40, 0, 0, 0
44946, 50, 0, 0, 0
45046, 50, 0, 0, 0
45145, 50, 0, 0, 0
45245, 60, 0, 0, 0
45346, 40, 0, 0, 0
45446, 50, 0, 0, 0
45546, 50, 0, 0, 0
45646, 10, 0, 0, 0
45846, 20, 0, 0, 0
45946, 10, 0, 0, 0
46046, 20, 0, 0, 0
46145, 10, 0, 0, 0
46245, 10, 0, 0, 0
46345, 20, 0, 0, 0
46445, 30, 0, 0, 0
46545, 20, 0, 0, 0
46645, 10, 0, 0, 0
46745, 80, 0, 0, 0
46845, 20, 0, 0, 0
46946, 20, 0, 0, 0
47046, 20, 0, 0, 0
47146, 10, 0, 0, 0
47246, 20, 0, 0, 0
47346, 10, 0, 0, 0
47446, 10, 0, 0, 0
47546, 30, 0, 0, 0
47646, 20, 0, 0, 0
47746, 20, 0, 0, 0
47846, 30, 0, 0, 0
47946, 30, 0, 0, 0
48046, 10, 0, 0, 0
48145, 20, 0, 0, 0
48245, 20, 0, 0, 0
48345, 10, 0, 0, 0
48445, 20, 0, 0, 0
48545, 10, 0, 0, 0
48646, 20, 0, 0, 0
48746, 10, 0, 0, 0
48846, 10, 0, 0, 0
48946, 40, 0, 0, 0
49046, 20, 0, 0, 0
49146, 20, 0, 0, 0
49246, 20, 0, 0, 0
49346, 10, 0, 0, 0
49446, 30, 0, 0, 0
49546, 10, 0, 0, 0
49646, 20, 0, 0, 0
49746, 10, 0, 0, 0
49846, 10, 0, 0, 0
49946, 20, 0, 0, 0
50046, 10, 0, 0, 0
50145, 10, 0, 0, 0
50245, 20, 0, 0, 0
50345, 20, 0, 0, 0
50445, 10, 0, 0, 0
50546, 10, 0, 0, 0
50646, 20, 0, 0, 0
50746, 20, 0, 0, 0
50846, 20, 0, 0, 0
50946, 10, 0, 0, 0
51046, 10, 0, 0, 0
51146, 20, 0, 0, 0
51246, 20, 0, 0, 0
51346, 10, 0, 0, 0
51446, 20, 0, 0, 0
51546, 20, 0, 0, 0
51645, 20, 0, 0, 0
51745, 50, 0, 0, 0
51845, 20, 0, 0, 0
51945, 20, 0, 0, 0
52045, 10, 0, 0, 0
52145, 20, 0, 0, 0
52245, 10, 0, 0, 0
52346, 50, 0, 0, 0
52446, 30, 0, 0, 0
52546, 10, 0, 0, 0
52646, 50, 0, 0, 0
52846, 20, 0, 0, 0
52946, 20, 0, 0, 0
53046, 20, 0, 0, 0
53146, 20, 0, 0, 0
53246, 30, 0, 0, 0
53346, 20, 0, 0, 0
53446, 20, 0, 0, 0
53546, 10, 0, 0, 0
53645, 40, 0, 0, 0
53745, 30, 0, 0, 0
53845, 50, 0, 0, 0
53945, 10, 0, 0, 0
54146, 10, 0, 0, 0
54246, 30, 0, 0, 0
54346, 20, 0, 0, 0
54446, 50, 0, 0, 0
54546, 10, 0, 0, 0
54746, 20, 0, 0, 0
54846, 10, 0, 0, 0
54946, 20, 0, 0, 0
55046, 40, 0, 0, 0
55145, 10, 0, 0, 0
55245, 20, 0, 0, 0
55345, 20, 0, 0, 0
55445, 70, 0, 0, 0
55545, 10, 0, 0, 0
55645, 10, 0, 0, 0
55745, 10, 0, 0, 0
55845, 20, 0, 0, 0
55946, 20, 0, 0, 0
56046, 20, 0, 0, 0
56146, 20, 0, 0, 0
56246, 10, 0, 0, 0
56346, 10, 0, 0, 0
56446, 30, 0, 0, 0
56546, 10, 0, 0, 0
56646, 20, 0, 0, 0
56746, 40, 0, 0, 0
56846, 10, 0, 0, 0
56946, 20, 0, 0, 0
57046, 30, 0, 0, 0
57145, 20, 0, 0, 0
57245, 10, 0, 0, 0
57345, 20, 0, 0, 0
57445, 10, 0, 0, 0
57546, 40, 0, 0, 0
57646, 10, 0, 0, 0
57746, 20, 0, 0, 0
57846, 10, 0, 0, 0
57946, 10, 0, 0, 0
58046, 20, 0, 0, 0
58146, 40, 0, 0, 0
58246, 10, 0, 0, 0
58346, 20, 0, 0, 0
58446, 20, 0, 0, 0
58546, 10, 0, 0, 0
58645, 30, 0, 0, 0
58745, 10, 0, 0, 0
58845, 20, 0, 0, 0
58946, 10, 0, 0, 0
59046, 40, 0, 0, 0
59146, 10, 0, 0, 0
59246, 20, 0, 0, 0
59346, 30, 0, 0, 0
59446, 60, 0, 0, 0
59546, 40, 0, 0, 0
59646, 30, 0, 0, 0
59946, 30, 0, 0, 0
60145, 30, 0, 0, 0
60246, 10, 0, 0, 0
60346, 30, 0, 0, 0
60446, 10, 0, 0, 0
60546, 20, 0, 0, 0
60646, 20, 0, 0, 0
60746, 30, 0, 0, 0
60846, 10, 0, 0, 0
60946, 20, 0, 0, 0
61046, 20, 0, 0, 0
61145, 30, 0, 0, 0
61245, 20, 0, 0, 0
61345, 20, 0, 0, 0
61445, 20, 0, 0, 0
61545, 10, 0, 0, 0
61646, 20, 0, 0, 0
61746, 50, 0, 0, 0
61846, 30, 0, 0, 0
61946, 10, 0, 0, 0
62046, 10, 0, 0, 0
62146, 20, 0, 0, 0
62246, 10, 0, 0, 0
62346, 20, 0, 0, 0
62446, 20, 0, 0, 0
62546, 20, 0, 0, 0
62645, 20, 0, 0, 0
62745, 20, 0, 0, 0
62845, 20, 0, 0, 0
62945, 20, 0, 0, 0
63046, 10, 0, 0, 0
63146, 40, 0, 0, 0
63246, 30, 0, 0, 0
63346, 10, 0, 0, 0
63446, 30, 0, 0, 0
63546, 10, 0, 0, 0
63646, 10, 0, 0, 0
63746, 20, 0, 0, 0
63846, 10, 0, 0, 0
63946, 30, 0, 0, 0
64046, 30, 0, 0, 0
64145, 10, 0, 0, 0
64245, 40, 0, 0, 0
64345, 10, 0, 0, 0
64546, 20, 0, 0, 0
64646, 10, 0, 0, 0
64746, 20, 0, 0, 0
64846, 20, 0, 0, 0
64946, 10, 0, 0, 0
65046, 20, 0, 0, 0
65146, 40, 0, 0, 0
65346, 10, 0, 0, 0
65446, 50, 0, 0, 0
65546, 20, 0, 0, 0
65645, 30, 0, 0, 0
65846, 30, 0, 0, 0
65946, 20, 0, 0, 0
66046, 20, 0, 0, 0
66146, 20, 0, 0, 0
66246, 20, 0, 0, 0
66346, 20, 0, 0, 0
66446, 20, 0, 0, 0
66546, 20, 0, 0, 0
66646, 30, 0, 0, 0
66746, 50, 0, 0, 0
66846, 40, 0, 0, 0
67046, 30, 0, 0, 0
67145, 20, 0, 0, 0
67246, 10, 0, 0, 0
67346, 20, 0, 0, 0
67446, 20, 0, 0, 0
67546, 20, 0, 0, 0
67646, 20, 0, 0, 0
67746, 30, 0, 0, 0
67846, 20, 0, 0, 0
67946, 10, 0, 0, 0
68046, 10, 0, 0, 0
68145, 20, 0, 0, 0
68245, 10, 0, 0, 0
68345, 30, 0, 0, 0
68445, 50, 0, 0, 0
68545, 30, 0, 0, 0
68646, 20, 0, 0, 0
68746, 10, 0, 0, 0
68846, 10, 0, 0, 0
68946, 20, 0, 0, 0
69046, 20, 0, 0, 0
69146, 20, 0, 0, 0
69246, 20, 0, 0, 0
69346, 20, 0, 0, 0
69446, 40, 0, 0, 0
69546, 40, 0, 0, 0
69645, 30, 0, 0, 0
69745, 10, 0, 0, 0
69845, 20, 0, 0, 0
69946, 20, 0, 0, 0
70046, 10, 0, 0, 0
70146, 10, 0, 0, 0
70246, 30, 0, 0, 0
70346, 20, 0, 0, 0
70446, 10, 0, 0, 0
70546, 20, 0, 0, 0
70646, 20, 0, 0, 0
70746, 20, 0, 0, 0
70846, 20, 0, 0, 0
70946, 10, 0, 0, 0
71046, 20, 0, 0, 0
71145, 20, 0, 0, 0
71246, 50, 0, 0, 0
71346, 10, 0, 0, 0
71446, 40, 0, 0, 0
71546, 20, 0, 0, 0
71646, 40, 0, 0, 0
71746, 30, 0, 0, 0
71846, 80, 0, 0, 0
71946, 40, 0, 0, 0
72046, 30, 0, 0, 0
72245, 20, 0, 0, 0
72345, 20, 0, 0, 0
72446, 50, 0, 0, 0
72546, 20, 0, 0, 0
72646, 10, 0, 0, 0
72746, 30, 0, 0, 0
72946, 10, 0, 0, 0
73046, 20, 0, 0, 0
73146, 20, 0, 0, 0
73246, 30, 0, 0, 0
73346, 20, 0, 0, 0
73446, 40, 0, 0, 0
73646, 20, 0, 0, 0
73746, 40, 0, 0, 0
73846, 10, 0, 0, 0
73946, 20, 0, 0, 0
74046, 40, 0, 0, 0
74146, 50, 0, 0, 0
74246, 20, 0, 0, 0
74446, 40, 0, 0, 0
74546, 40, 0, 0, 0
74645, 10, 0, 0, 0
74745, 20, 0, 0, 0
74845, 20, 0, 0, 0
74946, 50, 0, 0, 0
75046, 20, 0, 0, 0
75146, 40, 0, 0, 0
75246, 20, 0, 0, 0
75346, 10, 0, 0, 0
75446, 30, 0, 0, 0
75546, 40, 0, 0, 0
75646, 10, 0, 0, 0
75746, 10, 0, 0, 0
75846, 20, 0, 0, 0
75946, 20, 0, 0, 0
76046, 30, 0, 0, 0
76146, 10, 0, 0, 0
76246, 10, 0, 0, 0
76346, 20, 0, 0, 0
76446, 20, 0, 0, 0
76546, 20, 0, 0, 0
76646, 20, 0, 0, 0
76746, 20, 0, 0, 0
76846, 90, 0, 0, 0
76946, 50, 0, 0, 0
77046, 10, 0, 0, 0
77145, 20, 0, 0, 0
77245, 10, 0, 0, 0
77346, 30, 0, 0, 0
77446, 20, 0, 0, 0
77546, 10, 0, 0, 0
77646, 20, 0, 0, 0
77746, 50, 0, 0, 0
77846, 30, 0, 0, 0
77946, 20, 0, 0, 0
78046, 10, 0, 0, 0
78145, 20, 0, 0, 0
78245, 30, 0, 0, 0
78345, 40, 0, 0, 0
78446, 30, 0, 0, 0
78546, 40, 0, 0, 0
78646, 40, 0, 0, 0
78746, 50, 0, 0, 0
78846, 10, 0, 0, 0
79046, 30, 0, 0, 0
79146, 30, 0, 0, 0
79246, 10, 0, 0, 0
79346, 20, 0, 0, 0
79446, 50, 0, 0, 0
79546, 40, 0, 0, 0
79645, 20, 0, 0, 0
79745, 20, 0, 0, 0
79845, 10, 0, 0, 0
79946, 20, 0, 0, 0
80046, 30, 0, 0, 0
80146, 60, 0, 0, 0
80246, 30, 0, 0, 0
80346, 10, 0, 0, 0
80446, 20, 0, 0, 0
80546, 50, 0, 0, 0
80646, 50, 0, 0, 0
80746, 70, 0, 0, 0
80846, 50, 0, 0, 0
80946, 30, 0, 0, 0
81245, 40, 0, 0, 0
81345, 10, 0, 0, 0
81445, 30, 0, 0, 0
81546, 10, 0, 0, 0
81646, 20, 0, 0, 0
81746, 40, 0, 0, 0
81846, 80, 0, 0, 0
82146, 70, 0, 0, 0
82246, 20, 0, 0, 0
82346, 60, 0, 0, 0
82446, 10, 0, 0, 0
82546, 30, 0, 0, 0
82645, 10, 0, 0, 0
82745, 10, 0, 0, 0
82845, 60, 0, 0, 0
82945, 20, 0, 0, 0
83146, 70, 0, 0, 0
83246, 10, 0, 0, 0
83346, 10, 0, 0, 0
83446, 90, 0, 0, 0
83746, 30, 0, 0, 0
83846, 20, 0, 0, 0
83946, 40, 0, 0, 0
84046, 40, 0, 0, 0
84245, 20, 0, 0, 0
84345, 40, 0, 0, 0
84446, 10, 0, 0, 0
84646, 20, 0, 0, 0
84746, 20, 0, 0, 0
84846, 10, 0, 0, 0
84946, 20, 0, 0, 0
85046, 30, 0, 0, 0
85146, 20, 0, 0, 0
85246, 40, 0, 0, 0
85546, 20, 0, 0, 0
85645, 10, 0, 0, 0
85745, 60, 0, 0, 0
85845, 20, 0, 0, 0
85946, 10, 0, 0, 0
86046, 10, 0, 0, 0
86146, 30, 0, 0, 0
86246, 10, 0, 0, 0
86346, 10, 0, 0, 0
86446, 20, 0, 0, 0
86546, 10, 0, 0, 0
86646, 30, 0, 0, 0
86746, 20, 0, 0, 0
86846, 40, 0, 0, 0
86946, 10, 0, 0, 0
87046, 20, 0, 0, 0
87145, 40, 0, 0, 0
87245, 10, 0, 0, 0
87346, 10, 0, 0, 0
87446, 10, 0, 0, 0
87546, 20, 0, 0, 0
87646, 20, 0, 0, 0
87746, 20, 0, 0, 0
87846, 20, 0, 0, 0
87946, 10, 0, 0, 0
88046, 10, 0, 0, 0
88145, 20, 0, 0, 0
88245, 20, 0, 0, 0
88345, 20, 0, 0, 0
88445, 20, 0, 0, 0
88545, 10, 0, 0, 0
88645, 10, 0, 0, 0
88746, 20, 0, 0, 0
88846, 10, 0, 0, 0
88946, 10, 0, 0, 0
89046, 30, 0, 0, 0
89146, 10, 0, 0, 0
89246, 20, 0, 0, 0
89346, 10, 0, 0, 0
89446, 40, 0, 0, 0
89546, 20, 0, 0, 0
89645, 10, 0, 0, 0
89745, 30, 0, 0, 0
89845, 10, 0, 0, 0
89945, 10, 0, 0, 0
90045, 20, 0, 0, 0
90146, 10, 0, 0, 0
90246, 30, 0, 0, 0
90346, 30, 0, 0, 0
90446, 10, 0, 0, 0
90546, 20, 0, 0, 0
90646, 10, 0, 0, 0
90746, 20, 0, 0, 0
90846, 20, 0, 0, 0
90946, 50, 0, 0, 0
91046, 20, 0, 0, 0
91145, 10, 0, 0, 0
91245, 30, 0, 0, 0
91345, 10, 0, 0, 0
91446, 20, 0, 0, 0
91546, 20, 0, 0, 0
91646, 10, 0, 0, 0
91746, 20, 0, 0, 0
91846, 40, 0, 0, 0
91946, 10, 0, 0, 0
92046, 20, 0, 0, 0
92146, 20, 0, 0, 0
92246, 20, 0, 0, 0
92346, 20, 0, 0, 0
92446, 20, 0, 0, 0
92546, 10, 0, 0, 0
92645, 20, 0, 0, 0
92745, 10, 0, 0, 0
92845, 10, 0, 0, 0
92946, 40, 0, 0, 0
93046, 10, 0, 0, 0
93146, 10, 0, 0, 0
93246, 20, 0, 0, 0
93346, 10, 0, 0, 0
93446, 20, 0, 0, 0
93546, 30, 0, 0, 0
93646, 20, 0, 0, 0
93746, 20, 0, 0, 0
93846, 10, 0, 0, 0
93946, 10, 0, 0, 0
94046, 20, 0, 0, 0
94145, 10, 0, 0, 0
94245, 20, 0, 0, 0
94346, 20, 0, 0, 0
94446, 20, 0, 0, 0
94546, 20, 0, 0, 0
94646, 10, 0, 0, 0
94746, 10, 0, 0, 0
94846, 40, 0, 0, 0
94946, 30, 0, 0, 0
95046, 50, 0, 0, 0
95145, 30, 0, 0, 0
95345, 50, 0, 0, 0
95445, 20, 0, 0, 0
95545, 10, 0, 0, 0
95645, 20, 0, 0, 0
95746, 10, 0, 0, 0
95846, 30, 0, 0, 0
95946, 50, 0, 0, 0
96046, 10, 0, 0, 0
96146, 10, 0, 0, 0
96246, 20, 0, 0, 0
96346, 20, 0, 0, 0
96446, 30, 0, 0, 0
96546, 30, 0, 0, 0
96645, 40, 0, 0, 0
96745, 50, 0, 0, 0
96845, 40, 0, 0, 0
96945, 10, 0, 0, 0
97146, 20, 0, 0, 0
97246, 10, 0, 0, 0
97346, 20, 0, 0, 0
97446, 10, 0, 0, 0
97546, 20, 0, 0, 0
97646, 10, 0, 0, 0
97746, 40, 0, 0, 0
97846, 10, 0, 0, 0
97946, 30, 0, 0, 0
98046, 50, 0, 0, 0
98145, 10, 0, 0, 0
98245, 10, 0, 0, 0
98345, 30, 0, 0, 0
98445, 20, 0, 0, 0
98545, 30, 0, 0, 0
98646, 20, 0, 0, 0
98746, 20, 0, 0, 0
98846, 10, 0, 0, 0
98946, 20, 0, 0, 0
99046, 10, 0, 0, 0
99146, 30, 0, 0, 0
99246, 20, 0, 0, 0
99346, 10, 0, 0, 0
99446, 40, 0, 0, 0
99546, 20, 0, 0, 0
99645, 20, 0, 0, 0
99745, 30, 0, 0, 0
99845, 20, 0, 0, 0
99946, 50, 0, 0, 0
100046, 30, 0, 0, 0
100146, 30, 0, 0, 0
100246, 40, 0, 0, 0
100346, 50, 0, 0, 0
100446, 40, 0, 0, 0
100546, 40, 0, 0, 0
100646, 30, 0, 0, 0
100746, 50, 0, 0, 0
100846, 10, 0, 0, 0
101145, 10, 0, 0, 0
101245, 40, 0, 0, 0
101346, 40, 0, 0, 0
101446, 50, 0, 0, 0
101546, 20, 0, 0, 0
101746, 50, 0, 0, 0
101846, 30, 0, 0, 0
101946, 20, 0, 0, 0
102046, 10, 0, 0, 0
102145, 30, 0, 0, 0
102245, 40, 0, 0, 0
102345, 10, 0, 0, 0
102445, 20, 0, 0, 0
102545, 20, 0, 0, 0
102645, 20, 0, 0, 0
102745, 20, 0, 0, 0
102846, 20, 0, 0, 0
102946, 30, 0, 0, 0
103046, 40, 0, 0, 0
103146, 10, 0, 0, 0
103246, 30, 0, 0, 0
103346, 10, 0, 0, 0
103446, 30, 0, 0, 0
103546, 40, 0, 0, 0
103645, 10, 0, 0, 0
103745, 20, 0, 0, 0
103845, 40, 0, 0, 0
103945, 10, 0, 0, 0
104045, 20, 0, 0, 0
104146, 10, 0, 0, 0
104246, 20, 0, 0, 0
104346, 30, 0, 0, 0
104446, 20, 0, 0, 0
104546, 50, 0, 0, 0
104646, 50, 0, 0, 0
104846, 10, 0, 0, 0
104946, 20, 0, 0, 0
105046, 20, 0, 0, 0
105145, 20, 0, 0, 0
105245, 10, 0, 0, 0
105345, 20, 0, 0, 0
105445, 30, 0, 0, 0
105545, 40, 0, 0, 0
105646, 20, 0, 0, 0
105746, 20, 0, 0, 0
105846, 10, 0, 0, 0
105946, 50, 0, 0, 0
106046, 10, 0, 0, 0
106146, 20, 0, 0, 0
106246, 30, 0, 0, 0
106346, 10, 0, 0, 0
106446, 30, 0, 0, 0
106546, 30, 0, 0, 0
106645, 20, 0, 0, 0
106745, 30, 0, 0, 0
106845, 50, 0, 0, 0
106946, 40, 0, 0, 0
107046, 10, 0, 0, 0
107146, 20, 0, 0, 0
107246, 30, 0, 0, 0
107346, 10, 0, 0, 0
107446, 20, 0, 0, 0
107546, 10, 0, 0, 0
107646, 20, 0, 0, 0
107746, 20, 0, 0, 0
107846, 20, 0, 0, 0
107946, 10, 0, 0, 0
108046, 20, 0, 0, 0
108145, 20, 0, 0, 0
108245, 50, 0, 0, 0
108345, 30, 0, 0, 0
108546, 20, 0, 0, 0
108646, 20, 0, 0, 0
108746, 30, 0, 0, 0
108946, 30, 0, 0, 0
109046, 10, 0, 0, 0
109146, 20, 0, 0, 0
109246, 50, 0, 0, 0
109346, 40, 0, 0, 0
109446, 50, 0, 0, 0
109546, 80, 0, 0, 0
109645, 10, 0, 0, 0
109846, 20, 0, 0, 0
109946, 10, 0, 0, 0
110046, 20, 0, 0, 0
110146, 10, 0, 0, 0
110246, 20, 0, 0, 0
110346, 30, 0, 0, 0
110446, 20, 0, 0, 0
110546, 20, 0, 0, 0
110645, 30, 0, 0, 0
110745, 40, 0, 0, 0
110845, 20, 0, 0, 0
111046, 30, 0, 0, 0
111146, 30, 0, 0, 0
111246, 20, 0, 0, 0
111346, 30, 0, 0, 0
111446, 10, 0, 0, 0
111546, 10, 0, 0, 0
111646, 10, 0, 0, 0
111746, 40, 0, 0, 0
111846, 40, 0, 0, 0
111946, 30, 0, 0, 0
112046, 50, 0, 0, 0
112245, 30, 0, 0, 0
112345, 70, 0, 0, 0
112446, 30, 0, 0, 0
112546, 20, 0, 0, 0
112646, 10, 0, 0, 0
112746, 30, 0, 0, 0
112846, 20, 0, 0, 0
112946, 10, 0, 0, 0
113046, 10, 0, 0, 0
113146, 30, 0, 0, 0
113246, 30, 0, 0, 0
113346, 30, 0, 0, 0
113446, 50, 0, 0, 0
113546, 30, 0, 0, 0
113645, 30, 0, 0, 0
113745, 10, 0, 0, 0
113845, 40, 0, 0, 0
113946, 10, 0, 0, 0
114046, 10, 0, 0, 0
114146, 20, 0, 0, 0
114246, 10, 0, 0, 0
114346, 20, 0, 0, 0
114446, 30, 0, 0, 0
114546, 40, 0, 0, 0
114646, 20, 0, 0, 0
114746, 20, 0, 0, 0
114846, 40, 0, 0, 0
114946, 20, 0, 0, 0
115046, 20, 0, 0, 0
115145, 10, 0, 0, 0
115245, 30, 0, 0, 0
115345, 10, 0, 0, 0
115446, 20, 0, 0, 0
115546, 10, 0, 0, 0
115646, 20, 0, 0, 0
115746, 30, 0, 0, 0
115846, 10, 0, 0, 0
115946, 30, 0, 0, 0
116046, 20, 0, 0, 0
116146, 30, 0, 0, 0
116246, 40, 0, 0, 0
116446, 30, 0, 0, 0
116546, 30, 0, 0, 0
116645, 20, 0, 0, 0
116745, 10, 0, 0, 0
116846, 70, 0, 0, 0
116946, 40, 0, 0, 0
117146, 30, 0, 0, 0
117246, 40, 0, 0, 0
117346, 20, 0, 0, 0
117546, 10, 0, 0, 0
117645, 20, 0, 0, 0
117745, 10, 0, 0, 0
117845, 10, 0, 0, 0
117945, 40, 0, 0, 0
118045, 30, 0, 0, 0
118146, 10, 0, 0, 0
118246, 20, 0, 0, 0
118346, 10, 0, 0, 0
118446, 20, 0, 0, 0
118546, 30, 0, 0, 0
118646, 40, 0, 0, 0
118746, 10, 0, 0, 0
118846, 30, 0, 0, 0
118946, 20, 0, 0, 0
119046, 20, 0, 0, 0
119145, 10, 0, 0, 0
119245, 40, 0, 0, 0
119345, 30, 0, 0, 0
119445, 20, 0, 0, 0
119546, 60, 0, 0, 0
119646, 10, 0, 0, 0
119746, 20, 0, 0, 0
119846, 20, 0, 0, 0
119946, 20, 0, 0, 0
120046, 20, 0, 0, 0
120146, 10, 0, 0, 0
120246, 10, 0, 0, 0
120346, 40, 0, 0, 0
120446, 10, 0, 0, 0
120546, 20, 0, 0, 0
120645, 20, 0, 0, 0
120745, 30, 0, 0, 0
120845, 20, 0, 0, 0
120946, 10, 0, 0, 0
121046, 30, 0, 0, 0
121146, 30, 0, 0, 0
121246, 30, 0, 0, 0
121346, 20, 0, 0, 0
121446, 20, 0, 0, 0
121546, 40, 0, 0, 0
121646, 30, 0, 0, 0
121746, 20, 0, 0, 0
121846, 90, 0, 0, 0
121946, 10, 0, 0, 0
122046, 10, 0, 0, 0
122145, 20, 0, 0, 0
122245, 10, 0, 0, 0
122345, 10, 0, 0, 0
122446, 40, 0, 0, 0
122546, 20, 0, 0, 0
122646, 20, 0, 0, 0
122746, 30, 0, 0, 0
122846, 10, 0, 0, 0
122946, 20, 0, 0, 0
123046, 20, 0, 0, 0
123146, 10, 0, 0, 0
123246, 30, 0, 0, 0
123346, 20, 0, 0, 0
123446, 20, 0, 0, 0
123546, 10, 0, 0, 0
123645, 10, 0, 0, 0
123745, 20, 0, 0, 0
123845, 10, 0, 0, 0
123946, 10, 0, 0, 0
124046, 50, 0, 0, 0
124146, 20, 0, 0, 0
124246, 20, 0, 0, 0
124346, 40, 0, 0, 0
124446, 50, 0, 0, 0
124546, 40, 0, 0, 0
124646, 60, 0, 0, 0
124746, 30, 0, 0, 0
124946, 60, 0, 0, 0
125046, 30, 0, 0, 0
125145, 40, 0, 0, 0
125246, 30, 0, 0, 0
125346, 40, 0, 0, 0
125446, 40, 0, 0, 0
125846, 20, 0, 0, 0
125946, 10, 0, 0, 0
126046, 30, 0, 0, 0
126145, 10, 0, 0, 0
126245, 30, 0, 0, 0
126345, 10, 0, 0, 0
126445, 50, 0, 0, 0
126545, 30, 0, 0, 0
126645, 30, 0, 0, 0
126745, 20, 0, 0, 0
126846, 70, 0, 0, 0
127046, 10, 0, 0, 0
127146, 30, 0, 0, 0
127246, 10, 0, 0, 0
127346, 20, 0, 0, 0
127446, 40, 0, 0, 0
127546, 10, 0, 0, 0
127645, 10, 0, 0, 0
127745, 20, 0, 0, 0
127845, 10, 0, 0, 0
127945, 40, 0, 0, 0
128045, 30, 0, 0, 0
128146, 40, 0, 0, 0
128246, 20, 0, 0, 0
128346, 30, 0, 0, 0
128446, 50, 0, 0, 0
128546, 20, 0, 0, 0
128646, 30, 0, 0, 0
128746, 30, 0, 0, 0
128846, 30, 0, 0, 0
129245, 50, 0, 0, 0
129345, 10, 0, 0, 0
129445, 10, 0, 0, 0
129545, 30, 0, 0, 0
129646, 20, 0, 0, 0
129746, 20, 0, 0, 0
129846, 10, 0, 0, 0
129946, 10, 0, 0, 0
130046, 20, 0, 0, 0
130146, 10, 0, 0, 0
130246, 20, 0, 0, 0
130346, 10, 0, 0, 0
130446, 10, 0, 0, 0
130546, 20, 0, 0, 0
130645, 10, 0, 0, 0
130745, 20, 0, 0, 0
130845, 10, 0, 0, 0
130946, 30, 0, 0, 0
131046, 20, 0, 0, 0
131146, 10, 0, 0, 0
131246, 30, 0, 0, 0
131346, 30, 0, 0, 0
131446, 10, 0, 0, 0
131546, 20, 0, 0, 0
131646, 30, 0, 0, 0
131746, 30, 0, 0, 0
131846, 40, 0, 0, 0
131946, 20, 0, 0, 0
132046, 10, 0, 0, 0
132145, 20, 0, 0, 0
132245, 10, 0, 0, 0
132345, 20, 0, 0, 0
132446, 20, 0, 0, 0
132546, 20, 0, 0, 0
132646, 10, 0, 0, 0
132746, 10, 0, 0, 0
132846, 20, 0, 0, 0
132946, 20, 0, 0, 0
133046, 20, 0, 0, 0
133146, 20, 0, 0, 0
133246, 20, 0, 0, 0
133346, 10, 0, 0, 0
133446, 20, 0, 0, 0
133546, 20, 0, 0, 0
133645, 20, 0, 0, 0
133745, 20, 0, 0, 0
133845, 30, 0, 0, 0
133946, 20, 0, 0, 0
134046, 20, 0, 0, 0
134146, 10, 0, 0, 0
134246, 10, 0, 0, 0
134346, 10, 0, 0, 0
134446, 30, 0, 0, 0
134546, 10, 0, 0, 0
134646, 10, 0, 0, 0
134746, 10, 0, 0, 0
134846, 30, 0, 0, 0
134946, 20, 0, 0, 0
135046, 10, 0, 0, 0
135145, 40, 0, 0, 0
135245, 10, 0, 0, 0
135345, 20, 0, 0, 0
135446, 20, 0, 0, 0
135546, 20, 0, 0, 0
135646, 10, 0, 0, 0
135746, 30, 0, 0, 0
135846, 10, 0, 0, 0
135946, 10, 0, 0, 0
136046, 10, 0, 0, 0
136146, 20, 0, 0, 0
136246, 20, 0, 0, 0
136346, 10, 0, 0, 0
136446, 30, 0, 0, 0
136546, 20, 0, 0, 0
136645, 10, 0, 0, 0
136745, 20, 0, 0, 0
136845, 40, 0, 0, 0
136946, 10, 0, 0, 0
137046, 20, 0, 0, 0
137146, 10, 0, 0, 0
137246, 20, 0, 0, 0
137346, 10, 0, 0, 0
137446, 30, 0, 0, 0
137546, 10, 0, 0, 0
137646, 20, 0, 0, 0
137746, 20, 0, 0, 0
137846, 20, 0, 0, 0
137946, 10, 0, 0, 0
138046, 30, 0, 0, 0
138145, 20, 0, 0, 0
138245, 20, 0, 0, 0
138345, 20, 0, 0, 0
138446, 10, 0, 0, 0
138546, 10, 0, 0, 0
138646, 20, 0, 0, 0
138746, 20, 0, 0, 0
138846, 10, 0, 0, 0
138946, 30, 0, 0, 0
139046, 30, 0, 0, 0
139146, 10, 0, 0, 0
139246, 20, 0, 0, 0
139346, 40, 0, 0, 0
139446, 10, 0, 0, 0
139546, 30, 0, 0, 0
139645, 30, 0, 0, 0
139745, 40, 0, 0, 0
139845, 50, 0, 0, 0
139946, 30, 0, 0, 0
140046, 30, 0, 0, 0
140146, 10, 0, 0, 0
140446, 30, 0, 0, 0
140546, 20, 0, 0, 0
140646, 30, 0, 0, 0
140746, 40, 0, 0, 0
140946, 10, 0, 0, 0
141046, 10, 0, 0, 0
141145, 40, 0, 0, 0
141245, 10, 0, 0, 0
141345, 10, 0, 0, 0
141446, 20, 0, 0, 0
141546, 30, 0, 0, 0
141746, 20, 0, 0, 0
141846, 40, 0, 0, 0
141946, 10, 0, 0, 0
142046, 20, 0, 0, 0
142146, 20, 0, 0, 0
142246, 20, 0, 0, 0
142346, 20, 0, 0, 0
142446, 10, 0, 0, 0
142546, 20, 0, 0, 0
142645, 40, 0, 0, 0
142946, 20, 0, 0, 0
143046, 10, 0, 0, 0
143146, 10, 0, 0, 0
143246, 30, 0, 0, 0
143346, 10, 0, 0, 0
143446, 10, 0, 0, 0
143546, 20, 0, 0, 0
143645, 10, 0, 0, 0
143745, 10, 0, 0, 0
143845, 20, 0, 0, 0
143945, 30, 0, 0, 0
144045, 10, 0, 0, 0
144146, 20, 0, 0, 0
144246, 30, 0, 0, 0
144346, 30, 0, 0, 0
144446, 10, 0, 0, 0
144546, 20, 0, 0, 0
144646, 10, 0, 0, 0
144746, 20, 0, 0, 0
144846, 10, 0, 0, 0
144946, 20, 0, 0, 0
145046, 10, 0, 0, 0
145145, 10, 0, 0, 0
145245, 20, 0, 0, 0
145345, 30, 0, 0, 0
145445, 10, 0, 0, 0
145545, 20, 0, 0, 0
145646, 10, 0, 0, 0
145746, 20, 0, 0, 0
145846, 20, 0, 0, 0
145946, 10, 0, 0, 0
146046, 20, 0, 0, 0
146146, 40, 0, 0, 0
146246, 10, 0, 0, 0
146346, 20, 0, 0, 0
146446, 30, 0, 0, 0
146546, 30, 0, 0, 0
146645, 10, 0, 0, 0
146745, 20, 0, 0, 0
146845, 40, 0, 0, 0
146946, 10, 0, 0, 0
147046, 10, 0, 0, 0
147146, 20, 0, 0, 0
147246, 30, 0, 0, 0
147346, 20, 0, 0, 0
147446, 20, 0, 0, 0
147546, 30, 0, 0, 0
147646, 10, 0, 0, 0
147746, 20, 0, 0, 0
147846, 10, 0, 0, 0
147946, 40, 0, 0, 0
148046, 10, 0, 0, 0
148145, 30, 0, 0, 0
148246, 10, 0, 0, 0
148346, 20, 0, 0, 0
148446, 10, 0, 0, 0
148546, 30, 0, 0, 0
148646, 20, 0, 0, 0
148746, 10, 0, 0, 0
148846, 20, 0, 0, 0
148946, 30, 0, 0, 0
149046, 10, 0, 0, 0
149145, 30, 0, 0, 0
149245, 10, 0, 0, 0
149345, 30, 0, 0, 0
149445, 20, 0, 0, 0
149545, 40, 0, 0, 0
149646, 20, 0, 0, 0
149746, 10, 0, 0, 0
149846, 20, 0, 0, 0
149946, 30, 0, 0, 0
150046, 10, 0, 0, 0
150146, 30, 0, 0, 0
150246, 30, 0, 0, 0
150346, 10, 0, 0, 0
150446, 20, 0, 0, 0
150546, 30, 0, 0, 0
150645, 10, 0, 0, 0
150745, 20, 0, 0, 0
150845, 20, 0, 0, 0
150946, 20, 0, 0, 0
151046, 20, 0, 0, 0
151146, 10, 0, 0, 0
151246, 40, 0, 0, 0
151346, 20, 0, 0, 0
151446, 10, 0, 0, 0
151546, 10, 0, 0, 0
151646, 30, 0, 0, 0
151746, 20, 0, 0, 0
151846, 80, 0, 0, 0
151946, 40, 0, 0, 0
152046, 10, 0, 0, 0
152145, 20, 0, 0, 0
152245, 40, 0, 0, 0
152345, 10, 0, 0, 0
152446, 20, 0, 0, 0
152546, 20, 0, 0, 0
152646, 10, 0, 0, 0
152746, 10, 0, 0, 0
152846, 20, 0, 0, 0
152946, 30, 0, 0, 0
153046, 40, 0, 0, 0
153146, 50, 0, 0, 0
153246, 20, 0, 0, 0
153346, 20, 0, 0, 0
153446, 30, 0, 0, 0
153546, 40, 0, 0, 0
153645, 50, 0, 0, 0
153845, 10, 0, 0, 0
154046, 20, 0, 0, 0
154146, 30, 0, 0, 0
154246, 50, 0, 0, 0
154346, 40, 0, 0, 0
154446, 30, 0, 0, 0
154546, 40, 0, 0, 0
154646, 40, 0, 0, 0
154746, 10, 0, 0, 0
154846, 20, 0, 0, 0
154946, 40, 0, 0, 0
155046, 40, 0, 0, 0
155145, 10, 0, 0, 0
155346, 20, 0, 0, 0
155446, 20, 0, 0, 0
155546, 40, 0, 0, 0
155746, 20, 0, 0, 0
155846, 20, 0, 0, 0
155946, 20, 0, 0, 0
156046, 20, 0, 0, 0
156145, 30, 0, 0, 0
156245, 10, 0, 0, 0
156345, 20, 0, 0, 0
156445, 20, 0, 0, 0
156545, 20, 0, 0, 0
156645, 10, 0, 0, 0
156746, 10, 0, 0, 0
156846, 50, 0, 0, 0
156946, 30, 0, 0, 0
157046, 10, 0, 0, 0
157146, 10, 0, 0, 0
157246, 20, 0, 0, 0
157346, 20, 0, 0, 0
157446, 20, 0, 0, 0
157546, 10, 0, 0, 0
157646, 20, 0, 0, 0
157746, 20, 0, 0, 0
157846, 20, 0, 0, 0
157946, 20, 0, 0, 0
158046, 30, 0, 0, 0
158145, 20, 0, 0, 0
158245, 10, 0, 0, 0
158345, 20, 0, 0, 0
158446, 20, 0, 0, 0
158546, 10, 0, 0, 0
158646, 20, 0, 0, 0
158746, 10, 0, 0, 0
158846, 10, 0, 0, 0
158946, 20, 0, 0, 0
159046, 10, 0, 0, 0
159146, 20, 0, 0, 0
159246, 20, 0, 0, 0
159346, 20, 0, 0, 0
159446, 10, 0, 0, 0
159546, 30, 0, 0, 0
159645, 10, 0, 0, 0
159745, 10, 0, 0, 0
159845, 20, 0, 0, 0
159945, 20, 0, 0, 0
160045, 20, 0, 0, 0
160145, 20, 0, 0, 0
160246, 10, 0, 0, 0
160346, 10, 0, 0, 0
160446, 20, 0, 0, 0
160546, 30, 0, 0, 0
160646, 20, 0, 0, 0
160746, 10, 0, 0, 0
160846, 30, 0, 0, 0
160946, 10, 0, 0, 0
161046, 10, 0, 0, 0
161146, 20, 0, 0, 0
161246, 20, 0, 0, 0
161346, 10, 0, 0, 0
161446, 20, 0, 0, 0
161546, 50, 0, 0, 0
161645, 10, 0, 0, 0
161745, 10, 0, 0, 0
161845, 30, 0, 0, 0
161946, 80, 0, 0, 0
162146, 30, 0, 0, 0
162246, 30, 0, 0, 0
162346, 40, 0, 0, 0
162446, 30, 0, 0, 0
162646, 10, 0, 0, 0
162746, 40, 0, 0, 0
162846, 10, 0, 0, 0
162946, 20, 0, 0, 0
163046, 20, 0, 0, 0
163145, 20, 0, 0, 0
163245, 10, 0, 0, 0
163345, 20, 0, 0, 0
163445, 20, 0, 0, 0
163545, 20, 0, 0, 0
163645, 20, 0, 0, 0
163745, 50, 0, 0, 0
163845, 10, 0, 0, 0
163946, 20, 0, 0, 0
164046, 20, 0, 0, 0
164146, 10, 0, 0, 0
164246, 20, 0, 0, 0
164346, 30, 0, 0, 0
164446, 10, 0, 0, 0
164546, 20, 0, 0, 0
164646, 40, 0, 0, 0
164746, 50, 0, 0, 0
165046, 20, 0, 0, 0
165145, 20, 0, 0, 0
165245, 40, 0, 0, 0
165345, 40, 0, 0, 0
165445, 20, 0, 0, 0
165545, 30, 0, 0, 0
165746, 20, 0, 0, 0
165846, 20, 0, 0, 0
165946, 10, 0, 0, 0
166046, 20, 0, 0, 0
166146, 40, 0, 0, 0
166246, 30, 0, 0, 0
166346, 10, 0, 0, 0
166446, 30, 0, 0, 0
166546, 20, 0, 0, 0
166645, 20, 0, 0, 0
166745, 20, 0, 0, 0
166845, 50, 0, 0, 0
166945, 40, 0, 0, 0
167045, 40, 0, 0, 0
167145, 20, 0, 0, 0
167345, 20, 0, 0, 0
167446, 20, 0, 0, 0
167546, 10, 0, 0, 0
167646, 40, 0, 0, 0
167746, 10, 0, 0, 0
167846, 20, 0, 0, 0
167946, 20, 0, 0, 0
168046, 10, 0, 0, 0
168146, 10, 0, 0, 0
168246, 10, 0, 0, 0
168346, 20, 0, 0, 0
168446, 30, 0, 0, 0
168546, 30, 0, 0, 0
168645, 10, 0, 0, 0
168745, 20, 0, 0, 0
168845, 30, 0, 0, 0
168945, 10, 0, 0, 0
169045, 20, 0, 0, 0
169146, 10, 0, 0, 0
169246, 20, 0, 0, 0
169346, 20, 0, 0, 0
169446, 30, 0, 0, 0
169546, 80, 0, 0, 0
169646, 20, 0, 0, 0
169746, 20, 0, 0, 0
169846, 20, 0, 0, 0
169946, 10, 0, 0, 0
170046, 20, 0, 0, 0
170146, 10, 0, 0, 0
170246, 50, 0, 0, 0
170346, 10, 0, 0, 0
170446, 30, 0, 0, 0
170546, 40, 0, 0, 0
170645, 10, 0, 0, 0
170745, 20, 0, 0, 0
170845, 20, 0, 0, 0
170946, 10, 0, 0, 0
171046, 40, 0, 0, 0
171146, 20, 0, 0, 0
171246, 10, 0, 0, 0
171346, 30, 0, 0, 0
171446, 20, 0, 0, 0
171546, 20, 0, 0, 0
171646, 20, 0, 0, 0
171746, 10, 0, 0, 0
171846, 20, 0, 0, 0
171946, 30, 0, 0, 0
172046, 40, 0, 0, 0
172145, 10, 0, 0, 0
172245, 40, 0, 0, 0
172445, 30, 0, 0, 0
172545, 20, 0, 0, 0
172646, 10, 0, 0, 0
172746, 10, 0, 0, 0
172846, 50, 0, 0, 0
172946, 30, 0, 0, 0
173146, 10, 0, 0, 0
173246, 20, 0, 0, 0
173346, 10, 0, 0, 0
173446, 20, 0, 0, 0
173546, 40, 0, 0, 0
173646, 20, 0, 0, 0
173746, 20, 0, 0, 0
173846, 10, 0, 0, 0
173946, 10, 0, 0, 0
174046, 20, 0, 0, 0
174145, 10, 0, 0, 0
174245, 20, 0, 0, 0
174345, 30, 0, 0, 0
174546, 40, 0, 0, 0
174746, 20, 0, 0, 0
174846, 20, 0, 0, 0
174946, 20, 0, 0, 0
175046, 10, 0, 0, 0
175146, 40, 0, 0, 0
175246, 20, 0, 0, 0
175346, 10, 0, 0, 0
175446, 20, 0, 0, 0
175546, 30, 0, 0, 0
175645, 50, 0, 0, 0
175845, 10, 0, 0, 0
175945, 20, 0, 0, 0
176045, 80, 0, 0, 0
176145, 20, 0, 0, 0
176245, 10, 0, 0, 0
176346, 20, 0, 0, 0
176446, 20, 0, 0, 0
176546, 20, 0, 0, 0
176646, 20, 0, 0, 0
176746, 10, 0, 0, 0
176846, 20, 0, 0, 0
176946, 80, 0, 0, 0
177146, 30, 0, 0, 0
177246, 10, 0, 0, 0
177346, 30, 0, 0, 0
177446, 10, 0, 0, 0
177546, 10, 0, 0, 0
177645, 60, 0, 0, 0
177745, 30, 0, 0, 0
177845, 30, 0, 0, 0
177946, 10, 0, 0, 0
178046, 30, 0, 0, 0
178146, 10, 0, 0, 0
178246, 10, 0, 0, 0
178346, 20, 0, 0, 0
178446, 10, 0, 0, 0
178546, 30, 0, 0, 0
178646, 10, 0, 0, 0
178746, 20, 0, 0, 0
178846, 10, 0, 0, 0
178946, 20, 0, 0, 0
179046, 10, 0, 0, 0
179145, 20, 0, 0, 0
179245, 10, 0, 0, 0
179345, 20, 0, 0, 0
179445, 40, 0, 0, 0
179546, 40, 0, 0, 0
179646, 10, 0, 0, 0
179746, 10, 0, 0, 0
179846, 20, 0, 0, 0
179946, 20, 0, 0, 0
