156, 76719911, 0, 0, 0
232, 37818489, 0, 0, 0
306, 74496910, 0, 0, 0
417, 55211941, 0, 0, 0
537, 60167821, 0, 0, 0
614, 38517268, 0, 0, 0
743, 64709895, 0, 0, 0
810, 66907413, 0, 0, 0
935, 41543952, 0, 0, 0
1089, 77214114, 0, 0, 0
1169, 79791592, 0, 0, 0
1225, 56260918, 0, 0, 0
1357, 65896160, 0, 0, 0
1437, 79520526, 0, 0, 0
1517, 80299247, 0, 0, 0
1611, 23516519, 0, 0, 0
1707, 9622832, 0, 0, 0
1963, 127943665, 0, 0, 0
2004, 8173471, 0, 0, 0
2239, 33553937, 0, 0, 0
2304, 12996537, 0, 0, 0
2405, 10053464, 0, 0, 0
2714, 44243257, 0, 0, 0
2807, 46065196, 0, 0, 0
2945, 19757904, 0, 0, 0
3002, 14362680, 0, 0, 0
3106, 11557614, 0, 0, 0
3221, 14314575, 0, 0, 0
3328, 17802842, 0, 0, 0
3403, 10691757, 0, 0, 0
3523, 17235060, 0, 0, 0
3609, 10732989, 0, 0, 0
3712, 17214888, 0, 0, 0
3807, 15671581, 0, 0, 0
4379, 52006822, 0, 0, 0
4460, 40509416, 0, 0, 0
4540, 80587777, 0, 0, 0
4603, 8897879, 0, 0, 0
4721, 14858223, 0, 0, 0
4890, 84056853, 0, 0, 0
4902, 12527522, 0, 0, 0
5007, 10519547, 0, 0, 0
5321, 39162430, 0, 0, 0
5437, 29034185, 0, 0, 0
5500, 9024050, 0, 0, 0
5647, 18335609, 0, 0, 0
5887, 120141263, 0, 0, 0
5962, 75409211, 0, 0, 0
6004, 41700561, 0, 0, 0
6113, 18089730, 0, 0, 0
6350, 78941238, 0, 0, 0
6430, 40199800, 0, 0, 0
6504, 74435715, 0, 0, 0
6603, 19730819, 0, 0, 0
6725, 20374948, 0, 0, 0
6801, 15096016, 0, 0, 0
7060, 64691412, 0, 0, 0
7136, 75992538, 0, 0, 0
7210, 74153644, 0, 0, 0
7314, 52179546, 0, 0, 0
7436, 30534551, 0, 0, 0
7535, 49533561, 0, 0, 0
7612, 76600719, 0, 0, 0
7730, 58888260, 0, 0, 0
7825, 31890068, 0, 0, 0
7934, 54079249, 0, 0, 0
8097, 40844938, 0, 0, 0
8174, 77068579, 0, 0, 0
8254, 79822840, 0, 0, 0
8303, 16507444, 0, 0, 0
8491, 31227239, 0, 0, 0
8515, 23805373, 0, 0, 0
8624, 54660229, 0, 0, 0
8706, 41152790, 0, 0, 0
8849, 28559175, 0, 0, 0
8928, 78958517, 0, 0, 0
9042, 37841595, 0, 0, 0
9165, 41058045, 0, 0, 0
9202, 18457996, 0, 0, 0
9316, 57005067, 0, 0, 0
9471, 38932668, 0, 0, 0
9552, 80532918, 0, 0, 0
9633, 80795066, 0, 0, 0
9701, 22683142, 0, 0, 0
9801, 19940919, 0, 0, 0
9925, 24817883, 0, 0, 0
10120, 48827138, 0, 0, 0
10232, 27992642, 0, 0, 0
10312, 80542949, 0, 0, 0
10415, 25669495, 0, 0, 0
10553, 27522251, 0, 0, 0
10630, 77129047, 0, 0, 0
10768, 34457309, 0, 0, 0
10844, 76487796, 0, 0, 0
10904, 29880849, 0, 0, 0
11020, 16581613, 0, 0, 0
11107, 17292190, 0, 0, 0
11200, 13348240, 0, 0, 0
11325, 17898434, 0, 0, 0
11433, 21587875, 0, 0, 0
11535, 101652925, 0, 0, 0
11604, 23050199, 0, 0, 0
11737, 14706654, 0, 0, 0
11894, 157773878, 0, 0, 0
11914, 19590388, 0, 0, 0
12150, 118222606, 0, 0, 0
12207, 28080649, 0, 0, 0
12338, 32936604, 0, 0, 0
12417, 78648528, 0, 0, 0
12515, 48939006, 0, 0, 0
12667, 76124526, 0, 0, 0
12748, 81311705, 0, 0, 0
12810, 30985316, 0, 0, 0
12909, 49356753, 0, 0, 0
13017, 35903271, 0, 0, 0
13119, 25556222, 0, 0, 0
13218, 49257857, 0, 0, 0
13308, 29967098, 0, 0, 0
13413, 35013996, 0, 0, 0
13501, 44376757, 0, 0, 0
13611, 54720929, 0, 0, 0
13709, 32870739, 0, 0, 0
13817, 53768027, 0, 0, 0
13933, 38721493, 0, 0, 0
14012, 79198217, 0, 0, 0
14158, 36538803, 0, 0, 0
14236, 77400216, 0, 0, 0
14308, 24053920, 0, 0, 0
14428, 59717709, 0, 0, 0
14523, 31956785, 0, 0, 0
14608, 28217158, 0, 0, 0
14703, 15817760, 0, 0, 0
14810, 107414756, 0, 0, 0
15036, 56320974, 0, 0, 0
15111, 75644918, 0, 0, 0
15263, 75577485, 0, 0, 0
15340, 77572043, 0, 0, 0
15406, 32985795, 0, 0, 0
15556, 37505053, 0, 0, 0
15634, 77987799, 0, 0, 0
15712, 77528944, 0, 0, 0
15867, 77660805, 0, 0, 0
15905, 12517210, 0, 0, 0
16003, 49417382, 0, 0, 0
16102, 49147807, 0, 0, 0
16200, 32717054, 0, 0, 0
16304, 51993206, 0, 0, 0
16467, 40738353, 0, 0, 0
16546, 79333472, 0, 0, 0
16603, 28550579, 0, 0, 0
16724, 12065426, 0, 0, 0
16833, 54754276, 0, 0, 0
17060, 226174026, 0, 0, 0
17137, 77077983, 0, 0, 0
17219, 82133987, 0, 0, 0
17306, 43666779, 0, 0, 0
17448, 47387258, 0, 0, 0
17524, 76047701, 0, 0, 0
17600, 76089809, 0, 0, 0
17705, 52049138, 0, 0, 0
17871, 55349373, 0, 0, 0
17919, 48128784, 0, 0, 0
18022, 51567255, 0, 0, 0
18101, 79407725, 0, 0, 0
18244, 28476778, 0, 0, 0
18354, 55270844, 0, 0, 0
18467, 37727935, 0, 0, 0
18526, 58167465, 0, 0, 0
18621, 31924041, 0, 0, 0
18731, 54842075, 0, 0, 0
18861, 43177789, 0, 0, 0
18918, 28595265, 0, 0, 0
19018, 50110243, 0, 0, 0
19103, 28275621, 0, 0, 0
19206, 25674243, 0, 0, 0
19303, 32355280, 0, 0, 0
19403, 14250928, 0, 0, 0
19508, 15047536, 0, 0, 0
19884, 47006664, 0, 0, 0
19924, 19777741, 0, 0, 0
20049, 25074833, 0, 0, 0
20206, 156642404, 0, 0, 0
20357, 37913926, 0, 0, 0
20509, 37865481, 0, 0, 0
20612, 51646904, 0, 0, 0
20713, 50711543, 0, 0, 0
20863, 74783476, 0, 0, 0
20965, 50951549, 0, 0, 0
21007, 13930345, 0, 0, 0
21125, 39577274, 0, 0, 0
21203, 77538630, 0, 0, 0
21327, 41343580, 0, 0, 0
21421, 46909083, 0, 0, 0
21502, 80837000, 0, 0, 0
21615, 56749002, 0, 0, 0
21774, 26412412, 0, 0, 0
21849, 75701845, 0, 0, 0
21923, 73206716, 0, 0, 0
22075, 76088206, 0, 0, 0
22154, 79322112, 0, 0, 0
22230, 76127549, 0, 0, 0
22315, 42339887, 0, 0, 0
22471, 52168645, 0, 0, 0
22578, 53373228, 0, 0, 0
22609, 30278325, 0, 0, 0
22709, 50111683, 0, 0, 0
22810, 25430858, 0, 0, 0
22919, 54281965, 0, 0, 0
23006, 87252931, 0, 0, 0
23167, 53416058, 0, 0, 0
23244, 76950210, 0, 0, 0
23317, 73304504, 0, 0, 0
23426, 54810170, 0, 0, 0
23513, 17343887, 0, 0, 0
23652, 69634139, 0, 0, 0
23725, 72589265, 0, 0, 0
23850, 41772660, 0, 0, 0
23924, 74051078, 0, 0, 0
24000, 18792042, 0, 0, 0
24158, 79003643, 0, 0, 0
24257, 33005637, 0, 0, 0
24311, 13491546, 0, 0, 0
24469, 79124613, 0, 0, 0
24567, 24517921, 0, 0, 0
24657, 89563774, 0, 0, 0
24763, 35605430, 0, 0, 0
24858, 47303158, 0, 0, 0
24927, 34719435, 0, 0, 0
25021, 46683050, 0, 0, 0
25105, 20920102, 0, 0, 0
25227, 40814670, 0, 0, 0
25317, 29877205, 0, 0, 0
25420, 17154556, 0, 0, 0
25510, 30133193, 0, 0, 0
25623, 18843368, 0, 0, 0
25709, 21444605, 0, 0, 0
25823, 22897236, 0, 0, 0
25931, 53694012, 0, 0, 0
26010, 26493300, 0, 0, 0
26338, 328099757, 0, 0, 0
26407, 34242365, 0, 0, 0
26517, 21975525, 0, 0, 0
26610, 23195182, 0, 0, 0
26701, 13059564, 0, 0, 0
26901, 66557742, 0, 0, 0
27011, 36616269, 0, 0, 0
27158, 73603991, 0, 0, 0
27240, 41195862, 0, 0, 0
27356, 57948210, 0, 0, 0
27452, 48085436, 0, 0, 0
27529, 76703304, 0, 0, 0
27606, 77042519, 0, 0, 0
27721, 57248708, 0, 0, 0
27849, 25765504, 0, 0, 0
27912, 20818537, 0, 0, 0
28033, 40317724, 0, 0, 0
28108, 75171625, 0, 0, 0
28261, 50899154, 0, 0, 0
28347, 43026271, 0, 0, 0
28419, 24200301, 0, 0, 0
28565, 72714155, 0, 0, 0
28601, 18323540, 0, 0, 0
28769, 41975595, 0, 0, 0
28880, 55427923, 0, 0, 0
28922, 10322924, 0, 0, 0
29030, 108755731, 0, 0, 0
29158, 42473665, 0, 0, 0
29237, 79706224, 0, 0, 0
29316, 78786965, 0, 0, 0
29408, 18387323, 0, 0, 0
29506, 48766325, 0, 0, 0
29675, 42252912, 0, 0, 0
29754, 79602418, 0, 0, 0
29835, 80188205, 0, 0, 0
29923, 44458872, 0, 0, 0
30002, 78679841, 0, 0, 0
30164, 53860163, 0, 0, 0
30237, 73537108, 0, 0, 0
30319, 40600203, 0, 0, 0
30478, 79773535, 0, 0, 0
30505, 26528022, 0, 0, 0
30649, 28871294, 0, 0, 0
30709, 30235924, 0, 0, 0
30815, 105103762, 0, 0, 0
30931, 38703469, 0, 0, 0
31008, 25624635, 0, 0, 0
31114, 26590054, 0, 0, 0
31216, 20332532, 0, 0, 0
31303, 29146727, 0, 0, 0
31598, 295288687, 0, 0, 0
31613, 14873061, 0, 0, 0
31712, 14095882, 0, 0, 0
31888, 58800288, 0, 0, 0
31909, 20374592, 0, 0, 0
32032, 123426966, 0, 0, 0
32142, 55081294, 0, 0, 0
32204, 20671635, 0, 0, 0
32322, 39066734, 0, 0, 0
32487, 27598748, 0, 0, 0
32550, 63073787, 0, 0, 0
32625, 74352557, 0, 0, 0
32703, 39361096, 0, 0, 0
32859, 51994806, 0, 0, 0
32936, 25384154, 0, 0, 0
33023, 87677646, 0, 0, 0
33100, 19236325, 0, 0, 0
33216, 29009308, 0, 0, 0
33314, 24383814, 0, 0, 0
33416, 51038597, 0, 0, 0
33578, 162361446, 0, 0, 0
33651, 73044924, 0, 0, 0
33726, 74318325, 0, 0, 0
33804, 78170337, 0, 0, 0
33960, 78349152, 0, 0, 0
34036, 75937367, 0, 0, 0
34136, 50003795, 0, 0, 0
34250, 38007112, 0, 0, 0
34326, 75604022, 0, 0, 0
34429, 34429742, 0, 0, 0
34542, 56299218, 0, 0, 0
34612, 17595996, 0, 0, 0
34764, 75827384, 0, 0, 0
34864, 50109004, 0, 0, 0
34938, 73945621, 0, 0, 0
35019, 80957779, 0, 0, 0
35127, 53780781, 0, 0, 0
35272, 48335849, 0, 0, 0
35351, 79376135, 0, 0, 0
35430, 39389989, 0, 0, 0
35560, 26034547, 0, 0, 0
35613, 26311951, 0, 0, 0
35708, 19015535, 0, 0, 0
35828, 119936336, 0, 0, 0
35907, 79198162, 0, 0, 0
36038, 18747526, 0, 0, 0
36116, 39066832, 0, 0, 0
36222, 35315523, 0, 0, 0
36325, 51515708, 0, 0, 0
36404, 39126555, 0, 0, 0
36512, 13510335, 0, 0, 0
36623, 13931951, 0, 0, 0
36709, 10759156, 0, 0, 0
36821, 13988412, 0, 0, 0
36908, 29088000, 0, 0, 0
37228, 245060722, 0, 0, 0
37303, 75702080, 0, 0, 0
37428, 62152242, 0, 0, 0
37515, 43629880, 0, 0, 0
37669, 77200011, 0, 0, 0
37747, 78093221, 0, 0, 0
37825, 39005587, 0, 0, 0
37914, 44038806, 0, 0, 0
38026, 22399404, 0, 0, 0
38115, 29824376, 0, 0, 0
38205, 15039131, 0, 0, 0
38302, 24273261, 0, 0, 0
38623, 80094629, 0, 0, 0
38728, 52568201, 0, 0, 0
38812, 20910116, 0, 0, 0
38925, 56501197, 0, 0, 0
39002, 76928573, 0, 0, 0
39163, 80744594, 0, 0, 0
39240, 77325743, 0, 0, 0
39317, 76480027, 0, 0, 0
39411, 31214381, 0, 0, 0
39532, 40395671, 0, 0, 0
39610, 78644815, 0, 0, 0
39711, 25089380, 0, 0, 0
39821, 55294029, 0, 0, 0
39973, 75661484, 0, 0, 0
40001, 28495461, 0, 0, 0
40102, 33493639, 0, 0, 0
40204, 34251910, 0, 0, 0
40311, 53123027, 0, 0, 0
40479, 56111087, 0, 0, 0
40565, 43118190, 0, 0, 0
40626, 20210806, 0, 0, 0
40731, 52652878, 0, 0, 0
40845, 56998845, 0, 0, 0
40959, 37889211, 0, 0, 0
41065, 52876798, 0, 0, 0
41138, 73495530, 0, 0, 0
41242, 51994408, 0, 0, 0
41341, 49530139, 0, 0, 0
41472, 43704081, 0, 0, 0
41576, 52016869, 0, 0, 0
41605, 28189357, 0, 0, 0
41706, 16975781, 0, 0, 0
41878, 85912005, 0, 0, 0
41953, 75201104, 0, 0, 0
42031, 77704263, 0, 0, 0
42185, 30837583, 0, 0, 0
42259, 73391989, 0, 0, 0
42337, 39010331, 0, 0, 0
42460, 61554981, 0, 0, 0
42539, 79082316, 0, 0, 0
42622, 41305792, 0, 0, 0
42700, 78589837, 0, 0, 0
42802, 33886984, 0, 0, 0
42904, 50793274, 0, 0, 0
43022, 39381640, 0, 0, 0
43100, 77951482, 0, 0, 0
43231, 65585200, 0, 0, 0
43328, 24175150, 0, 0, 0
43469, 35419587, 0, 0, 0
43550, 80322597, 0, 0, 0
43626, 38087512, 0, 0, 0
43721, 23783680, 0, 0, 0
43810, 29600283, 0, 0, 0
43925, 23091054, 0, 0, 0
44001, 19012896, 0, 0, 0
44123, 121915237, 0, 0, 0
44329, 102781616, 0, 0, 0
44401, 24009897, 0, 0, 0
44570, 84791070, 0, 0, 0
44648, 77750738, 0, 0, 0
44752, 52146297, 0, 0, 0
44829, 25618183, 0, 0, 0
44925, 19234910, 0, 0, 0
45016, 18166871, 0, 0, 0
45108, 22963045, 0, 0, 0
45221, 18861242, 0, 0, 0
45312, 22535972, 0, 0, 0
45400, 17682634, 0, 0, 0
45518, 19746377, 0, 0, 0
45775, 128208423, 0, 0, 0
45873, 49057903, 0, 0, 0
45948, 75062616, 0, 0, 0
46024, 75680758, 0, 0, 0
46105, 80775939, 0, 0, 0
46256, 75614183, 0, 0, 0
46337, 81045455, 0, 0, 0
46417, 79887874, 0, 0, 0
46539, 30682566, 0, 0, 0
46613, 73224675, 0, 0, 0
46702, 22254026, 0, 0, 0
46861, 22775766, 0, 0, 0
46936, 74448957, 0, 0, 0
47042, 53220241, 0, 0, 0
47121, 79072050, 0, 0, 0
47221, 49922805, 0, 0, 0
47370, 74375366, 0, 0, 0
47450, 80577027, 0, 0, 0
47530, 79272526, 0, 0, 0
47642, 37565653, 0, 0, 0
47745, 51321237, 0, 0, 0
47846, 33526810, 0, 0, 0
47974, 32174572, 0, 0, 0
48048, 73669569, 0, 0, 0
48165, 58707137, 0, 0, 0
48275, 54758073, 0, 0, 0
48350, 75338951, 0, 0, 0
48428, 78168373, 0, 0, 0
48555, 63258043, 0, 0, 0
48636, 80711044, 0, 0, 0
48710, 74305385, 0, 0, 0
48855, 72282793, 0, 0, 0
48975, 30117636, 0, 0, 0
49007, 32181131, 0, 0, 0
49114, 53330815, 0, 0, 0
49222, 54284567, 0, 0, 0
49300, 77789811, 0, 0, 0
49416, 38638382, 0, 0, 0
49505, 88791320, 0, 0, 0
49645, 70002053, 0, 0, 0
49726, 81041468, 0, 0, 0
49802, 76262158, 0, 0, 0
49946, 71944586, 0, 0, 0
50024, 78305362, 0, 0, 0
50102, 77567843, 0, 0, 0
50265, 54249233, 0, 0, 0
50342, 77547804, 0, 0, 0
50416, 74130480, 0, 0, 0
50568, 75974174, 0, 0, 0
50654, 43008405, 0, 0, 0
50731, 76227615, 0, 0, 0
50803, 72723529, 0, 0, 0
50910, 53421735, 0, 0, 0
51063, 76500759, 0, 0, 0
51168, 52266232, 0, 0, 0
51201, 32714786, 0, 0, 0
51349, 74431447, 0, 0, 0
51426, 76227046, 0, 0, 0
51506, 80179627, 0, 0, 0
51611, 52447056, 0, 0, 0
51713, 25569114, 0, 0, 0
51845, 32934025, 0, 0, 0
51924, 79035008, 0, 0, 0
52007, 41649517, 0, 0, 0
52115, 53927050, 0, 0, 0
52272, 78614509, 0, 0, 0
52301, 29247514, 0, 0, 0
52537, 33578589, 0, 0, 0
52605, 17175241, 0, 0, 0
52802, 98586161, 0, 0, 0
52910, 53608279, 0, 0, 0
53036, 42121833, 0, 0, 0
53123, 43343321, 0, 0, 0
53237, 57036021, 0, 0, 0
53301, 21452550, 0, 0, 0
53415, 113940570, 0, 0, 0
53579, 54605218, 0, 0, 0
53601, 21521012, 0, 0, 0
53714, 28379219, 0, 0, 0
53808, 23383855, 0, 0, 0
54136, 82008677, 0, 0, 0
54244, 35960614, 0, 0, 0
54323, 79878758, 0, 0, 0
54400, 15408396, 0, 0, 0
54651, 83400539, 0, 0, 0
54729, 78749452, 0, 0, 0
54802, 72944190, 0, 0, 0
54903, 50350468, 0, 0, 0
55010, 53377526, 0, 0, 0
55118, 36106904, 0, 0, 0
55255, 45759739, 0, 0, 0
55364, 54369152, 0, 0, 0
55422, 11599205, 0, 0, 0
55583, 53715705, 0, 0, 0
55665, 82054423, 0, 0, 0
55752, 86186429, 0, 0, 0
55826, 74050731, 0, 0, 0
55903, 77473905, 0, 0, 0
56005, 50993826, 0, 0, 0
56115, 54721881, 0, 0, 0
56217, 51406008, 0, 0, 0
56376, 79035800, 0, 0, 0
56415, 38996401, 0, 0, 0
56522, 53900315, 0, 0, 0
56659, 45681622, 0, 0, 0
56713, 26827067, 0, 0, 0
56816, 51367302, 0, 0, 0
56930, 57017485, 0, 0, 0
57018, 87965136, 0, 0, 0
57129, 27891351, 0, 0, 0
57212, 82296119, 0, 0, 0
57374, 54052086, 0, 0, 0
57448, 74112828, 0, 0, 0
57501, 17554702, 0, 0, 0
57656, 77844327, 0, 0, 0
57736, 79853277, 0, 0, 0
57809, 72771969, 0, 0, 0
57964, 77381196, 0, 0, 0
58037, 73646673, 0, 0, 0
58180, 28472238, 0, 0, 0
58253, 73028955, 0, 0, 0
58364, 55757710, 0, 0, 0
58441, 76753144, 0, 0, 0
58522, 80674708, 0, 0, 0
58602, 80042257, 0, 0, 0
58701, 33028045, 0, 0, 0
58801, 49842554, 0, 0, 0
58950, 74551088, 0, 0, 0
59071, 30273510, 0, 0, 0
59149, 78301237, 0, 0, 0
59251, 51142317, 0, 0, 0
59329, 38675009, 0, 0, 0
59411, 20577528, 0, 0, 0
59507, 19210161, 0, 0, 0
59618, 27649889, 0, 0, 0
59858, 240313429, 0, 0, 0
60052, 64738722, 0, 0, 0
60165, 37651430, 0, 0, 0
60252, 86834356, 0, 0, 0
60344, 45956475, 0, 0, 0
60424, 79737967, 0, 0, 0
60502, 77950810, 0, 0, 0
60600, 49109602, 0, 0, 0
60711, 55333004, 0, 0, 0
60850, 34744917, 0, 0, 0
60921, 71501504, 0, 0, 0
61030, 54281153, 0, 0, 0
61108, 78106116, 0, 0, 0
61210, 34087134, 0, 0, 0
61403, 48273070, 0, 0, 0
61556, 51101103, 0, 0, 0
61657, 50506503, 0, 0, 0
61722, 32234546, 0, 0, 0
61943, 36777060, 0, 0, 0
62055, 56309917, 0, 0, 0
62127, 71818471, 0, 0, 0
62200, 73286128, 0, 0, 0
62314, 56719849, 0, 0, 0
62418, 51871392, 0, 0, 0
62522, 52051900, 0, 0, 0
62654, 44048820, 0, 0, 0
62764, 55305898, 0, 0, 0
62865, 50214463, 0, 0, 0
62970, 52781869, 0, 0, 0
63047, 76604348, 0, 0, 0
63117, 34782363, 0, 0, 0
63201, 42010518, 0, 0, 0
63422, 55395952, 0, 0, 0
63602, 44818547, 0, 0, 0
63732, 65065970, 0, 0, 0
63870, 69166869, 0, 0, 0
63909, 19281734, 0, 0, 0
64012, 51462502, 0, 0, 0
64161, 49961772, 0, 0, 0
64224, 31099707, 0, 0, 0
64467, 81033151, 0, 0, 0
64632, 82839320, 0, 0, 0
64732, 50013460, 0, 0, 0
64866, 44565301, 0, 0, 0
65001, 135169548, 0, 0, 0
65113, 27830079, 0, 0, 0
65269, 77924927, 0, 0, 0
65347, 78895745, 0, 0, 0
65417, 17514725, 0, 0, 0
65541, 61666233, 0, 0, 0
65629, 29400793, 0, 0, 0
65751, 122337132, 0, 0, 0
65830, 78188141, 0, 0, 0
65958, 31989401, 0, 0, 0
66035, 76968585, 0, 0, 0
66110, 75591553, 0, 0, 0
66245, 45045404, 0, 0, 0
66328, 41185437, 0, 0, 0
66402, 74532795, 0, 0, 0
66505, 51599202, 0, 0, 0
66608, 25722971, 0, 0, 0
66710, 51054082, 0, 0, 0
66819, 18152617, 0, 0, 0
66993, 86693669, 0, 0, 0
67020, 27518990, 0, 0, 0
67172, 37978076, 0, 0, 0
67249, 76901372, 0, 0, 0
67327, 77509627, 0, 0, 0
67404, 77669032, 0, 0, 0
67550, 36318329, 0, 0, 0
67655, 52892506, 0, 0, 0
67750, 31402638, 0, 0, 0
67823, 73446675, 0, 0, 0
67901, 77686883, 0, 0, 0
68055, 77383976, 0, 0, 0
68132, 76178035, 0, 0, 0
68210, 78599840, 0, 0, 0
68309, 49493540, 0, 0, 0
68404, 31706196, 0, 0, 0
68519, 28758325, 0, 0, 0
68625, 26469244, 0, 0, 0
68705, 79903072, 0, 0, 0
68860, 77324968, 0, 0, 0
68950, 44895128, 0, 0, 0
69030, 80541359, 0, 0, 0
69152, 40748817, 0, 0, 0
69262, 54601140, 0, 0, 0
69358, 48148524, 0, 0, 0
69416, 28860645, 0, 0, 0
69545, 25815212, 0, 0, 0
69618, 24378584, 0, 0, 0
69713, 95040540, 0, 0, 0
69825, 56033243, 0, 0, 0
69905, 79524730, 0, 0, 0
70070, 55100998, 0, 0, 0
70146, 76036955, 0, 0, 0
70216, 69610934, 0, 0, 0
70300, 42102829, 0, 0, 0
70461, 53813154, 0, 0, 0
70535, 73553668, 0, 0, 0
70625, 44892769, 0, 0, 0
70728, 51920243, 0, 0, 0
70804, 75390931, 0, 0, 0
70911, 53673666, 0, 0, 0
71063, 50469729, 0, 0, 0
71167, 52231964, 0, 0, 0
71224, 28256280, 0, 0, 0
71373, 37412624, 0, 0, 0
71409, 18069541, 0, 0, 0
71524, 38164138, 0, 0, 0
71600, 25235486, 0, 0, 0
71716, 29184616, 0, 0, 0
71813, 13812087, 0, 0, 0
71904, 30187368, 0, 0, 0
72020, 23187028, 0, 0, 0
72224, 204825714, 0, 0, 0
72316, 30697093, 0, 0, 0
72416, 24769640, 0, 0, 0
72519, 34527421, 0, 0, 0
72695, 88053506, 0, 0, 0
72702, 6783506, 0, 0, 0
72865, 81545504, 0, 0, 0
72947, 81355554, 0, 0, 0
73018, 71954236, 0, 0, 0
73134, 57813714, 0, 0, 0
73208, 24736402, 0, 0, 0
73318, 54646782, 0, 0, 0
73432, 28684009, 0, 0, 0
73570, 137300202, 0, 0, 0
73676, 53037842, 0, 0, 0
73775, 24786704, 0, 0, 0
73850, 75217842, 0, 0, 0
73932, 81718950, 0, 0, 0
74013, 27017445, 0, 0, 0
74107, 23460156, 0, 0, 0
74353, 49210579, 0, 0, 0
74425, 36046058, 0, 0, 0
74506, 27054910, 0, 0, 0
74630, 41320500, 0, 0, 0
74714, 42118329, 0, 0, 0
74812, 97803962, 0, 0, 0
74927, 19167337, 0, 0, 0
75062, 44829317, 0, 0, 0
75120, 29244433, 0, 0, 0
75255, 33809351, 0, 0, 0
75397, 141433154, 0, 0, 0
75407, 10158234, 0, 0, 0
75601, 32258792, 0, 0, 0
75761, 80052180, 0, 0, 0
75841, 80264916, 0, 0, 0
75934, 46613692, 0, 0, 0
76014, 40037991, 0, 0, 0
76110, 47787492, 0, 0, 0
76271, 80444086, 0, 0, 0
76344, 73688269, 0, 0, 0
76450, 35300823, 0, 0, 0
76523, 72995461, 0, 0, 0
76632, 54503453, 0, 0, 0
76708, 75340537, 0, 0, 0
76810, 14640025, 0, 0, 0
76903, 11636387, 0, 0, 0
77038, 134435749, 0, 0, 0
77145, 53449482, 0, 0, 0
77218, 73162049, 0, 0, 0
77307, 89399136, 0, 0, 0
77417, 36505708, 0, 0, 0
77525, 54322969, 0, 0, 0
77655, 43320200, 0, 0, 0
77716, 20108161, 0, 0, 0
77906, 38124124, 0, 0, 0
78007, 50415749, 0, 0, 0
78113, 53096498, 0, 0, 0
78217, 34552137, 0, 0, 0
78313, 23957319, 0, 0, 0
78417, 52271022, 0, 0, 0
78518, 25039136, 0, 0, 0
78607, 22392391, 0, 0, 0
78702, 18959499, 0, 0, 0
78963, 87103950, 0, 0, 0
79011, 23740784, 0, 0, 0
79230, 54653800, 0, 0, 0
79372, 47481920, 0, 0, 0
79413, 40920003, 0, 0, 0
79511, 14025995, 0, 0, 0
79608, 96914855, 0, 0, 0
79791, 45836579, 0, 0, 0
79869, 78027889, 0, 0, 0
79945, 75454644, 0, 0, 0
80002, 18884946, 0, 0, 0
80102, 25038864, 0, 0, 0
80293, 31955611, 0, 0, 0
80366, 72973285, 0, 0, 0
80404, 37651619, 0, 0, 0
80509, 26110138, 0, 0, 0
80608, 19789877, 0, 0, 0
80715, 17848988, 0, 0, 0
80818, 17202819, 0, 0, 0
81157, 67797183, 0, 0, 0
81280, 30765738, 0, 0, 0
81362, 82017705, 0, 0, 0
81444, 41230831, 0, 0, 0
81559, 57123829, 0, 0, 0
81635, 76329633, 0, 0, 0
81735, 33258453, 0, 0, 0
81821, 10815051, 0, 0, 0
82066, 122387849, 0, 0, 0
82102, 8929284, 0, 0, 0
82255, 15544548, 0, 0, 0
82300, 15128373, 0, 0, 0
82416, 38570317, 0, 0, 0
82561, 36124795, 0, 0, 0
82745, 184119485, 0, 0, 0
82800, 18512702, 0, 0, 0
83089, 48102940, 0, 0, 0
83113, 5980510, 0, 0, 0
83342, 57268992, 0, 0, 0
83419, 12896944, 0, 0, 0
83693, 68309934, 0, 0, 0
83700, 7442720, 0, 0, 0
83843, 47766633, 0, 0, 0
83916, 18142460, 0, 0, 0
84013, 48351771, 0, 0, 0
84237, 74871800, 0, 0, 0
84317, 15879956, 0, 0, 0
84641, 162058880, 0, 0, 0
84734, 31041074, 0, 0, 0
84826, 91982825, 0, 0, 0
84906, 80632038, 0, 0, 0
85037, 32669795, 0, 0, 0
85121, 42146910, 0, 0, 0
85220, 24730499, 0, 0, 0
85494, 273732396, 0, 0, 0
85531, 36418566, 0, 0, 0
85679, 74089707, 0, 0, 0
85710, 30772893, 0, 0, 0
85941, 33081680, 0, 0, 0
86020, 79247302, 0, 0, 0
86111, 30287118, 0, 0, 0
86211, 99664636, 0, 0, 0
86371, 80148239, 0, 0, 0
86441, 70001370, 0, 0, 0
86518, 77261539, 0, 0, 0
86620, 50545469, 0, 0, 0
86700, 40106059, 0, 0, 0
86806, 26468987, 0, 0, 0
86956, 50238652, 0, 0, 0
87069, 56398174, 0, 0, 0
87110, 20150938, 0, 0, 0
87232, 61037963, 0, 0, 0
87311, 79894816, 0, 0, 0
87464, 76069020, 0, 0, 0
87540, 76816898, 0, 0, 0
87620, 79957635, 0, 0, 0
87750, 32277949, 0, 0, 0
87825, 75395398, 0, 0, 0
87904, 79103842, 0, 0, 0
88064, 79754584, 0, 0, 0
88162, 49191874, 0, 0, 0
88238, 75877129, 0, 0, 0
88316, 77849767, 0, 0, 0
88408, 46083977, 0, 0, 0
88570, 54188038, 0, 0, 0
88652, 81689727, 0, 0, 0
88727, 75135856, 0, 0, 0
88805, 77943492, 0, 0, 0
88960, 77454860, 0, 0, 0
89073, 37585627, 0, 0, 0
89150, 77269150, 0, 0, 0
89225, 75223942, 0, 0, 0
89305, 79354071, 0, 0, 0
89423, 29679274, 0, 0, 0
89539, 57839110, 0, 0, 0
89615, 75768630, 0, 0, 0
89728, 37705411, 0, 0, 0
89804, 75834656, 0, 0, 0
89961, 78711930, 0, 0, 0
90001, 39420774, 0, 0, 0
90158, 78499918, 0, 0, 0
90217, 29408426, 0, 0, 0
90303, 43305727, 0, 0, 0
90463, 53146349, 0, 0, 0
90540, 77603068, 0, 0, 0
90618, 77316345, 0, 0, 0
90760, 47307276, 0, 0, 0
90838, 78092077, 0, 0, 0
90905, 22385216, 0, 0, 0
91104, 39937263, 0, 0, 0
91226, 60626974, 0, 0, 0
91324, 48936362, 0, 0, 0
91406, 82491275, 0, 0, 0
91521, 57549673, 0, 0, 0
91618, 48245738, 0, 0, 0
91738, 60134591, 0, 0, 0
91804, 22108193, 0, 0, 0
91907, 51510560, 0, 0, 0
92011, 51927417, 0, 0, 0
92119, 53657680, 0, 0, 0
92242, 61702898, 0, 0, 0
92319, 76929974, 0, 0, 0
92411, 30757667, 0, 0, 0
92564, 76527970, 0, 0, 0
92641, 76338534, 0, 0, 0
92716, 75445769, 0, 0, 0
92871, 77486219, 0, 0, 0
92908, 18649968, 0, 0, 0
93015, 53456904, 0, 0, 0
93172, 78232124, 0, 0, 0
93246, 74044990, 0, 0, 0
93351, 52641112, 0, 0, 0
93433, 81755103, 0, 0, 0
93514, 26967510, 0, 0, 0
93630, 57905021, 0, 0, 0
93710, 79998535, 0, 0, 0
93819, 54498670, 0, 0, 0
93971, 76044369, 0, 0, 0
94018, 46969296, 0, 0, 0
94170, 76408964, 0, 0, 0
94244, 73706579, 0, 0, 0
94357, 37702287, 0, 0, 0
94432, 74968810, 0, 0, 0
94507, 75112668, 0, 0, 0
94612, 52454850, 0, 0, 0
94759, 73245779, 0, 0, 0
94823, 21384908, 0, 0, 0
94932, 54459472, 0, 0, 0
95003, 17792753, 0, 0, 0
95104, 20262385, 0, 0, 0
95263, 159034324, 0, 0, 0
95319, 13780722, 0, 0, 0
95400, 81484531, 0, 0, 0
95534, 67134068, 0, 0, 0
95638, 51866259, 0, 0, 0
95712, 74135780, 0, 0, 0
95803, 45412023, 0, 0, 0
95908, 26366951, 0, 0, 0
96080, 42821222, 0, 0, 0
96193, 113046866, 0, 0, 0
96222, 28829998, 0, 0, 0
96301, 78893180, 0, 0, 0
96402, 25347392, 0, 0, 0
96507, 52542991, 0, 0, 0
96612, 26311514, 0, 0, 0
96701, 22288374, 0, 0, 0
96805, 17169464, 0, 0, 0
97055, 125025057, 0, 0, 0
97134, 79818661, 0, 0, 0
97210, 75414711, 0, 0, 0
97338, 64128749, 0, 0, 0
97447, 54281726, 0, 0, 0
97520, 73023237, 0, 0, 0
97656, 67916200, 0, 0, 0
97713, 28586261, 0, 0, 0
97811, 49192997, 0, 0, 0
97919, 53920608, 0, 0, 0
98033, 28434320, 0, 0, 0
98201, 42010428, 0, 0, 0
98310, 54622616, 0, 0, 0
98417, 35600568, 0, 0, 0
98534, 58484502, 0, 0, 0
98683, 37307098, 0, 0, 0
98712, 28562741, 0, 0, 0
98863, 75578903, 0, 0, 0
98940, 77155171, 0, 0, 0
99013, 73410323, 0, 0, 0
99113, 49751137, 0, 0, 0
99206, 46500810, 0, 0, 0
99377, 57079065, 0, 0, 0
99424, 23306909, 0, 0, 0
99559, 33873650, 0, 0, 0
99664, 52471132, 0, 0, 0
99720, 27670563, 0, 0, 0
99801, 81147490, 0, 0, 0
99925, 20647794, 0, 0, 0
100023, 32909587, 0, 0, 0
100103, 39831720, 0, 0, 0
100200, 24129654, 0, 0, 0
100301, 20266530, 0, 0, 0
100412, 27665049, 0, 0, 0
100502, 30064972, 0, 0, 0
100632, 26122139, 0, 0, 0
100713, 26788144, 0, 0, 0
101131, 104569901, 0, 0, 0
101203, 24159625, 0, 0, 0
101312, 27117724, 0, 0, 0
101438, 25276862, 0, 0, 0
101520, 27295674, 0, 0, 0
101678, 157727496, 0, 0, 0
101710, 31582920, 0, 0, 0
101870, 22971188, 0, 0, 0
101942, 71194506, 0, 0, 0
102052, 55003649, 0, 0, 0
102125, 36831481, 0, 0, 0
102210, 28215647, 0, 0, 0
102336, 63205816, 0, 0, 0
102412, 75977999, 0, 0, 0
102562, 37406430, 0, 0, 0
102670, 53839238, 0, 0, 0
102769, 49727264, 0, 0, 0
102860, 45596642, 0, 0, 0
102909, 24190232, 0, 0, 0
103003, 47352720, 0, 0, 0
103179, 43928876, 0, 0, 0
103209, 30092961, 0, 0, 0
103325, 57648430, 0, 0, 0
103416, 30389429, 0, 0, 0
103516, 50024732, 0, 0, 0
103670, 38616342, 0, 0, 0
103704, 33913912, 0, 0, 0
103814, 36632708, 0, 0, 0
103924, 55071683, 0, 0, 0
104005, 80328005, 0, 0, 0
104146, 47078417, 0, 0, 0
104221, 75134202, 0, 0, 0
104329, 35992735, 0, 0, 0
104409, 80017062, 0, 0, 0
104504, 19016140, 0, 0, 0
104605, 20286780, 0, 0, 0
104775, 84555969, 0, 0, 0
104848, 72919359, 0, 0, 0
104948, 50416588, 0, 0, 0
105048, 49967515, 0, 0, 0
105127, 78279593, 0, 0, 0
105206, 79403020, 0, 0, 0
105312, 53209217, 0, 0, 0
105421, 36310889, 0, 0, 0
105535, 37989735, 0, 0, 0
105638, 34363239, 0, 0, 0
105738, 49687185, 0, 0, 0
105848, 55083758, 0, 0, 0
105974, 25120572, 0, 0, 0
106052, 78829928, 0, 0, 0
106127, 74184550, 0, 0, 0
106241, 37999290, 0, 0, 0
106318, 77570740, 0, 0, 0
106417, 32849949, 0, 0, 0
106517, 33473374, 0, 0, 0
106602, 42523368, 0, 0, 0
106718, 38515661, 0, 0, 0
106870, 25382977, 0, 0, 0
106906, 36307062, 0, 0, 0
107023, 38834082, 0, 0, 0
107103, 79953557, 0, 0, 0
107229, 42045942, 0, 0, 0
107378, 49661470, 0, 0, 0
107407, 28453225, 0, 0, 0
107555, 74299222, 0, 0, 0
107632, 76904158, 0, 0, 0
107774, 47455684, 0, 0, 0
107803, 28894601, 0, 0, 0
107950, 73529462, 0, 0, 0
108037, 87002814, 0, 0, 0
108171, 44661804, 0, 0, 0
108205, 16850949, 0, 0, 0
108310, 20906586, 0, 0, 0
108494, 184149649, 0, 0, 0
108521, 27371717, 0, 0, 0
108676, 51669249, 0, 0, 0
108701, 24810843, 0, 0, 0
108849, 74239943, 0, 0, 0
108915, 32797625, 0, 0, 0
109015, 99766252, 0, 0, 0
109106, 45799432, 0, 0, 0
109212, 35227505, 0, 0, 0
109345, 22059903, 0, 0, 0
109401, 28267618, 0, 0, 0
109509, 10763854, 0, 0, 0
109749, 80160110, 0, 0, 0
109822, 72960202, 0, 0, 0
109958, 67980510, 0, 0, 0
110038, 80073101, 0, 0, 0
110165, 63242219, 0, 0, 0
110268, 51689597, 0, 0, 0
110302, 33735566, 0, 0, 0
110448, 36435723, 0, 0, 0
110522, 74175788, 0, 0, 0
110622, 50031891, 0, 0, 0
110711, 17758894, 0, 0, 0
110950, 79920111, 0, 0, 0
111056, 35211381, 0, 0, 0
111164, 36053425, 0, 0, 0
111243, 78266112, 0, 0, 0
111330, 43540486, 0, 0, 0
111411, 40830594, 0, 0, 0
111567, 77632181, 0, 0, 0
111653, 86258804, 0, 0, 0
111707, 27268408, 0, 0, 0
111802, 31467121, 0, 0, 0
111912, 27534175, 0, 0, 0
112004, 22915422, 0, 0, 0
112162, 52820990, 0, 0, 0
112219, 28562262, 0, 0, 0
112301, 20468061, 0, 0, 0
112429, 21304138, 0, 0, 0
112644, 71699669, 0, 0, 0
112767, 30613996, 0, 0, 0
112839, 72723103, 0, 0, 0
112913, 74048841, 0, 0, 0
113069, 77724454, 0, 0, 0
113125, 28035676, 0, 0, 0
113275, 37532077, 0, 0, 0
113305, 15005026, 0, 0, 0
113418, 37541279, 0, 0, 0
113502, 28190891, 0, 0, 0
113602, 24934297, 0, 0, 0
113804, 67262466, 0, 0, 0
113935, 32717192, 0, 0, 0
114007, 72695632, 0, 0, 0
114118, 55443968, 0, 0, 0
114251, 66580690, 0, 0, 0
114324, 72377845, 0, 0, 0
114403, 79494979, 0, 0, 0
114510, 21377333, 0, 0, 0
114654, 35888715, 0, 0, 0
114728, 74005719, 0, 0, 0
114816, 29491928, 0, 0, 0
114940, 41219914, 0, 0, 0
115020, 80301904, 0, 0, 0
115105, 42214093, 0, 0, 0
115212, 35658972, 0, 0, 0
115365, 76460917, 0, 0, 0
115443, 78636259, 0, 0, 0
115517, 73987926, 0, 0, 0
115616, 49273649, 0, 0, 0
115709, 46381035, 0, 0, 0
115859, 49985422, 0, 0, 0
115916, 57610543, 0, 0, 0
116074, 39383988, 0, 0, 0
116107, 32949806, 0, 0, 0
116217, 27566440, 0, 0, 0
116362, 72357842, 0, 0, 0
116420, 29268782, 0, 0, 0
116501, 80436094, 0, 0, 0
116609, 36018367, 0, 0, 0
116748, 46367591, 0, 0, 0
116810, 10309557, 0, 0, 0
116921, 37202807, 0, 0, 0
117057, 67955098, 0, 0, 0
117143, 42862811, 0, 0, 0
117220, 19192628, 0, 0, 0
117471, 83756824, 0, 0, 0
117556, 84953678, 0, 0, 0
117633, 76919003, 0, 0, 0
117706, 73144785, 0, 0, 0
117867, 80461902, 0, 0, 0
117922, 54743108, 0, 0, 0
118018, 24170006, 0, 0, 0
118110, 45712714, 0, 0, 0
118212, 51149752, 0, 0, 0
118367, 77259410, 0, 0, 0
118443, 76802460, 0, 0, 0
118509, 32529542, 0, 0, 0
118671, 27134480, 0, 0, 0
118746, 74852630, 0, 0, 0
118825, 39607639, 0, 0, 0
118901, 75186307, 0, 0, 0
119009, 54051462, 0, 0, 0
119163, 51277646, 0, 0, 0
119219, 18806808, 0, 0, 0
119305, 86249992, 0, 0, 0
119410, 35011589, 0, 0, 0
119534, 17681644, 0, 0, 0
119615, 80805058, 0, 0, 0
119728, 56319444, 0, 0, 0
119895, 55820713, 0, 0, 0
119923, 27919244, 0, 0, 0
120021, 49236795, 0, 0, 0
120174, 76068323, 0, 0, 0
120252, 78353695, 0, 0, 0
120304, 26201956, 0, 0, 0
120486, 60595120, 0, 0, 0
120566, 39982854, 0, 0, 0
120644, 78307385, 0, 0, 0
120759, 28600466, 0, 0, 0
120836, 77324254, 0, 0, 0
120915, 79122802, 0, 0, 0
121002, 28887418, 0, 0, 0
121102, 33209362, 0, 0, 0
121211, 36611267, 0, 0, 0
121335, 61670307, 0, 0, 0
121401, 33002271, 0, 0, 0
121501, 33469737, 0, 0, 0
121606, 52234700, 0, 0, 0
121742, 34183055, 0, 0, 0
121802, 9892484, 0, 0, 0
121975, 34585255, 0, 0, 0
122057, 82542125, 0, 0, 0
122135, 78035296, 0, 0, 0
122211, 75758990, 0, 0, 0
122365, 76852078, 0, 0, 0
122401, 35797090, 0, 0, 0
122536, 33838315, 0, 0, 0
122640, 51879552, 0, 0, 0
122719, 26363995, 0, 0, 0
122810, 91426627, 0, 0, 0
122924, 57037213, 0, 0, 0
123001, 38446865, 0, 0, 0
123153, 75958418, 0, 0, 0
123253, 33291587, 0, 0, 0
123359, 53105613, 0, 0, 0
123431, 71214068, 0, 0, 0
123509, 78222584, 0, 0, 0
123667, 79108877, 0, 0, 0
123740, 73165277, 0, 0, 0
123819, 79121789, 0, 0, 0
123978, 79311571, 0, 0, 0
124026, 12040868, 0, 0, 0
124102, 76421844, 0, 0, 0
124245, 47627951, 0, 0, 0
124304, 29060811, 0, 0, 0
124419, 19296448, 0, 0, 0
124511, 22956511, 0, 0, 0
124602, 18180383, 0, 0, 0
124848, 40999669, 0, 0, 0
124923, 18636530, 0, 0, 0
125029, 26602013, 0, 0, 0
125100, 23629573, 0, 0, 0
125219, 29756258, 0, 0, 0
125324, 26213288, 0, 0, 0
125406, 40874528, 0, 0, 0
125756, 116713265, 0, 0, 0
125838, 82737280, 0, 0, 0
125950, 55882485, 0, 0, 0
126030, 79819158, 0, 0, 0
126150, 39856970, 0, 0, 0
126227, 77703860, 0, 0, 0
126307, 39810169, 0, 0, 0
126407, 50203093, 0, 0, 0
126504, 16152918, 0, 0, 0
126611, 106904640, 0, 0, 0
126743, 32951553, 0, 0, 0
126815, 14281391, 0, 0, 0
127022, 44447028, 0, 0, 0
127101, 78724776, 0, 0, 0
127266, 41396760, 0, 0, 0
127345, 78357616, 0, 0, 0
127426, 27145776, 0, 0, 0
127508, 40679115, 0, 0, 0
127648, 70288403, 0, 0, 0
127729, 80759763, 0, 0, 0
127860, 65310640, 0, 0, 0
127931, 23782829, 0, 0, 0
128022, 45367101, 0, 0, 0
128114, 30805312, 0, 0, 0
128223, 36234954, 0, 0, 0
128300, 25811090, 0, 0, 0
128409, 36272965, 0, 0, 0
128511, 20436833, 0, 0, 0
128629, 39283932, 0, 0, 0
128718, 29507663, 0, 0, 0
128814, 32142524, 0, 0, 0
129149, 335288237, 0, 0, 0
129221, 17979763, 0, 0, 0
129413, 95978021, 0, 0, 0
129508, 31708241, 0, 0, 0
129605, 96747214, 0, 0, 0
129713, 53683790, 0, 0, 0
129807, 47130967, 0, 0, 0
129962, 77398245, 0, 0, 0
130041, 79458885, 0, 0, 0
130118, 76629862, 0, 0, 0
130227, 54526310, 0, 0, 0
130306, 79139476, 0, 0, 0
130472, 82940519, 0, 0, 0
130501, 28765833, 0, 0, 0
130660, 79524529, 0, 0, 0
130712, 52085633, 0, 0, 0
130866, 77100720, 0, 0, 0
130960, 31288826, 0, 0, 0
131035, 75244004, 0, 0, 0
131172, 68339676, 0, 0, 0
131225, 26453918, 0, 0, 0
131339, 57275819, 0, 0, 0
131424, 42243593, 0, 0, 0
131507, 41402119, 0, 0, 0
131613, 53401202, 0, 0, 0
131744, 32612732, 0, 0, 0
131815, 17850691, 0, 0, 0
132005, 63107593, 0, 0, 0
132112, 53697122, 0, 0, 0
132268, 78134442, 0, 0, 0
132343, 74576330, 0, 0, 0
132453, 36799108, 0, 0, 0
132535, 81505144, 0, 0, 0
132612, 76741657, 0, 0, 0
132761, 74535387, 0, 0, 0
132867, 53245039, 0, 0, 0
132976, 54227325, 0, 0, 0
133060, 42046293, 0, 0, 0
133130, 70533871, 0, 0, 0
133207, 76648519, 0, 0, 0
133312, 52380883, 0, 0, 0
133434, 61027954, 0, 0, 0
133526, 46148061, 0, 0, 0
133602, 75592568, 0, 0, 0
133761, 39863637, 0, 0, 0
133874, 37807117, 0, 0, 0
133961, 43013519, 0, 0, 0
134038, 77392644, 0, 0, 0
134113, 74844090, 0, 0, 0
134267, 77133546, 0, 0, 0
134347, 80055495, 0, 0, 0
134435, 43756880, 0, 0, 0
134514, 79203200, 0, 0, 0
134667, 76365139, 0, 0, 0
134746, 79795436, 0, 0, 0
134857, 36787990, 0, 0, 0
134936, 79103006, 0, 0, 0
135016, 80455632, 0, 0, 0
135174, 31565994, 0, 0, 0
135250, 75459416, 0, 0, 0
135351, 50462278, 0, 0, 0
135423, 72536517, 0, 0, 0
135502, 78861119, 0, 0, 0
135661, 52992742, 0, 0, 0
135744, 41585045, 0, 0, 0
135818, 73911486, 0, 0, 0
135977, 79278802, 0, 0, 0
136056, 79725014, 0, 0, 0
136132, 75405112, 0, 0, 0
136237, 52721917, 0, 0, 0
136350, 56453933, 0, 0, 0
136435, 42629208, 0, 0, 0
136572, 45570105, 0, 0, 0
136651, 79117215, 0, 0, 0
136732, 81218119, 0, 0, 0
136806, 18353962, 0, 0, 0
136907, 101196841, 0, 0, 0
137010, 51526936, 0, 0, 0
137163, 76285870, 0, 0, 0
137240, 77769928, 0, 0, 0
137319, 78997162, 0, 0, 0
137406, 43488339, 0, 0, 0
137547, 46975672, 0, 0, 0
137627, 80106276, 0, 0, 0
137765, 45774905, 0, 0, 0
137811, 45932515, 0, 0, 0
137964, 76384214, 0, 0, 0
138024, 30111877, 0, 0, 0
138137, 56471751, 0, 0, 0
138212, 75455946, 0, 0, 0
138319, 53620806, 0, 0, 0
138407, 43552859, 0, 0, 0
138556, 74711930, 0, 0, 0
138638, 81874793, 0, 0, 0
138744, 52869340, 0, 0, 0
138825, 81125024, 0, 0, 0
138901, 75850953, 0, 0, 0
139009, 36223973, 0, 0, 0
139119, 36702526, 0, 0, 0
139231, 56044867, 0, 0, 0
139308, 19132246, 0, 0, 0
139409, 100582625, 0, 0, 0
139506, 32531013, 0, 0, 0
139630, 41287014, 0, 0, 0
139709, 26142768, 0, 0, 0
139809, 20080876, 0, 0, 0
139926, 29299011, 0, 0, 0
140004, 38820492, 0, 0, 0
140351, 115640810, 0, 0, 0
140408, 28681811, 0, 0, 0
140535, 63369023, 0, 0, 0
140618, 27755734, 0, 0, 0
140716, 32483020, 0, 0, 0
140936, 110141984, 0, 0, 0
141068, 65847560, 0, 0, 0
141104, 35977188, 0, 0, 0
141328, 56057340, 0, 0, 0
141402, 74509021, 0, 0, 0
141652, 49986500, 0, 0, 0
141761, 54133103, 0, 0, 0
141814, 26615417, 0, 0, 0
141931, 58842930, 0, 0, 0
142072, 46973584, 0, 0, 0
142109, 36448966, 0, 0, 0
142221, 55959154, 0, 0, 0
142324, 51836704, 0, 0, 0
142465, 70325668, 0, 0, 0
142500, 34546845, 0, 0, 0
142612, 28089131, 0, 0, 0
142848, 235729491, 0, 0, 0
142927, 79300097, 0, 0, 0
143005, 77646438, 0, 0, 0
143163, 78976921, 0, 0, 0
143241, 39322231, 0, 0, 0
143320, 78305416, 0, 0, 0
143488, 83981344, 0, 0, 0
143542, 54603411, 0, 0, 0
143611, 68778131, 0, 0, 0
143770, 79316957, 0, 0, 0
143842, 72767712, 0, 0, 0
143908, 32962895, 0, 0, 0
144046, 45860989, 0, 0, 0
144127, 80839827, 0, 0, 0
144211, 41883530, 0, 0, 0
144330, 29818533, 0, 0, 0
144431, 101246812, 0, 0, 0
144572, 47098617, 0, 0, 0
144651, 78804387, 0, 0, 0
144728, 77075520, 0, 0, 0
144855, 63222117, 0, 0, 0
144930, 75312495, 0, 0, 0
145009, 78472386, 0, 0, 0
145168, 79752903, 0, 0, 0
145243, 75367102, 0, 0, 0
145311, 22575783, 0, 0, 0
145462, 75511253, 0, 0, 0
145539, 76818033, 0, 0, 0
145614, 75220256, 0, 0, 0
145728, 57053057, 0, 0, 0
145837, 54310870, 0, 0, 0
145915, 78353850, 0, 0, 0
146021, 53060539, 0, 0, 0
146103, 27200534, 0, 0, 0
146201, 48903636, 0, 0, 0
146366, 55090979, 0, 0, 0
146427, 61343269, 0, 0, 0
146512, 28066239, 0, 0, 0
146671, 52956771, 0, 0, 0
146744, 73721905, 0, 0, 0
146803, 19683804, 0, 0, 0
146980, 58766457, 0, 0, 0
147054, 74331493, 0, 0, 0
147134, 79767629, 0, 0, 0
147213, 39501313, 0, 0, 0
147330, 38928304, 0, 0, 0
147435, 52592029, 0, 0, 0
147515, 40313066, 0, 0, 0
147667, 50460810, 0, 0, 0
147781, 57031907, 0, 0, 0
147855, 74216659, 0, 0, 0
147918, 31382095, 0, 0, 0
148072, 51493636, 0, 0, 0
148122, 24696585, 0, 0, 0
148234, 111867751, 0, 0, 0
148312, 78127235, 0, 0, 0
148415, 51757542, 0, 0, 0
148527, 37134687, 0, 0, 0
148604, 76941770, 0, 0, 0
148747, 47788293, 0, 0, 0
148822, 75293520, 0, 0, 0
148938, 38682201, 0, 0, 0
149016, 77315365, 0, 0, 0
149123, 53550519, 0, 0, 0
149213, 45004741, 0, 0, 0
149331, 39327505, 0, 0, 0
149419, 44180232, 0, 0, 0
149508, 29658492, 0, 0, 0
149683, 43729734, 0, 0, 0
149764, 80655217, 0, 0, 0
149839, 74834161, 0, 0, 0
149910, 35656269, 0, 0, 0
150022, 56215458, 0, 0, 0
150101, 78190240, 0, 0, 0
150218, 39052600, 0, 0, 0
150319, 33920357, 0, 0, 0
150455, 45117519, 0, 0, 0
150565, 36687846, 0, 0, 0
150651, 86126189, 0, 0, 0
150721, 69824380, 0, 0, 0
150822, 50729763, 0, 0, 0
150962, 46710688, 0, 0, 0
151074, 55790414, 0, 0, 0
151154, 80342631, 0, 0, 0
151203, 24132554, 0, 0, 0
151344, 47227728, 0, 0, 0
151425, 80236750, 0, 0, 0
151502, 77209297, 0, 0, 0
151612, 36883263, 0, 0, 0
151713, 50303634, 0, 0, 0
151804, 22761285, 0, 0, 0
152025, 24510762, 0, 0, 0
152100, 74881522, 0, 0, 0
152210, 55127554, 0, 0, 0
152324, 28537429, 0, 0, 0
152428, 51770060, 0, 0, 0
152538, 55026224, 0, 0, 0
152612, 74270167, 0, 0, 0
152770, 78958147, 0, 0, 0
152845, 75538646, 0, 0, 0
152903, 28990177, 0, 0, 0
153021, 29452556, 0, 0, 0
153109, 21958138, 0, 0, 0
153313, 40862174, 0, 0, 0
153432, 29615207, 0, 0, 0
153505, 24489912, 0, 0, 0
153611, 26355738, 0, 0, 0
153809, 66148396, 0, 0, 0
153969, 159322063, 0, 0, 0
154085, 58356623, 0, 0, 0
154118, 32670494, 0, 0, 0
154206, 17638973, 0, 0, 0
154323, 29145620, 0, 0, 0
154400, 25739992, 0, 0, 0
154510, 27491904, 0, 0, 0
154605, 23630972, 0, 0, 0
154783, 59545764, 0, 0, 0
154821, 37887568, 0, 0, 0
154900, 26394350, 0, 0, 0
155000, 24907051, 0, 0, 0
155318, 105958269, 0, 0, 0
155470, 38163867, 0, 0, 0
155502, 15581005, 0, 0, 0
155650, 74097048, 0, 0, 0
155746, 48297895, 0, 0, 0
155820, 73610515, 0, 0, 0
155901, 80480023, 0, 0, 0
156029, 42860551, 0, 0, 0
156145, 38581045, 0, 0, 0
156216, 71344205, 0, 0, 0
156315, 49292695, 0, 0, 0
156404, 89000501, 0, 0, 0
156516, 55851727, 0, 0, 0
156620, 52112351, 0, 0, 0
156775, 77640505, 0, 0, 0
156804, 29028786, 0, 0, 0
156994, 27058808, 0, 0, 0
157072, 78587640, 0, 0, 0
157148, 75783039, 0, 0, 0
157229, 81553491, 0, 0, 0
157304, 74217464, 0, 0, 0
157413, 54629959, 0, 0, 0
157567, 51434971, 0, 0, 0
157671, 51780445, 0, 0, 0
157708, 37283771, 0, 0, 0
157828, 59699048, 0, 0, 0
157965, 45899806, 0, 0, 0
158000, 17170617, 0, 0, 0
158107, 53478970, 0, 0, 0
158260, 76717723, 0, 0, 0
158337, 77156719, 0, 0, 0
158412, 74749474, 0, 0, 0
158560, 49344054, 0, 0, 0
158643, 82834128, 0, 0, 0
158714, 70845271, 0, 0, 0
158864, 75040235, 0, 0, 0
158973, 54701273, 0, 0, 0
159051, 78253725, 0, 0, 0
159132, 80956010, 0, 0, 0
159211, 78281893, 0, 0, 0
159325, 38137210, 0, 0, 0
159405, 79468614, 0, 0, 0
159504, 33038362, 0, 0, 0
159606, 101831503, 0, 0, 0
159763, 78673269, 0, 0, 0
159841, 78242565, 0, 0, 0
159905, 32058951, 0, 0, 0
160011, 53072059, 0, 0, 0
160114, 51279831, 0, 0, 0
160263, 74534587, 0, 0, 0
160346, 82589401, 0, 0, 0
160455, 54819142, 0, 0, 0
160511, 28099887, 0, 0, 0
160629, 58589059, 0, 0, 0
160708, 79492835, 0, 0, 0
160812, 51935136, 0, 0, 0
160972, 53451939, 0, 0, 0
161051, 78513204, 0, 0, 0
161130, 78995123, 0, 0, 0
161200, 70080478, 0, 0, 0
161307, 53545893, 0, 0, 0
161426, 59409903, 0, 0, 0
161534, 26956262, 0, 0, 0
161620, 43180429, 0, 0, 0
161774, 77156940, 0, 0, 0
161829, 54476771, 0, 0, 0
161921, 11511717, 0, 0, 0
162066, 72472567, 0, 0, 0
162117, 25718594, 0, 0, 0
162217, 33062627, 0, 0, 0
162325, 35987562, 0, 0, 0
162422, 24299623, 0, 0, 0
162604, 182014340, 0, 0, 0
162718, 56848544, 0, 0, 0
162810, 30793997, 0, 0, 0
162918, 53947745, 0, 0, 0
163016, 49274320, 0, 0, 0
163174, 52546501, 0, 0, 0
163254, 79601855, 0, 0, 0
163367, 56450937, 0, 0, 0
163440, 73642870, 0, 0, 0
163517, 76687967, 0, 0, 0
163635, 39465337, 0, 0, 0
163719, 16794938, 0, 0, 0
163801, 82131874, 0, 0, 0
163909, 53546035, 0, 0, 0
164019, 55104637, 0, 0, 0
164150, 65605653, 0, 0, 0
164228, 77505339, 0, 0, 0
164334, 35621963, 0, 0, 0
164415, 80419127, 0, 0, 0
164526, 55587334, 0, 0, 0
164600, 24545953, 0, 0, 0
164729, 25877146, 0, 0, 0
164964, 117472198, 0, 0, 0
165056, 45815932, 0, 0, 0
165162, 53093708, 0, 0, 0
165212, 24850942, 0, 0, 0
165302, 22648638, 0, 0, 0
165421, 39474615, 0, 0, 0
165523, 34167307, 0, 0, 0
165697, 173528901, 0, 0, 0
165722, 25778526, 0, 0, 0
165802, 79097883, 0, 0, 0
165949, 49157682, 0, 0, 0
166024, 74589629, 0, 0, 0
166145, 30442030, 0, 0, 0
166219, 74090103, 0, 0, 0
166354, 33549582, 0, 0, 0
166424, 35026451, 0, 0, 0
166633, 69840344, 0, 0, 0
166717, 42051434, 0, 0, 0
166803, 21361246, 0, 0, 0
166939, 22613047, 0, 0, 0
167012, 24343193, 0, 0, 0
167108, 48411029, 0, 0, 0
167285, 88477292, 0, 0, 0
167318, 33023405, 0, 0, 0
167432, 56708985, 0, 0, 0
167504, 71735846, 0, 0, 0
167627, 30786461, 0, 0, 0
167749, 61091069, 0, 0, 0
167830, 80723177, 0, 0, 0
167909, 79354945, 0, 0, 0
168023, 56950467, 0, 0, 0
168176, 76634552, 0, 0, 0
168257, 80487356, 0, 0, 0
168337, 79838676, 0, 0, 0
168402, 32881910, 0, 0, 0
168574, 34434793, 0, 0, 0
168648, 73978994, 0, 0, 0
168725, 76405756, 0, 0, 0
168834, 36401702, 0, 0, 0
168911, 76983247, 0, 0, 0
169011, 50009731, 0, 0, 0
169166, 77361630, 0, 0, 0
169240, 74019350, 0, 0, 0
169334, 47141469, 0, 0, 0
169409, 74823448, 0, 0, 0
169504, 18921179, 0, 0, 0
169689, 23140944, 0, 0, 0
169720, 31264416, 0, 0, 0
169891, 57056887, 0, 0, 0
169968, 76398702, 0, 0, 0
170078, 55210847, 0, 0, 0
170154, 75606904, 0, 0, 0
170240, 21479104, 0, 0, 0
170315, 75375231, 0, 0, 0
170438, 40982304, 0, 0, 0
170508, 23268956, 0, 0, 0
170665, 52458506, 0, 0, 0
170739, 73731087, 0, 0, 0
170844, 52786950, 0, 0, 0
170921, 77031129, 0, 0, 0
171063, 28319876, 0, 0, 0
171174, 55415796, 0, 0, 0
171252, 78141250, 0, 0, 0
171331, 39449153, 0, 0, 0
171470, 46453554, 0, 0, 0
171562, 45658232, 0, 0, 0
171636, 74647239, 0, 0, 0
171711, 75067718, 0, 0, 0
171831, 59978038, 0, 0, 0
171909, 25978042, 0, 0, 0
172016, 26672818, 0, 0, 0
172170, 77110093, 0, 0, 0
172234, 21371165, 0, 0, 0
172361, 126921095, 0, 0, 0
172512, 50182244, 0, 0, 0
172615, 51596125, 0, 0, 0
172770, 77400365, 0, 0, 0
172822, 26072973, 0, 0, 0
172908, 17292612, 0, 0, 0
173086, 177173158, 0, 0, 0
173168, 82170839, 0, 0, 0
173243, 75390481, 0, 0, 0
173323, 79506464, 0, 0, 0
173400, 77591130, 0, 0, 0
173527, 31606045, 0, 0, 0
173727, 49944843, 0, 0, 0
173844, 58779126, 0, 0, 0
173918, 73664431, 0, 0, 0
174072, 51235857, 0, 0, 0
174146, 74818332, 0, 0, 0
174272, 62926862, 0, 0, 0
174468, 65353075, 0, 0, 0
174502, 33804440, 0, 0, 0
174654, 50620477, 0, 0, 0
174734, 80235361, 0, 0, 0
174815, 81260101, 0, 0, 0
174945, 43033569, 0, 0, 0
175049, 52275672, 0, 0, 0
175125, 25339735, 0, 0, 0
175325, 66696867, 0, 0, 0
175405, 79414884, 0, 0, 0
175517, 56310786, 0, 0, 0
175607, 22404912, 0, 0, 0
175797, 47421731, 0, 0, 0
175870, 73336651, 0, 0, 0
175968, 49065764, 0, 0, 0
176019, 7312048, 0, 0, 0
176126, 106984341, 0, 0, 0
176279, 51059271, 0, 0, 0
176307, 27907437, 0, 0, 0
176403, 95196275, 0, 0, 0
176517, 57299321, 0, 0, 0
176676, 20851156, 0, 0, 0
176753, 76887455, 0, 0, 0
176830, 77211823, 0, 0, 0
176930, 14336657, 0, 0, 0
177062, 66053906, 0, 0, 0
177162, 33067147, 0, 0, 0
177257, 95242594, 0, 0, 0
177335, 39254656, 0, 0, 0
177412, 76639751, 0, 0, 0
177563, 75714258, 0, 0, 0
177615, 25793444, 0, 0, 0
177701, 17244787, 0, 0, 0
177905, 40742909, 0, 0, 0
178009, 34784123, 0, 0, 0
178138, 128931420, 0, 0, 0
178217, 79198378, 0, 0, 0
178326, 54046208, 0, 0, 0
178400, 73957422, 0, 0, 0
178509, 36333472, 0, 0, 0
178664, 77930567, 0, 0, 0
178777, 56418260, 0, 0, 0
178853, 75466942, 0, 0, 0
178927, 74273610, 0, 0, 0
179062, 67706345, 0, 0, 0
179142, 79279639, 0, 0, 0
179253, 55648748, 0, 0, 0
179354, 50529253, 0, 0, 0
179409, 27587307, 0, 0, 0
179518, 27059201, 0, 0, 0
179675, 52488303, 0, 0, 0
179749, 74260593, 0, 0, 0
179850, 50281400, 0, 0, 0
179930, 80307289, 0, 0, 0
180005, 74790890, 0, 0, 0
