158, 82430214, 0, 0, 0
200, 3822969, 0, 0, 0
300, 5548334, 0, 0, 0
400, 4338380, 0, 0, 0
547, 7746297, 0, 0, 0
660, 8676339, 0, 0, 0
703, 3861548, 0, 0, 0
827, 6208095, 0, 0, 0
911, 5265870, 0, 0, 0
1003, 5069959, 0, 0, 0
1103, 5557164, 0, 0, 0
1202, 4938889, 0, 0, 0
1301, 4960259, 0, 0, 0
1425, 6191742, 0, 0, 0
1503, 5238691, 0, 0, 0
1601, 5126801, 0, 0, 0
1703, 5075031, 0, 0, 0
1801, 5456019, 0, 0, 0
1932, 7305798, 0, 0, 0
2014, 5825034, 0, 0, 0
2104, 5604959, 0, 0, 0
2202, 5436958, 0, 0, 0
2300, 5458561, 0, 0, 0
2400, 5247588, 0, 0, 0
2521, 7119485, 0, 0, 0
2603, 5854499, 0, 0, 0
2701, 5434152, 0, 0, 0
2801, 5266386, 0, 0, 0
2905, 5477249, 0, 0, 0
3020, 7192736, 0, 0, 0
3111, 6450829, 0, 0, 0
3200, 5580863, 0, 0, 0
3300, 5267733, 0, 0, 0
3404, 5482756, 0, 0, 0
3502, 5436085, 0, 0, 0
3617, 7193898, 0, 0, 0
3701, 5586419, 0, 0, 0
3805, 5478746, 0, 0, 0
3903, 5432724, 0, 0, 0
4001, 5432768, 0, 0, 0
4118, 6885515, 0, 0, 0
4206, 5850070, 0, 0, 0
4304, 5459818, 0, 0, 0
4419, 6364849, 0, 0, 0
4501, 5825031, 0, 0, 0
4624, 6866038, 0, 0, 0
4708, 5595425, 0, 0, 0
4804, 5612739, 0, 0, 0
4902, 5434112, 0, 0, 0
5000, 5436052, 0, 0, 0
5100, 5895960, 0, 0, 0
5230, 6818985, 0, 0, 0
5313, 5566943, 0, 0, 0
5408, 6322381, 0, 0, 0
5501, 4421281, 0, 0, 0
5605, 4950310, 0, 0, 0
5703, 5432882, 0, 0, 0
5801, 5433481, 0, 0, 0
5916, 7206690, 0, 0, 0
6006, 5589425, 0, 0, 0
6126, 6909091, 0, 0, 0
6209, 5495069, 0, 0, 0
6300, 5078582, 0, 0, 0
6401, 6309265, 0, 0, 0
6501, 4330348, 0, 0, 0
6600, 4958544, 0, 0, 0
6722, 6426857, 0, 0, 0
6807, 5263664, 0, 0, 0
6900, 4912903, 0, 0, 0
7005, 4979025, 0, 0, 0
7104, 4937927, 0, 0, 0
7228, 6211797, 0, 0, 0
7312, 5241274, 0, 0, 0
7404, 5098081, 0, 0, 0
7503, 4958813, 0, 0, 0
7611, 13530715, 0, 0, 0
7701, 5607733, 0, 0, 0
7801, 5244557, 0, 0, 0
7905, 5480164, 0, 0, 0
8020, 7193832, 0, 0, 0
8102, 5852006, 0, 0, 0
8200, 5437344, 0, 0, 0
8300, 5249216, 0, 0, 0
8404, 5482791, 0, 0, 0
8521, 6883923, 0, 0, 0
8617, 6408407, 0, 0, 0
8701, 5585079, 0, 0, 0
8805, 5480845, 0, 0, 0
8903, 5434935, 0, 0, 0
9001, 6149779, 0, 0, 0
9125, 6847342, 0, 0, 0
9208, 5568879, 0, 0, 0
9304, 5644262, 0, 0, 0
9402, 5435364, 0, 0, 0
9501, 7047207, 0, 0, 0
9601, 5247279, 0, 0, 0
9705, 5500998, 0, 0, 0
9864, 10566549, 0, 0, 0
9903, 4302800, 0, 0, 0
10017, 5734014, 0, 0, 0
10109, 6126134, 0, 0, 0
10205, 5641405, 0, 0, 0
10303, 5437477, 0, 0, 0
10401, 5458363, 0, 0, 0
10500, 7016940, 0, 0, 0
10605, 4053614, 0, 0, 0
10720, 6383148, 0, 0, 0
10802, 5823118, 0, 0, 0
10900, 5434912, 0, 0, 0
11000, 5265095, 0, 0, 0
11104, 5481526, 0, 0, 0
11219, 7192039, 0, 0, 0
11309, 5631643, 0, 0, 0
11401, 5386741, 0, 0, 0
11505, 5481710, 0, 0, 0
11603, 5436471, 0, 0, 0
11726, 6823617, 0, 0, 0
11808, 5851846, 0, 0, 0
11900, 5406072, 0, 0, 0
12001, 6540362, 0, 0, 0
12125, 6204843, 0, 0, 0
12210, 5266962, 0, 0, 0
12300, 4527376, 0, 0, 0
12401, 4784108, 0, 0, 0
12501, 5560655, 0, 0, 0
12604, 14681349, 0, 0, 0
12703, 4957896, 0, 0, 0
12802, 4938397, 0, 0, 0
12903, 6306041, 0, 0, 0
13019, 6460006, 0, 0, 0
13104, 5265438, 0, 0, 0
13203, 4958527, 0, 0, 0
13302, 4939896, 0, 0, 0
13401, 4961598, 0, 0, 0
13522, 6356037, 0, 0, 0
13610, 5850321, 0, 0, 0
13702, 5407831, 0, 0, 0
13800, 5434981, 0, 0, 0
13904, 5478456, 0, 0, 0
14027, 6842251, 0, 0, 0
14109, 5855310, 0, 0, 0
14200, 5362609, 0, 0, 0
14305, 5504793, 0, 0, 0
14403, 5438730, 0, 0, 0
14501, 5435902, 0, 0, 0
14624, 7732781, 0, 0, 0
14708, 5548913, 0, 0, 0
14804, 5663064, 0, 0, 0
14902, 6123591, 0, 0, 0
15000, 5434451, 0, 0, 0
15100, 5267347, 0, 0, 0
15230, 7610577, 0, 0, 0
15320, 6451526, 0, 0, 0
15401, 4510666, 0, 0, 0
15501, 5268619, 0, 0, 0
15606, 8059703, 0, 0, 0
15703, 4052080, 0, 0, 0
15801, 4050254, 0, 0, 0
15900, 3965413, 0, 0, 0
16004, 4139035, 0, 0, 0
16101, 4054952, 0, 0, 0
16207, 5318223, 0, 0, 0
16305, 5437065, 0, 0, 0
16403, 4431898, 0, 0, 0
16526, 6847783, 0, 0, 0
16608, 5825548, 0, 0, 0
16700, 5408126, 0, 0, 0
16804, 5480275, 0, 0, 0
16902, 5434618, 0, 0, 0
17000, 5457891, 0, 0, 0
17115, 7169333, 0, 0, 0
17205, 5632930, 0, 0, 0
17303, 5436399, 0, 0, 0
17401, 5436398, 0, 0, 0
17501, 5269380, 0, 0, 0
17616, 7005327, 0, 0, 0
17700, 5257998, 0, 0, 0
17805, 4977527, 0, 0, 0
17904, 4938447, 0, 0, 0
18003, 4958016, 0, 0, 0
18120, 6464863, 0, 0, 0
18212, 5787560, 0, 0, 0
18304, 5095907, 0, 0, 0
18403, 4940045, 0, 0, 0
18502, 4960369, 0, 0, 0
18601, 4939709, 0, 0, 0
18712, 6532779, 0, 0, 0
18802, 5288910, 0, 0, 0
18902, 5534494, 0, 0, 0
19002, 5558635, 0, 0, 0
19103, 5040650, 0, 0, 0
19201, 5456827, 0, 0, 0
19316, 7197715, 0, 0, 0
19406, 5608934, 0, 0, 0
19513, 7615601, 0, 0, 0
19603, 5629152, 0, 0, 0
19701, 5435910, 0, 0, 0
19801, 5264989, 0, 0, 0
19900, 16503546, 0, 0, 0
20004, 5481268, 0, 0, 0
20103, 6148203, 0, 0, 0
20225, 6133578, 0, 0, 0
20307, 5857242, 0, 0, 0
20405, 5437075, 0, 0, 0
20504, 7043958, 0, 0, 0
20601, 4055131, 0, 0, 0
20701, 4738146, 0, 0, 0
20816, 7224152, 0, 0, 0
20904, 5822228, 0, 0, 0
21002, 5432644, 0, 0, 0
21100, 5458384, 0, 0, 0
21200, 5246378, 0, 0, 0
21321, 7120379, 0, 0, 0
21403, 5872940, 0, 0, 0
21501, 5424416, 0, 0, 0
21601, 5268024, 0, 0, 0
21705, 6137020, 0, 0, 0
21803, 5434220, 0, 0, 0
21918, 7190838, 0, 0, 0
22000, 5853067, 0, 0, 0
22101, 6672470, 0, 0, 0
22205, 6138048, 0, 0, 0
22303, 5436966, 0, 0, 0
22401, 5459829, 0, 0, 0
22501, 5247711, 0, 0, 0
22615, 7575910, 0, 0, 0
22704, 5583346, 0, 0, 0
22802, 5435242, 0, 0, 0
22900, 5454754, 0, 0, 0
23023, 5109863, 0, 0, 0
23112, 5582291, 0, 0, 0
23202, 5631990, 0, 0, 0
23300, 5438142, 0, 0, 0
23400, 5269356, 0, 0, 0
23516, 11272810, 0, 0, 0
23601, 5258310, 0, 0, 0
23705, 4979940, 0, 0, 0
23804, 4936609, 0, 0, 0
23923, 6235750, 0, 0, 0
24007, 5266539, 0, 0, 0
24104, 5105326, 0, 0, 0
24203, 4960337, 0, 0, 0
24302, 4941000, 0, 0, 0
24427, 6227274, 0, 0, 0
24519, 5765063, 0, 0, 0
24603, 5245532, 0, 0, 0
24702, 4958043, 0, 0, 0
24801, 4937460, 0, 0, 0
24900, 4940847, 0, 0, 0
25020, 6653443, 0, 0, 0
25109, 5609299, 0, 0, 0
25201, 5385653, 0, 0, 0
25306, 5502295, 0, 0, 0
25404, 6130833, 0, 0, 0
25535, 5442308, 0, 0, 0
25600, 5458202, 0, 0, 0
25722, 4694648, 0, 0, 0
25804, 5824803, 0, 0, 0
25902, 5456592, 0, 0, 0
26000, 5434713, 0, 0, 0
26100, 5268206, 0, 0, 0
26205, 6139084, 0, 0, 0
26321, 6861684, 0, 0, 0
26400, 4162278, 0, 0, 0
26516, 7195834, 0, 0, 0
26600, 7655564, 0, 0, 0
26704, 5481546, 0, 0, 0
26802, 5434494, 0, 0, 0
26917, 7214289, 0, 0, 0
27001, 5541922, 0, 0, 0
27105, 5475802, 0, 0, 0
27203, 5459161, 0, 0, 0
27301, 6127018, 0, 0, 0
27401, 5270012, 0, 0, 0
27515, 7551763, 0, 0, 0
27606, 6127016, 0, 0, 0
27703, 6429046, 0, 0, 0
27800, 5413956, 0, 0, 0
27901, 5265534, 0, 0, 0
28005, 5480723, 0, 0, 0
28128, 6824503, 0, 0, 0
28210, 5881696, 0, 0, 0
28301, 5364880, 0, 0, 0
28400, 5459497, 0, 0, 0
28504, 5482336, 0, 0, 0
28602, 5438171, 0, 0, 0
28717, 7193350, 0, 0, 0
28800, 5558221, 0, 0, 0
28905, 5480480, 0, 0, 0
29003, 7042784, 0, 0, 0
29101, 5435738, 0, 0, 0
29201, 5268496, 0, 0, 0
29316, 6216821, 0, 0, 0
29406, 5268536, 0, 0, 0
29500, 6702370, 0, 0, 0
29601, 7247894, 0, 0, 0
29705, 3701145, 0, 0, 0
29801, 3697083, 0, 0, 0
29905, 3699540, 0, 0, 0
30022, 4672594, 0, 0, 0
30102, 4718672, 0, 0, 0
30200, 3624036, 0, 0, 0
30302, 3776786, 0, 0, 0
30400, 3624525, 0, 0, 0
30502, 3760949, 0, 0, 0
30604, 6781849, 0, 0, 0
30700, 5048382, 0, 0, 0
30800, 5265072, 0, 0, 0
30904, 5480198, 0, 0, 0
31002, 5433178, 0, 0, 0
31117, 7208492, 0, 0, 0
31200, 5551724, 0, 0, 0
31305, 5497178, 0, 0, 0
31403, 5436404, 0, 0, 0
31501, 5436055, 0, 0, 0
31624, 6848425, 0, 0, 0
31706, 5823529, 0, 0, 0
31838, 9443667, 0, 0, 0
31905, 5132349, 0, 0, 0
32001, 5662578, 0, 0, 0
32101, 5246665, 0, 0, 0
32205, 5481482, 0, 0, 0
32329, 6868420, 0, 0, 0
32412, 5542174, 0, 0, 0
32500, 5879552, 0, 0, 0
32600, 5246164, 0, 0, 0
32704, 5480105, 0, 0, 0
32828, 6867117, 0, 0, 0
32911, 5537641, 0, 0, 0
33001, 5624125, 0, 0, 0
33105, 5478374, 0, 0, 0
33203, 5437928, 0, 0, 0
33301, 5437637, 0, 0, 0
33425, 7737875, 0, 0, 0
33506, 5063105, 0, 0, 0
33604, 5457838, 0, 0, 0
33702, 5435040, 0, 0, 0
33800, 5433095, 0, 0, 0
33924, 6865288, 0, 0, 0
34005, 4487821, 0, 0, 0
34103, 5457476, 0, 0, 0
34201, 5433202, 0, 0, 0
34301, 5899831, 0, 0, 0
34424, 7699155, 0, 0, 0
34521, 6406452, 0, 0, 0
34603, 5857048, 0, 0, 0
34700, 5433467, 0, 0, 0
34801, 5264799, 0, 0, 0
34900, 4173341, 0, 0, 0
35018, 6213240, 0, 0, 0
35101, 5519049, 0, 0, 0
35201, 4787499, 0, 0, 0
35300, 4940420, 0, 0, 0
35400, 4962676, 0, 0, 0
35500, 6285914, 0, 0, 0
35625, 6952494, 0, 0, 0
35700, 4945125, 0, 0, 0
35813, 4350713, 0, 0, 0
35904, 5053111, 0, 0, 0
36003, 4958934, 0, 0, 0
36102, 4939700, 0, 0, 0
36226, 6218991, 0, 0, 0
36312, 5054284, 0, 0, 0
36402, 5953398, 0, 0, 0
36500, 5438547, 0, 0, 0
36600, 5267942, 0, 0, 0
36738, 7256019, 0, 0, 0
36838, 6677422, 0, 0, 0
36926, 5875347, 0, 0, 0
37007, 5796997, 0, 0, 0
37106, 5458112, 0, 0, 0
37203, 5437335, 0, 0, 0
37301, 5439098, 0, 0, 0
37425, 6848640, 0, 0, 0
37507, 5854970, 0, 0, 0
37605, 5437436, 0, 0, 0
37703, 8204235, 0, 0, 0
37837, 7862028, 0, 0, 0
37910, 5226791, 0, 0, 0
38000, 5633154, 0, 0, 0
38104, 5475344, 0, 0, 0
38202, 5437272, 0, 0, 0
38301, 5459909, 0, 0, 0
38417, 6863426, 0, 0, 0
38506, 5879025, 0, 0, 0
38603, 5436871, 0, 0, 0
38701, 5435140, 0, 0, 0
38800, 5456041, 0, 0, 0
38923, 6824786, 0, 0, 0
39005, 5851339, 0, 0, 0
39102, 5437474, 0, 0, 0
39201, 6129173, 0, 0, 0
39301, 5900492, 0, 0, 0
39405, 5483095, 0, 0, 0
39503, 5437383, 0, 0, 0
39602, 8235281, 0, 0, 0
39725, 6822630, 0, 0, 0
39807, 5853718, 0, 0, 0
39905, 5433453, 0, 0, 0
40003, 5457462, 0, 0, 0
40101, 5434491, 0, 0, 0
40268, 8807856, 0, 0, 0
40300, 3952564, 0, 0, 0
40404, 5483127, 0, 0, 0
40502, 5459488, 0, 0, 0
40617, 7168639, 0, 0, 0
40701, 5587203, 0, 0, 0
40804, 5881243, 0, 0, 0
40903, 4958570, 0, 0, 0
41002, 4937250, 0, 0, 0
41127, 6949678, 0, 0, 0
41212, 5268489, 0, 0, 0
41302, 4523390, 0, 0, 0
41402, 4961923, 0, 0, 0
41500, 4939763, 0, 0, 0
41600, 4960508, 0, 0, 0
41718, 6215403, 0, 0, 0
41802, 5263755, 0, 0, 0
41901, 4953918, 0, 0, 0
42000, 4938246, 0, 0, 0
42105, 4980163, 0, 0, 0
42230, 6950497, 0, 0, 0
42313, 5520972, 0, 0, 0
42401, 5879996, 0, 0, 0
42508, 7614317, 0, 0, 0
42600, 5409432, 0, 0, 0
42704, 5480234, 0, 0, 0
42802, 5436750, 0, 0, 0
42925, 6842192, 0, 0, 0
43007, 5825403, 0, 0, 0
43104, 5435263, 0, 0, 0
43203, 5457208, 0, 0, 0
43301, 5436853, 0, 0, 0
43424, 6869664, 0, 0, 0
43508, 5541369, 0, 0, 0
43604, 5642323, 0, 0, 0
43702, 5455663, 0, 0, 0
43800, 5434652, 0, 0, 0
43925, 6586370, 0, 0, 0
44013, 5849218, 0, 0, 0
44103, 5605805, 0, 0, 0
44201, 5456704, 0, 0, 0
44300, 3965214, 0, 0, 0
44404, 4143047, 0, 0, 0
44501, 4053257, 0, 0, 0
44616, 7194055, 0, 0, 0
44700, 5558444, 0, 0, 0
44804, 4949280, 0, 0, 0
44902, 5453100, 0, 0, 0
45025, 6824514, 0, 0, 0
45107, 5880845, 0, 0, 0
45205, 6103957, 0, 0, 0
45303, 5437801, 0, 0, 0
45401, 5458727, 0, 0, 0
45501, 5246962, 0, 0, 0
45633, 8243361, 0, 0, 0
45723, 5603905, 0, 0, 0
45802, 5294737, 0, 0, 0
45909, 4839879, 0, 0, 0
46000, 5360753, 0, 0, 0
46146, 7675999, 0, 0, 0
46228, 5854554, 0, 0, 0
46309, 5826591, 0, 0, 0
46400, 5633164, 0, 0, 0
46550, 7737024, 0, 0, 0
46625, 5768313, 0, 0, 0
46712, 5792990, 0, 0, 0
46810, 5753277, 0, 0, 0
46902, 5093581, 0, 0, 0
47000, 4938473, 0, 0, 0
47101, 5558404, 0, 0, 0
47202, 6308353, 0, 0, 0
47300, 4941017, 0, 0, 0
47425, 6210854, 0, 0, 0
47509, 5241517, 0, 0, 0
47600, 5095296, 0, 0, 0
47701, 4801959, 0, 0, 0
47800, 4937185, 0, 0, 0
47925, 6212439, 0, 0, 0
48007, 5493869, 0, 0, 0
48103, 5303483, 0, 0, 0
48201, 5458674, 0, 0, 0
48301, 5247034, 0, 0, 0
48424, 6877954, 0, 0, 0
48503, 4137478, 0, 0, 0
48601, 4052271, 0, 0, 0
48758, 6857859, 0, 0, 0
48805, 4257001, 0, 0, 0
48920, 7189867, 0, 0, 0
49012, 6126084, 0, 0, 0
49100, 5849485, 0, 0, 0
49200, 5248716, 0, 0, 0
49305, 6160514, 0, 0, 0
49403, 5436252, 0, 0, 0
49551, 8238205, 0, 0, 0
49601, 3867733, 0, 0, 0
49722, 7116423, 0, 0, 0
49804, 5855149, 0, 0, 0
49902, 5433173, 0, 0, 0
50000, 5457215, 0, 0, 0
50100, 5246099, 0, 0, 0
50221, 7119585, 0, 0, 0
50303, 5872388, 0, 0, 0
50401, 5424203, 0, 0, 0
50501, 5269618, 0, 0, 0
50605, 5480536, 0, 0, 0
50704, 6127333, 0, 0, 0
50801, 4052666, 0, 0, 0
50900, 3978718, 0, 0, 0
51004, 4142561, 0, 0, 0
51103, 8201697, 0, 0, 0
51200, 4052937, 0, 0, 0
51300, 4757903, 0, 0, 0
51462, 7064247, 0, 0, 0
51502, 3999788, 0, 0, 0
51602, 12402832, 0, 0, 0
51700, 5436424, 0, 0, 0
51800, 5896384, 0, 0, 0
51921, 7116636, 0, 0, 0
52003, 5880843, 0, 0, 0
52101, 6102859, 0, 0, 0
52201, 5268020, 0, 0, 0
52302, 4232006, 0, 0, 0
52401, 4941374, 0, 0, 0
52512, 6533607, 0, 0, 0
52601, 4689008, 0, 0, 0
52701, 6282534, 0, 0, 0
52802, 5559139, 0, 0, 0
52902, 5555146, 0, 0, 0
53000, 4938502, 0, 0, 0
53120, 7021502, 0, 0, 0
53203, 5511656, 0, 0, 0
53301, 4929828, 0, 0, 0
53401, 4960846, 0, 0, 0
53501, 4784586, 0, 0, 0
53624, 6449169, 0, 0, 0
53708, 5239529, 0, 0, 0
53803, 5281195, 0, 0, 0
53901, 5455626, 0, 0, 0
54001, 5244747, 0, 0, 0
54130, 7609140, 0, 0, 0
54213, 5881542, 0, 0, 0
54302, 5583653, 0, 0, 0
54400, 4449650, 0, 0, 0
54515, 6363336, 0, 0, 0
54629, 7167704, 0, 0, 0
54703, 5284785, 0, 0, 0
54809, 6622670, 0, 0, 0
54900, 6445066, 0, 0, 0
55000, 5875033, 0, 0, 0
55104, 5480279, 0, 0, 0
55202, 5458438, 0, 0, 0
55317, 7170916, 0, 0, 0
55401, 5588508, 0, 0, 0
55505, 5481342, 0, 0, 0
55603, 5436641, 0, 0, 0
55701, 5454287, 0, 0, 0
55816, 7169487, 0, 0, 0
55900, 5582007, 0, 0, 0
56004, 5480458, 0, 0, 0
56103, 7042043, 0, 0, 0
56200, 4053796, 0, 0, 0
56300, 4738990, 0, 0, 0
56421, 7118801, 0, 0, 0
56503, 5855662, 0, 0, 0
56601, 5433968, 0, 0, 0
56701, 5266405, 0, 0, 0
56805, 5479395, 0, 0, 0
56920, 7167444, 0, 0, 0
57010, 5632528, 0, 0, 0
57100, 5604256, 0, 0, 0
57200, 5267644, 0, 0, 0
57304, 5483330, 0, 0, 0
57435, 7289941, 0, 0, 0
57519, 5592661, 0, 0, 0
57601, 5080293, 0, 0, 0
57705, 5480623, 0, 0, 0
57803, 5455684, 0, 0, 0
57901, 5435086, 0, 0, 0
58016, 7216716, 0, 0, 0
58100, 5360695, 0, 0, 0
58205, 4975333, 0, 0, 0
58303, 4939189, 0, 0, 0
58403, 4959974, 0, 0, 0
58519, 6486667, 0, 0, 0
58603, 5243629, 0, 0, 0
58704, 6307788, 0, 0, 0
58804, 4957193, 0, 0, 0
58902, 4937628, 0, 0, 0
59002, 4958639, 0, 0, 0
59120, 6215399, 0, 0, 0
59204, 5267724, 0, 0, 0
59301, 5106993, 0, 0, 0
59400, 4470928, 0, 0, 0
59500, 4784640, 0, 0, 0
59619, 7008655, 0, 0, 0
59701, 5854047, 0, 0, 0
59833, 5961623, 0, 0, 0
59916, 5566594, 0, 0, 0
60004, 5856953, 0, 0, 0
60102, 4879470, 0, 0, 0
60201, 3976798, 0, 0, 0
60305, 4128841, 0, 0, 0
60402, 4071144, 0, 0, 0
60500, 4884112, 0, 0, 0
60631, 7289421, 0, 0, 0
60722, 6446045, 0, 0, 0
60803, 5086243, 0, 0, 0
60901, 4880632, 0, 0, 0
61001, 5268890, 0, 0, 0
61105, 5478048, 0, 0, 0
61212, 7667587, 0, 0, 0
61302, 4953187, 0, 0, 0
61401, 4738685, 0, 0, 0
61500, 5459904, 0, 0, 0
61604, 5480275, 0, 0, 0
61701, 4049955, 0, 0, 0
61800, 3963124, 0, 0, 0
61904, 4141103, 0, 0, 0
62019, 7204872, 0, 0, 0
62103, 5553257, 0, 0, 0
62201, 5452415, 0, 0, 0
62305, 6970653, 0, 0, 0
62403, 5437167, 0, 0, 0
62502, 5458323, 0, 0, 0
62625, 6824149, 0, 0, 0
62707, 5853012, 0, 0, 0
62804, 5434418, 0, 0, 0
62914, 9934039, 0, 0, 0
63001, 5847883, 0, 0, 0
63102, 5266190, 0, 0, 0
63200, 5437812, 0, 0, 0
63304, 5481057, 0, 0, 0
63419, 7174455, 0, 0, 0
63501, 5877691, 0, 0, 0
63658, 5709777, 0, 0, 0
63701, 3864409, 0, 0, 0
63805, 3698749, 0, 0, 0
63903, 4448958, 0, 0, 0
64027, 6188360, 0, 0, 0
64111, 5266527, 0, 0, 0
64203, 5095332, 0, 0, 0
64301, 4938254, 0, 0, 0
64401, 4962184, 0, 0, 0
64525, 6190688, 0, 0, 0
64609, 5266089, 0, 0, 0
64701, 5095292, 0, 0, 0
64800, 4939266, 0, 0, 0
64900, 4801454, 0, 0, 0
65024, 7234579, 0, 0, 0
65103, 5704425, 0, 0, 0
65201, 5438758, 0, 0, 0
65301, 4737426, 0, 0, 0
65422, 6381873, 0, 0, 0
65506, 5569361, 0, 0, 0
65602, 5641996, 0, 0, 0
65700, 5457276, 0, 0, 0
65800, 5245401, 0, 0, 0
65921, 7139367, 0, 0, 0
66003, 5083497, 0, 0, 0
66101, 5435126, 0, 0, 0
66207, 6650756, 0, 0, 0
66305, 4069282, 0, 0, 0
66402, 4884775, 0, 0, 0
66511, 7262092, 0, 0, 0
66601, 5600924, 0, 0, 0
66700, 6152730, 0, 0, 0
66804, 5480199, 0, 0, 0
66902, 5432933, 0, 0, 0
67019, 6885868, 0, 0, 0
67100, 5077050, 0, 0, 0
67208, 7675949, 0, 0, 0
67303, 5019977, 0, 0, 0
67401, 5437962, 0, 0, 0
67501, 5269051, 0, 0, 0
67622, 7117344, 0, 0, 0
67704, 5852859, 0, 0, 0
67802, 5435370, 0, 0, 0
67900, 5433162, 0, 0, 0
68000, 5266990, 0, 0, 0
68104, 6137311, 0, 0, 0
68219, 7169659, 0, 0, 0
68301, 5857551, 0, 0, 0
68401, 5246182, 0, 0, 0
68505, 5482101, 0, 0, 0
68604, 5457369, 0, 0, 0
68720, 7788321, 0, 0, 0
68802, 5851529, 0, 0, 0
68900, 5428216, 0, 0, 0
69004, 5478996, 0, 0, 0
69103, 5457290, 0, 0, 0
69218, 7194274, 0, 0, 0
69300, 3422239, 0, 0, 0
69484, 36046800, 0, 0, 0
69505, 6995695, 0, 0, 0
69605, 5560185, 0, 0, 0
69704, 4937153, 0, 0, 0
69804, 5555278, 0, 0, 0
69920, 5790566, 0, 0, 0
70006, 5794877, 0, 0, 0
70104, 5104496, 0, 0, 0
70202, 4450585, 0, 0, 0
70301, 4960706, 0, 0, 0
70400, 4940869, 0, 0, 0
70517, 6486747, 0, 0, 0
70601, 5262691, 0, 0, 0
70700, 4939030, 0, 0, 0
70800, 5557468, 0, 0, 0
70950, 6508957, 0, 0, 0
71003, 4103841, 0, 0, 0
71102, 6164225, 0, 0, 0
71208, 5887950, 0, 0, 0
71305, 4430623, 0, 0, 0
71403, 4903606, 0, 0, 0
71501, 5436344, 0, 0, 0
71624, 6823494, 0, 0, 0
71706, 5853303, 0, 0, 0
71804, 5434014, 0, 0, 0
71902, 5455422, 0, 0, 0
72000, 5434127, 0, 0, 0
72118, 6902289, 0, 0, 0
72205, 5832473, 0, 0, 0
72303, 5435636, 0, 0, 0
72401, 5435455, 0, 0, 0
72501, 5268815, 0, 0, 0
72614, 7549609, 0, 0, 0
72704, 5607762, 0, 0, 0
72802, 4881420, 0, 0, 0
72900, 6124026, 0, 0, 0
73000, 5265673, 0, 0, 0
73113, 7523646, 0, 0, 0
73203, 4994919, 0, 0, 0
73301, 5436438, 0, 0, 0
73401, 5268385, 0, 0, 0
73522, 7118754, 0, 0, 0
73604, 5852192, 0, 0, 0
73702, 5436704, 0, 0, 0
73800, 7013662, 0, 0, 0
73900, 5266133, 0, 0, 0
74005, 6966335, 0, 0, 0
74104, 16566452, 0, 0, 0
74202, 5438043, 0, 0, 0
74300, 5434685, 0, 0, 0
74416, 7195102, 0, 0, 0
74505, 5607657, 0, 0, 0
74604, 5457684, 0, 0, 0
74702, 5434894, 0, 0, 0
74802, 5265607, 0, 0, 0
74914, 7521569, 0, 0, 0
75004, 5605456, 0, 0, 0
75103, 5457773, 0, 0, 0
75200, 5433748, 0, 0, 0
75475, 10861233, 0, 0, 0
75504, 5686925, 0, 0, 0
75600, 3698439, 0, 0, 0
75701, 4801490, 0, 0, 0
75800, 4937734, 0, 0, 0
75924, 6212560, 0, 0, 0
76057, 8828069, 0, 0, 0
76101, 3664965, 0, 0, 0
76211, 7889831, 0, 0, 0
76301, 4075251, 0, 0, 0
76408, 5357429, 0, 0, 0
76501, 18678144, 0, 0, 0
76602, 3709205, 0, 0, 0
76709, 5372678, 0, 0, 0
76800, 3615795, 0, 0, 0
76928, 5108571, 0, 0, 0
77003, 12636747, 0, 0, 0
77100, 4034332, 0, 0, 0
77203, 6832788, 0, 0, 0
77300, 8070099, 0, 0, 0
77420, 4809508, 0, 0, 0
77510, 5609253, 0, 0, 0
77627, 8348550, 0, 0, 0
77727, 33335803, 0, 0, 0
77808, 26909131, 0, 0, 0
77905, 4049982, 0, 0, 0
78003, 4067160, 0, 0, 0
78100, 4050925, 0, 0, 0
78207, 10739120, 0, 0, 0
78305, 4881536, 0, 0, 0
78412, 10701097, 0, 0, 0
78502, 5630025, 0, 0, 0
78600, 5437820, 0, 0, 0
78700, 5265470, 0, 0, 0
78822, 7139524, 0, 0, 0
78903, 5822865, 0, 0, 0
79001, 5433018, 0, 0, 0
79101, 5246156, 0, 0, 0
79205, 5482015, 0, 0, 0
79320, 7195693, 0, 0, 0
79402, 5826879, 0, 0, 0
79500, 5459714, 0, 0, 0
79600, 5245451, 0, 0, 0
79704, 5480950, 0, 0, 0
79819, 7191142, 0, 0, 0
79909, 6418599, 0, 0, 0
80000, 6448766, 0, 0, 0
80106, 5297267, 0, 0, 0
80204, 5435611, 0, 0, 0
80321, 6885920, 0, 0, 0
80409, 5851844, 0, 0, 0
80501, 5408900, 0, 0, 0
80605, 5482037, 0, 0, 0
80703, 5433791, 0, 0, 0
80826, 6844199, 0, 0, 0
80901, 4402508, 0, 0, 0
81005, 4947972, 0, 0, 0
81103, 5456663, 0, 0, 0
81243, 7752263, 0, 0, 0
81300, 5737721, 0, 0, 0
81417, 5407094, 0, 0, 0
81501, 5259268, 0, 0, 0
81600, 4938789, 0, 0, 0
81705, 4977905, 0, 0, 0
81830, 6963483, 0, 0, 0
81914, 5245445, 0, 0, 0
82000, 5053080, 0, 0, 0
82101, 6283042, 0, 0, 0
82200, 4958365, 0, 0, 0
82301, 6310052, 0, 0, 0
82400, 4941578, 0, 0, 0
82529, 6170540, 0, 0, 0
82614, 5264745, 0, 0, 0
82701, 5793761, 0, 0, 0
82800, 4952455, 0, 0, 0
82904, 4977576, 0, 0, 0
83003, 6126372, 0, 0, 0
83125, 6824482, 0, 0, 0
83207, 5855329, 0, 0, 0
83305, 5436057, 0, 0, 0
83404, 5459164, 0, 0, 0
83502, 7015910, 0, 0, 0
83600, 4883281, 0, 0, 0
83717, 6882759, 0, 0, 0
83805, 5849403, 0, 0, 0
83903, 5455617, 0, 0, 0
84001, 5434824, 0, 0, 0
84101, 5265981, 0, 0, 0
84214, 7550718, 0, 0, 0
84304, 5582491, 0, 0, 0
84402, 5458633, 0, 0, 0
84500, 5436016, 0, 0, 0
84600, 5268374, 0, 0, 0
84705, 8053264, 0, 0, 0
84861, 9771735, 0, 0, 0
84902, 4065237, 0, 0, 0
85019, 6168205, 0, 0, 0
85107, 5826080, 0, 0, 0
85204, 5436407, 0, 0, 0
85302, 5437385, 0, 0, 0
85401, 5458272, 0, 0, 0
85517, 6862814, 0, 0, 0
85606, 5877625, 0, 0, 0
85704, 5434924, 0, 0, 0
85801, 5434326, 0, 0, 0
85900, 5456034, 0, 0, 0
86039, 7750045, 0, 0, 0
86115, 5038973, 0, 0, 0
86211, 6433376, 0, 0, 0
86315, 7358903, 0, 0, 0
86401, 4114999, 0, 0, 0
86505, 4952299, 0, 0, 0
86604, 6153370, 0, 0, 0
86701, 5435888, 0, 0, 0
86817, 7190994, 0, 0, 0
86900, 5568030, 0, 0, 0
87004, 5474060, 0, 0, 0
87102, 5438837, 0, 0, 0
87200, 5453507, 0, 0, 0
87550, 15078149, 0, 0, 0
87601, 4619355, 0, 0, 0
87705, 3700848, 0, 0, 0
87822, 6479537, 0, 0, 0
87906, 5244539, 0, 0, 0
88004, 4938686, 0, 0, 0
88124, 9981878, 0, 0, 0
88201, 5455147, 0, 0, 0
88300, 4959831, 0, 0, 0
88401, 4804409, 0, 0, 0
88525, 6197179, 0, 0, 0
88609, 5266528, 0, 0, 0
88701, 5089125, 0, 0, 0
88801, 5535836, 0, 0, 0
88900, 4957543, 0, 0, 0
89004, 4979242, 0, 0, 0
89111, 6649209, 0, 0, 0
89237, 8374097, 0, 0, 0
89317, 6155111, 0, 0, 0
89400, 5563321, 0, 0, 0
89504, 5481616, 0, 0, 0
89602, 5437457, 0, 0, 0
89701, 5456968, 0, 0, 0
89815, 7168145, 0, 0, 0
89905, 5604724, 0, 0, 0
90003, 5457083, 0, 0, 0
90101, 5434155, 0, 0, 0
90200, 6153040, 0, 0, 0
90323, 6825868, 0, 0, 0
90405, 5856774, 0, 0, 0
90503, 5438142, 0, 0, 0
90601, 6128363, 0, 0, 0
90701, 4756047, 0, 0, 0
90805, 5479258, 0, 0, 0
90928, 7689668, 0, 0, 0
91001, 4586984, 0, 0, 0
91101, 3964642, 0, 0, 0
91204, 4142922, 0, 0, 0
91302, 4054500, 0, 0, 0
91401, 3967099, 0, 0, 0
91506, 6158340, 0, 0, 0
91603, 4052759, 0, 0, 0
91726, 6150545, 0, 0, 0
91801, 3932594, 0, 0, 0
91905, 4948586, 0, 0, 0
92003, 5434733, 0, 0, 0
92100, 5436972, 0, 0, 0
92218, 6884746, 0, 0, 0
92305, 5854155, 0, 0, 0
92404, 5459387, 0, 0, 0
92502, 5438886, 0, 0, 0
92600, 5434928, 0, 0, 0
92717, 6882399, 0, 0, 0
92805, 5853484, 0, 0, 0
92903, 5455592, 0, 0, 0
93010, 10694249, 0, 0, 0
93103, 3322619, 0, 0, 0
93201, 5950954, 0, 0, 0
93305, 3701921, 0, 0, 0
93401, 3700019, 0, 0, 0
93505, 3687687, 0, 0, 0
93603, 4469720, 0, 0, 0
93702, 4939269, 0, 0, 0
93800, 4467989, 0, 0, 0
93917, 6461328, 0, 0, 0
94001, 5265118, 0, 0, 0
94100, 4939921, 0, 0, 0
94201, 4802570, 0, 0, 0
94300, 4962382, 0, 0, 0
94416, 7728194, 0, 0, 0
94503, 5458078, 0, 0, 0
94635, 7311153, 0, 0, 0
94700, 6527397, 0, 0, 0
94800, 5266044, 0, 0, 0
94915, 7173373, 0, 0, 0
95003, 5877362, 0, 0, 0
95101, 5433515, 0, 0, 0
95201, 5247764, 0, 0, 0
95331, 6840829, 0, 0, 0
95413, 5828492, 0, 0, 0
95502, 5584607, 0, 0, 0
95600, 5457416, 0, 0, 0
95707, 10698500, 0, 0, 0
95805, 4901478, 0, 0, 0
95903, 5433774, 0, 0, 0
96026, 6823405, 0, 0, 0
96109, 5881019, 0, 0, 0
96201, 6125572, 0, 0, 0
96305, 5477684, 0, 0, 0
96403, 5438202, 0, 0, 0
96501, 5460026, 0, 0, 0
96601, 7712637, 0, 0, 0
96705, 4949004, 0, 0, 0
96803, 5457196, 0, 0, 0
96901, 5433369, 0, 0, 0
97001, 5266659, 0, 0, 0
97116, 7175411, 0, 0, 0
97204, 5852431, 0, 0, 0
97303, 5459800, 0, 0, 0
97400, 5438892, 0, 0, 0
97501, 5268082, 0, 0, 0
97622, 8106256, 0, 0, 0
97703, 5062662, 0, 0, 0
97801, 4899182, 0, 0, 0
97901, 5245132, 0, 0, 0
98016, 6366468, 0, 0, 0
98112, 6433760, 0, 0, 0
98211, 7018907, 0, 0, 0
98301, 4996471, 0, 0, 0
98400, 5248424, 0, 0, 0
98505, 5482611, 0, 0, 0
98628, 6847906, 0, 0, 0
98709, 5824149, 0, 0, 0
98801, 3258440, 0, 0, 0
98934, 129784663, 0, 0, 0
99001, 6138107, 0, 0, 0
99105, 3700595, 0, 0, 0
99201, 12015770, 0, 0, 0
99300, 4942277, 0, 0, 0
99400, 5559848, 0, 0, 0
99511, 6533530, 0, 0, 0
99600, 4667830, 0, 0, 0
99701, 4801775, 0, 0, 0
99800, 4938518, 0, 0, 0
99922, 6447626, 0, 0, 0
100001, 5237332, 0, 0, 0
100100, 4934032, 0, 0, 0
100200, 5560403, 0, 0, 0
100300, 5559957, 0, 0, 0
100400, 7674444, 0, 0, 0
100521, 8640916, 0, 0, 0
100602, 5825008, 0, 0, 0
100734, 9399026, 0, 0, 0
100808, 6147348, 0, 0, 0
100900, 5408114, 0, 0, 0
101004, 6970752, 0, 0, 0
101102, 4050361, 0, 0, 0
101201, 24900659, 0, 0, 0
101301, 5248824, 0, 0, 0
101400, 12406179, 0, 0, 0
101505, 6969398, 0, 0, 0
101603, 4068948, 0, 0, 0
101700, 4052579, 0, 0, 0
101805, 4052933, 0, 0, 0
101903, 4052575, 0, 0, 0
102000, 4052251, 0, 0, 0
102106, 4054661, 0, 0, 0
102203, 4052759, 0, 0, 0
102300, 4054483, 0, 0, 0
102400, 3981685, 0, 0, 0
102506, 4404435, 0, 0, 0
102628, 40903008, 0, 0, 0
102711, 6843481, 0, 0, 0
102800, 5606935, 0, 0, 0
102900, 5223307, 0, 0, 0
103004, 5480155, 0, 0, 0
103103, 6150702, 0, 0, 0
103234, 8212461, 0, 0, 0
103308, 5259737, 0, 0, 0
103406, 5438394, 0, 0, 0
103504, 5438047, 0, 0, 0
103602, 5458011, 0, 0, 0
103725, 6824880, 0, 0, 0
103816, 6472888, 0, 0, 0
103905, 5583583, 0, 0, 0
104003, 5432896, 0, 0, 0
104101, 5454451, 0, 0, 0
104201, 5247729, 0, 0, 0
104314, 7553109, 0, 0, 0
104405, 6450541, 0, 0, 0
104502, 5415290, 0, 0, 0
104617, 6384675, 0, 0, 0
104700, 3440881, 0, 0, 0
104801, 3760799, 0, 0, 0
104905, 3699413, 0, 0, 0
105026, 4671395, 0, 0, 0
105112, 5043034, 0, 0, 0
105205, 5790593, 0, 0, 0
105302, 5105264, 0, 0, 0
105401, 4960728, 0, 0, 0
105501, 5537920, 0, 0, 0
105600, 4957305, 0, 0, 0
105711, 6530358, 0, 0, 0
105801, 5265617, 0, 0, 0
105900, 4959306, 0, 0, 0
106001, 4781773, 0, 0, 0
106103, 11317753, 0, 0, 0
106202, 5535059, 0, 0, 0
106300, 5436259, 0, 0, 0
106401, 7745462, 0, 0, 0
106531, 7630057, 0, 0, 0
106604, 7364337, 0, 0, 0
106702, 4052117, 0, 0, 0
106824, 6130146, 0, 0, 0
106907, 5869106, 0, 0, 0
107004, 5421612, 0, 0, 0
107102, 5436001, 0, 0, 0
107201, 6151064, 0, 0, 0
107300, 5250213, 0, 0, 0
107422, 7156145, 0, 0, 0
107504, 5832632, 0, 0, 0
107601, 5414918, 0, 0, 0
107700, 5457598, 0, 0, 0
107835, 7972218, 0, 0, 0
107904, 4060535, 0, 0, 0
108002, 4050353, 0, 0, 0
108133, 8212507, 0, 0, 0
108215, 5853480, 0, 0, 0
108305, 5606747, 0, 0, 0
108403, 5458199, 0, 0, 0
108501, 5436750, 0, 0, 0
108626, 6569550, 0, 0, 0
108714, 5875172, 0, 0, 0
108804, 5604550, 0, 0, 0
108902, 5435498, 0, 0, 0
109000, 4897652, 0, 0, 0
109101, 14466915, 0, 0, 0
109205, 5481437, 0, 0, 0
109321, 7193038, 0, 0, 0
109413, 6125706, 0, 0, 0
109500, 5851931, 0, 0, 0
109615, 6385210, 0, 0, 0
109705, 5603384, 0, 0, 0
109828, 6844421, 0, 0, 0
109912, 5565022, 0, 0, 0
110000, 5850816, 0, 0, 0
110100, 5266029, 0, 0, 0
110204, 5479994, 0, 0, 0
110327, 6848171, 0, 0, 0
110403, 3771485, 0, 0, 0
110504, 4449985, 0, 0, 0
110600, 3698544, 0, 0, 0
110704, 3699778, 0, 0, 0
110800, 3697710, 0, 0, 0
110904, 3698699, 0, 0, 0
111011, 5354500, 0, 0, 0
111101, 4089736, 0, 0, 0
111205, 3700793, 0, 0, 0
111328, 5589803, 0, 0, 0
111412, 5266454, 0, 0, 0
111504, 5073461, 0, 0, 0
111603, 5861034, 0, 0, 0
111704, 4006252, 0, 0, 0
111802, 4446468, 0, 0, 0
111918, 6858282, 0, 0, 0
112006, 5849774, 0, 0, 0
112105, 7048679, 0, 0, 0
112203, 5433057, 0, 0, 0
112301, 5459694, 0, 0, 0
112401, 5244838, 0, 0, 0
112524, 7722686, 0, 0, 0
112648, 8802319, 0, 0, 0
112728, 6152427, 0, 0, 0
112810, 5857005, 0, 0, 0
112902, 6118968, 0, 0, 0
113006, 5472667, 0, 0, 0
113103, 5436462, 0, 0, 0
113201, 5434962, 0, 0, 0
113325, 6872676, 0, 0, 0
113409, 5593293, 0, 0, 0
113505, 5616574, 0, 0, 0
113603, 5435914, 0, 0, 0
113701, 5435628, 0, 0, 0
113826, 6585899, 0, 0, 0
113908, 5876302, 0, 0, 0
114004, 5619534, 0, 0, 0
114102, 6127735, 0, 0, 0
114200, 5436603, 0, 0, 0
114300, 5265888, 0, 0, 0
114416, 7228684, 0, 0, 0
114503, 5825016, 0, 0, 0
114601, 5434895, 0, 0, 0
114701, 5266747, 0, 0, 0
114805, 5480223, 0, 0, 0
114928, 7685260, 0, 0, 0
115018, 5631523, 0, 0, 0
115100, 5826025, 0, 0, 0
115200, 5265833, 0, 0, 0
115304, 5480620, 0, 0, 0
115403, 12359612, 0, 0, 0
115501, 4901886, 0, 0, 0
115601, 5246916, 0, 0, 0
115715, 7575758, 0, 0, 0
115804, 5580805, 0, 0, 0
115902, 5433780, 0, 0, 0
116000, 5456072, 0, 0, 0
116176, 9049263, 0, 0, 0
116203, 3942798, 0, 0, 0
116302, 4940456, 0, 0, 0
116427, 6950194, 0, 0, 0
116512, 5268275, 0, 0, 0
116604, 5450697, 0, 0, 0
116701, 4214708, 0, 0, 0
116801, 4328275, 0, 0, 0
116900, 4957007, 0, 0, 0
117030, 6169248, 0, 0, 0
117108, 5237437, 0, 0, 0
117205, 4577330, 0, 0, 0
117304, 4959950, 0, 0, 0
117403, 4940331, 0, 0, 0
117520, 6486970, 0, 0, 0
117604, 5266702, 0, 0, 0
117703, 5471445, 0, 0, 0
117800, 5432934, 0, 0, 0
117901, 5265306, 0, 0, 0
118015, 7174196, 0, 0, 0
118145, 8656652, 0, 0, 0
118227, 5825394, 0, 0, 0
118309, 5856455, 0, 0, 0
118401, 5386087, 0, 0, 0
118505, 5481290, 0, 0, 0
118603, 5457853, 0, 0, 0
118720, 6860449, 0, 0, 0
118808, 5847968, 0, 0, 0
118900, 6139654, 0, 0, 0
119004, 5479936, 0, 0, 0
119102, 5457311, 0, 0, 0
119200, 6127282, 0, 0, 0
119323, 6827028, 0, 0, 0
119414, 6479976, 0, 0, 0
119514, 6679940, 0, 0, 0
119602, 5849997, 0, 0, 0
119700, 7013249, 0, 0, 0
119800, 5265702, 0, 0, 0
119905, 5479626, 0, 0, 0
120003, 5434431, 0, 0, 0
120118, 7193181, 0, 0, 0
120202, 5585260, 0, 0, 0
120306, 5481350, 0, 0, 0
120404, 5438136, 0, 0, 0
120502, 5435896, 0, 0, 0
120634, 8236491, 0, 0, 0
120715, 5821917, 0, 0, 0
120805, 5629715, 0, 0, 0
120903, 5433857, 0, 0, 0
121001, 5434590, 0, 0, 0
121100, 7043909, 0, 0, 0
121205, 4053416, 0, 0, 0
121303, 4054177, 0, 0, 0
121401, 5457793, 0, 0, 0
121501, 5247959, 0, 0, 0
121633, 8261961, 0, 0, 0
121704, 5458848, 0, 0, 0
121818, 4761589, 0, 0, 0
121900, 3403895, 0, 0, 0
122009, 35285702, 0, 0, 0
122103, 3773539, 0, 0, 0
122201, 4450800, 0, 0, 0
122300, 4939632, 0, 0, 0
122400, 5559388, 0, 0, 0
122512, 6534859, 0, 0, 0
122601, 5265232, 0, 0, 0
122700, 4958865, 0, 0, 0
122801, 4801281, 0, 0, 0
122925, 6193225, 0, 0, 0
123010, 5264563, 0, 0, 0
123101, 5086329, 0, 0, 0
123200, 4939372, 0, 0, 0
123305, 4982001, 0, 0, 0
123422, 6498239, 0, 0, 0
123504, 5840771, 0, 0, 0
123602, 6128993, 0, 0, 0
123700, 5433606, 0, 0, 0
123800, 5265048, 0, 0, 0
123904, 5479353, 0, 0, 0
124012, 7231124, 0, 0, 0
124101, 5877322, 0, 0, 0
124200, 5244811, 0, 0, 0
124305, 5482497, 0, 0, 0
124428, 6850073, 0, 0, 0
124510, 5852299, 0, 0, 0
124601, 4809262, 0, 0, 0
124706, 6135600, 0, 0, 0
124804, 5434429, 0, 0, 0
124927, 6820702, 0, 0, 0
125009, 5854714, 0, 0, 0
125101, 5406639, 0, 0, 0
125205, 5481470, 0, 0, 0
125303, 5437475, 0, 0, 0
125418, 7222292, 0, 0, 0
125501, 5540377, 0, 0, 0
125600, 5451180, 0, 0, 0
125704, 5480599, 0, 0, 0
125802, 5432000, 0, 0, 0
125916, 7167598, 0, 0, 0
126000, 4915834, 0, 0, 0
126104, 5481213, 0, 0, 0
126203, 5458032, 0, 0, 0
126361, 8324517, 0, 0, 0
126400, 4307898, 0, 0, 0
126523, 6824480, 0, 0, 0
126605, 5853984, 0, 0, 0
126716, 6985720, 0, 0, 0
126800, 4192839, 0, 0, 0
126900, 4755449, 0, 0, 0
127004, 5477783, 0, 0, 0
127128, 6848489, 0, 0, 0
127210, 5847126, 0, 0, 0
127301, 5368046, 0, 0, 0
127405, 5483091, 0, 0, 0
127504, 5458838, 0, 0, 0
127626, 6823320, 0, 0, 0
127700, 3481108, 0, 0, 0
127859, 19521063, 0, 0, 0
127900, 20298570, 0, 0, 0
128004, 4978271, 0, 0, 0
128103, 4937826, 0, 0, 0
128230, 6677102, 0, 0, 0
128313, 5511836, 0, 0, 0
128404, 5065064, 0, 0, 0
128523, 8466090, 0, 0, 0
128600, 4562691, 0, 0, 0
128700, 4957947, 0, 0, 0
128804, 4978512, 0, 0, 0
128903, 4936597, 0, 0, 0
129020, 6484168, 0, 0, 0
129104, 5267254, 0, 0, 0
129203, 4938443, 0, 0, 0
129302, 4960351, 0, 0, 0
129404, 5076317, 0, 0, 0
129521, 7816962, 0, 0, 0
129603, 5878746, 0, 0, 0
129708, 8020231, 0, 0, 0
129800, 5407042, 0, 0, 0
129904, 5479285, 0, 0, 0
130002, 5434348, 0, 0, 0
130117, 7190398, 0, 0, 0
130200, 5561410, 0, 0, 0
130305, 5481977, 0, 0, 0
130403, 5458587, 0, 0, 0
130501, 5436283, 0, 0, 0
130616, 7171755, 0, 0, 0
130748, 9424917, 0, 0, 0
130813, 5421365, 0, 0, 0
130903, 5630184, 0, 0, 0
131001, 5433154, 0, 0, 0
131100, 7069834, 0, 0, 0
131205, 4040048, 0, 0, 0
131302, 4052744, 0, 0, 0
131402, 12405580, 0, 0, 0
131500, 5438383, 0, 0, 0
131625, 6588316, 0, 0, 0
131713, 5849295, 0, 0, 0
131802, 4970071, 0, 0, 0
131900, 4880927, 0, 0, 0
132000, 4754900, 0, 0, 0
132104, 4948473, 0, 0, 0
132227, 6826435, 0, 0, 0
132309, 5856477, 0, 0, 0
132401, 5408733, 0, 0, 0
132505, 5481804, 0, 0, 0
132604, 16507326, 0, 0, 0
132702, 5455264, 0, 0, 0
132800, 6126713, 0, 0, 0
132901, 5894434, 0, 0, 0
133005, 5478954, 0, 0, 0
133122, 7817578, 0, 0, 0
133210, 5849847, 0, 0, 0
133300, 5606682, 0, 0, 0
133400, 5268359, 0, 0, 0
133504, 5481904, 0, 0, 0
133619, 7193388, 0, 0, 0
133751, 9398934, 0, 0, 0
133802, 3649791, 0, 0, 0
133904, 7063428, 0, 0, 0
134004, 4955940, 0, 0, 0
134102, 4939130, 0, 0, 0
134219, 6493846, 0, 0, 0
134304, 5259095, 0, 0, 0
134402, 4940228, 0, 0, 0
134501, 4939486, 0, 0, 0
134601, 4959896, 0, 0, 0
134724, 6188955, 0, 0, 0
134804, 5275304, 0, 0, 0
134900, 5093032, 0, 0, 0
135000, 4328205, 0, 0, 0
135130, 6170037, 0, 0, 0
135209, 5266402, 0, 0, 0
135300, 5068317, 0, 0, 0
135403, 5420126, 0, 0, 0
135501, 5436342, 0, 0, 0
135624, 6847624, 0, 0, 0
135715, 6444020, 0, 0, 0
135804, 5605933, 0, 0, 0
135902, 5434254, 0, 0, 0
136000, 5434158, 0, 0, 0
136100, 5266901, 0, 0, 0
136213, 7524049, 0, 0, 0
136303, 5632581, 0, 0, 0
136401, 5437102, 0, 0, 0
136502, 5269014, 0, 0, 0
136625, 6827243, 0, 0, 0
136707, 5884228, 0, 0, 0
136802, 5013173, 0, 0, 0
136900, 4052870, 0, 0, 0
137015, 6378928, 0, 0, 0
137104, 5608334, 0, 0, 0
137202, 5434277, 0, 0, 0
137300, 5437791, 0, 0, 0
137400, 5268530, 0, 0, 0
137513, 7526618, 0, 0, 0
137603, 5604199, 0, 0, 0
137701, 5457552, 0, 0, 0
137801, 5244919, 0, 0, 0
137922, 6356689, 0, 0, 0
138006, 5592245, 0, 0, 0
138102, 6405115, 0, 0, 0
138200, 5456468, 0, 0, 0
138300, 5247014, 0, 0, 0
138429, 6799154, 0, 0, 0
138520, 6479329, 0, 0, 0
138620, 6678679, 0, 0, 0
138710, 5605143, 0, 0, 0
138800, 6448695, 0, 0, 0
138904, 5472882, 0, 0, 0
139002, 5435552, 0, 0, 0
139100, 5433335, 0, 0, 0
139215, 7196196, 0, 0, 0
139305, 5605435, 0, 0, 0
139403, 5459094, 0, 0, 0
139502, 6129235, 0, 0, 0
139859, 12215158, 0, 0, 0
139903, 4814950, 0, 0, 0
140001, 3622722, 0, 0, 0
140119, 4392089, 0, 0, 0
140204, 5287264, 0, 0, 0
140302, 4923640, 0, 0, 0
140401, 4940165, 0, 0, 0
140501, 4960794, 0, 0, 0
140627, 7870990, 0, 0, 0
140711, 5265471, 0, 0, 0
140806, 6348324, 0, 0, 0
140903, 5102713, 0, 0, 0
141002, 4937977, 0, 0, 0
141101, 4957592, 0, 0, 0
141202, 6312173, 0, 0, 0
141304, 4603780, 0, 0, 0
141402, 5459231, 0, 0, 0
141500, 5437645, 0, 0, 0
141600, 5266536, 0, 0, 0
141713, 7523516, 0, 0, 0
141803, 4970520, 0, 0, 0
141900, 4880263, 0, 0, 0
142000, 5266221, 0, 0, 0
142105, 6967034, 0, 0, 0
142203, 5458804, 0, 0, 0
142302, 12355781, 0, 0, 0
142400, 5459206, 0, 0, 0
142524, 6845819, 0, 0, 0
142606, 5852957, 0, 0, 0
142703, 5414219, 0, 0, 0
142801, 5435972, 0, 0, 0
142901, 5263131, 0, 0, 0
143031, 7606224, 0, 0, 0
143113, 5855385, 0, 0, 0
143202, 5604985, 0, 0, 0
143300, 5437942, 0, 0, 0
143401, 5267638, 0, 0, 0
143530, 7633127, 0, 0, 0
143612, 5852481, 0, 0, 0
143702, 5582571, 0, 0, 0
143800, 5432743, 0, 0, 0
143900, 5264963, 0, 0, 0
144029, 6795885, 0, 0, 0
144111, 5828489, 0, 0, 0
144201, 5627220, 0, 0, 0
144301, 5269546, 0, 0, 0
144405, 5482900, 0, 0, 0
144520, 7169533, 0, 0, 0
144601, 5085178, 0, 0, 0
144700, 6149143, 0, 0, 0
144800, 5246630, 0, 0, 0
144904, 5499317, 0, 0, 0
145021, 6859311, 0, 0, 0
145109, 5850672, 0, 0, 0
145201, 5409091, 0, 0, 0
145305, 5481758, 0, 0, 0
145403, 5440767, 0, 0, 0
145501, 4896187, 0, 0, 0
145693, 8976324, 0, 0, 0
145700, 3637464, 0, 0, 0
145802, 3759530, 0, 0, 0
145900, 3637054, 0, 0, 0
146001, 3759926, 0, 0, 0
146131, 4604818, 0, 0, 0
146215, 5247803, 0, 0, 0
146300, 6079905, 0, 0, 0
146400, 4784261, 0, 0, 0
146500, 4961436, 0, 0, 0
146629, 6168892, 0, 0, 0
146714, 5266846, 0, 0, 0
146804, 4519510, 0, 0, 0
146902, 4467152, 0, 0, 0
147004, 5074795, 0, 0, 0
147102, 5456548, 0, 0, 0
147217, 7191181, 0, 0, 0
147301, 4898560, 0, 0, 0
147405, 5482138, 0, 0, 0
147503, 5437222, 0, 0, 0
147626, 6846131, 0, 0, 0
147708, 5825281, 0, 0, 0
147800, 5406951, 0, 0, 0
147904, 5478410, 0, 0, 0
148002, 4880729, 0, 0, 0
148110, 6393871, 0, 0, 0
148200, 5599728, 0, 0, 0
148304, 5482397, 0, 0, 0
148403, 5459063, 0, 0, 0
148501, 5436609, 0, 0, 0
148651, 8846588, 0, 0, 0
148706, 4199855, 0, 0, 0
148805, 16563359, 0, 0, 0
148903, 4880082, 0, 0, 0
149002, 16562162, 0, 0, 0
149100, 5435498, 0, 0, 0
149201, 11242261, 0, 0, 0
149300, 6147038, 0, 0, 0
149404, 5482052, 0, 0, 0
149502, 5436239, 0, 0, 0
149600, 7017387, 0, 0, 0
149715, 6383097, 0, 0, 0
149805, 5604464, 0, 0, 0
149903, 7039813, 0, 0, 0
150001, 5435130, 0, 0, 0
150100, 5456576, 0, 0, 0
150231, 6549736, 0, 0, 0
150312, 5827371, 0, 0, 0
150402, 5632976, 0, 0, 0
150500, 5436634, 0, 0, 0
150601, 5267929, 0, 0, 0
150730, 6794423, 0, 0, 0
150811, 5823497, 0, 0, 0
150901, 5628824, 0, 0, 0
151001, 5245006, 0, 0, 0
151105, 5481278, 0, 0, 0
151204, 6183299, 0, 0, 0
151301, 4031675, 0, 0, 0
151484, 7191668, 0, 0, 0
151505, 4022893, 0, 0, 0
151603, 4450846, 0, 0, 0
151703, 5556053, 0, 0, 0
151804, 6306241, 0, 0, 0
151917, 4736395, 0, 0, 0
152002, 5266837, 0, 0, 0
152101, 4938208, 0, 0, 0
152200, 4959040, 0, 0, 0
152300, 4784889, 0, 0, 0
152424, 7262343, 0, 0, 0
152508, 5263715, 0, 0, 0
152628, 8016717, 0, 0, 0
152711, 5471820, 0, 0, 0
152802, 5093825, 0, 0, 0
152901, 4939133, 0, 0, 0
153004, 5126185, 0, 0, 0
153121, 6885192, 0, 0, 0
153225, 6961518, 0, 0, 0
153307, 5856140, 0, 0, 0
153406, 7017894, 0, 0, 0
153503, 4882267, 0, 0, 0
153619, 11571766, 0, 0, 0
153743, 10316773, 0, 0, 0
153816, 6114436, 0, 0, 0
153900, 5585125, 0, 0, 0
154005, 5480536, 0, 0, 0
154102, 5434534, 0, 0, 0
154201, 5458140, 0, 0, 0
154309, 7236165, 0, 0, 0
154406, 5665204, 0, 0, 0
154504, 6129348, 0, 0, 0
154602, 5435001, 0, 0, 0
154700, 5455754, 0, 0, 0
154815, 7190933, 0, 0, 0
154915, 6678757, 0, 0, 0
155003, 5848547, 0, 0, 0
155101, 5457957, 0, 0, 0
155217, 11534445, 0, 0, 0
155307, 5632931, 0, 0, 0
155405, 4881331, 0, 0, 0
155503, 6129456, 0, 0, 0
155601, 5457667, 0, 0, 0
155724, 6823850, 0, 0, 0
155806, 5854982, 0, 0, 0
155904, 5431964, 0, 0, 0
156002, 5435406, 0, 0, 0
156100, 5457077, 0, 0, 0
156217, 6863117, 0, 0, 0
156305, 5879137, 0, 0, 0
156403, 5436864, 0, 0, 0
156501, 5438522, 0, 0, 0
156601, 5267715, 0, 0, 0
156714, 7548841, 0, 0, 0
156811, 6044871, 0, 0, 0
156902, 4530105, 0, 0, 0
157001, 4738123, 0, 0, 0
157100, 5457009, 0, 0, 0
157204, 5479939, 0, 0, 0
157302, 6129470, 0, 0, 0
157400, 2875759, 0, 0, 0
157502, 3762013, 0, 0, 0
157600, 3639190, 0, 0, 0
157702, 3761006, 0, 0, 0
157800, 3622439, 0, 0, 0
157902, 3774443, 0, 0, 0
158005, 3700257, 0, 0, 0
158100, 5547312, 0, 0, 0
158203, 4507507, 0, 0, 0
158319, 5775024, 0, 0, 0
158403, 5268504, 0, 0, 0
158503, 4959067, 0, 0, 0
158608, 9580260, 0, 0, 0
158703, 5008826, 0, 0, 0
158801, 5434606, 0, 0, 0
158901, 5266712, 0, 0, 0
159022, 7117226, 0, 0, 0
159104, 5853572, 0, 0, 0
159202, 5437690, 0, 0, 0
159300, 5437203, 0, 0, 0
159400, 5267977, 0, 0, 0
159505, 6139011, 0, 0, 0
159603, 5436834, 0, 0, 0
159701, 6152139, 0, 0, 0
159801, 5245489, 0, 0, 0
159923, 7161059, 0, 0, 0
160006, 5541694, 0, 0, 0
160102, 5641113, 0, 0, 0
160200, 5457612, 0, 0, 0
160300, 5248502, 0, 0, 0
160421, 7145723, 0, 0, 0
160503, 5826142, 0, 0, 0
160601, 5436179, 0, 0, 0
160701, 5267833, 0, 0, 0
160805, 5479636, 0, 0, 0
160931, 7373750, 0, 0, 0
161019, 5876342, 0, 0, 0
161100, 5798805, 0, 0, 0
161200, 6684123, 0, 0, 0
161304, 4152109, 0, 0, 0
161402, 4884579, 0, 0, 0
161500, 4903720, 0, 0, 0
161615, 7169885, 0, 0, 0
161705, 5605627, 0, 0, 0
161803, 5456908, 0, 0, 0
161901, 7039629, 0, 0, 0
162001, 3965099, 0, 0, 0
162130, 6140416, 0, 0, 0
162212, 5853358, 0, 0, 0
162301, 5608451, 0, 0, 0
162401, 5248059, 0, 0, 0
162505, 5483443, 0, 0, 0
162604, 8236582, 0, 0, 0
162704, 16570026, 0, 0, 0
162800, 4387992, 0, 0, 0
163259, 19821770, 0, 0, 0
163302, 3862869, 0, 0, 0
163400, 10865029, 0, 0, 0
163502, 11325233, 0, 0, 0
163600, 4468545, 0, 0, 0
163701, 4783450, 0, 0, 0
163800, 4957851, 0, 0, 0
163907, 7167698, 0, 0, 0
164001, 4896616, 0, 0, 0
164100, 4958945, 0, 0, 0
164200, 5538246, 0, 0, 0
164321, 5788995, 0, 0, 0
164406, 5269764, 0, 0, 0
164504, 4943922, 0, 0, 0
164603, 4940348, 0, 0, 0
164700, 4042774, 0, 0, 0
164821, 6692724, 0, 0, 0
164921, 6680493, 0, 0, 0
165001, 6151196, 0, 0, 0
165101, 5246592, 0, 0, 0
165205, 6139085, 0, 0, 0
165303, 5437168, 0, 0, 0
165427, 6861228, 0, 0, 0
165510, 5552141, 0, 0, 0
165600, 5626070, 0, 0, 0
165705, 6137358, 0, 0, 0
165803, 5435206, 0, 0, 0
165901, 5454369, 0, 0, 0
166024, 6823968, 0, 0, 0
166106, 5854355, 0, 0, 0
166204, 7017516, 0, 0, 0
166302, 5436707, 0, 0, 0
166400, 5459676, 0, 0, 0
166500, 5246648, 0, 0, 0
166630, 7632496, 0, 0, 0
166711, 5825429, 0, 0, 0
166802, 5629809, 0, 0, 0
166908, 6665985, 0, 0, 0
167005, 4036703, 0, 0, 0
167103, 4882735, 0, 0, 0
167227, 6859157, 0, 0, 0
167308, 5812024, 0, 0, 0
167400, 4830661, 0, 0, 0
167504, 5480542, 0, 0, 0
167602, 5437494, 0, 0, 0
167725, 7712847, 0, 0, 0
167807, 5822482, 0, 0, 0
167905, 5457190, 0, 0, 0
168003, 5433498, 0, 0, 0
168101, 4882268, 0, 0, 0
168212, 10107321, 0, 0, 0
168323, 5817106, 0, 0, 0
168405, 5856438, 0, 0, 0
168503, 5436378, 0, 0, 0
168601, 5435645, 0, 0, 0
168701, 5896785, 0, 0, 0
168817, 7223494, 0, 0, 0
168904, 5821163, 0, 0, 0
169001, 3237072, 0, 0, 0
169210, 12062751, 0, 0, 0
169304, 3773233, 0, 0, 0
169400, 3699573, 0, 0, 0
169504, 3699986, 0, 0, 0
169600, 3698604, 0, 0, 0
169704, 3686501, 0, 0, 0
169802, 4467444, 0, 0, 0
169910, 5997421, 0, 0, 0
170002, 5093717, 0, 0, 0
170100, 4939066, 0, 0, 0
170200, 4959037, 0, 0, 0
170324, 6207622, 0, 0, 0
170408, 5248328, 0, 0, 0
170504, 5323270, 0, 0, 0
170602, 5457615, 0, 0, 0
170700, 6127163, 0, 0, 0
170800, 5265028, 0, 0, 0
170913, 7522772, 0, 0, 0
171003, 5604512, 0, 0, 0
171101, 5456059, 0, 0, 0
171201, 5247254, 0, 0, 0
171300, 7046855, 0, 0, 0
171412, 5358617, 0, 0, 0
171502, 5593938, 0, 0, 0
171600, 5436060, 0, 0, 0
171700, 5265669, 0, 0, 0
171846, 7672388, 0, 0, 0
171928, 5852023, 0, 0, 0
172001, 5229138, 0, 0, 0
172126, 5443360, 0, 0, 0
172214, 5824210, 0, 0, 0
172304, 5630998, 0, 0, 0
172402, 5438765, 0, 0, 0
172500, 5436497, 0, 0, 0
172600, 5267545, 0, 0, 0
172704, 6137002, 0, 0, 0
172819, 7168703, 0, 0, 0
172901, 5849947, 0, 0, 0
173001, 5244214, 0, 0, 0
173105, 5481513, 0, 0, 0
173203, 5457041, 0, 0, 0
173335, 9403099, 0, 0, 0
173417, 5853804, 0, 0, 0
173515, 7018600, 0, 0, 0
173605, 5631087, 0, 0, 0
173703, 5434648, 0, 0, 0
173801, 5432168, 0, 0, 0
173901, 5265753, 0, 0, 0
174023, 8079321, 0, 0, 0
174105, 5852174, 0, 0, 0
174202, 5436734, 0, 0, 0
174300, 5437208, 0, 0, 0
174401, 5268848, 0, 0, 0
174522, 7119954, 0, 0, 0
174604, 5881062, 0, 0, 0
174702, 3244274, 0, 0, 0
174802, 4038020, 0, 0, 0
174901, 4937171, 0, 0, 0
175005, 3698955, 0, 0, 0
175101, 3698605, 0, 0, 0
175205, 3700857, 0, 0, 0
175301, 3698714, 0, 0, 0
175401, 4330418, 0, 0, 0
175500, 4960438, 0, 0, 0
175605, 4979314, 0, 0, 0
175720, 5792151, 0, 0, 0
175804, 5240579, 0, 0, 0
175905, 6305619, 0, 0, 0
176000, 5551066, 0, 0, 0
176103, 5447175, 0, 0, 0
176201, 5435988, 0, 0, 0
176300, 5459229, 0, 0, 0
176408, 7235835, 0, 0, 0
176504, 5664636, 0, 0, 0
176603, 7016706, 0, 0, 0
176701, 5435582, 0, 0, 0
176801, 5265354, 0, 0, 0
176930, 6793875, 0, 0, 0
177004, 5257660, 0, 0, 0
177118, 4755014, 0, 0, 0
177201, 5554748, 0, 0, 0
177306, 5498121, 0, 0, 0
177404, 5437755, 0, 0, 0
177502, 5437919, 0, 0, 0
177667, 10334788, 0, 0, 0
177701, 3792707, 0, 0, 0
177822, 7117537, 0, 0, 0
177904, 5825507, 0, 0, 0
178029, 8367861, 0, 0, 0
178103, 5284827, 0, 0, 0
178201, 5410663, 0, 0, 0
178305, 5483845, 0, 0, 0
178403, 5437174, 0, 0, 0
178527, 7717494, 0, 0, 0
178600, 4566276, 0, 0, 0
178700, 5266431, 0, 0, 0
178804, 5479992, 0, 0, 0
178968, 9137859, 0, 0, 0
179001, 4065202, 0, 0, 0
179101, 5268900, 0, 0, 0
179200, 16502257, 0, 0, 0
179304, 5484500, 0, 0, 0
179428, 6860374, 0, 0, 0
179510, 5839039, 0, 0, 0
179600, 5610821, 0, 0, 0
179700, 5873116, 0, 0, 0
179803, 4947764, 0, 0, 0
179902, 5456852, 0, 0, 0
180001, 16500325, 0, 0, 0
