246, 150, 0, 0, 0
346, 250, 0, 0, 0
446, 250, 0, 0, 0
546, 60, 0, 0, 0
646, 131, 0, 0, 0
746, 170, 0, 0, 0
846, 200, 0, 0, 0
946, 200, 0, 0, 0
1046, 200, 0, 0, 0
1146, 180, 0, 0, 0
1246, 160, 0, 0, 0
1346, 180, 0, 0, 0
1446, 200, 0, 0, 0
1546, 200, 0, 0, 0
1645, 202, 0, 0, 0
1745, 160, 0, 0, 0
1845, 160, 0, 0, 0
1945, 160, 0, 0, 0
2045, 180, 0, 0, 0
2145, 190, 0, 0, 0
2245, 170, 0, 0, 0
2345, 140, 0, 0, 0
2446, 180, 0, 0, 0
2546, 190, 0, 0, 0
2646, 190, 0, 0, 0
2746, 160, 0, 0, 0
2846, 160, 0, 0, 0
2946, 160, 0, 0, 0
3046, 190, 0, 0, 0
3146, 170, 0, 0, 0
3246, 180, 0, 0, 0
3346, 160, 0, 0, 0
3446, 150, 0, 0, 0
3546, 190, 0, 0, 0
3645, 181, 0, 0, 0
3745, 180, 0, 0, 0
3845, 180, 0, 0, 0
3945, 140, 0, 0, 0
4045, 180, 0, 0, 0
4145, 180, 0, 0, 0
4246, 180, 0, 0, 0
4346, 180, 0, 0, 0
4446, 110, 0, 0, 0
4546, 170, 0, 0, 0
4646, 180, 0, 0, 0
4746, 180, 0, 0, 0
4846, 190, 0, 0, 0
4946, 160, 0, 0, 0
5046, 150, 0, 0, 0
5146, 160, 0, 0, 0
5246, 190, 0, 0, 0
5346, 190, 0, 0, 0
5446, 140, 0, 0, 0
5546, 240, 0, 0, 0
5645, 191, 0, 0, 0
5745, 150, 0, 0, 0
5845, 180, 0, 0, 0
5946, 180, 0, 0, 0
6046, 110, 0, 0, 0
6146, 190, 0, 0, 0
6246, 200, 0, 0, 0
6346, 210, 0, 0, 0
6446, 160, 0, 0, 0
6546, 170, 0, 0, 0
6646, 190, 0, 0, 0
6746, 200, 0, 0, 0
6846, 210, 0, 0, 0
6946, 200, 0, 0, 0
7046, 160, 0, 0, 0
7145, 181, 0, 0, 0
7245, 200, 0, 0, 0
7345, 200, 0, 0, 0
7445, 200, 0, 0, 0
7545, 160, 0, 0, 0
7646, 100, 0, 0, 0
7746, 160, 0, 0, 0
7846, 150, 0, 0, 0
7946, 170, 0, 0, 0
8046, 190, 0, 0, 0
8146, 190, 0, 0, 0
8246, 180, 0, 0, 0
8346, 140, 0, 0, 0
8446, 170, 0, 0, 0
8546, 190, 0, 0, 0
8645, 161, 0, 0, 0
8745, 180, 0, 0, 0
8845, 170, 0, 0, 0
8945, 150, 0, 0, 0
9045, 160, 0, 0, 0
9146, 180, 0, 0, 0
9246, 180, 0, 0, 0
9346, 190, 0, 0, 0
9446, 150, 0, 0, 0
9546, 160, 0, 0, 0
9646, 140, 0, 0, 0
9746, 160, 0, 0, 0
9846, 130, 0, 0, 0
9946, 170, 0, 0, 0
10046, 200, 0, 0, 0
10145, 161, 0, 0, 0
10245, 180, 0, 0, 0
10345, 170, 0, 0, 0
10445, 150, 0, 0, 0
10546, 200, 0, 0, 0
10646, 200, 0, 0, 0
10746, 190, 0, 0, 0
10846, 190, 0, 0, 0
10946, 170, 0, 0, 0
11046, 150, 0, 0, 0
11146, 170, 0, 0, 0
11246, 190, 0, 0, 0
11346, 180, 0, 0, 0
11446, 180, 0, 0, 0
11546, 140, 0, 0, 0
11646, 171, 0, 0, 0
11746, 190, 0, 0, 0
11846, 180, 0, 0, 0
11946, 130, 0, 0, 0
12046, 150, 0, 0, 0
12146, 200, 0, 0, 0
12246, 200, 0, 0, 0
12346, 220, 0, 0, 0
12446, 160, 0, 0, 0
12546, 160, 0, 0, 0
12645, 121, 0, 0, 0
12745, 160, 0, 0, 0
12845, 160, 0, 0, 0
12946, 200, 0, 0, 0
13046, 200, 0, 0, 0
13146, 200, 0, 0, 0
13246, 200, 0, 0, 0
13346, 160, 0, 0, 0
13446, 180, 0, 0, 0
13546, 200, 0, 0, 0
13646, 180, 0, 0, 0
13746, 180, 0, 0, 0
13846, 160, 0, 0, 0
13946, 150, 0, 0, 0
14046, 190, 0, 0, 0
14146, 181, 0, 0, 0
14246, 180, 0, 0, 0
14346, 170, 0, 0, 0
14446, 140, 0, 0, 0
14546, 170, 0, 0, 0
14646, 180, 0, 0, 0
14746, 180, 0, 0, 0
14846, 190, 0, 0, 0
14946, 150, 0, 0, 0
15046, 150, 0, 0, 0
15145, 171, 0, 0, 0
15245, 160, 0, 0, 0
15345, 150, 0, 0, 0
15446, 250, 0, 0, 0
15546, 160, 0, 0, 0
15646, 140, 0, 0, 0
15746, 250, 0, 0, 0
15846, 250, 0, 0, 0
15946, 240, 0, 0, 0
16046, 250, 0, 0, 0
16145, 252, 0, 0, 0
16245, 180, 0, 0, 0
16345, 180, 0, 0, 0
16445, 170, 0, 0, 0
16545, 190, 0, 0, 0
16646, 180, 0, 0, 0
16746, 180, 0, 0, 0
16846, 160, 0, 0, 0
16946, 160, 0, 0, 0
17046, 180, 0, 0, 0
17146, 180, 0, 0, 0
17246, 190, 0, 0, 0
17346, 160, 0, 0, 0
17446, 150, 0, 0, 0
17546, 180, 0, 0, 0
17645, 191, 0, 0, 0
17745, 210, 0, 0, 0
17846, 180, 0, 0, 0
17946, 160, 0, 0, 0
18046, 200, 0, 0, 0
18146, 200, 0, 0, 0
18246, 180, 0, 0, 0
18346, 200, 0, 0, 0
18446, 180, 0, 0, 0
18546, 160, 0, 0, 0
18645, 202, 0, 0, 0
18745, 200, 0, 0, 0
18845, 200, 0, 0, 0
18946, 180, 0, 0, 0
19046, 170, 0, 0, 0
19146, 150, 0, 0, 0
19246, 180, 0, 0, 0
19346, 180, 0, 0, 0
19446, 180, 0, 0, 0
19546, 130, 0, 0, 0
19646, 190, 0, 0, 0
19746, 160, 0, 0, 0
19846, 140, 0, 0, 0
19946, 120, 0, 0, 0
20046, 140, 0, 0, 0
20146, 181, 0, 0, 0
20246, 180, 0, 0, 0
20346, 180, 0, 0, 0
20446, 180, 0, 0, 0
20546, 150, 0, 0, 0
20646, 210, 0, 0, 0
20746, 180, 0, 0, 0
20846, 180, 0, 0, 0
20946, 190, 0, 0, 0
21046, 180, 0, 0, 0
21145, 141, 0, 0, 0
21245, 170, 0, 0, 0
21345, 190, 0, 0, 0
21446, 190, 0, 0, 0
21546, 180, 0, 0, 0
21646, 140, 0, 0, 0
21746, 140, 0, 0, 0
21846, 190, 0, 0, 0
21946, 190, 0, 0, 0
22046, 180, 0, 0, 0
22145, 141, 0, 0, 0
22245, 160, 0, 0, 0
22345, 160, 0, 0, 0
22445, 160, 0, 0, 0
22546, 180, 0, 0, 0
22646, 180, 0, 0, 0
22746, 190, 0, 0, 0
22846, 170, 0, 0, 0
22946, 180, 0, 0, 0
23046, 200, 0, 0, 0
23146, 190, 0, 0, 0
23246, 190, 0, 0, 0
23346, 150, 0, 0, 0
23446, 200, 0, 0, 0
23546, 90, 0, 0, 0
23645, 202, 0, 0, 0
23746, 150, 0, 0, 0
23846, 180, 0, 0, 0
23946, 210, 0, 0, 0
24046, 200, 0, 0, 0
24146, 200, 0, 0, 0
24246, 170, 0, 0, 0
24346, 170, 0, 0, 0
24446, 200, 0, 0, 0
24546, 180, 0, 0, 0
24645, 202, 0, 0, 0
24745, 200, 0, 0, 0
24845, 160, 0, 0, 0
24946, 180, 0, 0, 0
25046, 200, 0, 0, 0
25146, 180, 0, 0, 0
25246, 180, 0, 0, 0
25346, 150, 0, 0, 0
25446, 200, 0, 0, 0
25546, 150, 0, 0, 0
25645, 222, 0, 0, 0
25745, 200, 0, 0, 0
25845, 190, 0, 0, 0
25945, 170, 0, 0, 0
26045, 150, 0, 0, 0
26146, 150, 0, 0, 0
26246, 210, 0, 0, 0
26346, 170, 0, 0, 0
26446, 180, 0, 0, 0
26546, 140, 0, 0, 0
26646, 180, 0, 0, 0
26746, 140, 0, 0, 0
26846, 180, 0, 0, 0
26946, 180, 0, 0, 0
27046, 180, 0, 0, 0
27145, 181, 0, 0, 0
27245, 150, 0, 0, 0
27346, 150, 0, 0, 0
27446, 180, 0, 0, 0
27546, 180, 0, 0, 0
27646, 170, 0, 0, 0
27746, 170, 0, 0, 0
27846, 180, 0, 0, 0
27946, 150, 0, 0, 0
28046, 160, 0, 0, 0
28145, 181, 0, 0, 0
28245, 190, 0, 0, 0
28345, 180, 0, 0, 0
28445, 160, 0, 0, 0
28546, 150, 0, 0, 0
28646, 190, 0, 0, 0
28746, 180, 0, 0, 0
28846, 180, 0, 0, 0
28946, 180, 0, 0, 0
29046, 140, 0, 0, 0
29146, 140, 0, 0, 0
29246, 180, 0, 0, 0
29346, 220, 0, 0, 0
29446, 200, 0, 0, 0
29546, 100, 0, 0, 0
29645, 181, 0, 0, 0
29746, 280, 0, 0, 0
29846, 260, 0, 0, 0
29946, 280, 0, 0, 0
30046, 160, 0, 0, 0
30146, 260, 0, 0, 0
30246, 280, 0, 0, 0
30346, 260, 0, 0, 0
30446, 280, 0, 0, 0
30546, 260, 0, 0, 0
30646, 100, 0, 0, 0
30746, 240, 0, 0, 0
30846, 170, 0, 0, 0
30946, 150, 0, 0, 0
31046, 180, 0, 0, 0
31145, 181, 0, 0, 0
31245, 180, 0, 0, 0
31346, 180, 0, 0, 0
31446, 140, 0, 0, 0
31546, 180, 0, 0, 0
31646, 180, 0, 0, 0
31746, 180, 0, 0, 0
31846, 60, 0, 0, 0
31946, 220, 0, 0, 0
32046, 180, 0, 0, 0
32146, 160, 0, 0, 0
32246, 140, 0, 0, 0
32346, 190, 0, 0, 0
32446, 190, 0, 0, 0
32546, 180, 0, 0, 0
32645, 161, 0, 0, 0
32745, 140, 0, 0, 0
32845, 190, 0, 0, 0
32946, 190, 0, 0, 0
33046, 180, 0, 0, 0
33146, 180, 0, 0, 0
33246, 140, 0, 0, 0
33346, 180, 0, 0, 0
33446, 160, 0, 0, 0
33546, 200, 0, 0, 0
33646, 190, 0, 0, 0
33746, 150, 0, 0, 0
33846, 160, 0, 0, 0
33946, 180, 0, 0, 0
34046, 230, 0, 0, 0
34145, 151, 0, 0, 0
34245, 140, 0, 0, 0
34345, 160, 0, 0, 0
34445, 180, 0, 0, 0
34545, 170, 0, 0, 0
34646, 190, 0, 0, 0
34746, 160, 0, 0, 0
34846, 190, 0, 0, 0
34946, 190, 0, 0, 0
35046, 200, 0, 0, 0
35146, 210, 0, 0, 0
35246, 190, 0, 0, 0
35346, 160, 0, 0, 0
35446, 160, 0, 0, 0
35546, 160, 0, 0, 0
35645, 181, 0, 0, 0
35745, 250, 0, 0, 0
35845, 230, 0, 0, 0
35946, 200, 0, 0, 0
36046, 170, 0, 0, 0
36146, 170, 0, 0, 0
36246, 200, 0, 0, 0
36346, 190, 0, 0, 0
36446, 190, 0, 0, 0
36546, 160, 0, 0, 0
36646, 140, 0, 0, 0
36746, 170, 0, 0, 0
36846, 150, 0, 0, 0
36946, 180, 0, 0, 0
37046, 180, 0, 0, 0
37146, 181, 0, 0, 0
37246, 150, 0, 0, 0
37346, 170, 0, 0, 0
37446, 180, 0, 0, 0
37546, 180, 0, 0, 0
37646, 190, 0, 0, 0
37746, 130, 0, 0, 0
37846, 80, 0, 0, 0
37946, 200, 0, 0, 0
38046, 180, 0, 0, 0
38145, 181, 0, 0, 0
38245, 140, 0, 0, 0
38345, 180, 0, 0, 0
38446, 180, 0, 0, 0
38546, 180, 0, 0, 0
38646, 180, 0, 0, 0
38746, 150, 0, 0, 0
38846, 170, 0, 0, 0
38946, 180, 0, 0, 0
39046, 190, 0, 0, 0
39146, 180, 0, 0, 0
39246, 150, 0, 0, 0
39346, 160, 0, 0, 0
39446, 140, 0, 0, 0
39546, 150, 0, 0, 0
39645, 171, 0, 0, 0
39746, 180, 0, 0, 0
39846, 180, 0, 0, 0
39946, 190, 0, 0, 0
40046, 150, 0, 0, 0
40146, 160, 0, 0, 0
40246, 130, 0, 0, 0
40346, 170, 0, 0, 0
40446, 150, 0, 0, 0
40546, 190, 0, 0, 0
40645, 151, 0, 0, 0
40745, 210, 0, 0, 0
40845, 160, 0, 0, 0
40945, 160, 0, 0, 0
41045, 180, 0, 0, 0
41146, 200, 0, 0, 0
41246, 200, 0, 0, 0
41346, 220, 0, 0, 0
41446, 200, 0, 0, 0
41546, 160, 0, 0, 0
41646, 180, 0, 0, 0
41746, 200, 0, 0, 0
41846, 210, 0, 0, 0
41946, 190, 0, 0, 0
42046, 160, 0, 0, 0
42145, 161, 0, 0, 0
42245, 210, 0, 0, 0
42345, 180, 0, 0, 0
42445, 190, 0, 0, 0
42545, 120, 0, 0, 0
42646, 180, 0, 0, 0
42746, 150, 0, 0, 0
42846, 170, 0, 0, 0
42946, 180, 0, 0, 0
43046, 180, 0, 0, 0
43146, 190, 0, 0, 0
43246, 150, 0, 0, 0
43346, 160, 0, 0, 0
43446, 180, 0, 0, 0
43546, 180, 0, 0, 0
43645, 191, 0, 0, 0
43745, 150, 0, 0, 0
43845, 160, 0, 0, 0
43946, 180, 0, 0, 0
44046, 190, 0, 0, 0
44146, 190, 0, 0, 0
44246, 180, 0, 0, 0
44346, 240, 0, 0, 0
44446, 250, 0, 0, 0
44546, 190, 0, 0, 0
44645, 181, 0, 0, 0
44745, 180, 0, 0, 0
44845, 180, 0, 0, 0
44946, 160, 0, 0, 0
45046, 180, 0, 0, 0
45146, 180, 0, 0, 0
45246, 170, 0, 0, 0
45346, 170, 0, 0, 0
45446, 140, 0, 0, 0
45546, 160, 0, 0, 0
45646, 160, 0, 0, 0
45746, 170, 0, 0, 0
45846, 230, 0, 0, 0
45946, 200, 0, 0, 0
46046, 180, 0, 0, 0
46146, 80, 0, 0, 0
46246, 190, 0, 0, 0
46346, 190, 0, 0, 0
46446, 180, 0, 0, 0
46546, 70, 0, 0, 0
46646, 190, 0, 0, 0
46746, 180, 0, 0, 0
46846, 180, 0, 0, 0
46946, 210, 0, 0, 0
47046, 180, 0, 0, 0
47145, 171, 0, 0, 0
47245, 150, 0, 0, 0
47345, 170, 0, 0, 0
47446, 200, 0, 0, 0
47546, 200, 0, 0, 0
47646, 210, 0, 0, 0
47746, 170, 0, 0, 0
47846, 170, 0, 0, 0
47946, 200, 0, 0, 0
48046, 210, 0, 0, 0
48145, 181, 0, 0, 0
48245, 140, 0, 0, 0
48345, 160, 0, 0, 0
48445, 180, 0, 0, 0
48545, 260, 0, 0, 0
48646, 240, 0, 0, 0
48746, 110, 0, 0, 0
48846, 150, 0, 0, 0
48946, 190, 0, 0, 0
49046, 170, 0, 0, 0
49146, 180, 0, 0, 0
49246, 160, 0, 0, 0
49346, 160, 0, 0, 0
49446, 160, 0, 0, 0
49546, 120, 0, 0, 0
49645, 181, 0, 0, 0
49745, 180, 0, 0, 0
49846, 190, 0, 0, 0
49946, 180, 0, 0, 0
50046, 150, 0, 0, 0
50146, 160, 0, 0, 0
50246, 190, 0, 0, 0
50346, 190, 0, 0, 0
50446, 180, 0, 0, 0
50546, 140, 0, 0, 0
50645, 161, 0, 0, 0
50745, 230, 0, 0, 0
50845, 250, 0, 0, 0
50945, 240, 0, 0, 0
51046, 240, 0, 0, 0
51146, 140, 0, 0, 0
51246, 230, 0, 0, 0
51346, 210, 0, 0, 0
51446, 120, 0, 0, 0
51546, 140, 0, 0, 0
51646, 140, 0, 0, 0
51746, 140, 0, 0, 0
51846, 160, 0, 0, 0
51946, 190, 0, 0, 0
52046, 190, 0, 0, 0
52145, 161, 0, 0, 0
52245, 210, 0, 0, 0
52346, 150, 0, 0, 0
52446, 200, 0, 0, 0
52546, 200, 0, 0, 0
52646, 220, 0, 0, 0
52746, 140, 0, 0, 0
52846, 160, 0, 0, 0
52946, 160, 0, 0, 0
53046, 180, 0, 0, 0
53145, 202, 0, 0, 0
53245, 200, 0, 0, 0
53345, 200, 0, 0, 0
53445, 160, 0, 0, 0
53545, 180, 0, 0, 0
53645, 200, 0, 0, 0
53745, 210, 0, 0, 0
53845, 180, 0, 0, 0
53946, 150, 0, 0, 0
54046, 140, 0, 0, 0
54146, 180, 0, 0, 0
54246, 190, 0, 0, 0
54346, 190, 0, 0, 0
54446, 160, 0, 0, 0
54546, 140, 0, 0, 0
54646, 190, 0, 0, 0
54746, 210, 0, 0, 0
54846, 140, 0, 0, 0
54946, 160, 0, 0, 0
55046, 140, 0, 0, 0
55145, 141, 0, 0, 0
55245, 190, 0, 0, 0
55345, 190, 0, 0, 0
55445, 180, 0, 0, 0
55545, 170, 0, 0, 0
55645, 140, 0, 0, 0
55745, 190, 0, 0, 0
55845, 180, 0, 0, 0
55946, 180, 0, 0, 0
56046, 180, 0, 0, 0
56146, 160, 0, 0, 0
56246, 210, 0, 0, 0
56346, 170, 0, 0, 0
56446, 190, 0, 0, 0
56546, 190, 0, 0, 0
56646, 170, 0, 0, 0
56746, 140, 0, 0, 0
56846, 170, 0, 0, 0
56946, 200, 0, 0, 0
57046, 180, 0, 0, 0
57145, 181, 0, 0, 0
57245, 140, 0, 0, 0
57345, 170, 0, 0, 0
57445, 170, 0, 0, 0
57546, 180, 0, 0, 0
57646, 200, 0, 0, 0
57746, 180, 0, 0, 0
57846, 140, 0, 0, 0
57946, 180, 0, 0, 0
58046, 180, 0, 0, 0
58146, 200, 0, 0, 0
58246, 180, 0, 0, 0
58346, 160, 0, 0, 0
58446, 200, 0, 0, 0
58546, 200, 0, 0, 0
58645, 202, 0, 0, 0
58745, 160, 0, 0, 0
58845, 200, 0, 0, 0
58946, 150, 0, 0, 0
59046, 190, 0, 0, 0
59146, 200, 0, 0, 0
59246, 200, 0, 0, 0
59346, 200, 0, 0, 0
59446, 160, 0, 0, 0
59546, 200, 0, 0, 0
59646, 160, 0, 0, 0
59746, 220, 0, 0, 0
59846, 140, 0, 0, 0
59946, 180, 0, 0, 0
60046, 190, 0, 0, 0
60145, 212, 0, 0, 0
60245, 240, 0, 0, 0
60345, 250, 0, 0, 0
60445, 220, 0, 0, 0
60545, 170, 0, 0, 0
60646, 160, 0, 0, 0
60746, 120, 0, 0, 0
60846, 260, 0, 0, 0
60946, 180, 0, 0, 0
61046, 140, 0, 0, 0
61146, 180, 0, 0, 0
61246, 140, 0, 0, 0
61346, 260, 0, 0, 0
61446, 190, 0, 0, 0
61546, 140, 0, 0, 0
61645, 242, 0, 0, 0
61745, 250, 0, 0, 0
61845, 240, 0, 0, 0
61946, 190, 0, 0, 0
62046, 190, 0, 0, 0
62146, 180, 0, 0, 0
62246, 180, 0, 0, 0
62346, 140, 0, 0, 0
62446, 150, 0, 0, 0
62546, 170, 0, 0, 0
62645, 181, 0, 0, 0
62745, 180, 0, 0, 0
62845, 190, 0, 0, 0
62945, 80, 0, 0, 0
63046, 190, 0, 0, 0
63146, 160, 0, 0, 0
63246, 150, 0, 0, 0
63346, 180, 0, 0, 0
63446, 190, 0, 0, 0
63546, 180, 0, 0, 0
63646, 150, 0, 0, 0
63746, 240, 0, 0, 0
63846, 250, 0, 0, 0
63946, 180, 0, 0, 0
64046, 200, 0, 0, 0
64146, 202, 0, 0, 0
64246, 200, 0, 0, 0
64346, 170, 0, 0, 0
64446, 170, 0, 0, 0
64546, 200, 0, 0, 0
64646, 210, 0, 0, 0
64746, 200, 0, 0, 0
64846, 150, 0, 0, 0
64946, 160, 0, 0, 0
65046, 210, 0, 0, 0
65145, 181, 0, 0, 0
65245, 190, 0, 0, 0
65345, 160, 0, 0, 0
65446, 180, 0, 0, 0
65546, 190, 0, 0, 0
65646, 190, 0, 0, 0
65746, 140, 0, 0, 0
65846, 160, 0, 0, 0
65946, 190, 0, 0, 0
66046, 210, 0, 0, 0
66146, 170, 0, 0, 0
66246, 150, 0, 0, 0
66346, 210, 0, 0, 0
66446, 190, 0, 0, 0
66546, 180, 0, 0, 0
66645, 181, 0, 0, 0
66745, 160, 0, 0, 0
66845, 140, 0, 0, 0
66946, 180, 0, 0, 0
67046, 180, 0, 0, 0
67146, 200, 0, 0, 0
67246, 130, 0, 0, 0
67346, 200, 0, 0, 0
67446, 150, 0, 0, 0
67546, 160, 0, 0, 0
67646, 180, 0, 0, 0
67746, 190, 0, 0, 0
67846, 180, 0, 0, 0
67946, 140, 0, 0, 0
68046, 150, 0, 0, 0
68146, 181, 0, 0, 0
68246, 200, 0, 0, 0
68346, 180, 0, 0, 0
68446, 160, 0, 0, 0
68546, 140, 0, 0, 0
68646, 190, 0, 0, 0
68746, 170, 0, 0, 0
68846, 180, 0, 0, 0
68946, 180, 0, 0, 0
69046, 140, 0, 0, 0
69146, 180, 0, 0, 0
69246, 180, 0, 0, 0
69346, 210, 0, 0, 0
69546, 120, 0, 0, 0
69645, 171, 0, 0, 0
69745, 160, 0, 0, 0
69845, 200, 0, 0, 0
69945, 220, 0, 0, 0
70045, 180, 0, 0, 0
70146, 200, 0, 0, 0
70246, 200, 0, 0, 0
70346, 160, 0, 0, 0
70446, 200, 0, 0, 0
70546, 200, 0, 0, 0
70646, 210, 0, 0, 0
70746, 170, 0, 0, 0
70846, 220, 0, 0, 0
70946, 90, 0, 0, 0
71046, 210, 0, 0, 0
71146, 200, 0, 0, 0
71246, 140, 0, 0, 0
71346, 250, 0, 0, 0
71446, 160, 0, 0, 0
71546, 170, 0, 0, 0
71645, 181, 0, 0, 0
71745, 180, 0, 0, 0
71845, 180, 0, 0, 0
71945, 140, 0, 0, 0
72046, 180, 0, 0, 0
72146, 180, 0, 0, 0
72246, 190, 0, 0, 0
72346, 170, 0, 0, 0
72446, 140, 0, 0, 0
72546, 180, 0, 0, 0
72646, 180, 0, 0, 0
72746, 190, 0, 0, 0
72846, 170, 0, 0, 0
72946, 140, 0, 0, 0
73046, 180, 0, 0, 0
73145, 181, 0, 0, 0
73245, 200, 0, 0, 0
73345, 150, 0, 0, 0
73445, 170, 0, 0, 0
73545, 180, 0, 0, 0
73645, 190, 0, 0, 0
73745, 190, 0, 0, 0
73845, 140, 0, 0, 0
73946, 140, 0, 0, 0
74046, 120, 0, 0, 0
74146, 120, 0, 0, 0
74246, 140, 0, 0, 0
74346, 180, 0, 0, 0
74446, 180, 0, 0, 0
74546, 180, 0, 0, 0
74646, 170, 0, 0, 0
74746, 150, 0, 0, 0
74846, 180, 0, 0, 0
74946, 180, 0, 0, 0
75046, 190, 0, 0, 0
75145, 151, 0, 0, 0
75245, 240, 0, 0, 0
75345, 110, 0, 0, 0
75545, 170, 0, 0, 0
75645, 270, 0, 0, 0
75745, 170, 0, 0, 0
75845, 160, 0, 0, 0
75946, 210, 0, 0, 0
76046, 90, 0, 0, 0
76146, 200, 0, 0, 0
76246, 140, 0, 0, 0
76346, 270, 0, 0, 0
76446, 90, 0, 0, 0
76546, 160, 0, 0, 0
76646, 260, 0, 0, 0
76746, 190, 0, 0, 0
76846, 270, 0, 0, 0
76946, 150, 0, 0, 0
77046, 150, 0, 0, 0
77145, 242, 0, 0, 0
77245, 70, 0, 0, 0
77345, 190, 0, 0, 0
77445, 210, 0, 0, 0
77545, 190, 0, 0, 0
77646, 60, 0, 0, 0
77746, 20, 0, 0, 0
77846, 120, 0, 0, 0
77946, 250, 0, 0, 0
78046, 250, 0, 0, 0
78146, 220, 0, 0, 0
78246, 100, 0, 0, 0
78346, 200, 0, 0, 0
78446, 90, 0, 0, 0
78546, 190, 0, 0, 0
78646, 140, 0, 0, 0
78746, 160, 0, 0, 0
78846, 190, 0, 0, 0
78946, 190, 0, 0, 0
79046, 170, 0, 0, 0
79145, 151, 0, 0, 0
79245, 160, 0, 0, 0
79345, 190, 0, 0, 0
79446, 190, 0, 0, 0
79546, 170, 0, 0, 0
79646, 140, 0, 0, 0
79746, 180, 0, 0, 0
79846, 180, 0, 0, 0
79946, 170, 0, 0, 0
80046, 160, 0, 0, 0
80146, 140, 0, 0, 0
80246, 170, 0, 0, 0
80346, 190, 0, 0, 0
80446, 180, 0, 0, 0
80546, 180, 0, 0, 0
80645, 141, 0, 0, 0
80745, 170, 0, 0, 0
80845, 170, 0, 0, 0
80945, 240, 0, 0, 0
81045, 170, 0, 0, 0
81145, 160, 0, 0, 0
81245, 140, 0, 0, 0
81345, 210, 0, 0, 0
81446, 170, 0, 0, 0
81546, 210, 0, 0, 0
81646, 150, 0, 0, 0
81746, 180, 0, 0, 0
81846, 180, 0, 0, 0
81946, 210, 0, 0, 0
82046, 200, 0, 0, 0
82146, 160, 0, 0, 0
82246, 160, 0, 0, 0
82346, 160, 0, 0, 0
82446, 170, 0, 0, 0
82546, 210, 0, 0, 0
82645, 191, 0, 0, 0
82745, 190, 0, 0, 0
82845, 180, 0, 0, 0
82945, 160, 0, 0, 0
83045, 150, 0, 0, 0
83146, 190, 0, 0, 0
83246, 180, 0, 0, 0
83346, 180, 0, 0, 0
83446, 150, 0, 0, 0
83546, 150, 0, 0, 0
83646, 180, 0, 0, 0
83746, 180, 0, 0, 0
83846, 190, 0, 0, 0
83946, 170, 0, 0, 0
84046, 140, 0, 0, 0
84146, 180, 0, 0, 0
84246, 180, 0, 0, 0
84346, 190, 0, 0, 0
84446, 160, 0, 0, 0
84546, 150, 0, 0, 0
84645, 141, 0, 0, 0
84745, 160, 0, 0, 0
84845, 120, 0, 0, 0
84945, 180, 0, 0, 0
85046, 180, 0, 0, 0
85146, 180, 0, 0, 0
85246, 180, 0, 0, 0
85346, 140, 0, 0, 0
85446, 180, 0, 0, 0
85546, 180, 0, 0, 0
85646, 190, 0, 0, 0
85746, 170, 0, 0, 0
85846, 150, 0, 0, 0
85946, 170, 0, 0, 0
86046, 140, 0, 0, 0
86145, 212, 0, 0, 0
86245, 170, 0, 0, 0
86346, 120, 0, 0, 0
86446, 240, 0, 0, 0
86546, 180, 0, 0, 0
86646, 140, 0, 0, 0
86746, 180, 0, 0, 0
86846, 180, 0, 0, 0
86946, 180, 0, 0, 0
87046, 180, 0, 0, 0
87145, 141, 0, 0, 0
87245, 300, 0, 0, 0
87345, 50, 0, 0, 0
87646, 230, 0, 0, 0
87746, 210, 0, 0, 0
87846, 210, 0, 0, 0
87946, 200, 0, 0, 0
88046, 200, 0, 0, 0
88146, 60, 0, 0, 0
88246, 210, 0, 0, 0
88346, 170, 0, 0, 0
88446, 160, 0, 0, 0
88546, 210, 0, 0, 0
88645, 202, 0, 0, 0
88745, 210, 0, 0, 0
88845, 160, 0, 0, 0
88946, 150, 0, 0, 0
89046, 200, 0, 0, 0
89146, 210, 0, 0, 0
89246, 80, 0, 0, 0
89346, 180, 0, 0, 0
89446, 180, 0, 0, 0
89546, 170, 0, 0, 0
89646, 150, 0, 0, 0
89746, 180, 0, 0, 0
89846, 180, 0, 0, 0
89946, 190, 0, 0, 0
90046, 170, 0, 0, 0
90145, 141, 0, 0, 0
90246, 160, 0, 0, 0
90346, 180, 0, 0, 0
90446, 190, 0, 0, 0
90546, 180, 0, 0, 0
90646, 150, 0, 0, 0
90746, 160, 0, 0, 0
90846, 180, 0, 0, 0
90946, 150, 0, 0, 0
91046, 250, 0, 0, 0
91145, 242, 0, 0, 0
91245, 250, 0, 0, 0
91345, 250, 0, 0, 0
91446, 220, 0, 0, 0
91546, 180, 0, 0, 0
91646, 210, 0, 0, 0
91746, 190, 0, 0, 0
91846, 240, 0, 0, 0
91946, 200, 0, 0, 0
92046, 140, 0, 0, 0
92146, 180, 0, 0, 0
92246, 180, 0, 0, 0
92346, 190, 0, 0, 0
92446, 170, 0, 0, 0
92546, 140, 0, 0, 0
92646, 181, 0, 0, 0
92746, 180, 0, 0, 0
92846, 190, 0, 0, 0
92946, 170, 0, 0, 0
93046, 100, 0, 0, 0
93146, 230, 0, 0, 0
93246, 240, 0, 0, 0
93346, 270, 0, 0, 0
93446, 270, 0, 0, 0
93546, 270, 0, 0, 0
93645, 222, 0, 0, 0
93745, 160, 0, 0, 0
93845, 200, 0, 0, 0
93946, 200, 0, 0, 0
94046, 210, 0, 0, 0
94146, 180, 0, 0, 0
94246, 150, 0, 0, 0
94346, 210, 0, 0, 0
94446, 180, 0, 0, 0
94546, 190, 0, 0, 0
94645, 80, 0, 0, 0
94745, 140, 0, 0, 0
94845, 180, 0, 0, 0
94945, 180, 0, 0, 0
95045, 190, 0, 0, 0
95146, 170, 0, 0, 0
95246, 140, 0, 0, 0
95346, 180, 0, 0, 0
95446, 190, 0, 0, 0
95546, 190, 0, 0, 0
95646, 160, 0, 0, 0
95746, 100, 0, 0, 0
95846, 190, 0, 0, 0
95946, 140, 0, 0, 0
96046, 190, 0, 0, 0
96145, 181, 0, 0, 0
96246, 160, 0, 0, 0
96346, 180, 0, 0, 0
96446, 140, 0, 0, 0
96546, 160, 0, 0, 0
96646, 200, 0, 0, 0
96746, 200, 0, 0, 0
96846, 180, 0, 0, 0
96946, 140, 0, 0, 0
97046, 180, 0, 0, 0
97145, 181, 0, 0, 0
97245, 190, 0, 0, 0
97345, 170, 0, 0, 0
97446, 140, 0, 0, 0
97546, 160, 0, 0, 0
97646, 180, 0, 0, 0
97746, 210, 0, 0, 0
97846, 170, 0, 0, 0
97946, 180, 0, 0, 0
98046, 180, 0, 0, 0
98146, 170, 0, 0, 0
98246, 150, 0, 0, 0
98346, 200, 0, 0, 0
98446, 140, 0, 0, 0
98546, 170, 0, 0, 0
98646, 181, 0, 0, 0
98746, 190, 0, 0, 0
98846, 190, 0, 0, 0
98946, 10, 0, 0, 0
99046, 230, 0, 0, 0
99146, 160, 0, 0, 0
99246, 150, 0, 0, 0
99346, 160, 0, 0, 0
99446, 200, 0, 0, 0
99546, 200, 0, 0, 0
99645, 222, 0, 0, 0
99745, 160, 0, 0, 0
99845, 180, 0, 0, 0
99946, 210, 0, 0, 0
100046, 210, 0, 0, 0
100146, 180, 0, 0, 0
100246, 140, 0, 0, 0
100346, 200, 0, 0, 0
100446, 170, 0, 0, 0
100546, 80, 0, 0, 0
100646, 190, 0, 0, 0
100746, 60, 0, 0, 0
100846, 180, 0, 0, 0
100946, 180, 0, 0, 0
101046, 150, 0, 0, 0
101146, 151, 0, 0, 0
101246, 100, 0, 0, 0
101346, 140, 0, 0, 0
101446, 140, 0, 0, 0
101546, 170, 0, 0, 0
101646, 250, 0, 0, 0
101746, 240, 0, 0, 0
101846, 250, 0, 0, 0
101946, 250, 0, 0, 0
102046, 240, 0, 0, 0
102145, 242, 0, 0, 0
102245, 250, 0, 0, 0
102345, 250, 0, 0, 0
102446, 240, 0, 0, 0
102546, 140, 0, 0, 0
102646, 70, 0, 0, 0
102746, 170, 0, 0, 0
102846, 180, 0, 0, 0
102946, 160, 0, 0, 0
103046, 140, 0, 0, 0
103145, 171, 0, 0, 0
103245, 150, 0, 0, 0
103345, 200, 0, 0, 0
103445, 180, 0, 0, 0
103546, 160, 0, 0, 0
103646, 160, 0, 0, 0
103746, 180, 0, 0, 0
103846, 160, 0, 0, 0
103946, 190, 0, 0, 0
104046, 170, 0, 0, 0
104146, 140, 0, 0, 0
104246, 180, 0, 0, 0
104346, 180, 0, 0, 0
104446, 170, 0, 0, 0
104546, 170, 0, 0, 0
104645, 181, 0, 0, 0
104745, 260, 0, 0, 0
104845, 260, 0, 0, 0
104946, 280, 0, 0, 0
105046, 200, 0, 0, 0
105146, 200, 0, 0, 0
105246, 180, 0, 0, 0
105346, 200, 0, 0, 0
105446, 160, 0, 0, 0
105546, 160, 0, 0, 0
105646, 200, 0, 0, 0
105746, 200, 0, 0, 0
105846, 210, 0, 0, 0
105946, 170, 0, 0, 0
106046, 160, 0, 0, 0
106145, 141, 0, 0, 0
106245, 140, 0, 0, 0
106345, 140, 0, 0, 0
106445, 160, 0, 0, 0
106545, 140, 0, 0, 0
106646, 190, 0, 0, 0
106746, 210, 0, 0, 0
106846, 180, 0, 0, 0
106946, 180, 0, 0, 0
107046, 190, 0, 0, 0
107146, 150, 0, 0, 0
107246, 150, 0, 0, 0
107346, 170, 0, 0, 0
107446, 190, 0, 0, 0
107546, 180, 0, 0, 0
107646, 190, 0, 0, 0
107746, 140, 0, 0, 0
107846, 120, 0, 0, 0
107946, 250, 0, 0, 0
108046, 250, 0, 0, 0
108145, 80, 0, 0, 0
108245, 180, 0, 0, 0
108345, 180, 0, 0, 0
108446, 160, 0, 0, 0
108546, 160, 0, 0, 0
108646, 180, 0, 0, 0
108746, 180, 0, 0, 0
108846, 190, 0, 0, 0
108946, 150, 0, 0, 0
109046, 140, 0, 0, 0
109146, 120, 0, 0, 0
109246, 160, 0, 0, 0
109346, 190, 0, 0, 0
109446, 170, 0, 0, 0
109546, 180, 0, 0, 0
109646, 120, 0, 0, 0
109746, 140, 0, 0, 0
109846, 200, 0, 0, 0
109946, 180, 0, 0, 0
110046, 180, 0, 0, 0
110145, 161, 0, 0, 0
110245, 150, 0, 0, 0
110345, 190, 0, 0, 0
110446, 310, 0, 0, 0
110546, 170, 0, 0, 0
110646, 270, 0, 0, 0
110746, 270, 0, 0, 0
110846, 270, 0, 0, 0
110946, 270, 0, 0, 0
111046, 160, 0, 0, 0
111146, 270, 0, 0, 0
111246, 230, 0, 0, 0
111346, 200, 0, 0, 0
111446, 200, 0, 0, 0
111546, 200, 0, 0, 0
111645, 161, 0, 0, 0
111745, 230, 0, 0, 0
111845, 190, 0, 0, 0
111945, 180, 0, 0, 0
112045, 180, 0, 0, 0
112145, 150, 0, 0, 0
112245, 170, 0, 0, 0
112346, 140, 0, 0, 0
112446, 180, 0, 0, 0
112546, 160, 0, 0, 0
112646, 90, 0, 0, 0
112746, 180, 0, 0, 0
112846, 190, 0, 0, 0
112946, 160, 0, 0, 0
113046, 180, 0, 0, 0
113146, 160, 0, 0, 0
113246, 160, 0, 0, 0
113346, 180, 0, 0, 0
113446, 180, 0, 0, 0
113546, 190, 0, 0, 0
113645, 151, 0, 0, 0
113745, 160, 0, 0, 0
113845, 180, 0, 0, 0
113945, 180, 0, 0, 0
114045, 190, 0, 0, 0
114145, 150, 0, 0, 0
114246, 140, 0, 0, 0
114346, 180, 0, 0, 0
114446, 190, 0, 0, 0
114546, 190, 0, 0, 0
114646, 160, 0, 0, 0
114746, 140, 0, 0, 0
114846, 180, 0, 0, 0
114946, 170, 0, 0, 0
115046, 190, 0, 0, 0
115146, 180, 0, 0, 0
115246, 160, 0, 0, 0
115346, 140, 0, 0, 0
115446, 140, 0, 0, 0
115546, 160, 0, 0, 0
115645, 181, 0, 0, 0
115745, 180, 0, 0, 0
115845, 190, 0, 0, 0
115945, 170, 0, 0, 0
116045, 240, 0, 0, 0
116146, 30, 0, 0, 0
116246, 140, 0, 0, 0
116346, 190, 0, 0, 0
116446, 180, 0, 0, 0
116546, 200, 0, 0, 0
116646, 160, 0, 0, 0
116746, 270, 0, 0, 0
116846, 190, 0, 0, 0
116946, 170, 0, 0, 0
117046, 200, 0, 0, 0
117145, 202, 0, 0, 0
117245, 210, 0, 0, 0
117345, 160, 0, 0, 0
117445, 200, 0, 0, 0
117545, 200, 0, 0, 0
117645, 190, 0, 0, 0
117745, 170, 0, 0, 0
117845, 140, 0, 0, 0
117946, 180, 0, 0, 0
118046, 180, 0, 0, 0
118146, 90, 0, 0, 0
118246, 190, 0, 0, 0
118346, 180, 0, 0, 0
118446, 180, 0, 0, 0
118546, 140, 0, 0, 0
118646, 170, 0, 0, 0
118746, 190, 0, 0, 0
118846, 180, 0, 0, 0
118946, 160, 0, 0, 0
119046, 170, 0, 0, 0
119145, 141, 0, 0, 0
119245, 170, 0, 0, 0
119345, 180, 0, 0, 0
119445, 160, 0, 0, 0
119545, 150, 0, 0, 0
119645, 190, 0, 0, 0
119745, 140, 0, 0, 0
119846, 160, 0, 0, 0
119946, 140, 0, 0, 0
120046, 190, 0, 0, 0
120146, 190, 0, 0, 0
120246, 180, 0, 0, 0
120346, 160, 0, 0, 0
120446, 150, 0, 0, 0
120546, 170, 0, 0, 0
120646, 160, 0, 0, 0
120746, 180, 0, 0, 0
120846, 190, 0, 0, 0
120946, 150, 0, 0, 0
121046, 140, 0, 0, 0
121145, 222, 0, 0, 0
121245, 240, 0, 0, 0
121345, 240, 0, 0, 0
121446, 140, 0, 0, 0
121546, 160, 0, 0, 0
121646, 150, 0, 0, 0
121746, 220, 0, 0, 0
121846, 210, 0, 0, 0
121946, 190, 0, 0, 0
122046, 110, 0, 0, 0
122145, 262, 0, 0, 0
122245, 180, 0, 0, 0
122345, 160, 0, 0, 0
122445, 200, 0, 0, 0
122545, 200, 0, 0, 0
122645, 200, 0, 0, 0
122745, 180, 0, 0, 0
122846, 160, 0, 0, 0
122946, 210, 0, 0, 0
123046, 200, 0, 0, 0
123146, 210, 0, 0, 0
123246, 150, 0, 0, 0
123346, 180, 0, 0, 0
123446, 200, 0, 0, 0
123546, 190, 0, 0, 0
123646, 160, 0, 0, 0
123746, 160, 0, 0, 0
123846, 140, 0, 0, 0
123946, 190, 0, 0, 0
124046, 190, 0, 0, 0
124145, 181, 0, 0, 0
124245, 160, 0, 0, 0
124346, 140, 0, 0, 0
124446, 190, 0, 0, 0
124546, 190, 0, 0, 0
124646, 190, 0, 0, 0
124746, 140, 0, 0, 0
124846, 160, 0, 0, 0
124946, 190, 0, 0, 0
125046, 180, 0, 0, 0
125146, 180, 0, 0, 0
125246, 140, 0, 0, 0
125346, 180, 0, 0, 0
125446, 180, 0, 0, 0
125546, 180, 0, 0, 0
125645, 181, 0, 0, 0
125745, 140, 0, 0, 0
125845, 180, 0, 0, 0
125945, 180, 0, 0, 0
126045, 200, 0, 0, 0
126146, 150, 0, 0, 0
126246, 190, 0, 0, 0
126346, 110, 0, 0, 0
126446, 150, 0, 0, 0
126546, 180, 0, 0, 0
126646, 190, 0, 0, 0
126746, 130, 0, 0, 0
126846, 240, 0, 0, 0
126946, 180, 0, 0, 0
127046, 150, 0, 0, 0
127146, 190, 0, 0, 0
127246, 180, 0, 0, 0
127346, 180, 0, 0, 0
127446, 160, 0, 0, 0
127546, 150, 0, 0, 0
127645, 191, 0, 0, 0
127745, 230, 0, 0, 0
127946, 150, 0, 0, 0
128046, 160, 0, 0, 0
128146, 180, 0, 0, 0
128246, 180, 0, 0, 0
128346, 200, 0, 0, 0
128446, 200, 0, 0, 0
128546, 90, 0, 0, 0
128646, 230, 0, 0, 0
128746, 180, 0, 0, 0
128846, 160, 0, 0, 0
128946, 200, 0, 0, 0
129046, 200, 0, 0, 0
129146, 200, 0, 0, 0
129246, 180, 0, 0, 0
129346, 160, 0, 0, 0
129446, 190, 0, 0, 0
129546, 170, 0, 0, 0
129645, 181, 0, 0, 0
129745, 120, 0, 0, 0
129845, 180, 0, 0, 0
129946, 140, 0, 0, 0
130046, 180, 0, 0, 0
130146, 180, 0, 0, 0
130246, 180, 0, 0, 0
130346, 170, 0, 0, 0
130446, 150, 0, 0, 0
130546, 180, 0, 0, 0
130645, 181, 0, 0, 0
130745, 60, 0, 0, 0
130845, 200, 0, 0, 0
130945, 190, 0, 0, 0
131045, 170, 0, 0, 0
131146, 160, 0, 0, 0
131246, 250, 0, 0, 0
131346, 150, 0, 0, 0
131446, 150, 0, 0, 0
131546, 150, 0, 0, 0
131646, 180, 0, 0, 0
131746, 150, 0, 0, 0
131846, 250, 0, 0, 0
131946, 200, 0, 0, 0
132046, 180, 0, 0, 0
132145, 171, 0, 0, 0
132245, 190, 0, 0, 0
132345, 180, 0, 0, 0
132445, 180, 0, 0, 0
132545, 140, 0, 0, 0
132645, 110, 0, 0, 0
132745, 150, 0, 0, 0
132845, 140, 0, 0, 0
132946, 160, 0, 0, 0
133046, 160, 0, 0, 0
133146, 190, 0, 0, 0
133246, 190, 0, 0, 0
133346, 180, 0, 0, 0
133446, 140, 0, 0, 0
133546, 170, 0, 0, 0
133646, 190, 0, 0, 0
133746, 60, 0, 0, 0
133846, 230, 0, 0, 0
133946, 170, 0, 0, 0
134046, 150, 0, 0, 0
134145, 191, 0, 0, 0
134245, 200, 0, 0, 0
134345, 200, 0, 0, 0
134445, 190, 0, 0, 0
134545, 170, 0, 0, 0
134645, 180, 0, 0, 0
134745, 200, 0, 0, 0
134846, 200, 0, 0, 0
134946, 200, 0, 0, 0
135046, 160, 0, 0, 0
135146, 210, 0, 0, 0
135246, 210, 0, 0, 0
135346, 190, 0, 0, 0
135446, 150, 0, 0, 0
135546, 160, 0, 0, 0
135646, 180, 0, 0, 0
135746, 160, 0, 0, 0
135846, 190, 0, 0, 0
135946, 160, 0, 0, 0
136046, 150, 0, 0, 0
136145, 181, 0, 0, 0
136245, 180, 0, 0, 0
136345, 190, 0, 0, 0
136445, 150, 0, 0, 0
136545, 160, 0, 0, 0
136646, 180, 0, 0, 0
136746, 170, 0, 0, 0
136846, 230, 0, 0, 0
136946, 200, 0, 0, 0
137046, 180, 0, 0, 0
137146, 190, 0, 0, 0
137246, 170, 0, 0, 0
137346, 140, 0, 0, 0
137446, 180, 0, 0, 0
137546, 190, 0, 0, 0
137646, 190, 0, 0, 0
137746, 140, 0, 0, 0
137846, 160, 0, 0, 0
137946, 200, 0, 0, 0
138046, 190, 0, 0, 0
138145, 171, 0, 0, 0
138245, 160, 0, 0, 0
138345, 140, 0, 0, 0
138445, 180, 0, 0, 0
138546, 170, 0, 0, 0
138646, 150, 0, 0, 0
138746, 180, 0, 0, 0
138846, 160, 0, 0, 0
138946, 180, 0, 0, 0
139046, 140, 0, 0, 0
139146, 180, 0, 0, 0
139246, 180, 0, 0, 0
139346, 190, 0, 0, 0
139446, 160, 0, 0, 0
139546, 210, 0, 0, 0
139646, 150, 0, 0, 0
139946, 210, 0, 0, 0
140046, 280, 0, 0, 0
140145, 222, 0, 0, 0
140245, 200, 0, 0, 0
140345, 200, 0, 0, 0
140446, 150, 0, 0, 0
140546, 170, 0, 0, 0
140646, 180, 0, 0, 0
140746, 200, 0, 0, 0
140846, 160, 0, 0, 0
140946, 200, 0, 0, 0
141046, 160, 0, 0, 0
141146, 170, 0, 0, 0
141246, 230, 0, 0, 0
141346, 210, 0, 0, 0
141446, 160, 0, 0, 0
141546, 150, 0, 0, 0
141645, 181, 0, 0, 0
141745, 140, 0, 0, 0
141845, 260, 0, 0, 0
141945, 200, 0, 0, 0
142045, 160, 0, 0, 0
142145, 120, 0, 0, 0
142246, 140, 0, 0, 0
142346, 140, 0, 0, 0
142446, 160, 0, 0, 0
142546, 180, 0, 0, 0
142646, 190, 0, 0, 0
142746, 180, 0, 0, 0
142846, 140, 0, 0, 0
142946, 150, 0, 0, 0
143046, 180, 0, 0, 0
143146, 190, 0, 0, 0
143246, 190, 0, 0, 0
143346, 140, 0, 0, 0
143446, 140, 0, 0, 0
143546, 180, 0, 0, 0
143645, 191, 0, 0, 0
143745, 190, 0, 0, 0
143845, 150, 0, 0, 0
143945, 150, 0, 0, 0
144046, 190, 0, 0, 0
144146, 190, 0, 0, 0
144246, 180, 0, 0, 0
144346, 140, 0, 0, 0
144446, 160, 0, 0, 0
144546, 190, 0, 0, 0
144646, 210, 0, 0, 0
144746, 150, 0, 0, 0
144846, 150, 0, 0, 0
144946, 170, 0, 0, 0
145046, 190, 0, 0, 0
145145, 181, 0, 0, 0
145245, 180, 0, 0, 0
145345, 140, 0, 0, 0
145445, 170, 0, 0, 0
145545, 330, 0, 0, 0
145645, 30, 0, 0, 0
145745, 150, 0, 0, 0
145845, 260, 0, 0, 0
145946, 280, 0, 0, 0
146046, 260, 0, 0, 0
146146, 210, 0, 0, 0
146246, 210, 0, 0, 0
146346, 170, 0, 0, 0
146446, 180, 0, 0, 0
146546, 160, 0, 0, 0
146646, 210, 0, 0, 0
146746, 150, 0, 0, 0
146846, 270, 0, 0, 0
146946, 220, 0, 0, 0
147046, 140, 0, 0, 0
147145, 171, 0, 0, 0
147245, 190, 0, 0, 0
147345, 200, 0, 0, 0
147445, 160, 0, 0, 0
147545, 150, 0, 0, 0
147645, 190, 0, 0, 0
147745, 180, 0, 0, 0
147846, 180, 0, 0, 0
147946, 150, 0, 0, 0
148046, 210, 0, 0, 0
148146, 180, 0, 0, 0
148246, 180, 0, 0, 0
148346, 160, 0, 0, 0
148446, 160, 0, 0, 0
148546, 200, 0, 0, 0
148646, 90, 0, 0, 0
148746, 150, 0, 0, 0
148846, 120, 0, 0, 0
148946, 160, 0, 0, 0
149046, 120, 0, 0, 0
149145, 171, 0, 0, 0
149245, 110, 0, 0, 0
149345, 160, 0, 0, 0
149445, 140, 0, 0, 0
149545, 140, 0, 0, 0
149645, 200, 0, 0, 0
149745, 180, 0, 0, 0
149846, 190, 0, 0, 0
149946, 140, 0, 0, 0
150046, 170, 0, 0, 0
150146, 140, 0, 0, 0
150246, 180, 0, 0, 0
150346, 190, 0, 0, 0
150446, 190, 0, 0, 0
150546, 140, 0, 0, 0
150646, 160, 0, 0, 0
150746, 180, 0, 0, 0
150846, 200, 0, 0, 0
150946, 180, 0, 0, 0
151046, 140, 0, 0, 0
151145, 161, 0, 0, 0
151245, 230, 0, 0, 0
151345, 250, 0, 0, 0
151445, 130, 0, 0, 0
151545, 150, 0, 0, 0
151645, 160, 0, 0, 0
151746, 180, 0, 0, 0
151846, 240, 0, 0, 0
151946, 200, 0, 0, 0
152046, 200, 0, 0, 0
152146, 190, 0, 0, 0
152246, 150, 0, 0, 0
152346, 180, 0, 0, 0
152446, 210, 0, 0, 0
152546, 200, 0, 0, 0
152646, 90, 0, 0, 0
152746, 200, 0, 0, 0
152846, 200, 0, 0, 0
152946, 160, 0, 0, 0
153046, 170, 0, 0, 0
153145, 191, 0, 0, 0
153245, 140, 0, 0, 0
153345, 180, 0, 0, 0
153445, 140, 0, 0, 0
153545, 200, 0, 0, 0
153646, 80, 0, 0, 0
153746, 60, 0, 0, 0
153846, 180, 0, 0, 0
153946, 180, 0, 0, 0
154046, 160, 0, 0, 0
154146, 160, 0, 0, 0
154246, 180, 0, 0, 0
154346, 180, 0, 0, 0
154446, 180, 0, 0, 0
154546, 160, 0, 0, 0
154646, 140, 0, 0, 0
154746, 180, 0, 0, 0
154846, 180, 0, 0, 0
154946, 150, 0, 0, 0
155046, 190, 0, 0, 0
155145, 161, 0, 0, 0
155246, 80, 0, 0, 0
155346, 180, 0, 0, 0
155446, 190, 0, 0, 0
155546, 150, 0, 0, 0
155646, 160, 0, 0, 0
155746, 180, 0, 0, 0
155846, 180, 0, 0, 0
155946, 180, 0, 0, 0
156046, 140, 0, 0, 0
156145, 181, 0, 0, 0
156245, 180, 0, 0, 0
156345, 190, 0, 0, 0
156446, 170, 0, 0, 0
156546, 140, 0, 0, 0
156646, 180, 0, 0, 0
156746, 180, 0, 0, 0
156846, 150, 0, 0, 0
156946, 250, 0, 0, 0
157046, 200, 0, 0, 0
157146, 150, 0, 0, 0
157246, 140, 0, 0, 0
157346, 310, 0, 0, 0
157446, 280, 0, 0, 0
157546, 270, 0, 0, 0
157646, 272, 0, 0, 0
157746, 260, 0, 0, 0
157846, 280, 0, 0, 0
157946, 260, 0, 0, 0
158046, 280, 0, 0, 0
158146, 160, 0, 0, 0
158246, 200, 0, 0, 0
158346, 200, 0, 0, 0
158446, 200, 0, 0, 0
158546, 190, 0, 0, 0
158645, 90, 0, 0, 0
158745, 210, 0, 0, 0
158845, 140, 0, 0, 0
158946, 170, 0, 0, 0
159046, 180, 0, 0, 0
159146, 190, 0, 0, 0
159246, 170, 0, 0, 0
159346, 140, 0, 0, 0
159446, 180, 0, 0, 0
159546, 230, 0, 0, 0
159646, 170, 0, 0, 0
159746, 140, 0, 0, 0
159846, 160, 0, 0, 0
159946, 190, 0, 0, 0
160046, 190, 0, 0, 0
160145, 181, 0, 0, 0
160246, 140, 0, 0, 0
160346, 160, 0, 0, 0
160446, 190, 0, 0, 0
160546, 190, 0, 0, 0
160646, 180, 0, 0, 0
160746, 140, 0, 0, 0
160846, 160, 0, 0, 0
160946, 170, 0, 0, 0
161046, 190, 0, 0, 0
161145, 181, 0, 0, 0
161245, 140, 0, 0, 0
161345, 210, 0, 0, 0
161446, 210, 0, 0, 0
161546, 180, 0, 0, 0
161646, 180, 0, 0, 0
161746, 190, 0, 0, 0
161846, 160, 0, 0, 0
161946, 170, 0, 0, 0
162046, 200, 0, 0, 0
162146, 190, 0, 0, 0
162246, 190, 0, 0, 0
162346, 180, 0, 0, 0
162446, 160, 0, 0, 0
162546, 160, 0, 0, 0
162645, 121, 0, 0, 0
162745, 110, 0, 0, 0
162846, 310, 0, 0, 0
162946, 30, 0, 0, 0
163346, 130, 0, 0, 0
163446, 160, 0, 0, 0
163546, 120, 0, 0, 0
163646, 200, 0, 0, 0
163746, 160, 0, 0, 0
163846, 210, 0, 0, 0
163946, 210, 0, 0, 0
164046, 200, 0, 0, 0
164146, 161, 0, 0, 0
164246, 160, 0, 0, 0
164346, 220, 0, 0, 0
164446, 200, 0, 0, 0
164546, 200, 0, 0, 0
164646, 200, 0, 0, 0
164746, 180, 0, 0, 0
164846, 190, 0, 0, 0
164946, 150, 0, 0, 0
165046, 180, 0, 0, 0
165145, 181, 0, 0, 0
165245, 140, 0, 0, 0
165345, 150, 0, 0, 0
165446, 190, 0, 0, 0
165546, 180, 0, 0, 0
165646, 180, 0, 0, 0
165746, 170, 0, 0, 0
165846, 140, 0, 0, 0
165946, 170, 0, 0, 0
166046, 180, 0, 0, 0
166146, 180, 0, 0, 0
166246, 150, 0, 0, 0
166346, 180, 0, 0, 0
166446, 140, 0, 0, 0
166546, 150, 0, 0, 0
166645, 181, 0, 0, 0
166745, 190, 0, 0, 0
166845, 190, 0, 0, 0
166945, 140, 0, 0, 0
167046, 240, 0, 0, 0
167146, 150, 0, 0, 0
167246, 190, 0, 0, 0
167346, 180, 0, 0, 0
167446, 180, 0, 0, 0
167546, 150, 0, 0, 0
167646, 170, 0, 0, 0
167746, 180, 0, 0, 0
167846, 180, 0, 0, 0
167946, 180, 0, 0, 0
168046, 150, 0, 0, 0
168146, 190, 0, 0, 0
168246, 140, 0, 0, 0
168346, 160, 0, 0, 0
168446, 190, 0, 0, 0
168546, 150, 0, 0, 0
168645, 141, 0, 0, 0
168745, 180, 0, 0, 0
168845, 180, 0, 0, 0
168946, 190, 0, 0, 0
169046, 360, 0, 0, 0
169246, 100, 0, 0, 0
169346, 270, 0, 0, 0
169446, 270, 0, 0, 0
169546, 270, 0, 0, 0
169646, 270, 0, 0, 0
169746, 230, 0, 0, 0
169846, 220, 0, 0, 0
169946, 200, 0, 0, 0
170046, 210, 0, 0, 0
170145, 161, 0, 0, 0
170245, 170, 0, 0, 0
170345, 200, 0, 0, 0
170445, 210, 0, 0, 0
170545, 180, 0, 0, 0
170646, 150, 0, 0, 0
170746, 140, 0, 0, 0
170846, 180, 0, 0, 0
170946, 180, 0, 0, 0
171046, 200, 0, 0, 0
171146, 150, 0, 0, 0
171246, 150, 0, 0, 0
171346, 200, 0, 0, 0
171446, 190, 0, 0, 0
171546, 190, 0, 0, 0
171645, 161, 0, 0, 0
171745, 140, 0, 0, 0
171845, 140, 0, 0, 0
171945, 160, 0, 0, 0
172045, 240, 0, 0, 0
172145, 160, 0, 0, 0
172245, 180, 0, 0, 0
172345, 190, 0, 0, 0
172446, 170, 0, 0, 0
172546, 150, 0, 0, 0
172646, 150, 0, 0, 0
172746, 190, 0, 0, 0
172846, 190, 0, 0, 0
172946, 180, 0, 0, 0
173046, 160, 0, 0, 0
173146, 140, 0, 0, 0
173246, 170, 0, 0, 0
173346, 150, 0, 0, 0
173446, 180, 0, 0, 0
173546, 140, 0, 0, 0
173645, 181, 0, 0, 0
173745, 170, 0, 0, 0
173845, 150, 0, 0, 0
173945, 180, 0, 0, 0
174045, 160, 0, 0, 0
174146, 190, 0, 0, 0
174246, 180, 0, 0, 0
174346, 150, 0, 0, 0
174446, 160, 0, 0, 0
174546, 180, 0, 0, 0
174646, 200, 0, 0, 0
174746, 310, 0, 0, 0
174846, 230, 0, 0, 0
174946, 210, 0, 0, 0
175046, 270, 0, 0, 0
175146, 270, 0, 0, 0
175246, 270, 0, 0, 0
175346, 270, 0, 0, 0
175446, 230, 0, 0, 0
175546, 170, 0, 0, 0
175645, 191, 0, 0, 0
175745, 200, 0, 0, 0
175845, 200, 0, 0, 0
175946, 160, 0, 0, 0
176046, 160, 0, 0, 0
176146, 160, 0, 0, 0
176246, 160, 0, 0, 0
176346, 180, 0, 0, 0
176446, 180, 0, 0, 0
176546, 190, 0, 0, 0
176646, 150, 0, 0, 0
176746, 140, 0, 0, 0
176846, 160, 0, 0, 0
176946, 160, 0, 0, 0
177046, 240, 0, 0, 0
177145, 202, 0, 0, 0
177245, 180, 0, 0, 0
177345, 180, 0, 0, 0
177446, 140, 0, 0, 0
177546, 180, 0, 0, 0
177646, 100, 0, 0, 0
177746, 140, 0, 0, 0
177846, 180, 0, 0, 0
177946, 190, 0, 0, 0
178046, 90, 0, 0, 0
178146, 200, 0, 0, 0
178246, 180, 0, 0, 0
178346, 150, 0, 0, 0
178446, 150, 0, 0, 0
178546, 180, 0, 0, 0
178646, 222, 0, 0, 0
178746, 150, 0, 0, 0
178846, 160, 0, 0, 0
178946, 130, 0, 0, 0
179046, 140, 0, 0, 0
179146, 150, 0, 0, 0
179246, 130, 0, 0, 0
179346, 150, 0, 0, 0
179446, 190, 0, 0, 0
179546, 180, 0, 0, 0
179645, 181, 0, 0, 0
179745, 160, 0, 0, 0
179845, 160, 0, 0, 0
179946, 140, 0, 0, 0
