158, 82432063, 0, 0, 0
200, 3824768, 0, 0, 0
300, 5550278, 0, 0, 0
400, 4340067, 0, 0, 0
547, 7747837, 0, 0, 0
660, 8678064, 0, 0, 0
703, 3865281, 0, 0, 0
827, 6209770, 0, 0, 0
911, 5267458, 0, 0, 0
1003, 5071687, 0, 0, 0
1103, 5560866, 0, 0, 0
1202, 4940464, 0, 0, 0
1301, 4961903, 0, 0, 0
1425, 6193372, 0, 0, 0
1503, 5240317, 0, 0, 0
1601, 5128451, 0, 0, 0
1703, 5076645, 0, 0, 0
1801, 5457661, 0, 0, 0
1932, 7307464, 0, 0, 0
2014, 5828687, 0, 0, 0
2104, 5606625, 0, 0, 0
2202, 5438567, 0, 0, 0
2300, 5460177, 0, 0, 0
2400, 5249225, 0, 0, 0
2521, 7121084, 0, 0, 0
2603, 5856094, 0, 0, 0
2701, 5435828, 0, 0, 0
2801, 5268062, 0, 0, 0
2905, 5480142, 0, 0, 0
3020, 7194473, 0, 0, 0
3111, 6452477, 0, 0, 0
3200, 5582594, 0, 0, 0
3300, 5269431, 0, 0, 0
3404, 5484374, 0, 0, 0
3502, 5437781, 0, 0, 0
3617, 7195536, 0, 0, 0
3701, 5588096, 0, 0, 0
3805, 5480413, 0, 0, 0
3903, 5435722, 0, 0, 0
4001, 5434422, 0, 0, 0
4118, 6887259, 0, 0, 0
4206, 5851783, 0, 0, 0
4304, 5461541, 0, 0, 0
4419, 6366527, 0, 0, 0
4501, 5826749, 0, 0, 0
4624, 6867759, 0, 0, 0
4708, 5597084, 0, 0, 0
4804, 5616165, 0, 0, 0
4902, 5435841, 0, 0, 0
5000, 5437759, 0, 0, 0
5100, 5897615, 0, 0, 0
5230, 6820667, 0, 0, 0
5313, 5568621, 0, 0, 0
5408, 6324113, 0, 0, 0
5501, 4422927, 0, 0, 0
5605, 4951977, 0, 0, 0
5703, 5435965, 0, 0, 0
5801, 5435230, 0, 0, 0
5916, 7208470, 0, 0, 0
6006, 5591155, 0, 0, 0
6126, 6910741, 0, 0, 0
6209, 5496677, 0, 0, 0
6300, 5080245, 0, 0, 0
6401, 6310869, 0, 0, 0
6501, 4332011, 0, 0, 0
6600, 4961539, 0, 0, 0
6722, 6428566, 0, 0, 0
6807, 5265328, 0, 0, 0
6900, 4914593, 0, 0, 0
7005, 4980673, 0, 0, 0
7104, 4939609, 0, 0, 0
7228, 6213171, 0, 0, 0
7312, 5242813, 0, 0, 0
7404, 5099549, 0, 0, 0
7503, 4961485, 0, 0, 0
7611, 13531940, 0, 0, 0
7701, 5609068, 0, 0, 0
7801, 5245917, 0, 0, 0
7905, 5481564, 0, 0, 0
8020, 7195165, 0, 0, 0
8102, 5853330, 0, 0, 0
8200, 5438596, 0, 0, 0
8300, 5250540, 0, 0, 0
8404, 5484154, 0, 0, 0
8521, 6886602, 0, 0, 0
8617, 6409706, 0, 0, 0
8701, 5586385, 0, 0, 0
8805, 5482191, 0, 0, 0
8903, 5436390, 0, 0, 0
9001, 6151138, 0, 0, 0
9125, 6848654, 0, 0, 0
9208, 5570179, 0, 0, 0
9304, 5645565, 0, 0, 0
9402, 5437965, 0, 0, 0
9501, 7048366, 0, 0, 0
9601, 5248582, 0, 0, 0
9705, 5502252, 0, 0, 0
9864, 10567732, 0, 0, 0
9903, 4304242, 0, 0, 0
10017, 5735179, 0, 0, 0
10109, 6127474, 0, 0, 0
10205, 5642668, 0, 0, 0
10303, 5439149, 0, 0, 0
10401, 5461602, 0, 0, 0
10500, 7018669, 0, 0, 0
10605, 4055232, 0, 0, 0
10720, 6384864, 0, 0, 0
10802, 5824853, 0, 0, 0
10900, 5436655, 0, 0, 0
11000, 5266861, 0, 0, 0
11104, 5483284, 0, 0, 0
11219, 7193782, 0, 0, 0
11309, 5635048, 0, 0, 0
11401, 5388511, 0, 0, 0
11505, 5483413, 0, 0, 0
11603, 5438162, 0, 0, 0
11726, 6825277, 0, 0, 0
11808, 5853595, 0, 0, 0
11900, 5407869, 0, 0, 0
12001, 6542174, 0, 0, 0
12125, 6206543, 0, 0, 0
12210, 5270022, 0, 0, 0
12300, 4529129, 0, 0, 0
12401, 4785789, 0, 0, 0
12501, 5562361, 0, 0, 0
12604, 14683177, 0, 0, 0
12703, 4959562, 0, 0, 0
12802, 4940041, 0, 0, 0
12903, 6307727, 0, 0, 0
13019, 6461709, 0, 0, 0
13104, 5269029, 0, 0, 0
13203, 4960221, 0, 0, 0
13302, 4941517, 0, 0, 0
13401, 4963043, 0, 0, 0
13522, 6357535, 0, 0, 0
13610, 5851836, 0, 0, 0
13702, 5409262, 0, 0, 0
13800, 5436358, 0, 0, 0
13904, 5479949, 0, 0, 0
14027, 6845969, 0, 0, 0
14109, 5856887, 0, 0, 0
14200, 5364109, 0, 0, 0
14305, 5506173, 0, 0, 0
14403, 5440252, 0, 0, 0
14501, 5437397, 0, 0, 0
14624, 7734226, 0, 0, 0
14708, 5550435, 0, 0, 0
14804, 5664580, 0, 0, 0
14902, 6126534, 0, 0, 0
15000, 5435996, 0, 0, 0
15100, 5268708, 0, 0, 0
15230, 7612104, 0, 0, 0
15320, 6452801, 0, 0, 0
15401, 4512063, 0, 0, 0
15501, 5269944, 0, 0, 0
15606, 8060907, 0, 0, 0
15703, 4053399, 0, 0, 0
15801, 4052543, 0, 0, 0
15900, 3966824, 0, 0, 0
16004, 4140291, 0, 0, 0
16101, 4056203, 0, 0, 0
16207, 5319532, 0, 0, 0
16305, 5438295, 0, 0, 0
16403, 4433234, 0, 0, 0
16526, 6850467, 0, 0, 0
16608, 5826859, 0, 0, 0
16700, 5409464, 0, 0, 0
16804, 5481619, 0, 0, 0
16902, 5435901, 0, 0, 0
17000, 5459177, 0, 0, 0
17115, 7170549, 0, 0, 0
17205, 5634247, 0, 0, 0
17303, 5437810, 0, 0, 0
17401, 5439075, 0, 0, 0
17501, 5270769, 0, 0, 0
17616, 7006823, 0, 0, 0
17700, 5259451, 0, 0, 0
17805, 4978917, 0, 0, 0
17904, 4939979, 0, 0, 0
18003, 4959419, 0, 0, 0
18120, 6466329, 0, 0, 0
18212, 5789022, 0, 0, 0
18304, 5098603, 0, 0, 0
18403, 4941561, 0, 0, 0
18502, 4961764, 0, 0, 0
18601, 4941139, 0, 0, 0
18712, 6534234, 0, 0, 0
18802, 5290401, 0, 0, 0
18902, 5536015, 0, 0, 0
19002, 5560138, 0, 0, 0
19103, 5043254, 0, 0, 0
19201, 5458303, 0, 0, 0
19316, 7199165, 0, 0, 0
19406, 5610415, 0, 0, 0
19513, 7617145, 0, 0, 0
19603, 5630581, 0, 0, 0
19701, 5437402, 0, 0, 0
19801, 5266293, 0, 0, 0
19900, 16504949, 0, 0, 0
20004, 5482727, 0, 0, 0
20103, 6151305, 0, 0, 0
20225, 6135041, 0, 0, 0
20307, 5858622, 0, 0, 0
20405, 5438600, 0, 0, 0
20504, 7045254, 0, 0, 0
20601, 4056291, 0, 0, 0
20701, 4739477, 0, 0, 0
20816, 7225575, 0, 0, 0
20904, 5823610, 0, 0, 0
21002, 5435412, 0, 0, 0
21100, 5459836, 0, 0, 0
21200, 5247789, 0, 0, 0
21321, 7121841, 0, 0, 0
21403, 5874269, 0, 0, 0
21501, 5425938, 0, 0, 0
21601, 5269468, 0, 0, 0
21705, 6138308, 0, 0, 0
21803, 5435617, 0, 0, 0
21918, 7193691, 0, 0, 0
22000, 5854475, 0, 0, 0
22101, 6673999, 0, 0, 0
22205, 6139531, 0, 0, 0
22303, 5438346, 0, 0, 0
22401, 5461200, 0, 0, 0
22501, 5249159, 0, 0, 0
22615, 7577392, 0, 0, 0
22704, 5584768, 0, 0, 0
22802, 5436664, 0, 0, 0
22900, 5457372, 0, 0, 0
23023, 5111160, 0, 0, 0
23112, 5583476, 0, 0, 0
23202, 5633295, 0, 0, 0
23300, 5439363, 0, 0, 0
23400, 5270585, 0, 0, 0
23516, 11274206, 0, 0, 0
23601, 5259590, 0, 0, 0
23705, 4981244, 0, 0, 0
23804, 4939095, 0, 0, 0
23923, 6237030, 0, 0, 0
24007, 5267899, 0, 0, 0
24104, 5106643, 0, 0, 0
24203, 4961625, 0, 0, 0
24302, 4942315, 0, 0, 0
24427, 6228595, 0, 0, 0
24519, 5766612, 0, 0, 0
24603, 5248416, 0, 0, 0
24702, 4959458, 0, 0, 0
24801, 4938930, 0, 0, 0
24900, 4942299, 0, 0, 0
25020, 6654811, 0, 0, 0
25109, 5610639, 0, 0, 0
25201, 5387026, 0, 0, 0
25306, 5503639, 0, 0, 0
25404, 6132198, 0, 0, 0
25535, 5444634, 0, 0, 0
25600, 5459372, 0, 0, 0
25722, 4695815, 0, 0, 0
25804, 5826127, 0, 0, 0
25902, 5458011, 0, 0, 0
26000, 5436017, 0, 0, 0
26100, 5269443, 0, 0, 0
26205, 6140377, 0, 0, 0
26321, 6864289, 0, 0, 0
26400, 4163522, 0, 0, 0
26516, 7197092, 0, 0, 0
26600, 7656914, 0, 0, 0
26704, 5482852, 0, 0, 0
26802, 5435798, 0, 0, 0
26917, 7215743, 0, 0, 0
27001, 5543341, 0, 0, 0
27105, 5477167, 0, 0, 0
27203, 5460544, 0, 0, 0
27301, 6129751, 0, 0, 0
27401, 5271358, 0, 0, 0
27515, 7553062, 0, 0, 0
27606, 6128364, 0, 0, 0
27703, 6430357, 0, 0, 0
27800, 5415268, 0, 0, 0
27901, 5266800, 0, 0, 0
28005, 5481991, 0, 0, 0
28128, 6825770, 0, 0, 0
28210, 5884759, 0, 0, 0
28301, 5366158, 0, 0, 0
28400, 5460883, 0, 0, 0
28504, 5483580, 0, 0, 0
28602, 5439370, 0, 0, 0
28717, 7194667, 0, 0, 0
28800, 5559668, 0, 0, 0
28905, 5481953, 0, 0, 0
29003, 7043992, 0, 0, 0
29101, 5438228, 0, 0, 0
29201, 5270018, 0, 0, 0
29316, 6218208, 0, 0, 0
29406, 5270018, 0, 0, 0
29500, 6703824, 0, 0, 0
29601, 7249132, 0, 0, 0
29705, 3702641, 0, 0, 0
29801, 3698629, 0, 0, 0
29905, 3701950, 0, 0, 0
30022, 4674151, 0, 0, 0
30102, 4720330, 0, 0, 0
30200, 3625586, 0, 0, 0
30302, 3778365, 0, 0, 0
30400, 3626070, 0, 0, 0
30502, 3763258, 0, 0, 0
30604, 6783460, 0, 0, 0
30700, 5050031, 0, 0, 0
30800, 5266707, 0, 0, 0
30904, 5481849, 0, 0, 0
31002, 5434815, 0, 0, 0
31117, 7210142, 0, 0, 0
31200, 5553480, 0, 0, 0
31305, 5498850, 0, 0, 0
31403, 5439408, 0, 0, 0
31501, 5437721, 0, 0, 0
31624, 6850184, 0, 0, 0
31706, 5825186, 0, 0, 0
31838, 9445401, 0, 0, 0
31905, 5134088, 0, 0, 0
32001, 5664300, 0, 0, 0
32101, 5248393, 0, 0, 0
32205, 5483144, 0, 0, 0
32329, 6870137, 0, 0, 0
32412, 5545354, 0, 0, 0
32500, 5881314, 0, 0, 0
32600, 5247819, 0, 0, 0
32704, 5481743, 0, 0, 0
32828, 6868805, 0, 0, 0
32911, 5539325, 0, 0, 0
33001, 5625869, 0, 0, 0
33105, 5480121, 0, 0, 0
33203, 5439653, 0, 0, 0
33301, 5440607, 0, 0, 0
33425, 7739593, 0, 0, 0
33506, 5064808, 0, 0, 0
33604, 5459531, 0, 0, 0
33702, 5436729, 0, 0, 0
33800, 5434767, 0, 0, 0
33924, 6867982, 0, 0, 0
34005, 4489490, 0, 0, 0
34103, 5459160, 0, 0, 0
34201, 5436160, 0, 0, 0
34301, 5901526, 0, 0, 0
34424, 7700905, 0, 0, 0
34521, 6408149, 0, 0, 0
34603, 5858741, 0, 0, 0
34700, 5435154, 0, 0, 0
34801, 5266478, 0, 0, 0
34900, 4174960, 0, 0, 0
35018, 6214825, 0, 0, 0
35101, 5522192, 0, 0, 0
35201, 4789045, 0, 0, 0
35300, 4941860, 0, 0, 0
35400, 4964143, 0, 0, 0
35500, 6287173, 0, 0, 0
35625, 6953862, 0, 0, 0
35700, 4946334, 0, 0, 0
35813, 4351875, 0, 0, 0
35904, 5055887, 0, 0, 0
36003, 4960282, 0, 0, 0
36102, 4941030, 0, 0, 0
36226, 6220385, 0, 0, 0
36312, 5055647, 0, 0, 0
36402, 5954649, 0, 0, 0
36500, 5439775, 0, 0, 0
36600, 5269127, 0, 0, 0
36738, 7257233, 0, 0, 0
36838, 6680229, 0, 0, 0
36926, 5876616, 0, 0, 0
37007, 5798315, 0, 0, 0
37106, 5459344, 0, 0, 0
37203, 5438588, 0, 0, 0
37301, 5440349, 0, 0, 0
37425, 6849929, 0, 0, 0
37507, 5856232, 0, 0, 0
37605, 5438771, 0, 0, 0
37703, 8205495, 0, 0, 0
37837, 7864624, 0, 0, 0
37910, 5228099, 0, 0, 0
38000, 5634432, 0, 0, 0
38104, 5476655, 0, 0, 0
38202, 5438480, 0, 0, 0
38301, 5461104, 0, 0, 0
38417, 6864669, 0, 0, 0
38506, 5880369, 0, 0, 0
38603, 5438104, 0, 0, 0
38701, 5437656, 0, 0, 0
38800, 5457422, 0, 0, 0
38923, 6826100, 0, 0, 0
39005, 5852709, 0, 0, 0
39102, 5438746, 0, 0, 0
39201, 6130442, 0, 0, 0
39301, 5901740, 0, 0, 0
39405, 5484395, 0, 0, 0
39503, 5438694, 0, 0, 0
39602, 8238440, 0, 0, 0
39725, 6823855, 0, 0, 0
39807, 5855089, 0, 0, 0
39905, 5434967, 0, 0, 0
40003, 5458853, 0, 0, 0
40101, 5435904, 0, 0, 0
40268, 8809085, 0, 0, 0
40300, 3953863, 0, 0, 0
40404, 5484564, 0, 0, 0
40502, 5460827, 0, 0, 0
40617, 7171375, 0, 0, 0
40701, 5588482, 0, 0, 0
40804, 5882457, 0, 0, 0
40903, 4960045, 0, 0, 0
41002, 4938664, 0, 0, 0
41127, 6950998, 0, 0, 0
41212, 5269814, 0, 0, 0
41302, 4524501, 0, 0, 0
41402, 4963155, 0, 0, 0
41500, 4942215, 0, 0, 0
41600, 4961749, 0, 0, 0
41718, 6216711, 0, 0, 0
41802, 5265105, 0, 0, 0
41901, 4955268, 0, 0, 0
42000, 4939555, 0, 0, 0
42105, 4981434, 0, 0, 0
42230, 6951814, 0, 0, 0
42313, 5523786, 0, 0, 0
42401, 5881373, 0, 0, 0
42508, 7615659, 0, 0, 0
42600, 5410794, 0, 0, 0
42704, 5481519, 0, 0, 0
42802, 5438171, 0, 0, 0
42925, 6843956, 0, 0, 0
43007, 5827288, 0, 0, 0
43104, 5437012, 0, 0, 0
43203, 5460354, 0, 0, 0
43301, 5438547, 0, 0, 0
43424, 6871306, 0, 0, 0
43508, 5543043, 0, 0, 0
43604, 5644063, 0, 0, 0
43702, 5457337, 0, 0, 0
43800, 5436344, 0, 0, 0
43925, 6588107, 0, 0, 0
44013, 5850976, 0, 0, 0
44103, 5607526, 0, 0, 0
44201, 5459663, 0, 0, 0
44300, 3966896, 0, 0, 0
44404, 4144661, 0, 0, 0
44501, 4054875, 0, 0, 0
44616, 7195696, 0, 0, 0
44700, 5560141, 0, 0, 0
44804, 4950942, 0, 0, 0
44902, 5456141, 0, 0, 0
45025, 6826246, 0, 0, 0
45107, 5882548, 0, 0, 0
45205, 6105639, 0, 0, 0
45303, 5439479, 0, 0, 0
45401, 5460431, 0, 0, 0
45501, 5248686, 0, 0, 0
45633, 8245045, 0, 0, 0
45723, 5605600, 0, 0, 0
45802, 5296382, 0, 0, 0
45909, 4842682, 0, 0, 0
46000, 5362565, 0, 0, 0
46146, 7677691, 0, 0, 0
46228, 5856332, 0, 0, 0
46309, 5828226, 0, 0, 0
46400, 5634927, 0, 0, 0
46550, 7738713, 0, 0, 0
46625, 5769994, 0, 0, 0
46712, 5794649, 0, 0, 0
46810, 5756385, 0, 0, 0
46902, 5095293, 0, 0, 0
47000, 4940177, 0, 0, 0
47101, 5560098, 0, 0, 0
47202, 6310101, 0, 0, 0
47300, 4942689, 0, 0, 0
47425, 6212544, 0, 0, 0
47509, 5243188, 0, 0, 0
47600, 5096975, 0, 0, 0
47701, 4804756, 0, 0, 0
47800, 4938880, 0, 0, 0
47925, 6214180, 0, 0, 0
48007, 5495479, 0, 0, 0
48103, 5305293, 0, 0, 0
48201, 5460301, 0, 0, 0
48301, 5248603, 0, 0, 0
48424, 6879628, 0, 0, 0
48503, 4140327, 0, 0, 0
48601, 4053837, 0, 0, 0
48758, 6859512, 0, 0, 0
48805, 4258703, 0, 0, 0
48920, 7191555, 0, 0, 0
49012, 6127649, 0, 0, 0
49100, 5850966, 0, 0, 0
49200, 5250209, 0, 0, 0
49305, 6162033, 0, 0, 0
49403, 5438974, 0, 0, 0
49551, 8239665, 0, 0, 0
49601, 3869083, 0, 0, 0
49722, 7117784, 0, 0, 0
49804, 5856441, 0, 0, 0
49902, 5434524, 0, 0, 0
50000, 5458626, 0, 0, 0
50100, 5247496, 0, 0, 0
50221, 7120916, 0, 0, 0
50303, 5873642, 0, 0, 0
50401, 5426774, 0, 0, 0
50501, 5270896, 0, 0, 0
50605, 5481821, 0, 0, 0
50704, 6128677, 0, 0, 0
50801, 4053910, 0, 0, 0
50900, 3979999, 0, 0, 0
51004, 4143784, 0, 0, 0
51103, 8202953, 0, 0, 0
51200, 4055079, 0, 0, 0
51300, 4759096, 0, 0, 0
51462, 7065420, 0, 0, 0
51502, 4001255, 0, 0, 0
51602, 12404230, 0, 0, 0
51700, 5437799, 0, 0, 0
51800, 5897781, 0, 0, 0
51921, 7117917, 0, 0, 0
52003, 5882130, 0, 0, 0
52101, 6105719, 0, 0, 0
52201, 5269357, 0, 0, 0
52302, 4233510, 0, 0, 0
52401, 4942859, 0, 0, 0
52512, 6534957, 0, 0, 0
52601, 4690446, 0, 0, 0
52701, 6283950, 0, 0, 0
52802, 5560624, 0, 0, 0
52902, 5556690, 0, 0, 0
53000, 4941237, 0, 0, 0
53120, 7023235, 0, 0, 0
53203, 5513351, 0, 0, 0
53301, 4931533, 0, 0, 0
53401, 4962582, 0, 0, 0
53501, 4786317, 0, 0, 0
53624, 6450942, 0, 0, 0
53708, 5241288, 0, 0, 0
53803, 5284424, 0, 0, 0
53901, 5457352, 0, 0, 0
54001, 5246503, 0, 0, 0
54130, 7610845, 0, 0, 0
54213, 5883250, 0, 0, 0
54302, 5585377, 0, 0, 0
54400, 4451317, 0, 0, 0
54515, 6365111, 0, 0, 0
54629, 7169339, 0, 0, 0
54703, 5288246, 0, 0, 0
54809, 6624316, 0, 0, 0
54900, 6446777, 0, 0, 0
55000, 5876712, 0, 0, 0
55104, 5481937, 0, 0, 0
55202, 5460100, 0, 0, 0
55317, 7172619, 0, 0, 0
55401, 5590192, 0, 0, 0
55505, 5483075, 0, 0, 0
55603, 5438330, 0, 0, 0
55701, 5457348, 0, 0, 0
55816, 7171215, 0, 0, 0
55900, 5583739, 0, 0, 0
56004, 5482118, 0, 0, 0
56103, 7043764, 0, 0, 0
56200, 4055681, 0, 0, 0
56300, 4740650, 0, 0, 0
56421, 7120476, 0, 0, 0
56503, 5857367, 0, 0, 0
56601, 5437015, 0, 0, 0
56701, 5268081, 0, 0, 0
56805, 5481092, 0, 0, 0
56920, 7169178, 0, 0, 0
57010, 5634079, 0, 0, 0
57100, 5605713, 0, 0, 0
57200, 5269084, 0, 0, 0
57304, 5484693, 0, 0, 0
57435, 7291323, 0, 0, 0
57519, 5595789, 0, 0, 0
57601, 5081741, 0, 0, 0
57705, 5482050, 0, 0, 0
57803, 5457143, 0, 0, 0
57901, 5436413, 0, 0, 0
58016, 7218172, 0, 0, 0
58100, 5362175, 0, 0, 0
58205, 4976798, 0, 0, 0
58303, 4940719, 0, 0, 0
58403, 4962528, 0, 0, 0
58519, 6488069, 0, 0, 0
58603, 5245097, 0, 0, 0
58704, 6309227, 0, 0, 0
58804, 4958669, 0, 0, 0
58902, 4939075, 0, 0, 0
59002, 4960111, 0, 0, 0
59120, 6216831, 0, 0, 0
59204, 5270470, 0, 0, 0
59301, 5108412, 0, 0, 0
59400, 4472307, 0, 0, 0
59500, 4786098, 0, 0, 0
59619, 7010124, 0, 0, 0
59701, 5855525, 0, 0, 0
59833, 5962950, 0, 0, 0
59916, 5567926, 0, 0, 0
60004, 5858321, 0, 0, 0
60102, 4881974, 0, 0, 0
60201, 3977995, 0, 0, 0
60305, 4129989, 0, 0, 0
60402, 4072306, 0, 0, 0
60500, 4885508, 0, 0, 0
60631, 7290930, 0, 0, 0
60722, 6447323, 0, 0, 0
60803, 5087476, 0, 0, 0
60901, 4882953, 0, 0, 0
61001, 5270356, 0, 0, 0
61105, 5479847, 0, 0, 0
61212, 7669258, 0, 0, 0
61302, 4954860, 0, 0, 0
61401, 4740340, 0, 0, 0
61500, 5461584, 0, 0, 0
61604, 5481927, 0, 0, 0
61701, 4052542, 0, 0, 0
61800, 3964773, 0, 0, 0
61904, 4142806, 0, 0, 0
62019, 7206595, 0, 0, 0
62103, 5554995, 0, 0, 0
62201, 5454167, 0, 0, 0
62305, 6972336, 0, 0, 0
62403, 5438892, 0, 0, 0
62502, 5461402, 0, 0, 0
62625, 6825810, 0, 0, 0
62707, 5854726, 0, 0, 0
62804, 5436125, 0, 0, 0
62914, 9935655, 0, 0, 0
63001, 5849658, 0, 0, 0
63102, 5267878, 0, 0, 0
63200, 5439528, 0, 0, 0
63304, 5482724, 0, 0, 0
63419, 7176110, 0, 0, 0
63501, 5881021, 0, 0, 0
63658, 5711496, 0, 0, 0
63701, 3866132, 0, 0, 0
63805, 3700438, 0, 0, 0
63903, 4450685, 0, 0, 0
64027, 6190017, 0, 0, 0
64111, 5268226, 0, 0, 0
64203, 5097188, 0, 0, 0
64301, 4941255, 0, 0, 0
64401, 4963516, 0, 0, 0
64525, 6191892, 0, 0, 0
64609, 5267438, 0, 0, 0
64701, 5096837, 0, 0, 0
64800, 4940768, 0, 0, 0
64900, 4802833, 0, 0, 0
65024, 7235831, 0, 0, 0
65103, 5707572, 0, 0, 0
65201, 5440093, 0, 0, 0
65301, 4738699, 0, 0, 0
65422, 6383158, 0, 0, 0
65506, 5570723, 0, 0, 0
65602, 5643368, 0, 0, 0
65700, 5458743, 0, 0, 0
65800, 5246874, 0, 0, 0
65921, 7140866, 0, 0, 0
66003, 5086495, 0, 0, 0
66101, 5436614, 0, 0, 0
66207, 6651977, 0, 0, 0
66305, 4070483, 0, 0, 0
66402, 4886172, 0, 0, 0
66511, 7263615, 0, 0, 0
66601, 5602239, 0, 0, 0
66700, 6154205, 0, 0, 0
66804, 5481380, 0, 0, 0
66902, 5435480, 0, 0, 0
67019, 6887149, 0, 0, 0
67100, 5078318, 0, 0, 0
67208, 7677181, 0, 0, 0
67303, 5021556, 0, 0, 0
67401, 5439165, 0, 0, 0
67501, 5270279, 0, 0, 0
67622, 7118684, 0, 0, 0
67704, 5854319, 0, 0, 0
67802, 5438140, 0, 0, 0
67900, 5434706, 0, 0, 0
68000, 5268433, 0, 0, 0
68104, 6138890, 0, 0, 0
68219, 7171345, 0, 0, 0
68301, 5859242, 0, 0, 0
68401, 5247850, 0, 0, 0
68505, 5483785, 0, 0, 0
68604, 5459068, 0, 0, 0
68720, 7790002, 0, 0, 0
68802, 5854913, 0, 0, 0
68900, 5429933, 0, 0, 0
69004, 5480763, 0, 0, 0
69103, 5458977, 0, 0, 0
69218, 7195949, 0, 0, 0
69300, 3423918, 0, 0, 0
69484, 36048577, 0, 0, 0
69505, 6997798, 0, 0, 0
69605, 5561905, 0, 0, 0
69704, 4938838, 0, 0, 0
69804, 5558188, 0, 0, 0
69920, 5792198, 0, 0, 0
70006, 5796554, 0, 0, 0
70104, 5106234, 0, 0, 0
70202, 4452260, 0, 0, 0
70301, 4962380, 0, 0, 0
70400, 4942534, 0, 0, 0
70517, 6488389, 0, 0, 0
70601, 5265909, 0, 0, 0
70700, 4940694, 0, 0, 0
70800, 5559162, 0, 0, 0
70950, 6510568, 0, 0, 0
71003, 4105709, 0, 0, 0
71102, 6165881, 0, 0, 0
71208, 5889630, 0, 0, 0
71305, 4432246, 0, 0, 0
71403, 4905258, 0, 0, 0
71501, 5439367, 0, 0, 0
71624, 6825205, 0, 0, 0
71706, 5854974, 0, 0, 0
71804, 5435747, 0, 0, 0
71902, 5457178, 0, 0, 0
72000, 5435827, 0, 0, 0
72118, 6904040, 0, 0, 0
72205, 5834187, 0, 0, 0
72303, 5437346, 0, 0, 0
72401, 5438462, 0, 0, 0
72501, 5270473, 0, 0, 0
72614, 7551269, 0, 0, 0
72704, 5609563, 0, 0, 0
72802, 4883075, 0, 0, 0
72900, 6125733, 0, 0, 0
73000, 5267423, 0, 0, 0
73113, 7525337, 0, 0, 0
73203, 4996596, 0, 0, 0
73301, 5439463, 0, 0, 0
73401, 5270071, 0, 0, 0
73522, 7120439, 0, 0, 0
73604, 5853858, 0, 0, 0
73702, 5438454, 0, 0, 0
73800, 7015366, 0, 0, 0
73900, 5267840, 0, 0, 0
74005, 6968132, 0, 0, 0
74104, 16568344, 0, 0, 0
74202, 5439760, 0, 0, 0
74300, 5437787, 0, 0, 0
74416, 7196903, 0, 0, 0
74505, 5609408, 0, 0, 0
74604, 5459414, 0, 0, 0
74702, 5436619, 0, 0, 0
74802, 5267298, 0, 0, 0
74914, 7523251, 0, 0, 0
75004, 5607281, 0, 0, 0
75103, 5459456, 0, 0, 0
75200, 5436770, 0, 0, 0
75475, 10862983, 0, 0, 0
75504, 5689047, 0, 0, 0
75600, 3700095, 0, 0, 0
75701, 4803215, 0, 0, 0
75800, 4939405, 0, 0, 0
75924, 6214252, 0, 0, 0
76057, 8829764, 0, 0, 0
76101, 3666777, 0, 0, 0
76211, 7893283, 0, 0, 0
76301, 4076922, 0, 0, 0
76408, 5359042, 0, 0, 0
76501, 18679984, 0, 0, 0
76602, 3710904, 0, 0, 0
76709, 5374350, 0, 0, 0
76800, 3617490, 0, 0, 0
76928, 5110237, 0, 0, 0
77003, 12642568, 0, 0, 0
77100, 4036031, 0, 0, 0
77203, 6834444, 0, 0, 0
77300, 8071905, 0, 0, 0
77420, 4811181, 0, 0, 0
77510, 5610868, 0, 0, 0
77627, 8350271, 0, 0, 0
77727, 33337482, 0, 0, 0
77808, 26910859, 0, 0, 0
77905, 4051612, 0, 0, 0
78003, 4069760, 0, 0, 0
78100, 4052593, 0, 0, 0
78207, 10740754, 0, 0, 0
78305, 4884202, 0, 0, 0
78412, 10702697, 0, 0, 0
78502, 5631765, 0, 0, 0
78600, 5439495, 0, 0, 0
78700, 5267219, 0, 0, 0
78822, 7141232, 0, 0, 0
78903, 5824555, 0, 0, 0
79001, 5436068, 0, 0, 0
79101, 5247875, 0, 0, 0
79205, 5483691, 0, 0, 0
79320, 7197370, 0, 0, 0
79402, 5828568, 0, 0, 0
79500, 5461408, 0, 0, 0
79600, 5247132, 0, 0, 0
79704, 5482649, 0, 0, 0
79819, 7192816, 0, 0, 0
79909, 6421956, 0, 0, 0
80000, 6450565, 0, 0, 0
80106, 5299022, 0, 0, 0
80204, 5437278, 0, 0, 0
80321, 6887624, 0, 0, 0
80409, 5854758, 0, 0, 0
80501, 5410562, 0, 0, 0
80605, 5483707, 0, 0, 0
80703, 5435512, 0, 0, 0
80826, 6847152, 0, 0, 0
80901, 4404280, 0, 0, 0
81005, 4949700, 0, 0, 0
81103, 5458358, 0, 0, 0
81243, 7753966, 0, 0, 0
81300, 5739418, 0, 0, 0
81417, 5408703, 0, 0, 0
81501, 5260983, 0, 0, 0
81600, 4940499, 0, 0, 0
81705, 4980743, 0, 0, 0
81830, 6965138, 0, 0, 0
81914, 5247181, 0, 0, 0
82000, 5054792, 0, 0, 0
82101, 6284755, 0, 0, 0
82200, 4960035, 0, 0, 0
82301, 6311717, 0, 0, 0
82400, 4943274, 0, 0, 0
82529, 6172212, 0, 0, 0
82614, 5268043, 0, 0, 0
82701, 5795456, 0, 0, 0
82800, 4954173, 0, 0, 0
82904, 4979247, 0, 0, 0
83003, 6128072, 0, 0, 0
83125, 6826173, 0, 0, 0
83207, 5857008, 0, 0, 0
83305, 5437734, 0, 0, 0
83404, 5460857, 0, 0, 0
83502, 7019286, 0, 0, 0
83600, 4884946, 0, 0, 0
83717, 6884454, 0, 0, 0
83805, 5851099, 0, 0, 0
83903, 5457377, 0, 0, 0
84001, 5436518, 0, 0, 0
84101, 5267751, 0, 0, 0
84214, 7552492, 0, 0, 0
84304, 5584201, 0, 0, 0
84402, 5461619, 0, 0, 0
84500, 5437671, 0, 0, 0
84600, 5270031, 0, 0, 0
84705, 8054896, 0, 0, 0
84861, 9773344, 0, 0, 0
84902, 4067049, 0, 0, 0
85019, 6169687, 0, 0, 0
85107, 5827620, 0, 0, 0
85204, 5437873, 0, 0, 0
85302, 5438868, 0, 0, 0
85401, 5461109, 0, 0, 0
85517, 6864332, 0, 0, 0
85606, 5879145, 0, 0, 0
85704, 5436452, 0, 0, 0
85801, 5435852, 0, 0, 0
85900, 5457491, 0, 0, 0
86039, 7751374, 0, 0, 0
86115, 5040277, 0, 0, 0
86211, 6434698, 0, 0, 0
86315, 7362115, 0, 0, 0
86401, 4116232, 0, 0, 0
86505, 4953470, 0, 0, 0
86604, 6154610, 0, 0, 0
86701, 5437094, 0, 0, 0
86817, 7192267, 0, 0, 0
86900, 5569408, 0, 0, 0
87004, 5475485, 0, 0, 0
87102, 5440234, 0, 0, 0
87200, 5456287, 0, 0, 0
87550, 15079460, 0, 0, 0
87601, 4620869, 0, 0, 0
87705, 3702153, 0, 0, 0
87822, 6480843, 0, 0, 0
87906, 5245895, 0, 0, 0
88004, 4940090, 0, 0, 0
88124, 9983250, 0, 0, 0
88201, 5456634, 0, 0, 0
88300, 4962332, 0, 0, 0
88401, 4805667, 0, 0, 0
88525, 6198485, 0, 0, 0
88609, 5267868, 0, 0, 0
88701, 5090530, 0, 0, 0
88801, 5537347, 0, 0, 0
88900, 4959007, 0, 0, 0
89004, 4980573, 0, 0, 0
89111, 6651939, 0, 0, 0
89237, 8375434, 0, 0, 0
89317, 6156443, 0, 0, 0
89400, 5564683, 0, 0, 0
89504, 5482916, 0, 0, 0
89602, 5438762, 0, 0, 0
89701, 5458328, 0, 0, 0
89815, 7169532, 0, 0, 0
89905, 5606122, 0, 0, 0
90003, 5458517, 0, 0, 0
90101, 5436816, 0, 0, 0
90200, 6154400, 0, 0, 0
90323, 6827260, 0, 0, 0
90405, 5858213, 0, 0, 0
90503, 5439535, 0, 0, 0
90601, 6129632, 0, 0, 0
90701, 4757376, 0, 0, 0
90805, 5480632, 0, 0, 0
90928, 7690999, 0, 0, 0
91001, 4589629, 0, 0, 0
91101, 3965970, 0, 0, 0
91204, 4144401, 0, 0, 0
91302, 4055777, 0, 0, 0
91401, 3968412, 0, 0, 0
91506, 6159717, 0, 0, 0
91603, 4053945, 0, 0, 0
91726, 6152962, 0, 0, 0
91801, 3933743, 0, 0, 0
91905, 4949788, 0, 0, 0
92003, 5436069, 0, 0, 0
92100, 5438274, 0, 0, 0
92218, 6886107, 0, 0, 0
92305, 5855517, 0, 0, 0
92404, 5460740, 0, 0, 0
92502, 5440214, 0, 0, 0
92600, 5437705, 0, 0, 0
92717, 6883780, 0, 0, 0
92805, 5854708, 0, 0, 0
92903, 5456944, 0, 0, 0
93010, 10695461, 0, 0, 0
93103, 3323906, 0, 0, 0
93201, 5952179, 0, 0, 0
93305, 3703082, 0, 0, 0
93401, 3702014, 0, 0, 0
93505, 3688877, 0, 0, 0
93603, 4470871, 0, 0, 0
93702, 4940650, 0, 0, 0
93800, 4469311, 0, 0, 0
93917, 6462455, 0, 0, 0
94001, 5266505, 0, 0, 0
94100, 4942296, 0, 0, 0
94201, 4803852, 0, 0, 0
94300, 4963563, 0, 0, 0
94416, 7729481, 0, 0, 0
94503, 5459581, 0, 0, 0
94635, 7312577, 0, 0, 0
94700, 6528820, 0, 0, 0
94800, 5267445, 0, 0, 0
94915, 7174796, 0, 0, 0
95003, 5878821, 0, 0, 0
95101, 5436085, 0, 0, 0
95201, 5249090, 0, 0, 0
95331, 6842292, 0, 0, 0
95413, 5829640, 0, 0, 0
95502, 5585970, 0, 0, 0
95600, 5458660, 0, 0, 0
95707, 10699592, 0, 0, 0
95805, 4902772, 0, 0, 0
95903, 5435095, 0, 0, 0
96026, 6825994, 0, 0, 0
96109, 5882314, 0, 0, 0
96201, 6126781, 0, 0, 0
96305, 5478974, 0, 0, 0
96403, 5439474, 0, 0, 0
96501, 5461267, 0, 0, 0
96601, 7713946, 0, 0, 0
96705, 4950323, 0, 0, 0
96803, 5458519, 0, 0, 0
96901, 5435968, 0, 0, 0
97001, 5267969, 0, 0, 0
97116, 7176669, 0, 0, 0
97204, 5853932, 0, 0, 0
97303, 5461164, 0, 0, 0
97400, 5440260, 0, 0, 0
97501, 5269399, 0, 0, 0
97622, 8107526, 0, 0, 0
97703, 5063824, 0, 0, 0
97801, 4901716, 0, 0, 0
97901, 5246508, 0, 0, 0
98016, 6367805, 0, 0, 0
98112, 6435115, 0, 0, 0
98211, 7020271, 0, 0, 0
98301, 4997847, 0, 0, 0
98400, 5249724, 0, 0, 0
98505, 5484006, 0, 0, 0
98628, 6849202, 0, 0, 0
98709, 5827142, 0, 0, 0
98801, 3259731, 0, 0, 0
98934, 129786589, 0, 0, 0
99001, 6139336, 0, 0, 0
99105, 3701722, 0, 0, 0
99201, 12017065, 0, 0, 0
99300, 4943604, 0, 0, 0
99400, 5561054, 0, 0, 0
99511, 6534819, 0, 0, 0
99600, 4669154, 0, 0, 0
99701, 4804123, 0, 0, 0
99800, 4939862, 0, 0, 0
99922, 6448899, 0, 0, 0
100001, 5238656, 0, 0, 0
100100, 4935353, 0, 0, 0
100200, 5561693, 0, 0, 0
100300, 5561212, 0, 0, 0
100400, 7675716, 0, 0, 0
100521, 8642134, 0, 0, 0
100602, 5827960, 0, 0, 0
100734, 9400443, 0, 0, 0
100808, 6148782, 0, 0, 0
100900, 5409539, 0, 0, 0
101004, 6972182, 0, 0, 0
101102, 4051589, 0, 0, 0
101201, 24902301, 0, 0, 0
101301, 5250300, 0, 0, 0
101400, 12407819, 0, 0, 0
101505, 6970826, 0, 0, 0
101603, 4071121, 0, 0, 0
101700, 4053806, 0, 0, 0
101805, 4054136, 0, 0, 0
101903, 4053766, 0, 0, 0
102000, 4053410, 0, 0, 0
102106, 4055841, 0, 0, 0
102203, 4054853, 0, 0, 0
102300, 4055609, 0, 0, 0
102400, 3982865, 0, 0, 0
102506, 4405610, 0, 0, 0
102628, 40904690, 0, 0, 0
102711, 6845012, 0, 0, 0
102800, 5608346, 0, 0, 0
102900, 5224662, 0, 0, 0
103004, 5481665, 0, 0, 0
103103, 6153592, 0, 0, 0
103234, 8214010, 0, 0, 0
103308, 5261170, 0, 0, 0
103406, 5439621, 0, 0, 0
103504, 5439265, 0, 0, 0
103602, 5459244, 0, 0, 0
103725, 6826372, 0, 0, 0
103816, 6474145, 0, 0, 0
103905, 5585236, 0, 0, 0
104003, 5434606, 0, 0, 0
104101, 5457885, 0, 0, 0
104201, 5249424, 0, 0, 0
104314, 7554796, 0, 0, 0
104405, 6452130, 0, 0, 0
104502, 5416921, 0, 0, 0
104617, 6386276, 0, 0, 0
104700, 3442250, 0, 0, 0
104801, 3762032, 0, 0, 0
104905, 3701413, 0, 0, 0
105026, 4672834, 0, 0, 0
105112, 5044453, 0, 0, 0
105205, 5792000, 0, 0, 0
105302, 5106935, 0, 0, 0
105401, 4962349, 0, 0, 0
105501, 5539583, 0, 0, 0
105600, 4961134, 0, 0, 0
105711, 6532023, 0, 0, 0
105801, 5267322, 0, 0, 0
105900, 4961009, 0, 0, 0
106001, 4783438, 0, 0, 0
106103, 11319487, 0, 0, 0
106202, 5536764, 0, 0, 0
106300, 5437933, 0, 0, 0
106401, 7747106, 0, 0, 0
106531, 7633069, 0, 0, 0
106604, 7366155, 0, 0, 0
106702, 4053798, 0, 0, 0
106824, 6131793, 0, 0, 0
106907, 5870796, 0, 0, 0
107004, 5423338, 0, 0, 0
107102, 5437666, 0, 0, 0
107201, 6152858, 0, 0, 0
107300, 5251865, 0, 0, 0
107422, 7159162, 0, 0, 0
107504, 5834342, 0, 0, 0
107601, 5416592, 0, 0, 0
107700, 5459277, 0, 0, 0
107835, 7973927, 0, 0, 0
107904, 4062265, 0, 0, 0
108002, 4051940, 0, 0, 0
108133, 8214172, 0, 0, 0
108215, 5855273, 0, 0, 0
108305, 5609850, 0, 0, 0
108403, 5459911, 0, 0, 0
108501, 5438419, 0, 0, 0
108626, 6571248, 0, 0, 0
108714, 5876857, 0, 0, 0
108804, 5606266, 0, 0, 0
108902, 5437197, 0, 0, 0
109000, 4899320, 0, 0, 0
109101, 14468746, 0, 0, 0
109205, 5483090, 0, 0, 0
109321, 7196124, 0, 0, 0
109413, 6127404, 0, 0, 0
109500, 5853597, 0, 0, 0
109615, 6386873, 0, 0, 0
109705, 5605077, 0, 0, 0
109828, 6846111, 0, 0, 0
109912, 5566737, 0, 0, 0
110000, 5852490, 0, 0, 0
110100, 5267677, 0, 0, 0
110204, 5482850, 0, 0, 0
110327, 6849873, 0, 0, 0
110403, 3773151, 0, 0, 0
110504, 4451733, 0, 0, 0
110600, 3700161, 0, 0, 0
110704, 3701351, 0, 0, 0
110800, 3699287, 0, 0, 0
110904, 3701072, 0, 0, 0
111011, 5356137, 0, 0, 0
111101, 4091374, 0, 0, 0
111205, 3702379, 0, 0, 0
111328, 5591408, 0, 0, 0
111412, 5268082, 0, 0, 0
111504, 5075254, 0, 0, 0
111603, 5864140, 0, 0, 0
111704, 4007857, 0, 0, 0
111802, 4448119, 0, 0, 0
111918, 6859952, 0, 0, 0
112006, 5851510, 0, 0, 0
112105, 7050384, 0, 0, 0
112203, 5434806, 0, 0, 0
112301, 5461440, 0, 0, 0
112401, 5247805, 0, 0, 0
112524, 7724386, 0, 0, 0
112648, 8803982, 0, 0, 0
112728, 6154206, 0, 0, 0
112810, 5858663, 0, 0, 0
112902, 6120656, 0, 0, 0
113006, 5474393, 0, 0, 0
113103, 5438123, 0, 0, 0
113201, 5436623, 0, 0, 0
113325, 6874388, 0, 0, 0
113409, 5596531, 0, 0, 0
113505, 5618329, 0, 0, 0
113603, 5437620, 0, 0, 0
113701, 5437329, 0, 0, 0
113826, 6587556, 0, 0, 0
113908, 5877956, 0, 0, 0
114004, 5621221, 0, 0, 0
114102, 6129446, 0, 0, 0
114200, 5438343, 0, 0, 0
114300, 5268879, 0, 0, 0
114416, 7230489, 0, 0, 0
114503, 5826724, 0, 0, 0
114601, 5436607, 0, 0, 0
114701, 5268422, 0, 0, 0
114805, 5481875, 0, 0, 0
114928, 7686908, 0, 0, 0
115018, 5633219, 0, 0, 0
115100, 5827720, 0, 0, 0
115200, 5268786, 0, 0, 0
115304, 5482275, 0, 0, 0
115403, 12361301, 0, 0, 0
115501, 4903528, 0, 0, 0
115601, 5248605, 0, 0, 0
115715, 7577475, 0, 0, 0
115804, 5582499, 0, 0, 0
115902, 5435484, 0, 0, 0
116000, 5457743, 0, 0, 0
116176, 9052268, 0, 0, 0
116203, 3944580, 0, 0, 0
116302, 4942099, 0, 0, 0
116427, 6951920, 0, 0, 0
116512, 5269959, 0, 0, 0
116604, 5452387, 0, 0, 0
116701, 4216396, 0, 0, 0
116801, 4329962, 0, 0, 0
116900, 4958672, 0, 0, 0
117030, 6171933, 0, 0, 0
117108, 5239147, 0, 0, 0
117205, 4578996, 0, 0, 0
117304, 4961638, 0, 0, 0
117403, 4941988, 0, 0, 0
117520, 6488633, 0, 0, 0
117604, 5268362, 0, 0, 0
117703, 5473088, 0, 0, 0
117800, 5435870, 0, 0, 0
117901, 5266949, 0, 0, 0
118015, 7175881, 0, 0, 0
118145, 8658281, 0, 0, 0
118227, 5827166, 0, 0, 0
118309, 5858144, 0, 0, 0
118401, 5387810, 0, 0, 0
118505, 5482945, 0, 0, 0
118603, 5459503, 0, 0, 0
118720, 6862098, 0, 0, 0
118808, 5851179, 0, 0, 0
118900, 6141341, 0, 0, 0
119004, 5481660, 0, 0, 0
119102, 5459016, 0, 0, 0
119200, 6128914, 0, 0, 0
119323, 6828666, 0, 0, 0
119414, 6481664, 0, 0, 0
119514, 6681632, 0, 0, 0
119602, 5851735, 0, 0, 0
119700, 7016582, 0, 0, 0
119800, 5267434, 0, 0, 0
119905, 5481314, 0, 0, 0
120003, 5436147, 0, 0, 0
120118, 7194885, 0, 0, 0
120202, 5588320, 0, 0, 0
120306, 5482994, 0, 0, 0
120404, 5439810, 0, 0, 0
120502, 5437914, 0, 0, 0
120634, 8239604, 0, 0, 0
120715, 5823643, 0, 0, 0
120805, 5631453, 0, 0, 0
120903, 5435618, 0, 0, 0
121001, 5436313, 0, 0, 0
121100, 7045678, 0, 0, 0
121205, 4055087, 0, 0, 0
121303, 4055777, 0, 0, 0
121401, 5460456, 0, 0, 0
121501, 5249234, 0, 0, 0
121633, 8263407, 0, 0, 0
121704, 5460036, 0, 0, 0
121818, 4762728, 0, 0, 0
121900, 3405303, 0, 0, 0
122009, 35287110, 0, 0, 0
122103, 3775001, 0, 0, 0
122201, 4452423, 0, 0, 0
122300, 4942464, 0, 0, 0
122400, 5561095, 0, 0, 0
122512, 6536513, 0, 0, 0
122601, 5266890, 0, 0, 0
122700, 4960546, 0, 0, 0
122801, 4802921, 0, 0, 0
122925, 6194911, 0, 0, 0
123010, 5266238, 0, 0, 0
123101, 5090471, 0, 0, 0
123200, 4941051, 0, 0, 0
123305, 4983643, 0, 0, 0
123422, 6499912, 0, 0, 0
123504, 5842518, 0, 0, 0
123602, 6130737, 0, 0, 0
123700, 5435319, 0, 0, 0
123800, 5266743, 0, 0, 0
123904, 5481053, 0, 0, 0
124012, 7234374, 0, 0, 0
124101, 5879018, 0, 0, 0
124200, 5246616, 0, 0, 0
124305, 5484082, 0, 0, 0
124428, 6851747, 0, 0, 0
124510, 5854012, 0, 0, 0
124601, 4810958, 0, 0, 0
124706, 6137275, 0, 0, 0
124804, 5436134, 0, 0, 0
124927, 6823615, 0, 0, 0
125009, 5856414, 0, 0, 0
125101, 5408325, 0, 0, 0
125205, 5483122, 0, 0, 0
125303, 5439148, 0, 0, 0
125418, 7223950, 0, 0, 0
125501, 5542017, 0, 0, 0
125600, 5452881, 0, 0, 0
125704, 5482291, 0, 0, 0
125802, 5434961, 0, 0, 0
125916, 7169342, 0, 0, 0
126000, 4917556, 0, 0, 0
126104, 5482981, 0, 0, 0
126203, 5459698, 0, 0, 0
126361, 8326125, 0, 0, 0
126400, 4309681, 0, 0, 0
126523, 6826207, 0, 0, 0
126605, 5855647, 0, 0, 0
126716, 6988816, 0, 0, 0
126800, 4194421, 0, 0, 0
126900, 4757098, 0, 0, 0
127004, 5479520, 0, 0, 0
127128, 6850094, 0, 0, 0
127210, 5848812, 0, 0, 0
127301, 5369757, 0, 0, 0
127405, 5484767, 0, 0, 0
127504, 5460555, 0, 0, 0
127626, 6826285, 0, 0, 0
127700, 3482790, 0, 0, 0
127859, 19522965, 0, 0, 0
127900, 20300854, 0, 0, 0
128004, 4980059, 0, 0, 0
128103, 4939542, 0, 0, 0
128230, 6678771, 0, 0, 0
128313, 5513474, 0, 0, 0
128404, 5066749, 0, 0, 0
128523, 8467721, 0, 0, 0
128600, 4565758, 0, 0, 0
128700, 4959597, 0, 0, 0
128804, 4980206, 0, 0, 0
128903, 4938288, 0, 0, 0
129020, 6485862, 0, 0, 0
129104, 5268927, 0, 0, 0
129203, 4940147, 0, 0, 0
129302, 4962025, 0, 0, 0
129404, 5079181, 0, 0, 0
129521, 7818638, 0, 0, 0
129603, 5880477, 0, 0, 0
129708, 8021909, 0, 0, 0
129800, 5408749, 0, 0, 0
129904, 5480967, 0, 0, 0
130002, 5436096, 0, 0, 0
130117, 7192168, 0, 0, 0
130200, 5563206, 0, 0, 0
130305, 5484924, 0, 0, 0
130403, 5460314, 0, 0, 0
130501, 5437925, 0, 0, 0
130616, 7173395, 0, 0, 0
130748, 9426532, 0, 0, 0
130813, 5423017, 0, 0, 0
130903, 5631824, 0, 0, 0
131001, 5434856, 0, 0, 0
131100, 7071501, 0, 0, 0
131205, 4042775, 0, 0, 0
131302, 4054324, 0, 0, 0
131402, 12407262, 0, 0, 0
131500, 5440037, 0, 0, 0
131625, 6589944, 0, 0, 0
131713, 5850985, 0, 0, 0
131802, 4971702, 0, 0, 0
131900, 4882556, 0, 0, 0
132000, 4756614, 0, 0, 0
132104, 4951211, 0, 0, 0
132227, 6828068, 0, 0, 0
132309, 5858147, 0, 0, 0
132401, 5410467, 0, 0, 0
132505, 5483543, 0, 0, 0
132604, 16508982, 0, 0, 0
132702, 5457004, 0, 0, 0
132800, 6128463, 0, 0, 0
132901, 5896188, 0, 0, 0
133005, 5481863, 0, 0, 0
133122, 7819374, 0, 0, 0
133210, 5851575, 0, 0, 0
133300, 5608462, 0, 0, 0
133400, 5270176, 0, 0, 0
133504, 5483612, 0, 0, 0
133619, 7195124, 0, 0, 0
133751, 9400613, 0, 0, 0
133802, 3651469, 0, 0, 0
133904, 7065242, 0, 0, 0
134004, 4958866, 0, 0, 0
134102, 4940888, 0, 0, 0
134219, 6495511, 0, 0, 0
134304, 5260745, 0, 0, 0
134402, 4941905, 0, 0, 0
134501, 4941141, 0, 0, 0
134601, 4961554, 0, 0, 0
134724, 6190621, 0, 0, 0
134804, 5278454, 0, 0, 0
134900, 5094676, 0, 0, 0
135000, 4329895, 0, 0, 0
135130, 6171685, 0, 0, 0
135209, 5268086, 0, 0, 0
135300, 5070014, 0, 0, 0
135403, 5421815, 0, 0, 0
135501, 5438034, 0, 0, 0
135624, 6849290, 0, 0, 0
135715, 6447369, 0, 0, 0
135804, 5607646, 0, 0, 0
135902, 5436009, 0, 0, 0
136000, 5435862, 0, 0, 0
136100, 5268617, 0, 0, 0
136213, 7525668, 0, 0, 0
136303, 5635390, 0, 0, 0
136401, 5438706, 0, 0, 0
136502, 5270716, 0, 0, 0
136625, 6830172, 0, 0, 0
136707, 5885902, 0, 0, 0
136802, 5014803, 0, 0, 0
136900, 4054436, 0, 0, 0
137015, 6380634, 0, 0, 0
137104, 5610057, 0, 0, 0
137202, 5435884, 0, 0, 0
137300, 5439462, 0, 0, 0
137400, 5271413, 0, 0, 0
137513, 7528280, 0, 0, 0
137603, 5605818, 0, 0, 0
137701, 5459160, 0, 0, 0
137801, 5246630, 0, 0, 0
137922, 6358419, 0, 0, 0
138006, 5593984, 0, 0, 0
138102, 6406848, 0, 0, 0
138200, 5458159, 0, 0, 0
138300, 5249857, 0, 0, 0
138429, 6800818, 0, 0, 0
138520, 6480992, 0, 0, 0
138620, 6680433, 0, 0, 0
138710, 5606901, 0, 0, 0
138800, 6450453, 0, 0, 0
138904, 5474630, 0, 0, 0
139002, 5437201, 0, 0, 0
139100, 5435055, 0, 0, 0
139215, 7197882, 0, 0, 0
139305, 5608709, 0, 0, 0
139403, 5460782, 0, 0, 0
139502, 6130952, 0, 0, 0
139859, 12216873, 0, 0, 0
139903, 4816684, 0, 0, 0
140001, 3624377, 0, 0, 0
140119, 4393743, 0, 0, 0
140204, 5290307, 0, 0, 0
140302, 4925331, 0, 0, 0
140401, 4941852, 0, 0, 0
140501, 4962478, 0, 0, 0
140627, 7872701, 0, 0, 0
140711, 5267122, 0, 0, 0
140806, 6349976, 0, 0, 0
140903, 5104502, 0, 0, 0
141002, 4939680, 0, 0, 0
141101, 4960387, 0, 0, 0
141202, 6313863, 0, 0, 0
141304, 4605515, 0, 0, 0
141402, 5460876, 0, 0, 0
141500, 5439316, 0, 0, 0
141600, 5268202, 0, 0, 0
141713, 7525280, 0, 0, 0
141803, 4972129, 0, 0, 0
141900, 4883074, 0, 0, 0
142000, 5267912, 0, 0, 0
142105, 6968725, 0, 0, 0
142203, 5460463, 0, 0, 0
142302, 12357544, 0, 0, 0
142400, 5460956, 0, 0, 0
142524, 6847551, 0, 0, 0
142606, 5854734, 0, 0, 0
142703, 5415944, 0, 0, 0
142801, 5437635, 0, 0, 0
142901, 5265982, 0, 0, 0
143031, 7607967, 0, 0, 0
143113, 5857106, 0, 0, 0
143202, 5606706, 0, 0, 0
143300, 5439657, 0, 0, 0
143401, 5269353, 0, 0, 0
143530, 7634845, 0, 0, 0
143612, 5854186, 0, 0, 0
143702, 5584267, 0, 0, 0
143800, 5435693, 0, 0, 0
143900, 5266657, 0, 0, 0
144029, 6797589, 0, 0, 0
144111, 5830230, 0, 0, 0
144201, 5628951, 0, 0, 0
144301, 5271237, 0, 0, 0
144405, 5484611, 0, 0, 0
144520, 7171150, 0, 0, 0
144601, 5086908, 0, 0, 0
144700, 6152250, 0, 0, 0
144800, 5248320, 0, 0, 0
144904, 5501035, 0, 0, 0
145021, 6861053, 0, 0, 0
145109, 5852367, 0, 0, 0
145201, 5410796, 0, 0, 0
145305, 5483468, 0, 0, 0
145403, 5442461, 0, 0, 0
145501, 4897906, 0, 0, 0
145693, 8979206, 0, 0, 0
145700, 3639525, 0, 0, 0
145802, 3761195, 0, 0, 0
145900, 3638754, 0, 0, 0
146001, 3761676, 0, 0, 0
146131, 4606545, 0, 0, 0
146215, 5249534, 0, 0, 0
146300, 6083328, 0, 0, 0
146400, 4786037, 0, 0, 0
146500, 4963120, 0, 0, 0
146629, 6170545, 0, 0, 0
146714, 5268521, 0, 0, 0
146804, 4521176, 0, 0, 0
146902, 4468822, 0, 0, 0
147004, 5076529, 0, 0, 0
147102, 5459597, 0, 0, 0
147217, 7192832, 0, 0, 0
147301, 4900267, 0, 0, 0
147405, 5483841, 0, 0, 0
147503, 5438932, 0, 0, 0
147626, 6847822, 0, 0, 0
147708, 5827051, 0, 0, 0
147800, 5408651, 0, 0, 0
147904, 5480107, 0, 0, 0
148002, 4883483, 0, 0, 0
148110, 6395607, 0, 0, 0
148200, 5601481, 0, 0, 0
148304, 5484084, 0, 0, 0
148403, 5460818, 0, 0, 0
148501, 5438317, 0, 0, 0
148651, 8848249, 0, 0, 0
148706, 4201611, 0, 0, 0
148805, 16565202, 0, 0, 0
148903, 4882897, 0, 0, 0
149002, 16563936, 0, 0, 0
149100, 5437162, 0, 0, 0
149201, 11243856, 0, 0, 0
149300, 6148811, 0, 0, 0
149404, 5483775, 0, 0, 0
149502, 5437912, 0, 0, 0
149600, 7019100, 0, 0, 0
149715, 6384790, 0, 0, 0
149805, 5606179, 0, 0, 0
149903, 7041534, 0, 0, 0
150001, 5438112, 0, 0, 0
150100, 5458287, 0, 0, 0
150231, 6551463, 0, 0, 0
150312, 5829057, 0, 0, 0
150402, 5634749, 0, 0, 0
150500, 5438340, 0, 0, 0
150601, 5269646, 0, 0, 0
150730, 6796172, 0, 0, 0
150811, 5825252, 0, 0, 0
150901, 5631954, 0, 0, 0
151001, 5246736, 0, 0, 0
151105, 5482980, 0, 0, 0
151204, 6185018, 0, 0, 0
151301, 4033363, 0, 0, 0
151484, 7193362, 0, 0, 0
151505, 4024764, 0, 0, 0
151603, 4452588, 0, 0, 0
151703, 5559196, 0, 0, 0
151804, 6307908, 0, 0, 0
151917, 4737956, 0, 0, 0
152002, 5268563, 0, 0, 0
152101, 4939938, 0, 0, 0
152200, 4960716, 0, 0, 0
152300, 4786609, 0, 0, 0
152424, 7264004, 0, 0, 0
152508, 5266865, 0, 0, 0
152628, 8018343, 0, 0, 0
152711, 5473530, 0, 0, 0
152802, 5095490, 0, 0, 0
152901, 4940806, 0, 0, 0
153004, 5127866, 0, 0, 0
153121, 6886971, 0, 0, 0
153225, 6963228, 0, 0, 0
153307, 5857848, 0, 0, 0
153406, 7019551, 0, 0, 0
153503, 4885126, 0, 0, 0
153619, 11573390, 0, 0, 0
153743, 10318465, 0, 0, 0
153816, 6116129, 0, 0, 0
153900, 5586820, 0, 0, 0
154005, 5482199, 0, 0, 0
154102, 5436200, 0, 0, 0
154201, 5459824, 0, 0, 0
154309, 7237858, 0, 0, 0
154406, 5666869, 0, 0, 0
154504, 6132450, 0, 0, 0
154602, 5436691, 0, 0, 0
154700, 5457497, 0, 0, 0
154815, 7192701, 0, 0, 0
154915, 6680491, 0, 0, 0
155003, 5850167, 0, 0, 0
155101, 5459174, 0, 0, 0
155217, 11535789, 0, 0, 0
155307, 5634378, 0, 0, 0
155405, 4883955, 0, 0, 0
155503, 6131005, 0, 0, 0
155601, 5459103, 0, 0, 0
155724, 6825198, 0, 0, 0
155806, 5856378, 0, 0, 0
155904, 5433459, 0, 0, 0
156002, 5436840, 0, 0, 0
156100, 5458345, 0, 0, 0
156217, 6864509, 0, 0, 0
156305, 5881929, 0, 0, 0
156403, 5438229, 0, 0, 0
156501, 5439814, 0, 0, 0
156601, 5269017, 0, 0, 0
156714, 7550043, 0, 0, 0
156811, 6046316, 0, 0, 0
156902, 4531298, 0, 0, 0
157001, 4739381, 0, 0, 0
157100, 5458481, 0, 0, 0
157204, 5482498, 0, 0, 0
157302, 6130727, 0, 0, 0
157400, 2877198, 0, 0, 0
157502, 3763427, 0, 0, 0
157600, 3640499, 0, 0, 0
157702, 3762283, 0, 0, 0
157800, 3624580, 0, 0, 0
157902, 3775828, 0, 0, 0
158005, 3701654, 0, 0, 0
158100, 5548675, 0, 0, 0
158203, 4508887, 0, 0, 0
158319, 5776371, 0, 0, 0
158403, 5269835, 0, 0, 0
158503, 4961607, 0, 0, 0
158608, 9581604, 0, 0, 0
158703, 5010260, 0, 0, 0
158801, 5435933, 0, 0, 0
158901, 5268033, 0, 0, 0
159022, 7118512, 0, 0, 0
159104, 5855006, 0, 0, 0
159202, 5438967, 0, 0, 0
159300, 5438522, 0, 0, 0
159400, 5270497, 0, 0, 0
159505, 6140277, 0, 0, 0
159603, 5438162, 0, 0, 0
159701, 6153463, 0, 0, 0
159801, 5246781, 0, 0, 0
159923, 7162430, 0, 0, 0
160006, 5543056, 0, 0, 0
160102, 5642485, 0, 0, 0
160200, 5458944, 0, 0, 0
160300, 5250957, 0, 0, 0
160421, 7147085, 0, 0, 0
160503, 5827376, 0, 0, 0
160601, 5437438, 0, 0, 0
160701, 5269104, 0, 0, 0
160805, 5480862, 0, 0, 0
160931, 7375013, 0, 0, 0
161019, 5877566, 0, 0, 0
161100, 5800104, 0, 0, 0
161200, 6686875, 0, 0, 0
161304, 4153670, 0, 0, 0
161402, 4885799, 0, 0, 0
161500, 4905059, 0, 0, 0
161615, 7171165, 0, 0, 0
161705, 5607067, 0, 0, 0
161803, 5458213, 0, 0, 0
161901, 7040917, 0, 0, 0
162001, 3967277, 0, 0, 0
162130, 6141713, 0, 0, 0
162212, 5854777, 0, 0, 0
162301, 5609761, 0, 0, 0
162401, 5250230, 0, 0, 0
162505, 5484709, 0, 0, 0
162604, 8237810, 0, 0, 0
162704, 16571218, 0, 0, 0
162800, 4389489, 0, 0, 0
163259, 19822949, 0, 0, 0
163302, 3866383, 0, 0, 0
163400, 10866509, 0, 0, 0
163502, 11326535, 0, 0, 0
163600, 4469859, 0, 0, 0
163701, 4784970, 0, 0, 0
163800, 4959205, 0, 0, 0
163907, 7169092, 0, 0, 0
164001, 4898039, 0, 0, 0
164100, 4960342, 0, 0, 0
164200, 5540754, 0, 0, 0
164321, 5790266, 0, 0, 0
164406, 5271135, 0, 0, 0
164504, 4945291, 0, 0, 0
164603, 4941656, 0, 0, 0
164700, 4044155, 0, 0, 0
164821, 6694165, 0, 0, 0
164921, 6681957, 0, 0, 0
165001, 6152441, 0, 0, 0
165101, 5249226, 0, 0, 0
165205, 6140449, 0, 0, 0
165303, 5438601, 0, 0, 0
165427, 6862708, 0, 0, 0
165510, 5553594, 0, 0, 0
165600, 5627527, 0, 0, 0
165705, 6138833, 0, 0, 0
165803, 5436557, 0, 0, 0
165901, 5456874, 0, 0, 0
166024, 6825691, 0, 0, 0
166106, 5855967, 0, 0, 0
166204, 7019094, 0, 0, 0
166302, 5438370, 0, 0, 0
166400, 5461284, 0, 0, 0
166500, 5248278, 0, 0, 0
166630, 7634095, 0, 0, 0
166711, 5827076, 0, 0, 0
166802, 5631482, 0, 0, 0
166908, 6669023, 0, 0, 0
167005, 4038310, 0, 0, 0
167103, 4884405, 0, 0, 0
167227, 6860753, 0, 0, 0
167308, 5813628, 0, 0, 0
167400, 4832289, 0, 0, 0
167504, 5482148, 0, 0, 0
167602, 5439105, 0, 0, 0
167725, 7716043, 0, 0, 0
167807, 5824149, 0, 0, 0
167905, 5458920, 0, 0, 0
168003, 5435143, 0, 0, 0
168101, 4883911, 0, 0, 0
168212, 10109021, 0, 0, 0
168323, 5818763, 0, 0, 0
168405, 5858104, 0, 0, 0
168503, 5438008, 0, 0, 0
168601, 5437271, 0, 0, 0
168701, 5900046, 0, 0, 0
168817, 7225123, 0, 0, 0
168904, 5822833, 0, 0, 0
169001, 3238727, 0, 0, 0
169210, 12064510, 0, 0, 0
169304, 3774873, 0, 0, 0
169400, 3701150, 0, 0, 0
169504, 3702544, 0, 0, 0
169600, 3700188, 0, 0, 0
169704, 3688090, 0, 0, 0
169802, 4469107, 0, 0, 0
169910, 5999039, 0, 0, 0
170002, 5095362, 0, 0, 0
170100, 4940693, 0, 0, 0
170200, 4961776, 0, 0, 0
170324, 6209245, 0, 0, 0
170408, 5249986, 0, 0, 0
170504, 5324884, 0, 0, 0
170602, 5459224, 0, 0, 0
170700, 6128762, 0, 0, 0
170800, 5266617, 0, 0, 0
170913, 7524357, 0, 0, 0
171003, 5606224, 0, 0, 0
171101, 5458903, 0, 0, 0
171201, 5248859, 0, 0, 0
171300, 7048541, 0, 0, 0
171412, 5360249, 0, 0, 0
171502, 5595606, 0, 0, 0
171600, 5437712, 0, 0, 0
171700, 5267315, 0, 0, 0
171846, 7674069, 0, 0, 0
171928, 5855360, 0, 0, 0
172001, 5230779, 0, 0, 0
172126, 5445023, 0, 0, 0
172214, 5825771, 0, 0, 0
172304, 5632694, 0, 0, 0
172402, 5440418, 0, 0, 0
172500, 5438063, 0, 0, 0
172600, 5269176, 0, 0, 0
172704, 6138564, 0, 0, 0
172819, 7171832, 0, 0, 0
172901, 5851548, 0, 0, 0
173001, 5245948, 0, 0, 0
173105, 5483131, 0, 0, 0
173203, 5458654, 0, 0, 0
173335, 9404734, 0, 0, 0
173417, 5855404, 0, 0, 0
173515, 7020239, 0, 0, 0
173605, 5632726, 0, 0, 0
173703, 5436296, 0, 0, 0
173801, 5435046, 0, 0, 0
173901, 5267379, 0, 0, 0
174023, 8080950, 0, 0, 0
174105, 5853825, 0, 0, 0
174202, 5438362, 0, 0, 0
174300, 5438796, 0, 0, 0
174401, 5270497, 0, 0, 0
174522, 7121564, 0, 0, 0
174604, 5882744, 0, 0, 0
174702, 3246804, 0, 0, 0
174802, 4039716, 0, 0, 0
174901, 4938754, 0, 0, 0
175005, 3700546, 0, 0, 0
175101, 3700183, 0, 0, 0
175205, 3702461, 0, 0, 0
175301, 3701493, 0, 0, 0
175401, 4332002, 0, 0, 0
175500, 4962045, 0, 0, 0
175605, 4980924, 0, 0, 0
175720, 5793726, 0, 0, 0
175804, 5242170, 0, 0, 0
175905, 6307374, 0, 0, 0
176000, 5552950, 0, 0, 0
176103, 5449984, 0, 0, 0
176201, 5437632, 0, 0, 0
176300, 5460835, 0, 0, 0
176408, 7237435, 0, 0, 0
176504, 5666273, 0, 0, 0
176603, 7018319, 0, 0, 0
176701, 5437229, 0, 0, 0
176801, 5266979, 0, 0, 0
176930, 6795570, 0, 0, 0
177004, 5260763, 0, 0, 0
177118, 4756364, 0, 0, 0
177201, 5556310, 0, 0, 0
177306, 5499563, 0, 0, 0
177404, 5439170, 0, 0, 0
177502, 5439377, 0, 0, 0
177667, 10336167, 0, 0, 0
177701, 3794287, 0, 0, 0
177822, 7119002, 0, 0, 0
177904, 5828617, 0, 0, 0
178029, 8369092, 0, 0, 0
178103, 5286103, 0, 0, 0
178201, 5411927, 0, 0, 0
178305, 5485138, 0, 0, 0
178403, 5438456, 0, 0, 0
178527, 7718719, 0, 0, 0
178600, 4567543, 0, 0, 0
178700, 5267665, 0, 0, 0
178804, 5482393, 0, 0, 0
178968, 9139151, 0, 0, 0
179001, 4066530, 0, 0, 0
179101, 5270166, 0, 0, 0
179200, 16503894, 0, 0, 0
179304, 5485811, 0, 0, 0
179428, 6861648, 0, 0, 0
179510, 5840294, 0, 0, 0
179600, 5612097, 0, 0, 0
179700, 5874412, 0, 0, 0
179803, 4950170, 0, 0, 0
179902, 5458122, 0, 0, 0
180001, 16501723, 0, 0, 0
