time,total,used,free,available
1731942667 63584 458 61986 62483
1731942668 63584 461 61983 62480
1731942669 63584 463 61981 62477
1731942670 63584 464 61980 62476
1731942671 63584 465 61979 62475
1731942672 63584 466 61978 62474
1731942673 63584 467 61977 62473
1731942674 63584 468 61977 62473
1731942675 63584 469 61975 62472
1731942676 63584 470 61974 62470
1731942677 63584 471 61973 62470
1731942678 63584 472 61972 62469
1731942679 63584 472 61972 62468
1731942680 63584 473 61971 62467
1731942681 63584 474 61970 62466
1731942682 63584 475 61969 62465
1731942683 63584 476 61968 62465
1731942684 63584 473 61971 62467
1731942685 63584 474 61971 62467
1731942686 63584 474 61970 62466
1731942687 63584 475 61970 62466
1731942688 63584 468 61976 62472
1731942689 63584 469 61975 62471
1731942690 63584 469 61975 62471
1731942691 63584 470 61974 62471
1731942692 63584 471 61974 62470
1731942693 63584 471 61973 62469
1731942694 63584 472 61972 62468
1731942695 63584 466 61978 62475
1731942696 63584 467 61977 62473
1731942697 63584 468 61976 62473
1731942698 63584 469 61975 62472
1731942699 63584 470 61974 62471
1731942700 63584 471 61974 62470
1731942701 63584 471 61973 62469
1731942702 63584 472 61972 62468
1731942703 63584 473 61971 62467
1731942704 63584 474 61970 62466
1731942705 63584 475 61970 62466
1731942706 63584 476 61968 62465
1731942707 63584 477 61967 62464
1731942708 63584 477 61967 62463
1731942709 63584 479 61966 62462
1731942710 63584 479 61965 62461
1731942711 63584 1002 61324 61939
1731942712 63584 1625 60297 61314
1731942713 63584 2586 58891 60353
1731942714 63584 3825 56951 59114
1731942715 63584 4511 55618 58426
1731942716 63584 5231 54495 57705
1731942717 63584 6040 53223 56895
1731942718 63584 6926 51898 56009
1731942719 63584 7782 50618 55152
1731942720 63584 8697 49281 54236
1731942721 63584 9690 47874 53242
1731942722 63584 10365 46828 52567
1731942723 63584 11497 44944 51434
1731942724 63584 12420 43212 50509
1731942725 63584 14307 40409 48621
1731942726 63584 14625 39216 48301
1731942728 63584 14626 38610 48299
1731942729 63584 14556 38047 48369
1731942730 63584 15220 36964 47703
1731942731 63584 15879 35884 47044
1731942732 63584 16561 34759 46361
1731942733 63584 16528 34238 46393
1731942734 63584 17139 33205 45781
1731942735 63584 17681 32357 45239
1731942736 63584 18331 31406 44588
1731942737 63584 18668 30793 44250
1731942738 63584 18208 30577 44710
1731942739 63584 17976 29424 44940
1731942740 63584 17875 29007 45039
1731942741 63584 17906 28103 45008
1731942742 63584 17901 28104 45012
1731942743 63584 17889 28116 45024
1731942744 63584 17891 28114 45022
1731942745 63584 17892 28113 45021
1731942746 63584 17129 28882 45787
1731942747 63584 17129 28881 45787
1731942748 63584 17130 28880 45786
1731942749 63584 17132 28879 45784
1731942750 63584 17133 28878 45783
1731942751 63584 16867 29144 46049
1731942752 63584 16868 29142 46048
1731942753 63584 16869 29141 46047
1731942754 63584 16869 29141 46046
1731942755 63584 16863 29147 46052
1731942756 63584 16865 29146 46051
1731942757 63584 16865 29145 46050
1731942758 63584 16859 29152 46057
1731942759 63584 16860 29151 46056
1731942760 63584 16861 29149 46055
1731942761 63584 16862 29149 46054
1731942762 63584 16863 29148 46053
1731942763 63584 16864 29147 46052
1731942764 63584 16865 29146 46051
1731942765 63584 16865 29145 46051
1731942766 63584 16866 29144 46050
1731942767 63584 16867 29143 46049
1731942768 63584 16870 29141 46046
1731942769 63584 16871 29140 46045
1731942770 63584 16865 29146 46051
1731942771 63584 16866 29145 46050
1731942772 63584 16867 29144 46049
1731942773 63584 16868 29142 46048
1731942774 63584 16870 29141 46046
1731942775 63584 16870 29140 46046
1731942776 63584 16865 29146 46051
1731942777 63584 16865 29145 46051
1731942778 63584 16866 29144 46050
1731942779 63584 16867 29143 46049
1731942780 63584 16868 29143 46048
1731942781 63584 16869 29142 46047
1731942782 63584 16870 29141 46046
1731942783 63584 16871 29140 46045
1731942784 63584 16871 29139 46044
1731942785 63584 16872 29138 46044
1731942786 63584 16873 29137 46043
1731942787 63584 16874 29136 46042
1731942788 63584 16875 29135 46041
1731942789 63584 16876 29134 46040
1731942790 63584 16877 29134 46039
1731942791 63584 16878 29133 46038
1731942792 63584 16878 29132 46038
1731942793 63584 16879 29131 46037
1731942794 63584 16873 29138 46043
1731942795 63584 16874 29136 46042
1731942796 63584 16875 29135 46041
1731942797 63584 16876 29134 46040
1731942798 63584 16877 29133 46039
1731942799 63584 16877 29133 46039
1731942800 63584 16879 29132 46037
1731942801 63584 16872 29138 46044
1731942802 63584 16873 29138 46043
1731942803 63584 16874 29136 46042
1731942804 63584 16867 29143 46049
1731942805 63584 16869 29142 46047
1731942806 63584 16870 29141 46046
1731942807 63584 16870 29140 46046
1731942808 63584 16864 29147 46052
1731942809 63584 16865 29145 46051
1731942810 63584 16866 29144 46050
1731942811 63584 16860 29151 46056
1731942812 63584 16861 29150 46055
1731942813 63584 16862 29149 46054
1731942814 63584 16862 29148 46054
1731942815 63584 16863 29147 46053
1731942816 63584 16864 29147 46052
1731942817 63584 16865 29146 46051
1731942818 63584 16866 29145 46050
1731942819 63584 16859 29151 46057
1731942820 63584 16860 29150 46056
1731942821 63584 16860 29150 46055
1731942822 63584 16862 29148 46054
1731942823 63584 16863 29147 46053
1731942824 63584 16864 29147 46052
1731942826 63584 16864 29146 46051
1731942827 63584 16865 29145 46051
1731942828 63584 16866 29144 46050
1731942829 63584 16867 29143 46049
1731942830 63584 16868 29142 46048
1731942831 63584 16869 29142 46047
1731942832 63584 16870 29141 46046
1731942833 63584 16871 29140 46045
1731942834 63584 16864 29146 46052
1731942835 63584 16865 29145 46051
1731942836 63584 16866 29144 46050
1731942837 63584 16867 29143 46049
1731942838 63584 16868 29142 46048
1731942839 63584 16869 29142 46047
1731942840 63584 16862 29148 46054
1731942841 63584 16864 29147 46052
1731942842 63584 16864 29146 46052
1731942843 63584 16865 29145 46051
1731942844 63584 16866 29145 46050
1731942845 63584 16867 29144 46049
1731942846 63584 16867 29143 46048
1731942847 63584 16869 29142 46047
1731942848 63584 16869 29141 46046
1731942849 63584 16870 29140 46046
1731942850 63584 16864 29146 46052
1731942851 63584 16865 29145 46051
1731942852 63584 16866 29144 46050
1731942853 63584 16867 29143 46049
1731942854 63584 16868 29142 46048
1731942855 63584 16869 29142 46047
1731942856 63584 16869 29141 46047
1731942857 63584 16870 29141 46046
1731942858 63584 16871 29139 46045
1731942859 63584 16872 29139 46044
1731942860 63584 16873 29138 46043
1731942861 63584 16867 29144 46049
1731942862 63584 16868 29142 46048
1731942863 63584 16868 29142 46047
1731942864 63584 16870 29141 46046
1731942865 63584 16871 29140 46045
1731942866 63584 16871 29139 46045
1731942867 63584 16872 29138 46044
1731942868 63584 16873 29137 46043
1731942869 63584 16874 29136 46042
1731942870 63584 16877 29133 46039
1731942871 63584 16878 29132 46038
1731942872 63584 16879 29131 46037
1731942873 63584 16880 29130 46036
1731942874 63584 16881 29129 46035
1731942875 63584 16882 29128 46034
1731942876 63584 16883 29128 46033
1731942877 63584 16884 29127 46032
1731942878 63584 16884 29126 46032
1731942879 63584 16885 29125 46031
1731942880 63584 16886 29124 46030
1731942881 63584 16887 29123 46029
1731942882 63584 16888 29122 46028
1731942883 63584 16889 29121 46027
1731942884 63584 16882 29128 46034
1731942885 63584 16884 29127 46032
1731942886 63584 16885 29126 46031
1731942887 63584 16885 29125 46031
1731942888 63584 16886 29124 46030
1731942889 63584 16887 29123 46029
1731942890 63584 16881 29130 46035
1731942891 63584 16882 29128 46034
1731942892 63584 16882 29128 46034
1731942893 63584 16883 29127 46033
1731942894 63584 16884 29126 46032
1731942895 63584 16885 29125 46031
1731942896 63584 16879 29131 46037
1731942897 63584 16880 29131 46036
1731942898 63584 16881 29130 46035
1731942899 63584 16882 29129 46034
1731942900 63584 16868 29143 46048
1731942901 63584 16869 29141 46047
1731942902 63584 16870 29141 46046
1731942903 63584 16871 29139 46045
1731942904 63584 16872 29138 46044
1731942905 63584 16873 29138 46043
1731942906 63584 16873 29137 46043
1731942907 63584 16874 29136 46042
1731942908 63584 16868 29143 46048
1731942909 63584 16868 29142 46048
1731942910 63584 16869 29141 46047
1731942911 63584 16870 29140 46046
1731942912 63584 16871 29139 46045
1731942913 63584 16864 29146 46052
1731942914 63584 16866 29145 46050
1731942915 63584 16866 29145 46050
1731942916 63584 16867 29144 46049
1731942917 63584 16867 29143 46049
1731942918 63584 16869 29142 46047
1731942919 63584 16869 29141 46047
1731942920 63584 16870 29140 46046
1731942921 63584 16871 29139 46045
1731942922 63584 16872 29138 46044
1731942923 63584 16873 29138 46044
1731942924 63584 16874 29137 46042
1731942926 63584 16874 29136 46042
1731942927 63584 16875 29135 46041
1731942928 63584 16876 29134 46040
1731942929 63584 16877 29133 46039
1731942930 63584 16878 29132 46038
1731942931 63584 16879 29132 46037
1731942932 63584 16880 29131 46036
1731942933 63584 16881 29130 46035
1731942934 63584 16882 29129 46034
1731942935 63584 16883 29128 46033
1731942936 63584 16876 29135 46040
1731942937 63584 16877 29134 46039
1731942938 63584 16877 29133 46039
1731942939 63584 16877 29133 46039
1731942940 63584 16879 29132 46038
1731942941 63584 16879 29132 46037
1731942942 63584 16880 29131 46036
1731942943 63584 16881 29130 46036
1731942944 63584 16875 29136 46042
1731942945 63584 16876 29135 46040
1731942946 63584 16877 29134 46039
1731942947 63584 16870 29141 46046
1731942948 63584 16864 29147 46052
1731942949 63584 16865 29146 46051
1731942950 63584 16866 29145 46050
1731942951 63584 16867 29144 46049
1731942952 63584 16867 29143 46049
1731942953 63584 16869 29142 46048
1731942954 63584 16869 29141 46047
1731942955 63584 16870 29140 46046
1731942956 63584 16871 29140 46046
1731942957 63584 16872 29138 46044
1731942958 63584 16873 29138 46043
1731942959 63584 16874 29137 46042
1731942960 63584 16874 29136 46042
1731942961 63584 16875 29135 46041
1731942962 63584 16877 29134 46040
1731942963 63584 16877 29134 46039
1731942964 63584 16878 29133 46038
1731942965 63584 16879 29132 46037
1731942966 63584 16880 29131 46036
1731942967 63584 16881 29130 46035
1731942968 63584 16881 29129 46035
1731942969 63584 16875 29136 46041
1731942970 63584 16877 29134 46040
1731942971 63584 16877 29134 46039
1731942972 63584 16878 29132 46038
1731942973 63584 16879 29132 46038
1731942974 63584 16880 29131 46036
1731942975 63584 16874 29137 46043
1731942976 63584 16867 29144 46049
1731942977 63584 16861 29149 46055
1731942978 63584 16878 28990 46038
1731942979 63584 17293 27956 45622
1731942980 63584 17543 27105 45371
1731942981 63584 17905 26070 45008
1731942982 63584 17716 25726 45196
1731942983 63584 18636 24107 44275
1731942984 63584 18614 23466 44296
1731942985 63584 18785 22637 44124
1731942986 63584 18742 22065 44166
1731942987 63584 18779 21388 44128
1731942988 63584 19654 19772 43252
1731942989 63584 20035 18741 42869
1731942990 63584 20832 17353 42072
1731942991 63584 21959 15622 40943
1731942992 63584 21797 15132 41104
1731942993 63584 21679 14635 41221
1731942994 63584 21615 14090 41285
1731942995 63584 21641 13439 41258
1731942996 63584 21607 12885 41290
1731942997 63584 21873 11971 41024
1731942998 63584 22723 10525 40173
1731942999 63584 23739 9088 39156
1731943000 63584 24376 8113 38518
1731943001 63584 24886 7147 38008
1731943002 63584 25351 6224 37542
1731943003 63584 25885 5239 37008
1731943004 63584 26860 3811 36032
1731943005 63584 27634 2531 35258
1731943006 63584 28477 1144 34413
1731943007 63584 28707 457 34183
1731943008 63584 28851 478 34046
1731943009 63584 29145 579 33753
1731943010 63584 29316 594 33582
1731943011 63584 29408 684 33489
1731943012 63584 29559 868 33210
1731943013 63584 29527 780 33368
1731943014 63584 29598 676 33296
1731943015 63584 29661 598 33232
1731943016 63584 29568 724 33195
1731943018 63584 29436 897 33328
1731943019 63584 30495 417 32395
1731943020 63584 30400 439 32490
1731943021 63584 30568 440 32320
1731943022 63584 30739 440 32148
1731943023 63584 31264 487 31623
1731943024 63584 31510 418 31376
1731943025 63584 31706 401 31179
1731943026 63584 32216 431 30669
1731943027 63584 32456 429 30428
