time,bytes_received
1731942667 274807775
1731942668 274807873
1731942669 274807949
1731942670 274807949
1731942671 274808333
1731942672 274808333
1731942673 274808333
1731942674 274808333
1731942675 274809033
1731942676 274809313
1731942677 274809733
1731942678 274810433
1731942679 274810993
1731942680 274811657
1731942681 274812357
1731942682 274812637
1731942683 274813523
1731942684 274818816
1731942685 274819180
1731942686 274819268
1731942687 274819512
1731942688 274820008
1731942689 274820008
1731942690 274820008
1731942691 274820081
1731942692 274820081
1731942693 274820081
1731942694 274820081
1731942695 274820081
1731942696 274820081
1731942697 274820081
1731942698 274820081
1731942699 274820081
1731942700 274820081
1731942701 274820157
1731942702 274820157
1731942703 274820157
1731942704 274820157
1731942705 274820157
1731942706 274820203
1731942707 274820203
1731942708 274820203
1731942709 274820203
1731942710 274820203
1731942711 707078444
1731942712 1089964449
1731942713 1683539024
1731942714 3196051265
1731942715 4379054489
1731942716 4920048272
1731942717 5510827465
1731942718 6066603223
1731942719 6570492843
1731942720 7155604148
1731942721 7781173875
1731942722 8147077624
1731942723 9612533878
1731942724 11311149233
1731942725 13909504492
1731942726 15089910136
1731942728 15771443011
1731942729 16469364829
1731942730 16976959297
1731942731 17434112336
1731942732 17935969289
1731942733 18367112887
1731942734 18919152577
1731942735 19166296942
1731942736 19560015103
1731942737 19871924947
1731942738 20014246459
1731942739 20342733455
1731942740 20923983321
1731942741 21305133758
1731942742 21305133786
1731942743 21308321932
1731942744 21308321932
1731942745 21308322005
1731942746 21308953245
1731942747 21308953245
1731942748 21308953245
1731942749 21308953245
1731942750 21308958474
1731942751 21308958474
1731942752 21308958474
1731942753 21308958474
1731942754 21308958474
1731942755 21308958474
1731942756 21308958474
1731942757 21308958474
1731942758 21308958474
1731942759 21308958474
1731942760 21308958474
1731942761 21308958520
1731942762 21308958520
1731942763 21308958520
1731942764 21308958520
1731942765 21308958520
1731942766 21308958596
1731942767 21308958596
1731942768 21308958596
1731942769 21308958596
1731942770 21308958596
1731942771 21308958596
1731942772 21308958596
1731942773 21308958596
1731942774 21308958596
1731942775 21308958624
1731942776 21308958670
1731942777 21308958670
1731942778 21308958670
1731942779 21308958670
1731942780 21308958670
1731942781 21308958670
1731942782 21308958746
1731942783 21308958746
1731942784 21308958746
1731942785 21308958746
1731942786 21308958746
1731942787 21308958746
1731942788 21308958746
1731942789 21308958746
1731942790 21308958746
1731942791 21308958792
1731942792 21308958792
1731942793 21308958792
1731942794 21308958792
1731942795 21308958792
1731942796 21308958792
1731942797 21308958792
1731942798 21308958868
1731942799 21308958941
1731942800 21308958941
1731942801 21308958941
1731942802 21308958941
1731942803 21308958941
1731942804 21308958941
1731942805 21308958941
1731942806 21308958941
1731942807 21308958941
1731942808 21308958941
1731942809 21308958941
1731942810 21308958941
1731942811 21308970078
1731942812 21308970078
1731942813 21308970078
1731942814 21308970200
1731942815 21308970200
1731942816 21308970200
1731942817 21308970200
1731942818 21308970200
1731942819 21308970200
1731942820 21308970402
1731942821 21308970402
1731942822 21308970402
1731942823 21308977581
1731942824 21308977581
1731942826 21308977581
1731942827 21308977581
1731942828 21308977581
1731942829 21308977581
1731942830 21308977627
1731942831 21308977703
1731942832 21308977703
1731942833 21308977859
1731942834 21308977859
1731942835 21308977859
1731942836 21308977859
1731942837 21308977887
1731942838 21308977887
1731942839 21308977887
1731942840 21308977887
1731942841 21308977887
1731942842 21308977887
1731942843 21308977887
1731942844 21308977963
1731942845 21308978009
1731942846 21308978085
1731942847 21308978237
1731942848 21308978313
1731942849 21308978313
1731942850 21308978313
1731942851 21308978313
1731942852 21308978313
1731942853 21308978386
1731942854 21308978386
1731942855 21308978386
1731942856 21308978386
1731942857 21308978386
1731942858 21308978386
1731942859 21308978386
1731942860 21308978386
1731942861 21308978386
1731942862 21308978386
1731942863 21308978462
1731942864 21308978462
1731942865 21308978462
1731942866 21308978462
1731942867 21308978462
1731942868 21308978508
1731942869 21308978508
1731942870 21308983661
1731942871 21308983661
1731942872 21308983661
1731942873 21308983661
1731942874 21308983661
1731942875 21308983661
1731942876 21308983661
1731942877 21308983661
1731942878 21308983661
1731942879 21308983737
1731942880 21308983737
1731942881 21308983737
1731942882 21308983737
1731942883 21308983783
1731942884 21308983783
1731942885 21308983783
1731942886 21308983783
1731942887 21308983783
1731942888 21308983783
1731942889 21308983783
1731942890 21308983783
1731942891 21308983783
1731942892 21308983783
1731942893 21308983783
1731942894 21308983783
1731942895 21308983859
1731942896 21308983859
1731942897 21308983859
1731942898 21308983887
1731942899 21308983933
1731942900 21308983933
1731942901 21308983933
1731942902 21308983933
1731942903 21308983933
1731942904 21308983933
1731942905 21308983933
1731942906 21308983933
1731942907 21308984006
1731942908 21308984006
1731942909 21308984006
1731942910 21308984006
1731942911 21308984082
1731942912 21308984082
1731942913 21308984082
1731942914 21308984082
1731942915 21308984082
1731942916 21308984082
1731942917 21308984082
1731942918 21308984082
1731942919 21308984082
1731942920 21308984082
1731942921 21308984082
1731942922 21308984128
1731942923 21308984128
1731942924 21308984128
1731942926 21308984128
1731942927 21308984128
1731942928 21308984204
1731942929 21308984204
1731942930 21308984204
1731942931 21308984204
1731942932 21308984204
1731942933 21308984204
1731942934 21308984204
1731942935 21308984204
1731942936 21308984204
1731942937 21308984204
1731942938 21308984250
1731942939 21308984250
1731942940 21308984250
1731942941 21308984250
1731942942 21308984250
1731942943 21308984250
1731942944 21308984326
1731942945 21308984326
1731942946 21308984326
1731942947 21308984326
1731942948 21308984326
1731942949 21308984326
1731942950 21308984326
1731942951 21308984326
1731942952 21308984326
1731942953 21308984326
1731942954 21308984372
1731942955 21308984372
1731942956 21308984372
1731942957 21308984372
1731942958 21308984372
1731942959 21308984428
1731942960 21308984504
1731942961 21308984577
1731942962 21308984577
1731942963 21308984577
1731942964 21308984577
1731942965 21308984577
1731942966 21308984577
1731942967 21308984577
1731942968 21308984577
1731942969 21308984577
1731942970 21308984577
1731942971 21308984577
1731942972 21308984577
1731942973 21308984653
1731942974 21308984653
1731942975 21308984729
1731942976 21308984927
1731942977 21308985003
1731942978 21579508099
1731942979 22843217299
1731942980 24059130861
1731942981 25309105493
1731942982 26247564451
1731942983 28026822507
1731942984 29012604201
1731942985 30006860403
1731942986 30796536445
1731942987 31741083241
1731942988 33511871685
1731942989 34763889157
1731942990 36405568516
1731942991 38396738531
1731942992 39232514889
1731942993 40009956144
1731942994 40773362491
1731942995 41685119743
1731942996 42536337144
1731942997 43527616276
1731942998 44961462398
1731942999 45894219076
1731943000 46270772273
1731943001 46742482404
1731943002 47276259281
1731943003 47747124172
1731943004 48471965718
1731943005 49456192781
1731943006 50978644460
1731943007 51853843508
1731943008 52650539095
1731943009 53288074560
1731943010 54099800584
1731943011 54853042972
1731943012 55613668557
1731943013 56781385541
1731943014 57785937927
1731943015 58803725745
1731943016 59677428727
1731943018 60429151572
1731943019 62197930554
1731943020 62997245154
1731943021 63945380859
1731943022 64785955661
1731943023 65323902923
1731943024 66102694821
1731943025 66951568063
1731943026 67594948052
1731943027 68302073633
