time,bytes_sent
1731942667 10435716
1731942668 10435770
1731942669 10435860
1731942670 10435860
1731942671 10436654
1731942672 10436654
1731942673 10436654
1731942674 10436654
1731942675 10437164
1731942676 10437376
1731942677 10437682
1731942678 10438192
1731942679 10438616
1731942680 10439396
1731942681 10439906
1731942682 10440110
1731942683 10440776
1731942684 10446091
1731942685 10446393
1731942686 10446393
1731942687 10447187
1731942688 10447789
1731942689 10447789
1731942690 10447789
1731942691 10447934
1731942692 10447934
1731942693 10447934
1731942694 10447934
1731942695 10447934
1731942696 10447934
1731942697 10447934
1731942698 10447934
1731942699 10447934
1731942700 10447934
1731942701 10448024
1731942702 10448024
1731942703 10448024
1731942704 10448024
1731942705 10448024
1731942706 10448078
1731942707 10448078
1731942708 10448078
1731942709 10448078
1731942710 10448078
1731942711 10741457
1731942712 11049413
1731942713 11473703
1731942714 12520798
1731942715 13500223
1731942716 13902959
1731942717 14345060
1731942718 14776069
1731942719 15183723
1731942720 15634216
1731942721 16099714
1731942722 16474523
1731942723 17437764
1731942724 18449534
1731942725 20060568
1731942726 22999678
1731942728 25248132
1731942729 27396567
1731942730 29127224
1731942731 30712897
1731942732 32465182
1731942733 33809862
1731942734 35085782
1731942735 35699664
1731942736 36544812
1731942737 37244579
1731942738 37696999
1731942739 38808496
1731942740 40349260
1731942741 41399115
1731942742 41399157
1731942743 41406281
1731942744 41406281
1731942745 41406426
1731942746 42443482
1731942747 42443482
1731942748 42443482
1731942749 42443482
1731942750 42449247
1731942751 42449247
1731942752 42449247
1731942753 42449247
1731942754 42449247
1731942755 42449385
1731942756 42449385
1731942757 42449385
1731942758 42449385
1731942759 42449385
1731942760 42449385
1731942761 42449439
1731942762 42449439
1731942763 42449439
1731942764 42449439
1731942765 42449439
1731942766 42449529
1731942767 42449529
1731942768 42449529
1731942769 42449529
1731942770 42449529
1731942771 42449529
1731942772 42449529
1731942773 42449529
1731942774 42449529
1731942775 42449571
1731942776 42449625
1731942777 42449625
1731942778 42449625
1731942779 42449625
1731942780 42449625
1731942781 42449625
1731942782 42449715
1731942783 42449715
1731942784 42449715
1731942785 42449715
1731942786 42449715
1731942787 42449715
1731942788 42449715
1731942789 42449715
1731942790 42449715
1731942791 42449769
1731942792 42449769
1731942793 42449769
1731942794 42449769
1731942795 42449769
1731942796 42449769
1731942797 42449769
1731942798 42449859
1731942799 42450004
1731942800 42450004
1731942801 42450004
1731942802 42450004
1731942803 42450004
1731942804 42450004
1731942805 42450004
1731942806 42450004
1731942807 42450004
1731942808 42450004
1731942809 42450004
1731942810 42450004
1731942811 42458102
1731942812 42458102
1731942813 42458102
1731942814 42458246
1731942815 42458246
1731942816 42458246
1731942817 42458246
1731942818 42458246
1731942819 42458246
1731942820 42458378
1731942821 42458378
1731942822 42458378
1731942823 42462109
1731942825 42462109
1731942826 42462109
1731942827 42462109
1731942828 42462109
1731942829 42462109
1731942830 42462163
1731942831 42462253
1731942832 42462253
1731942833 42462385
1731942834 42462385
1731942835 42462385
1731942836 42462385
1731942837 42462427
1731942838 42462427
1731942839 42462427
1731942840 42462427
1731942841 42462427
1731942842 42462427
1731942843 42462427
1731942844 42462517
1731942845 42462571
1731942846 42462661
1731942847 42462841
1731942848 42462931
1731942849 42462931
1731942850 42462931
1731942851 42462931
1731942852 42462931
1731942853 42463076
1731942854 42463076
1731942855 42463076
1731942856 42463076
1731942857 42463076
1731942858 42463076
1731942859 42463076
1731942860 42463076
1731942861 42463076
1731942862 42463076
1731942863 42463166
1731942864 42463166
1731942865 42463166
1731942866 42463304
1731942867 42463304
1731942868 42463358
1731942869 42463358
1731942870 42469033
1731942871 42469033
1731942872 42469033
1731942873 42469033
1731942874 42469033
1731942875 42469033
1731942876 42469033
1731942877 42469033
1731942878 42469033
1731942879 42469123
1731942880 42469123
1731942881 42469123
1731942882 42469123
1731942883 42469177
1731942884 42469177
1731942885 42469177
1731942886 42469177
1731942887 42469177
1731942888 42469177
1731942889 42469177
1731942890 42469177
1731942891 42469177
1731942892 42469177
1731942893 42469177
1731942894 42469177
1731942895 42469267
1731942896 42469267
1731942897 42469267
1731942898 42469309
1731942899 42469363
1731942900 42469363
1731942901 42469363
1731942902 42469363
1731942903 42469363
1731942904 42469363
1731942905 42469363
1731942906 42469363
1731942907 42469508
1731942908 42469508
1731942909 42469508
1731942910 42469508
1731942911 42469598
1731942912 42469598
1731942913 42469598
1731942914 42469598
1731942915 42469598
1731942916 42469598
1731942917 42469598
1731942918 42469598
1731942919 42469598
1731942920 42469598
1731942921 42469598
1731942922 42469652
1731942923 42469652
1731942924 42469652
1731942926 42469652
1731942927 42469652
1731942928 42469742
1731942929 42469742
1731942930 42469742
1731942931 42469742
1731942932 42469742
1731942933 42469742
1731942934 42469742
1731942935 42469742
1731942936 42469742
1731942937 42469742
1731942938 42469796
1731942939 42469796
1731942940 42469796
1731942941 42469796
1731942942 42469796
1731942943 42469796
1731942944 42469886
1731942945 42469886
1731942946 42469886
1731942947 42469886
1731942948 42469886
1731942949 42469886
1731942950 42469886
1731942951 42469886
1731942952 42469886
1731942953 42469886
1731942954 42469940
1731942955 42469940
1731942956 42469940
1731942957 42469940
1731942958 42469940
1731942959 42470024
1731942960 42470114
1731942961 42470259
1731942962 42470259
1731942963 42470259
1731942964 42470259
1731942965 42470259
1731942966 42470259
1731942967 42470259
1731942968 42470259
1731942969 42470259
1731942970 42470259
1731942971 42470259
1731942972 42470259
1731942973 42470349
1731942974 42470349
1731942975 42470439
1731942976 42470673
1731942977 42470763
1731942978 42616524
1731942979 43523192
1731942980 44390126
1731942981 45126089
1731942982 45725737
1731942983 46828837
1731942984 47474973
1731942985 48109267
1731942986 48645185
1731942987 49266192
1731942988 50332890
1731942989 51087938
1731942990 52085606
1731942991 53321251
1731942992 55706758
1731942993 57896197
1731942994 60153315
1731942995 62727704
1731942996 65148620
1731942997 67188184
1731942998 68707765
1731942999 70348757
1731943000 71613823
1731943001 73064813
1731943002 74643272
1731943003 76098844
1731943004 76977206
1731943005 77711678
1731943006 79033243
1731943007 81728846
1731943008 84221449
1731943009 86226302
1731943010 88744680
1731943011 91058352
1731943012 93375869
1731943013 95811774
1731943014 98930607
1731943015 101705870
1731943016 103951179
1731943018 106203094
1731943019 109600851
1731943020 111964084
1731943021 115103582
1731943022 117917058
1731943023 119655367
1731943024 122234391
1731943025 125057080
1731943026 127197956
1731943027 129580470
